Entered genlib library with 23 gates from file "data/genlib/mcnc.genlib".
Line 7: Skipping line ".default_input_arrival 0.00 0.00 ".
Line 8: Skipping line ".default_output_required 0.00 0.00 ".
Line 9: Skipping line ".default_input_drive 0.10 0.10 ".
Line 10: Skipping line ".default_output_load 2.00 ".
Line 11: Skipping line ".default_max_input_load 999.00 ".
Original area = 758, original delay = 37.3

round 0
seed = 0 patienceN = 0 patienceM = 0 frameNumber = 64 nLocalPI = 30

0%   10   20   30   40   50   60   70   80   90   100%
|----|----|----|----|----|----|----|----|----|----|
***************************************************
best node [95923] best error 0
time = 9163629
area = 675
delay = 31.8
write_blif appntk/c1908_0_0_675_31.8.blif

round 1
seed = 1567400498 patienceN = 0 patienceM = 0 frameNumber = 64 nLocalPI = 30

0%   10   20   30   40   50   60   70   80   90   100%
|----|----|----|----|----|----|----|----|----|----|
***************************************************
best node n407 best error 0
time = 19377959
area = 681
delay = 33
write_blif appntk/c1908_1_0_681_33.blif

round 2
seed = 1567400507 patienceN = 0 patienceM = 0 frameNumber = 64 nLocalPI = 30

0%   10   20   30   40   50   60   70   80   90   100%
|----|----|----|----|----|----|----|----|----|----|
***************************************************
best node n356 best error 0.000361328
time = 27991456
area = 671
delay = 34.1
write_blif appntk/c1908_2_0.000361328_671_34.1.blif

round 3
seed = 1567400517 patienceN = 0 patienceM = 0 frameNumber = 64 nLocalPI = 30

0%   10   20   30   40   50   60   70   80   90   100%
|----|----|----|----|----|----|----|----|----|----|
***************************************************
best node n296 best error 0.00101562
time = 36093732
area = 671
delay = 32
write_blif appntk/c1908_3_0.00101562_671_32.blif

round 4
seed = 1567400526 patienceN = 0 patienceM = 0 frameNumber = 64 nLocalPI = 30

0%   10   20   30   40   50   60   70   80   90   100%
|----|----|----|----|----|----|----|----|----|----|
***************************************************
best node n362 best error 0.00137695
time = 45313288
area = 667
delay = 33.4
write_blif appntk/c1908_4_0.00137695_667_33.4.blif

round 5
seed = 1567400534 patienceN = 0 patienceM = 0 frameNumber = 64 nLocalPI = 30

0%   10   20   30   40   50   60   70   80   90   100%
|----|----|----|----|----|----|----|----|----|----|
***************************************************
best node n334 best error 0.00194336
time = 53902900
area = 666
delay = 33.1
write_blif appntk/c1908_5_0.00194336_666_33.1.blif

round 6
seed = 1567400543 patienceN = 0 patienceM = 0 frameNumber = 64 nLocalPI = 30

0%   10   20   30   40   50   60   70   80   90   100%
|----|----|----|----|----|----|----|----|----|----|
***************************************************
best node n292 best error 0.00204102
time = 63830031
area = 661
delay = 33.3
write_blif appntk/c1908_6_0.00204102_661_33.3.blif

round 7
seed = 1567400552 patienceN = 0 patienceM = 0 frameNumber = 64 nLocalPI = 30

0%   10   20   30   40   50   60   70   80   90   100%
|----|----|----|----|----|----|----|----|----|----|
***************************************************
best node n343 best error 0.00270508
time = 73956948
area = 650
delay = 33.3
write_blif appntk/c1908_7_0.00270508_650_33.3.blif

round 8
seed = 1567400562 patienceN = 0 patienceM = 0 frameNumber = 64 nLocalPI = 30

0%   10   20   30   40   50   60   70   80   90   100%
|----|----|----|----|----|----|----|----|----|----|
***************************************************
best node n351 best error 0.00301758
time = 83739949
area = 644
delay = 31
write_blif appntk/c1908_8_0.00301758_644_31.blif

round 9
seed = 1567400572 patienceN = 0 patienceM = 0 frameNumber = 64 nLocalPI = 30

0%   10   20   30   40   50   60   70   80   90   100%
|----|----|----|----|----|----|----|----|----|----|
***************************************************
best node n274 best error 0.00375977
time = 93485861
area = 654
delay = 29.1
write_blif appntk/c1908_9_0.00375977_654_29.1.blif

round 10
seed = 1567400582 patienceN = 0 patienceM = 0 frameNumber = 64 nLocalPI = 30

0%   10   20   30   40   50   60   70   80   90   100%
|----|----|----|----|----|----|----|----|----|----|
***************************************************
best node n350 best error 0.00430664
time = 103295056
area = 645
delay = 31.6
write_blif appntk/c1908_10_0.00430664_645_31.6.blif

round 11
seed = 1567400592 patienceN = 0 patienceM = 0 frameNumber = 64 nLocalPI = 30

0%   10   20   30   40   50   60   70   80   90   100%
|----|----|----|----|----|----|----|----|----|----|
***************************************************
best node n326 best error 0.00501953
time = 112743867
area = 645
delay = 30.6
write_blif appntk/c1908_11_0.00501953_645_30.6.blif

round 12
seed = 1567400602 patienceN = 0 patienceM = 0 frameNumber = 64 nLocalPI = 30

0%   10   20   30   40   50   60   70   80   90   100%
|----|----|----|----|----|----|----|----|----|----|
***************************************************
best node n273 best error 0.00509766
time = 122383603
area = 635
delay = 31
write_blif appntk/c1908_12_0.00509766_635_31.blif

round 13
seed = 1567400611 patienceN = 0 patienceM = 0 frameNumber = 64 nLocalPI = 30

0%   10   20   30   40   50   60   70   80   90   100%
|----|----|----|----|----|----|----|----|----|----|
***************************************************
best node n344 best error 0.00548828
time = 130119487
area = 629
delay = 31.7
write_blif appntk/c1908_13_0.00548828_629_31.7.blif

round 14
seed = 1567400621 patienceN = 0 patienceM = 0 frameNumber = 64 nLocalPI = 30

0%   10   20   30   40   50   60   70   80   90   100%
|----|----|----|----|----|----|----|----|----|----|
***************************************************
best node n267 best error 0.00615234
time = 137298966
area = 625
delay = 34.7
write_blif appntk/c1908_14_0.00615234_625_34.7.blif

round 15
seed = 1567400628 patienceN = 0 patienceM = 0 frameNumber = 64 nLocalPI = 30

0%   10   20   30   40   50   60   70   80   90   100%
|----|----|----|----|----|----|----|----|----|----|
***************************************************
best node n301 best error 0.0069043
time = 144206686
area = 613
delay = 31.7
write_blif appntk/c1908_15_0.0069043_613_31.7.blif

round 16
seed = 1567400635 patienceN = 0 patienceM = 0 frameNumber = 64 nLocalPI = 30

0%   10   20   30   40   50   60   70   80   90   100%
|----|----|----|----|----|----|----|----|----|----|
***************************************************
best node n304 best error 0.00757813
time = 150760352
area = 601
delay = 28.8
write_blif appntk/c1908_16_0.00757813_601_28.8.blif

round 17
seed = 1567400642 patienceN = 0 patienceM = 0 frameNumber = 64 nLocalPI = 30

0%   10   20   30   40   50   60   70   80   90   100%
|----|----|----|----|----|----|----|----|----|----|
***************************************************
best node n280 best error 0.00833984
time = 157407588
area = 615
delay = 31
write_blif appntk/c1908_17_0.00833984_615_31.blif

round 18
seed = 1567400649 patienceN = 0 patienceM = 0 frameNumber = 64 nLocalPI = 30

0%   10   20   30   40   50   60   70   80   90   100%
|----|----|----|----|----|----|----|----|----|----|
***************************************************
best node n286 best error 0.0090332
time = 164039733
area = 607
delay = 32.8
write_blif appntk/c1908_18_0.0090332_607_32.8.blif

round 19
seed = 1567400656 patienceN = 0 patienceM = 0 frameNumber = 64 nLocalPI = 30

0%   10   20   30   40   50   60   70   80   90   100%
|----|----|----|----|----|----|----|----|----|----|
***************************************************
best node n322 best error 0.00979492
time = 170763486
area = 619
delay = 31.5
write_blif appntk/c1908_19_0.00979492_619_31.5.blif

round 20
seed = 1567400662 patienceN = 0 patienceM = 0 frameNumber = 64 nLocalPI = 30

0%   10   20   30   40   50   60   70   80   90   100%
|----|----|----|----|----|----|----|----|----|----|
***************************************************
best node n266 best error 0.00989258
time = 177277642
area = 607
delay = 31.4
write_blif appntk/c1908_20_0.00989258_607_31.4.blif

round 21
seed = 1567400669 patienceN = 0 patienceM = 0 frameNumber = 64 nLocalPI = 30

0%   10   20   30   40   50   60   70   80   90   100%
|----|----|----|----|----|----|----|----|----|----|
***************************************************
best node n346 best error 0.0105469
time = 183527766
area = 586
delay = 37.4
write_blif appntk/c1908_21_0.0105469_586_37.4.blif

round 22
seed = 1567400675 patienceN = 0 patienceM = 0 frameNumber = 64 nLocalPI = 30

0%   10   20   30   40   50   60   70   80   90   100%
|----|----|----|----|----|----|----|----|----|----|
***************************************************
best node n272 best error 0.0112109
time = 189324457
area = 584
delay = 31.2
write_blif appntk/c1908_22_0.0112109_584_31.2.blif

round 23
seed = 1567400682 patienceN = 0 patienceM = 0 frameNumber = 64 nLocalPI = 30

0%   10   20   30   40   50   60   70   80   90   100%
|----|----|----|----|----|----|----|----|----|----|
***************************************************
best node n342 best error 0.0118066
time = 195347340
area = 597
delay = 30.7
write_blif appntk/c1908_23_0.0118066_597_30.7.blif

round 24
seed = 1567400688 patienceN = 0 patienceM = 0 frameNumber = 64 nLocalPI = 30

0%   10   20   30   40   50   60   70   80   90   100%
|----|----|----|----|----|----|----|----|----|----|
***************************************************
best node n246 best error 0.0123242
time = 201213042
area = 592
delay = 30.7
write_blif appntk/c1908_24_0.0123242_592_30.7.blif

round 25
seed = 1567400694 patienceN = 0 patienceM = 0 frameNumber = 64 nLocalPI = 30

0%   10   20   30   40   50   60   70   80   90   100%
|----|----|----|----|----|----|----|----|----|----|
***************************************************
best node n307 best error 0.0126758
time = 207282774
area = 585
delay = 31.8
write_blif appntk/c1908_25_0.0126758_585_31.8.blif

round 26
seed = 1567400700 patienceN = 0 patienceM = 0 frameNumber = 64 nLocalPI = 30

0%   10   20   30   40   50   60   70   80   90   100%
|----|----|----|----|----|----|----|----|----|----|
***************************************************
best node n244 best error 0.0127832
time = 213078621
area = 574
delay = 37.2
write_blif appntk/c1908_26_0.0127832_574_37.2.blif

round 27
seed = 1567400706 patienceN = 0 patienceM = 0 frameNumber = 64 nLocalPI = 30

0%   10   20   30   40   50   60   70   80   90   100%
|----|----|----|----|----|----|----|----|----|----|
***************************************************
best node n269 best error 0.0133789
time = 218692885
area = 560
delay = 35.8
write_blif appntk/c1908_27_0.0133789_560_35.8.blif

round 28
seed = 1567400711 patienceN = 0 patienceM = 0 frameNumber = 64 nLocalPI = 30

0%   10   20   30   40   50   60   70   80   90   100%
|----|----|----|----|----|----|----|----|----|----|
***************************************************
best node n302 best error 0.0139258
time = 223679572
area = 553
delay = 33.9
write_blif appntk/c1908_28_0.0139258_553_33.9.blif

round 29
seed = 1567400717 patienceN = 0 patienceM = 0 frameNumber = 64 nLocalPI = 30

0%   10   20   30   40   50   60   70   80   90   100%
|----|----|----|----|----|----|----|----|----|----|
***************************************************
best node n277 best error 0.0140234
time = 229135525
area = 545
delay = 35.8
write_blif appntk/c1908_29_0.0140234_545_35.8.blif

round 30
seed = 1567400722 patienceN = 0 patienceM = 0 frameNumber = 64 nLocalPI = 30

0%   10   20   30   40   50   60   70   80   90   100%
|----|----|----|----|----|----|----|----|----|----|
***************************************************
best node n282 best error 0.0147852
time = 233986108
area = 542
delay = 33.7
write_blif appntk/c1908_30_0.0147852_542_33.7.blif

round 31
seed = 1567400727 patienceN = 0 patienceM = 0 frameNumber = 64 nLocalPI = 30

0%   10   20   30   40   50   60   70   80   90   100%
|----|----|----|----|----|----|----|----|----|----|
***************************************************
best node n232 best error 0.0155664
time = 238870963
area = 540
delay = 35.6
write_blif appntk/c1908_31_0.0155664_540_35.6.blif

round 32
seed = 1567400732 patienceN = 0 patienceM = 0 frameNumber = 64 nLocalPI = 30

0%   10   20   30   40   50   60   70   80   90   100%
|----|----|----|----|----|----|----|----|----|----|
***************************************************
best node n290 best error 0.0162402
time = 244026914
area = 537
delay = 33.7
write_blif appntk/c1908_32_0.0162402_537_33.7.blif

round 33
seed = 1567400737 patienceN = 0 patienceM = 0 frameNumber = 64 nLocalPI = 30

0%   10   20   30   40   50   60   70   80   90   100%
|----|----|----|----|----|----|----|----|----|----|
***************************************************
best node n232 best error 0.0163281
time = 248534410
area = 538
delay = 36.8
write_blif appntk/c1908_33_0.0163281_538_36.8.blif

round 34
seed = 1567400742 patienceN = 0 patienceM = 0 frameNumber = 64 nLocalPI = 30

0%   10   20   30   40   50   60   70   80   90   100%
|----|----|----|----|----|----|----|----|----|----|
***************************************************
best node n251 best error 0.0170996
time = 253219700
area = 538
delay = 35.6
write_blif appntk/c1908_34_0.0170996_538_35.6.blif

round 35
seed = 1567400747 patienceN = 0 patienceM = 0 frameNumber = 64 nLocalPI = 30

0%   10   20   30   40   50   60   70   80   90   100%
|----|----|----|----|----|----|----|----|----|----|
***************************************************
best node n288 best error 0.0178223
time = 257820996
area = 532
delay = 35.6
write_blif appntk/c1908_35_0.0178223_532_35.6.blif

round 36
seed = 1567400752 patienceN = 0 patienceM = 0 frameNumber = 64 nLocalPI = 30

0%   10   20   30   40   50   60   70   80   90   100%
|----|----|----|----|----|----|----|----|----|----|
***************************************************
best node n250 best error 0.0179004
time = 262367232
area = 533
delay = 34.3
write_blif appntk/c1908_36_0.0179004_533_34.3.blif

round 37
seed = 1567400756 patienceN = 0 patienceM = 0 frameNumber = 64 nLocalPI = 30

0%   10   20   30   40   50   60   70   80   90   100%
|----|----|----|----|----|----|----|----|----|----|
***************************************************
best node n335 best error 0.018584
time = 266751628
area = 529
delay = 35.6
write_blif appntk/c1908_37_0.018584_529_35.6.blif

round 38
seed = 1567400761 patienceN = 0 patienceM = 0 frameNumber = 64 nLocalPI = 30

0%   10   20   30   40   50   60   70   80   90   100%
|----|----|----|----|----|----|----|----|----|----|
***************************************************
best node n270 best error 0.0191699
time = 271103874
area = 525
delay = 34.5
write_blif appntk/c1908_38_0.0191699_525_34.5.blif

round 39
seed = 1567400765 patienceN = 0 patienceM = 0 frameNumber = 64 nLocalPI = 30

0%   10   20   30   40   50   60   70   80   90   100%
|----|----|----|----|----|----|----|----|----|----|
***************************************************
best node n296 best error 0.0197656
time = 275181943
area = 523
delay = 35.6
write_blif appntk/c1908_39_0.0197656_523_35.6.blif

round 40
seed = 1567400769 patienceN = 0 patienceM = 0 frameNumber = 64 nLocalPI = 30

0%   10   20   30   40   50   60   70   80   90   100%
|----|----|----|----|----|----|----|----|----|----|
***************************************************
best node n333 best error 0.0200684
time = 279376272
area = 518
delay = 34.6
write_blif appntk/c1908_40_0.0200684_518_34.6.blif

round 41
seed = 1567400774 patienceN = 0 patienceM = 0 frameNumber = 64 nLocalPI = 30

0%   10   20   30   40   50   60   70   80   90   100%
|----|----|----|----|----|----|----|----|----|----|
***************************************************
best node n285 best error 0.0204883
time = 283277193
area = 515
delay = 32.5
write_blif appntk/c1908_41_0.0204883_515_32.5.blif

round 42
seed = 1567400778 patienceN = 0 patienceM = 0 frameNumber = 64 nLocalPI = 30

0%   10   20   30   40   50   60   70   80   90   100%
|----|----|----|----|----|----|----|----|----|----|
***************************************************
best node n268 best error 0.0206055
time = 287437001
area = 511
delay = 37.1
write_blif appntk/c1908_42_0.0206055_511_37.1.blif

round 43
seed = 1567400782 patienceN = 0 patienceM = 0 frameNumber = 64 nLocalPI = 30

0%   10   20   30   40   50   60   70   80   90   100%
|----|----|----|----|----|----|----|----|----|----|
***************************************************
best node n247 best error 0.0210938
time = 291326284
area = 521
delay = 27.6
write_blif appntk/c1908_43_0.0210938_521_27.6.blif

round 44
seed = 1567400786 patienceN = 0 patienceM = 0 frameNumber = 64 nLocalPI = 30

0%   10   20   30   40   50   60   70   80   90   100%
|----|----|----|----|----|----|----|----|----|----|
***************************************************
best node n299 best error 0.0216113
time = 294890449
area = 504
delay = 37.1
write_blif appntk/c1908_44_0.0216113_504_37.1.blif

round 45
seed = 1567400790 patienceN = 0 patienceM = 0 frameNumber = 64 nLocalPI = 30

0%   10   20   30   40   50   60   70   80   90   100%
|----|----|----|----|----|----|----|----|----|----|
***************************************************
best node n302 best error 0.0219434
time = 298501892
area = 502
delay = 36.7
write_blif appntk/c1908_45_0.0219434_502_36.7.blif

round 46
seed = 1567400793 patienceN = 0 patienceM = 0 frameNumber = 64 nLocalPI = 30

0%   10   20   30   40   50   60   70   80   90   100%
|----|----|----|----|----|----|----|----|----|----|
***************************************************
best node n305 best error 0.0222266
time = 301901141
area = 499
delay = 36.2
write_blif appntk/c1908_46_0.0222266_499_36.2.blif

round 47
seed = 1567400797 patienceN = 0 patienceM = 0 frameNumber = 64 nLocalPI = 30

0%   10   20   30   40   50   60   70   80   90   100%
|----|----|----|----|----|----|----|----|----|----|
***************************************************
best node n293 best error 0.0223828
time = 305418648
area = 487
delay = 35.5
write_blif appntk/c1908_47_0.0223828_487_35.5.blif

round 48
seed = 1567400800 patienceN = 0 patienceM = 0 frameNumber = 64 nLocalPI = 30

0%   10   20   30   40   50   60   70   80   90   100%
|----|----|----|----|----|----|----|----|----|----|
***************************************************
best node n297 best error 0.0225684
time = 308595053
area = 487
delay = 33.3
write_blif appntk/c1908_48_0.0225684_487_33.3.blif

round 49
seed = 1567400804 patienceN = 0 patienceM = 0 frameNumber = 64 nLocalPI = 30

0%   10   20   30   40   50   60   70   80   90   100%
|----|----|----|----|----|----|----|----|----|----|
***************************************************
best node n298 best error 0.0225684
time = 311844645
area = 484
delay = 33.2
write_blif appntk/c1908_49_0.0225684_484_33.2.blif

round 50
seed = 1567400807 patienceN = 0 patienceM = 0 frameNumber = 64 nLocalPI = 30

0%   10   20   30   40   50   60   70   80   90   100%
|----|----|----|----|----|----|----|----|----|----|
***************************************************
best node n296 best error 0.0227637
time = 315099992
area = 480
delay = 33.2
write_blif appntk/c1908_50_0.0227637_480_33.2.blif

round 51
seed = 1567400810 patienceN = 0 patienceM = 0 frameNumber = 64 nLocalPI = 30

0%   10   20   30   40   50   60   70   80   90   100%
|----|----|----|----|----|----|----|----|----|----|
***************************************************
best node n290 best error 0.0228809
time = 318036989
area = 477
delay = 32.8
write_blif appntk/c1908_51_0.0228809_477_32.8.blif

round 52
seed = 1567400813 patienceN = 0 patienceM = 0 frameNumber = 64 nLocalPI = 30

0%   10   20   30   40   50   60   70   80   90   100%
|----|----|----|----|----|----|----|----|----|----|
***************************************************
best node n287 best error 0.022998
time = 321061116
area = 469
delay = 33.2
write_blif appntk/c1908_52_0.022998_469_33.2.blif

round 53
seed = 1567400816 patienceN = 0 patienceM = 0 frameNumber = 64 nLocalPI = 30

0%   10   20   30   40   50   60   70   80   90   100%
|----|----|----|----|----|----|----|----|----|----|
***************************************************
best node n185 best error 0.0235254
time = 323552530
area = 460
delay = 33.2
write_blif appntk/c1908_53_0.0235254_460_33.2.blif

round 54
seed = 1567400819 patienceN = 0 patienceM = 0 frameNumber = 64 nLocalPI = 30

0%   10   20   30   40   50   60   70   80   90   100%
|----|----|----|----|----|----|----|----|----|----|
***************************************************
best node n242 best error 0.0240137
time = 326330687
area = 455
delay = 36.6
write_blif appntk/c1908_54_0.0240137_455_36.6.blif

round 55
seed = 1567400822 patienceN = 0 patienceM = 0 frameNumber = 64 nLocalPI = 30

0%   10   20   30   40   50   60   70   80   90   100%
|----|----|----|----|----|----|----|----|----|----|
***************************************************
best node n228 best error 0.0244531
time = 329019024
area = 451
delay = 34.9
write_blif appntk/c1908_55_0.0244531_451_34.9.blif

round 56
seed = 1567400825 patienceN = 0 patienceM = 0 frameNumber = 64 nLocalPI = 30

0%   10   20   30   40   50   60   70   80   90   100%
|----|----|----|----|----|----|----|----|----|----|
***************************************************
best node n227 best error 0.0249512
time = 331330346
area = 439
delay = 36.6
write_blif appntk/c1908_56_0.0249512_439_36.6.blif

round 57
seed = 1567400827 patienceN = 0 patienceM = 0 frameNumber = 64 nLocalPI = 30

0%   10   20   30   40   50   60   70   80   90   100%
|----|----|----|----|----|----|----|----|----|----|
***************************************************
best node n228 best error 0.0254199
time = 333620723
area = 440
delay = 36.2
write_blif appntk/c1908_57_0.0254199_440_36.2.blif

round 58
seed = 1567400830 patienceN = 0 patienceM = 0 frameNumber = 64 nLocalPI = 30

0%   10   20   30   40   50   60   70   80   90   100%
|----|----|----|----|----|----|----|----|----|----|
***************************************************
best node n227 best error 0.0259277
time = 335795911
area = 423
delay = 33.8
write_blif appntk/c1908_58_0.0259277_423_33.8.blif

round 59
seed = 1567400832 patienceN = 0 patienceM = 0 frameNumber = 64 nLocalPI = 30

0%   10   20   30   40   50   60   70   80   90   100%
|----|----|----|----|----|----|----|----|----|----|
***************************************************
best node n231 best error 0.0264355
time = 337780864
area = 419
delay = 33.4
write_blif appntk/c1908_59_0.0264355_419_33.4.blif

round 60
seed = 1567400834 patienceN = 0 patienceM = 0 frameNumber = 64 nLocalPI = 30

0%   10   20   30   40   50   60   70   80   90   100%
|----|----|----|----|----|----|----|----|----|----|
***************************************************
best node n242 best error 0.0268848
time = 339695340
area = 421
delay = 32.5
write_blif appntk/c1908_60_0.0268848_421_32.5.blif

round 61
seed = 1567400836 patienceN = 0 patienceM = 0 frameNumber = 64 nLocalPI = 30

0%   10   20   30   40   50   60   70   80   90   100%
|----|----|----|----|----|----|----|----|----|----|
***************************************************
best node n230 best error 0.0269922
time = 341787260
area = 410
delay = 31.9
write_blif appntk/c1908_61_0.0269922_410_31.9.blif

round 62
seed = 1567400838 patienceN = 0 patienceM = 0 frameNumber = 64 nLocalPI = 30

0%   10   20   30   40   50   60   70   80   90   100%
|----|----|----|----|----|----|----|----|----|----|
***************************************************
best node n251 best error 0.0275586
time = 343438006
area = 406
delay = 31.9
write_blif appntk/c1908_62_0.0275586_406_31.9.blif

round 63
seed = 1567400840 patienceN = 0 patienceM = 0 frameNumber = 64 nLocalPI = 30

0%   10   20   30   40   50   60   70   80   90   100%
|----|----|----|----|----|----|----|----|----|----|
***************************************************
best node n230 best error 0.0276172
time = 345302316
area = 402
delay = 31
write_blif appntk/c1908_63_0.0276172_402_31.blif

round 64
seed = 1567400842 patienceN = 0 patienceM = 0 frameNumber = 64 nLocalPI = 30

0%   10   20   30   40   50   60   70   80   90   100%
|----|----|----|----|----|----|----|----|----|----|
***************************************************
best node n245 best error 0.0280957
time = 346723967
area = 399
delay = 29.2
write_blif appntk/c1908_64_0.0280957_399_29.2.blif

round 65
seed = 1567400844 patienceN = 0 patienceM = 0 frameNumber = 64 nLocalPI = 30

0%   10   20   30   40   50   60   70   80   90   100%
|----|----|----|----|----|----|----|----|----|----|
***************************************************
best node n263 best error 0.0280957
time = 348162715
area = 400
delay = 28.7
write_blif appntk/c1908_65_0.0280957_400_28.7.blif

round 66
seed = 1567400845 patienceN = 0 patienceM = 0 frameNumber = 64 nLocalPI = 30

0%   10   20   30   40   50   60   70   80   90   100%
|----|----|----|----|----|----|----|----|----|----|
***************************************************
best node n230 best error 0.0281934
time = 349555442
area = 374
delay = 24.6
write_blif appntk/c1908_66_0.0281934_374_24.6.blif

round 67
seed = 1567400847 patienceN = 0 patienceM = 0 frameNumber = 64 nLocalPI = 30

0%   10   20   30   40   50   60   70   80   90   100%
|----|----|----|----|----|----|----|----|----|----|
***************************************************
best node n100 best error 0.0287598
time = 350747524
area = 366
delay = 24.6
write_blif appntk/c1908_67_0.0287598_366_24.6.blif

round 68
seed = 1567400848 patienceN = 0 patienceM = 0 frameNumber = 64 nLocalPI = 30

0%   10   20   30   40   50   60   70   80   90   100%
|----|----|----|----|----|----|----|----|----|----|
***************************************************
best node n233 best error 0.03
time = 351767903
area = 361
delay = 25.6
write_blif appntk/c1908_68_0.03_361_25.6.blif

round 69
seed = 1567400849 patienceN = 0 patienceM = 0 frameNumber = 64 nLocalPI = 30

0%   10   20   30   40   50   60   70   80   90   100%
|----|----|----|----|----|----|----|----|----|----|
***************************************************
best node n223 best error 0.0323633
time = 352700398
area = 356
delay = 25.3
write_blif appntk/c1908_69_0.0323633_356_25.3.blif

round 70
seed = 1567400850 patienceN = 0 patienceM = 0 frameNumber = 64 nLocalPI = 30

0%   10   20   30   40   50   60   70   80   90   100%
|----|----|----|----|----|----|----|----|----|----|
***************************************************
best node n225 best error 0.0333496
time = 353599911
area = 349
delay = 22
write_blif appntk/c1908_70_0.0333496_349_22.blif

round 71
seed = 1567400851 patienceN = 0 patienceM = 0 frameNumber = 64 nLocalPI = 30

0%   10   20   30   40   50   60   70   80   90   100%
|----|----|----|----|----|----|----|----|----|----|
***************************************************
best node n224 best error 0.0353809
time = 354440720
area = 324
delay = 22
write_blif appntk/c1908_71_0.0353809_324_22.blif

round 72
seed = 1567400852 patienceN = 0 patienceM = 0 frameNumber = 64 nLocalPI = 30

0%   10   20   30   40   50   60   70   80   90   100%
|----|----|----|----|----|----|----|----|----|----|
***************************************************
best node n155 best error 0.0369141
time = 354996404
area = 320
delay = 20.9
write_blif appntk/c1908_72_0.0369141_320_20.9.blif

round 73
seed = 1567400853 patienceN = 0 patienceM = 0 frameNumber = 64 nLocalPI = 30

0%   10   20   30   40   50   60   70   80   90   100%
|----|----|----|----|----|----|----|----|----|----|
***************************************************
best node n155 best error 0.0436719
time = 355532398
area = 309
delay = 16.9
write_blif appntk/c1908_73_0.0436719_309_16.9.blif

round 74
seed = 1567400853 patienceN = 0 patienceM = 0 frameNumber = 64 nLocalPI = 30

0%   10   20   30   40   50   60   70   80   90   100%
|----|----|----|----|----|----|----|----|----|----|
***************************************************
change patienceN
time = 355985231
area = 310
delay = 18.7
write_blif appntk/c1908_74_0.0436719_310_18.7.blif

round 75
seed = 1567400854 patienceN = 1 patienceM = 0 frameNumber = 64 nLocalPI = 30

0%   10   20   30   40   50   60   70   80   90   100%
|----|----|----|----|----|----|----|----|----|----|
***************************************************
change patienceN
time = 356435253
area = 309
delay = 17
write_blif appntk/c1908_75_0.0436719_309_17.blif

round 76
seed = 1567400854 patienceN = 2 patienceM = 0 frameNumber = 64 nLocalPI = 30

0%   10   20   30   40   50   60   70   80   90   100%
|----|----|----|----|----|----|----|----|----|----|
***************************************************
change patienceN
time = 356882918
area = 310
delay = 18.7
write_blif appntk/c1908_76_0.0436719_310_18.7.blif

round 77
seed = 1567400855 patienceN = 0 patienceM = 0 frameNumber = 32 nLocalPI = 30

0%   10   20   30   40   50   60   70   80   90   100%
|----|----|----|----|----|----|----|----|----|----|
***************************************************
best node n130 best error 0.04125
time = 357380424
area = 306
delay = 18.6
write_blif appntk/c1908_77_0.04125_306_18.6.blif

round 78
seed = 1567400855 patienceN = 0 patienceM = 0 frameNumber = 32 nLocalPI = 30

0%   10   20   30   40   50   60   70   80   90   100%
|----|----|----|----|----|----|----|----|----|----|
***************************************************
best node n129 best error 0.0371289
time = 357952649
area = 284
delay = 16.2
write_blif appntk/c1908_78_0.0371289_284_16.2.blif

round 79
seed = 1567400856 patienceN = 0 patienceM = 0 frameNumber = 32 nLocalPI = 30

0%   10   20   30   40   50   60   70   80   90   100%
|----|----|----|----|----|----|----|----|----|----|
***************************************************
change patienceN
time = 358273392
area = 283
delay = 16.1
write_blif appntk/c1908_79_0.0371289_283_16.1.blif

round 80
seed = 1567400856 patienceN = 1 patienceM = 0 frameNumber = 32 nLocalPI = 30

0%   10   20   30   40   50   60   70   80   90   100%
|----|----|----|----|----|----|----|----|----|----|
***************************************************
change patienceM
time = 358626849
area = 284
delay = 16
write_blif appntk/c1908_80_0.0371289_284_16.blif

round 81
seed = 1567400857 patienceN = 1 patienceM = 1 frameNumber = 32 nLocalPI = 30

0%   10   20   30   40   50   60   70   80   90   100%
|----|----|----|----|----|----|----|----|----|----|
***************************************************
change patienceN
time = 358942822
area = 284
delay = 16.1
write_blif appntk/c1908_81_0.0371289_284_16.1.blif

round 82
seed = 1567400857 patienceN = 2 patienceM = 1 frameNumber = 32 nLocalPI = 30

0%   10   20   30   40   50   60   70   80   90   100%
|----|----|----|----|----|----|----|----|----|----|
***************************************************
change patienceN
time = 359256068
area = 287
delay = 16.1
write_blif appntk/c1908_82_0.0371289_287_16.1.blif

round 83
seed = 1567400857 patienceN = 0 patienceM = 0 frameNumber = 16 nLocalPI = 30

0%   10   20   30   40   50   60   70   80   90   100%
|----|----|----|----|----|----|----|----|----|----|
***************************************************
change patienceM
time = 359966121
area = 282
delay = 14.4
write_blif appntk/c1908_83_0.0371289_282_14.4.blif

round 84
seed = 1567400858 patienceN = 0 patienceM = 1 frameNumber = 16 nLocalPI = 30

0%   10   20   30   40   50   60   70   80   90   100%
|----|----|----|----|----|----|----|----|----|----|
***************************************************
change patienceM
time = 360846082
area = 282
delay = 13.8
write_blif appntk/c1908_84_0.0371289_282_13.8.blif

round 85
seed = 1567400858 patienceN = 0 patienceM = 2 frameNumber = 16 nLocalPI = 30

0%   10   20   30   40   50   60   70   80   90   100%
|----|----|----|----|----|----|----|----|----|----|
***************************************************
change patienceM
time = 361514438
area = 283
delay = 16
write_blif appntk/c1908_85_0.0371289_283_16.blif

round 86
seed = 1567400859 patienceN = 0 patienceM = 0 frameNumber = 16 nLocalPI = 29

0%   10   20   30   40   50   60   70   80   90   100%
|----|----|----|----|----|----|----|----|----|----|
***************************************************
change patienceM
time = 362261619
area = 279
delay = 16.7
write_blif appntk/c1908_86_0.0371289_279_16.7.blif

round 87
seed = 1567400860 patienceN = 0 patienceM = 1 frameNumber = 16 nLocalPI = 29

0%   10   20   30   40   50   60   70   80   90   100%
|----|----|----|----|----|----|----|----|----|----|
***************************************************
change patienceM
time = 363431188
area = 279
delay = 15.9
write_blif appntk/c1908_87_0.0371289_279_15.9.blif

round 88
seed = 1567400861 patienceN = 0 patienceM = 2 frameNumber = 16 nLocalPI = 29

0%   10   20   30   40   50   60   70   80   90   100%
|----|----|----|----|----|----|----|----|----|----|
***************************************************
change patienceM
time = 364341188
area = 282
delay = 16
write_blif appntk/c1908_88_0.0371289_282_16.blif

round 89
seed = 1567400862 patienceN = 0 patienceM = 0 frameNumber = 16 nLocalPI = 28

0%   10   20   30   40   50   60   70   80   90   100%
|----|----|----|----|----|----|----|----|----|----|
***************************************************
change patienceM
time = 365684169
area = 286
delay = 15.9
write_blif appntk/c1908_89_0.0371289_286_15.9.blif

round 90
seed = 1567400863 patienceN = 0 patienceM = 1 frameNumber = 16 nLocalPI = 28

0%   10   20   30   40   50   60   70   80   90   100%
|----|----|----|----|----|----|----|----|----|----|
***************************************************
change patienceM
time = 366691625
area = 281
delay = 15.9
write_blif appntk/c1908_90_0.0371289_281_15.9.blif

round 91
seed = 1567400864 patienceN = 0 patienceM = 2 frameNumber = 16 nLocalPI = 28

0%   10   20   30   40   50   60   70   80   90   100%
|----|----|----|----|----|----|----|----|----|----|
***************************************************
change patienceM
time = 367693443
area = 285
delay = 15.9
write_blif appntk/c1908_91_0.0371289_285_15.9.blif

round 92
seed = 1567400865 patienceN = 0 patienceM = 0 frameNumber = 16 nLocalPI = 27

0%   10   20   30   40   50   60   70   80   90   100%
|----|----|----|----|----|----|----|----|----|----|
***************************************************
change patienceM
time = 368954081
area = 281
delay = 15.9
write_blif appntk/c1908_92_0.0371289_281_15.9.blif

round 93
seed = 1567400866 patienceN = 0 patienceM = 1 frameNumber = 16 nLocalPI = 27

0%   10   20   30   40   50   60   70   80   90   100%
|----|----|----|----|----|----|----|----|----|----|
***************************************************
change patienceM
time = 370121795
area = 285
delay = 15.9
write_blif appntk/c1908_93_0.0371289_285_15.9.blif

round 94
seed = 1567400867 patienceN = 0 patienceM = 2 frameNumber = 16 nLocalPI = 27

0%   10   20   30   40   50   60   70   80   90   100%
|----|----|----|----|----|----|----|----|----|----|
***************************************************
change patienceM
time = 370991637
area = 281
delay = 15.9
write_blif appntk/c1908_94_0.0371289_281_15.9.blif

round 95
seed = 1567400868 patienceN = 0 patienceM = 0 frameNumber = 16 nLocalPI = 26

0%   10   20   30   40   50   60   70   80   90   100%
|----|----|----|----|----|----|----|----|----|----|
***************************************************
change patienceM
time = 372118844
area = 285
delay = 15.9
write_blif appntk/c1908_95_0.0371289_285_15.9.blif

round 96
seed = 1567400869 patienceN = 0 patienceM = 1 frameNumber = 16 nLocalPI = 26

0%   10   20   30   40   50   60   70   80   90   100%
|----|----|----|----|----|----|----|----|----|----|
***************************************************
change patienceM
time = 372860974
area = 281
delay = 15.9
write_blif appntk/c1908_96_0.0371289_281_15.9.blif

round 97
seed = 1567400870 patienceN = 0 patienceM = 2 frameNumber = 16 nLocalPI = 26

0%   10   20   30   40   50   60   70   80   90   100%
|----|----|----|----|----|----|----|----|----|----|
***************************************************
change patienceM
time = 373688580
area = 285
delay = 15.9
write_blif appntk/c1908_97_0.0371289_285_15.9.blif

round 98
seed = 1567400871 patienceN = 0 patienceM = 0 frameNumber = 16 nLocalPI = 25

0%   10   20   30   40   50   60   70   80   90   100%
|----|----|----|----|----|----|----|----|----|----|
***************************************************
change patienceM
time = 374855247
area = 281
delay = 15.9
write_blif appntk/c1908_98_0.0371289_281_15.9.blif

round 99
seed = 1567400872 patienceN = 0 patienceM = 1 frameNumber = 16 nLocalPI = 25

0%   10   20   30   40   50   60   70   80   90   100%
|----|----|----|----|----|----|----|----|----|----|
***************************************************
change patienceM
time = 375770192
area = 285
delay = 15.9
write_blif appntk/c1908_99_0.0371289_285_15.9.blif

round 100
seed = 1567400873 patienceN = 0 patienceM = 2 frameNumber = 16 nLocalPI = 25

0%   10   20   30   40   50   60   70   80   90   100%
|----|----|----|----|----|----|----|----|----|----|
***************************************************
change patienceM
time = 376936979
area = 281
delay = 15.9
write_blif appntk/c1908_100_0.0371289_281_15.9.blif

round 101
seed = 1567400874 patienceN = 0 patienceM = 0 frameNumber = 16 nLocalPI = 24

0%   10   20   30   40   50   60   70   80   90   100%
|----|----|----|----|----|----|----|----|----|----|
***************************************************
change patienceM
time = 378147758
area = 285
delay = 15.9
write_blif appntk/c1908_101_0.0371289_285_15.9.blif

round 102
seed = 1567400875 patienceN = 0 patienceM = 1 frameNumber = 16 nLocalPI = 24

0%   10   20   30   40   50   60   70   80   90   100%
|----|----|----|----|----|----|----|----|----|----|
***************************************************
change patienceM
time = 379311662
area = 281
delay = 15.9
write_blif appntk/c1908_102_0.0371289_281_15.9.blif

round 103
seed = 1567400876 patienceN = 0 patienceM = 2 frameNumber = 16 nLocalPI = 24

0%   10   20   30   40   50   60   70   80   90   100%
|----|----|----|----|----|----|----|----|----|----|
***************************************************
change patienceM
time = 379871266
area = 285
delay = 15.9
write_blif appntk/c1908_103_0.0371289_285_15.9.blif

round 104
seed = 1567400878 patienceN = 0 patienceM = 0 frameNumber = 16 nLocalPI = 23

0%   10   20   30   40   50   60   70   80   90   100%
|----|----|----|----|----|----|----|----|----|----|
***************************************************
change patienceM
time = 380214987
area = 281
delay = 15.9
write_blif appntk/c1908_104_0.0371289_281_15.9.blif

round 105
seed = 1567400878 patienceN = 0 patienceM = 1 frameNumber = 16 nLocalPI = 23

0%   10   20   30   40   50   60   70   80   90   100%
|----|----|----|----|----|----|----|----|----|----|
***************************************************
change patienceM
time = 380775241
area = 285
delay = 15.9
write_blif appntk/c1908_105_0.0371289_285_15.9.blif

round 106
seed = 1567400878 patienceN = 0 patienceM = 2 frameNumber = 16 nLocalPI = 23

0%   10   20   30   40   50   60   70   80   90   100%
|----|----|----|----|----|----|----|----|----|----|
***************************************************
change patienceM
time = 381982234
area = 281
delay = 15.9
write_blif appntk/c1908_106_0.0371289_281_15.9.blif

round 107
seed = 1567400879 patienceN = 0 patienceM = 0 frameNumber = 16 nLocalPI = 22

0%   10   20   30   40   50   60   70   80   90   100%
|----|----|----|----|----|----|----|----|----|----|
***************************************************
change patienceM
time = 382890673
area = 285
delay = 15.9
write_blif appntk/c1908_107_0.0371289_285_15.9.blif

round 108
seed = 1567400880 patienceN = 0 patienceM = 1 frameNumber = 16 nLocalPI = 22

0%   10   20   30   40   50   60   70   80   90   100%
|----|----|----|----|----|----|----|----|----|----|
***************************************************
change patienceM
time = 383798527
area = 281
delay = 15.9
write_blif appntk/c1908_108_0.0371289_281_15.9.blif

round 109
seed = 1567400881 patienceN = 0 patienceM = 2 frameNumber = 16 nLocalPI = 22

0%   10   20   30   40   50   60   70   80   90   100%
|----|----|----|----|----|----|----|----|----|----|
***************************************************
change patienceM
time = 384964102
area = 285
delay = 15.9
write_blif appntk/c1908_109_0.0371289_285_15.9.blif

round 110
seed = 1567400882 patienceN = 0 patienceM = 0 frameNumber = 16 nLocalPI = 21

0%   10   20   30   40   50   60   70   80   90   100%
|----|----|----|----|----|----|----|----|----|----|
***************************************************
change patienceM
time = 385617399
area = 281
delay = 15.9
write_blif appntk/c1908_110_0.0371289_281_15.9.blif

round 111
seed = 1567400883 patienceN = 0 patienceM = 1 frameNumber = 16 nLocalPI = 21

0%   10   20   30   40   50   60   70   80   90   100%
|----|----|----|----|----|----|----|----|----|----|
***************************************************
change patienceM
time = 386870353
area = 285
delay = 15.9
write_blif appntk/c1908_111_0.0371289_285_15.9.blif

round 112
seed = 1567400884 patienceN = 0 patienceM = 2 frameNumber = 16 nLocalPI = 21

0%   10   20   30   40   50   60   70   80   90   100%
|----|----|----|----|----|----|----|----|----|----|
***************************************************
change patienceM
time = 387782425
area = 281
delay = 15.9
write_blif appntk/c1908_112_0.0371289_281_15.9.blif

round 113
seed = 1567400885 patienceN = 0 patienceM = 0 frameNumber = 16 nLocalPI = 20

0%   10   20   30   40   50   60   70   80   90   100%
|----|----|----|----|----|----|----|----|----|----|
***************************************************
change patienceM
time = 389037993
area = 285
delay = 15.9
write_blif appntk/c1908_113_0.0371289_285_15.9.blif

round 114
seed = 1567400886 patienceN = 0 patienceM = 1 frameNumber = 16 nLocalPI = 20

0%   10   20   30   40   50   60   70   80   90   100%
|----|----|----|----|----|----|----|----|----|----|
***************************************************
change patienceM
time = 389740142
area = 281
delay = 15.9
write_blif appntk/c1908_114_0.0371289_281_15.9.blif

round 115
seed = 1567400887 patienceN = 0 patienceM = 2 frameNumber = 16 nLocalPI = 20

0%   10   20   30   40   50   60   70   80   90   100%
|----|----|----|----|----|----|----|----|----|----|
***************************************************
change patienceM
time = 390517953
area = 285
delay = 15.9
write_blif appntk/c1908_115_0.0371289_285_15.9.blif

round 116
seed = 1567400888 patienceN = 0 patienceM = 0 frameNumber = 16 nLocalPI = 19

0%   10   20   30   40   50   60   70   80   90   100%
|----|----|----|----|----|----|----|----|----|----|
***************************************************
change patienceM
time = 391338401
area = 281
delay = 15.9
write_blif appntk/c1908_116_0.0371289_281_15.9.blif

round 117
seed = 1567400889 patienceN = 0 patienceM = 1 frameNumber = 16 nLocalPI = 19

0%   10   20   30   40   50   60   70   80   90   100%
|----|----|----|----|----|----|----|----|----|----|
***************************************************
change patienceM
time = 392243012
area = 285
delay = 15.9
write_blif appntk/c1908_117_0.0371289_285_15.9.blif

round 118
seed = 1567400890 patienceN = 0 patienceM = 2 frameNumber = 16 nLocalPI = 19

0%   10   20   30   40   50   60   70   80   90   100%
|----|----|----|----|----|----|----|----|----|----|
***************************************************
change patienceM
time = 393274488
area = 281
delay = 15.9
write_blif appntk/c1908_118_0.0371289_281_15.9.blif

round 119
seed = 1567400891 patienceN = 0 patienceM = 0 frameNumber = 16 nLocalPI = 18

0%   10   20   30   40   50   60   70   80   90   100%
|----|----|----|----|----|----|----|----|----|----|
***************************************************
change patienceM
time = 394052926
area = 285
delay = 15.9
write_blif appntk/c1908_119_0.0371289_285_15.9.blif

round 120
seed = 1567400892 patienceN = 0 patienceM = 1 frameNumber = 16 nLocalPI = 18

0%   10   20   30   40   50   60   70   80   90   100%
|----|----|----|----|----|----|----|----|----|----|
***************************************************
change patienceM
time = 394873021
area = 281
delay = 15.9
write_blif appntk/c1908_120_0.0371289_281_15.9.blif

round 121
seed = 1567400892 patienceN = 0 patienceM = 2 frameNumber = 16 nLocalPI = 18

0%   10   20   30   40   50   60   70   80   90   100%
|----|----|----|----|----|----|----|----|----|----|
***************************************************
change patienceM
time = 395986641
area = 285
delay = 15.9
write_blif appntk/c1908_121_0.0371289_285_15.9.blif

round 122
seed = 1567400893 patienceN = 0 patienceM = 0 frameNumber = 16 nLocalPI = 17

0%   10   20   30   40   50   60   70   80   90   100%
|----|----|----|----|----|----|----|----|----|----|
***************************************************
change patienceM
time = 396838057
area = 281
delay = 15.9
write_blif appntk/c1908_122_0.0371289_281_15.9.blif

round 123
seed = 1567400894 patienceN = 0 patienceM = 1 frameNumber = 16 nLocalPI = 17

0%   10   20   30   40   50   60   70   80   90   100%
|----|----|----|----|----|----|----|----|----|----|
***************************************************
change patienceM
time = 397644534
area = 285
delay = 15.9
write_blif appntk/c1908_123_0.0371289_285_15.9.blif

round 124
seed = 1567400895 patienceN = 0 patienceM = 2 frameNumber = 16 nLocalPI = 17

0%   10   20   30   40   50   60   70   80   90   100%
|----|----|----|----|----|----|----|----|----|----|
***************************************************
change patienceM
time = 398974986
area = 281
delay = 15.9
write_blif appntk/c1908_124_0.0371289_281_15.9.blif

round 125
seed = 1567400896 patienceN = 0 patienceM = 0 frameNumber = 16 nLocalPI = 16

0%   10   20   30   40   50   60   70   80   90   100%
|----|----|----|----|----|----|----|----|----|----|
***************************************************
change patienceM
time = 400091095
area = 285
delay = 15.9
write_blif appntk/c1908_125_0.0371289_285_15.9.blif

round 126
seed = 1567400897 patienceN = 0 patienceM = 1 frameNumber = 16 nLocalPI = 16

0%   10   20   30   40   50   60   70   80   90   100%
|----|----|----|----|----|----|----|----|----|----|
***************************************************
change patienceM
time = 400999639
area = 281
delay = 15.9
write_blif appntk/c1908_126_0.0371289_281_15.9.blif

round 127
seed = 1567400898 patienceN = 0 patienceM = 2 frameNumber = 16 nLocalPI = 16

0%   10   20   30   40   50   60   70   80   90   100%
|----|----|----|----|----|----|----|----|----|----|
***************************************************
change patienceM
time = 402254811
area = 285
delay = 15.9
write_blif appntk/c1908_127_0.0371289_285_15.9.blif

round 128
seed = 1567400899 patienceN = 0 patienceM = 0 frameNumber = 16 nLocalPI = 15

0%   10   20   30   40   50   60   70   80   90   100%
|----|----|----|----|----|----|----|----|----|----|
***************************************************
change patienceM
time = 403585010
area = 281
delay = 15.9
write_blif appntk/c1908_128_0.0371289_281_15.9.blif

round 129
seed = 1567400901 patienceN = 0 patienceM = 1 frameNumber = 16 nLocalPI = 15

0%   10   20   30   40   50   60   70   80   90   100%
|----|----|----|----|----|----|----|----|----|----|
***************************************************
change patienceM
time = 404956608
area = 285
delay = 15.9
write_blif appntk/c1908_129_0.0371289_285_15.9.blif

round 130
seed = 1567400902 patienceN = 0 patienceM = 2 frameNumber = 16 nLocalPI = 15

0%   10   20   30   40   50   60   70   80   90   100%
|----|----|----|----|----|----|----|----|----|----|
***************************************************
change patienceM
time = 405938567
area = 281
delay = 15.9
write_blif appntk/c1908_130_0.0371289_281_15.9.blif

round 131
seed = 1567400903 patienceN = 0 patienceM = 0 frameNumber = 16 nLocalPI = 14

0%   10   20   30   40   50   60   70   80   90   100%
|----|----|----|----|----|----|----|----|----|----|
***************************************************
change patienceM
time = 406703281
area = 285
delay = 15.9
write_blif appntk/c1908_131_0.0371289_285_15.9.blif

round 132
seed = 1567400904 patienceN = 0 patienceM = 1 frameNumber = 16 nLocalPI = 14

0%   10   20   30   40   50   60   70   80   90   100%
|----|----|----|----|----|----|----|----|----|----|
***************************************************
change patienceM
time = 407608902
area = 281
delay = 15.9
write_blif appntk/c1908_132_0.0371289_281_15.9.blif

round 133
seed = 1567400905 patienceN = 0 patienceM = 2 frameNumber = 16 nLocalPI = 14

0%   10   20   30   40   50   60   70   80   90   100%
|----|----|----|----|----|----|----|----|----|----|
***************************************************
change patienceM
time = 409108917
area = 285
delay = 15.9
write_blif appntk/c1908_133_0.0371289_285_15.9.blif

round 134
seed = 1567400906 patienceN = 0 patienceM = 0 frameNumber = 16 nLocalPI = 13

0%   10   20   30   40   50   60   70   80   90   100%
|----|----|----|----|----|----|----|----|----|----|
***************************************************
change patienceM
time = 409953446
area = 281
delay = 15.9
write_blif appntk/c1908_134_0.0371289_281_15.9.blif

round 135
seed = 1567400907 patienceN = 0 patienceM = 1 frameNumber = 16 nLocalPI = 13

0%   10   20   30   40   50   60   70   80   90   100%
|----|----|----|----|----|----|----|----|----|----|
***************************************************
change patienceM
time = 411359509
area = 285
delay = 15.9
write_blif appntk/c1908_135_0.0371289_285_15.9.blif

round 136
seed = 1567400908 patienceN = 0 patienceM = 2 frameNumber = 16 nLocalPI = 13

0%   10   20   30   40   50   60   70   80   90   100%
|----|----|----|----|----|----|----|----|----|----|
***************************************************
change patienceM
time = 412343305
area = 281
delay = 15.9
write_blif appntk/c1908_136_0.0371289_281_15.9.blif

round 137
seed = 1567400910 patienceN = 0 patienceM = 0 frameNumber = 16 nLocalPI = 12

0%   10   20   30   40   50   60   70   80   90   100%
|----|----|----|----|----|----|----|----|----|----|
***************************************************
change patienceM
time = 413653724
area = 285
delay = 15.9
write_blif appntk/c1908_137_0.0371289_285_15.9.blif

round 138
seed = 1567400911 patienceN = 0 patienceM = 1 frameNumber = 16 nLocalPI = 12

0%   10   20   30   40   50   60   70   80   90   100%
|----|----|----|----|----|----|----|----|----|----|
***************************************************
change patienceM
time = 414628819
area = 281
delay = 15.9
write_blif appntk/c1908_138_0.0371289_281_15.9.blif

round 139
seed = 1567400912 patienceN = 0 patienceM = 2 frameNumber = 16 nLocalPI = 12

0%   10   20   30   40   50   60   70   80   90   100%
|----|----|----|----|----|----|----|----|----|----|
***************************************************
change patienceM
time = 416079254
area = 285
delay = 15.9
write_blif appntk/c1908_139_0.0371289_285_15.9.blif

round 140
seed = 1567400913 patienceN = 0 patienceM = 0 frameNumber = 16 nLocalPI = 11

0%   10   20   30   40   50   60   70   80   90   100%
|----|----|----|----|----|----|----|----|----|----|
***************************************************
change patienceM
time = 417477057
area = 281
delay = 15.9
write_blif appntk/c1908_140_0.0371289_281_15.9.blif

round 141
seed = 1567400914 patienceN = 0 patienceM = 1 frameNumber = 16 nLocalPI = 11

0%   10   20   30   40   50   60   70   80   90   100%
|----|----|----|----|----|----|----|----|----|----|
***************************************************
change patienceM
time = 418364287
area = 285
delay = 15.9
write_blif appntk/c1908_141_0.0371289_285_15.9.blif

round 142
seed = 1567400916 patienceN = 0 patienceM = 2 frameNumber = 16 nLocalPI = 11

0%   10   20   30   40   50   60   70   80   90   100%
|----|----|----|----|----|----|----|----|----|----|
***************************************************
change patienceM
time = 419035088
area = 281
delay = 15.9
write_blif appntk/c1908_142_0.0371289_281_15.9.blif

round 143
seed = 1567400917 patienceN = 0 patienceM = 0 frameNumber = 16 nLocalPI = 10

0%   10   20   30   40   50   60   70   80   90   100%
|----|----|----|----|----|----|----|----|----|----|
***************************************************
change patienceM
time = 419618739
area = 285
delay = 15.9
write_blif appntk/c1908_143_0.0371289_285_15.9.blif

round 144
seed = 1567400917 patienceN = 0 patienceM = 1 frameNumber = 16 nLocalPI = 10

0%   10   20   30   40   50   60   70   80   90   100%
|----|----|----|----|----|----|----|----|----|----|
***************************************************
change patienceM
time = 421194601
area = 281
delay = 15.9
write_blif appntk/c1908_144_0.0371289_281_15.9.blif

round 145
seed = 1567400918 patienceN = 0 patienceM = 2 frameNumber = 16 nLocalPI = 10

0%   10   20   30   40   50   60   70   80   90   100%
|----|----|----|----|----|----|----|----|----|----|
***************************************************
change patienceM
time = 422035213
area = 285
delay = 15.9
write_blif appntk/c1908_145_0.0371289_285_15.9.blif

round 146
seed = 1567400919 patienceN = 0 patienceM = 0 frameNumber = 16 nLocalPI = 9

0%   10   20   30   40   50   60   70   80   90   100%
|----|----|----|----|----|----|----|----|----|----|
***************************************************
change patienceM
time = 422702491
area = 281
delay = 15.9
write_blif appntk/c1908_146_0.0371289_281_15.9.blif

round 147
seed = 1567400920 patienceN = 0 patienceM = 1 frameNumber = 16 nLocalPI = 9

0%   10   20   30   40   50   60   70   80   90   100%
|----|----|----|----|----|----|----|----|----|----|
***************************************************
change patienceM
time = 423459100
area = 285
delay = 15.9
write_blif appntk/c1908_147_0.0371289_285_15.9.blif

round 148
seed = 1567400921 patienceN = 0 patienceM = 2 frameNumber = 16 nLocalPI = 9

0%   10   20   30   40   50   60   70   80   90   100%
|----|----|----|----|----|----|----|----|----|----|
***************************************************
change patienceM
time = 424340400
area = 281
delay = 15.9
write_blif appntk/c1908_148_0.0371289_281_15.9.blif

round 149
seed = 1567400922 patienceN = 0 patienceM = 0 frameNumber = 16 nLocalPI = 8

0%   10   20   30   40   50   60   70   80   90   100%
|----|----|----|----|----|----|----|----|----|----|
***************************************************
change patienceM
time = 424964037
area = 285
delay = 15.9
write_blif appntk/c1908_149_0.0371289_285_15.9.blif

round 150
seed = 1567400923 patienceN = 0 patienceM = 1 frameNumber = 16 nLocalPI = 8

0%   10   20   30   40   50   60   70   80   90   100%
|----|----|----|----|----|----|----|----|----|----|
***************************************************
change patienceM
time = 425799554
area = 281
delay = 15.9
write_blif appntk/c1908_150_0.0371289_281_15.9.blif

round 151
seed = 1567400923 patienceN = 0 patienceM = 2 frameNumber = 16 nLocalPI = 8

0%   10   20   30   40   50   60   70   80   90   100%
|----|----|----|----|----|----|----|----|----|----|
***************************************************
change patienceM
time = 426594791
area = 285
delay = 15.9
write_blif appntk/c1908_151_0.0371289_285_15.9.blif

round 152
seed = 1567400924 patienceN = 0 patienceM = 0 frameNumber = 16 nLocalPI = 7

0%   10   20   30   40   50   60   70   80   90   100%
|----|----|----|----|----|----|----|----|----|----|
***************************************************
change patienceM
time = 427642469
area = 281
delay = 15.9
write_blif appntk/c1908_152_0.0371289_281_15.9.blif

round 153
seed = 1567400925 patienceN = 0 patienceM = 1 frameNumber = 16 nLocalPI = 7

0%   10   20   30   40   50   60   70   80   90   100%
|----|----|----|----|----|----|----|----|----|----|
***************************************************
change patienceM
time = 428688099
area = 285
delay = 15.9
write_blif appntk/c1908_153_0.0371289_285_15.9.blif

round 154
seed = 1567400926 patienceN = 0 patienceM = 2 frameNumber = 16 nLocalPI = 7

0%   10   20   30   40   50   60   70   80   90   100%
|----|----|----|----|----|----|----|----|----|----|
***************************************************
change patienceM
time = 429601276
area = 281
delay = 15.9
write_blif appntk/c1908_154_0.0371289_281_15.9.blif

round 155
seed = 1567400927 patienceN = 0 patienceM = 0 frameNumber = 16 nLocalPI = 6

0%   10   20   30   40   50   60   70   80   90   100%
|----|----|----|----|----|----|----|----|----|----|
***************************************************
change patienceM
time = 430605553
area = 285
delay = 15.9
write_blif appntk/c1908_155_0.0371289_285_15.9.blif

round 156
seed = 1567400928 patienceN = 0 patienceM = 1 frameNumber = 16 nLocalPI = 6

0%   10   20   30   40   50   60   70   80   90   100%
|----|----|----|----|----|----|----|----|----|----|
***************************************************
change patienceM
time = 431437599
area = 281
delay = 15.9
write_blif appntk/c1908_156_0.0371289_281_15.9.blif

round 157
seed = 1567400929 patienceN = 0 patienceM = 2 frameNumber = 16 nLocalPI = 6

0%   10   20   30   40   50   60   70   80   90   100%
|----|----|----|----|----|----|----|----|----|----|
***************************************************
change patienceM
time = 432355918
area = 285
delay = 15.9
write_blif appntk/c1908_157_0.0371289_285_15.9.blif

round 158
seed = 1567400930 patienceN = 0 patienceM = 0 frameNumber = 16 nLocalPI = 5

0%   10   20   30   40   50   60   70   80   90   100%
|----|----|----|----|----|----|----|----|----|----|
***************************************************
best node n198 best error 0.0931738
time = 433356843
