Entered genlib library with 23 gates from file "data/genlib/mcnc.genlib".
Line 30: Skipping line ".default_input_arrival 0.00 0.00 ".
Line 31: Skipping line ".default_output_required 0.00 0.00 ".
Line 32: Skipping line ".default_input_drive 0.10 0.10 ".
Line 33: Skipping line ".default_output_load 2.00 ".
Line 34: Skipping line ".default_max_input_load 999.00 ".
Original area = 1262, original delay = 21.9

round 0
seed = 0 patienceN = 0 patienceM = 0 frameNumber = 64 nLocalPI = 30

0%   10   20   30   40   50   60   70   80   90   100%
|----|----|----|----|----|----|----|----|----|----|
***************************************************
best node [100726] best error 0
time = 54277040
area = 1093
delay = 20.7
write_blif appntk/c2670_0_0_1093_20.7.blif

round 1
seed = 1567400498 patienceN = 0 patienceM = 0 frameNumber = 64 nLocalPI = 30

0%   10   20   30   40   50   60   70   80   90   100%
|----|----|----|----|----|----|----|----|----|----|
***************************************************
best node n723 best error 0
time = 73845372
area = 1051
delay = 20.7
write_blif appntk/c2670_1_0_1051_20.7.blif

round 2
seed = 1567400552 patienceN = 0 patienceM = 0 frameNumber = 64 nLocalPI = 30

0%   10   20   30   40   50   60   70   80   90   100%
|----|----|----|----|----|----|----|----|----|----|
***************************************************
best node n702 best error 0
time = 89920897
area = 1030
delay = 20.9
write_blif appntk/c2670_2_0_1030_20.9.blif

round 3
seed = 1567400572 patienceN = 0 patienceM = 0 frameNumber = 64 nLocalPI = 30

0%   10   20   30   40   50   60   70   80   90   100%
|----|----|----|----|----|----|----|----|----|----|
***************************************************
best node n694 best error 0
time = 106431324
area = 1030
delay = 20.9
write_blif appntk/c2670_3_0_1030_20.9.blif

round 4
seed = 1567400588 patienceN = 0 patienceM = 0 frameNumber = 64 nLocalPI = 30

0%   10   20   30   40   50   60   70   80   90   100%
|----|----|----|----|----|----|----|----|----|----|
***************************************************
best node n690 best error 0
time = 120792905
area = 1031
delay = 20.9
write_blif appntk/c2670_4_0_1031_20.9.blif

round 5
seed = 1567400605 patienceN = 0 patienceM = 0 frameNumber = 64 nLocalPI = 30

0%   10   20   30   40   50   60   70   80   90   100%
|----|----|----|----|----|----|----|----|----|----|
***************************************************
best node n690 best error 0
time = 131130030
area = 1021
delay = 20.9
write_blif appntk/c2670_5_0_1021_20.9.blif

round 6
seed = 1567400619 patienceN = 0 patienceM = 0 frameNumber = 64 nLocalPI = 30

0%   10   20   30   40   50   60   70   80   90   100%
|----|----|----|----|----|----|----|----|----|----|
***************************************************
best node n690 best error 0
time = 140246262
area = 1025
delay = 19.6
write_blif appntk/c2670_6_0_1025_19.6.blif

round 7
seed = 1567400629 patienceN = 0 patienceM = 0 frameNumber = 64 nLocalPI = 30

0%   10   20   30   40   50   60   70   80   90   100%
|----|----|----|----|----|----|----|----|----|----|
***************************************************
best node n687 best error 0
time = 156167088
area = 1013
delay = 20.7
write_blif appntk/c2670_7_0_1013_20.7.blif

round 8
seed = 1567400638 patienceN = 0 patienceM = 0 frameNumber = 64 nLocalPI = 30

0%   10   20   30   40   50   60   70   80   90   100%
|----|----|----|----|----|----|----|----|----|----|
***************************************************
best node n703 best error 0
time = 166652836
area = 850
delay = 19.9
write_blif appntk/c2670_8_0_850_19.9.blif

round 9
seed = 1567400654 patienceN = 0 patienceM = 0 frameNumber = 64 nLocalPI = 30

0%   10   20   30   40   50   60   70   80   90   100%
|----|----|----|----|----|----|----|----|----|----|
***************************************************
best node n708 best error 0.000546875
time = 176108043
area = 850
delay = 21.2
write_blif appntk/c2670_9_0.000546875_850_21.2.blif

round 10
seed = 1567400665 patienceN = 0 patienceM = 0 frameNumber = 64 nLocalPI = 30

0%   10   20   30   40   50   60   70   80   90   100%
|----|----|----|----|----|----|----|----|----|----|
***************************************************
best node n729 best error 0.00107422
time = 189504602
area = 843
delay = 19.7
write_blif appntk/c2670_10_0.00107422_843_19.7.blif

round 11
seed = 1567400674 patienceN = 0 patienceM = 0 frameNumber = 64 nLocalPI = 30

0%   10   20   30   40   50   60   70   80   90   100%
|----|----|----|----|----|----|----|----|----|----|
***************************************************
best node n773 best error 0.00467773
time = 196566317
area = 845
delay = 20.2
write_blif appntk/c2670_11_0.00467773_845_20.2.blif

round 12
seed = 1567400688 patienceN = 0 patienceM = 0 frameNumber = 64 nLocalPI = 30

0%   10   20   30   40   50   60   70   80   90   100%
|----|----|----|----|----|----|----|----|----|----|
***************************************************
best node n712 best error 0.00611328
time = 206292082
area = 844
delay = 21.8
write_blif appntk/c2670_12_0.00611328_844_21.8.blif

round 13
seed = 1567400695 patienceN = 0 patienceM = 0 frameNumber = 64 nLocalPI = 30

0%   10   20   30   40   50   60   70   80   90   100%
|----|----|----|----|----|----|----|----|----|----|
***************************************************
best node n717 best error 0.00711914
time = 214216139
area = 843
delay = 21.3
write_blif appntk/c2670_13_0.00711914_843_21.3.blif

round 14
seed = 1567400704 patienceN = 0 patienceM = 0 frameNumber = 64 nLocalPI = 30

0%   10   20   30   40   50   60   70   80   90   100%
|----|----|----|----|----|----|----|----|----|----|
***************************************************
best node n718 best error 0.0078418
time = 223246449
area = 833
delay = 21.7
write_blif appntk/c2670_14_0.0078418_833_21.7.blif

round 15
seed = 1567400712 patienceN = 0 patienceM = 0 frameNumber = 64 nLocalPI = 30

0%   10   20   30   40   50   60   70   80   90   100%
|----|----|----|----|----|----|----|----|----|----|
***************************************************
best node n710 best error 0.00983398
time = 230753687
area = 834
delay = 21.8
write_blif appntk/c2670_15_0.00983398_834_21.8.blif

round 16
seed = 1567400721 patienceN = 0 patienceM = 0 frameNumber = 64 nLocalPI = 30

0%   10   20   30   40   50   60   70   80   90   100%
|----|----|----|----|----|----|----|----|----|----|
***************************************************
best node n781 best error 0.0161719
time = 237304142
area = 828
delay = 21.8
write_blif appntk/c2670_16_0.0161719_828_21.8.blif

round 17
seed = 1567400729 patienceN = 0 patienceM = 0 frameNumber = 64 nLocalPI = 30

0%   10   20   30   40   50   60   70   80   90   100%
|----|----|----|----|----|----|----|----|----|----|
***************************************************
best node n770 best error 0.0184961
time = 245329269
area = 822
delay = 21.5
write_blif appntk/c2670_17_0.0184961_822_21.5.blif

round 18
seed = 1567400735 patienceN = 0 patienceM = 0 frameNumber = 64 nLocalPI = 30

0%   10   20   30   40   50   60   70   80   90   100%
|----|----|----|----|----|----|----|----|----|----|
***************************************************
best node n719 best error 0.0200293
time = 254378299
area = 823
delay = 21.3
write_blif appntk/c2670_18_0.0200293_823_21.3.blif

round 19
seed = 1567400743 patienceN = 0 patienceM = 0 frameNumber = 64 nLocalPI = 30

0%   10   20   30   40   50   60   70   80   90   100%
|----|----|----|----|----|----|----|----|----|----|
***************************************************
best node n718 best error 0.021709
time = 262582917
area = 811
delay = 18.3
write_blif appntk/c2670_19_0.021709_811_18.3.blif

round 20
seed = 1567400752 patienceN = 0 patienceM = 0 frameNumber = 64 nLocalPI = 30

0%   10   20   30   40   50   60   70   80   90   100%
|----|----|----|----|----|----|----|----|----|----|
***************************************************
best node n716 best error 0.0245801
time = 269191696
area = 803
delay = 19.3
write_blif appntk/c2670_20_0.0245801_803_19.3.blif

round 21
seed = 1567400761 patienceN = 0 patienceM = 0 frameNumber = 64 nLocalPI = 30

0%   10   20   30   40   50   60   70   80   90   100%
|----|----|----|----|----|----|----|----|----|----|
***************************************************
best node n705 best error 0.0273633
time = 275237268
area = 809
delay = 18.8
write_blif appntk/c2670_21_0.0273633_809_18.8.blif

round 22
seed = 1567400767 patienceN = 0 patienceM = 0 frameNumber = 64 nLocalPI = 30

0%   10   20   30   40   50   60   70   80   90   100%
|----|----|----|----|----|----|----|----|----|----|
***************************************************
best node n704 best error 0.0301367
time = 280624773
area = 786
delay = 18.1
write_blif appntk/c2670_22_0.0301367_786_18.1.blif

round 23
seed = 1567400773 patienceN = 0 patienceM = 0 frameNumber = 64 nLocalPI = 30

0%   10   20   30   40   50   60   70   80   90   100%
|----|----|----|----|----|----|----|----|----|----|
***************************************************
best node n730 best error 0.0366699
time = 284760865
area = 783
delay = 18.1
write_blif appntk/c2670_23_0.0366699_783_18.1.blif

round 24
seed = 1567400779 patienceN = 0 patienceM = 0 frameNumber = 64 nLocalPI = 30

0%   10   20   30   40   50   60   70   80   90   100%
|----|----|----|----|----|----|----|----|----|----|
***************************************************
best node n712 best error 0.0393359
time = 289404141
area = 771
delay = 18.1
write_blif appntk/c2670_24_0.0393359_771_18.1.blif

round 25
seed = 1567400783 patienceN = 0 patienceM = 0 frameNumber = 64 nLocalPI = 30

0%   10   20   30   40   50   60   70   80   90   100%
|----|----|----|----|----|----|----|----|----|----|
***************************************************
change patienceM
time = 294279888
area = 772
delay = 18.1
write_blif appntk/c2670_25_0.0393359_772_18.1.blif

round 26
seed = 1567400787 patienceN = 0 patienceM = 1 frameNumber = 64 nLocalPI = 30

0%   10   20   30   40   50   60   70   80   90   100%
|----|----|----|----|----|----|----|----|----|----|
***************************************************
change patienceM
time = 297932937
area = 768
delay = 18.1
write_blif appntk/c2670_26_0.0393359_768_18.1.blif

round 27
seed = 1567400792 patienceN = 0 patienceM = 2 frameNumber = 64 nLocalPI = 30

0%   10   20   30   40   50   60   70   80   90   100%
|----|----|----|----|----|----|----|----|----|----|
***************************************************
change patienceM
time = 301947550
area = 770
delay = 18
write_blif appntk/c2670_27_0.0393359_770_18.blif

round 28
seed = 1567400796 patienceN = 0 patienceM = 0 frameNumber = 64 nLocalPI = 29

0%   10   20   30   40   50   60   70   80   90   100%
|----|----|----|----|----|----|----|----|----|----|
***************************************************
best node n745 best error 0.0449902
time = 306503973
area = 761
delay = 18.3
write_blif appntk/c2670_28_0.0449902_761_18.3.blif

round 29
seed = 1567400800 patienceN = 0 patienceM = 0 frameNumber = 64 nLocalPI = 29

0%   10   20   30   40   50   60   70   80   90   100%
|----|----|----|----|----|----|----|----|----|----|
***************************************************
change patienceM
time = 310998211
area = 763
delay = 18.1
write_blif appntk/c2670_29_0.0449902_763_18.1.blif

round 30
seed = 1567400804 patienceN = 0 patienceM = 1 frameNumber = 64 nLocalPI = 29

0%   10   20   30   40   50   60   70   80   90   100%
|----|----|----|----|----|----|----|----|----|----|
***************************************************
change patienceM
time = 314567515
area = 760
delay = 18.3
write_blif appntk/c2670_30_0.0449902_760_18.3.blif

round 31
seed = 1567400809 patienceN = 0 patienceM = 2 frameNumber = 64 nLocalPI = 29

0%   10   20   30   40   50   60   70   80   90   100%
|----|----|----|----|----|----|----|----|----|----|
***************************************************
change patienceM
time = 319105552
area = 763
delay = 18
write_blif appntk/c2670_31_0.0449902_763_18.blif

round 32
seed = 1567400813 patienceN = 0 patienceM = 0 frameNumber = 64 nLocalPI = 28

0%   10   20   30   40   50   60   70   80   90   100%
|----|----|----|----|----|----|----|----|----|----|
***************************************************
change patienceM
time = 323249752
area = 762
delay = 18.1
write_blif appntk/c2670_32_0.0449902_762_18.1.blif

round 33
seed = 1567400817 patienceN = 0 patienceM = 1 frameNumber = 64 nLocalPI = 28

0%   10   20   30   40   50   60   70   80   90   100%
|----|----|----|----|----|----|----|----|----|----|
***************************************************
change patienceM
time = 327441964
area = 765
delay = 18.1
write_blif appntk/c2670_33_0.0449902_765_18.1.blif

round 34
seed = 1567400821 patienceN = 0 patienceM = 2 frameNumber = 64 nLocalPI = 28

0%   10   20   30   40   50   60   70   80   90   100%
|----|----|----|----|----|----|----|----|----|----|
***************************************************
change patienceM
time = 331010069
area = 765
delay = 18.1
write_blif appntk/c2670_34_0.0449902_765_18.1.blif

round 35
seed = 1567400825 patienceN = 0 patienceM = 0 frameNumber = 64 nLocalPI = 27

0%   10   20   30   40   50   60   70   80   90   100%
|----|----|----|----|----|----|----|----|----|----|
***************************************************
change patienceM
time = 334567671
area = 763
delay = 18.1
write_blif appntk/c2670_35_0.0449902_763_18.1.blif

round 36
seed = 1567400829 patienceN = 0 patienceM = 1 frameNumber = 64 nLocalPI = 27

0%   10   20   30   40   50   60   70   80   90   100%
|----|----|----|----|----|----|----|----|----|----|
***************************************************
change patienceM
time = 338138227
area = 764
delay = 18.1
write_blif appntk/c2670_36_0.0449902_764_18.1.blif

round 37
seed = 1567400833 patienceN = 0 patienceM = 2 frameNumber = 64 nLocalPI = 27

0%   10   20   30   40   50   60   70   80   90   100%
|----|----|----|----|----|----|----|----|----|----|
***************************************************
change patienceM
time = 341419638
area = 765
delay = 18.1
write_blif appntk/c2670_37_0.0449902_765_18.1.blif

round 38
seed = 1567400836 patienceN = 0 patienceM = 0 frameNumber = 64 nLocalPI = 26

0%   10   20   30   40   50   60   70   80   90   100%
|----|----|----|----|----|----|----|----|----|----|
***************************************************
change patienceM
time = 345844858
area = 761
delay = 18.1
write_blif appntk/c2670_38_0.0449902_761_18.1.blif

round 39
seed = 1567400839 patienceN = 0 patienceM = 1 frameNumber = 64 nLocalPI = 26

0%   10   20   30   40   50   60   70   80   90   100%
|----|----|----|----|----|----|----|----|----|----|
***************************************************
best node n702 best error 0.0483008
time = 350546701
area = 760
delay = 20.2
write_blif appntk/c2670_39_0.0483008_760_20.2.blif

round 40
seed = 1567400844 patienceN = 0 patienceM = 0 frameNumber = 64 nLocalPI = 26

0%   10   20   30   40   50   60   70   80   90   100%
|----|----|----|----|----|----|----|----|----|----|
***************************************************
change patienceM
time = 355517586
area = 767
delay = 18
write_blif appntk/c2670_40_0.0483008_767_18.blif

round 41
seed = 1567400849 patienceN = 0 patienceM = 1 frameNumber = 64 nLocalPI = 26

0%   10   20   30   40   50   60   70   80   90   100%
|----|----|----|----|----|----|----|----|----|----|
***************************************************
change patienceM
time = 359012943
area = 756
delay = 17.9
write_blif appntk/c2670_41_0.0483008_756_17.9.blif

round 42
seed = 1567400854 patienceN = 0 patienceM = 2 frameNumber = 64 nLocalPI = 26

0%   10   20   30   40   50   60   70   80   90   100%
|----|----|----|----|----|----|----|----|----|----|
***************************************************
change patienceM
time = 363686641
area = 759
delay = 18.3
write_blif appntk/c2670_42_0.0483008_759_18.3.blif

round 43
seed = 1567400857 patienceN = 0 patienceM = 0 frameNumber = 64 nLocalPI = 25

0%   10   20   30   40   50   60   70   80   90   100%
|----|----|----|----|----|----|----|----|----|----|
***************************************************
change patienceM
time = 367150013
area = 755
delay = 18.3
write_blif appntk/c2670_43_0.0483008_755_18.3.blif

round 44
seed = 1567400862 patienceN = 0 patienceM = 1 frameNumber = 64 nLocalPI = 25

0%   10   20   30   40   50   60   70   80   90   100%
|----|----|----|----|----|----|----|----|----|----|
***************************************************
change patienceM
time = 371775207
area = 757
delay = 18.1
write_blif appntk/c2670_44_0.0483008_757_18.1.blif

round 45
seed = 1567400865 patienceN = 0 patienceM = 2 frameNumber = 64 nLocalPI = 25

0%   10   20   30   40   50   60   70   80   90   100%
|----|----|----|----|----|----|----|----|----|----|
***************************************************
change patienceM
time = 375786744
area = 760
delay = 17.9
write_blif appntk/c2670_45_0.0483008_760_17.9.blif

round 46
seed = 1567400870 patienceN = 0 patienceM = 0 frameNumber = 64 nLocalPI = 24

0%   10   20   30   40   50   60   70   80   90   100%
|----|----|----|----|----|----|----|----|----|----|
***************************************************
change patienceM
time = 379480105
area = 760
delay = 18.1
write_blif appntk/c2670_46_0.0483008_760_18.1.blif

round 47
seed = 1567400874 patienceN = 0 patienceM = 1 frameNumber = 64 nLocalPI = 24

0%   10   20   30   40   50   60   70   80   90   100%
|----|----|----|----|----|----|----|----|----|----|
***************************************************
change patienceM
time = 382881567
area = 756
delay = 17.9
write_blif appntk/c2670_47_0.0483008_756_17.9.blif

round 48
seed = 1567400877 patienceN = 0 patienceM = 2 frameNumber = 64 nLocalPI = 24

0%   10   20   30   40   50   60   70   80   90   100%
|----|----|----|----|----|----|----|----|----|----|
***************************************************
change patienceM
time = 385996476
area = 763
delay = 18.1
write_blif appntk/c2670_48_0.0483008_763_18.1.blif

round 49
seed = 1567400881 patienceN = 0 patienceM = 0 frameNumber = 64 nLocalPI = 23

0%   10   20   30   40   50   60   70   80   90   100%
|----|----|----|----|----|----|----|----|----|----|
***************************************************
change patienceM
time = 389669351
area = 760
delay = 17.9
write_blif appntk/c2670_49_0.0483008_760_17.9.blif

round 50
seed = 1567400884 patienceN = 0 patienceM = 1 frameNumber = 64 nLocalPI = 23

0%   10   20   30   40   50   60   70   80   90   100%
|----|----|----|----|----|----|----|----|----|----|
***************************************************
change patienceM
time = 393322169
area = 756
delay = 18.1
write_blif appntk/c2670_50_0.0483008_756_18.1.blif

round 51
seed = 1567400888 patienceN = 0 patienceM = 2 frameNumber = 64 nLocalPI = 23

0%   10   20   30   40   50   60   70   80   90   100%
|----|----|----|----|----|----|----|----|----|----|
***************************************************
change patienceM
time = 397848913
area = 754
delay = 20.2
write_blif appntk/c2670_51_0.0483008_754_20.2.blif

round 52
seed = 1567400891 patienceN = 0 patienceM = 0 frameNumber = 64 nLocalPI = 22

0%   10   20   30   40   50   60   70   80   90   100%
|----|----|----|----|----|----|----|----|----|----|
***************************************************
change patienceM
time = 401485919
area = 759
delay = 18
write_blif appntk/c2670_52_0.0483008_759_18.blif

round 53
seed = 1567400896 patienceN = 0 patienceM = 1 frameNumber = 64 nLocalPI = 22

0%   10   20   30   40   50   60   70   80   90   100%
|----|----|----|----|----|----|----|----|----|----|
***************************************************
change patienceM
time = 404803770
area = 756
delay = 17.9
write_blif appntk/c2670_53_0.0483008_756_17.9.blif

round 54
seed = 1567400900 patienceN = 0 patienceM = 2 frameNumber = 64 nLocalPI = 22

0%   10   20   30   40   50   60   70   80   90   100%
|----|----|----|----|----|----|----|----|----|----|
***************************************************
change patienceM
time = 409037104
area = 759
delay = 18.3
write_blif appntk/c2670_54_0.0483008_759_18.3.blif

round 55
seed = 1567400903 patienceN = 0 patienceM = 0 frameNumber = 64 nLocalPI = 21

0%   10   20   30   40   50   60   70   80   90   100%
|----|----|----|----|----|----|----|----|----|----|
***************************************************
change patienceM
time = 412901463
area = 755
delay = 18.3
write_blif appntk/c2670_55_0.0483008_755_18.3.blif

round 56
seed = 1567400907 patienceN = 0 patienceM = 1 frameNumber = 64 nLocalPI = 21

0%   10   20   30   40   50   60   70   80   90   100%
|----|----|----|----|----|----|----|----|----|----|
***************************************************
change patienceM
time = 416170115
area = 757
delay = 18.1
write_blif appntk/c2670_56_0.0483008_757_18.1.blif

round 57
seed = 1567400911 patienceN = 0 patienceM = 2 frameNumber = 64 nLocalPI = 21

0%   10   20   30   40   50   60   70   80   90   100%
|----|----|----|----|----|----|----|----|----|----|
***************************************************
change patienceM
time = 420345575
area = 760
delay = 17.9
write_blif appntk/c2670_57_0.0483008_760_17.9.blif

round 58
seed = 1567400914 patienceN = 0 patienceM = 0 frameNumber = 64 nLocalPI = 20

0%   10   20   30   40   50   60   70   80   90   100%
|----|----|----|----|----|----|----|----|----|----|
***************************************************
change patienceM
time = 423859574
area = 760
delay = 18.1
write_blif appntk/c2670_58_0.0483008_760_18.1.blif

round 59
seed = 1567400918 patienceN = 0 patienceM = 1 frameNumber = 64 nLocalPI = 20

0%   10   20   30   40   50   60   70   80   90   100%
|----|----|----|----|----|----|----|----|----|----|
***************************************************
change patienceM
time = 426501718
area = 756
delay = 17.9
write_blif appntk/c2670_59_0.0483008_756_17.9.blif

round 60
seed = 1567400922 patienceN = 0 patienceM = 2 frameNumber = 64 nLocalPI = 20

0%   10   20   30   40   50   60   70   80   90   100%
|----|----|----|----|----|----|----|----|----|----|
***************************************************
change patienceM
time = 430025239
area = 763
delay = 18.1
write_blif appntk/c2670_60_0.0483008_763_18.1.blif

round 61
seed = 1567400925 patienceN = 0 patienceM = 0 frameNumber = 64 nLocalPI = 19

0%   10   20   30   40   50   60   70   80   90   100%
|----|----|----|----|----|----|----|----|----|----|
***************************************************
change patienceM
time = 433496780
area = 760
delay = 17.9
write_blif appntk/c2670_61_0.0483008_760_17.9.blif

round 62
seed = 1567400928 patienceN = 0 patienceM = 1 frameNumber = 64 nLocalPI = 19

0%   10   20   30   40   50   60   70   80   90   100%
|----|----|----|----|----|----|----|----|----|----|
***************************************************
change patienceM
time = 438443046
area = 756
delay = 18.1
write_blif appntk/c2670_62_0.0483008_756_18.1.blif

round 63
seed = 1567400932 patienceN = 0 patienceM = 2 frameNumber = 64 nLocalPI = 19

0%   10   20   30   40   50   60   70   80   90   100%
|----|----|----|----|----|----|----|----|----|----|
***************************************************
change patienceM
time = 443399764
area = 754
delay = 20.2
write_blif appntk/c2670_63_0.0483008_754_20.2.blif

round 64
seed = 1567400936 patienceN = 0 patienceM = 0 frameNumber = 64 nLocalPI = 18

0%   10   20   30   40   50   60   70   80   90   100%
|----|----|----|----|----|----|----|----|----|----|
***************************************************
change patienceM
time = 448293483
area = 759
delay = 18
write_blif appntk/c2670_64_0.0483008_759_18.blif

round 65
seed = 1567400941 patienceN = 0 patienceM = 1 frameNumber = 64 nLocalPI = 18

0%   10   20   30   40   50   60   70   80   90   100%
|----|----|----|----|----|----|----|----|----|----|
***************************************************
change patienceM
time = 451732398
area = 756
delay = 17.9
write_blif appntk/c2670_65_0.0483008_756_17.9.blif

round 66
seed = 1567400946 patienceN = 0 patienceM = 2 frameNumber = 64 nLocalPI = 18

0%   10   20   30   40   50   60   70   80   90   100%
|----|----|----|----|----|----|----|----|----|----|
***************************************************
change patienceM
time = 454569051
area = 759
delay = 18.3
write_blif appntk/c2670_66_0.0483008_759_18.3.blif

round 67
seed = 1567400950 patienceN = 0 patienceM = 0 frameNumber = 64 nLocalPI = 17

0%   10   20   30   40   50   60   70   80   90   100%
|----|----|----|----|----|----|----|----|----|----|
***************************************************
change patienceM
time = 458875241
area = 755
delay = 18.3
write_blif appntk/c2670_67_0.0483008_755_18.3.blif

round 68
seed = 1567400953 patienceN = 0 patienceM = 1 frameNumber = 64 nLocalPI = 17

0%   10   20   30   40   50   60   70   80   90   100%
|----|----|----|----|----|----|----|----|----|----|
***************************************************
change patienceM
time = 461663524
area = 757
delay = 18.1
write_blif appntk/c2670_68_0.0483008_757_18.1.blif

round 69
seed = 1567400957 patienceN = 0 patienceM = 2 frameNumber = 64 nLocalPI = 17

0%   10   20   30   40   50   60   70   80   90   100%
|----|----|----|----|----|----|----|----|----|----|
***************************************************
change patienceM
time = 466819848
area = 760
delay = 17.9
write_blif appntk/c2670_69_0.0483008_760_17.9.blif

round 70
seed = 1567400960 patienceN = 0 patienceM = 0 frameNumber = 64 nLocalPI = 16

0%   10   20   30   40   50   60   70   80   90   100%
|----|----|----|----|----|----|----|----|----|----|
***************************************************
change patienceM
time = 471929547
area = 760
delay = 18.1
write_blif appntk/c2670_70_0.0483008_760_18.1.blif

round 71
seed = 1567400965 patienceN = 0 patienceM = 1 frameNumber = 64 nLocalPI = 16

0%   10   20   30   40   50   60   70   80   90   100%
|----|----|----|----|----|----|----|----|----|----|
***************************************************
change patienceM
time = 476764601
area = 756
delay = 17.9
write_blif appntk/c2670_71_0.0483008_756_17.9.blif

round 72
seed = 1567400970 patienceN = 0 patienceM = 2 frameNumber = 64 nLocalPI = 16

0%   10   20   30   40   50   60   70   80   90   100%
|----|----|----|----|----|----|----|----|----|----|
***************************************************
change patienceM
time = 480114601
area = 763
delay = 18.1
write_blif appntk/c2670_72_0.0483008_763_18.1.blif

round 73
seed = 1567400975 patienceN = 0 patienceM = 0 frameNumber = 64 nLocalPI = 15

0%   10   20   30   40   50   60   70   80   90   100%
|----|----|----|----|----|----|----|----|----|----|
***************************************************
change patienceM
time = 484634159
area = 760
delay = 17.9
write_blif appntk/c2670_73_0.0483008_760_17.9.blif

round 74
seed = 1567400978 patienceN = 0 patienceM = 1 frameNumber = 64 nLocalPI = 15

0%   10   20   30   40   50   60   70   80   90   100%
|----|----|----|----|----|----|----|----|----|----|
***************************************************
change patienceM
time = 487061201
area = 756
delay = 18.1
write_blif appntk/c2670_74_0.0483008_756_18.1.blif

round 75
seed = 1567400983 patienceN = 0 patienceM = 2 frameNumber = 64 nLocalPI = 15

0%   10   20   30   40   50   60   70   80   90   100%
|----|----|----|----|----|----|----|----|----|----|
***************************************************
change patienceM
time = 491891222
area = 754
delay = 20.2
write_blif appntk/c2670_75_0.0483008_754_20.2.blif

round 76
seed = 1567400985 patienceN = 0 patienceM = 0 frameNumber = 64 nLocalPI = 14

0%   10   20   30   40   50   60   70   80   90   100%
|----|----|----|----|----|----|----|----|----|----|
***************************************************
change patienceM
time = 495152950
area = 759
delay = 18
write_blif appntk/c2670_76_0.0483008_759_18.blif

round 77
seed = 1567400990 patienceN = 0 patienceM = 1 frameNumber = 64 nLocalPI = 14

0%   10   20   30   40   50   60   70   80   90   100%
|----|----|----|----|----|----|----|----|----|----|
***************************************************
change patienceM
time = 498393116
area = 756
delay = 17.9
write_blif appntk/c2670_77_0.0483008_756_17.9.blif

round 78
seed = 1567400993 patienceN = 0 patienceM = 2 frameNumber = 64 nLocalPI = 14

0%   10   20   30   40   50   60   70   80   90   100%
|----|----|----|----|----|----|----|----|----|----|
***************************************************
change patienceM
time = 502228303
area = 759
delay = 18.3
write_blif appntk/c2670_78_0.0483008_759_18.3.blif

round 79
seed = 1567400996 patienceN = 0 patienceM = 0 frameNumber = 64 nLocalPI = 13

0%   10   20   30   40   50   60   70   80   90   100%
|----|----|----|----|----|----|----|----|----|----|
***************************************************
change patienceM
time = 505147423
area = 755
delay = 18.3
write_blif appntk/c2670_79_0.0483008_755_18.3.blif

round 80
seed = 1567401000 patienceN = 0 patienceM = 1 frameNumber = 64 nLocalPI = 13

0%   10   20   30   40   50   60   70   80   90   100%
|----|----|----|----|----|----|----|----|----|----|
***************************************************
change patienceM
time = 508650917
area = 757
delay = 18.1
write_blif appntk/c2670_80_0.0483008_757_18.1.blif

round 81
seed = 1567401003 patienceN = 0 patienceM = 2 frameNumber = 64 nLocalPI = 13

0%   10   20   30   40   50   60   70   80   90   100%
|----|----|----|----|----|----|----|----|----|----|
***************************************************
change patienceM
time = 512159349
area = 760
delay = 17.9
write_blif appntk/c2670_81_0.0483008_760_17.9.blif

round 82
seed = 1567401007 patienceN = 0 patienceM = 0 frameNumber = 64 nLocalPI = 12

0%   10   20   30   40   50   60   70   80   90   100%
|----|----|----|----|----|----|----|----|----|----|
***************************************************
change patienceM
time = 516773822
area = 760
delay = 18.1
write_blif appntk/c2670_82_0.0483008_760_18.1.blif

round 83
seed = 1567401010 patienceN = 0 patienceM = 1 frameNumber = 64 nLocalPI = 12

0%   10   20   30   40   50   60   70   80   90   100%
|----|----|----|----|----|----|----|----|----|----|
***************************************************
change patienceM
time = 519912538
area = 756
delay = 17.9
write_blif appntk/c2670_83_0.0483008_756_17.9.blif

round 84
seed = 1567401015 patienceN = 0 patienceM = 2 frameNumber = 64 nLocalPI = 12

0%   10   20   30   40   50   60   70   80   90   100%
|----|----|----|----|----|----|----|----|----|----|
***************************************************
change patienceM
time = 524256013
area = 763
delay = 18.1
write_blif appntk/c2670_84_0.0483008_763_18.1.blif

round 85
seed = 1567401018 patienceN = 0 patienceM = 0 frameNumber = 64 nLocalPI = 11

0%   10   20   30   40   50   60   70   80   90   100%
|----|----|----|----|----|----|----|----|----|----|
***************************************************
change patienceM
time = 528282984
area = 760
delay = 17.9
write_blif appntk/c2670_85_0.0483008_760_17.9.blif

round 86
seed = 1567401022 patienceN = 0 patienceM = 1 frameNumber = 64 nLocalPI = 11

0%   10   20   30   40   50   60   70   80   90   100%
|----|----|----|----|----|----|----|----|----|----|
***************************************************
change patienceM
time = 531669822
area = 756
delay = 18.1
write_blif appntk/c2670_86_0.0483008_756_18.1.blif

round 87
seed = 1567401026 patienceN = 0 patienceM = 2 frameNumber = 64 nLocalPI = 11

0%   10   20   30   40   50   60   70   80   90   100%
|----|----|----|----|----|----|----|----|----|----|
***************************************************
change patienceM
time = 534758758
area = 754
delay = 20.2
write_blif appntk/c2670_87_0.0483008_754_20.2.blif

round 88
seed = 1567401030 patienceN = 0 patienceM = 0 frameNumber = 64 nLocalPI = 10

0%   10   20   30   40   50   60   70   80   90   100%
|----|----|----|----|----|----|----|----|----|----|
***************************************************
change patienceM
time = 538376049
area = 759
delay = 18
write_blif appntk/c2670_88_0.0483008_759_18.blif

round 89
seed = 1567401033 patienceN = 0 patienceM = 1 frameNumber = 64 nLocalPI = 10

0%   10   20   30   40   50   60   70   80   90   100%
|----|----|----|----|----|----|----|----|----|----|
***************************************************
change patienceM
time = 541703582
area = 756
delay = 17.9
write_blif appntk/c2670_89_0.0483008_756_17.9.blif

round 90
seed = 1567401036 patienceN = 0 patienceM = 2 frameNumber = 64 nLocalPI = 10

0%   10   20   30   40   50   60   70   80   90   100%
|----|----|----|----|----|----|----|----|----|----|
***************************************************
change patienceM
time = 545907905
area = 759
delay = 18.3
write_blif appntk/c2670_90_0.0483008_759_18.3.blif

round 91
seed = 1567401040 patienceN = 0 patienceM = 0 frameNumber = 64 nLocalPI = 9

0%   10   20   30   40   50   60   70   80   90   100%
|----|----|----|----|----|----|----|----|----|----|
***************************************************
change patienceM
time = 548578213
area = 755
delay = 18.3
write_blif appntk/c2670_91_0.0483008_755_18.3.blif

round 92
seed = 1567401044 patienceN = 0 patienceM = 1 frameNumber = 64 nLocalPI = 9

0%   10   20   30   40   50   60   70   80   90   100%
|----|----|----|----|----|----|----|----|----|----|
***************************************************
change patienceM
time = 550667267
area = 757
delay = 18.1
write_blif appntk/c2670_92_0.0483008_757_18.1.blif

round 93
seed = 1567401047 patienceN = 0 patienceM = 2 frameNumber = 64 nLocalPI = 9

0%   10   20   30   40   50   60   70   80   90   100%
|----|----|----|----|----|----|----|----|----|----|
***************************************************
change patienceM
time = 554537551
area = 760
delay = 17.9
write_blif appntk/c2670_93_0.0483008_760_17.9.blif

round 94
seed = 1567401049 patienceN = 0 patienceM = 0 frameNumber = 64 nLocalPI = 8

0%   10   20   30   40   50   60   70   80   90   100%
|----|----|----|----|----|----|----|----|----|----|
***************************************************
change patienceM
time = 556857473
area = 760
delay = 18.1
write_blif appntk/c2670_94_0.0483008_760_18.1.blif

round 95
seed = 1567401053 patienceN = 0 patienceM = 1 frameNumber = 64 nLocalPI = 8

0%   10   20   30   40   50   60   70   80   90   100%
|----|----|----|----|----|----|----|----|----|----|
***************************************************
change patienceM
time = 559757632
area = 756
delay = 17.9
write_blif appntk/c2670_95_0.0483008_756_17.9.blif

round 96
seed = 1567401055 patienceN = 0 patienceM = 2 frameNumber = 64 nLocalPI = 8

0%   10   20   30   40   50   60   70   80   90   100%
|----|----|----|----|----|----|----|----|----|----|
***************************************************
change patienceM
time = 563266929
area = 763
delay = 18.1
write_blif appntk/c2670_96_0.0483008_763_18.1.blif

round 97
seed = 1567401058 patienceN = 0 patienceM = 0 frameNumber = 64 nLocalPI = 7

0%   10   20   30   40   50   60   70   80   90   100%
|----|----|----|----|----|----|----|----|----|----|
***************************************************
change patienceM
time = 566995149
area = 760
delay = 17.9
write_blif appntk/c2670_97_0.0483008_760_17.9.blif

round 98
seed = 1567401061 patienceN = 0 patienceM = 1 frameNumber = 64 nLocalPI = 7

0%   10   20   30   40   50   60   70   80   90   100%
|----|----|----|----|----|----|----|----|----|----|
***************************************************
change patienceM
time = 569852889
area = 756
delay = 18.1
write_blif appntk/c2670_98_0.0483008_756_18.1.blif

round 99
seed = 1567401065 patienceN = 0 patienceM = 2 frameNumber = 64 nLocalPI = 7

0%   10   20   30   40   50   60   70   80   90   100%
|----|----|----|----|----|----|----|----|----|----|
***************************************************
change patienceM
time = 573275626
area = 754
delay = 20.2
write_blif appntk/c2670_99_0.0483008_754_20.2.blif

round 100
seed = 1567401068 patienceN = 0 patienceM = 0 frameNumber = 64 nLocalPI = 6

0%   10   20   30   40   50   60   70   80   90   100%
|----|----|----|----|----|----|----|----|----|----|
***************************************************
change patienceM
time = 576071852
area = 759
delay = 18
write_blif appntk/c2670_100_0.0483008_759_18.blif

round 101
seed = 1567401071 patienceN = 0 patienceM = 1 frameNumber = 64 nLocalPI = 6

0%   10   20   30   40   50   60   70   80   90   100%
|----|----|----|----|----|----|----|----|----|----|
***************************************************
change patienceM
time = 578843881
area = 756
delay = 17.9
write_blif appntk/c2670_101_0.0483008_756_17.9.blif

round 102
seed = 1567401074 patienceN = 0 patienceM = 2 frameNumber = 64 nLocalPI = 6

0%   10   20   30   40   50   60   70   80   90   100%
|----|----|----|----|----|----|----|----|----|----|
***************************************************
change patienceM
time = 581925784
area = 759
delay = 18.3
write_blif appntk/c2670_102_0.0483008_759_18.3.blif

round 103
seed = 1567401077 patienceN = 0 patienceM = 0 frameNumber = 64 nLocalPI = 5

0%   10   20   30   40   50   60   70   80   90   100%
|----|----|----|----|----|----|----|----|----|----|
***************************************************
best node n747 best error 0.0607617
time = 584636634
