Entered genlib library with 23 gates from file "data/genlib/mcnc.genlib".
Line 7: Skipping line ".default_input_arrival 0.00 0.00 ".
Line 8: Skipping line ".default_output_required 0.00 0.00 ".
Line 9: Skipping line ".default_input_drive 0.10 0.10 ".
Line 10: Skipping line ".default_output_load 2.00 ".
Line 11: Skipping line ".default_max_input_load 999.00 ".
Original area = 1604, original delay = 55

round 0
seed = 0 patienceN = 0 patienceM = 0 frameNumber = 64 nLocalPI = 30

0%   10   20   30   40   50   60   70   80   90   100%
|----|----|----|----|----|----|----|----|----|----|
***************************************************
best node [140489] best error 0
time = 19325862
area = 1583
delay = 51.1
write_blif appntk/c3540_0_0_1583_51.1.blif

round 1
seed = 1567400498 patienceN = 0 patienceM = 0 frameNumber = 64 nLocalPI = 30

0%   10   20   30   40   50   60   70   80   90   100%
|----|----|----|----|----|----|----|----|----|----|
***************************************************
best node n739 best error 0.000380859
time = 44706986
area = 1570
delay = 51
write_blif appntk/c3540_1_0.000380859_1570_51.blif

round 2
seed = 1567400518 patienceN = 0 patienceM = 0 frameNumber = 64 nLocalPI = 30

0%   10   20   30   40   50   60   70   80   90   100%
|----|----|----|----|----|----|----|----|----|----|
***************************************************
best node n853 best error 0.000380859
time = 60602434
area = 1570
delay = 50.9
write_blif appntk/c3540_2_0.000380859_1570_50.9.blif

round 3
seed = 1567400543 patienceN = 0 patienceM = 0 frameNumber = 64 nLocalPI = 30

0%   10   20   30   40   50   60   70   80   90   100%
|----|----|----|----|----|----|----|----|----|----|
***************************************************
best node n728 best error 0.000166016
time = 78515127
area = 1570
delay = 51.2
write_blif appntk/c3540_3_0.000166016_1570_51.2.blif

round 4
seed = 1567400559 patienceN = 0 patienceM = 0 frameNumber = 64 nLocalPI = 30

0%   10   20   30   40   50   60   70   80   90   100%
|----|----|----|----|----|----|----|----|----|----|
***************************************************
best node n425 best error 0.000449219
time = 98790839
area = 1564
delay = 50.9
write_blif appntk/c3540_4_0.000449219_1564_50.9.blif

round 5
seed = 1567400577 patienceN = 0 patienceM = 0 frameNumber = 64 nLocalPI = 30

0%   10   20   30   40   50   60   70   80   90   100%
|----|----|----|----|----|----|----|----|----|----|
***************************************************
best node n729 best error 0.000878906
time = 120180867
area = 1562
delay = 50.9
write_blif appntk/c3540_5_0.000878906_1562_50.9.blif

round 6
seed = 1567400597 patienceN = 0 patienceM = 0 frameNumber = 64 nLocalPI = 30

0%   10   20   30   40   50   60   70   80   90   100%
|----|----|----|----|----|----|----|----|----|----|
***************************************************
best node n733 best error 0.0015332
time = 138540666
area = 1567
delay = 51.2
write_blif appntk/c3540_6_0.0015332_1567_51.2.blif

round 7
seed = 1567400618 patienceN = 0 patienceM = 0 frameNumber = 64 nLocalPI = 30

0%   10   20   30   40   50   60   70   80   90   100%
|----|----|----|----|----|----|----|----|----|----|
***************************************************
best node n880 best error 0.00236328
time = 156280041
area = 1571
delay = 50.9
write_blif appntk/c3540_7_0.00236328_1571_50.9.blif

round 8
seed = 1567400637 patienceN = 0 patienceM = 0 frameNumber = 64 nLocalPI = 30

0%   10   20   30   40   50   60   70   80   90   100%
|----|----|----|----|----|----|----|----|----|----|
***************************************************
best node n869 best error 0.00323242
time = 170705825
area = 1570
delay = 50.9
write_blif appntk/c3540_8_0.00323242_1570_50.9.blif

round 9
seed = 1567400655 patienceN = 0 patienceM = 0 frameNumber = 64 nLocalPI = 30

0%   10   20   30   40   50   60   70   80   90   100%
|----|----|----|----|----|----|----|----|----|----|
***************************************************
best node n421 best error 0.00366211
time = 186812335
area = 1561
delay = 51.2
write_blif appntk/c3540_9_0.00366211_1561_51.2.blif

round 10
seed = 1567400669 patienceN = 0 patienceM = 0 frameNumber = 64 nLocalPI = 30

0%   10   20   30   40   50   60   70   80   90   100%
|----|----|----|----|----|----|----|----|----|----|
***************************************************
best node n861 best error 0.00370117
time = 203992002
area = 1569
delay = 50.9
write_blif appntk/c3540_10_0.00370117_1569_50.9.blif

round 11
seed = 1567400685 patienceN = 0 patienceM = 0 frameNumber = 64 nLocalPI = 30

0%   10   20   30   40   50   60   70   80   90   100%
|----|----|----|----|----|----|----|----|----|----|
***************************************************
best node n863 best error 0.00455078
time = 222163411
area = 1548
delay = 50.9
write_blif appntk/c3540_11_0.00455078_1548_50.9.blif

round 12
seed = 1567400702 patienceN = 0 patienceM = 0 frameNumber = 64 nLocalPI = 30

0%   10   20   30   40   50   60   70   80   90   100%
|----|----|----|----|----|----|----|----|----|----|
***************************************************
best node n423 best error 0.00541992
time = 240157925
area = 1564
delay = 51.2
write_blif appntk/c3540_12_0.00541992_1564_51.2.blif

round 13
seed = 1567400721 patienceN = 0 patienceM = 0 frameNumber = 64 nLocalPI = 30

0%   10   20   30   40   50   60   70   80   90   100%
|----|----|----|----|----|----|----|----|----|----|
***************************************************
best node n424 best error 0.00557617
time = 255782034
area = 1542
delay = 50.9
write_blif appntk/c3540_13_0.00557617_1542_50.9.blif

round 14
seed = 1567400739 patienceN = 0 patienceM = 0 frameNumber = 64 nLocalPI = 30

0%   10   20   30   40   50   60   70   80   90   100%
|----|----|----|----|----|----|----|----|----|----|
***************************************************
best node n422 best error 0.00634766
time = 272458532
area = 1555
delay = 50.9
write_blif appntk/c3540_14_0.00634766_1555_50.9.blif

round 15
seed = 1567400754 patienceN = 0 patienceM = 0 frameNumber = 64 nLocalPI = 30

0%   10   20   30   40   50   60   70   80   90   100%
|----|----|----|----|----|----|----|----|----|----|
***************************************************
best node n421 best error 0.00667969
time = 284942770
area = 1532
delay = 49.6
write_blif appntk/c3540_15_0.00667969_1532_49.6.blif

round 16
seed = 1567400771 patienceN = 0 patienceM = 0 frameNumber = 64 nLocalPI = 30

0%   10   20   30   40   50   60   70   80   90   100%
|----|----|----|----|----|----|----|----|----|----|
***************************************************
best node n850 best error 0.00754883
time = 301573272
area = 1542
delay = 49.5
write_blif appntk/c3540_16_0.00754883_1542_49.5.blif

round 17
seed = 1567400783 patienceN = 0 patienceM = 0 frameNumber = 64 nLocalPI = 30

0%   10   20   30   40   50   60   70   80   90   100%
|----|----|----|----|----|----|----|----|----|----|
***************************************************
best node n850 best error 0.00850586
time = 320953399
area = 1528
delay = 49.5
write_blif appntk/c3540_17_0.00850586_1528_49.5.blif

round 18
seed = 1567400800 patienceN = 0 patienceM = 0 frameNumber = 64 nLocalPI = 30

0%   10   20   30   40   50   60   70   80   90   100%
|----|----|----|----|----|----|----|----|----|----|
***************************************************
best node n853 best error 0.00938477
time = 337649556
area = 1543
delay = 49.6
write_blif appntk/c3540_18_0.00938477_1543_49.6.blif

round 19
seed = 1567400819 patienceN = 0 patienceM = 0 frameNumber = 64 nLocalPI = 30

0%   10   20   30   40   50   60   70   80   90   100%
|----|----|----|----|----|----|----|----|----|----|
***************************************************
best node n865 best error 0.010293
time = 352076939
area = 1529
delay = 49.5
write_blif appntk/c3540_19_0.010293_1529_49.5.blif

round 20
seed = 1567400836 patienceN = 0 patienceM = 0 frameNumber = 64 nLocalPI = 30

0%   10   20   30   40   50   60   70   80   90   100%
|----|----|----|----|----|----|----|----|----|----|
***************************************************
best node n859 best error 0.0111914
time = 368695429
area = 1528
delay = 49.5
write_blif appntk/c3540_20_0.0111914_1528_49.5.blif

round 21
seed = 1567400851 patienceN = 0 patienceM = 0 frameNumber = 64 nLocalPI = 30

0%   10   20   30   40   50   60   70   80   90   100%
|----|----|----|----|----|----|----|----|----|----|
***************************************************
best node n850 best error 0.0112793
time = 384146126
area = 1527
delay = 49.6
write_blif appntk/c3540_21_0.0112793_1527_49.6.blif

round 22
seed = 1567400867 patienceN = 0 patienceM = 0 frameNumber = 64 nLocalPI = 30

0%   10   20   30   40   50   60   70   80   90   100%
|----|----|----|----|----|----|----|----|----|----|
***************************************************
best node n861 best error 0.0114648
time = 398900824
area = 1532
delay = 49.5
write_blif appntk/c3540_22_0.0114648_1532_49.5.blif

round 23
seed = 1567400883 patienceN = 0 patienceM = 0 frameNumber = 64 nLocalPI = 30

0%   10   20   30   40   50   60   70   80   90   100%
|----|----|----|----|----|----|----|----|----|----|
***************************************************
best node n860 best error 0.0124805
time = 416643444
area = 1517
delay = 48.1
write_blif appntk/c3540_23_0.0124805_1517_48.1.blif

round 24
seed = 1567400897 patienceN = 0 patienceM = 0 frameNumber = 64 nLocalPI = 30

0%   10   20   30   40   50   60   70   80   90   100%
|----|----|----|----|----|----|----|----|----|----|
***************************************************
best node n848 best error 0.0134473
time = 433443677
area = 1519
delay = 49.6
write_blif appntk/c3540_24_0.0134473_1519_49.6.blif

round 25
seed = 1567400915 patienceN = 0 patienceM = 0 frameNumber = 64 nLocalPI = 30

0%   10   20   30   40   50   60   70   80   90   100%
|----|----|----|----|----|----|----|----|----|----|
***************************************************
best node n721 best error 0.0145313
time = 446468613
area = 1518
delay = 49.5
write_blif appntk/c3540_25_0.0145313_1518_49.5.blif

round 26
seed = 1567400932 patienceN = 0 patienceM = 0 frameNumber = 64 nLocalPI = 30

0%   10   20   30   40   50   60   70   80   90   100%
|----|----|----|----|----|----|----|----|----|----|
***************************************************
best node n666 best error 0.0157129
time = 461841314
area = 1513
delay = 49.5
write_blif appntk/c3540_26_0.0157129_1513_49.5.blif

round 27
seed = 1567400945 patienceN = 0 patienceM = 0 frameNumber = 64 nLocalPI = 30

0%   10   20   30   40   50   60   70   80   90   100%
|----|----|----|----|----|----|----|----|----|----|
***************************************************
best node n845 best error 0.0157422
time = 479265228
area = 1515
delay = 49.6
write_blif appntk/c3540_27_0.0157422_1515_49.6.blif

round 28
seed = 1567400960 patienceN = 0 patienceM = 0 frameNumber = 64 nLocalPI = 30

0%   10   20   30   40   50   60   70   80   90   100%
|----|----|----|----|----|----|----|----|----|----|
***************************************************
best node n850 best error 0.0168555
time = 495101537
area = 1518
delay = 49.5
write_blif appntk/c3540_28_0.0168555_1518_49.5.blif

round 29
seed = 1567400978 patienceN = 0 patienceM = 0 frameNumber = 64 nLocalPI = 30

0%   10   20   30   40   50   60   70   80   90   100%
|----|----|----|----|----|----|----|----|----|----|
***************************************************
best node n850 best error 0.0179297
time = 512757787
area = 1507
delay = 48.1
write_blif appntk/c3540_29_0.0179297_1507_48.1.blif

round 30
seed = 1567400994 patienceN = 0 patienceM = 0 frameNumber = 64 nLocalPI = 30

0%   10   20   30   40   50   60   70   80   90   100%
|----|----|----|----|----|----|----|----|----|----|
***************************************************
best node n850 best error 0.018877
time = 531313235
area = 1504
delay = 48.2
write_blif appntk/c3540_30_0.018877_1504_48.2.blif

round 31
seed = 1567401011 patienceN = 0 patienceM = 0 frameNumber = 64 nLocalPI = 30

0%   10   20   30   40   50   60   70   80   90   100%
|----|----|----|----|----|----|----|----|----|----|
***************************************************
best node n844 best error 0.0199219
time = 545958744
area = 1497
delay = 49.5
write_blif appntk/c3540_31_0.0199219_1497_49.5.blif

round 32
seed = 1567401030 patienceN = 0 patienceM = 0 frameNumber = 64 nLocalPI = 30

0%   10   20   30   40   50   60   70   80   90   100%
|----|----|----|----|----|----|----|----|----|----|
***************************************************
best node n536 best error 0.0211914
time = 561277423
area = 1494
delay = 48.1
write_blif appntk/c3540_32_0.0211914_1494_48.1.blif

round 33
seed = 1567401044 patienceN = 0 patienceM = 0 frameNumber = 64 nLocalPI = 30

0%   10   20   30   40   50   60   70   80   90   100%
|----|----|----|----|----|----|----|----|----|----|
***************************************************
best node n864 best error 0.022002
time = 576924185
area = 1495
delay = 49.6
write_blif appntk/c3540_33_0.022002_1495_49.6.blif

round 34
seed = 1567401060 patienceN = 0 patienceM = 0 frameNumber = 64 nLocalPI = 30

0%   10   20   30   40   50   60   70   80   90   100%
|----|----|----|----|----|----|----|----|----|----|
***************************************************
best node n812 best error 0.0223828
time = 594428755
area = 1491
delay = 48.1
write_blif appntk/c3540_34_0.0223828_1491_48.1.blif

round 35
seed = 1567401075 patienceN = 0 patienceM = 0 frameNumber = 64 nLocalPI = 30

0%   10   20   30   40   50   60   70   80   90   100%
|----|----|----|----|----|----|----|----|----|----|
***************************************************
best node n482 best error 0.023623
time = 607407003
area = 1488
delay = 48.1
write_blif appntk/c3540_35_0.023623_1488_48.1.blif

round 36
seed = 1567401093 patienceN = 0 patienceM = 0 frameNumber = 64 nLocalPI = 30

0%   10   20   30   40   50   60   70   80   90   100%
|----|----|----|----|----|----|----|----|----|----|
***************************************************
best node n864 best error 0.0236816
time = 625911563
area = 1489
delay = 48.2
write_blif appntk/c3540_36_0.0236816_1489_48.2.blif

round 37
seed = 1567401106 patienceN = 0 patienceM = 0 frameNumber = 64 nLocalPI = 30

0%   10   20   30   40   50   60   70   80   90   100%
|----|----|----|----|----|----|----|----|----|----|
***************************************************
best node n701 best error 0.0238965
time = 642971465
area = 1483
delay = 49.5
write_blif appntk/c3540_37_0.0238965_1483_49.5.blif

round 38
seed = 1567401124 patienceN = 0 patienceM = 0 frameNumber = 64 nLocalPI = 30

0%   10   20   30   40   50   60   70   80   90   100%
|----|----|----|----|----|----|----|----|----|----|
***************************************************
best node n472 best error 0.0240234
time = 657844034
area = 1478
delay = 49.5
write_blif appntk/c3540_38_0.0240234_1478_49.5.blif

round 39
seed = 1567401142 patienceN = 0 patienceM = 0 frameNumber = 64 nLocalPI = 30

0%   10   20   30   40   50   60   70   80   90   100%
|----|----|----|----|----|----|----|----|----|----|
***************************************************
best node n476 best error 0.0239355
time = 673287310
area = 1477
delay = 49.6
write_blif appntk/c3540_39_0.0239355_1477_49.6.blif

round 40
seed = 1567401156 patienceN = 0 patienceM = 0 frameNumber = 64 nLocalPI = 30

0%   10   20   30   40   50   60   70   80   90   100%
|----|----|----|----|----|----|----|----|----|----|
***************************************************
best node n604 best error 0.0239648
time = 688821331
area = 1474
delay = 49.5
write_blif appntk/c3540_40_0.0239648_1474_49.5.blif

round 41
seed = 1567401172 patienceN = 0 patienceM = 0 frameNumber = 64 nLocalPI = 30

0%   10   20   30   40   50   60   70   80   90   100%
|----|----|----|----|----|----|----|----|----|----|
***************************************************
best node n600 best error 0.0244531
time = 703933302
area = 1474
delay = 49.5
write_blif appntk/c3540_41_0.0244531_1474_49.5.blif

round 42
seed = 1567401187 patienceN = 0 patienceM = 0 frameNumber = 64 nLocalPI = 30

0%   10   20   30   40   50   60   70   80   90   100%
|----|----|----|----|----|----|----|----|----|----|
***************************************************
best node n735 best error 0.0245117
time = 721191210
area = 1472
delay = 49.6
write_blif appntk/c3540_42_0.0245117_1472_49.6.blif

round 43
seed = 1567401202 patienceN = 0 patienceM = 0 frameNumber = 64 nLocalPI = 30

0%   10   20   30   40   50   60   70   80   90   100%
|----|----|----|----|----|----|----|----|----|----|
***************************************************
best node n834 best error 0.0255078
time = 736538351
area = 1469
delay = 49.5
write_blif appntk/c3540_43_0.0255078_1469_49.5.blif

round 44
seed = 1567401220 patienceN = 0 patienceM = 0 frameNumber = 64 nLocalPI = 30

0%   10   20   30   40   50   60   70   80   90   100%
|----|----|----|----|----|----|----|----|----|----|
***************************************************
best node n803 best error 0.0258105
time = 751318769
area = 1469
delay = 48.1
write_blif appntk/c3540_44_0.0258105_1469_48.1.blif

round 45
seed = 1567401235 patienceN = 0 patienceM = 0 frameNumber = 64 nLocalPI = 30

0%   10   20   30   40   50   60   70   80   90   100%
|----|----|----|----|----|----|----|----|----|----|
***************************************************
best node n736 best error 0.025791
time = 766936435
area = 1468
delay = 48.2
write_blif appntk/c3540_45_0.025791_1468_48.2.blif

round 46
seed = 1567401250 patienceN = 0 patienceM = 0 frameNumber = 64 nLocalPI = 30

0%   10   20   30   40   50   60   70   80   90   100%
|----|----|----|----|----|----|----|----|----|----|
***************************************************
best node n739 best error 0.0260742
time = 779433022
area = 1465
delay = 48.1
write_blif appntk/c3540_46_0.0260742_1465_48.1.blif

round 47
seed = 1567401266 patienceN = 0 patienceM = 0 frameNumber = 64 nLocalPI = 30

0%   10   20   30   40   50   60   70   80   90   100%
|----|----|----|----|----|----|----|----|----|----|
***************************************************
best node n866 best error 0.0261426
time = 797380567
area = 1458
delay = 48.1
write_blif appntk/c3540_47_0.0261426_1458_48.1.blif

round 48
seed = 1567401278 patienceN = 0 patienceM = 0 frameNumber = 64 nLocalPI = 30

0%   10   20   30   40   50   60   70   80   90   100%
|----|----|----|----|----|----|----|----|----|----|
***************************************************
best node n572 best error 0.0274121
time = 809766407
area = 1452
delay = 48.2
write_blif appntk/c3540_48_0.0274121_1452_48.2.blif

round 49
seed = 1567401296 patienceN = 0 patienceM = 0 frameNumber = 64 nLocalPI = 30

0%   10   20   30   40   50   60   70   80   90   100%
|----|----|----|----|----|----|----|----|----|----|
***************************************************
best node n583 best error 0.0278223
time = 822635500
area = 1448
delay = 48.1
write_blif appntk/c3540_49_0.0278223_1448_48.1.blif

round 50
seed = 1567401308 patienceN = 0 patienceM = 0 frameNumber = 64 nLocalPI = 30

0%   10   20   30   40   50   60   70   80   90   100%
|----|----|----|----|----|----|----|----|----|----|
***************************************************
best node n695 best error 0.0291113
time = 837989223
area = 1443
delay = 45.6
write_blif appntk/c3540_50_0.0291113_1443_45.6.blif

round 51
seed = 1567401321 patienceN = 0 patienceM = 0 frameNumber = 64 nLocalPI = 30

0%   10   20   30   40   50   60   70   80   90   100%
|----|----|----|----|----|----|----|----|----|----|
***************************************************
best node n523 best error 0.0291309
time = 851742488
area = 1444
delay = 46.5
write_blif appntk/c3540_51_0.0291309_1444_46.5.blif

round 52
seed = 1567401337 patienceN = 0 patienceM = 0 frameNumber = 64 nLocalPI = 30

0%   10   20   30   40   50   60   70   80   90   100%
|----|----|----|----|----|----|----|----|----|----|
***************************************************
best node n668 best error 0.0291602
time = 866808375
area = 1440
delay = 46.5
write_blif appntk/c3540_52_0.0291602_1440_46.5.blif

round 53
seed = 1567401350 patienceN = 0 patienceM = 0 frameNumber = 64 nLocalPI = 30

0%   10   20   30   40   50   60   70   80   90   100%
|----|----|----|----|----|----|----|----|----|----|
***************************************************
best node n790 best error 0.0304492
time = 879986367
area = 1439
delay = 46.5
write_blif appntk/c3540_53_0.0304492_1439_46.5.blif

round 54
seed = 1567401365 patienceN = 0 patienceM = 0 frameNumber = 64 nLocalPI = 30

0%   10   20   30   40   50   60   70   80   90   100%
|----|----|----|----|----|----|----|----|----|----|
***************************************************
best node n690 best error 0.0312305
time = 896563723
area = 1437
delay = 47.5
write_blif appntk/c3540_54_0.0312305_1437_47.5.blif

round 55
seed = 1567401379 patienceN = 0 patienceM = 0 frameNumber = 64 nLocalPI = 30

0%   10   20   30   40   50   60   70   80   90   100%
|----|----|----|----|----|----|----|----|----|----|
***************************************************
best node n640 best error 0.0316211
time = 913446760
area = 1432
delay = 46.5
write_blif appntk/c3540_55_0.0316211_1432_46.5.blif

round 56
seed = 1567401395 patienceN = 0 patienceM = 0 frameNumber = 64 nLocalPI = 30

0%   10   20   30   40   50   60   70   80   90   100%
|----|----|----|----|----|----|----|----|----|----|
***************************************************
best node n668 best error 0.0316211
time = 926405309
area = 1434
delay = 47.2
write_blif appntk/c3540_56_0.0316211_1434_47.2.blif

round 57
seed = 1567401412 patienceN = 0 patienceM = 0 frameNumber = 64 nLocalPI = 30

0%   10   20   30   40   50   60   70   80   90   100%
|----|----|----|----|----|----|----|----|----|----|
***************************************************
best node n481 best error 0.0318164
time = 940209849
area = 1431
delay = 46.5
write_blif appntk/c3540_57_0.0318164_1431_46.5.blif

round 58
seed = 1567401425 patienceN = 0 patienceM = 0 frameNumber = 64 nLocalPI = 30

0%   10   20   30   40   50   60   70   80   90   100%
|----|----|----|----|----|----|----|----|----|----|
***************************************************
best node n850 best error 0.0319336
time = 954367488
area = 1428
delay = 46.5
write_blif appntk/c3540_58_0.0319336_1428_46.5.blif

round 59
seed = 1567401439 patienceN = 0 patienceM = 0 frameNumber = 64 nLocalPI = 30

0%   10   20   30   40   50   60   70   80   90   100%
|----|----|----|----|----|----|----|----|----|----|
***************************************************
best node n712 best error 0.0319824
time = 971828588
area = 1428
delay = 45.6
write_blif appntk/c3540_59_0.0319824_1428_45.6.blif

round 60
seed = 1567401453 patienceN = 0 patienceM = 0 frameNumber = 64 nLocalPI = 30

0%   10   20   30   40   50   60   70   80   90   100%
|----|----|----|----|----|----|----|----|----|----|
***************************************************
best node n539 best error 0.0326562
time = 987874832
area = 1424
delay = 48.5
write_blif appntk/c3540_60_0.0326562_1424_48.5.blif

round 61
seed = 1567401471 patienceN = 0 patienceM = 0 frameNumber = 64 nLocalPI = 30

0%   10   20   30   40   50   60   70   80   90   100%
|----|----|----|----|----|----|----|----|----|----|
***************************************************
best node n712 best error 0.032666
time = 1002578084
area = 1419
delay = 45.6
write_blif appntk/c3540_61_0.032666_1419_45.6.blif

round 62
seed = 1567401487 patienceN = 0 patienceM = 0 frameNumber = 64 nLocalPI = 30

0%   10   20   30   40   50   60   70   80   90   100%
|----|----|----|----|----|----|----|----|----|----|
***************************************************
best node n760 best error 0.0338086
time = 1016850417
area = 1413
delay = 46.5
write_blif appntk/c3540_62_0.0338086_1413_46.5.blif

round 63
seed = 1567401501 patienceN = 0 patienceM = 0 frameNumber = 64 nLocalPI = 30

0%   10   20   30   40   50   60   70   80   90   100%
|----|----|----|----|----|----|----|----|----|----|
***************************************************
best node n528 best error 0.0338574
time = 1031842810
area = 1415
delay = 48.5
write_blif appntk/c3540_63_0.0338574_1415_48.5.blif

round 64
seed = 1567401516 patienceN = 0 patienceM = 0 frameNumber = 64 nLocalPI = 30

0%   10   20   30   40   50   60   70   80   90   100%
|----|----|----|----|----|----|----|----|----|----|
***************************************************
best node n703 best error 0.0344824
time = 1049051489
area = 1408
delay = 46.5
write_blif appntk/c3540_64_0.0344824_1408_46.5.blif

round 65
seed = 1567401531 patienceN = 0 patienceM = 0 frameNumber = 64 nLocalPI = 30

0%   10   20   30   40   50   60   70   80   90   100%
|----|----|----|----|----|----|----|----|----|----|
***************************************************
best node n517 best error 0.0345215
time = 1063162621
area = 1409
delay = 46.5
write_blif appntk/c3540_65_0.0345215_1409_46.5.blif

round 66
seed = 1567401548 patienceN = 0 patienceM = 0 frameNumber = 64 nLocalPI = 30

0%   10   20   30   40   50   60   70   80   90   100%
|----|----|----|----|----|----|----|----|----|----|
***************************************************
best node n628 best error 0.0357812
time = 1076234142
area = 1407
delay = 47.5
write_blif appntk/c3540_66_0.0357812_1407_47.5.blif

round 67
seed = 1567401562 patienceN = 0 patienceM = 0 frameNumber = 64 nLocalPI = 30

0%   10   20   30   40   50   60   70   80   90   100%
|----|----|----|----|----|----|----|----|----|----|
***************************************************
best node n518 best error 0.0361621
time = 1092802927
area = 1403
delay = 46.5
write_blif appntk/c3540_67_0.0361621_1403_46.5.blif

round 68
seed = 1567401575 patienceN = 0 patienceM = 0 frameNumber = 64 nLocalPI = 30

0%   10   20   30   40   50   60   70   80   90   100%
|----|----|----|----|----|----|----|----|----|----|
***************************************************
best node n813 best error 0.0363379
time = 1107211690
area = 1399
delay = 46.5
write_blif appntk/c3540_68_0.0363379_1399_46.5.blif

round 69
seed = 1567401592 patienceN = 0 patienceM = 0 frameNumber = 64 nLocalPI = 30

0%   10   20   30   40   50   60   70   80   90   100%
|----|----|----|----|----|----|----|----|----|----|
***************************************************
best node n605 best error 0.0367871
time = 1120226742
area = 1400
delay = 47.5
write_blif appntk/c3540_69_0.0367871_1400_47.5.blif

round 70
seed = 1567401606 patienceN = 0 patienceM = 0 frameNumber = 64 nLocalPI = 30

0%   10   20   30   40   50   60   70   80   90   100%
|----|----|----|----|----|----|----|----|----|----|
***************************************************
best node n769 best error 0.0369629
time = 1133233168
area = 1395
delay = 46.5
write_blif appntk/c3540_70_0.0369629_1395_46.5.blif

round 71
seed = 1567401619 patienceN = 0 patienceM = 0 frameNumber = 64 nLocalPI = 30

0%   10   20   30   40   50   60   70   80   90   100%
|----|----|----|----|----|----|----|----|----|----|
***************************************************
best node n697 best error 0.0370605
time = 1146568182
area = 1400
delay = 45.6
write_blif appntk/c3540_71_0.0370605_1400_45.6.blif

round 72
seed = 1567401632 patienceN = 0 patienceM = 0 frameNumber = 64 nLocalPI = 30

0%   10   20   30   40   50   60   70   80   90   100%
|----|----|----|----|----|----|----|----|----|----|
***************************************************
best node n821 best error 0.0371387
time = 1159937627
area = 1391
delay = 47.5
write_blif appntk/c3540_72_0.0371387_1391_47.5.blif

round 73
seed = 1567401645 patienceN = 0 patienceM = 0 frameNumber = 64 nLocalPI = 30

0%   10   20   30   40   50   60   70   80   90   100%
|----|----|----|----|----|----|----|----|----|----|
***************************************************
best node n448 best error 0.0371582
time = 1173195266
area = 1393
delay = 46.5
write_blif appntk/c3540_73_0.0371582_1393_46.5.blif

round 74
seed = 1567401659 patienceN = 0 patienceM = 0 frameNumber = 64 nLocalPI = 30

0%   10   20   30   40   50   60   70   80   90   100%
|----|----|----|----|----|----|----|----|----|----|
***************************************************
best node n624 best error 0.0371582
time = 1187009017
area = 1392
delay = 46.5
write_blif appntk/c3540_74_0.0371582_1392_46.5.blif

round 75
seed = 1567401672 patienceN = 0 patienceM = 0 frameNumber = 64 nLocalPI = 30

0%   10   20   30   40   50   60   70   80   90   100%
|----|----|----|----|----|----|----|----|----|----|
***************************************************
best node n654 best error 0.0372754
time = 1201185640
area = 1394
delay = 48.5
write_blif appntk/c3540_75_0.0372754_1394_48.5.blif

round 76
seed = 1567401686 patienceN = 0 patienceM = 0 frameNumber = 64 nLocalPI = 30

0%   10   20   30   40   50   60   70   80   90   100%
|----|----|----|----|----|----|----|----|----|----|
***************************************************
best node n464 best error 0.037334
time = 1214360541
area = 1389
delay = 45.6
write_blif appntk/c3540_76_0.037334_1389_45.6.blif

round 77
seed = 1567401700 patienceN = 0 patienceM = 0 frameNumber = 64 nLocalPI = 30

0%   10   20   30   40   50   60   70   80   90   100%
|----|----|----|----|----|----|----|----|----|----|
***************************************************
best node n821 best error 0.0373438
time = 1228144123
area = 1387
delay = 45.6
write_blif appntk/c3540_77_0.0373438_1387_45.6.blif

round 78
seed = 1567401713 patienceN = 0 patienceM = 0 frameNumber = 64 nLocalPI = 30

0%   10   20   30   40   50   60   70   80   90   100%
|----|----|----|----|----|----|----|----|----|----|
***************************************************
best node n803 best error 0.038584
time = 1243528226
area = 1388
delay = 46.5
write_blif appntk/c3540_78_0.038584_1388_46.5.blif

round 79
seed = 1567401727 patienceN = 0 patienceM = 0 frameNumber = 64 nLocalPI = 30

0%   10   20   30   40   50   60   70   80   90   100%
|----|----|----|----|----|----|----|----|----|----|
***************************************************
best node n698 best error 0.0393359
time = 1254877145
area = 1383
delay = 45.6
write_blif appntk/c3540_79_0.0393359_1383_45.6.blif

round 80
seed = 1567401742 patienceN = 0 patienceM = 0 frameNumber = 64 nLocalPI = 30

0%   10   20   30   40   50   60   70   80   90   100%
|----|----|----|----|----|----|----|----|----|----|
***************************************************
best node n471 best error 0.0400293
time = 1269324755
area = 1379
delay = 45.6
write_blif appntk/c3540_80_0.0400293_1379_45.6.blif

round 81
seed = 1567401754 patienceN = 0 patienceM = 0 frameNumber = 64 nLocalPI = 30

0%   10   20   30   40   50   60   70   80   90   100%
|----|----|----|----|----|----|----|----|----|----|
***************************************************
best node n522 best error 0.0404004
time = 1284728179
area = 1375
delay = 46.5
write_blif appntk/c3540_81_0.0404004_1375_46.5.blif

round 82
seed = 1567401768 patienceN = 0 patienceM = 0 frameNumber = 64 nLocalPI = 30

0%   10   20   30   40   50   60   70   80   90   100%
|----|----|----|----|----|----|----|----|----|----|
***************************************************
best node n468 best error 0.0404297
time = 1298857942
area = 1371
delay = 45.6
write_blif appntk/c3540_82_0.0404297_1371_45.6.blif

round 83
seed = 1567401784 patienceN = 0 patienceM = 0 frameNumber = 64 nLocalPI = 30

0%   10   20   30   40   50   60   70   80   90   100%
|----|----|----|----|----|----|----|----|----|----|
***************************************************
best node n646 best error 0.0404883
time = 1313002600
area = 1366
delay = 45.6
write_blif appntk/c3540_83_0.0404883_1366_45.6.blif

round 84
seed = 1567401798 patienceN = 0 patienceM = 0 frameNumber = 64 nLocalPI = 30

0%   10   20   30   40   50   60   70   80   90   100%
|----|----|----|----|----|----|----|----|----|----|
***************************************************
best node n619 best error 0.0405078
time = 1326925671
area = 1364
delay = 46.5
write_blif appntk/c3540_84_0.0405078_1364_46.5.blif

round 85
seed = 1567401812 patienceN = 0 patienceM = 0 frameNumber = 64 nLocalPI = 30

0%   10   20   30   40   50   60   70   80   90   100%
|----|----|----|----|----|----|----|----|----|----|
***************************************************
best node n606 best error 0.0406445
time = 1339999133
area = 1358
delay = 45.6
write_blif appntk/c3540_85_0.0406445_1358_45.6.blif

round 86
seed = 1567401826 patienceN = 0 patienceM = 0 frameNumber = 64 nLocalPI = 30

0%   10   20   30   40   50   60   70   80   90   100%
|----|----|----|----|----|----|----|----|----|----|
***************************************************
best node n731 best error 0.0407129
time = 1355156978
area = 1361
delay = 45.6
write_blif appntk/c3540_86_0.0407129_1361_45.6.blif

round 87
seed = 1567401839 patienceN = 0 patienceM = 0 frameNumber = 64 nLocalPI = 30

0%   10   20   30   40   50   60   70   80   90   100%
|----|----|----|----|----|----|----|----|----|----|
***************************************************
best node n641 best error 0.0407324
time = 1368160091
area = 1366
delay = 48.5
write_blif appntk/c3540_87_0.0407324_1366_48.5.blif

round 88
seed = 1567401854 patienceN = 0 patienceM = 0 frameNumber = 64 nLocalPI = 30

0%   10   20   30   40   50   60   70   80   90   100%
|----|----|----|----|----|----|----|----|----|----|
***************************************************
best node n682 best error 0.040752
time = 1383026008
area = 1362
delay = 46.5
write_blif appntk/c3540_88_0.040752_1362_46.5.blif

round 89
seed = 1567401867 patienceN = 0 patienceM = 0 frameNumber = 64 nLocalPI = 30

0%   10   20   30   40   50   60   70   80   90   100%
|----|----|----|----|----|----|----|----|----|----|
***************************************************
best node n510 best error 0.0411816
time = 1398195521
area = 1360
delay = 47.2
write_blif appntk/c3540_89_0.0411816_1360_47.2.blif

round 90
seed = 1567401882 patienceN = 0 patienceM = 0 frameNumber = 64 nLocalPI = 30

0%   10   20   30   40   50   60   70   80   90   100%
|----|----|----|----|----|----|----|----|----|----|
***************************************************
best node n467 best error 0.0412988
time = 1413639793
area = 1348
delay = 46.5
write_blif appntk/c3540_90_0.0412988_1348_46.5.blif

round 91
seed = 1567401897 patienceN = 0 patienceM = 0 frameNumber = 64 nLocalPI = 30

0%   10   20   30   40   50   60   70   80   90   100%
|----|----|----|----|----|----|----|----|----|----|
***************************************************
best node n735 best error 0.0414063
time = 1426839494
area = 1344
delay = 46.5
write_blif appntk/c3540_91_0.0414063_1344_46.5.blif

round 92
seed = 1567401913 patienceN = 0 patienceM = 0 frameNumber = 64 nLocalPI = 30

0%   10   20   30   40   50   60   70   80   90   100%
|----|----|----|----|----|----|----|----|----|----|
***************************************************
best node n793 best error 0.0414551
time = 1440875998
area = 1344
delay = 46.5
write_blif appntk/c3540_92_0.0414551_1344_46.5.blif

round 93
seed = 1567401926 patienceN = 0 patienceM = 0 frameNumber = 64 nLocalPI = 30

0%   10   20   30   40   50   60   70   80   90   100%
|----|----|----|----|----|----|----|----|----|----|
***************************************************
best node n643 best error 0.0414844
time = 1456293947
area = 1339
delay = 47.5
write_blif appntk/c3540_93_0.0414844_1339_47.5.blif

round 94
seed = 1567401940 patienceN = 0 patienceM = 0 frameNumber = 64 nLocalPI = 30

0%   10   20   30   40   50   60   70   80   90   100%
|----|----|----|----|----|----|----|----|----|----|
***************************************************
best node n455 best error 0.0428125
time = 1469541105
area = 1339
delay = 46.5
write_blif appntk/c3540_94_0.0428125_1339_46.5.blif

round 95
seed = 1567401955 patienceN = 0 patienceM = 0 frameNumber = 64 nLocalPI = 30

0%   10   20   30   40   50   60   70   80   90   100%
|----|----|----|----|----|----|----|----|----|----|
***************************************************
best node n648 best error 0.0428516
time = 1482115740
area = 1335
delay = 46.5
write_blif appntk/c3540_95_0.0428516_1335_46.5.blif

round 96
seed = 1567401969 patienceN = 0 patienceM = 0 frameNumber = 64 nLocalPI = 30

0%   10   20   30   40   50   60   70   80   90   100%
|----|----|----|----|----|----|----|----|----|----|
***************************************************
best node n504 best error 0.0436035
time = 1495301051
area = 1336
delay = 46.5
write_blif appntk/c3540_96_0.0436035_1336_46.5.blif

round 97
seed = 1567401981 patienceN = 0 patienceM = 0 frameNumber = 64 nLocalPI = 30

0%   10   20   30   40   50   60   70   80   90   100%
|----|----|----|----|----|----|----|----|----|----|
***************************************************
best node n452 best error 0.043584
time = 1508043791
area = 1329
delay = 45.6
write_blif appntk/c3540_97_0.043584_1329_45.6.blif

round 98
seed = 1567401994 patienceN = 0 patienceM = 0 frameNumber = 64 nLocalPI = 30

0%   10   20   30   40   50   60   70   80   90   100%
|----|----|----|----|----|----|----|----|----|----|
***************************************************
best node n665 best error 0.0438965
time = 1522348101
area = 1328
delay = 45.6
write_blif appntk/c3540_98_0.0438965_1328_45.6.blif

round 99
seed = 1567402007 patienceN = 0 patienceM = 0 frameNumber = 64 nLocalPI = 30

0%   10   20   30   40   50   60   70   80   90   100%
|----|----|----|----|----|----|----|----|----|----|
***************************************************
best node n643 best error 0.044082
time = 1534061582
area = 1328
delay = 46.5
write_blif appntk/c3540_99_0.044082_1328_46.5.blif

round 100
seed = 1567402021 patienceN = 0 patienceM = 0 frameNumber = 64 nLocalPI = 30

0%   10   20   30   40   50   60   70   80   90   100%
|----|----|----|----|----|----|----|----|----|----|
***************************************************
best node n661 best error 0.0441211
time = 1548526797
area = 1324
delay = 46.5
write_blif appntk/c3540_100_0.0441211_1324_46.5.blif

round 101
seed = 1567402033 patienceN = 0 patienceM = 0 frameNumber = 64 nLocalPI = 30

0%   10   20   30   40   50   60   70   80   90   100%
|----|----|----|----|----|----|----|----|----|----|
***************************************************
best node n717 best error 0.0441895
time = 1562166893
area = 1323
delay = 45.6
write_blif appntk/c3540_101_0.0441895_1323_45.6.blif

round 102
seed = 1567402048 patienceN = 0 patienceM = 0 frameNumber = 64 nLocalPI = 30

0%   10   20   30   40   50   60   70   80   90   100%
|----|----|----|----|----|----|----|----|----|----|
***************************************************
best node n637 best error 0.045498
time = 1573322129
area = 1318
delay = 46.5
write_blif appntk/c3540_102_0.045498_1318_46.5.blif

round 103
seed = 1567402061 patienceN = 0 patienceM = 0 frameNumber = 64 nLocalPI = 30

0%   10   20   30   40   50   60   70   80   90   100%
|----|----|----|----|----|----|----|----|----|----|
***************************************************
best node n587 best error 0.0461816
time = 1586268104
area = 1315
delay = 45.6
write_blif appntk/c3540_103_0.0461816_1315_45.6.blif

round 104
seed = 1567402072 patienceN = 0 patienceM = 0 frameNumber = 64 nLocalPI = 30

0%   10   20   30   40   50   60   70   80   90   100%
|----|----|----|----|----|----|----|----|----|----|
***************************************************
best node n601 best error 0.0463477
time = 1597735486
area = 1314
delay = 45.6
write_blif appntk/c3540_104_0.0463477_1314_45.6.blif

round 105
seed = 1567402085 patienceN = 0 patienceM = 0 frameNumber = 64 nLocalPI = 30

0%   10   20   30   40   50   60   70   80   90   100%
|----|----|----|----|----|----|----|----|----|----|
***************************************************
best node n723 best error 0.0476758
time = 1610325710
area = 1311
delay = 46.5
write_blif appntk/c3540_105_0.0476758_1311_46.5.blif

round 106
seed = 1567402097 patienceN = 0 patienceM = 0 frameNumber = 64 nLocalPI = 30

0%   10   20   30   40   50   60   70   80   90   100%
|----|----|----|----|----|----|----|----|----|----|
***************************************************
best node n768 best error 0.0480273
time = 1623379937
area = 1308
delay = 45.6
write_blif appntk/c3540_106_0.0480273_1308_45.6.blif

round 107
seed = 1567402109 patienceN = 0 patienceM = 0 frameNumber = 64 nLocalPI = 30

0%   10   20   30   40   50   60   70   80   90   100%
|----|----|----|----|----|----|----|----|----|----|
***************************************************
best node n662 best error 0.0488379
time = 1633484127
area = 1304
delay = 45.6
write_blif appntk/c3540_107_0.0488379_1304_45.6.blif

round 108
seed = 1567402122 patienceN = 0 patienceM = 0 frameNumber = 64 nLocalPI = 30

0%   10   20   30   40   50   60   70   80   90   100%
|----|----|----|----|----|----|----|----|----|----|
***************************************************
best node n774 best error 0.0492676
time = 1645218164
area = 1301
delay = 46.5
write_blif appntk/c3540_108_0.0492676_1301_46.5.blif

round 109
seed = 1567402133 patienceN = 0 patienceM = 0 frameNumber = 64 nLocalPI = 30

0%   10   20   30   40   50   60   70   80   90   100%
|----|----|----|----|----|----|----|----|----|----|
***************************************************
best node n711 best error 0.0494336
time = 1655709564
area = 1299
delay = 45.6
write_blif appntk/c3540_109_0.0494336_1299_45.6.blif

round 110
seed = 1567402144 patienceN = 0 patienceM = 0 frameNumber = 64 nLocalPI = 30

0%   10   20   30   40   50   60   70   80   90   100%
|----|----|----|----|----|----|----|----|----|----|
***************************************************
best node n597 best error 0.0494531
time = 1667902931
area = 1299
delay = 45.6
write_blif appntk/c3540_110_0.0494531_1299_45.6.blif

round 111
seed = 1567402155 patienceN = 0 patienceM = 0 frameNumber = 64 nLocalPI = 30

0%   10   20   30   40   50   60   70   80   90   100%
|----|----|----|----|----|----|----|----|----|----|
***************************************************
best node n713 best error 0.0494531
time = 1679706815
area = 1298
delay = 46.5
write_blif appntk/c3540_111_0.0494531_1298_46.5.blif

round 112
seed = 1567402167 patienceN = 0 patienceM = 0 frameNumber = 64 nLocalPI = 30

0%   10   20   30   40   50   60   70   80   90   100%
|----|----|----|----|----|----|----|----|----|----|
***************************************************
best node n465 best error 0.0496484
time = 1694408989
area = 1292
delay = 45.6
write_blif appntk/c3540_112_0.0496484_1292_45.6.blif

round 113
seed = 1567402179 patienceN = 0 patienceM = 0 frameNumber = 64 nLocalPI = 30

0%   10   20   30   40   50   60   70   80   90   100%
|----|----|----|----|----|----|----|----|----|----|
***************************************************
best node n667 best error 0.0496777
time = 1706959988
area = 1290
delay = 45.6
write_blif appntk/c3540_113_0.0496777_1290_45.6.blif

round 114
seed = 1567402193 patienceN = 0 patienceM = 0 frameNumber = 64 nLocalPI = 30

0%   10   20   30   40   50   60   70   80   90   100%
|----|----|----|----|----|----|----|----|----|----|
***************************************************
best node n467 best error 0.0496777
time = 1717612306
area = 1289
delay = 46.5
write_blif appntk/c3540_114_0.0496777_1289_46.5.blif

round 115
seed = 1567402206 patienceN = 0 patienceM = 0 frameNumber = 64 nLocalPI = 30

0%   10   20   30   40   50   60   70   80   90   100%
|----|----|----|----|----|----|----|----|----|----|
***************************************************
best node n456 best error 0.0497656
time = 1729935034
area = 1285
delay = 45.6
write_blif appntk/c3540_115_0.0497656_1285_45.6.blif

round 116
seed = 1567402217 patienceN = 0 patienceM = 0 frameNumber = 64 nLocalPI = 30

0%   10   20   30   40   50   60   70   80   90   100%
|----|----|----|----|----|----|----|----|----|----|
***************************************************
best node n656 best error 0.0497949
time = 1745808977
area = 1288
delay = 45.6
write_blif appntk/c3540_116_0.0497949_1288_45.6.blif

round 117
seed = 1567402229 patienceN = 0 patienceM = 0 frameNumber = 64 nLocalPI = 30

0%   10   20   30   40   50   60   70   80   90   100%
|----|----|----|----|----|----|----|----|----|----|
***************************************************
best node n590 best error 0.0498926
time = 1758558166
area = 1286
delay = 46.5
write_blif appntk/c3540_117_0.0498926_1286_46.5.blif

round 118
seed = 1567402245 patienceN = 0 patienceM = 0 frameNumber = 64 nLocalPI = 30

0%   10   20   30   40   50   60   70   80   90   100%
|----|----|----|----|----|----|----|----|----|----|
***************************************************
best node n593 best error 0.0498828
time = 1771738740
area = 1280
delay = 45.6
write_blif appntk/c3540_118_0.0498828_1280_45.6.blif

round 119
seed = 1567402258 patienceN = 0 patienceM = 0 frameNumber = 64 nLocalPI = 30

0%   10   20   30   40   50   60   70   80   90   100%
|----|----|----|----|----|----|----|----|----|----|
***************************************************
best node n506 best error 0.0499023
time = 1783669437
area = 1281
delay = 45.6
write_blif appntk/c3540_119_0.0499023_1281_45.6.blif

round 120
seed = 1567402271 patienceN = 0 patienceM = 0 frameNumber = 64 nLocalPI = 30

0%   10   20   30   40   50   60   70   80   90   100%
|----|----|----|----|----|----|----|----|----|----|
***************************************************
best node n500 best error 0.0498828
time = 1796576699
area = 1279
delay = 46.5
write_blif appntk/c3540_120_0.0498828_1279_46.5.blif

round 121
seed = 1567402283 patienceN = 0 patienceM = 0 frameNumber = 64 nLocalPI = 30

0%   10   20   30   40   50   60   70   80   90   100%
|----|----|----|----|----|----|----|----|----|----|
***************************************************
best node n626 best error 0.0499414
time = 1806301388
area = 1272
delay = 45.6
write_blif appntk/c3540_121_0.0499414_1272_45.6.blif

round 122
seed = 1567402296 patienceN = 0 patienceM = 0 frameNumber = 64 nLocalPI = 30

0%   10   20   30   40   50   60   70   80   90   100%
|----|----|----|----|----|----|----|----|----|----|
***************************************************
best node n494 best error 0.0499902
time = 1816462783
area = 1269
delay = 45.6
write_blif appntk/c3540_122_0.0499902_1269_45.6.blif

round 123
seed = 1567402305 patienceN = 0 patienceM = 0 frameNumber = 64 nLocalPI = 30

0%   10   20   30   40   50   60   70   80   90   100%
|----|----|----|----|----|----|----|----|----|----|
***************************************************
change patienceM
time = 1829845151
area = 1270
delay = 46.5
write_blif appntk/c3540_123_0.0499902_1270_46.5.blif

round 124
seed = 1567402316 patienceN = 0 patienceM = 1 frameNumber = 64 nLocalPI = 30

0%   10   20   30   40   50   60   70   80   90   100%
|----|----|----|----|----|----|----|----|----|----|
***************************************************
change patienceM
time = 1842053965
area = 1268
delay = 45.6
write_blif appntk/c3540_124_0.0499902_1268_45.6.blif

round 125
seed = 1567402329 patienceN = 0 patienceM = 2 frameNumber = 64 nLocalPI = 30

0%   10   20   30   40   50   60   70   80   90   100%
|----|----|----|----|----|----|----|----|----|----|
***************************************************
change patienceM
time = 1852600444
area = 1269
delay = 45.6
write_blif appntk/c3540_125_0.0499902_1269_45.6.blif

round 126
seed = 1567402341 patienceN = 0 patienceM = 0 frameNumber = 64 nLocalPI = 29

0%   10   20   30   40   50   60   70   80   90   100%
|----|----|----|----|----|----|----|----|----|----|
***************************************************
change patienceM
time = 1863633061
area = 1270
delay = 46.5
write_blif appntk/c3540_126_0.0499902_1270_46.5.blif

round 127
seed = 1567402352 patienceN = 0 patienceM = 1 frameNumber = 64 nLocalPI = 29

0%   10   20   30   40   50   60   70   80   90   100%
|----|----|----|----|----|----|----|----|----|----|
***************************************************
change patienceM
time = 1875584384
area = 1268
delay = 45.6
write_blif appntk/c3540_127_0.0499902_1268_45.6.blif

round 128
seed = 1567402363 patienceN = 0 patienceM = 2 frameNumber = 64 nLocalPI = 29

0%   10   20   30   40   50   60   70   80   90   100%
|----|----|----|----|----|----|----|----|----|----|
***************************************************
change patienceM
time = 1887890600
area = 1269
delay = 45.6
write_blif appntk/c3540_128_0.0499902_1269_45.6.blif

round 129
seed = 1567402375 patienceN = 0 patienceM = 0 frameNumber = 64 nLocalPI = 28

0%   10   20   30   40   50   60   70   80   90   100%
|----|----|----|----|----|----|----|----|----|----|
***************************************************
best node n646 best error 0.05
time = 1898448692
area = 1265
delay = 46.5
write_blif appntk/c3540_129_0.05_1265_46.5.blif

round 130
seed = 1567402387 patienceN = 0 patienceM = 0 frameNumber = 64 nLocalPI = 28

0%   10   20   30   40   50   60   70   80   90   100%
|----|----|----|----|----|----|----|----|----|----|
***************************************************
change patienceM
time = 1910064810
area = 1263
delay = 45.6
write_blif appntk/c3540_130_0.05_1263_45.6.blif

round 131
seed = 1567402398 patienceN = 0 patienceM = 1 frameNumber = 64 nLocalPI = 28

0%   10   20   30   40   50   60   70   80   90   100%
|----|----|----|----|----|----|----|----|----|----|
***************************************************
change patienceM
time = 1920089117
area = 1264
delay = 45.6
write_blif appntk/c3540_131_0.05_1264_45.6.blif

round 132
seed = 1567402409 patienceN = 0 patienceM = 2 frameNumber = 64 nLocalPI = 28

0%   10   20   30   40   50   60   70   80   90   100%
|----|----|----|----|----|----|----|----|----|----|
***************************************************
change patienceM
time = 1930870703
area = 1265
delay = 46.5
write_blif appntk/c3540_132_0.05_1265_46.5.blif

round 133
seed = 1567402419 patienceN = 0 patienceM = 0 frameNumber = 64 nLocalPI = 27

0%   10   20   30   40   50   60   70   80   90   100%
|----|----|----|----|----|----|----|----|----|----|
***************************************************
change patienceM
time = 1942898325
area = 1263
delay = 45.6
write_blif appntk/c3540_133_0.05_1263_45.6.blif

round 134
seed = 1567402430 patienceN = 0 patienceM = 1 frameNumber = 64 nLocalPI = 27

0%   10   20   30   40   50   60   70   80   90   100%
|----|----|----|----|----|----|----|----|----|----|
***************************************************
change patienceM
time = 1955890472
area = 1264
delay = 45.6
write_blif appntk/c3540_134_0.05_1264_45.6.blif

round 135
seed = 1567402442 patienceN = 0 patienceM = 2 frameNumber = 64 nLocalPI = 27

0%   10   20   30   40   50   60   70   80   90   100%
|----|----|----|----|----|----|----|----|----|----|
***************************************************
change patienceM
time = 1966125345
area = 1265
delay = 46.5
write_blif appntk/c3540_135_0.05_1265_46.5.blif

round 136
seed = 1567402455 patienceN = 0 patienceM = 0 frameNumber = 64 nLocalPI = 26

0%   10   20   30   40   50   60   70   80   90   100%
|----|----|----|----|----|----|----|----|----|----|
***************************************************
change patienceM
time = 1976624439
area = 1263
delay = 45.6
write_blif appntk/c3540_136_0.05_1263_45.6.blif

round 137
seed = 1567402465 patienceN = 0 patienceM = 1 frameNumber = 64 nLocalPI = 26

0%   10   20   30   40   50   60   70   80   90   100%
|----|----|----|----|----|----|----|----|----|----|
***************************************************
change patienceM
time = 1987404248
area = 1264
delay = 45.6
write_blif appntk/c3540_137_0.05_1264_45.6.blif

round 138
seed = 1567402476 patienceN = 0 patienceM = 2 frameNumber = 64 nLocalPI = 26

0%   10   20   30   40   50   60   70   80   90   100%
|----|----|----|----|----|----|----|----|----|----|
***************************************************
change patienceM
time = 1999665844
area = 1265
delay = 46.5
write_blif appntk/c3540_138_0.05_1265_46.5.blif

round 139
seed = 1567402487 patienceN = 0 patienceM = 0 frameNumber = 64 nLocalPI = 25

0%   10   20   30   40   50   60   70   80   90   100%
|----|----|----|----|----|----|----|----|----|----|
***************************************************
change patienceM
time = 2011379597
area = 1263
delay = 45.6
write_blif appntk/c3540_139_0.05_1263_45.6.blif

round 140
seed = 1567402499 patienceN = 0 patienceM = 1 frameNumber = 64 nLocalPI = 25

0%   10   20   30   40   50   60   70   80   90   100%
|----|----|----|----|----|----|----|----|----|----|
***************************************************
change patienceM
time = 2022201901
area = 1264
delay = 45.6
write_blif appntk/c3540_140_0.05_1264_45.6.blif

round 141
seed = 1567402511 patienceN = 0 patienceM = 2 frameNumber = 64 nLocalPI = 25

0%   10   20   30   40   50   60   70   80   90   100%
|----|----|----|----|----|----|----|----|----|----|
***************************************************
change patienceM
time = 2031912407
area = 1265
delay = 46.5
write_blif appntk/c3540_141_0.05_1265_46.5.blif

round 142
seed = 1567402521 patienceN = 0 patienceM = 0 frameNumber = 64 nLocalPI = 24

0%   10   20   30   40   50   60   70   80   90   100%
|----|----|----|----|----|----|----|----|----|----|
***************************************************
change patienceM
time = 2043548924
area = 1263
delay = 45.6
write_blif appntk/c3540_142_0.05_1263_45.6.blif

round 143
seed = 1567402531 patienceN = 0 patienceM = 1 frameNumber = 64 nLocalPI = 24

0%   10   20   30   40   50   60   70   80   90   100%
|----|----|----|----|----|----|----|----|----|----|
***************************************************
change patienceM
time = 2056537352
area = 1264
delay = 45.6
write_blif appntk/c3540_143_0.05_1264_45.6.blif

round 144
seed = 1567402543 patienceN = 0 patienceM = 2 frameNumber = 64 nLocalPI = 24

0%   10   20   30   40   50   60   70   80   90   100%
|----|----|----|----|----|----|----|----|----|----|
***************************************************
change patienceM
time = 2067491149
area = 1265
delay = 46.5
write_blif appntk/c3540_144_0.05_1265_46.5.blif

round 145
seed = 1567402556 patienceN = 0 patienceM = 0 frameNumber = 64 nLocalPI = 23

0%   10   20   30   40   50   60   70   80   90   100%
|----|----|----|----|----|----|----|----|----|----|
***************************************************
change patienceM
time = 2078259905
area = 1263
delay = 45.6
write_blif appntk/c3540_145_0.05_1263_45.6.blif

round 146
seed = 1567402567 patienceN = 0 patienceM = 1 frameNumber = 64 nLocalPI = 23

0%   10   20   30   40   50   60   70   80   90   100%
|----|----|----|----|----|----|----|----|----|----|
***************************************************
change patienceM
time = 2090723093
area = 1264
delay = 45.6
write_blif appntk/c3540_146_0.05_1264_45.6.blif

round 147
seed = 1567402577 patienceN = 0 patienceM = 2 frameNumber = 64 nLocalPI = 23

0%   10   20   30   40   50   60   70   80   90   100%
|----|----|----|----|----|----|----|----|----|----|
***************************************************
change patienceM
time = 2103908983
area = 1265
delay = 46.5
write_blif appntk/c3540_147_0.05_1265_46.5.blif

round 148
seed = 1567402590 patienceN = 0 patienceM = 0 frameNumber = 64 nLocalPI = 22

0%   10   20   30   40   50   60   70   80   90   100%
|----|----|----|----|----|----|----|----|----|----|
***************************************************
change patienceM
time = 2114263455
area = 1263
delay = 45.6
write_blif appntk/c3540_148_0.05_1263_45.6.blif

round 149
seed = 1567402603 patienceN = 0 patienceM = 1 frameNumber = 64 nLocalPI = 22

0%   10   20   30   40   50   60   70   80   90   100%
|----|----|----|----|----|----|----|----|----|----|
***************************************************
change patienceM
time = 2124545785
area = 1264
delay = 45.6
write_blif appntk/c3540_149_0.05_1264_45.6.blif

round 150
seed = 1567402613 patienceN = 0 patienceM = 2 frameNumber = 64 nLocalPI = 22

0%   10   20   30   40   50   60   70   80   90   100%
|----|----|----|----|----|----|----|----|----|----|
***************************************************
change patienceM
time = 2136329103
area = 1265
delay = 46.5
write_blif appntk/c3540_150_0.05_1265_46.5.blif

round 151
seed = 1567402624 patienceN = 0 patienceM = 0 frameNumber = 64 nLocalPI = 21

0%   10   20   30   40   50   60   70   80   90   100%
|----|----|----|----|----|----|----|----|----|----|
***************************************************
change patienceM
time = 2146321310
area = 1263
delay = 45.6
write_blif appntk/c3540_151_0.05_1263_45.6.blif

round 152
seed = 1567402636 patienceN = 0 patienceM = 1 frameNumber = 64 nLocalPI = 21

0%   10   20   30   40   50   60   70   80   90   100%
|----|----|----|----|----|----|----|----|----|----|
***************************************************
change patienceM
time = 2156897711
area = 1264
delay = 45.6
write_blif appntk/c3540_152_0.05_1264_45.6.blif

round 153
seed = 1567402646 patienceN = 0 patienceM = 2 frameNumber = 64 nLocalPI = 21

0%   10   20   30   40   50   60   70   80   90   100%
|----|----|----|----|----|----|----|----|----|----|
***************************************************
change patienceM
time = 2169863836
area = 1265
delay = 46.5
write_blif appntk/c3540_153_0.05_1265_46.5.blif

round 154
seed = 1567402656 patienceN = 0 patienceM = 0 frameNumber = 64 nLocalPI = 20

0%   10   20   30   40   50   60   70   80   90   100%
|----|----|----|----|----|----|----|----|----|----|
***************************************************
change patienceM
time = 2180045946
area = 1263
delay = 45.6
write_blif appntk/c3540_154_0.05_1263_45.6.blif

round 155
seed = 1567402669 patienceN = 0 patienceM = 1 frameNumber = 64 nLocalPI = 20

0%   10   20   30   40   50   60   70   80   90   100%
|----|----|----|----|----|----|----|----|----|----|
***************************************************
change patienceM
time = 2190295277
area = 1264
delay = 45.6
write_blif appntk/c3540_155_0.05_1264_45.6.blif

round 156
seed = 1567402679 patienceN = 0 patienceM = 2 frameNumber = 64 nLocalPI = 20

0%   10   20   30   40   50   60   70   80   90   100%
|----|----|----|----|----|----|----|----|----|----|
***************************************************
change patienceM
time = 2201606157
area = 1265
delay = 46.5
write_blif appntk/c3540_156_0.05_1265_46.5.blif

round 157
seed = 1567402690 patienceN = 0 patienceM = 0 frameNumber = 64 nLocalPI = 19

0%   10   20   30   40   50   60   70   80   90   100%
|----|----|----|----|----|----|----|----|----|----|
***************************************************
change patienceM
time = 2212159214
area = 1263
delay = 45.6
write_blif appntk/c3540_157_0.05_1263_45.6.blif

round 158
seed = 1567402701 patienceN = 0 patienceM = 1 frameNumber = 64 nLocalPI = 19

0%   10   20   30   40   50   60   70   80   90   100%
|----|----|----|----|----|----|----|----|----|----|
***************************************************
change patienceM
time = 2222771183
area = 1264
delay = 45.6
write_blif appntk/c3540_158_0.05_1264_45.6.blif

round 159
seed = 1567402711 patienceN = 0 patienceM = 2 frameNumber = 64 nLocalPI = 19

0%   10   20   30   40   50   60   70   80   90   100%
|----|----|----|----|----|----|----|----|----|----|
***************************************************
change patienceM
time = 2234177667
area = 1265
delay = 46.5
write_blif appntk/c3540_159_0.05_1265_46.5.blif

round 160
seed = 1567402722 patienceN = 0 patienceM = 0 frameNumber = 64 nLocalPI = 18

0%   10   20   30   40   50   60   70   80   90   100%
|----|----|----|----|----|----|----|----|----|----|
***************************************************
change patienceM
time = 2245140036
area = 1263
delay = 45.6
write_blif appntk/c3540_160_0.05_1263_45.6.blif

round 161
seed = 1567402733 patienceN = 0 patienceM = 1 frameNumber = 64 nLocalPI = 18

0%   10   20   30   40   50   60   70   80   90   100%
|----|----|----|----|----|----|----|----|----|----|
***************************************************
change patienceM
time = 2254655566
area = 1264
delay = 45.6
write_blif appntk/c3540_161_0.05_1264_45.6.blif

round 162
seed = 1567402744 patienceN = 0 patienceM = 2 frameNumber = 64 nLocalPI = 18

0%   10   20   30   40   50   60   70   80   90   100%
|----|----|----|----|----|----|----|----|----|----|
***************************************************
change patienceM
time = 2264526974
area = 1265
delay = 46.5
write_blif appntk/c3540_162_0.05_1265_46.5.blif

round 163
seed = 1567402754 patienceN = 0 patienceM = 0 frameNumber = 64 nLocalPI = 17

0%   10   20   30   40   50   60   70   80   90   100%
|----|----|----|----|----|----|----|----|----|----|
***************************************************
change patienceM
time = 2274042310
area = 1263
delay = 45.6
write_blif appntk/c3540_163_0.05_1263_45.6.blif

round 164
seed = 1567402764 patienceN = 0 patienceM = 1 frameNumber = 64 nLocalPI = 17

0%   10   20   30   40   50   60   70   80   90   100%
|----|----|----|----|----|----|----|----|----|----|
***************************************************
change patienceM
time = 2285212293
area = 1264
delay = 45.6
write_blif appntk/c3540_164_0.05_1264_45.6.blif

round 165
seed = 1567402773 patienceN = 0 patienceM = 2 frameNumber = 64 nLocalPI = 17

0%   10   20   30   40   50   60   70   80   90   100%
|----|----|----|----|----|----|----|----|----|----|
***************************************************
change patienceM
time = 2295641843
area = 1265
delay = 46.5
write_blif appntk/c3540_165_0.05_1265_46.5.blif

round 166
seed = 1567402784 patienceN = 0 patienceM = 0 frameNumber = 64 nLocalPI = 16

0%   10   20   30   40   50   60   70   80   90   100%
|----|----|----|----|----|----|----|----|----|----|
***************************************************
change patienceM
time = 2306601797
area = 1263
delay = 45.6
write_blif appntk/c3540_166_0.05_1263_45.6.blif

round 167
seed = 1567402795 patienceN = 0 patienceM = 1 frameNumber = 64 nLocalPI = 16

0%   10   20   30   40   50   60   70   80   90   100%
|----|----|----|----|----|----|----|----|----|----|
***************************************************
change patienceM
time = 2317186756
area = 1264
delay = 45.6
write_blif appntk/c3540_167_0.05_1264_45.6.blif

round 168
seed = 1567402806 patienceN = 0 patienceM = 2 frameNumber = 64 nLocalPI = 16

0%   10   20   30   40   50   60   70   80   90   100%
|----|----|----|----|----|----|----|----|----|----|
***************************************************
best node n720 best error 0.0498926
time = 2328167859
area = 1264
delay = 46.5
write_blif appntk/c3540_168_0.0498926_1264_46.5.blif

round 169
seed = 1567402816 patienceN = 0 patienceM = 0 frameNumber = 64 nLocalPI = 16

0%   10   20   30   40   50   60   70   80   90   100%
|----|----|----|----|----|----|----|----|----|----|
***************************************************
change patienceM
time = 2336996060
area = 1262
delay = 45.6
write_blif appntk/c3540_169_0.0498926_1262_45.6.blif

round 170
seed = 1567402827 patienceN = 0 patienceM = 1 frameNumber = 64 nLocalPI = 16

0%   10   20   30   40   50   60   70   80   90   100%
|----|----|----|----|----|----|----|----|----|----|
***************************************************
change patienceM
time = 2347032001
area = 1263
delay = 45.6
write_blif appntk/c3540_170_0.0498926_1263_45.6.blif

round 171
seed = 1567402836 patienceN = 0 patienceM = 2 frameNumber = 64 nLocalPI = 16

0%   10   20   30   40   50   60   70   80   90   100%
|----|----|----|----|----|----|----|----|----|----|
***************************************************
change patienceM
time = 2357831796
area = 1264
delay = 46.5
write_blif appntk/c3540_171_0.0498926_1264_46.5.blif

round 172
seed = 1567402846 patienceN = 0 patienceM = 0 frameNumber = 64 nLocalPI = 15

0%   10   20   30   40   50   60   70   80   90   100%
|----|----|----|----|----|----|----|----|----|----|
***************************************************
change patienceM
time = 2367786391
area = 1262
delay = 45.6
write_blif appntk/c3540_172_0.0498926_1262_45.6.blif

round 173
seed = 1567402857 patienceN = 0 patienceM = 1 frameNumber = 64 nLocalPI = 15

0%   10   20   30   40   50   60   70   80   90   100%
|----|----|----|----|----|----|----|----|----|----|
***************************************************
change patienceM
time = 2379519689
area = 1263
delay = 45.6
write_blif appntk/c3540_173_0.0498926_1263_45.6.blif

round 174
seed = 1567402867 patienceN = 0 patienceM = 2 frameNumber = 64 nLocalPI = 15

0%   10   20   30   40   50   60   70   80   90   100%
|----|----|----|----|----|----|----|----|----|----|
***************************************************
change patienceM
time = 2389920248
area = 1264
delay = 46.5
write_blif appntk/c3540_174_0.0498926_1264_46.5.blif

round 175
seed = 1567402879 patienceN = 0 patienceM = 0 frameNumber = 64 nLocalPI = 14

0%   10   20   30   40   50   60   70   80   90   100%
|----|----|----|----|----|----|----|----|----|----|
***************************************************
change patienceM
time = 2400109203
area = 1262
delay = 45.6
write_blif appntk/c3540_175_0.0498926_1262_45.6.blif

round 176
seed = 1567402889 patienceN = 0 patienceM = 1 frameNumber = 64 nLocalPI = 14

0%   10   20   30   40   50   60   70   80   90   100%
|----|----|----|----|----|----|----|----|----|----|
***************************************************
change patienceM
time = 2409476655
area = 1263
delay = 45.6
write_blif appntk/c3540_176_0.0498926_1263_45.6.blif

round 177
seed = 1567402899 patienceN = 0 patienceM = 2 frameNumber = 64 nLocalPI = 14

0%   10   20   30   40   50   60   70   80   90   100%
|----|----|----|----|----|----|----|----|----|----|
***************************************************
change patienceM
time = 2418146645
area = 1264
delay = 46.5
write_blif appntk/c3540_177_0.0498926_1264_46.5.blif

round 178
seed = 1567402909 patienceN = 0 patienceM = 0 frameNumber = 64 nLocalPI = 13

0%   10   20   30   40   50   60   70   80   90   100%
|----|----|----|----|----|----|----|----|----|----|
***************************************************
change patienceM
time = 2427744246
area = 1262
delay = 45.6
write_blif appntk/c3540_178_0.0498926_1262_45.6.blif

round 179
seed = 1567402917 patienceN = 0 patienceM = 1 frameNumber = 64 nLocalPI = 13

0%   10   20   30   40   50   60   70   80   90   100%
|----|----|----|----|----|----|----|----|----|----|
***************************************************
change patienceM
time = 2437569053
area = 1263
delay = 45.6
write_blif appntk/c3540_179_0.0498926_1263_45.6.blif

round 180
seed = 1567402927 patienceN = 0 patienceM = 2 frameNumber = 64 nLocalPI = 13

0%   10   20   30   40   50   60   70   80   90   100%
|----|----|----|----|----|----|----|----|----|----|
***************************************************
change patienceM
time = 2446924013
area = 1264
delay = 46.5
write_blif appntk/c3540_180_0.0498926_1264_46.5.blif

round 181
seed = 1567402937 patienceN = 0 patienceM = 0 frameNumber = 64 nLocalPI = 12

0%   10   20   30   40   50   60   70   80   90   100%
|----|----|----|----|----|----|----|----|----|----|
***************************************************
change patienceM
time = 2457436033
area = 1262
delay = 45.6
write_blif appntk/c3540_181_0.0498926_1262_45.6.blif

round 182
seed = 1567402946 patienceN = 0 patienceM = 1 frameNumber = 64 nLocalPI = 12

0%   10   20   30   40   50   60   70   80   90   100%
|----|----|----|----|----|----|----|----|----|----|
***************************************************
change patienceM
time = 2467585127
area = 1263
delay = 45.6
write_blif appntk/c3540_182_0.0498926_1263_45.6.blif

round 183
seed = 1567402957 patienceN = 0 patienceM = 2 frameNumber = 64 nLocalPI = 12

0%   10   20   30   40   50   60   70   80   90   100%
|----|----|----|----|----|----|----|----|----|----|
***************************************************
change patienceM
time = 2477421345
area = 1264
delay = 46.5
write_blif appntk/c3540_183_0.0498926_1264_46.5.blif

round 184
seed = 1567402967 patienceN = 0 patienceM = 0 frameNumber = 64 nLocalPI = 11

0%   10   20   30   40   50   60   70   80   90   100%
|----|----|----|----|----|----|----|----|----|----|
***************************************************
change patienceM
time = 2485385135
area = 1262
delay = 45.6
write_blif appntk/c3540_184_0.0498926_1262_45.6.blif

round 185
seed = 1567402977 patienceN = 0 patienceM = 1 frameNumber = 64 nLocalPI = 11

0%   10   20   30   40   50   60   70   80   90   100%
|----|----|----|----|----|----|----|----|----|----|
***************************************************
change patienceM
time = 2494957213
area = 1263
delay = 45.6
write_blif appntk/c3540_185_0.0498926_1263_45.6.blif

round 186
seed = 1567402985 patienceN = 0 patienceM = 2 frameNumber = 64 nLocalPI = 11

0%   10   20   30   40   50   60   70   80   90   100%
|----|----|----|----|----|----|----|----|----|----|
***************************************************
change patienceM
time = 2506631033
area = 1264
delay = 46.5
write_blif appntk/c3540_186_0.0498926_1264_46.5.blif

round 187
seed = 1567402994 patienceN = 0 patienceM = 0 frameNumber = 64 nLocalPI = 10

0%   10   20   30   40   50   60   70   80   90   100%
|----|----|----|----|----|----|----|----|----|----|
***************************************************
change patienceM
time = 2516175883
area = 1262
delay = 45.6
write_blif appntk/c3540_187_0.0498926_1262_45.6.blif

round 188
seed = 1567403006 patienceN = 0 patienceM = 1 frameNumber = 64 nLocalPI = 10

0%   10   20   30   40   50   60   70   80   90   100%
|----|----|----|----|----|----|----|----|----|----|
***************************************************
best node n448 best error 0.0499121
time = 2526023486
area = 1262
delay = 45.6
write_blif appntk/c3540_188_0.0499121_1262_45.6.blif

round 189
seed = 1567403016 patienceN = 0 patienceM = 0 frameNumber = 64 nLocalPI = 10

0%   10   20   30   40   50   60   70   80   90   100%
|----|----|----|----|----|----|----|----|----|----|
***************************************************
change patienceM
time = 2535695656
area = 1263
delay = 46.5
write_blif appntk/c3540_189_0.0499121_1263_46.5.blif

round 190
seed = 1567403025 patienceN = 0 patienceM = 1 frameNumber = 64 nLocalPI = 10

0%   10   20   30   40   50   60   70   80   90   100%
|----|----|----|----|----|----|----|----|----|----|
***************************************************
best node n493 best error 0.0499121
time = 2544789719
area = 1260
delay = 45.6
write_blif appntk/c3540_190_0.0499121_1260_45.6.blif

round 191
seed = 1567403035 patienceN = 0 patienceM = 0 frameNumber = 64 nLocalPI = 10

0%   10   20   30   40   50   60   70   80   90   100%
|----|----|----|----|----|----|----|----|----|----|
***************************************************
change patienceM
time = 2552913110
area = 1261
delay = 45.6
write_blif appntk/c3540_191_0.0499121_1261_45.6.blif

round 192
seed = 1567403044 patienceN = 0 patienceM = 1 frameNumber = 64 nLocalPI = 10

0%   10   20   30   40   50   60   70   80   90   100%
|----|----|----|----|----|----|----|----|----|----|
***************************************************
change patienceM
time = 2561651903
area = 1262
delay = 46.5
write_blif appntk/c3540_192_0.0499121_1262_46.5.blif

round 193
seed = 1567403052 patienceN = 0 patienceM = 2 frameNumber = 64 nLocalPI = 10

0%   10   20   30   40   50   60   70   80   90   100%
|----|----|----|----|----|----|----|----|----|----|
***************************************************
change patienceM
time = 2569395407
area = 1260
delay = 45.6
write_blif appntk/c3540_193_0.0499121_1260_45.6.blif

round 194
seed = 1567403061 patienceN = 0 patienceM = 0 frameNumber = 64 nLocalPI = 9

0%   10   20   30   40   50   60   70   80   90   100%
|----|----|----|----|----|----|----|----|----|----|
***************************************************
change patienceM
time = 2578519928
area = 1261
delay = 45.6
write_blif appntk/c3540_194_0.0499121_1261_45.6.blif

round 195
seed = 1567403069 patienceN = 0 patienceM = 1 frameNumber = 64 nLocalPI = 9

0%   10   20   30   40   50   60   70   80   90   100%
|----|----|----|----|----|----|----|----|----|----|
***************************************************
change patienceM
time = 2588892580
area = 1262
delay = 46.5
write_blif appntk/c3540_195_0.0499121_1262_46.5.blif

round 196
seed = 1567403078 patienceN = 0 patienceM = 2 frameNumber = 64 nLocalPI = 9

0%   10   20   30   40   50   60   70   80   90   100%
|----|----|----|----|----|----|----|----|----|----|
***************************************************
change patienceM
time = 2599551742
area = 1260
delay = 45.6
write_blif appntk/c3540_196_0.0499121_1260_45.6.blif

round 197
seed = 1567403088 patienceN = 0 patienceM = 0 frameNumber = 64 nLocalPI = 8

0%   10   20   30   40   50   60   70   80   90   100%
|----|----|----|----|----|----|----|----|----|----|
***************************************************
change patienceM
time = 2609150574
area = 1261
delay = 45.6
write_blif appntk/c3540_197_0.0499121_1261_45.6.blif

round 198
seed = 1567403099 patienceN = 0 patienceM = 1 frameNumber = 64 nLocalPI = 8

0%   10   20   30   40   50   60   70   80   90   100%
|----|----|----|----|----|----|----|----|----|----|
***************************************************
change patienceM
time = 2618063516
area = 1262
delay = 46.5
write_blif appntk/c3540_198_0.0499121_1262_46.5.blif

round 199
seed = 1567403109 patienceN = 0 patienceM = 2 frameNumber = 64 nLocalPI = 8

0%   10   20   30   40   50   60   70   80   90   100%
|----|----|----|----|----|----|----|----|----|----|
***************************************************
change patienceM
time = 2627495127
area = 1260
delay = 45.6
write_blif appntk/c3540_199_0.0499121_1260_45.6.blif

round 200
seed = 1567403117 patienceN = 0 patienceM = 0 frameNumber = 64 nLocalPI = 7

0%   10   20   30   40   50   60   70   80   90   100%
|----|----|----|----|----|----|----|----|----|----|
***************************************************
change patienceM
time = 2634816337
area = 1261
delay = 45.6
write_blif appntk/c3540_200_0.0499121_1261_45.6.blif

round 201
seed = 1567403127 patienceN = 0 patienceM = 1 frameNumber = 64 nLocalPI = 7

0%   10   20   30   40   50   60   70   80   90   100%
|----|----|----|----|----|----|----|----|----|----|
***************************************************
change patienceM
time = 2642455609
area = 1262
delay = 46.5
write_blif appntk/c3540_201_0.0499121_1262_46.5.blif

round 202
seed = 1567403134 patienceN = 0 patienceM = 2 frameNumber = 64 nLocalPI = 7

0%   10   20   30   40   50   60   70   80   90   100%
|----|----|----|----|----|----|----|----|----|----|
***************************************************
change patienceM
time = 2653128038
area = 1260
delay = 45.6
write_blif appntk/c3540_202_0.0499121_1260_45.6.blif

round 203
seed = 1567403142 patienceN = 0 patienceM = 0 frameNumber = 64 nLocalPI = 6

0%   10   20   30   40   50   60   70   80   90   100%
|----|----|----|----|----|----|----|----|----|----|
***************************************************
change patienceM
time = 2661750467
area = 1261
delay = 45.6
write_blif appntk/c3540_203_0.0499121_1261_45.6.blif

round 204
seed = 1567403153 patienceN = 0 patienceM = 1 frameNumber = 64 nLocalPI = 6

0%   10   20   30   40   50   60   70   80   90   100%
|----|----|----|----|----|----|----|----|----|----|
***************************************************
change patienceM
time = 2670530973
area = 1262
delay = 46.5
write_blif appntk/c3540_204_0.0499121_1262_46.5.blif

round 205
seed = 1567403161 patienceN = 0 patienceM = 2 frameNumber = 64 nLocalPI = 6

0%   10   20   30   40   50   60   70   80   90   100%
|----|----|----|----|----|----|----|----|----|----|
***************************************************
change patienceM
time = 2677302001
area = 1260
delay = 45.6
write_blif appntk/c3540_205_0.0499121_1260_45.6.blif

round 206
seed = 1567403170 patienceN = 0 patienceM = 0 frameNumber = 64 nLocalPI = 5

0%   10   20   30   40   50   60   70   80   90   100%
|----|----|----|----|----|----|----|----|----|----|
***************************************************
best node n612 best error 0.051377
time = 2683915707
