Entered genlib library with 23 gates from file "data/genlib/mcnc.genlib".
Line 20: Skipping line ".default_input_arrival 0.00 0.00 ".
Line 21: Skipping line ".default_output_required 0.00 0.00 ".
Line 22: Skipping line ".default_input_drive 0.10 0.10 ".
Line 23: Skipping line ".default_output_load 2.00 ".
Line 24: Skipping line ".default_max_input_load 999.00 ".
Original area = 2451, original delay = 47.5

round 0
seed = 0 patienceN = 0 patienceM = 0 frameNumber = 64 nLocalPI = 30

0%   10   20   30   40   50   60   70   80   90   100%
|----|----|----|----|----|----|----|----|----|----|
***************************************************
best node 2054 best error 0
time = 105188843
area = 2230
delay = 32.4
write_blif appntk/c5315_0_0_2230_32.4.blif

round 1
seed = 1567400498 patienceN = 0 patienceM = 0 frameNumber = 64 nLocalPI = 30

0%   10   20   30   40   50   60   70   80   90   100%
|----|----|----|----|----|----|----|----|----|----|
***************************************************
best node n1104 best error 0.000693359
time = 136459851
area = 2215
delay = 35.5
write_blif appntk/c5315_1_0.000693359_2215_35.5.blif

round 2
seed = 1567400604 patienceN = 0 patienceM = 0 frameNumber = 64 nLocalPI = 30

0%   10   20   30   40   50   60   70   80   90   100%
|----|----|----|----|----|----|----|----|----|----|
***************************************************
best node n1333 best error 0.00200195
time = 165395802
area = 2201
delay = 34.6
write_blif appntk/c5315_2_0.00200195_2201_34.6.blif

round 3
seed = 1567400636 patienceN = 0 patienceM = 0 frameNumber = 64 nLocalPI = 30

0%   10   20   30   40   50   60   70   80   90   100%
|----|----|----|----|----|----|----|----|----|----|
***************************************************
best node n911 best error 0.00294922
time = 187926082
area = 2204
delay = 34
write_blif appntk/c5315_3_0.00294922_2204_34.blif

round 4
seed = 1567400664 patienceN = 0 patienceM = 0 frameNumber = 64 nLocalPI = 30

0%   10   20   30   40   50   60   70   80   90   100%
|----|----|----|----|----|----|----|----|----|----|
***************************************************
best node n1449 best error 0.00415039
time = 212656330
area = 2179
delay = 35.1
write_blif appntk/c5315_4_0.00415039_2179_35.1.blif

round 5
seed = 1567400687 patienceN = 0 patienceM = 0 frameNumber = 64 nLocalPI = 30

0%   10   20   30   40   50   60   70   80   90   100%
|----|----|----|----|----|----|----|----|----|----|
***************************************************
best node n1083 best error 0.00510742
time = 234680717
area = 2181
delay = 34.6
write_blif appntk/c5315_5_0.00510742_2181_34.6.blif

round 6
seed = 1567400711 patienceN = 0 patienceM = 0 frameNumber = 64 nLocalPI = 30

0%   10   20   30   40   50   60   70   80   90   100%
|----|----|----|----|----|----|----|----|----|----|
***************************************************
best node n1467 best error 0.0065332
time = 252536141
area = 2180
delay = 35.1
write_blif appntk/c5315_6_0.0065332_2180_35.1.blif

round 7
seed = 1567400733 patienceN = 0 patienceM = 0 frameNumber = 64 nLocalPI = 30

0%   10   20   30   40   50   60   70   80   90   100%
|----|----|----|----|----|----|----|----|----|----|
***************************************************
best node n553 best error 0.0084375
time = 274304759
area = 2173
delay = 34.5
write_blif appntk/c5315_7_0.0084375_2173_34.5.blif

round 8
seed = 1567400751 patienceN = 0 patienceM = 0 frameNumber = 64 nLocalPI = 30

0%   10   20   30   40   50   60   70   80   90   100%
|----|----|----|----|----|----|----|----|----|----|
***************************************************
best node n887 best error 0.00963867
time = 291649174
area = 2170
delay = 35.1
write_blif appntk/c5315_8_0.00963867_2170_35.1.blif

round 9
seed = 1567400773 patienceN = 0 patienceM = 0 frameNumber = 64 nLocalPI = 30

0%   10   20   30   40   50   60   70   80   90   100%
|----|----|----|----|----|----|----|----|----|----|
***************************************************
best node n1047 best error 0.0137598
time = 311711602
area = 2160
delay = 36.1
write_blif appntk/c5315_9_0.0137598_2160_36.1.blif

round 10
seed = 1567400790 patienceN = 0 patienceM = 0 frameNumber = 64 nLocalPI = 30

0%   10   20   30   40   50   60   70   80   90   100%
|----|----|----|----|----|----|----|----|----|----|
***************************************************
best node n1297 best error 0.0148047
time = 333585157
area = 2165
delay = 35.1
write_blif appntk/c5315_10_0.0148047_2165_35.1.blif

round 11
seed = 1567400810 patienceN = 0 patienceM = 0 frameNumber = 64 nLocalPI = 30

0%   10   20   30   40   50   60   70   80   90   100%
|----|----|----|----|----|----|----|----|----|----|
***************************************************
best node n543 best error 0.016748
time = 350624835
area = 2149
delay = 34.9
write_blif appntk/c5315_11_0.016748_2149_34.9.blif

round 12
seed = 1567400832 patienceN = 0 patienceM = 0 frameNumber = 64 nLocalPI = 30

0%   10   20   30   40   50   60   70   80   90   100%
|----|----|----|----|----|----|----|----|----|----|
***************************************************
best node n1297 best error 0.0198145
time = 369973819
area = 2149
delay = 35.5
write_blif appntk/c5315_12_0.0198145_2149_35.5.blif

round 13
seed = 1567400849 patienceN = 0 patienceM = 0 frameNumber = 64 nLocalPI = 30

0%   10   20   30   40   50   60   70   80   90   100%
|----|----|----|----|----|----|----|----|----|----|
***************************************************
best node n492 best error 0.0246484
time = 389486940
area = 2150
delay = 34.9
write_blif appntk/c5315_13_0.0246484_2150_34.9.blif

round 14
seed = 1567400869 patienceN = 0 patienceM = 0 frameNumber = 64 nLocalPI = 30

0%   10   20   30   40   50   60   70   80   90   100%
|----|----|----|----|----|----|----|----|----|----|
***************************************************
best node n1456 best error 0.0284277
time = 407598937
area = 2146
delay = 35.6
write_blif appntk/c5315_14_0.0284277_2146_35.6.blif

round 15
seed = 1567400888 patienceN = 0 patienceM = 0 frameNumber = 64 nLocalPI = 30

0%   10   20   30   40   50   60   70   80   90   100%
|----|----|----|----|----|----|----|----|----|----|
***************************************************
best node n1418 best error 0.0324023
time = 426392596
area = 2146
delay = 34.9
write_blif appntk/c5315_15_0.0324023_2146_34.9.blif

round 16
seed = 1567400906 patienceN = 0 patienceM = 0 frameNumber = 64 nLocalPI = 30

0%   10   20   30   40   50   60   70   80   90   100%
|----|----|----|----|----|----|----|----|----|----|
***************************************************
best node n726 best error 0.0394238
time = 446099582
area = 2131
delay = 35.6
write_blif appntk/c5315_16_0.0394238_2131_35.6.blif

round 17
seed = 1567400925 patienceN = 0 patienceM = 0 frameNumber = 64 nLocalPI = 30

0%   10   20   30   40   50   60   70   80   90   100%
|----|----|----|----|----|----|----|----|----|----|
***************************************************
best node n755 best error 0.0394238
time = 461094435
area = 2113
delay = 35.9
write_blif appntk/c5315_17_0.0394238_2113_35.9.blif

round 18
seed = 1567400945 patienceN = 0 patienceM = 0 frameNumber = 64 nLocalPI = 30

0%   10   20   30   40   50   60   70   80   90   100%
|----|----|----|----|----|----|----|----|----|----|
***************************************************
best node n1291 best error 0.0456836
time = 478443558
area = 2115
delay = 37.8
write_blif appntk/c5315_18_0.0456836_2115_37.8.blif

round 19
seed = 1567400960 patienceN = 0 patienceM = 0 frameNumber = 64 nLocalPI = 30

0%   10   20   30   40   50   60   70   80   90   100%
|----|----|----|----|----|----|----|----|----|----|
***************************************************
change patienceM
time = 492574853
area = 2112
delay = 35.9
write_blif appntk/c5315_19_0.0456836_2112_35.9.blif

round 20
seed = 1567400977 patienceN = 0 patienceM = 1 frameNumber = 64 nLocalPI = 30

0%   10   20   30   40   50   60   70   80   90   100%
|----|----|----|----|----|----|----|----|----|----|
***************************************************
change patienceM
time = 508664298
area = 2109
delay = 35.6
write_blif appntk/c5315_20_0.0456836_2109_35.6.blif

round 21
seed = 1567400991 patienceN = 0 patienceM = 2 frameNumber = 64 nLocalPI = 30

0%   10   20   30   40   50   60   70   80   90   100%
|----|----|----|----|----|----|----|----|----|----|
***************************************************
change patienceM
time = 523085831
area = 2108
delay = 35.9
write_blif appntk/c5315_21_0.0456836_2108_35.9.blif

round 22
seed = 1567401007 patienceN = 0 patienceM = 0 frameNumber = 64 nLocalPI = 29

0%   10   20   30   40   50   60   70   80   90   100%
|----|----|----|----|----|----|----|----|----|----|
***************************************************
change patienceM
time = 537085068
area = 2122
delay = 37.8
write_blif appntk/c5315_22_0.0456836_2122_37.8.blif

round 23
seed = 1567401022 patienceN = 0 patienceM = 1 frameNumber = 64 nLocalPI = 29

0%   10   20   30   40   50   60   70   80   90   100%
|----|----|----|----|----|----|----|----|----|----|
***************************************************
change patienceM
time = 552635748
area = 2114
delay = 35.9
write_blif appntk/c5315_23_0.0456836_2114_35.9.blif

round 24
seed = 1567401036 patienceN = 0 patienceM = 2 frameNumber = 64 nLocalPI = 29

0%   10   20   30   40   50   60   70   80   90   100%
|----|----|----|----|----|----|----|----|----|----|
***************************************************
change patienceM
time = 570380397
area = 2107
delay = 36.3
write_blif appntk/c5315_24_0.0456836_2107_36.3.blif

round 25
seed = 1567401051 patienceN = 0 patienceM = 0 frameNumber = 64 nLocalPI = 28

0%   10   20   30   40   50   60   70   80   90   100%
|----|----|----|----|----|----|----|----|----|----|
***************************************************
change patienceM
time = 588593201
area = 2110
delay = 35
write_blif appntk/c5315_25_0.0456836_2110_35.blif

round 26
seed = 1567401069 patienceN = 0 patienceM = 1 frameNumber = 64 nLocalPI = 28

0%   10   20   30   40   50   60   70   80   90   100%
|----|----|----|----|----|----|----|----|----|----|
***************************************************
change patienceM
time = 608078833
area = 2111
delay = 35.7
write_blif appntk/c5315_26_0.0456836_2111_35.7.blif

round 27
seed = 1567401087 patienceN = 0 patienceM = 2 frameNumber = 64 nLocalPI = 28

0%   10   20   30   40   50   60   70   80   90   100%
|----|----|----|----|----|----|----|----|----|----|
***************************************************
change patienceM
time = 630397951
area = 2110
delay = 35.9
write_blif appntk/c5315_27_0.0456836_2110_35.9.blif

round 28
seed = 1567401107 patienceN = 0 patienceM = 0 frameNumber = 64 nLocalPI = 27

0%   10   20   30   40   50   60   70   80   90   100%
|----|----|----|----|----|----|----|----|----|----|
***************************************************
change patienceM
time = 646517277
area = 2120
delay = 37.8
write_blif appntk/c5315_28_0.0456836_2120_37.8.blif

round 29
seed = 1567401129 patienceN = 0 patienceM = 1 frameNumber = 64 nLocalPI = 27

0%   10   20   30   40   50   60   70   80   90   100%
|----|----|----|----|----|----|----|----|----|----|
***************************************************
change patienceM
time = 660769018
area = 2115
delay = 35.9
write_blif appntk/c5315_29_0.0456836_2115_35.9.blif

round 30
seed = 1567401145 patienceN = 0 patienceM = 2 frameNumber = 64 nLocalPI = 27

0%   10   20   30   40   50   60   70   80   90   100%
|----|----|----|----|----|----|----|----|----|----|
***************************************************
change patienceM
time = 674877055
area = 2109
delay = 36
write_blif appntk/c5315_30_0.0456836_2109_36.blif

round 31
seed = 1567401159 patienceN = 0 patienceM = 0 frameNumber = 64 nLocalPI = 26

0%   10   20   30   40   50   60   70   80   90   100%
|----|----|----|----|----|----|----|----|----|----|
***************************************************
best node n1253 best error 0.0482324
time = 691123726
area = 2099
delay = 34.4
write_blif appntk/c5315_31_0.0482324_2099_34.4.blif

round 32
seed = 1567401174 patienceN = 0 patienceM = 0 frameNumber = 64 nLocalPI = 26

0%   10   20   30   40   50   60   70   80   90   100%
|----|----|----|----|----|----|----|----|----|----|
***************************************************
change patienceM
time = 707985459
area = 2101
delay = 35.6
write_blif appntk/c5315_32_0.0482324_2101_35.6.blif

round 33
seed = 1567401190 patienceN = 0 patienceM = 1 frameNumber = 64 nLocalPI = 26

0%   10   20   30   40   50   60   70   80   90   100%
|----|----|----|----|----|----|----|----|----|----|
***************************************************
change patienceM
time = 720789280
area = 2106
delay = 35
write_blif appntk/c5315_33_0.0482324_2106_35.blif

round 34
seed = 1567401207 patienceN = 0 patienceM = 2 frameNumber = 64 nLocalPI = 26

0%   10   20   30   40   50   60   70   80   90   100%
|----|----|----|----|----|----|----|----|----|----|
***************************************************
change patienceM
time = 738577441
area = 2112
delay = 35.6
write_blif appntk/c5315_34_0.0482324_2112_35.6.blif

round 35
seed = 1567401219 patienceN = 0 patienceM = 0 frameNumber = 64 nLocalPI = 25

0%   10   20   30   40   50   60   70   80   90   100%
|----|----|----|----|----|----|----|----|----|----|
***************************************************
change patienceM
time = 754604044
area = 2107
delay = 35.2
write_blif appntk/c5315_35_0.0482324_2107_35.2.blif

round 36
seed = 1567401237 patienceN = 0 patienceM = 1 frameNumber = 64 nLocalPI = 25

0%   10   20   30   40   50   60   70   80   90   100%
|----|----|----|----|----|----|----|----|----|----|
***************************************************
best node n1282 best error 0.0464453
time = 770299857
area = 2101
delay = 35.6
write_blif appntk/c5315_36_0.0464453_2101_35.6.blif

round 37
seed = 1567401253 patienceN = 0 patienceM = 0 frameNumber = 64 nLocalPI = 25

0%   10   20   30   40   50   60   70   80   90   100%
|----|----|----|----|----|----|----|----|----|----|
***************************************************
change patienceM
time = 784611917
area = 2107
delay = 35
write_blif appntk/c5315_37_0.0464453_2107_35.blif

round 38
seed = 1567401269 patienceN = 0 patienceM = 1 frameNumber = 64 nLocalPI = 25

0%   10   20   30   40   50   60   70   80   90   100%
|----|----|----|----|----|----|----|----|----|----|
***************************************************
change patienceM
time = 801219411
area = 2100
delay = 35.6
write_blif appntk/c5315_38_0.0464453_2100_35.6.blif

round 39
seed = 1567401283 patienceN = 0 patienceM = 2 frameNumber = 64 nLocalPI = 25

0%   10   20   30   40   50   60   70   80   90   100%
|----|----|----|----|----|----|----|----|----|----|
***************************************************
change patienceM
time = 820030782
area = 2105
delay = 34.8
write_blif appntk/c5315_39_0.0464453_2105_34.8.blif

round 40
seed = 1567401300 patienceN = 0 patienceM = 0 frameNumber = 64 nLocalPI = 24

0%   10   20   30   40   50   60   70   80   90   100%
|----|----|----|----|----|----|----|----|----|----|
***************************************************
change patienceM
time = 836170896
area = 2107
delay = 35.6
write_blif appntk/c5315_40_0.0464453_2107_35.6.blif

round 41
seed = 1567401319 patienceN = 0 patienceM = 1 frameNumber = 64 nLocalPI = 24

0%   10   20   30   40   50   60   70   80   90   100%
|----|----|----|----|----|----|----|----|----|----|
***************************************************
change patienceM
time = 852141257
area = 2105
delay = 34.4
write_blif appntk/c5315_41_0.0464453_2105_34.4.blif

round 42
seed = 1567401335 patienceN = 0 patienceM = 2 frameNumber = 64 nLocalPI = 24

0%   10   20   30   40   50   60   70   80   90   100%
|----|----|----|----|----|----|----|----|----|----|
***************************************************
change patienceM
time = 867096118
area = 2101
delay = 35.6
write_blif appntk/c5315_42_0.0464453_2101_35.6.blif

round 43
seed = 1567401351 patienceN = 0 patienceM = 0 frameNumber = 64 nLocalPI = 23

0%   10   20   30   40   50   60   70   80   90   100%
|----|----|----|----|----|----|----|----|----|----|
***************************************************
best node n1028 best error 0.0429883
time = 880654781
area = 2098
delay = 35
write_blif appntk/c5315_43_0.0429883_2098_35.blif

round 44
seed = 1567401366 patienceN = 0 patienceM = 0 frameNumber = 64 nLocalPI = 23

0%   10   20   30   40   50   60   70   80   90   100%
|----|----|----|----|----|----|----|----|----|----|
***************************************************
best node n724 best error 0.0476074
time = 896962669
area = 2095
delay = 35.6
write_blif appntk/c5315_44_0.0476074_2095_35.6.blif

round 45
seed = 1567401379 patienceN = 0 patienceM = 0 frameNumber = 64 nLocalPI = 23

0%   10   20   30   40   50   60   70   80   90   100%
|----|----|----|----|----|----|----|----|----|----|
***************************************************
change patienceM
time = 910169229
area = 2091
delay = 34.4
write_blif appntk/c5315_45_0.0476074_2091_34.4.blif

round 46
seed = 1567401396 patienceN = 0 patienceM = 1 frameNumber = 64 nLocalPI = 23

0%   10   20   30   40   50   60   70   80   90   100%
|----|----|----|----|----|----|----|----|----|----|
***************************************************
change patienceM
time = 922793126
area = 2101
delay = 35.6
write_blif appntk/c5315_46_0.0476074_2101_35.6.blif

round 47
seed = 1567401409 patienceN = 0 patienceM = 2 frameNumber = 64 nLocalPI = 23

0%   10   20   30   40   50   60   70   80   90   100%
|----|----|----|----|----|----|----|----|----|----|
***************************************************
change patienceM
time = 939936645
area = 2090
delay = 35
write_blif appntk/c5315_47_0.0476074_2090_35.blif

round 48
seed = 1567401422 patienceN = 0 patienceM = 0 frameNumber = 64 nLocalPI = 22

0%   10   20   30   40   50   60   70   80   90   100%
|----|----|----|----|----|----|----|----|----|----|
***************************************************
change patienceM
time = 953675843
area = 2094
delay = 35.6
write_blif appntk/c5315_48_0.0476074_2094_35.6.blif

round 49
seed = 1567401439 patienceN = 0 patienceM = 1 frameNumber = 64 nLocalPI = 22

0%   10   20   30   40   50   60   70   80   90   100%
|----|----|----|----|----|----|----|----|----|----|
***************************************************
change patienceM
time = 968503685
area = 2095
delay = 34.6
write_blif appntk/c5315_49_0.0476074_2095_34.6.blif

round 50
seed = 1567401452 patienceN = 0 patienceM = 2 frameNumber = 64 nLocalPI = 22

0%   10   20   30   40   50   60   70   80   90   100%
|----|----|----|----|----|----|----|----|----|----|
***************************************************
change patienceM
time = 983839590
area = 2096
delay = 35.6
write_blif appntk/c5315_50_0.0476074_2096_35.6.blif

round 51
seed = 1567401467 patienceN = 0 patienceM = 0 frameNumber = 64 nLocalPI = 21

0%   10   20   30   40   50   60   70   80   90   100%
|----|----|----|----|----|----|----|----|----|----|
***************************************************
change patienceM
time = 996237908
area = 2089
delay = 34.8
write_blif appntk/c5315_51_0.0476074_2089_34.8.blif

round 52
seed = 1567401483 patienceN = 0 patienceM = 1 frameNumber = 64 nLocalPI = 21

0%   10   20   30   40   50   60   70   80   90   100%
|----|----|----|----|----|----|----|----|----|----|
***************************************************
change patienceM
time = 1011208217
area = 2100
delay = 35.6
write_blif appntk/c5315_52_0.0476074_2100_35.6.blif

round 53
seed = 1567401495 patienceN = 0 patienceM = 2 frameNumber = 64 nLocalPI = 21

0%   10   20   30   40   50   60   70   80   90   100%
|----|----|----|----|----|----|----|----|----|----|
***************************************************
change patienceM
time = 1025408676
area = 2093
delay = 35
write_blif appntk/c5315_53_0.0476074_2093_35.blif

round 54
seed = 1567401510 patienceN = 0 patienceM = 0 frameNumber = 64 nLocalPI = 20

0%   10   20   30   40   50   60   70   80   90   100%
|----|----|----|----|----|----|----|----|----|----|
***************************************************
change patienceM
time = 1039399706
area = 2096
delay = 35.6
write_blif appntk/c5315_54_0.0476074_2096_35.6.blif

round 55
seed = 1567401524 patienceN = 0 patienceM = 1 frameNumber = 64 nLocalPI = 20

0%   10   20   30   40   50   60   70   80   90   100%
|----|----|----|----|----|----|----|----|----|----|
***************************************************
change patienceM
time = 1051358655
area = 2090
delay = 34.8
write_blif appntk/c5315_55_0.0476074_2090_34.8.blif

round 56
seed = 1567401538 patienceN = 0 patienceM = 2 frameNumber = 64 nLocalPI = 20

0%   10   20   30   40   50   60   70   80   90   100%
|----|----|----|----|----|----|----|----|----|----|
***************************************************
change patienceM
time = 1069287446
area = 2094
delay = 35.6
write_blif appntk/c5315_56_0.0476074_2094_35.6.blif

round 57
seed = 1567401550 patienceN = 0 patienceM = 0 frameNumber = 64 nLocalPI = 19

0%   10   20   30   40   50   60   70   80   90   100%
|----|----|----|----|----|----|----|----|----|----|
***************************************************
change patienceM
time = 1081831126
area = 2092
delay = 35
write_blif appntk/c5315_57_0.0476074_2092_35.blif

round 58
seed = 1567401568 patienceN = 0 patienceM = 1 frameNumber = 64 nLocalPI = 19

0%   10   20   30   40   50   60   70   80   90   100%
|----|----|----|----|----|----|----|----|----|----|
***************************************************
change patienceM
time = 1094293524
area = 2100
delay = 35.6
write_blif appntk/c5315_58_0.0476074_2100_35.6.blif

round 59
seed = 1567401581 patienceN = 0 patienceM = 2 frameNumber = 64 nLocalPI = 19

0%   10   20   30   40   50   60   70   80   90   100%
|----|----|----|----|----|----|----|----|----|----|
***************************************************
change patienceM
time = 1108816222
area = 2091
delay = 34.8
write_blif appntk/c5315_59_0.0476074_2091_34.8.blif

round 60
seed = 1567401593 patienceN = 0 patienceM = 0 frameNumber = 64 nLocalPI = 18

0%   10   20   30   40   50   60   70   80   90   100%
|----|----|----|----|----|----|----|----|----|----|
***************************************************
change patienceM
time = 1124264588
area = 2096
delay = 35.6
write_blif appntk/c5315_60_0.0476074_2096_35.6.blif

round 61
seed = 1567401608 patienceN = 0 patienceM = 1 frameNumber = 64 nLocalPI = 18

0%   10   20   30   40   50   60   70   80   90   100%
|----|----|----|----|----|----|----|----|----|----|
***************************************************
change patienceM
time = 1138978942
area = 2093
delay = 34.4
write_blif appntk/c5315_61_0.0476074_2093_34.4.blif

round 62
seed = 1567401623 patienceN = 0 patienceM = 2 frameNumber = 64 nLocalPI = 18

0%   10   20   30   40   50   60   70   80   90   100%
|----|----|----|----|----|----|----|----|----|----|
***************************************************
change patienceM
time = 1152580314
area = 2095
delay = 35.6
write_blif appntk/c5315_62_0.0476074_2095_35.6.blif

round 63
seed = 1567401638 patienceN = 0 patienceM = 0 frameNumber = 64 nLocalPI = 17

0%   10   20   30   40   50   60   70   80   90   100%
|----|----|----|----|----|----|----|----|----|----|
***************************************************
change patienceM
time = 1167095534
area = 2090
delay = 35
write_blif appntk/c5315_63_0.0476074_2090_35.blif

round 64
seed = 1567401651 patienceN = 0 patienceM = 1 frameNumber = 64 nLocalPI = 17

0%   10   20   30   40   50   60   70   80   90   100%
|----|----|----|----|----|----|----|----|----|----|
***************************************************
change patienceM
time = 1179313040
area = 2101
delay = 35.6
write_blif appntk/c5315_64_0.0476074_2101_35.6.blif

round 65
seed = 1567401666 patienceN = 0 patienceM = 2 frameNumber = 64 nLocalPI = 17

0%   10   20   30   40   50   60   70   80   90   100%
|----|----|----|----|----|----|----|----|----|----|
***************************************************
change patienceM
time = 1193391270
area = 2092
delay = 34.4
write_blif appntk/c5315_65_0.0476074_2092_34.4.blif

round 66
seed = 1567401678 patienceN = 0 patienceM = 0 frameNumber = 64 nLocalPI = 16

0%   10   20   30   40   50   60   70   80   90   100%
|----|----|----|----|----|----|----|----|----|----|
***************************************************
change patienceM
time = 1206371693
area = 2095
delay = 35.6
write_blif appntk/c5315_66_0.0476074_2095_35.6.blif

round 67
seed = 1567401692 patienceN = 0 patienceM = 1 frameNumber = 64 nLocalPI = 16

0%   10   20   30   40   50   60   70   80   90   100%
|----|----|----|----|----|----|----|----|----|----|
***************************************************
change patienceM
time = 1219378036
area = 2090
delay = 35
write_blif appntk/c5315_67_0.0476074_2090_35.blif

round 68
seed = 1567401705 patienceN = 0 patienceM = 2 frameNumber = 64 nLocalPI = 16

0%   10   20   30   40   50   60   70   80   90   100%
|----|----|----|----|----|----|----|----|----|----|
***************************************************
change patienceM
time = 1231365148
area = 2093
delay = 35.6
write_blif appntk/c5315_68_0.0476074_2093_35.6.blif

round 69
seed = 1567401718 patienceN = 0 patienceM = 0 frameNumber = 64 nLocalPI = 15

0%   10   20   30   40   50   60   70   80   90   100%
|----|----|----|----|----|----|----|----|----|----|
***************************************************
change patienceM
time = 1242521696
area = 2093
delay = 34.6
write_blif appntk/c5315_69_0.0476074_2093_34.6.blif

round 70
seed = 1567401730 patienceN = 0 patienceM = 1 frameNumber = 64 nLocalPI = 15

0%   10   20   30   40   50   60   70   80   90   100%
|----|----|----|----|----|----|----|----|----|----|
***************************************************
change patienceM
time = 1255723760
area = 2102
delay = 35.6
write_blif appntk/c5315_70_0.0476074_2102_35.6.blif

round 71
seed = 1567401741 patienceN = 0 patienceM = 2 frameNumber = 64 nLocalPI = 15

0%   10   20   30   40   50   60   70   80   90   100%
|----|----|----|----|----|----|----|----|----|----|
***************************************************
change patienceM
time = 1267587277
area = 2089
delay = 34.8
write_blif appntk/c5315_71_0.0476074_2089_34.8.blif

round 72
seed = 1567401755 patienceN = 0 patienceM = 0 frameNumber = 64 nLocalPI = 14

0%   10   20   30   40   50   60   70   80   90   100%
|----|----|----|----|----|----|----|----|----|----|
***************************************************
change patienceM
time = 1278759847
area = 2095
delay = 35.6
write_blif appntk/c5315_72_0.0476074_2095_35.6.blif

round 73
seed = 1567401766 patienceN = 0 patienceM = 1 frameNumber = 64 nLocalPI = 14

0%   10   20   30   40   50   60   70   80   90   100%
|----|----|----|----|----|----|----|----|----|----|
***************************************************
change patienceM
time = 1292097869
area = 2094
delay = 35
write_blif appntk/c5315_73_0.0476074_2094_35.blif

round 74
seed = 1567401778 patienceN = 0 patienceM = 2 frameNumber = 64 nLocalPI = 14

0%   10   20   30   40   50   60   70   80   90   100%
|----|----|----|----|----|----|----|----|----|----|
***************************************************
change patienceM
time = 1305103559
area = 2096
delay = 35.6
write_blif appntk/c5315_74_0.0476074_2096_35.6.blif

round 75
seed = 1567401791 patienceN = 0 patienceM = 0 frameNumber = 64 nLocalPI = 13

0%   10   20   30   40   50   60   70   80   90   100%
|----|----|----|----|----|----|----|----|----|----|
***************************************************
change patienceM
time = 1316031907
area = 2090
delay = 34.8
write_blif appntk/c5315_75_0.0476074_2090_34.8.blif

round 76
seed = 1567401804 patienceN = 0 patienceM = 1 frameNumber = 64 nLocalPI = 13

0%   10   20   30   40   50   60   70   80   90   100%
|----|----|----|----|----|----|----|----|----|----|
***************************************************
change patienceM
time = 1328408223
area = 2100
delay = 35.6
write_blif appntk/c5315_76_0.0476074_2100_35.6.blif

round 77
seed = 1567401815 patienceN = 0 patienceM = 2 frameNumber = 64 nLocalPI = 13

0%   10   20   30   40   50   60   70   80   90   100%
|----|----|----|----|----|----|----|----|----|----|
***************************************************
change patienceM
time = 1340746068
area = 2093
delay = 35
write_blif appntk/c5315_77_0.0476074_2093_35.blif

round 78
seed = 1567401827 patienceN = 0 patienceM = 0 frameNumber = 64 nLocalPI = 12

0%   10   20   30   40   50   60   70   80   90   100%
|----|----|----|----|----|----|----|----|----|----|
***************************************************
change patienceM
time = 1352167696
area = 2094
delay = 35.6
write_blif appntk/c5315_78_0.0476074_2094_35.6.blif

round 79
seed = 1567401840 patienceN = 0 patienceM = 1 frameNumber = 64 nLocalPI = 12

0%   10   20   30   40   50   60   70   80   90   100%
|----|----|----|----|----|----|----|----|----|----|
***************************************************
change patienceM
time = 1365880333
area = 2091
delay = 34.8
write_blif appntk/c5315_79_0.0476074_2091_34.8.blif

round 80
seed = 1567401851 patienceN = 0 patienceM = 2 frameNumber = 64 nLocalPI = 12

0%   10   20   30   40   50   60   70   80   90   100%
|----|----|----|----|----|----|----|----|----|----|
***************************************************
change patienceM
time = 1377690017
area = 2095
delay = 35.6
write_blif appntk/c5315_80_0.0476074_2095_35.6.blif

round 81
seed = 1567401865 patienceN = 0 patienceM = 0 frameNumber = 64 nLocalPI = 11

0%   10   20   30   40   50   60   70   80   90   100%
|----|----|----|----|----|----|----|----|----|----|
***************************************************
change patienceM
time = 1388833111
area = 2091
delay = 34.4
write_blif appntk/c5315_81_0.0476074_2091_34.4.blif

round 82
seed = 1567401877 patienceN = 0 patienceM = 1 frameNumber = 64 nLocalPI = 11

0%   10   20   30   40   50   60   70   80   90   100%
|----|----|----|----|----|----|----|----|----|----|
***************************************************
change patienceM
time = 1401669209
area = 2101
delay = 35.6
write_blif appntk/c5315_82_0.0476074_2101_35.6.blif

round 83
seed = 1567401888 patienceN = 0 patienceM = 2 frameNumber = 64 nLocalPI = 11

0%   10   20   30   40   50   60   70   80   90   100%
|----|----|----|----|----|----|----|----|----|----|
***************************************************
change patienceM
time = 1411701635
area = 2090
delay = 35
write_blif appntk/c5315_83_0.0476074_2090_35.blif

round 84
seed = 1567401901 patienceN = 0 patienceM = 0 frameNumber = 64 nLocalPI = 10

0%   10   20   30   40   50   60   70   80   90   100%
|----|----|----|----|----|----|----|----|----|----|
***************************************************
change patienceM
time = 1420552136
area = 2096
delay = 35.6
write_blif appntk/c5315_84_0.0476074_2096_35.6.blif

round 85
seed = 1567401911 patienceN = 0 patienceM = 1 frameNumber = 64 nLocalPI = 10

0%   10   20   30   40   50   60   70   80   90   100%
|----|----|----|----|----|----|----|----|----|----|
***************************************************
change patienceM
time = 1431257146
area = 2093
delay = 34.4
write_blif appntk/c5315_85_0.0476074_2093_34.4.blif

round 86
seed = 1567401919 patienceN = 0 patienceM = 2 frameNumber = 64 nLocalPI = 10

0%   10   20   30   40   50   60   70   80   90   100%
|----|----|----|----|----|----|----|----|----|----|
***************************************************
change patienceM
time = 1442826700
area = 2095
delay = 35.6
write_blif appntk/c5315_86_0.0476074_2095_35.6.blif

round 87
seed = 1567401930 patienceN = 0 patienceM = 0 frameNumber = 64 nLocalPI = 9

0%   10   20   30   40   50   60   70   80   90   100%
|----|----|----|----|----|----|----|----|----|----|
***************************************************
best node n687 best error 0.0483398
time = 1454385951
area = 2082
delay = 35.2
write_blif appntk/c5315_87_0.0483398_2082_35.2.blif

round 88
seed = 1567401942 patienceN = 0 patienceM = 0 frameNumber = 64 nLocalPI = 9

0%   10   20   30   40   50   60   70   80   90   100%
|----|----|----|----|----|----|----|----|----|----|
***************************************************
change patienceM
time = 1466274416
area = 2076
delay = 35.6
write_blif appntk/c5315_88_0.0483398_2076_35.6.blif

round 89
seed = 1567401953 patienceN = 0 patienceM = 1 frameNumber = 64 nLocalPI = 9

0%   10   20   30   40   50   60   70   80   90   100%
|----|----|----|----|----|----|----|----|----|----|
***************************************************
change patienceM
time = 1479071017
area = 2076
delay = 34.6
write_blif appntk/c5315_89_0.0483398_2076_34.6.blif

round 90
seed = 1567401965 patienceN = 0 patienceM = 2 frameNumber = 64 nLocalPI = 9

0%   10   20   30   40   50   60   70   80   90   100%
|----|----|----|----|----|----|----|----|----|----|
***************************************************
change patienceM
time = 1489772775
area = 2078
delay = 35.6
write_blif appntk/c5315_90_0.0483398_2078_35.6.blif

round 91
seed = 1567401978 patienceN = 0 patienceM = 0 frameNumber = 64 nLocalPI = 8

0%   10   20   30   40   50   60   70   80   90   100%
|----|----|----|----|----|----|----|----|----|----|
***************************************************
change patienceM
time = 1500443829
area = 2075
delay = 34.4
write_blif appntk/c5315_91_0.0483398_2075_34.4.blif

round 92
seed = 1567401989 patienceN = 0 patienceM = 1 frameNumber = 64 nLocalPI = 8

0%   10   20   30   40   50   60   70   80   90   100%
|----|----|----|----|----|----|----|----|----|----|
***************************************************
change patienceM
time = 1511905589
area = 2071
delay = 35.6
write_blif appntk/c5315_92_0.0483398_2071_35.6.blif

round 93
seed = 1567401999 patienceN = 0 patienceM = 2 frameNumber = 64 nLocalPI = 8

0%   10   20   30   40   50   60   70   80   90   100%
|----|----|----|----|----|----|----|----|----|----|
***************************************************
change patienceM
time = 1528664193
area = 2074
delay = 35
write_blif appntk/c5315_93_0.0483398_2074_35.blif

round 94
seed = 1567402011 patienceN = 0 patienceM = 0 frameNumber = 64 nLocalPI = 7

0%   10   20   30   40   50   60   70   80   90   100%
|----|----|----|----|----|----|----|----|----|----|
***************************************************
change patienceM
time = 1538563054
area = 2084
delay = 35.6
write_blif appntk/c5315_94_0.0483398_2084_35.6.blif

round 95
seed = 1567402028 patienceN = 0 patienceM = 1 frameNumber = 64 nLocalPI = 7

0%   10   20   30   40   50   60   70   80   90   100%
|----|----|----|----|----|----|----|----|----|----|
***************************************************
change patienceM
time = 1547316038
area = 2076
delay = 34.4
write_blif appntk/c5315_95_0.0483398_2076_34.4.blif

round 96
seed = 1567402037 patienceN = 0 patienceM = 2 frameNumber = 64 nLocalPI = 7

0%   10   20   30   40   50   60   70   80   90   100%
|----|----|----|----|----|----|----|----|----|----|
***************************************************
change patienceM
time = 1562975130
area = 2072
delay = 35.6
write_blif appntk/c5315_96_0.0483398_2072_35.6.blif

round 97
seed = 1567402046 patienceN = 0 patienceM = 0 frameNumber = 64 nLocalPI = 6

0%   10   20   30   40   50   60   70   80   90   100%
|----|----|----|----|----|----|----|----|----|----|
***************************************************
change patienceM
time = 1575149114
area = 2076
delay = 35
write_blif appntk/c5315_97_0.0483398_2076_35.blif

round 98
seed = 1567402062 patienceN = 0 patienceM = 1 frameNumber = 64 nLocalPI = 6

0%   10   20   30   40   50   60   70   80   90   100%
|----|----|----|----|----|----|----|----|----|----|
***************************************************
change patienceM
time = 1585825707
area = 2076
delay = 35.6
write_blif appntk/c5315_98_0.0483398_2076_35.6.blif

round 99
seed = 1567402074 patienceN = 0 patienceM = 2 frameNumber = 64 nLocalPI = 6

0%   10   20   30   40   50   60   70   80   90   100%
|----|----|----|----|----|----|----|----|----|----|
***************************************************
change patienceM
time = 1595267747
area = 2077
delay = 34.6
write_blif appntk/c5315_99_0.0483398_2077_34.6.blif

round 100
seed = 1567402085 patienceN = 0 patienceM = 0 frameNumber = 64 nLocalPI = 5

0%   10   20   30   40   50   60   70   80   90   100%
|----|----|----|----|----|----|----|----|----|----|
***************************************************
best node n745 best error 0.0539258
time = 1605905530
