Entered genlib library with 23 gates from file "data/genlib/mcnc.genlib".
Line 11: Skipping line ".default_input_arrival 0.00 0.00 ".
Line 12: Skipping line ".default_output_required 0.00 0.00 ".
Line 13: Skipping line ".default_input_drive 0.10 0.10 ".
Line 14: Skipping line ".default_output_load 2.00 ".
Line 15: Skipping line ".default_max_input_load 999.00 ".
Original area = 958, original delay = 38.5

round 0
seed = 0 patienceN = 0 patienceM = 0 frameNumber = 64 nLocalPI = 30

0%   10   20   30   40   50   60   70   80   90   100%
|----|----|----|----|----|----|----|----|----|----|
***************************************************
best node sum[0] best error 0
time = 13838516
area = 797
delay = 38.2
write_blif appntk/cla32_0_0_797_38.2.blif

round 1
seed = 1567400498 patienceN = 0 patienceM = 0 frameNumber = 64 nLocalPI = 30

0%   10   20   30   40   50   60   70   80   90   100%
|----|----|----|----|----|----|----|----|----|----|
***************************************************
best node n159 best error 0
time = 20208173
area = 850
delay = 29
write_blif appntk/cla32_1_0_850_29.blif

round 2
seed = 1567400512 patienceN = 0 patienceM = 0 frameNumber = 64 nLocalPI = 30

0%   10   20   30   40   50   60   70   80   90   100%
|----|----|----|----|----|----|----|----|----|----|
***************************************************
best node n254 best error 0
time = 27338727
area = 835
delay = 31.6
write_blif appntk/cla32_2_0_835_31.6.blif

round 3
seed = 1567400518 patienceN = 0 patienceM = 0 frameNumber = 64 nLocalPI = 30

0%   10   20   30   40   50   60   70   80   90   100%
|----|----|----|----|----|----|----|----|----|----|
***************************************************
best node n207 best error 0
time = 32248390
area = 749
delay = 37.9
write_blif appntk/cla32_3_0_749_37.9.blif

round 4
seed = 1567400525 patienceN = 0 patienceM = 0 frameNumber = 64 nLocalPI = 30

0%   10   20   30   40   50   60   70   80   90   100%
|----|----|----|----|----|----|----|----|----|----|
***************************************************
best node n470 best error 0
time = 37397316
area = 780
delay = 28.6
write_blif appntk/cla32_4_0_780_28.6.blif

round 5
seed = 1567400530 patienceN = 0 patienceM = 0 frameNumber = 64 nLocalPI = 30

0%   10   20   30   40   50   60   70   80   90   100%
|----|----|----|----|----|----|----|----|----|----|
***************************************************
best node n434 best error 1.95312e-05
time = 42654613
area = 768
delay = 28.7
write_blif appntk/cla32_5_1.95312e-05_768_28.7.blif

round 6
seed = 1567400535 patienceN = 0 patienceM = 0 frameNumber = 64 nLocalPI = 30

0%   10   20   30   40   50   60   70   80   90   100%
|----|----|----|----|----|----|----|----|----|----|
***************************************************
best node n410 best error 5.85937e-05
time = 47644703
area = 762
delay = 27
write_blif appntk/cla32_6_5.85937e-05_762_27.blif

round 7
seed = 1567400541 patienceN = 0 patienceM = 0 frameNumber = 64 nLocalPI = 30

0%   10   20   30   40   50   60   70   80   90   100%
|----|----|----|----|----|----|----|----|----|----|
***************************************************
best node n406 best error 8.78906e-05
time = 51789614
area = 750
delay = 27
write_blif appntk/cla32_7_8.78906e-05_750_27.blif

round 8
seed = 1567400546 patienceN = 0 patienceM = 0 frameNumber = 64 nLocalPI = 30

0%   10   20   30   40   50   60   70   80   90   100%
|----|----|----|----|----|----|----|----|----|----|
***************************************************
best node n432 best error 8.78906e-05
time = 57203798
area = 750
delay = 30
write_blif appntk/cla32_8_8.78906e-05_750_30.blif

round 9
seed = 1567400550 patienceN = 0 patienceM = 0 frameNumber = 64 nLocalPI = 30

0%   10   20   30   40   50   60   70   80   90   100%
|----|----|----|----|----|----|----|----|----|----|
***************************************************
best node n461 best error 8.78906e-05
time = 61673487
area = 735
delay = 28.5
write_blif appntk/cla32_9_8.78906e-05_735_28.5.blif

round 10
seed = 1567400555 patienceN = 0 patienceM = 0 frameNumber = 64 nLocalPI = 30

0%   10   20   30   40   50   60   70   80   90   100%
|----|----|----|----|----|----|----|----|----|----|
***************************************************
best node n302 best error 8.78906e-05
time = 65908841
area = 725
delay = 27.1
write_blif appntk/cla32_10_8.78906e-05_725_27.1.blif

round 11
seed = 1567400560 patienceN = 0 patienceM = 0 frameNumber = 64 nLocalPI = 30

0%   10   20   30   40   50   60   70   80   90   100%
|----|----|----|----|----|----|----|----|----|----|
***************************************************
best node n312 best error 0.000107422
time = 69699285
area = 715
delay = 28
write_blif appntk/cla32_11_0.000107422_715_28.blif

round 12
seed = 1567400564 patienceN = 0 patienceM = 0 frameNumber = 64 nLocalPI = 30

0%   10   20   30   40   50   60   70   80   90   100%
|----|----|----|----|----|----|----|----|----|----|
***************************************************
best node n309 best error 0.000107422
time = 73977134
area = 708
delay = 26.3
write_blif appntk/cla32_12_0.000107422_708_26.3.blif

round 13
seed = 1567400568 patienceN = 0 patienceM = 0 frameNumber = 64 nLocalPI = 30

0%   10   20   30   40   50   60   70   80   90   100%
|----|----|----|----|----|----|----|----|----|----|
***************************************************
best node n368 best error 0.000175781
time = 78528141
area = 710
delay = 26.3
write_blif appntk/cla32_13_0.000175781_710_26.3.blif

round 14
seed = 1567400572 patienceN = 0 patienceM = 0 frameNumber = 64 nLocalPI = 30

0%   10   20   30   40   50   60   70   80   90   100%
|----|----|----|----|----|----|----|----|----|----|
***************************************************
best node n370 best error 0.000175781
time = 82185770
area = 699
delay = 26.3
write_blif appntk/cla32_14_0.000175781_699_26.3.blif

round 15
seed = 1567400577 patienceN = 0 patienceM = 0 frameNumber = 64 nLocalPI = 30

0%   10   20   30   40   50   60   70   80   90   100%
|----|----|----|----|----|----|----|----|----|----|
***************************************************
best node n261 best error 0.000332031
time = 86360592
area = 681
delay = 27
write_blif appntk/cla32_15_0.000332031_681_27.blif

round 16
seed = 1567400580 patienceN = 0 patienceM = 0 frameNumber = 64 nLocalPI = 30

0%   10   20   30   40   50   60   70   80   90   100%
|----|----|----|----|----|----|----|----|----|----|
***************************************************
best node n254 best error 0.000332031
time = 89803136
area = 681
delay = 29.2
write_blif appntk/cla32_16_0.000332031_681_29.2.blif

round 17
seed = 1567400584 patienceN = 0 patienceM = 0 frameNumber = 64 nLocalPI = 30

0%   10   20   30   40   50   60   70   80   90   100%
|----|----|----|----|----|----|----|----|----|----|
***************************************************
best node n356 best error 0.000625
time = 92759064
area = 657
delay = 24.9
write_blif appntk/cla32_17_0.000625_657_24.9.blif

round 18
seed = 1567400588 patienceN = 0 patienceM = 0 frameNumber = 64 nLocalPI = 30

0%   10   20   30   40   50   60   70   80   90   100%
|----|----|----|----|----|----|----|----|----|----|
***************************************************
best node n321 best error 0.00217773
time = 96291792
area = 651
delay = 27.3
write_blif appntk/cla32_18_0.00217773_651_27.3.blif

round 19
seed = 1567400591 patienceN = 0 patienceM = 0 frameNumber = 64 nLocalPI = 30

0%   10   20   30   40   50   60   70   80   90   100%
|----|----|----|----|----|----|----|----|----|----|
***************************************************
best node n325 best error 0.00217773
time = 99333678
area = 644
delay = 27.4
write_blif appntk/cla32_19_0.00217773_644_27.4.blif

round 20
seed = 1567400594 patienceN = 0 patienceM = 0 frameNumber = 64 nLocalPI = 30

0%   10   20   30   40   50   60   70   80   90   100%
|----|----|----|----|----|----|----|----|----|----|
***************************************************
best node n323 best error 0.00217773
time = 102182399
area = 626
delay = 31.3
write_blif appntk/cla32_20_0.00217773_626_31.3.blif

round 21
seed = 1567400597 patienceN = 0 patienceM = 0 frameNumber = 64 nLocalPI = 30

0%   10   20   30   40   50   60   70   80   90   100%
|----|----|----|----|----|----|----|----|----|----|
***************************************************
best node n407 best error 0.00217773
time = 104902935
area = 604
delay = 29.8
write_blif appntk/cla32_21_0.00217773_604_29.8.blif

round 22
seed = 1567400600 patienceN = 0 patienceM = 0 frameNumber = 64 nLocalPI = 30

0%   10   20   30   40   50   60   70   80   90   100%
|----|----|----|----|----|----|----|----|----|----|
***************************************************
best node n210 best error 0.00588867
time = 107233103
area = 601
delay = 29.8
write_blif appntk/cla32_22_0.00588867_601_29.8.blif

round 23
seed = 1567400603 patienceN = 0 patienceM = 0 frameNumber = 64 nLocalPI = 30

0%   10   20   30   40   50   60   70   80   90   100%
|----|----|----|----|----|----|----|----|----|----|
***************************************************
best node n271 best error 0.035918
time = 109608411
area = 530
delay = 35.9
write_blif appntk/cla32_23_0.035918_530_35.9.blif

round 24
seed = 1567400605 patienceN = 0 patienceM = 0 frameNumber = 64 nLocalPI = 30

0%   10   20   30   40   50   60   70   80   90   100%
|----|----|----|----|----|----|----|----|----|----|
***************************************************
best node n279 best error 0.035918
time = 111679921
area = 568
delay = 25.9
write_blif appntk/cla32_24_0.035918_568_25.9.blif

round 25
seed = 1567400607 patienceN = 0 patienceM = 0 frameNumber = 64 nLocalPI = 30

0%   10   20   30   40   50   60   70   80   90   100%
|----|----|----|----|----|----|----|----|----|----|
***************************************************
change patienceM
time = 113347976
area = 568
delay = 25.9
write_blif appntk/cla32_25_0.035918_568_25.9.blif

round 26
seed = 1567400610 patienceN = 0 patienceM = 1 frameNumber = 64 nLocalPI = 30

0%   10   20   30   40   50   60   70   80   90   100%
|----|----|----|----|----|----|----|----|----|----|
***************************************************
change patienceM
time = 114752041
area = 568
delay = 25.9
write_blif appntk/cla32_26_0.035918_568_25.9.blif

round 27
seed = 1567400611 patienceN = 0 patienceM = 2 frameNumber = 64 nLocalPI = 30

0%   10   20   30   40   50   60   70   80   90   100%
|----|----|----|----|----|----|----|----|----|----|
***************************************************
change patienceM
time = 116181724
area = 568
delay = 25.9
write_blif appntk/cla32_27_0.035918_568_25.9.blif

round 28
seed = 1567400613 patienceN = 0 patienceM = 0 frameNumber = 64 nLocalPI = 29

0%   10   20   30   40   50   60   70   80   90   100%
|----|----|----|----|----|----|----|----|----|----|
***************************************************
change patienceM
time = 117487468
area = 568
delay = 25.9
write_blif appntk/cla32_28_0.035918_568_25.9.blif

round 29
seed = 1567400614 patienceN = 0 patienceM = 1 frameNumber = 64 nLocalPI = 29

0%   10   20   30   40   50   60   70   80   90   100%
|----|----|----|----|----|----|----|----|----|----|
***************************************************
change patienceM
time = 118814623
area = 568
delay = 25.9
write_blif appntk/cla32_29_0.035918_568_25.9.blif

round 30
seed = 1567400615 patienceN = 0 patienceM = 2 frameNumber = 64 nLocalPI = 29

0%   10   20   30   40   50   60   70   80   90   100%
|----|----|----|----|----|----|----|----|----|----|
***************************************************
change patienceM
time = 120201398
area = 568
delay = 25.9
write_blif appntk/cla32_30_0.035918_568_25.9.blif

round 31
seed = 1567400617 patienceN = 0 patienceM = 0 frameNumber = 64 nLocalPI = 28

0%   10   20   30   40   50   60   70   80   90   100%
|----|----|----|----|----|----|----|----|----|----|
***************************************************
change patienceM
time = 121424898
area = 568
delay = 25.9
write_blif appntk/cla32_31_0.035918_568_25.9.blif

round 32
seed = 1567400618 patienceN = 0 patienceM = 1 frameNumber = 64 nLocalPI = 28

0%   10   20   30   40   50   60   70   80   90   100%
|----|----|----|----|----|----|----|----|----|----|
***************************************************
change patienceM
time = 122956142
area = 568
delay = 25.9
write_blif appntk/cla32_32_0.035918_568_25.9.blif

round 33
seed = 1567400619 patienceN = 0 patienceM = 2 frameNumber = 64 nLocalPI = 28

0%   10   20   30   40   50   60   70   80   90   100%
|----|----|----|----|----|----|----|----|----|----|
***************************************************
change patienceM
time = 124182004
area = 568
delay = 25.9
write_blif appntk/cla32_33_0.035918_568_25.9.blif

round 34
seed = 1567400621 patienceN = 0 patienceM = 0 frameNumber = 64 nLocalPI = 27

0%   10   20   30   40   50   60   70   80   90   100%
|----|----|----|----|----|----|----|----|----|----|
***************************************************
change patienceM
time = 125296124
area = 568
delay = 25.9
write_blif appntk/cla32_34_0.035918_568_25.9.blif

round 35
seed = 1567400622 patienceN = 0 patienceM = 1 frameNumber = 64 nLocalPI = 27

0%   10   20   30   40   50   60   70   80   90   100%
|----|----|----|----|----|----|----|----|----|----|
***************************************************
change patienceM
time = 126568003
area = 568
delay = 25.9
write_blif appntk/cla32_35_0.035918_568_25.9.blif

round 36
seed = 1567400623 patienceN = 0 patienceM = 2 frameNumber = 64 nLocalPI = 27

0%   10   20   30   40   50   60   70   80   90   100%
|----|----|----|----|----|----|----|----|----|----|
***************************************************
change patienceM
time = 127674748
area = 568
delay = 25.9
write_blif appntk/cla32_36_0.035918_568_25.9.blif

round 37
seed = 1567400624 patienceN = 0 patienceM = 0 frameNumber = 64 nLocalPI = 26

0%   10   20   30   40   50   60   70   80   90   100%
|----|----|----|----|----|----|----|----|----|----|
***************************************************
change patienceM
time = 128771056
area = 568
delay = 25.9
write_blif appntk/cla32_37_0.035918_568_25.9.blif

round 38
seed = 1567400626 patienceN = 0 patienceM = 1 frameNumber = 64 nLocalPI = 26

0%   10   20   30   40   50   60   70   80   90   100%
|----|----|----|----|----|----|----|----|----|----|
***************************************************
change patienceM
time = 129964364
area = 568
delay = 25.9
write_blif appntk/cla32_38_0.035918_568_25.9.blif

round 39
seed = 1567400627 patienceN = 0 patienceM = 2 frameNumber = 64 nLocalPI = 26

0%   10   20   30   40   50   60   70   80   90   100%
|----|----|----|----|----|----|----|----|----|----|
***************************************************
change patienceM
time = 131235044
area = 568
delay = 25.9
write_blif appntk/cla32_39_0.035918_568_25.9.blif

round 40
seed = 1567400628 patienceN = 0 patienceM = 0 frameNumber = 64 nLocalPI = 25

0%   10   20   30   40   50   60   70   80   90   100%
|----|----|----|----|----|----|----|----|----|----|
***************************************************
change patienceM
time = 132388117
area = 568
delay = 25.9
write_blif appntk/cla32_40_0.035918_568_25.9.blif

round 41
seed = 1567400629 patienceN = 0 patienceM = 1 frameNumber = 64 nLocalPI = 25

0%   10   20   30   40   50   60   70   80   90   100%
|----|----|----|----|----|----|----|----|----|----|
***************************************************
change patienceN
time = 133360391
area = 568
delay = 25.9
write_blif appntk/cla32_41_0.035918_568_25.9.blif

round 42
seed = 1567400630 patienceN = 1 patienceM = 1 frameNumber = 64 nLocalPI = 25

0%   10   20   30   40   50   60   70   80   90   100%
|----|----|----|----|----|----|----|----|----|----|
***************************************************
change patienceM
time = 134512800
area = 568
delay = 25.9
write_blif appntk/cla32_42_0.035918_568_25.9.blif

round 43
seed = 1567400631 patienceN = 1 patienceM = 2 frameNumber = 64 nLocalPI = 25

0%   10   20   30   40   50   60   70   80   90   100%
|----|----|----|----|----|----|----|----|----|----|
***************************************************
change patienceM
time = 135821904
area = 568
delay = 25.9
write_blif appntk/cla32_43_0.035918_568_25.9.blif

round 44
seed = 1567400632 patienceN = 0 patienceM = 0 frameNumber = 64 nLocalPI = 24

0%   10   20   30   40   50   60   70   80   90   100%
|----|----|----|----|----|----|----|----|----|----|
***************************************************
change patienceM
time = 136892959
area = 568
delay = 25.9
write_blif appntk/cla32_44_0.035918_568_25.9.blif

round 45
seed = 1567400634 patienceN = 0 patienceM = 1 frameNumber = 64 nLocalPI = 24

0%   10   20   30   40   50   60   70   80   90   100%
|----|----|----|----|----|----|----|----|----|----|
***************************************************
change patienceM
time = 138050922
area = 568
delay = 25.9
write_blif appntk/cla32_45_0.035918_568_25.9.blif

round 46
seed = 1567400635 patienceN = 0 patienceM = 2 frameNumber = 64 nLocalPI = 24

0%   10   20   30   40   50   60   70   80   90   100%
|----|----|----|----|----|----|----|----|----|----|
***************************************************
change patienceM
time = 139212775
area = 568
delay = 25.9
write_blif appntk/cla32_46_0.035918_568_25.9.blif

round 47
seed = 1567400636 patienceN = 0 patienceM = 0 frameNumber = 64 nLocalPI = 23

0%   10   20   30   40   50   60   70   80   90   100%
|----|----|----|----|----|----|----|----|----|----|
***************************************************
change patienceM
time = 140328701
area = 568
delay = 25.9
write_blif appntk/cla32_47_0.035918_568_25.9.blif

round 48
seed = 1567400637 patienceN = 0 patienceM = 1 frameNumber = 64 nLocalPI = 23

0%   10   20   30   40   50   60   70   80   90   100%
|----|----|----|----|----|----|----|----|----|----|
***************************************************
change patienceM
time = 141349383
area = 568
delay = 25.9
write_blif appntk/cla32_48_0.035918_568_25.9.blif

round 49
seed = 1567400638 patienceN = 0 patienceM = 2 frameNumber = 64 nLocalPI = 23

0%   10   20   30   40   50   60   70   80   90   100%
|----|----|----|----|----|----|----|----|----|----|
***************************************************
change patienceM
time = 142545443
area = 568
delay = 25.9
write_blif appntk/cla32_49_0.035918_568_25.9.blif

round 50
seed = 1567400639 patienceN = 0 patienceM = 0 frameNumber = 64 nLocalPI = 22

0%   10   20   30   40   50   60   70   80   90   100%
|----|----|----|----|----|----|----|----|----|----|
***************************************************
change patienceM
time = 143816905
area = 568
delay = 25.9
write_blif appntk/cla32_50_0.035918_568_25.9.blif

round 51
seed = 1567400640 patienceN = 0 patienceM = 1 frameNumber = 64 nLocalPI = 22

0%   10   20   30   40   50   60   70   80   90   100%
|----|----|----|----|----|----|----|----|----|----|
***************************************************
change patienceM
time = 145093651
area = 568
delay = 25.9
write_blif appntk/cla32_51_0.035918_568_25.9.blif

round 52
seed = 1567400642 patienceN = 0 patienceM = 2 frameNumber = 64 nLocalPI = 22

0%   10   20   30   40   50   60   70   80   90   100%
|----|----|----|----|----|----|----|----|----|----|
***************************************************
change patienceM
time = 146512575
area = 568
delay = 25.9
write_blif appntk/cla32_52_0.035918_568_25.9.blif

round 53
seed = 1567400643 patienceN = 0 patienceM = 0 frameNumber = 64 nLocalPI = 21

0%   10   20   30   40   50   60   70   80   90   100%
|----|----|----|----|----|----|----|----|----|----|
***************************************************
change patienceM
time = 147676155
area = 568
delay = 25.9
write_blif appntk/cla32_53_0.035918_568_25.9.blif

round 54
seed = 1567400644 patienceN = 0 patienceM = 1 frameNumber = 64 nLocalPI = 21

0%   10   20   30   40   50   60   70   80   90   100%
|----|----|----|----|----|----|----|----|----|----|
***************************************************
change patienceM
time = 148747455
area = 568
delay = 25.9
write_blif appntk/cla32_54_0.035918_568_25.9.blif

round 55
seed = 1567400646 patienceN = 0 patienceM = 2 frameNumber = 64 nLocalPI = 21

0%   10   20   30   40   50   60   70   80   90   100%
|----|----|----|----|----|----|----|----|----|----|
***************************************************
change patienceM
time = 149876221
area = 568
delay = 25.9
write_blif appntk/cla32_55_0.035918_568_25.9.blif

round 56
seed = 1567400647 patienceN = 0 patienceM = 0 frameNumber = 64 nLocalPI = 20

0%   10   20   30   40   50   60   70   80   90   100%
|----|----|----|----|----|----|----|----|----|----|
***************************************************
change patienceM
time = 151113797
area = 568
delay = 25.9
write_blif appntk/cla32_56_0.035918_568_25.9.blif

round 57
seed = 1567400648 patienceN = 0 patienceM = 1 frameNumber = 64 nLocalPI = 20

0%   10   20   30   40   50   60   70   80   90   100%
|----|----|----|----|----|----|----|----|----|----|
***************************************************
change patienceM
time = 152282548
area = 568
delay = 25.9
write_blif appntk/cla32_57_0.035918_568_25.9.blif

round 58
seed = 1567400649 patienceN = 0 patienceM = 2 frameNumber = 64 nLocalPI = 20

0%   10   20   30   40   50   60   70   80   90   100%
|----|----|----|----|----|----|----|----|----|----|
***************************************************
change patienceM
time = 153289728
area = 568
delay = 25.9
write_blif appntk/cla32_58_0.035918_568_25.9.blif

round 59
seed = 1567400650 patienceN = 0 patienceM = 0 frameNumber = 64 nLocalPI = 19

0%   10   20   30   40   50   60   70   80   90   100%
|----|----|----|----|----|----|----|----|----|----|
***************************************************
change patienceM
time = 154585835
area = 568
delay = 25.9
write_blif appntk/cla32_59_0.035918_568_25.9.blif

round 60
seed = 1567400651 patienceN = 0 patienceM = 1 frameNumber = 64 nLocalPI = 19

0%   10   20   30   40   50   60   70   80   90   100%
|----|----|----|----|----|----|----|----|----|----|
***************************************************
change patienceM
time = 155706579
area = 568
delay = 25.9
write_blif appntk/cla32_60_0.035918_568_25.9.blif

round 61
seed = 1567400652 patienceN = 0 patienceM = 2 frameNumber = 64 nLocalPI = 19

0%   10   20   30   40   50   60   70   80   90   100%
|----|----|----|----|----|----|----|----|----|----|
***************************************************
change patienceM
time = 156910646
area = 568
delay = 25.9
write_blif appntk/cla32_61_0.035918_568_25.9.blif

round 62
seed = 1567400654 patienceN = 0 patienceM = 0 frameNumber = 64 nLocalPI = 18

0%   10   20   30   40   50   60   70   80   90   100%
|----|----|----|----|----|----|----|----|----|----|
***************************************************
change patienceM
time = 158121394
area = 568
delay = 25.9
write_blif appntk/cla32_62_0.035918_568_25.9.blif

round 63
seed = 1567400655 patienceN = 0 patienceM = 1 frameNumber = 64 nLocalPI = 18

0%   10   20   30   40   50   60   70   80   90   100%
|----|----|----|----|----|----|----|----|----|----|
***************************************************
change patienceM
time = 159339557
area = 568
delay = 25.9
write_blif appntk/cla32_63_0.035918_568_25.9.blif

round 64
seed = 1567400656 patienceN = 0 patienceM = 2 frameNumber = 64 nLocalPI = 18

0%   10   20   30   40   50   60   70   80   90   100%
|----|----|----|----|----|----|----|----|----|----|
***************************************************
change patienceM
time = 160371239
area = 568
delay = 25.9
write_blif appntk/cla32_64_0.035918_568_25.9.blif

round 65
seed = 1567400657 patienceN = 0 patienceM = 0 frameNumber = 64 nLocalPI = 17

0%   10   20   30   40   50   60   70   80   90   100%
|----|----|----|----|----|----|----|----|----|----|
***************************************************
best node n297 best error 0.0498145
time = 161634200
area = 562
delay = 33.4
write_blif appntk/cla32_65_0.0498145_562_33.4.blif

round 66
seed = 1567400658 patienceN = 0 patienceM = 0 frameNumber = 64 nLocalPI = 17

0%   10   20   30   40   50   60   70   80   90   100%
|----|----|----|----|----|----|----|----|----|----|
***************************************************
change patienceM
time = 162614642
area = 562
delay = 33.4
write_blif appntk/cla32_66_0.0498145_562_33.4.blif

round 67
seed = 1567400659 patienceN = 0 patienceM = 1 frameNumber = 64 nLocalPI = 17

0%   10   20   30   40   50   60   70   80   90   100%
|----|----|----|----|----|----|----|----|----|----|
***************************************************
change patienceM
time = 163526926
area = 562
delay = 33.4
write_blif appntk/cla32_67_0.0498145_562_33.4.blif

round 68
seed = 1567400660 patienceN = 0 patienceM = 2 frameNumber = 64 nLocalPI = 17

0%   10   20   30   40   50   60   70   80   90   100%
|----|----|----|----|----|----|----|----|----|----|
***************************************************
change patienceM
time = 164445061
area = 562
delay = 33.4
write_blif appntk/cla32_68_0.0498145_562_33.4.blif

round 69
seed = 1567400661 patienceN = 0 patienceM = 0 frameNumber = 64 nLocalPI = 16

0%   10   20   30   40   50   60   70   80   90   100%
|----|----|----|----|----|----|----|----|----|----|
***************************************************
change patienceM
time = 165509751
area = 562
delay = 33.4
write_blif appntk/cla32_69_0.0498145_562_33.4.blif

round 70
seed = 1567400662 patienceN = 0 patienceM = 1 frameNumber = 64 nLocalPI = 16

0%   10   20   30   40   50   60   70   80   90   100%
|----|----|----|----|----|----|----|----|----|----|
***************************************************
change patienceN
time = 166321834
area = 562
delay = 33.4
write_blif appntk/cla32_70_0.0498145_562_33.4.blif

round 71
seed = 1567400663 patienceN = 1 patienceM = 1 frameNumber = 64 nLocalPI = 16

0%   10   20   30   40   50   60   70   80   90   100%
|----|----|----|----|----|----|----|----|----|----|
***************************************************
change patienceM
time = 167226997
area = 562
delay = 33.4
write_blif appntk/cla32_71_0.0498145_562_33.4.blif

round 72
seed = 1567400664 patienceN = 1 patienceM = 2 frameNumber = 64 nLocalPI = 16

0%   10   20   30   40   50   60   70   80   90   100%
|----|----|----|----|----|----|----|----|----|----|
***************************************************
change patienceM
time = 168129838
area = 562
delay = 33.4
write_blif appntk/cla32_72_0.0498145_562_33.4.blif

round 73
seed = 1567400665 patienceN = 0 patienceM = 0 frameNumber = 64 nLocalPI = 15

0%   10   20   30   40   50   60   70   80   90   100%
|----|----|----|----|----|----|----|----|----|----|
***************************************************
change patienceM
time = 169082686
area = 562
delay = 33.4
write_blif appntk/cla32_73_0.0498145_562_33.4.blif

round 74
seed = 1567400666 patienceN = 0 patienceM = 1 frameNumber = 64 nLocalPI = 15

0%   10   20   30   40   50   60   70   80   90   100%
|----|----|----|----|----|----|----|----|----|----|
***************************************************
change patienceM
time = 170276578
area = 562
delay = 33.4
write_blif appntk/cla32_74_0.0498145_562_33.4.blif

round 75
seed = 1567400667 patienceN = 0 patienceM = 2 frameNumber = 64 nLocalPI = 15

0%   10   20   30   40   50   60   70   80   90   100%
|----|----|----|----|----|----|----|----|----|----|
***************************************************
change patienceN
time = 171065361
area = 562
delay = 33.4
write_blif appntk/cla32_75_0.0498145_562_33.4.blif

round 76
seed = 1567400668 patienceN = 1 patienceM = 2 frameNumber = 64 nLocalPI = 15

0%   10   20   30   40   50   60   70   80   90   100%
|----|----|----|----|----|----|----|----|----|----|
***************************************************
change patienceM
time = 171932294
area = 562
delay = 33.4
write_blif appntk/cla32_76_0.0498145_562_33.4.blif

round 77
seed = 1567400669 patienceN = 0 patienceM = 0 frameNumber = 64 nLocalPI = 14

0%   10   20   30   40   50   60   70   80   90   100%
|----|----|----|----|----|----|----|----|----|----|
***************************************************
change patienceM
time = 172791194
area = 562
delay = 33.4
write_blif appntk/cla32_77_0.0498145_562_33.4.blif

round 78
seed = 1567400670 patienceN = 0 patienceM = 1 frameNumber = 64 nLocalPI = 14

0%   10   20   30   40   50   60   70   80   90   100%
|----|----|----|----|----|----|----|----|----|----|
***************************************************
change patienceM
time = 173652157
area = 562
delay = 33.4
write_blif appntk/cla32_78_0.0498145_562_33.4.blif

round 79
seed = 1567400671 patienceN = 0 patienceM = 2 frameNumber = 64 nLocalPI = 14

0%   10   20   30   40   50   60   70   80   90   100%
|----|----|----|----|----|----|----|----|----|----|
***************************************************
change patienceM
time = 174753307
area = 562
delay = 33.4
write_blif appntk/cla32_79_0.0498145_562_33.4.blif

round 80
seed = 1567400672 patienceN = 0 patienceM = 0 frameNumber = 64 nLocalPI = 13

0%   10   20   30   40   50   60   70   80   90   100%
|----|----|----|----|----|----|----|----|----|----|
***************************************************
change patienceM
time = 175588302
area = 562
delay = 33.4
write_blif appntk/cla32_80_0.0498145_562_33.4.blif

round 81
seed = 1567400673 patienceN = 0 patienceM = 1 frameNumber = 64 nLocalPI = 13

0%   10   20   30   40   50   60   70   80   90   100%
|----|----|----|----|----|----|----|----|----|----|
***************************************************
change patienceM
time = 176423374
area = 562
delay = 33.4
write_blif appntk/cla32_81_0.0498145_562_33.4.blif

round 82
seed = 1567400673 patienceN = 0 patienceM = 2 frameNumber = 64 nLocalPI = 13

0%   10   20   30   40   50   60   70   80   90   100%
|----|----|----|----|----|----|----|----|----|----|
***************************************************
change patienceM
time = 177259901
area = 562
delay = 33.4
write_blif appntk/cla32_82_0.0498145_562_33.4.blif

round 83
seed = 1567400674 patienceN = 0 patienceM = 0 frameNumber = 64 nLocalPI = 12

0%   10   20   30   40   50   60   70   80   90   100%
|----|----|----|----|----|----|----|----|----|----|
***************************************************
change patienceM
time = 178183878
area = 562
delay = 33.4
write_blif appntk/cla32_83_0.0498145_562_33.4.blif

round 84
seed = 1567400675 patienceN = 0 patienceM = 1 frameNumber = 64 nLocalPI = 12

0%   10   20   30   40   50   60   70   80   90   100%
|----|----|----|----|----|----|----|----|----|----|
***************************************************
change patienceM
time = 179188213
area = 562
delay = 33.4
write_blif appntk/cla32_84_0.0498145_562_33.4.blif

round 85
seed = 1567400676 patienceN = 0 patienceM = 2 frameNumber = 64 nLocalPI = 12

0%   10   20   30   40   50   60   70   80   90   100%
|----|----|----|----|----|----|----|----|----|----|
***************************************************
change patienceM
time = 180014763
area = 562
delay = 33.4
write_blif appntk/cla32_85_0.0498145_562_33.4.blif

round 86
seed = 1567400677 patienceN = 0 patienceM = 0 frameNumber = 64 nLocalPI = 11

0%   10   20   30   40   50   60   70   80   90   100%
|----|----|----|----|----|----|----|----|----|----|
***************************************************
change patienceM
time = 180983368
area = 562
delay = 33.4
write_blif appntk/cla32_86_0.0498145_562_33.4.blif

round 87
seed = 1567400678 patienceN = 0 patienceM = 1 frameNumber = 64 nLocalPI = 11

0%   10   20   30   40   50   60   70   80   90   100%
|----|----|----|----|----|----|----|----|----|----|
***************************************************
change patienceM
time = 182122463
area = 562
delay = 33.4
write_blif appntk/cla32_87_0.0498145_562_33.4.blif

round 88
seed = 1567400679 patienceN = 0 patienceM = 2 frameNumber = 64 nLocalPI = 11

0%   10   20   30   40   50   60   70   80   90   100%
|----|----|----|----|----|----|----|----|----|----|
***************************************************
change patienceM
time = 182932330
area = 562
delay = 33.4
write_blif appntk/cla32_88_0.0498145_562_33.4.blif

round 89
seed = 1567400680 patienceN = 0 patienceM = 0 frameNumber = 64 nLocalPI = 10

0%   10   20   30   40   50   60   70   80   90   100%
|----|----|----|----|----|----|----|----|----|----|
***************************************************
change patienceM
time = 183826666
area = 562
delay = 33.4
write_blif appntk/cla32_89_0.0498145_562_33.4.blif

round 90
seed = 1567400681 patienceN = 0 patienceM = 1 frameNumber = 64 nLocalPI = 10

0%   10   20   30   40   50   60   70   80   90   100%
|----|----|----|----|----|----|----|----|----|----|
***************************************************
change patienceM
time = 184804659
area = 562
delay = 33.4
write_blif appntk/cla32_90_0.0498145_562_33.4.blif

round 91
seed = 1567400682 patienceN = 0 patienceM = 2 frameNumber = 64 nLocalPI = 10

0%   10   20   30   40   50   60   70   80   90   100%
|----|----|----|----|----|----|----|----|----|----|
***************************************************
change patienceM
time = 185706120
area = 562
delay = 33.4
write_blif appntk/cla32_91_0.0498145_562_33.4.blif

round 92
seed = 1567400683 patienceN = 0 patienceM = 0 frameNumber = 64 nLocalPI = 9

0%   10   20   30   40   50   60   70   80   90   100%
|----|----|----|----|----|----|----|----|----|----|
***************************************************
change patienceN
time = 186408626
area = 562
delay = 33.4
write_blif appntk/cla32_92_0.0498145_562_33.4.blif

round 93
seed = 1567400684 patienceN = 1 patienceM = 0 frameNumber = 64 nLocalPI = 9

0%   10   20   30   40   50   60   70   80   90   100%
|----|----|----|----|----|----|----|----|----|----|
***************************************************
change patienceN
time = 187108350
area = 562
delay = 33.4
write_blif appntk/cla32_93_0.0498145_562_33.4.blif

round 94
seed = 1567400684 patienceN = 2 patienceM = 0 frameNumber = 64 nLocalPI = 9

0%   10   20   30   40   50   60   70   80   90   100%
|----|----|----|----|----|----|----|----|----|----|
***************************************************
change patienceM
time = 187883455
area = 562
delay = 33.4
write_blif appntk/cla32_94_0.0498145_562_33.4.blif

round 95
seed = 1567400685 patienceN = 2 patienceM = 1 frameNumber = 64 nLocalPI = 9

0%   10   20   30   40   50   60   70   80   90   100%
|----|----|----|----|----|----|----|----|----|----|
***************************************************
change patienceM
time = 188823521
area = 562
delay = 33.4
write_blif appntk/cla32_95_0.0498145_562_33.4.blif

round 96
seed = 1567400686 patienceN = 2 patienceM = 2 frameNumber = 64 nLocalPI = 9

0%   10   20   30   40   50   60   70   80   90   100%
|----|----|----|----|----|----|----|----|----|----|
***************************************************
change patienceM
time = 189931859
area = 562
delay = 33.4
write_blif appntk/cla32_96_0.0498145_562_33.4.blif

round 97
seed = 1567400687 patienceN = 0 patienceM = 0 frameNumber = 64 nLocalPI = 8

0%   10   20   30   40   50   60   70   80   90   100%
|----|----|----|----|----|----|----|----|----|----|
***************************************************
change patienceM
time = 190794407
area = 562
delay = 33.4
write_blif appntk/cla32_97_0.0498145_562_33.4.blif

round 98
seed = 1567400688 patienceN = 0 patienceM = 1 frameNumber = 64 nLocalPI = 8

0%   10   20   30   40   50   60   70   80   90   100%
|----|----|----|----|----|----|----|----|----|----|
***************************************************
change patienceM
time = 191669028
area = 562
delay = 33.4
write_blif appntk/cla32_98_0.0498145_562_33.4.blif

round 99
seed = 1567400689 patienceN = 0 patienceM = 2 frameNumber = 64 nLocalPI = 8

0%   10   20   30   40   50   60   70   80   90   100%
|----|----|----|----|----|----|----|----|----|----|
***************************************************
change patienceM
time = 192871814
area = 562
delay = 33.4
write_blif appntk/cla32_99_0.0498145_562_33.4.blif

round 100
seed = 1567400690 patienceN = 0 patienceM = 0 frameNumber = 64 nLocalPI = 7

0%   10   20   30   40   50   60   70   80   90   100%
|----|----|----|----|----|----|----|----|----|----|
***************************************************
change patienceM
time = 193619792
area = 562
delay = 33.4
write_blif appntk/cla32_100_0.0498145_562_33.4.blif

round 101
seed = 1567400691 patienceN = 0 patienceM = 1 frameNumber = 64 nLocalPI = 7

0%   10   20   30   40   50   60   70   80   90   100%
|----|----|----|----|----|----|----|----|----|----|
***************************************************
change patienceM
time = 194365252
area = 562
delay = 33.4
write_blif appntk/cla32_101_0.0498145_562_33.4.blif

round 102
seed = 1567400691 patienceN = 0 patienceM = 2 frameNumber = 64 nLocalPI = 7

0%   10   20   30   40   50   60   70   80   90   100%
|----|----|----|----|----|----|----|----|----|----|
***************************************************
change patienceM
time = 195272659
area = 562
delay = 33.4
write_blif appntk/cla32_102_0.0498145_562_33.4.blif

round 103
seed = 1567400692 patienceN = 0 patienceM = 0 frameNumber = 64 nLocalPI = 6

0%   10   20   30   40   50   60   70   80   90   100%
|----|----|----|----|----|----|----|----|----|----|
***************************************************
change patienceM
time = 196013088
area = 562
delay = 33.4
write_blif appntk/cla32_103_0.0498145_562_33.4.blif

round 104
seed = 1567400693 patienceN = 0 patienceM = 1 frameNumber = 64 nLocalPI = 6

0%   10   20   30   40   50   60   70   80   90   100%
|----|----|----|----|----|----|----|----|----|----|
***************************************************
change patienceN
time = 196658173
area = 562
delay = 33.4
write_blif appntk/cla32_104_0.0498145_562_33.4.blif

round 105
seed = 1567400694 patienceN = 1 patienceM = 1 frameNumber = 64 nLocalPI = 6

0%   10   20   30   40   50   60   70   80   90   100%
|----|----|----|----|----|----|----|----|----|----|
***************************************************
change patienceM
time = 197390217
area = 562
delay = 33.4
write_blif appntk/cla32_105_0.0498145_562_33.4.blif

round 106
seed = 1567400695 patienceN = 1 patienceM = 2 frameNumber = 64 nLocalPI = 6

0%   10   20   30   40   50   60   70   80   90   100%
|----|----|----|----|----|----|----|----|----|----|
***************************************************
change patienceM
time = 198136212
area = 562
delay = 33.4
write_blif appntk/cla32_106_0.0498145_562_33.4.blif

round 107
seed = 1567400695 patienceN = 0 patienceM = 0 frameNumber = 64 nLocalPI = 5

0%   10   20   30   40   50   60   70   80   90   100%
|----|----|----|----|----|----|----|----|----|----|
***************************************************
best node n215 best error 0.0804395
time = 198937298
