Entered genlib library with 23 gates from file "data/genlib/mcnc.genlib".
Line 11: Skipping line ".default_input_arrival 0.00 0.00 ".
Line 12: Skipping line ".default_output_required 0.00 0.00 ".
Line 13: Skipping line ".default_input_drive 0.10 0.10 ".
Line 14: Skipping line ".default_output_load 2.00 ".
Line 15: Skipping line ".default_max_input_load 999.00 ".
Original area = 1128, original delay = 17.8

round 0
seed = 0 patienceN = 0 patienceM = 0 frameNumber = 64 nLocalPI = 30

0%   10   20   30   40   50   60   70   80   90   100%
|----|----|----|----|----|----|----|----|----|----|
***************************************************
best node sum[0] best error 0
time = 14216796
area = 1012
delay = 17
write_blif appntk/ksa32_0_0_1012_17.blif

round 1
seed = 1567400498 patienceN = 0 patienceM = 0 frameNumber = 64 nLocalPI = 30

0%   10   20   30   40   50   60   70   80   90   100%
|----|----|----|----|----|----|----|----|----|----|
***************************************************
best node n467 best error 0
time = 25669197
area = 1014
delay = 16.6
write_blif appntk/ksa32_1_0_1014_16.6.blif

round 2
seed = 1567400512 patienceN = 0 patienceM = 0 frameNumber = 64 nLocalPI = 30

0%   10   20   30   40   50   60   70   80   90   100%
|----|----|----|----|----|----|----|----|----|----|
***************************************************
best node n500 best error 0
time = 37874465
area = 1002
delay = 16.6
write_blif appntk/ksa32_2_0_1002_16.6.blif

round 3
seed = 1567400524 patienceN = 0 patienceM = 0 frameNumber = 64 nLocalPI = 30

0%   10   20   30   40   50   60   70   80   90   100%
|----|----|----|----|----|----|----|----|----|----|
***************************************************
best node n516 best error 0
time = 49762611
area = 994
delay = 17.4
write_blif appntk/ksa32_3_0_994_17.4.blif

round 4
seed = 1567400536 patienceN = 0 patienceM = 0 frameNumber = 64 nLocalPI = 30

0%   10   20   30   40   50   60   70   80   90   100%
|----|----|----|----|----|----|----|----|----|----|
***************************************************
best node n445 best error 9.76562e-06
time = 61339101
area = 994
delay = 16.6
write_blif appntk/ksa32_4_9.76562e-06_994_16.6.blif

round 5
seed = 1567400548 patienceN = 0 patienceM = 0 frameNumber = 64 nLocalPI = 30

0%   10   20   30   40   50   60   70   80   90   100%
|----|----|----|----|----|----|----|----|----|----|
***************************************************
best node n589 best error 9.76562e-06
time = 72839631
area = 972
delay = 17.2
write_blif appntk/ksa32_5_9.76562e-06_972_17.2.blif

round 6
seed = 1567400560 patienceN = 0 patienceM = 0 frameNumber = 64 nLocalPI = 30

0%   10   20   30   40   50   60   70   80   90   100%
|----|----|----|----|----|----|----|----|----|----|
***************************************************
best node n476 best error 1.95312e-05
time = 84016750
area = 966
delay = 17.2
write_blif appntk/ksa32_6_1.95312e-05_966_17.2.blif

round 7
seed = 1567400571 patienceN = 0 patienceM = 0 frameNumber = 64 nLocalPI = 30

0%   10   20   30   40   50   60   70   80   90   100%
|----|----|----|----|----|----|----|----|----|----|
***************************************************
best node n525 best error 2.92969e-05
time = 92626300
area = 957
delay = 17.2
write_blif appntk/ksa32_7_2.92969e-05_957_17.2.blif

round 8
seed = 1567400582 patienceN = 0 patienceM = 0 frameNumber = 64 nLocalPI = 30

0%   10   20   30   40   50   60   70   80   90   100%
|----|----|----|----|----|----|----|----|----|----|
***************************************************
best node n542 best error 3.90625e-05
time = 101141810
area = 980
delay = 17.2
write_blif appntk/ksa32_8_3.90625e-05_980_17.2.blif

round 9
seed = 1567400591 patienceN = 0 patienceM = 0 frameNumber = 64 nLocalPI = 30

0%   10   20   30   40   50   60   70   80   90   100%
|----|----|----|----|----|----|----|----|----|----|
***************************************************
best node n559 best error 4.88281e-05
time = 109687601
area = 981
delay = 17
write_blif appntk/ksa32_9_4.88281e-05_981_17.blif

round 10
seed = 1567400599 patienceN = 0 patienceM = 0 frameNumber = 64 nLocalPI = 30

0%   10   20   30   40   50   60   70   80   90   100%
|----|----|----|----|----|----|----|----|----|----|
***************************************************
best node n497 best error 0.000136719
time = 117156639
area = 973
delay = 17
write_blif appntk/ksa32_10_0.000136719_973_17.blif

round 11
seed = 1567400608 patienceN = 0 patienceM = 0 frameNumber = 64 nLocalPI = 30

0%   10   20   30   40   50   60   70   80   90   100%
|----|----|----|----|----|----|----|----|----|----|
***************************************************
best node n481 best error 0.000214844
time = 124757021
area = 961
delay = 17
write_blif appntk/ksa32_11_0.000214844_961_17.blif

round 12
seed = 1567400615 patienceN = 0 patienceM = 0 frameNumber = 64 nLocalPI = 30

0%   10   20   30   40   50   60   70   80   90   100%
|----|----|----|----|----|----|----|----|----|----|
***************************************************
best node n299 best error 0.000341797
time = 134943500
area = 937
delay = 16.4
write_blif appntk/ksa32_12_0.000341797_937_16.4.blif

round 13
seed = 1567400623 patienceN = 0 patienceM = 0 frameNumber = 64 nLocalPI = 30

0%   10   20   30   40   50   60   70   80   90   100%
|----|----|----|----|----|----|----|----|----|----|
***************************************************
best node n446 best error 0.000390625
time = 144360356
area = 926
delay = 16.4
write_blif appntk/ksa32_13_0.000390625_926_16.4.blif

round 14
seed = 1567400633 patienceN = 0 patienceM = 0 frameNumber = 64 nLocalPI = 30

0%   10   20   30   40   50   60   70   80   90   100%
|----|----|----|----|----|----|----|----|----|----|
***************************************************
best node n468 best error 0.000390625
time = 153234727
area = 926
delay = 16.4
write_blif appntk/ksa32_14_0.000390625_926_16.4.blif

round 15
seed = 1567400643 patienceN = 0 patienceM = 0 frameNumber = 64 nLocalPI = 30

0%   10   20   30   40   50   60   70   80   90   100%
|----|----|----|----|----|----|----|----|----|----|
***************************************************
best node n430 best error 0.00203125
time = 160080455
area = 922
delay = 16.4
write_blif appntk/ksa32_15_0.00203125_922_16.4.blif

round 16
seed = 1567400651 patienceN = 0 patienceM = 0 frameNumber = 64 nLocalPI = 30

0%   10   20   30   40   50   60   70   80   90   100%
|----|----|----|----|----|----|----|----|----|----|
***************************************************
best node n413 best error 0.00304687
time = 167070810
area = 916
delay = 17.2
write_blif appntk/ksa32_16_0.00304687_916_17.2.blif

round 17
seed = 1567400658 patienceN = 0 patienceM = 0 frameNumber = 64 nLocalPI = 30

0%   10   20   30   40   50   60   70   80   90   100%
|----|----|----|----|----|----|----|----|----|----|
***************************************************
best node n396 best error 0.00400391
time = 175290095
area = 904
delay = 16.7
write_blif appntk/ksa32_17_0.00400391_904_16.7.blif

round 18
seed = 1567400665 patienceN = 0 patienceM = 0 frameNumber = 64 nLocalPI = 30

0%   10   20   30   40   50   60   70   80   90   100%
|----|----|----|----|----|----|----|----|----|----|
***************************************************
best node n377 best error 0.00492187
time = 182320030
area = 896
delay = 16.7
write_blif appntk/ksa32_18_0.00492187_896_16.7.blif

round 19
seed = 1567400673 patienceN = 0 patienceM = 0 frameNumber = 64 nLocalPI = 30

0%   10   20   30   40   50   60   70   80   90   100%
|----|----|----|----|----|----|----|----|----|----|
***************************************************
best node n357 best error 0.00600586
time = 189167479
area = 885
delay = 16.7
write_blif appntk/ksa32_19_0.00600586_885_16.7.blif

round 20
seed = 1567400680 patienceN = 0 patienceM = 0 frameNumber = 64 nLocalPI = 30

0%   10   20   30   40   50   60   70   80   90   100%
|----|----|----|----|----|----|----|----|----|----|
***************************************************
best node n347 best error 0.00685547
time = 196260640
area = 862
delay = 15.4
write_blif appntk/ksa32_20_0.00685547_862_15.4.blif

round 21
seed = 1567400687 patienceN = 0 patienceM = 0 frameNumber = 64 nLocalPI = 30

0%   10   20   30   40   50   60   70   80   90   100%
|----|----|----|----|----|----|----|----|----|----|
***************************************************
best node n319 best error 0.00780273
time = 201930599
area = 852
delay = 15.4
write_blif appntk/ksa32_21_0.00780273_852_15.4.blif

round 22
seed = 1567400694 patienceN = 0 patienceM = 0 frameNumber = 64 nLocalPI = 30

0%   10   20   30   40   50   60   70   80   90   100%
|----|----|----|----|----|----|----|----|----|----|
***************************************************
best node n300 best error 0.0090625
time = 206532473
area = 834
delay = 15.5
write_blif appntk/ksa32_22_0.0090625_834_15.5.blif

round 23
seed = 1567400700 patienceN = 0 patienceM = 0 frameNumber = 64 nLocalPI = 30

0%   10   20   30   40   50   60   70   80   90   100%
|----|----|----|----|----|----|----|----|----|----|
***************************************************
best node n248 best error 0.0101465
time = 211678832
area = 825
delay = 15.5
write_blif appntk/ksa32_23_0.0101465_825_15.5.blif

round 24
seed = 1567400705 patienceN = 0 patienceM = 0 frameNumber = 64 nLocalPI = 30

0%   10   20   30   40   50   60   70   80   90   100%
|----|----|----|----|----|----|----|----|----|----|
***************************************************
best node n225 best error 0.0117676
time = 216284251
area = 809
delay = 15.3
write_blif appntk/ksa32_24_0.0117676_809_15.3.blif

round 25
seed = 1567400710 patienceN = 0 patienceM = 0 frameNumber = 64 nLocalPI = 30

0%   10   20   30   40   50   60   70   80   90   100%
|----|----|----|----|----|----|----|----|----|----|
***************************************************
best node n483 best error 0.0137891
time = 221024022
area = 802
delay = 15.9
write_blif appntk/ksa32_25_0.0137891_802_15.9.blif

round 26
seed = 1567400714 patienceN = 0 patienceM = 0 frameNumber = 64 nLocalPI = 30

0%   10   20   30   40   50   60   70   80   90   100%
|----|----|----|----|----|----|----|----|----|----|
***************************************************
best node n450 best error 0.0150195
time = 225414880
area = 796
delay = 15.9
write_blif appntk/ksa32_26_0.0150195_796_15.9.blif

round 27
seed = 1567400719 patienceN = 0 patienceM = 0 frameNumber = 64 nLocalPI = 30

0%   10   20   30   40   50   60   70   80   90   100%
|----|----|----|----|----|----|----|----|----|----|
***************************************************
best node n437 best error 0.015918
time = 229238553
area = 783
delay = 15.9
write_blif appntk/ksa32_27_0.015918_783_15.9.blif

round 28
seed = 1567400723 patienceN = 0 patienceM = 0 frameNumber = 64 nLocalPI = 30

0%   10   20   30   40   50   60   70   80   90   100%
|----|----|----|----|----|----|----|----|----|----|
***************************************************
best node n460 best error 0.015918
time = 232152764
area = 783
delay = 15.9
write_blif appntk/ksa32_28_0.015918_783_15.9.blif

round 29
seed = 1567400727 patienceN = 0 patienceM = 0 frameNumber = 64 nLocalPI = 30

0%   10   20   30   40   50   60   70   80   90   100%
|----|----|----|----|----|----|----|----|----|----|
***************************************************
best node n316 best error 0.0196973
time = 235477389
area = 758
delay = 15.9
write_blif appntk/ksa32_29_0.0196973_758_15.9.blif

round 30
seed = 1567400730 patienceN = 0 patienceM = 0 frameNumber = 64 nLocalPI = 30

0%   10   20   30   40   50   60   70   80   90   100%
|----|----|----|----|----|----|----|----|----|----|
***************************************************
best node n258 best error 0.0196973
time = 238839857
area = 752
delay = 15.9
write_blif appntk/ksa32_30_0.0196973_752_15.9.blif

round 31
seed = 1567400733 patienceN = 0 patienceM = 0 frameNumber = 64 nLocalPI = 30

0%   10   20   30   40   50   60   70   80   90   100%
|----|----|----|----|----|----|----|----|----|----|
***************************************************
best node n323 best error 0.0226074
time = 241614517
area = 741
delay = 15.9
write_blif appntk/ksa32_31_0.0226074_741_15.9.blif

round 32
seed = 1567400737 patienceN = 0 patienceM = 0 frameNumber = 64 nLocalPI = 30

0%   10   20   30   40   50   60   70   80   90   100%
|----|----|----|----|----|----|----|----|----|----|
***************************************************
best node n333 best error 0.0255566
time = 244729376
area = 736
delay = 15.9
write_blif appntk/ksa32_32_0.0255566_736_15.9.blif

round 33
seed = 1567400740 patienceN = 0 patienceM = 0 frameNumber = 64 nLocalPI = 30

0%   10   20   30   40   50   60   70   80   90   100%
|----|----|----|----|----|----|----|----|----|----|
***************************************************
best node n343 best error 0.0255566
time = 247908583
area = 737
delay = 16.3
write_blif appntk/ksa32_33_0.0255566_737_16.3.blif

round 34
seed = 1567400743 patienceN = 0 patienceM = 0 frameNumber = 64 nLocalPI = 30

0%   10   20   30   40   50   60   70   80   90   100%
|----|----|----|----|----|----|----|----|----|----|
***************************************************
best node n263 best error 0.0293262
time = 250900469
area = 716
delay = 15.4
write_blif appntk/ksa32_34_0.0293262_716_15.4.blif

round 35
seed = 1567400746 patienceN = 0 patienceM = 0 frameNumber = 64 nLocalPI = 30

0%   10   20   30   40   50   60   70   80   90   100%
|----|----|----|----|----|----|----|----|----|----|
***************************************************
best node n412 best error 0.0302246
time = 253594875
area = 716
delay = 16.3
write_blif appntk/ksa32_35_0.0302246_716_16.3.blif

round 36
seed = 1567400749 patienceN = 0 patienceM = 0 frameNumber = 64 nLocalPI = 30

0%   10   20   30   40   50   60   70   80   90   100%
|----|----|----|----|----|----|----|----|----|----|
***************************************************
best node n214 best error 0.0344043
time = 256195959
area = 717
delay = 16.7
write_blif appntk/ksa32_36_0.0344043_717_16.7.blif

round 37
seed = 1567400752 patienceN = 0 patienceM = 0 frameNumber = 64 nLocalPI = 30

0%   10   20   30   40   50   60   70   80   90   100%
|----|----|----|----|----|----|----|----|----|----|
***************************************************
best node n279 best error 0.0344043
time = 258617157
area = 703
delay = 16.7
write_blif appntk/ksa32_37_0.0344043_703_16.7.blif

round 38
seed = 1567400754 patienceN = 0 patienceM = 0 frameNumber = 64 nLocalPI = 30

0%   10   20   30   40   50   60   70   80   90   100%
|----|----|----|----|----|----|----|----|----|----|
***************************************************
best node n228 best error 0.0344043
time = 261141602
area = 690
delay = 16.7
write_blif appntk/ksa32_38_0.0344043_690_16.7.blif

round 39
seed = 1567400757 patienceN = 0 patienceM = 0 frameNumber = 64 nLocalPI = 30

0%   10   20   30   40   50   60   70   80   90   100%
|----|----|----|----|----|----|----|----|----|----|
***************************************************
best node n263 best error 0.0381836
time = 263481982
area = 686
delay = 16.7
write_blif appntk/ksa32_39_0.0381836_686_16.7.blif

round 40
seed = 1567400759 patienceN = 0 patienceM = 0 frameNumber = 64 nLocalPI = 30

0%   10   20   30   40   50   60   70   80   90   100%
|----|----|----|----|----|----|----|----|----|----|
***************************************************
best node n299 best error 0.0420703
time = 266039807
area = 686
delay = 16.7
write_blif appntk/ksa32_40_0.0420703_686_16.7.blif

round 41
seed = 1567400761 patienceN = 0 patienceM = 0 frameNumber = 64 nLocalPI = 30

0%   10   20   30   40   50   60   70   80   90   100%
|----|----|----|----|----|----|----|----|----|----|
***************************************************
best node n383 best error 0.0458789
time = 268314648
area = 661
delay = 15.7
write_blif appntk/ksa32_41_0.0458789_661_15.7.blif

round 42
seed = 1567400764 patienceN = 0 patienceM = 0 frameNumber = 64 nLocalPI = 30

0%   10   20   30   40   50   60   70   80   90   100%
|----|----|----|----|----|----|----|----|----|----|
***************************************************
best node n358 best error 0.0497363
time = 270267527
area = 656
delay = 17.2
write_blif appntk/ksa32_42_0.0497363_656_17.2.blif

round 43
seed = 1567400766 patienceN = 0 patienceM = 0 frameNumber = 64 nLocalPI = 30

0%   10   20   30   40   50   60   70   80   90   100%
|----|----|----|----|----|----|----|----|----|----|
***************************************************
change patienceM
time = 271897624
area = 656
delay = 17.2
write_blif appntk/ksa32_43_0.0497363_656_17.2.blif

round 44
seed = 1567400768 patienceN = 0 patienceM = 1 frameNumber = 64 nLocalPI = 30

0%   10   20   30   40   50   60   70   80   90   100%
|----|----|----|----|----|----|----|----|----|----|
***************************************************
change patienceM
time = 273676204
area = 656
delay = 17.2
write_blif appntk/ksa32_44_0.0497363_656_17.2.blif

round 45
seed = 1567400770 patienceN = 0 patienceM = 2 frameNumber = 64 nLocalPI = 30

0%   10   20   30   40   50   60   70   80   90   100%
|----|----|----|----|----|----|----|----|----|----|
***************************************************
change patienceM
time = 275397988
area = 656
delay = 17.2
write_blif appntk/ksa32_45_0.0497363_656_17.2.blif

round 46
seed = 1567400772 patienceN = 0 patienceM = 0 frameNumber = 64 nLocalPI = 29

0%   10   20   30   40   50   60   70   80   90   100%
|----|----|----|----|----|----|----|----|----|----|
***************************************************
change patienceM
time = 277180447
area = 656
delay = 17.2
write_blif appntk/ksa32_46_0.0497363_656_17.2.blif

round 47
seed = 1567400773 patienceN = 0 patienceM = 1 frameNumber = 64 nLocalPI = 29

0%   10   20   30   40   50   60   70   80   90   100%
|----|----|----|----|----|----|----|----|----|----|
***************************************************
change patienceM
time = 278815815
area = 656
delay = 17.2
write_blif appntk/ksa32_47_0.0497363_656_17.2.blif

round 48
seed = 1567400775 patienceN = 0 patienceM = 2 frameNumber = 64 nLocalPI = 29

0%   10   20   30   40   50   60   70   80   90   100%
|----|----|----|----|----|----|----|----|----|----|
***************************************************
change patienceM
time = 280754834
area = 656
delay = 17.2
write_blif appntk/ksa32_48_0.0497363_656_17.2.blif

round 49
seed = 1567400777 patienceN = 0 patienceM = 0 frameNumber = 64 nLocalPI = 28

0%   10   20   30   40   50   60   70   80   90   100%
|----|----|----|----|----|----|----|----|----|----|
***************************************************
change patienceM
time = 282210677
area = 656
delay = 17.2
write_blif appntk/ksa32_49_0.0497363_656_17.2.blif

round 50
seed = 1567400779 patienceN = 0 patienceM = 1 frameNumber = 64 nLocalPI = 28

0%   10   20   30   40   50   60   70   80   90   100%
|----|----|----|----|----|----|----|----|----|----|
***************************************************
change patienceM
time = 284226253
area = 656
delay = 17.2
write_blif appntk/ksa32_50_0.0497363_656_17.2.blif

round 51
seed = 1567400780 patienceN = 0 patienceM = 2 frameNumber = 64 nLocalPI = 28

0%   10   20   30   40   50   60   70   80   90   100%
|----|----|----|----|----|----|----|----|----|----|
***************************************************
change patienceM
time = 286072186
area = 656
delay = 17.2
write_blif appntk/ksa32_51_0.0497363_656_17.2.blif

round 52
seed = 1567400782 patienceN = 0 patienceM = 0 frameNumber = 64 nLocalPI = 27

0%   10   20   30   40   50   60   70   80   90   100%
|----|----|----|----|----|----|----|----|----|----|
***************************************************
change patienceM
time = 287839320
area = 656
delay = 17.2
write_blif appntk/ksa32_52_0.0497363_656_17.2.blif

round 53
seed = 1567400784 patienceN = 0 patienceM = 1 frameNumber = 64 nLocalPI = 27

0%   10   20   30   40   50   60   70   80   90   100%
|----|----|----|----|----|----|----|----|----|----|
***************************************************
change patienceM
time = 289597915
area = 656
delay = 17.2
write_blif appntk/ksa32_53_0.0497363_656_17.2.blif

round 54
seed = 1567400786 patienceN = 0 patienceM = 2 frameNumber = 64 nLocalPI = 27

0%   10   20   30   40   50   60   70   80   90   100%
|----|----|----|----|----|----|----|----|----|----|
***************************************************
change patienceM
time = 291439021
area = 656
delay = 17.2
write_blif appntk/ksa32_54_0.0497363_656_17.2.blif

round 55
seed = 1567400788 patienceN = 0 patienceM = 0 frameNumber = 64 nLocalPI = 26

0%   10   20   30   40   50   60   70   80   90   100%
|----|----|----|----|----|----|----|----|----|----|
***************************************************
change patienceM
time = 293016228
area = 656
delay = 17.2
write_blif appntk/ksa32_55_0.0497363_656_17.2.blif

round 56
seed = 1567400789 patienceN = 0 patienceM = 1 frameNumber = 64 nLocalPI = 26

0%   10   20   30   40   50   60   70   80   90   100%
|----|----|----|----|----|----|----|----|----|----|
***************************************************
change patienceM
time = 294675853
area = 656
delay = 17.2
write_blif appntk/ksa32_56_0.0497363_656_17.2.blif

round 57
seed = 1567400791 patienceN = 0 patienceM = 2 frameNumber = 64 nLocalPI = 26

0%   10   20   30   40   50   60   70   80   90   100%
|----|----|----|----|----|----|----|----|----|----|
***************************************************
change patienceM
time = 296591114
area = 656
delay = 17.2
write_blif appntk/ksa32_57_0.0497363_656_17.2.blif

round 58
seed = 1567400793 patienceN = 0 patienceM = 0 frameNumber = 64 nLocalPI = 25

0%   10   20   30   40   50   60   70   80   90   100%
|----|----|----|----|----|----|----|----|----|----|
***************************************************
change patienceM
time = 298232705
area = 656
delay = 17.2
write_blif appntk/ksa32_58_0.0497363_656_17.2.blif

round 59
seed = 1567400795 patienceN = 0 patienceM = 1 frameNumber = 64 nLocalPI = 25

0%   10   20   30   40   50   60   70   80   90   100%
|----|----|----|----|----|----|----|----|----|----|
***************************************************
change patienceM
time = 299787953
area = 656
delay = 17.2
write_blif appntk/ksa32_59_0.0497363_656_17.2.blif

round 60
seed = 1567400796 patienceN = 0 patienceM = 2 frameNumber = 64 nLocalPI = 25

0%   10   20   30   40   50   60   70   80   90   100%
|----|----|----|----|----|----|----|----|----|----|
***************************************************
change patienceM
time = 301510916
area = 656
delay = 17.2
write_blif appntk/ksa32_60_0.0497363_656_17.2.blif

round 61
seed = 1567400798 patienceN = 0 patienceM = 0 frameNumber = 64 nLocalPI = 24

0%   10   20   30   40   50   60   70   80   90   100%
|----|----|----|----|----|----|----|----|----|----|
***************************************************
change patienceM
time = 303559136
area = 656
delay = 17.2
write_blif appntk/ksa32_61_0.0497363_656_17.2.blif

round 62
seed = 1567400799 patienceN = 0 patienceM = 1 frameNumber = 64 nLocalPI = 24

0%   10   20   30   40   50   60   70   80   90   100%
|----|----|----|----|----|----|----|----|----|----|
***************************************************
change patienceM
time = 305265977
area = 656
delay = 17.2
write_blif appntk/ksa32_62_0.0497363_656_17.2.blif

round 63
seed = 1567400801 patienceN = 0 patienceM = 2 frameNumber = 64 nLocalPI = 24

0%   10   20   30   40   50   60   70   80   90   100%
|----|----|----|----|----|----|----|----|----|----|
***************************************************
change patienceM
time = 306985053
area = 656
delay = 17.2
write_blif appntk/ksa32_63_0.0497363_656_17.2.blif

round 64
seed = 1567400803 patienceN = 0 patienceM = 0 frameNumber = 64 nLocalPI = 23

0%   10   20   30   40   50   60   70   80   90   100%
|----|----|----|----|----|----|----|----|----|----|
***************************************************
change patienceM
time = 308689977
area = 656
delay = 17.2
write_blif appntk/ksa32_64_0.0497363_656_17.2.blif

round 65
seed = 1567400805 patienceN = 0 patienceM = 1 frameNumber = 64 nLocalPI = 23

0%   10   20   30   40   50   60   70   80   90   100%
|----|----|----|----|----|----|----|----|----|----|
***************************************************
change patienceM
time = 310635466
area = 656
delay = 17.2
write_blif appntk/ksa32_65_0.0497363_656_17.2.blif

round 66
seed = 1567400807 patienceN = 0 patienceM = 2 frameNumber = 64 nLocalPI = 23

0%   10   20   30   40   50   60   70   80   90   100%
|----|----|----|----|----|----|----|----|----|----|
***************************************************
change patienceM
time = 312411847
area = 656
delay = 17.2
write_blif appntk/ksa32_66_0.0497363_656_17.2.blif

round 67
seed = 1567400809 patienceN = 0 patienceM = 0 frameNumber = 64 nLocalPI = 22

0%   10   20   30   40   50   60   70   80   90   100%
|----|----|----|----|----|----|----|----|----|----|
***************************************************
change patienceM
time = 314427227
area = 656
delay = 17.2
write_blif appntk/ksa32_67_0.0497363_656_17.2.blif

round 68
seed = 1567400810 patienceN = 0 patienceM = 1 frameNumber = 64 nLocalPI = 22

0%   10   20   30   40   50   60   70   80   90   100%
|----|----|----|----|----|----|----|----|----|----|
***************************************************
change patienceM
time = 315881938
area = 656
delay = 17.2
write_blif appntk/ksa32_68_0.0497363_656_17.2.blif

round 69
seed = 1567400812 patienceN = 0 patienceM = 2 frameNumber = 64 nLocalPI = 22

0%   10   20   30   40   50   60   70   80   90   100%
|----|----|----|----|----|----|----|----|----|----|
***************************************************
change patienceM
time = 317509401
area = 656
delay = 17.2
write_blif appntk/ksa32_69_0.0497363_656_17.2.blif

round 70
seed = 1567400814 patienceN = 0 patienceM = 0 frameNumber = 64 nLocalPI = 21

0%   10   20   30   40   50   60   70   80   90   100%
|----|----|----|----|----|----|----|----|----|----|
***************************************************
change patienceM
time = 319255561
area = 656
delay = 17.2
write_blif appntk/ksa32_70_0.0497363_656_17.2.blif

round 71
seed = 1567400815 patienceN = 0 patienceM = 1 frameNumber = 64 nLocalPI = 21

0%   10   20   30   40   50   60   70   80   90   100%
|----|----|----|----|----|----|----|----|----|----|
***************************************************
change patienceM
time = 321163806
area = 656
delay = 17.2
write_blif appntk/ksa32_71_0.0497363_656_17.2.blif

round 72
seed = 1567400817 patienceN = 0 patienceM = 2 frameNumber = 64 nLocalPI = 21

0%   10   20   30   40   50   60   70   80   90   100%
|----|----|----|----|----|----|----|----|----|----|
***************************************************
change patienceM
time = 322898667
area = 656
delay = 17.2
write_blif appntk/ksa32_72_0.0497363_656_17.2.blif

round 73
seed = 1567400819 patienceN = 0 patienceM = 0 frameNumber = 64 nLocalPI = 20

0%   10   20   30   40   50   60   70   80   90   100%
|----|----|----|----|----|----|----|----|----|----|
***************************************************
change patienceM
time = 324630108
area = 656
delay = 17.2
write_blif appntk/ksa32_73_0.0497363_656_17.2.blif

round 74
seed = 1567400821 patienceN = 0 patienceM = 1 frameNumber = 64 nLocalPI = 20

0%   10   20   30   40   50   60   70   80   90   100%
|----|----|----|----|----|----|----|----|----|----|
***************************************************
change patienceM
time = 326111855
area = 656
delay = 17.2
write_blif appntk/ksa32_74_0.0497363_656_17.2.blif

round 75
seed = 1567400823 patienceN = 0 patienceM = 2 frameNumber = 64 nLocalPI = 20

0%   10   20   30   40   50   60   70   80   90   100%
|----|----|----|----|----|----|----|----|----|----|
***************************************************
change patienceM
time = 327344840
area = 656
delay = 17.2
write_blif appntk/ksa32_75_0.0497363_656_17.2.blif

round 76
seed = 1567400824 patienceN = 0 patienceM = 0 frameNumber = 64 nLocalPI = 19

0%   10   20   30   40   50   60   70   80   90   100%
|----|----|----|----|----|----|----|----|----|----|
***************************************************
change patienceM
time = 329207045
area = 656
delay = 17.2
write_blif appntk/ksa32_76_0.0497363_656_17.2.blif

round 77
seed = 1567400825 patienceN = 0 patienceM = 1 frameNumber = 64 nLocalPI = 19

0%   10   20   30   40   50   60   70   80   90   100%
|----|----|----|----|----|----|----|----|----|----|
***************************************************
change patienceM
time = 330401133
area = 656
delay = 17.2
write_blif appntk/ksa32_77_0.0497363_656_17.2.blif

round 78
seed = 1567400827 patienceN = 0 patienceM = 2 frameNumber = 64 nLocalPI = 19

0%   10   20   30   40   50   60   70   80   90   100%
|----|----|----|----|----|----|----|----|----|----|
***************************************************
change patienceM
time = 331760042
area = 656
delay = 17.2
write_blif appntk/ksa32_78_0.0497363_656_17.2.blif

round 79
seed = 1567400828 patienceN = 0 patienceM = 0 frameNumber = 64 nLocalPI = 18

0%   10   20   30   40   50   60   70   80   90   100%
|----|----|----|----|----|----|----|----|----|----|
***************************************************
change patienceM
time = 333430609
area = 656
delay = 17.2
write_blif appntk/ksa32_79_0.0497363_656_17.2.blif

round 80
seed = 1567400830 patienceN = 0 patienceM = 1 frameNumber = 64 nLocalPI = 18

0%   10   20   30   40   50   60   70   80   90   100%
|----|----|----|----|----|----|----|----|----|----|
***************************************************
change patienceM
time = 334849047
area = 656
delay = 17.2
write_blif appntk/ksa32_80_0.0497363_656_17.2.blif

round 81
seed = 1567400831 patienceN = 0 patienceM = 2 frameNumber = 64 nLocalPI = 18

0%   10   20   30   40   50   60   70   80   90   100%
|----|----|----|----|----|----|----|----|----|----|
***************************************************
change patienceM
time = 336444071
area = 656
delay = 17.2
write_blif appntk/ksa32_81_0.0497363_656_17.2.blif

round 82
seed = 1567400833 patienceN = 0 patienceM = 0 frameNumber = 64 nLocalPI = 17

0%   10   20   30   40   50   60   70   80   90   100%
|----|----|----|----|----|----|----|----|----|----|
***************************************************
change patienceM
time = 338178380
area = 656
delay = 17.2
write_blif appntk/ksa32_82_0.0497363_656_17.2.blif

round 83
seed = 1567400834 patienceN = 0 patienceM = 1 frameNumber = 64 nLocalPI = 17

0%   10   20   30   40   50   60   70   80   90   100%
|----|----|----|----|----|----|----|----|----|----|
***************************************************
change patienceM
time = 339749085
area = 656
delay = 17.2
write_blif appntk/ksa32_83_0.0497363_656_17.2.blif

round 84
seed = 1567400836 patienceN = 0 patienceM = 2 frameNumber = 64 nLocalPI = 17

0%   10   20   30   40   50   60   70   80   90   100%
|----|----|----|----|----|----|----|----|----|----|
***************************************************
change patienceM
time = 341485251
area = 656
delay = 17.2
write_blif appntk/ksa32_84_0.0497363_656_17.2.blif

round 85
seed = 1567400838 patienceN = 0 patienceM = 0 frameNumber = 64 nLocalPI = 16

0%   10   20   30   40   50   60   70   80   90   100%
|----|----|----|----|----|----|----|----|----|----|
***************************************************
change patienceM
time = 343216572
area = 656
delay = 17.2
write_blif appntk/ksa32_85_0.0497363_656_17.2.blif

round 86
seed = 1567400839 patienceN = 0 patienceM = 1 frameNumber = 64 nLocalPI = 16

0%   10   20   30   40   50   60   70   80   90   100%
|----|----|----|----|----|----|----|----|----|----|
***************************************************
change patienceM
time = 344789161
area = 656
delay = 17.2
write_blif appntk/ksa32_86_0.0497363_656_17.2.blif

round 87
seed = 1567400841 patienceN = 0 patienceM = 2 frameNumber = 64 nLocalPI = 16

0%   10   20   30   40   50   60   70   80   90   100%
|----|----|----|----|----|----|----|----|----|----|
***************************************************
change patienceM
time = 346259873
area = 656
delay = 17.2
write_blif appntk/ksa32_87_0.0497363_656_17.2.blif

round 88
seed = 1567400843 patienceN = 0 patienceM = 0 frameNumber = 64 nLocalPI = 15

0%   10   20   30   40   50   60   70   80   90   100%
|----|----|----|----|----|----|----|----|----|----|
***************************************************
change patienceM
time = 348012031
area = 656
delay = 17.2
write_blif appntk/ksa32_88_0.0497363_656_17.2.blif

round 89
seed = 1567400844 patienceN = 0 patienceM = 1 frameNumber = 64 nLocalPI = 15

0%   10   20   30   40   50   60   70   80   90   100%
|----|----|----|----|----|----|----|----|----|----|
***************************************************
change patienceM
time = 349274936
area = 656
delay = 17.2
write_blif appntk/ksa32_89_0.0497363_656_17.2.blif

round 90
seed = 1567400846 patienceN = 0 patienceM = 2 frameNumber = 64 nLocalPI = 15

0%   10   20   30   40   50   60   70   80   90   100%
|----|----|----|----|----|----|----|----|----|----|
***************************************************
change patienceM
time = 350455443
area = 656
delay = 17.2
write_blif appntk/ksa32_90_0.0497363_656_17.2.blif

round 91
seed = 1567400847 patienceN = 0 patienceM = 0 frameNumber = 64 nLocalPI = 14

0%   10   20   30   40   50   60   70   80   90   100%
|----|----|----|----|----|----|----|----|----|----|
***************************************************
change patienceM
time = 351858157
area = 656
delay = 17.2
write_blif appntk/ksa32_91_0.0497363_656_17.2.blif

round 92
seed = 1567400848 patienceN = 0 patienceM = 1 frameNumber = 64 nLocalPI = 14

0%   10   20   30   40   50   60   70   80   90   100%
|----|----|----|----|----|----|----|----|----|----|
***************************************************
change patienceM
time = 353267001
area = 656
delay = 17.2
write_blif appntk/ksa32_92_0.0497363_656_17.2.blif

round 93
seed = 1567400850 patienceN = 0 patienceM = 2 frameNumber = 64 nLocalPI = 14

0%   10   20   30   40   50   60   70   80   90   100%
|----|----|----|----|----|----|----|----|----|----|
***************************************************
change patienceM
time = 354586622
area = 656
delay = 17.2
write_blif appntk/ksa32_93_0.0497363_656_17.2.blif

round 94
seed = 1567400851 patienceN = 0 patienceM = 0 frameNumber = 64 nLocalPI = 13

0%   10   20   30   40   50   60   70   80   90   100%
|----|----|----|----|----|----|----|----|----|----|
***************************************************
change patienceM
time = 355654426
area = 656
delay = 17.2
write_blif appntk/ksa32_94_0.0497363_656_17.2.blif

round 95
seed = 1567400853 patienceN = 0 patienceM = 1 frameNumber = 64 nLocalPI = 13

0%   10   20   30   40   50   60   70   80   90   100%
|----|----|----|----|----|----|----|----|----|----|
***************************************************
change patienceM
time = 357619931
area = 656
delay = 17.2
write_blif appntk/ksa32_95_0.0497363_656_17.2.blif

round 96
seed = 1567400854 patienceN = 0 patienceM = 2 frameNumber = 64 nLocalPI = 13

0%   10   20   30   40   50   60   70   80   90   100%
|----|----|----|----|----|----|----|----|----|----|
***************************************************
change patienceM
time = 359098861
area = 656
delay = 17.2
write_blif appntk/ksa32_96_0.0497363_656_17.2.blif

round 97
seed = 1567400856 patienceN = 0 patienceM = 0 frameNumber = 64 nLocalPI = 12

0%   10   20   30   40   50   60   70   80   90   100%
|----|----|----|----|----|----|----|----|----|----|
***************************************************
change patienceM
time = 360249214
area = 656
delay = 17.2
write_blif appntk/ksa32_97_0.0497363_656_17.2.blif

round 98
seed = 1567400857 patienceN = 0 patienceM = 1 frameNumber = 64 nLocalPI = 12

0%   10   20   30   40   50   60   70   80   90   100%
|----|----|----|----|----|----|----|----|----|----|
***************************************************
change patienceM
time = 361479764
area = 656
delay = 17.2
write_blif appntk/ksa32_98_0.0497363_656_17.2.blif

round 99
seed = 1567400858 patienceN = 0 patienceM = 2 frameNumber = 64 nLocalPI = 12

0%   10   20   30   40   50   60   70   80   90   100%
|----|----|----|----|----|----|----|----|----|----|
***************************************************
change patienceM
time = 362874825
area = 656
delay = 17.2
write_blif appntk/ksa32_99_0.0497363_656_17.2.blif

round 100
seed = 1567400859 patienceN = 0 patienceM = 0 frameNumber = 64 nLocalPI = 11

0%   10   20   30   40   50   60   70   80   90   100%
|----|----|----|----|----|----|----|----|----|----|
***************************************************
change patienceM
time = 364236328
area = 656
delay = 17.2
write_blif appntk/ksa32_100_0.0497363_656_17.2.blif

round 101
seed = 1567400861 patienceN = 0 patienceM = 1 frameNumber = 64 nLocalPI = 11

0%   10   20   30   40   50   60   70   80   90   100%
|----|----|----|----|----|----|----|----|----|----|
***************************************************
change patienceN
time = 365193003
area = 656
delay = 17.2
write_blif appntk/ksa32_101_0.0497363_656_17.2.blif

round 102
seed = 1567400862 patienceN = 1 patienceM = 1 frameNumber = 64 nLocalPI = 11

0%   10   20   30   40   50   60   70   80   90   100%
|----|----|----|----|----|----|----|----|----|----|
***************************************************
change patienceM
time = 366481783
area = 656
delay = 17.2
write_blif appntk/ksa32_102_0.0497363_656_17.2.blif

round 103
seed = 1567400863 patienceN = 1 patienceM = 2 frameNumber = 64 nLocalPI = 11

0%   10   20   30   40   50   60   70   80   90   100%
|----|----|----|----|----|----|----|----|----|----|
***************************************************
change patienceM
time = 368365250
area = 656
delay = 17.2
write_blif appntk/ksa32_103_0.0497363_656_17.2.blif

round 104
seed = 1567400864 patienceN = 0 patienceM = 0 frameNumber = 64 nLocalPI = 10

0%   10   20   30   40   50   60   70   80   90   100%
|----|----|----|----|----|----|----|----|----|----|
***************************************************
change patienceM
time = 369651131
area = 656
delay = 17.2
write_blif appntk/ksa32_104_0.0497363_656_17.2.blif

round 105
seed = 1567400866 patienceN = 0 patienceM = 1 frameNumber = 64 nLocalPI = 10

0%   10   20   30   40   50   60   70   80   90   100%
|----|----|----|----|----|----|----|----|----|----|
***************************************************
change patienceM
time = 371171722
area = 656
delay = 17.2
write_blif appntk/ksa32_105_0.0497363_656_17.2.blif

round 106
seed = 1567400868 patienceN = 0 patienceM = 2 frameNumber = 64 nLocalPI = 10

0%   10   20   30   40   50   60   70   80   90   100%
|----|----|----|----|----|----|----|----|----|----|
***************************************************
change patienceM
time = 372933950
area = 656
delay = 17.2
write_blif appntk/ksa32_106_0.0497363_656_17.2.blif

round 107
seed = 1567400869 patienceN = 0 patienceM = 0 frameNumber = 64 nLocalPI = 9

0%   10   20   30   40   50   60   70   80   90   100%
|----|----|----|----|----|----|----|----|----|----|
***************************************************
change patienceM
time = 374250283
area = 656
delay = 17.2
write_blif appntk/ksa32_107_0.0497363_656_17.2.blif

round 108
seed = 1567400871 patienceN = 0 patienceM = 1 frameNumber = 64 nLocalPI = 9

0%   10   20   30   40   50   60   70   80   90   100%
|----|----|----|----|----|----|----|----|----|----|
***************************************************
change patienceM
time = 375567539
area = 656
delay = 17.2
write_blif appntk/ksa32_108_0.0497363_656_17.2.blif

round 109
seed = 1567400872 patienceN = 0 patienceM = 2 frameNumber = 64 nLocalPI = 9

0%   10   20   30   40   50   60   70   80   90   100%
|----|----|----|----|----|----|----|----|----|----|
***************************************************
change patienceM
time = 376718187
area = 656
delay = 17.2
write_blif appntk/ksa32_109_0.0497363_656_17.2.blif

round 110
seed = 1567400874 patienceN = 0 patienceM = 0 frameNumber = 64 nLocalPI = 8

0%   10   20   30   40   50   60   70   80   90   100%
|----|----|----|----|----|----|----|----|----|----|
***************************************************
change patienceM
time = 377923479
area = 656
delay = 17.2
write_blif appntk/ksa32_110_0.0497363_656_17.2.blif

round 111
seed = 1567400875 patienceN = 0 patienceM = 1 frameNumber = 64 nLocalPI = 8

0%   10   20   30   40   50   60   70   80   90   100%
|----|----|----|----|----|----|----|----|----|----|
***************************************************
change patienceM
time = 378960315
area = 656
delay = 17.2
write_blif appntk/ksa32_111_0.0497363_656_17.2.blif

round 112
seed = 1567400876 patienceN = 0 patienceM = 2 frameNumber = 64 nLocalPI = 8

0%   10   20   30   40   50   60   70   80   90   100%
|----|----|----|----|----|----|----|----|----|----|
***************************************************
change patienceM
time = 379998175
area = 656
delay = 17.2
write_blif appntk/ksa32_112_0.0497363_656_17.2.blif

round 113
seed = 1567400877 patienceN = 0 patienceM = 0 frameNumber = 64 nLocalPI = 7

0%   10   20   30   40   50   60   70   80   90   100%
|----|----|----|----|----|----|----|----|----|----|
***************************************************
change patienceN
time = 380834973
area = 656
delay = 17.2
write_blif appntk/ksa32_113_0.0497363_656_17.2.blif

round 114
seed = 1567400878 patienceN = 1 patienceM = 0 frameNumber = 64 nLocalPI = 7

0%   10   20   30   40   50   60   70   80   90   100%
|----|----|----|----|----|----|----|----|----|----|
***************************************************
change patienceM
time = 381833590
area = 656
delay = 17.2
write_blif appntk/ksa32_114_0.0497363_656_17.2.blif

round 115
seed = 1567400879 patienceN = 1 patienceM = 1 frameNumber = 64 nLocalPI = 7

0%   10   20   30   40   50   60   70   80   90   100%
|----|----|----|----|----|----|----|----|----|----|
***************************************************
change patienceM
time = 383082955
area = 656
delay = 17.2
write_blif appntk/ksa32_115_0.0497363_656_17.2.blif

round 116
seed = 1567400880 patienceN = 1 patienceM = 2 frameNumber = 64 nLocalPI = 7

0%   10   20   30   40   50   60   70   80   90   100%
|----|----|----|----|----|----|----|----|----|----|
***************************************************
change patienceM
time = 384089638
area = 656
delay = 17.2
write_blif appntk/ksa32_116_0.0497363_656_17.2.blif

round 117
seed = 1567400881 patienceN = 0 patienceM = 0 frameNumber = 64 nLocalPI = 6

0%   10   20   30   40   50   60   70   80   90   100%
|----|----|----|----|----|----|----|----|----|----|
***************************************************
change patienceM
time = 385493025
area = 656
delay = 17.2
write_blif appntk/ksa32_117_0.0497363_656_17.2.blif

round 118
seed = 1567400882 patienceN = 0 patienceM = 1 frameNumber = 64 nLocalPI = 6

0%   10   20   30   40   50   60   70   80   90   100%
|----|----|----|----|----|----|----|----|----|----|
***************************************************
change patienceM
time = 386897092
area = 656
delay = 17.2
write_blif appntk/ksa32_118_0.0497363_656_17.2.blif

round 119
seed = 1567400883 patienceN = 0 patienceM = 2 frameNumber = 64 nLocalPI = 6

0%   10   20   30   40   50   60   70   80   90   100%
|----|----|----|----|----|----|----|----|----|----|
***************************************************
change patienceM
time = 388308574
area = 656
delay = 17.2
write_blif appntk/ksa32_119_0.0497363_656_17.2.blif

round 120
seed = 1567400885 patienceN = 0 patienceM = 0 frameNumber = 64 nLocalPI = 5

0%   10   20   30   40   50   60   70   80   90   100%
|----|----|----|----|----|----|----|----|----|----|
***************************************************
change patienceN
time = 389102780
area = 656
delay = 17.2
write_blif appntk/ksa32_120_0.0497363_656_17.2.blif

round 121
seed = 1567400886 patienceN = 1 patienceM = 0 frameNumber = 64 nLocalPI = 5

0%   10   20   30   40   50   60   70   80   90   100%
|----|----|----|----|----|----|----|----|----|----|
***************************************************
best node n369 best error 0.0706934
time = 390306752
