Entered genlib library with 23 gates from file "data/genlib/mcnc.genlib".
Line 7: Skipping line ".default_input_arrival 0.00 0.00 ".
Line 8: Skipping line ".default_output_required 0.00 0.00 ".
Line 9: Skipping line ".default_input_drive 0.10 0.10 ".
Line 10: Skipping line ".default_output_load 2.00 ".
Line 11: Skipping line ".default_max_input_load 999.00 ".
Original area = 1069, original delay = 37.8

round 0
seed = 0 patienceN = 0 patienceM = 0 frameNumber = 64 nLocalPI = 16

0%   10   20   30   40   50   60   70   80   90   100%
|----|----|----|----|----|----|----|----|----|----|
***************************************************
best node [167126] best error 0
time = 6201989
area = 1053
delay = 37
write_blif appntk/mtp8_0_0_1053_37.blif

round 1
seed = 1567400498 patienceN = 0 patienceM = 0 frameNumber = 64 nLocalPI = 16

0%   10   20   30   40   50   60   70   80   90   100%
|----|----|----|----|----|----|----|----|----|----|
***************************************************
best node n90 best error 0.0122852
time = 10271745
area = 1042
delay = 34.3
write_blif appntk/mtp8_1_0.0122852_1042_34.3.blif

round 2
seed = 1567400505 patienceN = 0 patienceM = 0 frameNumber = 64 nLocalPI = 16

0%   10   20   30   40   50   60   70   80   90   100%
|----|----|----|----|----|----|----|----|----|----|
***************************************************
change patienceN
time = 14088036
area = 1047
delay = 35.5
write_blif appntk/mtp8_2_0.0122852_1047_35.5.blif

round 3
seed = 1567400509 patienceN = 1 patienceM = 0 frameNumber = 64 nLocalPI = 16

0%   10   20   30   40   50   60   70   80   90   100%
|----|----|----|----|----|----|----|----|----|----|
***************************************************
change patienceN
time = 17863756
area = 1046
delay = 35.5
write_blif appntk/mtp8_3_0.0122852_1046_35.5.blif

round 4
seed = 1567400513 patienceN = 2 patienceM = 0 frameNumber = 64 nLocalPI = 16

0%   10   20   30   40   50   60   70   80   90   100%
|----|----|----|----|----|----|----|----|----|----|
***************************************************
change patienceN
time = 21080560
area = 1046
delay = 35.5
write_blif appntk/mtp8_4_0.0122852_1046_35.5.blif

round 5
seed = 1567400516 patienceN = 0 patienceM = 0 frameNumber = 32 nLocalPI = 16

0%   10   20   30   40   50   60   70   80   90   100%
|----|----|----|----|----|----|----|----|----|----|
***************************************************
best node n265 best error 0.0458789
time = 23480117
area = 1037
delay = 34.5
write_blif appntk/mtp8_5_0.0458789_1037_34.5.blif

round 6
seed = 1567400519 patienceN = 0 patienceM = 0 frameNumber = 32 nLocalPI = 16

0%   10   20   30   40   50   60   70   80   90   100%
|----|----|----|----|----|----|----|----|----|----|
***************************************************
change patienceM
time = 25867086
area = 1036
delay = 34.5
write_blif appntk/mtp8_6_0.0458789_1036_34.5.blif

round 7
seed = 1567400522 patienceN = 0 patienceM = 1 frameNumber = 32 nLocalPI = 16

0%   10   20   30   40   50   60   70   80   90   100%
|----|----|----|----|----|----|----|----|----|----|
***************************************************
change patienceM
time = 28189048
area = 1037
delay = 34.5
write_blif appntk/mtp8_7_0.0458789_1037_34.5.blif

round 8
seed = 1567400524 patienceN = 0 patienceM = 2 frameNumber = 32 nLocalPI = 16

0%   10   20   30   40   50   60   70   80   90   100%
|----|----|----|----|----|----|----|----|----|----|
***************************************************
change patienceM
time = 30535043
area = 1036
delay = 34.5
write_blif appntk/mtp8_8_0.0458789_1036_34.5.blif

round 9
seed = 1567400527 patienceN = 0 patienceM = 0 frameNumber = 32 nLocalPI = 15

0%   10   20   30   40   50   60   70   80   90   100%
|----|----|----|----|----|----|----|----|----|----|
***************************************************
change patienceM
time = 33364579
area = 1037
delay = 34.5
write_blif appntk/mtp8_9_0.0458789_1037_34.5.blif

round 10
seed = 1567400529 patienceN = 0 patienceM = 1 frameNumber = 32 nLocalPI = 15

0%   10   20   30   40   50   60   70   80   90   100%
|----|----|----|----|----|----|----|----|----|----|
***************************************************
change patienceM
time = 36334382
area = 1036
delay = 34.5
write_blif appntk/mtp8_10_0.0458789_1036_34.5.blif

round 11
seed = 1567400532 patienceN = 0 patienceM = 2 frameNumber = 32 nLocalPI = 15

0%   10   20   30   40   50   60   70   80   90   100%
|----|----|----|----|----|----|----|----|----|----|
***************************************************
change patienceM
time = 38624667
area = 1037
delay = 34.5
write_blif appntk/mtp8_11_0.0458789_1037_34.5.blif

round 12
seed = 1567400535 patienceN = 0 patienceM = 0 frameNumber = 32 nLocalPI = 14

0%   10   20   30   40   50   60   70   80   90   100%
|----|----|----|----|----|----|----|----|----|----|
***************************************************
change patienceM
time = 41427547
area = 1036
delay = 34.5
write_blif appntk/mtp8_12_0.0458789_1036_34.5.blif

round 13
seed = 1567400537 patienceN = 0 patienceM = 1 frameNumber = 32 nLocalPI = 14

0%   10   20   30   40   50   60   70   80   90   100%
|----|----|----|----|----|----|----|----|----|----|
***************************************************
change patienceM
time = 44074967
area = 1037
delay = 34.5
write_blif appntk/mtp8_13_0.0458789_1037_34.5.blif

round 14
seed = 1567400540 patienceN = 0 patienceM = 2 frameNumber = 32 nLocalPI = 14

0%   10   20   30   40   50   60   70   80   90   100%
|----|----|----|----|----|----|----|----|----|----|
***************************************************
change patienceM
time = 46321306
area = 1036
delay = 34.5
write_blif appntk/mtp8_14_0.0458789_1036_34.5.blif

round 15
seed = 1567400542 patienceN = 0 patienceM = 0 frameNumber = 32 nLocalPI = 13

0%   10   20   30   40   50   60   70   80   90   100%
|----|----|----|----|----|----|----|----|----|----|
***************************************************
change patienceM
time = 48441807
area = 1037
delay = 34.5
write_blif appntk/mtp8_15_0.0458789_1037_34.5.blif

round 16
seed = 1567400545 patienceN = 0 patienceM = 1 frameNumber = 32 nLocalPI = 13

0%   10   20   30   40   50   60   70   80   90   100%
|----|----|----|----|----|----|----|----|----|----|
***************************************************
change patienceM
time = 50581998
area = 1036
delay = 34.5
write_blif appntk/mtp8_16_0.0458789_1036_34.5.blif

round 17
seed = 1567400547 patienceN = 0 patienceM = 2 frameNumber = 32 nLocalPI = 13

0%   10   20   30   40   50   60   70   80   90   100%
|----|----|----|----|----|----|----|----|----|----|
***************************************************
change patienceM
time = 52751702
area = 1037
delay = 34.5
write_blif appntk/mtp8_17_0.0458789_1037_34.5.blif

round 18
seed = 1567400549 patienceN = 0 patienceM = 0 frameNumber = 32 nLocalPI = 12

0%   10   20   30   40   50   60   70   80   90   100%
|----|----|----|----|----|----|----|----|----|----|
***************************************************
change patienceM
time = 54690748
area = 1036
delay = 34.5
write_blif appntk/mtp8_18_0.0458789_1036_34.5.blif

round 19
seed = 1567400551 patienceN = 0 patienceM = 1 frameNumber = 32 nLocalPI = 12

0%   10   20   30   40   50   60   70   80   90   100%
|----|----|----|----|----|----|----|----|----|----|
***************************************************
change patienceM
time = 56751150
area = 1037
delay = 34.5
write_blif appntk/mtp8_19_0.0458789_1037_34.5.blif

round 20
seed = 1567400553 patienceN = 0 patienceM = 2 frameNumber = 32 nLocalPI = 12

0%   10   20   30   40   50   60   70   80   90   100%
|----|----|----|----|----|----|----|----|----|----|
***************************************************
change patienceM
time = 59102517
area = 1036
delay = 34.5
write_blif appntk/mtp8_20_0.0458789_1036_34.5.blif

round 21
seed = 1567400555 patienceN = 0 patienceM = 0 frameNumber = 32 nLocalPI = 11

0%   10   20   30   40   50   60   70   80   90   100%
|----|----|----|----|----|----|----|----|----|----|
***************************************************
change patienceM
time = 61348912
area = 1037
delay = 34.5
write_blif appntk/mtp8_21_0.0458789_1037_34.5.blif

round 22
seed = 1567400558 patienceN = 0 patienceM = 1 frameNumber = 32 nLocalPI = 11

0%   10   20   30   40   50   60   70   80   90   100%
|----|----|----|----|----|----|----|----|----|----|
***************************************************
change patienceM
time = 64363712
area = 1036
delay = 34.5
write_blif appntk/mtp8_22_0.0458789_1036_34.5.blif

round 23
seed = 1567400560 patienceN = 0 patienceM = 2 frameNumber = 32 nLocalPI = 11

0%   10   20   30   40   50   60   70   80   90   100%
|----|----|----|----|----|----|----|----|----|----|
***************************************************
change patienceM
time = 67238869
area = 1037
delay = 34.5
write_blif appntk/mtp8_23_0.0458789_1037_34.5.blif

round 24
seed = 1567400563 patienceN = 0 patienceM = 0 frameNumber = 32 nLocalPI = 10

0%   10   20   30   40   50   60   70   80   90   100%
|----|----|----|----|----|----|----|----|----|----|
***************************************************
change patienceM
time = 69875241
area = 1036
delay = 34.5
write_blif appntk/mtp8_24_0.0458789_1036_34.5.blif

round 25
seed = 1567400566 patienceN = 0 patienceM = 1 frameNumber = 32 nLocalPI = 10

0%   10   20   30   40   50   60   70   80   90   100%
|----|----|----|----|----|----|----|----|----|----|
***************************************************
change patienceM
time = 72858051
area = 1037
delay = 34.5
write_blif appntk/mtp8_25_0.0458789_1037_34.5.blif

round 26
seed = 1567400569 patienceN = 0 patienceM = 2 frameNumber = 32 nLocalPI = 10

0%   10   20   30   40   50   60   70   80   90   100%
|----|----|----|----|----|----|----|----|----|----|
***************************************************
change patienceM
time = 75534173
area = 1036
delay = 34.5
write_blif appntk/mtp8_26_0.0458789_1036_34.5.blif

round 27
seed = 1567400572 patienceN = 0 patienceM = 0 frameNumber = 32 nLocalPI = 9

0%   10   20   30   40   50   60   70   80   90   100%
|----|----|----|----|----|----|----|----|----|----|
***************************************************
change patienceM
time = 78543989
area = 1037
delay = 34.5
write_blif appntk/mtp8_27_0.0458789_1037_34.5.blif

round 28
seed = 1567400574 patienceN = 0 patienceM = 1 frameNumber = 32 nLocalPI = 9

0%   10   20   30   40   50   60   70   80   90   100%
|----|----|----|----|----|----|----|----|----|----|
***************************************************
change patienceM
time = 81318597
area = 1036
delay = 34.5
write_blif appntk/mtp8_28_0.0458789_1036_34.5.blif

round 29
seed = 1567400577 patienceN = 0 patienceM = 2 frameNumber = 32 nLocalPI = 9

0%   10   20   30   40   50   60   70   80   90   100%
|----|----|----|----|----|----|----|----|----|----|
***************************************************
change patienceM
time = 84213512
area = 1037
delay = 34.5
write_blif appntk/mtp8_29_0.0458789_1037_34.5.blif

round 30
seed = 1567400580 patienceN = 0 patienceM = 0 frameNumber = 32 nLocalPI = 8

0%   10   20   30   40   50   60   70   80   90   100%
|----|----|----|----|----|----|----|----|----|----|
***************************************************
change patienceM
time = 87269369
area = 1036
delay = 34.5
write_blif appntk/mtp8_30_0.0458789_1036_34.5.blif

round 31
seed = 1567400583 patienceN = 0 patienceM = 1 frameNumber = 32 nLocalPI = 8

0%   10   20   30   40   50   60   70   80   90   100%
|----|----|----|----|----|----|----|----|----|----|
***************************************************
change patienceM
time = 89978384
area = 1037
delay = 34.5
write_blif appntk/mtp8_31_0.0458789_1037_34.5.blif

round 32
seed = 1567400586 patienceN = 0 patienceM = 2 frameNumber = 32 nLocalPI = 8

0%   10   20   30   40   50   60   70   80   90   100%
|----|----|----|----|----|----|----|----|----|----|
***************************************************
change patienceM
time = 92355046
area = 1036
delay = 34.5
write_blif appntk/mtp8_32_0.0458789_1036_34.5.blif

round 33
seed = 1567400589 patienceN = 0 patienceM = 0 frameNumber = 32 nLocalPI = 7

0%   10   20   30   40   50   60   70   80   90   100%
|----|----|----|----|----|----|----|----|----|----|
***************************************************
change patienceM
time = 94273781
area = 1037
delay = 34.5
write_blif appntk/mtp8_33_0.0458789_1037_34.5.blif

round 34
seed = 1567400591 patienceN = 0 patienceM = 1 frameNumber = 32 nLocalPI = 7

0%   10   20   30   40   50   60   70   80   90   100%
|----|----|----|----|----|----|----|----|----|----|
***************************************************
change patienceM
time = 96353800
area = 1036
delay = 34.5
write_blif appntk/mtp8_34_0.0458789_1036_34.5.blif

round 35
seed = 1567400593 patienceN = 0 patienceM = 2 frameNumber = 32 nLocalPI = 7

0%   10   20   30   40   50   60   70   80   90   100%
|----|----|----|----|----|----|----|----|----|----|
***************************************************
change patienceM
time = 98654824
area = 1037
delay = 34.5
write_blif appntk/mtp8_35_0.0458789_1037_34.5.blif

round 36
seed = 1567400595 patienceN = 0 patienceM = 0 frameNumber = 32 nLocalPI = 6

0%   10   20   30   40   50   60   70   80   90   100%
|----|----|----|----|----|----|----|----|----|----|
***************************************************
change patienceM
time = 100626185
area = 1036
delay = 34.5
write_blif appntk/mtp8_36_0.0458789_1036_34.5.blif

round 37
seed = 1567400597 patienceN = 0 patienceM = 1 frameNumber = 32 nLocalPI = 6

0%   10   20   30   40   50   60   70   80   90   100%
|----|----|----|----|----|----|----|----|----|----|
***************************************************
change patienceM
time = 102592951
area = 1037
delay = 34.5
write_blif appntk/mtp8_37_0.0458789_1037_34.5.blif

round 38
seed = 1567400599 patienceN = 0 patienceM = 2 frameNumber = 32 nLocalPI = 6

0%   10   20   30   40   50   60   70   80   90   100%
|----|----|----|----|----|----|----|----|----|----|
***************************************************
change patienceM
time = 104719906
area = 1036
delay = 34.5
write_blif appntk/mtp8_38_0.0458789_1036_34.5.blif

round 39
seed = 1567400601 patienceN = 0 patienceM = 0 frameNumber = 32 nLocalPI = 5

0%   10   20   30   40   50   60   70   80   90   100%
|----|----|----|----|----|----|----|----|----|----|
***************************************************
best node n516 best error 0.0952051
time = 106808626
