Entered genlib library with 23 gates from file "data/genlib/mcnc.genlib".
Original area = 666, original delay = 16.1

round 0
seed = 0 patienceN = 0 patienceM = 0 frameNumber = 64 nLocalPI = 30

0%   10   20   30   40   50   60   70   80   90   100%
|----|----|----|----|----|----|----|----|----|----|
***************************************************
best node n102 best error 0
time = 7159034
area = 713
delay = 16.1
write_blif appntk/rca32_0_0_713_16.1.blif

round 1
seed = 1567400498 patienceN = 0 patienceM = 0 frameNumber = 64 nLocalPI = 30

0%   10   20   30   40   50   60   70   80   90   100%
|----|----|----|----|----|----|----|----|----|----|
***************************************************
best node n371 best error 0.000117187
time = 10570467
area = 641
delay = 16
write_blif appntk/rca32_1_0.000117187_641_16.blif

round 2
seed = 1567400505 patienceN = 0 patienceM = 0 frameNumber = 64 nLocalPI = 30

0%   10   20   30   40   50   60   70   80   90   100%
|----|----|----|----|----|----|----|----|----|----|
***************************************************
best node n328 best error 0.00203125
time = 13438040
area = 679
delay = 16
write_blif appntk/rca32_2_0.00203125_679_16.blif

round 3
seed = 1567400508 patienceN = 0 patienceM = 0 frameNumber = 64 nLocalPI = 30

0%   10   20   30   40   50   60   70   80   90   100%
|----|----|----|----|----|----|----|----|----|----|
***************************************************
best node n250 best error 0.00401367
time = 15448263
area = 678
delay = 16.1
write_blif appntk/rca32_3_0.00401367_678_16.1.blif

round 4
seed = 1567400511 patienceN = 0 patienceM = 0 frameNumber = 64 nLocalPI = 30

0%   10   20   30   40   50   60   70   80   90   100%
|----|----|----|----|----|----|----|----|----|----|
***************************************************
best node n281 best error 0.0328125
time = 17145611
area = 594
delay = 16.1
write_blif appntk/rca32_4_0.0328125_594_16.1.blif

round 5
seed = 1567400513 patienceN = 0 patienceM = 0 frameNumber = 64 nLocalPI = 30

0%   10   20   30   40   50   60   70   80   90   100%
|----|----|----|----|----|----|----|----|----|----|
***************************************************
best node n243 best error 0.0489648
time = 18496798
area = 596
delay = 16
write_blif appntk/rca32_5_0.0489648_596_16.blif

round 6
seed = 1567400515 patienceN = 0 patienceM = 0 frameNumber = 64 nLocalPI = 30

0%   10   20   30   40   50   60   70   80   90   100%
|----|----|----|----|----|----|----|----|----|----|
***************************************************
change patienceM
time = 20134706
area = 596
delay = 16
write_blif appntk/rca32_6_0.0489648_596_16.blif

round 7
seed = 1567400516 patienceN = 0 patienceM = 1 frameNumber = 64 nLocalPI = 30

0%   10   20   30   40   50   60   70   80   90   100%
|----|----|----|----|----|----|----|----|----|----|
***************************************************
change patienceM
time = 22017788
area = 596
delay = 16
write_blif appntk/rca32_7_0.0489648_596_16.blif

round 8
seed = 1567400518 patienceN = 0 patienceM = 2 frameNumber = 64 nLocalPI = 30

0%   10   20   30   40   50   60   70   80   90   100%
|----|----|----|----|----|----|----|----|----|----|
***************************************************
change patienceM
time = 23993764
area = 596
delay = 16
write_blif appntk/rca32_8_0.0489648_596_16.blif

round 9
seed = 1567400520 patienceN = 0 patienceM = 0 frameNumber = 64 nLocalPI = 29

0%   10   20   30   40   50   60   70   80   90   100%
|----|----|----|----|----|----|----|----|----|----|
***************************************************
change patienceM
time = 26028432
area = 596
delay = 16
write_blif appntk/rca32_9_0.0489648_596_16.blif

round 10
seed = 1567400522 patienceN = 0 patienceM = 1 frameNumber = 64 nLocalPI = 29

0%   10   20   30   40   50   60   70   80   90   100%
|----|----|----|----|----|----|----|----|----|----|
***************************************************
change patienceM
time = 28000185
area = 596
delay = 16
write_blif appntk/rca32_10_0.0489648_596_16.blif

round 11
seed = 1567400524 patienceN = 0 patienceM = 2 frameNumber = 64 nLocalPI = 29

0%   10   20   30   40   50   60   70   80   90   100%
|----|----|----|----|----|----|----|----|----|----|
***************************************************
change patienceM
time = 30224813
area = 596
delay = 16
write_blif appntk/rca32_11_0.0489648_596_16.blif

round 12
seed = 1567400526 patienceN = 0 patienceM = 0 frameNumber = 64 nLocalPI = 28

0%   10   20   30   40   50   60   70   80   90   100%
|----|----|----|----|----|----|----|----|----|----|
***************************************************
change patienceM
time = 32287655
area = 596
delay = 16
write_blif appntk/rca32_12_0.0489648_596_16.blif

round 13
seed = 1567400528 patienceN = 0 patienceM = 1 frameNumber = 64 nLocalPI = 28

0%   10   20   30   40   50   60   70   80   90   100%
|----|----|----|----|----|----|----|----|----|----|
***************************************************
change patienceM
time = 34209822
area = 596
delay = 16
write_blif appntk/rca32_13_0.0489648_596_16.blif

round 14
seed = 1567400530 patienceN = 0 patienceM = 2 frameNumber = 64 nLocalPI = 28

0%   10   20   30   40   50   60   70   80   90   100%
|----|----|----|----|----|----|----|----|----|----|
***************************************************
change patienceM
time = 36217247
area = 596
delay = 16
write_blif appntk/rca32_14_0.0489648_596_16.blif

round 15
seed = 1567400532 patienceN = 0 patienceM = 0 frameNumber = 64 nLocalPI = 27

0%   10   20   30   40   50   60   70   80   90   100%
|----|----|----|----|----|----|----|----|----|----|
***************************************************
change patienceM
time = 38495834
area = 596
delay = 16
write_blif appntk/rca32_15_0.0489648_596_16.blif

round 16
seed = 1567400534 patienceN = 0 patienceM = 1 frameNumber = 64 nLocalPI = 27

0%   10   20   30   40   50   60   70   80   90   100%
|----|----|----|----|----|----|----|----|----|----|
***************************************************
change patienceN
time = 40181992
area = 596
delay = 16
write_blif appntk/rca32_16_0.0489648_596_16.blif

round 17
seed = 1567400536 patienceN = 1 patienceM = 1 frameNumber = 64 nLocalPI = 27

0%   10   20   30   40   50   60   70   80   90   100%
|----|----|----|----|----|----|----|----|----|----|
***************************************************
change patienceM
time = 42059806
area = 596
delay = 16
write_blif appntk/rca32_17_0.0489648_596_16.blif

round 18
seed = 1567400538 patienceN = 1 patienceM = 2 frameNumber = 64 nLocalPI = 27

0%   10   20   30   40   50   60   70   80   90   100%
|----|----|----|----|----|----|----|----|----|----|
***************************************************
change patienceM
time = 43970448
area = 596
delay = 16
write_blif appntk/rca32_18_0.0489648_596_16.blif

round 19
seed = 1567400540 patienceN = 0 patienceM = 0 frameNumber = 64 nLocalPI = 26

0%   10   20   30   40   50   60   70   80   90   100%
|----|----|----|----|----|----|----|----|----|----|
***************************************************
change patienceM
time = 46129838
area = 596
delay = 16
write_blif appntk/rca32_19_0.0489648_596_16.blif

round 20
seed = 1567400542 patienceN = 0 patienceM = 1 frameNumber = 64 nLocalPI = 26

0%   10   20   30   40   50   60   70   80   90   100%
|----|----|----|----|----|----|----|----|----|----|
***************************************************
change patienceM
time = 48524374
area = 596
delay = 16
write_blif appntk/rca32_20_0.0489648_596_16.blif

round 21
seed = 1567400544 patienceN = 0 patienceM = 2 frameNumber = 64 nLocalPI = 26

0%   10   20   30   40   50   60   70   80   90   100%
|----|----|----|----|----|----|----|----|----|----|
***************************************************
change patienceM
time = 50503352
area = 596
delay = 16
write_blif appntk/rca32_21_0.0489648_596_16.blif

round 22
seed = 1567400546 patienceN = 0 patienceM = 0 frameNumber = 64 nLocalPI = 25

0%   10   20   30   40   50   60   70   80   90   100%
|----|----|----|----|----|----|----|----|----|----|
***************************************************
change patienceM
time = 52217959
area = 596
delay = 16
write_blif appntk/rca32_22_0.0489648_596_16.blif

round 23
seed = 1567400548 patienceN = 0 patienceM = 1 frameNumber = 64 nLocalPI = 25

0%   10   20   30   40   50   60   70   80   90   100%
|----|----|----|----|----|----|----|----|----|----|
***************************************************
change patienceM
time = 53533121
area = 596
delay = 16
write_blif appntk/rca32_23_0.0489648_596_16.blif

round 24
seed = 1567400550 patienceN = 0 patienceM = 2 frameNumber = 64 nLocalPI = 25

0%   10   20   30   40   50   60   70   80   90   100%
|----|----|----|----|----|----|----|----|----|----|
***************************************************
change patienceM
time = 54857804
area = 596
delay = 16
write_blif appntk/rca32_24_0.0489648_596_16.blif

round 25
seed = 1567400551 patienceN = 0 patienceM = 0 frameNumber = 64 nLocalPI = 24

0%   10   20   30   40   50   60   70   80   90   100%
|----|----|----|----|----|----|----|----|----|----|
***************************************************
change patienceM
time = 56168536
area = 596
delay = 16
write_blif appntk/rca32_25_0.0489648_596_16.blif

round 26
seed = 1567400553 patienceN = 0 patienceM = 1 frameNumber = 64 nLocalPI = 24

0%   10   20   30   40   50   60   70   80   90   100%
|----|----|----|----|----|----|----|----|----|----|
***************************************************
change patienceM
time = 57818897
area = 596
delay = 16
write_blif appntk/rca32_26_0.0489648_596_16.blif

round 27
seed = 1567400554 patienceN = 0 patienceM = 2 frameNumber = 64 nLocalPI = 24

0%   10   20   30   40   50   60   70   80   90   100%
|----|----|----|----|----|----|----|----|----|----|
***************************************************
change patienceM
time = 59397971
area = 596
delay = 16
write_blif appntk/rca32_27_0.0489648_596_16.blif

round 28
seed = 1567400556 patienceN = 0 patienceM = 0 frameNumber = 64 nLocalPI = 23

0%   10   20   30   40   50   60   70   80   90   100%
|----|----|----|----|----|----|----|----|----|----|
***************************************************
change patienceM
time = 60781950
area = 596
delay = 16
write_blif appntk/rca32_28_0.0489648_596_16.blif

round 29
seed = 1567400557 patienceN = 0 patienceM = 1 frameNumber = 64 nLocalPI = 23

0%   10   20   30   40   50   60   70   80   90   100%
|----|----|----|----|----|----|----|----|----|----|
***************************************************
change patienceM
time = 62437699
area = 596
delay = 16
write_blif appntk/rca32_29_0.0489648_596_16.blif

round 30
seed = 1567400559 patienceN = 0 patienceM = 2 frameNumber = 64 nLocalPI = 23

0%   10   20   30   40   50   60   70   80   90   100%
|----|----|----|----|----|----|----|----|----|----|
***************************************************
change patienceN
time = 63583553
area = 596
delay = 16
write_blif appntk/rca32_30_0.0489648_596_16.blif

round 31
seed = 1567400560 patienceN = 1 patienceM = 2 frameNumber = 64 nLocalPI = 23

0%   10   20   30   40   50   60   70   80   90   100%
|----|----|----|----|----|----|----|----|----|----|
***************************************************
change patienceM
time = 65391975
area = 596
delay = 16
write_blif appntk/rca32_31_0.0489648_596_16.blif

round 32
seed = 1567400561 patienceN = 0 patienceM = 0 frameNumber = 64 nLocalPI = 22

0%   10   20   30   40   50   60   70   80   90   100%
|----|----|----|----|----|----|----|----|----|----|
***************************************************
change patienceM
time = 66774218
area = 596
delay = 16
write_blif appntk/rca32_32_0.0489648_596_16.blif

round 33
seed = 1567400563 patienceN = 0 patienceM = 1 frameNumber = 64 nLocalPI = 22

0%   10   20   30   40   50   60   70   80   90   100%
|----|----|----|----|----|----|----|----|----|----|
***************************************************
change patienceM
time = 68071054
area = 596
delay = 16
write_blif appntk/rca32_33_0.0489648_596_16.blif

round 34
seed = 1567400565 patienceN = 0 patienceM = 2 frameNumber = 64 nLocalPI = 22

0%   10   20   30   40   50   60   70   80   90   100%
|----|----|----|----|----|----|----|----|----|----|
***************************************************
change patienceN
time = 69219787
area = 596
delay = 16
write_blif appntk/rca32_34_0.0489648_596_16.blif

round 35
seed = 1567400566 patienceN = 1 patienceM = 2 frameNumber = 64 nLocalPI = 22

0%   10   20   30   40   50   60   70   80   90   100%
|----|----|----|----|----|----|----|----|----|----|
***************************************************
change patienceM
time = 70602913
area = 596
delay = 16
write_blif appntk/rca32_35_0.0489648_596_16.blif

round 36
seed = 1567400567 patienceN = 0 patienceM = 0 frameNumber = 64 nLocalPI = 21

0%   10   20   30   40   50   60   70   80   90   100%
|----|----|----|----|----|----|----|----|----|----|
***************************************************
change patienceM
time = 72091127
area = 596
delay = 16
write_blif appntk/rca32_36_0.0489648_596_16.blif

round 37
seed = 1567400568 patienceN = 0 patienceM = 1 frameNumber = 64 nLocalPI = 21

0%   10   20   30   40   50   60   70   80   90   100%
|----|----|----|----|----|----|----|----|----|----|
***************************************************
change patienceM
time = 73508842
area = 596
delay = 16
write_blif appntk/rca32_37_0.0489648_596_16.blif

round 38
seed = 1567400570 patienceN = 0 patienceM = 2 frameNumber = 64 nLocalPI = 21

0%   10   20   30   40   50   60   70   80   90   100%
|----|----|----|----|----|----|----|----|----|----|
***************************************************
change patienceM
time = 75100425
area = 596
delay = 16
write_blif appntk/rca32_38_0.0489648_596_16.blif

round 39
seed = 1567400571 patienceN = 0 patienceM = 0 frameNumber = 64 nLocalPI = 20

0%   10   20   30   40   50   60   70   80   90   100%
|----|----|----|----|----|----|----|----|----|----|
***************************************************
change patienceM
time = 76426243
area = 596
delay = 16
write_blif appntk/rca32_39_0.0489648_596_16.blif

round 40
seed = 1567400573 patienceN = 0 patienceM = 1 frameNumber = 64 nLocalPI = 20

0%   10   20   30   40   50   60   70   80   90   100%
|----|----|----|----|----|----|----|----|----|----|
***************************************************
change patienceM
time = 77823248
area = 596
delay = 16
write_blif appntk/rca32_40_0.0489648_596_16.blif

round 41
seed = 1567400574 patienceN = 0 patienceM = 2 frameNumber = 64 nLocalPI = 20

0%   10   20   30   40   50   60   70   80   90   100%
|----|----|----|----|----|----|----|----|----|----|
***************************************************
change patienceM
time = 79220556
area = 596
delay = 16
write_blif appntk/rca32_41_0.0489648_596_16.blif

round 42
seed = 1567400576 patienceN = 0 patienceM = 0 frameNumber = 64 nLocalPI = 19

0%   10   20   30   40   50   60   70   80   90   100%
|----|----|----|----|----|----|----|----|----|----|
***************************************************
change patienceM
time = 80398422
area = 596
delay = 16
write_blif appntk/rca32_42_0.0489648_596_16.blif

round 43
seed = 1567400577 patienceN = 0 patienceM = 1 frameNumber = 64 nLocalPI = 19

0%   10   20   30   40   50   60   70   80   90   100%
|----|----|----|----|----|----|----|----|----|----|
***************************************************
change patienceM
time = 81874465
area = 596
delay = 16
write_blif appntk/rca32_43_0.0489648_596_16.blif

round 44
seed = 1567400578 patienceN = 0 patienceM = 2 frameNumber = 64 nLocalPI = 19

0%   10   20   30   40   50   60   70   80   90   100%
|----|----|----|----|----|----|----|----|----|----|
***************************************************
change patienceM
time = 83685519
area = 596
delay = 16
write_blif appntk/rca32_44_0.0489648_596_16.blif

round 45
seed = 1567400580 patienceN = 0 patienceM = 0 frameNumber = 64 nLocalPI = 18

0%   10   20   30   40   50   60   70   80   90   100%
|----|----|----|----|----|----|----|----|----|----|
***************************************************
change patienceM
time = 85547788
area = 596
delay = 16
write_blif appntk/rca32_45_0.0489648_596_16.blif

round 46
seed = 1567400582 patienceN = 0 patienceM = 1 frameNumber = 64 nLocalPI = 18

0%   10   20   30   40   50   60   70   80   90   100%
|----|----|----|----|----|----|----|----|----|----|
***************************************************
change patienceN
time = 87034508
area = 596
delay = 16
write_blif appntk/rca32_46_0.0489648_596_16.blif

round 47
seed = 1567400584 patienceN = 1 patienceM = 1 frameNumber = 64 nLocalPI = 18

0%   10   20   30   40   50   60   70   80   90   100%
|----|----|----|----|----|----|----|----|----|----|
***************************************************
change patienceM
time = 89086797
area = 596
delay = 16
write_blif appntk/rca32_47_0.0489648_596_16.blif

round 48
seed = 1567400585 patienceN = 1 patienceM = 2 frameNumber = 64 nLocalPI = 18

0%   10   20   30   40   50   60   70   80   90   100%
|----|----|----|----|----|----|----|----|----|----|
***************************************************
change patienceM
time = 90988075
area = 596
delay = 16
write_blif appntk/rca32_48_0.0489648_596_16.blif

round 49
seed = 1567400587 patienceN = 0 patienceM = 0 frameNumber = 64 nLocalPI = 17

0%   10   20   30   40   50   60   70   80   90   100%
|----|----|----|----|----|----|----|----|----|----|
***************************************************
change patienceM
time = 93011144
area = 596
delay = 16
write_blif appntk/rca32_49_0.0489648_596_16.blif

round 50
seed = 1567400589 patienceN = 0 patienceM = 1 frameNumber = 64 nLocalPI = 17

0%   10   20   30   40   50   60   70   80   90   100%
|----|----|----|----|----|----|----|----|----|----|
***************************************************
change patienceM
time = 94609967
area = 596
delay = 16
write_blif appntk/rca32_50_0.0489648_596_16.blif

round 51
seed = 1567400591 patienceN = 0 patienceM = 2 frameNumber = 64 nLocalPI = 17

0%   10   20   30   40   50   60   70   80   90   100%
|----|----|----|----|----|----|----|----|----|----|
***************************************************
change patienceM
time = 96432267
area = 596
delay = 16
write_blif appntk/rca32_51_0.0489648_596_16.blif

round 52
seed = 1567400593 patienceN = 0 patienceM = 0 frameNumber = 64 nLocalPI = 16

0%   10   20   30   40   50   60   70   80   90   100%
|----|----|----|----|----|----|----|----|----|----|
***************************************************
change patienceM
time = 98229206
area = 596
delay = 16
write_blif appntk/rca32_52_0.0489648_596_16.blif

round 53
seed = 1567400594 patienceN = 0 patienceM = 1 frameNumber = 64 nLocalPI = 16

0%   10   20   30   40   50   60   70   80   90   100%
|----|----|----|----|----|----|----|----|----|----|
***************************************************
change patienceM
time = 100004749
area = 596
delay = 16
write_blif appntk/rca32_53_0.0489648_596_16.blif

round 54
seed = 1567400596 patienceN = 0 patienceM = 2 frameNumber = 64 nLocalPI = 16

0%   10   20   30   40   50   60   70   80   90   100%
|----|----|----|----|----|----|----|----|----|----|
***************************************************
change patienceM
time = 101603239
area = 596
delay = 16
write_blif appntk/rca32_54_0.0489648_596_16.blif

round 55
seed = 1567400598 patienceN = 0 patienceM = 0 frameNumber = 64 nLocalPI = 15

0%   10   20   30   40   50   60   70   80   90   100%
|----|----|----|----|----|----|----|----|----|----|
***************************************************
change patienceM
time = 103085248
area = 596
delay = 16
write_blif appntk/rca32_55_0.0489648_596_16.blif

round 56
seed = 1567400600 patienceN = 0 patienceM = 1 frameNumber = 64 nLocalPI = 15

0%   10   20   30   40   50   60   70   80   90   100%
|----|----|----|----|----|----|----|----|----|----|
***************************************************
change patienceM
time = 104696851
area = 596
delay = 16
write_blif appntk/rca32_56_0.0489648_596_16.blif

round 57
seed = 1567400601 patienceN = 0 patienceM = 2 frameNumber = 64 nLocalPI = 15

0%   10   20   30   40   50   60   70   80   90   100%
|----|----|----|----|----|----|----|----|----|----|
***************************************************
change patienceM
time = 106299490
area = 596
delay = 16
write_blif appntk/rca32_57_0.0489648_596_16.blif

round 58
seed = 1567400603 patienceN = 0 patienceM = 0 frameNumber = 64 nLocalPI = 14

0%   10   20   30   40   50   60   70   80   90   100%
|----|----|----|----|----|----|----|----|----|----|
***************************************************
change patienceN
time = 107586975
area = 596
delay = 16
write_blif appntk/rca32_58_0.0489648_596_16.blif

round 59
seed = 1567400604 patienceN = 1 patienceM = 0 frameNumber = 64 nLocalPI = 14

0%   10   20   30   40   50   60   70   80   90   100%
|----|----|----|----|----|----|----|----|----|----|
***************************************************
change patienceM
time = 108946418
area = 596
delay = 16
write_blif appntk/rca32_59_0.0489648_596_16.blif

round 60
seed = 1567400606 patienceN = 1 patienceM = 1 frameNumber = 64 nLocalPI = 14

0%   10   20   30   40   50   60   70   80   90   100%
|----|----|----|----|----|----|----|----|----|----|
***************************************************
change patienceM
time = 109930841
area = 596
delay = 16
write_blif appntk/rca32_60_0.0489648_596_16.blif

round 61
seed = 1567400607 patienceN = 1 patienceM = 2 frameNumber = 64 nLocalPI = 14

0%   10   20   30   40   50   60   70   80   90   100%
|----|----|----|----|----|----|----|----|----|----|
***************************************************
change patienceM
time = 111237590
area = 596
delay = 16
write_blif appntk/rca32_61_0.0489648_596_16.blif

round 62
seed = 1567400608 patienceN = 0 patienceM = 0 frameNumber = 64 nLocalPI = 13

0%   10   20   30   40   50   60   70   80   90   100%
|----|----|----|----|----|----|----|----|----|----|
***************************************************
change patienceM
time = 112339849
area = 596
delay = 16
write_blif appntk/rca32_62_0.0489648_596_16.blif

round 63
seed = 1567400609 patienceN = 0 patienceM = 1 frameNumber = 64 nLocalPI = 13

0%   10   20   30   40   50   60   70   80   90   100%
|----|----|----|----|----|----|----|----|----|----|
***************************************************
change patienceM
time = 113969822
area = 596
delay = 16
write_blif appntk/rca32_63_0.0489648_596_16.blif

round 64
seed = 1567400610 patienceN = 0 patienceM = 2 frameNumber = 64 nLocalPI = 13

0%   10   20   30   40   50   60   70   80   90   100%
|----|----|----|----|----|----|----|----|----|----|
***************************************************
change patienceM
time = 115356230
area = 596
delay = 16
write_blif appntk/rca32_64_0.0489648_596_16.blif

round 65
seed = 1567400612 patienceN = 0 patienceM = 0 frameNumber = 64 nLocalPI = 12

0%   10   20   30   40   50   60   70   80   90   100%
|----|----|----|----|----|----|----|----|----|----|
***************************************************
change patienceN
time = 116525827
area = 596
delay = 16
write_blif appntk/rca32_65_0.0489648_596_16.blif

round 66
seed = 1567400613 patienceN = 1 patienceM = 0 frameNumber = 64 nLocalPI = 12

0%   10   20   30   40   50   60   70   80   90   100%
|----|----|----|----|----|----|----|----|----|----|
***************************************************
change patienceM
time = 117803668
area = 596
delay = 16
write_blif appntk/rca32_66_0.0489648_596_16.blif

round 67
seed = 1567400615 patienceN = 1 patienceM = 1 frameNumber = 64 nLocalPI = 12

0%   10   20   30   40   50   60   70   80   90   100%
|----|----|----|----|----|----|----|----|----|----|
***************************************************
change patienceM
time = 119376174
area = 596
delay = 16
write_blif appntk/rca32_67_0.0489648_596_16.blif

round 68
seed = 1567400616 patienceN = 1 patienceM = 2 frameNumber = 64 nLocalPI = 12

0%   10   20   30   40   50   60   70   80   90   100%
|----|----|----|----|----|----|----|----|----|----|
***************************************************
change patienceM
time = 121149320
area = 596
delay = 16
write_blif appntk/rca32_68_0.0489648_596_16.blif

round 69
seed = 1567400617 patienceN = 0 patienceM = 0 frameNumber = 64 nLocalPI = 11

0%   10   20   30   40   50   60   70   80   90   100%
|----|----|----|----|----|----|----|----|----|----|
***************************************************
change patienceM
time = 122439868
area = 596
delay = 16
write_blif appntk/rca32_69_0.0489648_596_16.blif

round 70
seed = 1567400619 patienceN = 0 patienceM = 1 frameNumber = 64 nLocalPI = 11

0%   10   20   30   40   50   60   70   80   90   100%
|----|----|----|----|----|----|----|----|----|----|
***************************************************
change patienceM
time = 124090696
area = 596
delay = 16
write_blif appntk/rca32_70_0.0489648_596_16.blif

round 71
seed = 1567400621 patienceN = 0 patienceM = 2 frameNumber = 64 nLocalPI = 11

0%   10   20   30   40   50   60   70   80   90   100%
|----|----|----|----|----|----|----|----|----|----|
***************************************************
change patienceM
time = 125177324
area = 596
delay = 16
write_blif appntk/rca32_71_0.0489648_596_16.blif

round 72
seed = 1567400622 patienceN = 0 patienceM = 0 frameNumber = 64 nLocalPI = 10

0%   10   20   30   40   50   60   70   80   90   100%
|----|----|----|----|----|----|----|----|----|----|
***************************************************
change patienceM
time = 126288199
area = 596
delay = 16
write_blif appntk/rca32_72_0.0489648_596_16.blif

round 73
seed = 1567400623 patienceN = 0 patienceM = 1 frameNumber = 64 nLocalPI = 10

0%   10   20   30   40   50   60   70   80   90   100%
|----|----|----|----|----|----|----|----|----|----|
***************************************************
change patienceM
time = 127565926
area = 596
delay = 16
write_blif appntk/rca32_73_0.0489648_596_16.blif

round 74
seed = 1567400624 patienceN = 0 patienceM = 2 frameNumber = 64 nLocalPI = 10

0%   10   20   30   40   50   60   70   80   90   100%
|----|----|----|----|----|----|----|----|----|----|
***************************************************
change patienceM
time = 128674057
area = 596
delay = 16
write_blif appntk/rca32_74_0.0489648_596_16.blif

round 75
seed = 1567400626 patienceN = 0 patienceM = 0 frameNumber = 64 nLocalPI = 9

0%   10   20   30   40   50   60   70   80   90   100%
|----|----|----|----|----|----|----|----|----|----|
***************************************************
change patienceM
time = 129666610
area = 596
delay = 16
write_blif appntk/rca32_75_0.0489648_596_16.blif

round 76
seed = 1567400627 patienceN = 0 patienceM = 1 frameNumber = 64 nLocalPI = 9

0%   10   20   30   40   50   60   70   80   90   100%
|----|----|----|----|----|----|----|----|----|----|
***************************************************
change patienceM
time = 130578397
area = 596
delay = 16
write_blif appntk/rca32_76_0.0489648_596_16.blif

round 77
seed = 1567400628 patienceN = 0 patienceM = 2 frameNumber = 64 nLocalPI = 9

0%   10   20   30   40   50   60   70   80   90   100%
|----|----|----|----|----|----|----|----|----|----|
***************************************************
change patienceM
time = 131573444
area = 596
delay = 16
write_blif appntk/rca32_77_0.0489648_596_16.blif

round 78
seed = 1567400629 patienceN = 0 patienceM = 0 frameNumber = 64 nLocalPI = 8

0%   10   20   30   40   50   60   70   80   90   100%
|----|----|----|----|----|----|----|----|----|----|
***************************************************
change patienceM
time = 132409966
area = 596
delay = 16
write_blif appntk/rca32_78_0.0489648_596_16.blif

round 79
seed = 1567400630 patienceN = 0 patienceM = 1 frameNumber = 64 nLocalPI = 8

0%   10   20   30   40   50   60   70   80   90   100%
|----|----|----|----|----|----|----|----|----|----|
***************************************************
change patienceM
time = 133244175
area = 596
delay = 16
write_blif appntk/rca32_79_0.0489648_596_16.blif

round 80
seed = 1567400630 patienceN = 0 patienceM = 2 frameNumber = 64 nLocalPI = 8

0%   10   20   30   40   50   60   70   80   90   100%
|----|----|----|----|----|----|----|----|----|----|
***************************************************
change patienceN
time = 133996771
area = 596
delay = 16
write_blif appntk/rca32_80_0.0489648_596_16.blif

round 81
seed = 1567400631 patienceN = 1 patienceM = 2 frameNumber = 64 nLocalPI = 8

0%   10   20   30   40   50   60   70   80   90   100%
|----|----|----|----|----|----|----|----|----|----|
***************************************************
change patienceM
time = 134994144
area = 596
delay = 16
write_blif appntk/rca32_81_0.0489648_596_16.blif

round 82
seed = 1567400632 patienceN = 0 patienceM = 0 frameNumber = 64 nLocalPI = 7

0%   10   20   30   40   50   60   70   80   90   100%
|----|----|----|----|----|----|----|----|----|----|
***************************************************
change patienceM
time = 135783591
area = 596
delay = 16
write_blif appntk/rca32_82_0.0489648_596_16.blif

round 83
seed = 1567400633 patienceN = 0 patienceM = 1 frameNumber = 64 nLocalPI = 7

0%   10   20   30   40   50   60   70   80   90   100%
|----|----|----|----|----|----|----|----|----|----|
***************************************************
change patienceM
time = 136580726
area = 596
delay = 16
write_blif appntk/rca32_83_0.0489648_596_16.blif

round 84
seed = 1567400634 patienceN = 0 patienceM = 2 frameNumber = 64 nLocalPI = 7

0%   10   20   30   40   50   60   70   80   90   100%
|----|----|----|----|----|----|----|----|----|----|
***************************************************
change patienceN
time = 137309917
area = 596
delay = 16
write_blif appntk/rca32_84_0.0489648_596_16.blif

round 85
seed = 1567400635 patienceN = 1 patienceM = 2 frameNumber = 64 nLocalPI = 7

0%   10   20   30   40   50   60   70   80   90   100%
|----|----|----|----|----|----|----|----|----|----|
***************************************************
change patienceN
time = 138027565
area = 596
delay = 16
write_blif appntk/rca32_85_0.0489648_596_16.blif

round 86
seed = 1567400635 patienceN = 2 patienceM = 2 frameNumber = 64 nLocalPI = 7

0%   10   20   30   40   50   60   70   80   90   100%
|----|----|----|----|----|----|----|----|----|----|
***************************************************
change patienceM
time = 138829281
area = 596
delay = 16
write_blif appntk/rca32_86_0.0489648_596_16.blif

round 87
seed = 1567400636 patienceN = 0 patienceM = 0 frameNumber = 64 nLocalPI = 6

0%   10   20   30   40   50   60   70   80   90   100%
|----|----|----|----|----|----|----|----|----|----|
***************************************************
change patienceM
time = 139800406
area = 596
delay = 16
write_blif appntk/rca32_87_0.0489648_596_16.blif

round 88
seed = 1567400637 patienceN = 0 patienceM = 1 frameNumber = 64 nLocalPI = 6

0%   10   20   30   40   50   60   70   80   90   100%
|----|----|----|----|----|----|----|----|----|----|
***************************************************
change patienceM
time = 140598254
area = 596
delay = 16
write_blif appntk/rca32_88_0.0489648_596_16.blif

round 89
seed = 1567400638 patienceN = 0 patienceM = 2 frameNumber = 64 nLocalPI = 6

0%   10   20   30   40   50   60   70   80   90   100%
|----|----|----|----|----|----|----|----|----|----|
***************************************************
change patienceM
time = 141486781
area = 596
delay = 16
write_blif appntk/rca32_89_0.0489648_596_16.blif

round 90
seed = 1567400639 patienceN = 0 patienceM = 0 frameNumber = 64 nLocalPI = 5

0%   10   20   30   40   50   60   70   80   90   100%
|----|----|----|----|----|----|----|----|----|----|
***************************************************
best node n280 best error 0.079248
time = 142338214
