Entered genlib library with 23 gates from file "data/genlib/mcnc.genlib".
Line 9: Skipping line ".default_input_arrival 0.00 0.00 ".
Line 10: Skipping line ".default_output_required 0.00 0.00 ".
Line 11: Skipping line ".default_input_drive 0.10 0.10 ".
Line 12: Skipping line ".default_output_load 2.00 ".
Line 13: Skipping line ".default_max_input_load 999.00 ".
Original area = 1081, original delay = 45.3

round 0
seed = 0 patienceN = 0 patienceM = 0 frameNumber = 64 nLocalPI = 16

0%   10   20   30   40   50   60   70   80   90   100%
|----|----|----|----|----|----|----|----|----|----|
***************************************************
best node product[0] best error 0
time = 5814645
area = 908
delay = 43.5
write_blif appntk/wal8_0_0_908_43.5.blif

round 1
seed = 1567400498 patienceN = 0 patienceM = 0 frameNumber = 64 nLocalPI = 16

0%   10   20   30   40   50   60   70   80   90   100%
|----|----|----|----|----|----|----|----|----|----|
***************************************************
best node n244 best error 0.00266602
time = 8577227
area = 900
delay = 45
write_blif appntk/wal8_1_0.00266602_900_45.blif

round 2
seed = 1567400504 patienceN = 0 patienceM = 0 frameNumber = 64 nLocalPI = 16

0%   10   20   30   40   50   60   70   80   90   100%
|----|----|----|----|----|----|----|----|----|----|
***************************************************
best node n180 best error 0.0053125
time = 11285029
area = 891
delay = 43.6
write_blif appntk/wal8_2_0.0053125_891_43.6.blif

round 3
seed = 1567400507 patienceN = 0 patienceM = 0 frameNumber = 64 nLocalPI = 16

0%   10   20   30   40   50   60   70   80   90   100%
|----|----|----|----|----|----|----|----|----|----|
***************************************************
best node n287 best error 0.0053125
time = 14071900
area = 893
delay = 45.2
write_blif appntk/wal8_3_0.0053125_893_45.2.blif

round 4
seed = 1567400510 patienceN = 0 patienceM = 0 frameNumber = 64 nLocalPI = 16

0%   10   20   30   40   50   60   70   80   90   100%
|----|----|----|----|----|----|----|----|----|----|
***************************************************
best node n96 best error 0.0129883
time = 17470494
area = 884
delay = 44.9
write_blif appntk/wal8_4_0.0129883_884_44.9.blif

round 5
seed = 1567400512 patienceN = 0 patienceM = 0 frameNumber = 64 nLocalPI = 16

0%   10   20   30   40   50   60   70   80   90   100%
|----|----|----|----|----|----|----|----|----|----|
***************************************************
best node n70 best error 0.0200391
time = 20115356
area = 878
delay = 44.3
write_blif appntk/wal8_5_0.0200391_878_44.3.blif

round 6
seed = 1567400516 patienceN = 0 patienceM = 0 frameNumber = 64 nLocalPI = 16

0%   10   20   30   40   50   60   70   80   90   100%
|----|----|----|----|----|----|----|----|----|----|
***************************************************
best node n277 best error 0.0301562
time = 22755859
area = 865
delay = 43.1
write_blif appntk/wal8_6_0.0301562_865_43.1.blif

round 7
seed = 1567400518 patienceN = 0 patienceM = 0 frameNumber = 64 nLocalPI = 16

0%   10   20   30   40   50   60   70   80   90   100%
|----|----|----|----|----|----|----|----|----|----|
***************************************************
best node n69 best error 0.0372168
time = 26211370
area = 877
delay = 44
write_blif appntk/wal8_7_0.0372168_877_44.blif

round 8
seed = 1567400521 patienceN = 0 patienceM = 0 frameNumber = 64 nLocalPI = 16

0%   10   20   30   40   50   60   70   80   90   100%
|----|----|----|----|----|----|----|----|----|----|
***************************************************
best node n228 best error 0.0461719
time = 29580954
area = 865
delay = 43
write_blif appntk/wal8_8_0.0461719_865_43.blif

round 9
seed = 1567400525 patienceN = 0 patienceM = 0 frameNumber = 64 nLocalPI = 16

0%   10   20   30   40   50   60   70   80   90   100%
|----|----|----|----|----|----|----|----|----|----|
***************************************************
change patienceM
time = 33014703
area = 866
delay = 42.6
write_blif appntk/wal8_9_0.0461719_866_42.6.blif

round 10
seed = 1567400528 patienceN = 0 patienceM = 1 frameNumber = 64 nLocalPI = 16

0%   10   20   30   40   50   60   70   80   90   100%
|----|----|----|----|----|----|----|----|----|----|
***************************************************
best node n94 best error 0.0395605
time = 36723078
area = 863
delay = 43
write_blif appntk/wal8_10_0.0395605_863_43.blif

round 11
seed = 1567400532 patienceN = 0 patienceM = 0 frameNumber = 64 nLocalPI = 16

0%   10   20   30   40   50   60   70   80   90   100%
|----|----|----|----|----|----|----|----|----|----|
***************************************************
best node n273 best error 0.0490332
time = 40063600
area = 863
delay = 42.6
write_blif appntk/wal8_11_0.0490332_863_42.6.blif

round 12
seed = 1567400535 patienceN = 0 patienceM = 0 frameNumber = 64 nLocalPI = 16

0%   10   20   30   40   50   60   70   80   90   100%
|----|----|----|----|----|----|----|----|----|----|
***************************************************
change patienceM
time = 42604481
area = 859
delay = 43
write_blif appntk/wal8_12_0.0490332_859_43.blif

round 13
seed = 1567400538 patienceN = 0 patienceM = 1 frameNumber = 64 nLocalPI = 16

0%   10   20   30   40   50   60   70   80   90   100%
|----|----|----|----|----|----|----|----|----|----|
***************************************************
change patienceM
time = 44829564
area = 863
delay = 42.6
write_blif appntk/wal8_13_0.0490332_863_42.6.blif

round 14
seed = 1567400541 patienceN = 0 patienceM = 2 frameNumber = 64 nLocalPI = 16

0%   10   20   30   40   50   60   70   80   90   100%
|----|----|----|----|----|----|----|----|----|----|
***************************************************
change patienceM
time = 47184539
area = 859
delay = 43
write_blif appntk/wal8_14_0.0490332_859_43.blif

round 15
seed = 1567400543 patienceN = 0 patienceM = 0 frameNumber = 64 nLocalPI = 15

0%   10   20   30   40   50   60   70   80   90   100%
|----|----|----|----|----|----|----|----|----|----|
***************************************************
change patienceM
time = 49687957
area = 863
delay = 42.6
write_blif appntk/wal8_15_0.0490332_863_42.6.blif

round 16
seed = 1567400545 patienceN = 0 patienceM = 1 frameNumber = 64 nLocalPI = 15

0%   10   20   30   40   50   60   70   80   90   100%
|----|----|----|----|----|----|----|----|----|----|
***************************************************
change patienceM
time = 52182974
area = 859
delay = 43
write_blif appntk/wal8_16_0.0490332_859_43.blif

round 17
seed = 1567400548 patienceN = 0 patienceM = 2 frameNumber = 64 nLocalPI = 15

0%   10   20   30   40   50   60   70   80   90   100%
|----|----|----|----|----|----|----|----|----|----|
***************************************************
change patienceM
time = 54762114
area = 863
delay = 42.6
write_blif appntk/wal8_17_0.0490332_863_42.6.blif

round 18
seed = 1567400551 patienceN = 0 patienceM = 0 frameNumber = 64 nLocalPI = 14

0%   10   20   30   40   50   60   70   80   90   100%
|----|----|----|----|----|----|----|----|----|----|
***************************************************
change patienceM
time = 57231051
area = 859
delay = 43
write_blif appntk/wal8_18_0.0490332_859_43.blif

round 19
seed = 1567400553 patienceN = 0 patienceM = 1 frameNumber = 64 nLocalPI = 14

0%   10   20   30   40   50   60   70   80   90   100%
|----|----|----|----|----|----|----|----|----|----|
***************************************************
change patienceM
time = 59461051
area = 863
delay = 42.6
write_blif appntk/wal8_19_0.0490332_863_42.6.blif

round 20
seed = 1567400556 patienceN = 0 patienceM = 2 frameNumber = 64 nLocalPI = 14

0%   10   20   30   40   50   60   70   80   90   100%
|----|----|----|----|----|----|----|----|----|----|
***************************************************
change patienceM
time = 62118970
area = 859
delay = 43
write_blif appntk/wal8_20_0.0490332_859_43.blif

round 21
seed = 1567400558 patienceN = 0 patienceM = 0 frameNumber = 64 nLocalPI = 13

0%   10   20   30   40   50   60   70   80   90   100%
|----|----|----|----|----|----|----|----|----|----|
***************************************************
change patienceM
time = 64907920
area = 863
delay = 42.6
write_blif appntk/wal8_21_0.0490332_863_42.6.blif

round 22
seed = 1567400561 patienceN = 0 patienceM = 1 frameNumber = 64 nLocalPI = 13

0%   10   20   30   40   50   60   70   80   90   100%
|----|----|----|----|----|----|----|----|----|----|
***************************************************
change patienceM
time = 67089454
area = 859
delay = 43
write_blif appntk/wal8_22_0.0490332_859_43.blif

round 23
seed = 1567400563 patienceN = 0 patienceM = 2 frameNumber = 64 nLocalPI = 13

0%   10   20   30   40   50   60   70   80   90   100%
|----|----|----|----|----|----|----|----|----|----|
***************************************************
change patienceM
time = 69198675
area = 863
delay = 42.6
write_blif appntk/wal8_23_0.0490332_863_42.6.blif

round 24
seed = 1567400565 patienceN = 0 patienceM = 0 frameNumber = 64 nLocalPI = 12

0%   10   20   30   40   50   60   70   80   90   100%
|----|----|----|----|----|----|----|----|----|----|
***************************************************
change patienceM
time = 72384011
area = 859
delay = 43
write_blif appntk/wal8_24_0.0490332_859_43.blif

round 25
seed = 1567400568 patienceN = 0 patienceM = 1 frameNumber = 64 nLocalPI = 12

0%   10   20   30   40   50   60   70   80   90   100%
|----|----|----|----|----|----|----|----|----|----|
***************************************************
change patienceM
time = 74808847
area = 863
delay = 42.6
write_blif appntk/wal8_25_0.0490332_863_42.6.blif

round 26
seed = 1567400571 patienceN = 0 patienceM = 2 frameNumber = 64 nLocalPI = 12

0%   10   20   30   40   50   60   70   80   90   100%
|----|----|----|----|----|----|----|----|----|----|
***************************************************
change patienceM
time = 77031345
area = 859
delay = 43
write_blif appntk/wal8_26_0.0490332_859_43.blif

round 27
seed = 1567400573 patienceN = 0 patienceM = 0 frameNumber = 64 nLocalPI = 11

0%   10   20   30   40   50   60   70   80   90   100%
|----|----|----|----|----|----|----|----|----|----|
***************************************************
change patienceM
time = 79208606
area = 863
delay = 42.6
write_blif appntk/wal8_27_0.0490332_863_42.6.blif

round 28
seed = 1567400575 patienceN = 0 patienceM = 1 frameNumber = 64 nLocalPI = 11

0%   10   20   30   40   50   60   70   80   90   100%
|----|----|----|----|----|----|----|----|----|----|
***************************************************
change patienceM
time = 81989464
area = 859
delay = 43
write_blif appntk/wal8_28_0.0490332_859_43.blif

round 29
seed = 1567400578 patienceN = 0 patienceM = 2 frameNumber = 64 nLocalPI = 11

0%   10   20   30   40   50   60   70   80   90   100%
|----|----|----|----|----|----|----|----|----|----|
***************************************************
change patienceM
time = 85093992
area = 863
delay = 42.6
write_blif appntk/wal8_29_0.0490332_863_42.6.blif

round 30
seed = 1567400581 patienceN = 0 patienceM = 0 frameNumber = 64 nLocalPI = 10

0%   10   20   30   40   50   60   70   80   90   100%
|----|----|----|----|----|----|----|----|----|----|
***************************************************
change patienceM
time = 88663016
area = 859
delay = 43
write_blif appntk/wal8_30_0.0490332_859_43.blif

round 31
seed = 1567400584 patienceN = 0 patienceM = 1 frameNumber = 64 nLocalPI = 10

0%   10   20   30   40   50   60   70   80   90   100%
|----|----|----|----|----|----|----|----|----|----|
***************************************************
change patienceM
time = 91431728
area = 863
delay = 42.6
write_blif appntk/wal8_31_0.0490332_863_42.6.blif

round 32
seed = 1567400587 patienceN = 0 patienceM = 2 frameNumber = 64 nLocalPI = 10

0%   10   20   30   40   50   60   70   80   90   100%
|----|----|----|----|----|----|----|----|----|----|
***************************************************
change patienceM
time = 94513204
area = 859
delay = 43
write_blif appntk/wal8_32_0.0490332_859_43.blif

round 33
seed = 1567400590 patienceN = 0 patienceM = 0 frameNumber = 64 nLocalPI = 9

0%   10   20   30   40   50   60   70   80   90   100%
|----|----|----|----|----|----|----|----|----|----|
***************************************************
change patienceM
time = 97186153
area = 863
delay = 42.6
write_blif appntk/wal8_33_0.0490332_863_42.6.blif

round 34
seed = 1567400593 patienceN = 0 patienceM = 1 frameNumber = 64 nLocalPI = 9

0%   10   20   30   40   50   60   70   80   90   100%
|----|----|----|----|----|----|----|----|----|----|
***************************************************
change patienceM
time = 99830611
area = 859
delay = 43
write_blif appntk/wal8_34_0.0490332_859_43.blif

round 35
seed = 1567400596 patienceN = 0 patienceM = 2 frameNumber = 64 nLocalPI = 9

0%   10   20   30   40   50   60   70   80   90   100%
|----|----|----|----|----|----|----|----|----|----|
***************************************************
change patienceM
time = 102256675
area = 863
delay = 42.6
write_blif appntk/wal8_35_0.0490332_863_42.6.blif

round 36
seed = 1567400598 patienceN = 0 patienceM = 0 frameNumber = 64 nLocalPI = 8

0%   10   20   30   40   50   60   70   80   90   100%
|----|----|----|----|----|----|----|----|----|----|
***************************************************
change patienceM
time = 104204583
area = 859
delay = 43
write_blif appntk/wal8_36_0.0490332_859_43.blif

round 37
seed = 1567400601 patienceN = 0 patienceM = 1 frameNumber = 64 nLocalPI = 8

0%   10   20   30   40   50   60   70   80   90   100%
|----|----|----|----|----|----|----|----|----|----|
***************************************************
change patienceM
time = 106388411
area = 863
delay = 42.6
write_blif appntk/wal8_37_0.0490332_863_42.6.blif

round 38
seed = 1567400603 patienceN = 0 patienceM = 2 frameNumber = 64 nLocalPI = 8

0%   10   20   30   40   50   60   70   80   90   100%
|----|----|----|----|----|----|----|----|----|----|
***************************************************
change patienceM
time = 108356682
area = 859
delay = 43
write_blif appntk/wal8_38_0.0490332_859_43.blif

round 39
seed = 1567400605 patienceN = 0 patienceM = 0 frameNumber = 64 nLocalPI = 7

0%   10   20   30   40   50   60   70   80   90   100%
|----|----|----|----|----|----|----|----|----|----|
***************************************************
change patienceM
time = 110858449
area = 863
delay = 42.6
write_blif appntk/wal8_39_0.0490332_863_42.6.blif

round 40
seed = 1567400607 patienceN = 0 patienceM = 1 frameNumber = 64 nLocalPI = 7

0%   10   20   30   40   50   60   70   80   90   100%
|----|----|----|----|----|----|----|----|----|----|
***************************************************
change patienceM
time = 113439741
area = 859
delay = 43
write_blif appntk/wal8_40_0.0490332_859_43.blif

round 41
seed = 1567400609 patienceN = 0 patienceM = 2 frameNumber = 64 nLocalPI = 7

0%   10   20   30   40   50   60   70   80   90   100%
|----|----|----|----|----|----|----|----|----|----|
***************************************************
change patienceM
time = 116025785
area = 863
delay = 42.6
write_blif appntk/wal8_41_0.0490332_863_42.6.blif

round 42
seed = 1567400612 patienceN = 0 patienceM = 0 frameNumber = 64 nLocalPI = 6

0%   10   20   30   40   50   60   70   80   90   100%
|----|----|----|----|----|----|----|----|----|----|
***************************************************
change patienceM
time = 118402504
area = 859
delay = 43
write_blif appntk/wal8_42_0.0490332_859_43.blif

round 43
seed = 1567400615 patienceN = 0 patienceM = 1 frameNumber = 64 nLocalPI = 6

0%   10   20   30   40   50   60   70   80   90   100%
|----|----|----|----|----|----|----|----|----|----|
***************************************************
change patienceM
time = 120844510
area = 863
delay = 42.6
write_blif appntk/wal8_43_0.0490332_863_42.6.blif

round 44
seed = 1567400617 patienceN = 0 patienceM = 2 frameNumber = 64 nLocalPI = 6

0%   10   20   30   40   50   60   70   80   90   100%
|----|----|----|----|----|----|----|----|----|----|
***************************************************
change patienceM
time = 123135444
area = 859
delay = 43
write_blif appntk/wal8_44_0.0490332_859_43.blif

round 45
seed = 1567400619 patienceN = 0 patienceM = 0 frameNumber = 64 nLocalPI = 5

0%   10   20   30   40   50   60   70   80   90   100%
|----|----|----|----|----|----|----|----|----|----|
***************************************************
best node n48 best error 0.0765137
time = 124789734
