Entered genlib library with 23 gates from file "data/genlib/mcnc.genlib".
Warning: The network was strashed and balanced before mapping.
Original area = 2531, original delay = 35.7
round 0

0%   10   20   30   40   50   60   70   80   90   100%
|----|----|----|----|----|----|----|----|----|----|
seed = 1567169587 patience = 0
***************************************************
best node 7474 best error 0
time = 40123151
c5315_0_0
area = 2361
delay = 29.1
write_blif appntk/c5315_0_0_2361_29.1.blif
sis -x -c "read_library data/genlib/mcnc.genlib;read_blif appntk/c5315_0_0_2361_29.1.blif;print_map_stats" | grep -e "Most Negative Slack" -e "Total Area"
"appntk/c5315_0_0_2361_29.1.blif", line 23: .and_gate_delay 1.9
Total Area		= 2361.00
Most Negative Slack	= -51.90
Nodes = 1336. Try = 1263. Resub = 4. Div = 66543. SAT calls = 5491. Timeouts = 0. MaxDivs = 21.
Attempts :   Remove      0 out of   2522 (  0.00 %)   Resub       4 out of    881 (  0.45 %)   
Reduction:   Nodes       5 out of   1336 (  0.37 %)   Edges      10 out of   2640 (  0.38 %)   
Win =     0.00 sec (  0.85 %)
Div =     0.02 sec (  3.36 %)
Aig =     0.01 sec (  2.77 %)
Gia =     0.00 sec (  0.00 %)
Cnf =     0.00 sec (  0.53 %)
Sat =     0.27 sec ( 53.85 %)
Int =     0.00 sec (  0.43 %)
ALL =     0.50 sec (100.00 %)
round 1

0%   10   20   30   40   50   60   70   80   90   100%
|----|----|----|----|----|----|----|----|----|----|
seed = 1567169633 patience = 0
***************************************************
best node n668 best error 0
time = 66742900
c5315_1_0
area = 2345
delay = 30.6
write_blif appntk/c5315_1_0_2345_30.6.blif
sis -x -c "read_library data/genlib/mcnc.genlib;read_blif appntk/c5315_1_0_2345_30.6.blif;print_map_stats" | grep -e "Most Negative Slack" -e "Total Area"
"appntk/c5315_1_0_2345_30.6.blif", line 23: .and_gate_delay 1.9
Total Area		= 2345.00
Most Negative Slack	= -48.00
Nodes = 1325. Try = 1256. Resub = 2. Div = 65018. SAT calls = 5601. Timeouts = 0. MaxDivs = 22.
Attempts :   Remove      0 out of   2510 (  0.00 %)   Resub       2 out of    883 (  0.23 %)   
Reduction:   Nodes       2 out of   1325 (  0.15 %)   Edges       4 out of   2618 (  0.15 %)   
Win =     0.00 sec (  0.92 %)
Div =     0.01 sec (  3.51 %)
Aig =     0.01 sec (  2.67 %)
Gia =     0.00 sec (  0.00 %)
Cnf =     0.00 sec (  0.55 %)
Sat =     0.21 sec ( 59.24 %)
Int =     0.00 sec (  0.28 %)
ALL =     0.35 sec (100.00 %)
round 2

0%   10   20   30   40   50   60   70   80   90   100%
|----|----|----|----|----|----|----|----|----|----|
seed = 1567169659 patience = 0
***************************************************
best node n926 best error 0.00175781
time = 97662027
c5315_2_0.00175781
area = 2324
delay = 31.2
write_blif appntk/c5315_2_0.00175781_2324_31.2.blif
sis -x -c "read_library data/genlib/mcnc.genlib;read_blif appntk/c5315_2_0.00175781_2324_31.2.blif;print_map_stats" | grep -e "Most Negative Slack" -e "Total Area"
"appntk/c5315_2_0.00175781_2324_31.2.blif", line 23: .and_gate_delay 1.9
Total Area		= 2324.00
Most Negative Slack	= -48.00
Nodes = 1311. Try = 1222. Resub = 2. Div = 58551. SAT calls = 5185. Timeouts = 0. MaxDivs = 9.
Attempts :   Remove      0 out of   2443 (  0.00 %)   Resub       2 out of    852 (  0.23 %)   
Reduction:   Nodes       2 out of   1311 (  0.15 %)   Edges       4 out of   2590 (  0.15 %)   
Win =     0.00 sec (  0.79 %)
Div =     0.01 sec (  3.26 %)
Aig =     0.01 sec (  2.59 %)
Gia =     0.00 sec (  0.00 %)
Cnf =     0.00 sec (  0.55 %)
Sat =     0.23 sec ( 50.86 %)
Int =     0.00 sec (  0.28 %)
ALL =     0.46 sec (100.00 %)
round 3

0%   10   20   30   40   50   60   70   80   90   100%
|----|----|----|----|----|----|----|----|----|----|
seed = 1567169691 patience = 0
***************************************************
best node n667 best error 0.00175781
time = 127916236
c5315_3_0.00175781
area = 2347
delay = 29.9
write_blif appntk/c5315_3_0.00175781_2347_29.9.blif
sis -x -c "read_library data/genlib/mcnc.genlib;read_blif appntk/c5315_3_0.00175781_2347_29.9.blif;print_map_stats" | grep -e "Most Negative Slack" -e "Total Area"
"appntk/c5315_3_0.00175781_2347_29.9.blif", line 23: .and_gate_delay 1.9
Total Area		= 2347.00
Most Negative Slack	= -43.60
Nodes = 1305. Try = 1222. Resub = 0. Div = 61228. SAT calls = 5235. Timeouts = 0. MaxDivs = 9.
Attempts :   Remove      0 out of   2444 (  0.00 %)   Resub       0 out of    849 (  0.00 %)   
Reduction:   Nodes       0 out of   1305 (  0.00 %)   Edges       0 out of   2578 (  0.00 %)   
Win =     0.00 sec (  0.91 %)
Div =     0.02 sec (  3.57 %)
Aig =     0.01 sec (  2.63 %)
Gia =     0.00 sec (  0.00 %)
Cnf =     0.00 sec (  0.54 %)
Sat =     0.24 sec ( 50.99 %)
Int =     0.00 sec (  0.00 %)
ALL =     0.47 sec (100.00 %)
round 4

0%   10   20   30   40   50   60   70   80   90   100%
|----|----|----|----|----|----|----|----|----|----|
seed = 1567169721 patience = 0
***************************************************
best node n917 best error 0.0019043
time = 163195289
c5315_4_0.0019043
area = 2316
delay = 32.1
write_blif appntk/c5315_4_0.0019043_2316_32.1.blif
sis -x -c "read_library data/genlib/mcnc.genlib;read_blif appntk/c5315_4_0.0019043_2316_32.1.blif;print_map_stats" | grep -e "Most Negative Slack" -e "Total Area"
"appntk/c5315_4_0.0019043_2316_32.1.blif", line 23: .and_gate_delay 1.9
Total Area		= 2316.00
Most Negative Slack	= -51.90
Nodes = 1298. Try = 1201. Resub = 4. Div = 54964. SAT calls = 5038. Timeouts = 0. MaxDivs = 8.
Attempts :   Remove      1 out of   2398 (  0.04 %)   Resub       3 out of    823 (  0.36 %)   
Reduction:   Nodes       3 out of   1298 (  0.23 %)   Edges       6 out of   2562 (  0.23 %)   
Win =     0.00 sec (  0.85 %)
Div =     0.01 sec (  3.29 %)
Aig =     0.01 sec (  2.65 %)
Gia =     0.00 sec (  0.00 %)
Cnf =     0.00 sec (  0.54 %)
Sat =     0.23 sec ( 51.35 %)
Int =     0.00 sec (  0.39 %)
ALL =     0.44 sec (100.00 %)
round 5

0%   10   20   30   40   50   60   70   80   90   100%
|----|----|----|----|----|----|----|----|----|----|
seed = 1567169756 patience = 0
***************************************************
best node n1093 best error 0.00258789
time = 190740916
c5315_5_0.00258789
area = 2322
delay = 32.5
write_blif appntk/c5315_5_0.00258789_2322_32.5.blif
sis -x -c "read_library data/genlib/mcnc.genlib;read_blif appntk/c5315_5_0.00258789_2322_32.5.blif;print_map_stats" | grep -e "Most Negative Slack" -e "Total Area"
"appntk/c5315_5_0.00258789_2322_32.5.blif", line 23: .and_gate_delay 1.9
Total Area		= 2322.00
Most Negative Slack	= -46.00
Nodes = 1294. Try = 1201. Resub = 0. Div = 55620. SAT calls = 5013. Timeouts = 0. MaxDivs = 9.
Attempts :   Remove      0 out of   2402 (  0.00 %)   Resub       0 out of    824 (  0.00 %)   
Reduction:   Nodes       0 out of   1294 (  0.00 %)   Edges       0 out of   2554 (  0.00 %)   
Win =     0.00 sec (  0.84 %)
Div =     0.01 sec (  3.23 %)
Aig =     0.01 sec (  2.61 %)
Gia =     0.00 sec (  0.00 %)
Cnf =     0.00 sec (  0.53 %)
Sat =     0.22 sec ( 49.99 %)
Int =     0.00 sec (  0.00 %)
ALL =     0.44 sec (100.00 %)
round 6

0%   10   20   30   40   50   60   70   80   90   100%
|----|----|----|----|----|----|----|----|----|----|
seed = 1567169784 patience = 0
***************************************************
best node n604 best error 0.00358398
time = 215533817
c5315_6_0.00358398
area = 2289
delay = 32
write_blif appntk/c5315_6_0.00358398_2289_32.blif
sis -x -c "read_library data/genlib/mcnc.genlib;read_blif appntk/c5315_6_0.00358398_2289_32.blif;print_map_stats" | grep -e "Most Negative Slack" -e "Total Area"
"appntk/c5315_6_0.00358398_2289_32.blif", line 23: .and_gate_delay 1.9
Total Area		= 2289.00
Most Negative Slack	= -52.30
Nodes = 1292. Try = 1192. Resub = 0. Div = 53499. SAT calls = 5022. Timeouts = 0. MaxDivs = 8.
Attempts :   Remove      0 out of   2384 (  0.00 %)   Resub       0 out of    818 (  0.00 %)   
Reduction:   Nodes       0 out of   1292 (  0.00 %)   Edges       0 out of   2547 (  0.00 %)   
Win =     0.00 sec (  0.81 %)
Div =     0.01 sec (  3.11 %)
Aig =     0.01 sec (  2.54 %)
Gia =     0.00 sec (  0.00 %)
Cnf =     0.00 sec (  0.51 %)
Sat =     0.21 sec ( 49.27 %)
Int =     0.00 sec (  0.00 %)
ALL =     0.43 sec (100.00 %)
round 7

0%   10   20   30   40   50   60   70   80   90   100%
|----|----|----|----|----|----|----|----|----|----|
seed = 1567169809 patience = 0
***************************************************
best node n893 best error 0.00478516
time = 243134237
c5315_7_0.00478516
area = 2296
delay = 31.7
write_blif appntk/c5315_7_0.00478516_2296_31.7.blif
sis -x -c "read_library data/genlib/mcnc.genlib;read_blif appntk/c5315_7_0.00478516_2296_31.7.blif;print_map_stats" | grep -e "Most Negative Slack" -e "Total Area"
"appntk/c5315_7_0.00478516_2296_31.7.blif", line 23: .and_gate_delay 1.9
Total Area		= 2296.00
Most Negative Slack	= -47.20
Nodes = 1289. Try = 1195. Resub = 0. Div = 54290. SAT calls = 5101. Timeouts = 0. MaxDivs = 9.
Attempts :   Remove      0 out of   2390 (  0.00 %)   Resub       0 out of    824 (  0.00 %)   
Reduction:   Nodes       0 out of   1289 (  0.00 %)   Edges       0 out of   2541 (  0.00 %)   
Win =     0.00 sec (  0.96 %)
Div =     0.01 sec (  3.63 %)
Aig =     0.01 sec (  2.70 %)
Gia =     0.00 sec (  0.00 %)
Cnf =     0.00 sec (  0.61 %)
Sat =     0.17 sec ( 55.25 %)
Int =     0.00 sec (  0.00 %)
ALL =     0.30 sec (100.00 %)
round 8

0%   10   20   30   40   50   60   70   80   90   100%
|----|----|----|----|----|----|----|----|----|----|
seed = 1567169836 patience = 0
***************************************************
best node n893 best error 0.00578125
time = 266288181
c5315_8_0.00578125
area = 2280
delay = 31.8
write_blif appntk/c5315_8_0.00578125_2280_31.8.blif
sis -x -c "read_library data/genlib/mcnc.genlib;read_blif appntk/c5315_8_0.00578125_2280_31.8.blif;print_map_stats" | grep -e "Most Negative Slack" -e "Total Area"
"appntk/c5315_8_0.00578125_2280_31.8.blif", line 23: .and_gate_delay 1.9
Total Area		= 2280.00
Most Negative Slack	= -52.50
Nodes = 1285. Try = 1193. Resub = 4. Div = 55323. SAT calls = 5106. Timeouts = 0. MaxDivs = 9.
Attempts :   Remove      2 out of   2384 (  0.08 %)   Resub       2 out of    825 (  0.24 %)   
Reduction:   Nodes       2 out of   1285 (  0.16 %)   Edges       4 out of   2533 (  0.16 %)   
Win =     0.00 sec (  0.90 %)
Div =     0.01 sec (  3.47 %)
Aig =     0.01 sec (  2.66 %)
Gia =     0.00 sec (  0.00 %)
Cnf =     0.00 sec (  0.57 %)
Sat =     0.17 sec ( 56.11 %)
Int =     0.00 sec (  0.38 %)
ALL =     0.30 sec (100.00 %)
round 9

0%   10   20   30   40   50   60   70   80   90   100%
|----|----|----|----|----|----|----|----|----|----|
seed = 1567169859 patience = 0
***************************************************
best node n889 best error 0.00563477
time = 289219853
c5315_9_0.00563477
area = 2293
delay = 32.2
write_blif appntk/c5315_9_0.00563477_2293_32.2.blif
sis -x -c "read_library data/genlib/mcnc.genlib;read_blif appntk/c5315_9_0.00563477_2293_32.2.blif;print_map_stats" | grep -e "Most Negative Slack" -e "Total Area"
"appntk/c5315_9_0.00563477_2293_32.2.blif", line 23: .and_gate_delay 1.9
Total Area		= 2293.00
Most Negative Slack	= -50.20
Nodes = 1278. Try = 1184. Resub = 0. Div = 54340. SAT calls = 5034. Timeouts = 0. MaxDivs = 9.
Attempts :   Remove      0 out of   2368 (  0.00 %)   Resub       0 out of    819 (  0.00 %)   
Reduction:   Nodes       0 out of   1278 (  0.00 %)   Edges       0 out of   2517 (  0.00 %)   
Win =     0.00 sec (  0.91 %)
Div =     0.01 sec (  3.51 %)
Aig =     0.01 sec (  2.67 %)
Gia =     0.00 sec (  0.00 %)
Cnf =     0.00 sec (  0.59 %)
Sat =     0.17 sec ( 55.97 %)
Int =     0.00 sec (  0.00 %)
ALL =     0.30 sec (100.00 %)
round 10

0%   10   20   30   40   50   60   70   80   90   100%
|----|----|----|----|----|----|----|----|----|----|
seed = 1567169882 patience = 0
***************************************************
best node n553 best error 0.00771484
time = 308265685
c5315_10_0.00771484
area = 2278
delay = 31
write_blif appntk/c5315_10_0.00771484_2278_31.blif
sis -x -c "read_library data/genlib/mcnc.genlib;read_blif appntk/c5315_10_0.00771484_2278_31.blif;print_map_stats" | grep -e "Most Negative Slack" -e "Total Area"
"appntk/c5315_10_0.00771484_2278_31.blif", line 23: .and_gate_delay 1.9
Total Area		= 2278.00
Most Negative Slack	= -48.10
Nodes = 1277. Try = 1183. Resub = 0. Div = 53975. SAT calls = 4983. Timeouts = 0. MaxDivs = 9.
Attempts :   Remove      0 out of   2366 (  0.00 %)   Resub       0 out of    818 (  0.00 %)   
Reduction:   Nodes       0 out of   1277 (  0.00 %)   Edges       0 out of   2515 (  0.00 %)   
Win =     0.00 sec (  0.91 %)
Div =     0.01 sec (  3.55 %)
Aig =     0.01 sec (  2.70 %)
Gia =     0.00 sec (  0.00 %)
Cnf =     0.00 sec (  0.57 %)
Sat =     0.16 sec ( 55.22 %)
Int =     0.00 sec (  0.00 %)
ALL =     0.29 sec (100.00 %)
round 11

0%   10   20   30   40   50   60   70   80   90   100%
|----|----|----|----|----|----|----|----|----|----|
seed = 1567169901 patience = 0
***************************************************
best node n546 best error 0.00668945
time = 327804389
c5315_11_0.00668945
area = 2270
delay = 32
write_blif appntk/c5315_11_0.00668945_2270_32.blif
sis -x -c "read_library data/genlib/mcnc.genlib;read_blif appntk/c5315_11_0.00668945_2270_32.blif;print_map_stats" | grep -e "Most Negative Slack" -e "Total Area"
"appntk/c5315_11_0.00668945_2270_32.blif", line 23: .and_gate_delay 1.9
Total Area		= 2270.00
Most Negative Slack	= -50.20
Nodes = 1276. Try = 1181. Resub = 0. Div = 53357. SAT calls = 5006. Timeouts = 0. MaxDivs = 9.
Attempts :   Remove      0 out of   2362 (  0.00 %)   Resub       0 out of    818 (  0.00 %)   
Reduction:   Nodes       0 out of   1276 (  0.00 %)   Edges       0 out of   2510 (  0.00 %)   
Win =     0.00 sec (  0.92 %)
Div =     0.01 sec (  3.52 %)
Aig =     0.01 sec (  2.67 %)
Gia =     0.00 sec (  0.00 %)
Cnf =     0.00 sec (  0.58 %)
Sat =     0.16 sec ( 55.44 %)
Int =     0.00 sec (  0.00 %)
ALL =     0.29 sec (100.00 %)
round 12

0%   10   20   30   40   50   60   70   80   90   100%
|----|----|----|----|----|----|----|----|----|----|
seed = 1567169921 patience = 0
***************************************************
best node n1294 best error 0.00904297
time = 349278301
c5315_12_0.00904297
area = 2258
delay = 32.6
write_blif appntk/c5315_12_0.00904297_2258_32.6.blif
sis -x -c "read_library data/genlib/mcnc.genlib;read_blif appntk/c5315_12_0.00904297_2258_32.6.blif;print_map_stats" | grep -e "Most Negative Slack" -e "Total Area"
"appntk/c5315_12_0.00904297_2258_32.6.blif", line 23: .and_gate_delay 1.9
Total Area		= 2258.00
Most Negative Slack	= -54.10
Nodes = 1273. Try = 1178. Resub = 0. Div = 54021. SAT calls = 4977. Timeouts = 0. MaxDivs = 9.
Attempts :   Remove      0 out of   2356 (  0.00 %)   Resub       0 out of    816 (  0.00 %)   
Reduction:   Nodes       0 out of   1273 (  0.00 %)   Edges       0 out of   2504 (  0.00 %)   
Win =     0.00 sec (  0.88 %)
Div =     0.01 sec (  3.43 %)
Aig =     0.01 sec (  2.68 %)
Gia =     0.00 sec (  0.00 %)
Cnf =     0.00 sec (  0.54 %)
Sat =     0.16 sec ( 55.97 %)
Int =     0.00 sec (  0.00 %)
ALL =     0.29 sec (100.00 %)
round 13

0%   10   20   30   40   50   60   70   80   90   100%
|----|----|----|----|----|----|----|----|----|----|
seed = 1567169942 patience = 0
***************************************************
best node n1469 best error 0.0116699
time = 369657140
c5315_13_0.0116699
area = 2261
delay = 31.7
write_blif appntk/c5315_13_0.0116699_2261_31.7.blif
sis -x -c "read_library data/genlib/mcnc.genlib;read_blif appntk/c5315_13_0.0116699_2261_31.7.blif;print_map_stats" | grep -e "Most Negative Slack" -e "Total Area"
"appntk/c5315_13_0.0116699_2261_31.7.blif", line 23: .and_gate_delay 1.9
Total Area		= 2261.00
Most Negative Slack	= -51.00
Nodes = 1268. Try = 1168. Resub = 1. Div = 51641. SAT calls = 4987. Timeouts = 0. MaxDivs = 8.
Attempts :   Remove      0 out of   2335 (  0.00 %)   Resub       1 out of    809 (  0.12 %)   
Reduction:   Nodes       1 out of   1268 (  0.08 %)   Edges       2 out of   2494 (  0.08 %)   
Win =     0.00 sec (  0.85 %)
Div =     0.01 sec (  3.37 %)
Aig =     0.01 sec (  2.57 %)
Gia =     0.00 sec (  0.00 %)
Cnf =     0.00 sec (  0.55 %)
Sat =     0.16 sec ( 56.05 %)
Int =     0.00 sec (  0.21 %)
ALL =     0.29 sec (100.00 %)
round 14

0%   10   20   30   40   50   60   70   80   90   100%
|----|----|----|----|----|----|----|----|----|----|
seed = 1567169962 patience = 0
***************************************************
best node n1043 best error 0.0131934
time = 389334501
c5315_14_0.0131934
area = 2255
delay = 31.7
write_blif appntk/c5315_14_0.0131934_2255_31.7.blif
sis -x -c "read_library data/genlib/mcnc.genlib;read_blif appntk/c5315_14_0.0131934_2255_31.7.blif;print_map_stats" | grep -e "Most Negative Slack" -e "Total Area"
"appntk/c5315_14_0.0131934_2255_31.7.blif", line 23: .and_gate_delay 1.9
Total Area		= 2255.00
Most Negative Slack	= -49.90
Nodes = 1262. Try = 1160. Resub = 0. Div = 51577. SAT calls = 4830. Timeouts = 0. MaxDivs = 8.
Attempts :   Remove      0 out of   2320 (  0.00 %)   Resub       0 out of    804 (  0.00 %)   
Reduction:   Nodes       0 out of   1262 (  0.00 %)   Edges       0 out of   2480 (  0.00 %)   
Win =     0.00 sec (  0.88 %)
Div =     0.01 sec (  3.51 %)
Aig =     0.01 sec (  2.68 %)
Gia =     0.00 sec (  0.00 %)
Cnf =     0.00 sec (  0.59 %)
Sat =     0.15 sec ( 54.49 %)
Int =     0.00 sec (  0.00 %)
ALL =     0.28 sec (100.00 %)
round 15

0%   10   20   30   40   50   60   70   80   90   100%
|----|----|----|----|----|----|----|----|----|----|
seed = 1567169982 patience = 0
***************************************************
best node n1289 best error 0.0162695
time = 406002917
c5315_15_0.0162695
area = 2254
delay = 30.8
write_blif appntk/c5315_15_0.0162695_2254_30.8.blif
sis -x -c "read_library data/genlib/mcnc.genlib;read_blif appntk/c5315_15_0.0162695_2254_30.8.blif;print_map_stats" | grep -e "Most Negative Slack" -e "Total Area"
"appntk/c5315_15_0.0162695_2254_30.8.blif", line 23: .and_gate_delay 1.9
Total Area		= 2254.00
Most Negative Slack	= -45.90
Nodes = 1260. Try = 1158. Resub = 0. Div = 51502. SAT calls = 4915. Timeouts = 0. MaxDivs = 8.
Attempts :   Remove      0 out of   2316 (  0.00 %)   Resub       0 out of    803 (  0.00 %)   
Reduction:   Nodes       0 out of   1260 (  0.00 %)   Edges       0 out of   2476 (  0.00 %)   
Win =     0.00 sec (  0.88 %)
Div =     0.01 sec (  3.44 %)
Aig =     0.01 sec (  2.61 %)
Gia =     0.00 sec (  0.00 %)
Cnf =     0.00 sec (  0.56 %)
Sat =     0.16 sec ( 55.44 %)
Int =     0.00 sec (  0.00 %)
ALL =     0.28 sec (100.00 %)
round 16

0%   10   20   30   40   50   60   70   80   90   100%
|----|----|----|----|----|----|----|----|----|----|
seed = 1567169999 patience = 0
***************************************************
best node n491 best error 0.0213672
time = 422926084
c5315_16_0.0213672
area = 2249
delay = 31.8
write_blif appntk/c5315_16_0.0213672_2249_31.8.blif
sis -x -c "read_library data/genlib/mcnc.genlib;read_blif appntk/c5315_16_0.0213672_2249_31.8.blif;print_map_stats" | grep -e "Most Negative Slack" -e "Total Area"
"appntk/c5315_16_0.0213672_2249_31.8.blif", line 23: .and_gate_delay 1.9
Total Area		= 2249.00
Most Negative Slack	= -50.90
Nodes = 1259. Try = 1157. Resub = 0. Div = 51660. SAT calls = 4807. Timeouts = 0. MaxDivs = 8.
Attempts :   Remove      0 out of   2314 (  0.00 %)   Resub       0 out of    803 (  0.00 %)   
Reduction:   Nodes       0 out of   1259 (  0.00 %)   Edges       0 out of   2474 (  0.00 %)   
Win =     0.00 sec (  0.88 %)
Div =     0.01 sec (  3.53 %)
Aig =     0.01 sec (  2.67 %)
Gia =     0.00 sec (  0.00 %)
Cnf =     0.00 sec (  0.58 %)
Sat =     0.15 sec ( 54.76 %)
Int =     0.00 sec (  0.00 %)
ALL =     0.28 sec (100.00 %)
round 17

0%   10   20   30   40   50   60   70   80   90   100%
|----|----|----|----|----|----|----|----|----|----|
seed = 1567170016 patience = 0
***************************************************
best node n403 best error 0.032793
time = 439764513
c5315_17_0.032793
area = 2240
delay = 31.1
write_blif appntk/c5315_17_0.032793_2240_31.1.blif
sis -x -c "read_library data/genlib/mcnc.genlib;read_blif appntk/c5315_17_0.032793_2240_31.1.blif;print_map_stats" | grep -e "Most Negative Slack" -e "Total Area"
"appntk/c5315_17_0.032793_2240_31.1.blif", line 23: .and_gate_delay 1.9
Total Area		= 2240.00
Most Negative Slack	= -47.80
Nodes = 1257. Try = 1155. Resub = 0. Div = 51333. SAT calls = 4912. Timeouts = 0. MaxDivs = 8.
Attempts :   Remove      0 out of   2310 (  0.00 %)   Resub       0 out of    802 (  0.00 %)   
Reduction:   Nodes       0 out of   1257 (  0.00 %)   Edges       0 out of   2470 (  0.00 %)   
Win =     0.00 sec (  0.88 %)
Div =     0.01 sec (  3.45 %)
Aig =     0.01 sec (  2.60 %)
Gia =     0.00 sec (  0.00 %)
Cnf =     0.00 sec (  0.57 %)
Sat =     0.16 sec ( 55.49 %)
Int =     0.00 sec (  0.00 %)
ALL =     0.28 sec (100.00 %)
round 18

0%   10   20   30   40   50   60   70   80   90   100%
|----|----|----|----|----|----|----|----|----|----|
seed = 1567170033 patience = 0
***************************************************
best node n460 best error 0.0395508
time = 458011267
c5315_18_0.0395508
area = 2225
delay = 30
write_blif appntk/c5315_18_0.0395508_2225_30.blif
sis -x -c "read_library data/genlib/mcnc.genlib;read_blif appntk/c5315_18_0.0395508_2225_30.blif;print_map_stats" | grep -e "Most Negative Slack" -e "Total Area"
"appntk/c5315_18_0.0395508_2225_30.blif", line 23: .and_gate_delay 1.9
Total Area		= 2225.00
Most Negative Slack	= -49.00
Nodes = 1256. Try = 1154. Resub = 0. Div = 51071. SAT calls = 4820. Timeouts = 0. MaxDivs = 8.
Attempts :   Remove      0 out of   2308 (  0.00 %)   Resub       0 out of    802 (  0.00 %)   
Reduction:   Nodes       0 out of   1256 (  0.00 %)   Edges       0 out of   2468 (  0.00 %)   
Win =     0.00 sec (  0.85 %)
Div =     0.01 sec (  3.49 %)
Aig =     0.01 sec (  2.62 %)
Gia =     0.00 sec (  0.00 %)
Cnf =     0.00 sec (  0.61 %)
Sat =     0.16 sec ( 55.36 %)
Int =     0.00 sec (  0.00 %)
ALL =     0.28 sec (100.00 %)
round 19

0%   10   20   30   40   50   60   70   80   90   100%
|----|----|----|----|----|----|----|----|----|----|
seed = 1567170051 patience = 0
***************************************************
best node n1411 best error 0.0432129
time = 481368696
c5315_19_0.0432129
area = 2245
delay = 29.3
write_blif appntk/c5315_19_0.0432129_2245_29.3.blif
sis -x -c "read_library data/genlib/mcnc.genlib;read_blif appntk/c5315_19_0.0432129_2245_29.3.blif;print_map_stats" | grep -e "Most Negative Slack" -e "Total Area"
"appntk/c5315_19_0.0432129_2245_29.3.blif", line 23: .and_gate_delay 1.9
Total Area		= 2245.00
Most Negative Slack	= -46.10
Nodes = 1254. Try = 1154. Resub = 1. Div = 50276. SAT calls = 4858. Timeouts = 0. MaxDivs = 8.
Attempts :   Remove      0 out of   2307 (  0.00 %)   Resub       1 out of    804 (  0.12 %)   
Reduction:   Nodes       1 out of   1254 (  0.08 %)   Edges       2 out of   2464 (  0.08 %)   
Win =     0.00 sec (  0.88 %)
Div =     0.01 sec (  3.44 %)
Aig =     0.01 sec (  2.58 %)
Gia =     0.00 sec (  0.00 %)
Cnf =     0.00 sec (  0.59 %)
Sat =     0.15 sec ( 55.15 %)
Int =     0.00 sec (  0.16 %)
ALL =     0.28 sec (100.00 %)
round 20

0%   10   20   30   40   50   60   70   80   90   100%
|----|----|----|----|----|----|----|----|----|----|
seed = 1567170074 patience = 0
***************************************************
best node n741 best error 0.0491699
time = 500404343
c5315_20_0.0491699
area = 2232
delay = 29.2
write_blif appntk/c5315_20_0.0491699_2232_29.2.blif
sis -x -c "read_library data/genlib/mcnc.genlib;read_blif appntk/c5315_20_0.0491699_2232_29.2.blif;print_map_stats" | grep -e "Most Negative Slack" -e "Total Area"
"appntk/c5315_20_0.0491699_2232_29.2.blif", line 23: .and_gate_delay 1.9
Total Area		= 2232.00
Most Negative Slack	= -47.60
Nodes = 1251. Try = 1175. Resub = 2. Div = 56189. SAT calls = 5088. Timeouts = 0. MaxDivs = 17.
Attempts :   Remove      0 out of   2348 (  0.00 %)   Resub       2 out of    833 (  0.24 %)   
Reduction:   Nodes       2 out of   1251 (  0.16 %)   Edges       4 out of   2458 (  0.16 %)   
Win =     0.00 sec (  0.93 %)
Div =     0.01 sec (  3.47 %)
Aig =     0.01 sec (  2.69 %)
Gia =     0.00 sec (  0.00 %)
Cnf =     0.00 sec (  0.56 %)
Sat =     0.17 sec ( 56.73 %)
Int =     0.00 sec (  0.46 %)
ALL =     0.31 sec (100.00 %)
round 21

0%   10   20   30   40   50   60   70   80   90   100%
|----|----|----|----|----|----|----|----|----|----|
seed = 1567170093 patience = 0
***************************************************
best node n666 best error 0.0559082
time = 517119249
