Entered genlib library with 23 gates from file "data/genlib/mcnc.genlib".
Warning: The network was strashed and balanced before mapping.
Original area = 4288, original delay = 94.6
round 0

0%   10   20   30   40   50   60   70   80   90   100%
|----|----|----|----|----|----|----|----|----|----|
seed = 1567169587 patience = 0
***************************************************
best node G1581gat best error 0
time = 63405018
c6288_0_0
area = 4402
delay = 94.6
write_blif appntk/c6288_0_0_4402_94.6.blif
sis -x -c "read_library data/genlib/mcnc.genlib;read_blif appntk/c6288_0_0_4402_94.6.blif;print_map_stats" | grep -e "Most Negative Slack" -e "Total Area"
"appntk/c6288_0_0_4402_94.6.blif", line 13: .and_gate_delay 1.9
Total Area		= 4402.00
Most Negative Slack	= -149.80
Nodes = 1870. Try = 754. Resub = 0. Div = 32723. SAT calls = 2062. Timeouts = 0. MaxDivs = 0.
Attempts :   Remove      0 out of   1508 (  0.00 %)   Resub       0 out of    152 (  0.00 %)   
Reduction:   Nodes       0 out of   1870 (  0.00 %)   Edges       0 out of   3740 (  0.00 %)   
Win =     0.00 sec (  1.04 %)
Div =     0.01 sec (  3.15 %)
Aig =     0.01 sec (  3.07 %)
Gia =     0.00 sec (  0.00 %)
Cnf =     0.00 sec (  0.63 %)
Sat =     0.11 sec ( 46.38 %)
Int =     0.00 sec (  0.00 %)
ALL =     0.23 sec (100.00 %)
round 1

0%   10   20   30   40   50   60   70   80   90   100%
|----|----|----|----|----|----|----|----|----|----|
seed = 1567169654 patience = 0
***************************************************
best node n672 best error 0.0304297
time = 103919597
c6288_1_0.0304297
area = 4424
delay = 94.5
write_blif appntk/c6288_1_0.0304297_4424_94.5.blif
sis -x -c "read_library data/genlib/mcnc.genlib;read_blif appntk/c6288_1_0.0304297_4424_94.5.blif;print_map_stats" | grep -e "Most Negative Slack" -e "Total Area"
"appntk/c6288_1_0.0304297_4424_94.5.blif", line 13: .and_gate_delay 1.9
Total Area		= 4424.00
Most Negative Slack	= -153.60
Nodes = 1868. Try = 754. Resub = 0. Div = 32718. SAT calls = 2063. Timeouts = 0. MaxDivs = 0.
Attempts :   Remove      0 out of   1508 (  0.00 %)   Resub       0 out of    155 (  0.00 %)   
Reduction:   Nodes       0 out of   1868 (  0.00 %)   Edges       0 out of   3736 (  0.00 %)   
Win =     0.00 sec (  1.08 %)
Div =     0.01 sec (  3.11 %)
Aig =     0.01 sec (  3.00 %)
Gia =     0.00 sec (  0.00 %)
Cnf =     0.00 sec (  0.60 %)
Sat =     0.11 sec ( 45.56 %)
Int =     0.00 sec (  0.00 %)
ALL =     0.24 sec (100.00 %)
round 2

0%   10   20   30   40   50   60   70   80   90   100%
|----|----|----|----|----|----|----|----|----|----|
seed = 1567169695 patience = 0
***************************************************
best node n494 best error 0.0537891
time = 144783452
