Entered genlib library with 23 gates from file "data/genlib/mcnc.genlib".
Warning: The network was strashed and balanced before mapping.
Original area = 1073, original delay = 29.8
round 0

0%   10   20   30   40   50   60   70   80   90   100%
|----|----|----|----|----|----|----|----|----|----|
seed = 1567169587 patience = 0
***************************************************
best node n523 best error 0
time = 4084632
mtp8_0_0
Warning: delay exceeds required one
area = 1060
delay = 29.8
write_blif appntk/mtp8_0_0_1060_29.8.blif
sis -x -c "read_library data/genlib/mcnc.genlib;read_blif appntk/mtp8_0_0_1060_29.8.blif;print_map_stats" | grep -e "Most Negative Slack" -e "Total Area"
"appntk/mtp8_0_0_1060_29.8.blif", line 9: .and_gate_delay 1.9
Total Area		= 1060.00
Most Negative Slack	= -52.00
Nodes = 516. Try = 484. Resub = 2. Div = 44080. SAT calls = 1562. Timeouts = 0. MaxDivs = 53.
Attempts :   Remove      0 out of    966 (  0.00 %)   Resub       2 out of    209 (  0.96 %)   
Reduction:   Nodes       2 out of    516 (  0.39 %)   Edges       4 out of   1032 (  0.39 %)   
Win =     0.00 sec (  0.85 %)
Div =     0.01 sec (  3.32 %)
Aig =     0.01 sec (  2.85 %)
Gia =     0.00 sec (  0.00 %)
Cnf =     0.00 sec (  0.49 %)
Sat =     0.21 sec ( 66.86 %)
Int =     0.00 sec (  0.32 %)
ALL =     0.31 sec (100.00 %)
round 1

0%   10   20   30   40   50   60   70   80   90   100%
|----|----|----|----|----|----|----|----|----|----|
seed = 1567169593 patience = 0
***************************************************
best node n195 best error 0.0118945
time = 9281232
mtp8_1_0.0118945
Warning: delay exceeds required one
area = 1051
delay = 29.8
write_blif appntk/mtp8_1_0.0118945_1051_29.8.blif
sis -x -c "read_library data/genlib/mcnc.genlib;read_blif appntk/mtp8_1_0.0118945_1051_29.8.blif;print_map_stats" | grep -e "Most Negative Slack" -e "Total Area"
"appntk/mtp8_1_0.0118945_1051_29.8.blif", line 9: .and_gate_delay 1.9
Total Area		= 1051.00
Most Negative Slack	= -52.30
Nodes = 507. Try = 475. Resub = 2. Div = 43393. SAT calls = 1528. Timeouts = 0. MaxDivs = 53.
Attempts :   Remove      0 out of    948 (  0.00 %)   Resub       2 out of    207 (  0.97 %)   
Reduction:   Nodes       2 out of    507 (  0.39 %)   Edges       4 out of   1014 (  0.39 %)   
Win =     0.00 sec (  0.79 %)
Div =     0.01 sec (  3.23 %)
Aig =     0.01 sec (  2.71 %)
Gia =     0.00 sec (  0.00 %)
Cnf =     0.00 sec (  0.48 %)
Sat =     0.21 sec ( 66.26 %)
Int =     0.00 sec (  0.39 %)
ALL =     0.31 sec (100.00 %)
round 2

0%   10   20   30   40   50   60   70   80   90   100%
|----|----|----|----|----|----|----|----|----|----|
seed = 1567169600 patience = 0
***************************************************
best node n453 best error 0.0414453
time = 14269252
mtp8_2_0.0414453
area = 1037
delay = 29.7
write_blif appntk/mtp8_2_0.0414453_1037_29.7.blif
sis -x -c "read_library data/genlib/mcnc.genlib;read_blif appntk/mtp8_2_0.0414453_1037_29.7.blif;print_map_stats" | grep -e "Most Negative Slack" -e "Total Area"
"appntk/mtp8_2_0.0414453_1037_29.7.blif", line 9: .and_gate_delay 1.9
Total Area		= 1037.00
Most Negative Slack	= -53.00
Nodes = 504. Try = 470. Resub = 0. Div = 43238. SAT calls = 1561. Timeouts = 0. MaxDivs = 53.
Attempts :   Remove      0 out of    940 (  0.00 %)   Resub       0 out of    207 (  0.00 %)   
Reduction:   Nodes       0 out of    504 (  0.00 %)   Edges       0 out of   1008 (  0.00 %)   
Win =     0.00 sec (  0.80 %)
Div =     0.01 sec (  3.29 %)
Aig =     0.01 sec (  2.66 %)
Gia =     0.00 sec (  0.00 %)
Cnf =     0.00 sec (  0.46 %)
Sat =     0.20 sec ( 67.03 %)
Int =     0.00 sec (  0.00 %)
ALL =     0.29 sec (100.00 %)
round 3

0%   10   20   30   40   50   60   70   80   90   100%
|----|----|----|----|----|----|----|----|----|----|
seed = 1567169605 patience = 0
***************************************************
best node n202 best error 0.0414453
time = 19138116
mtp8_3_0.0414453
area = 1031
delay = 29.3
write_blif appntk/mtp8_3_0.0414453_1031_29.3.blif
sis -x -c "read_library data/genlib/mcnc.genlib;read_blif appntk/mtp8_3_0.0414453_1031_29.3.blif;print_map_stats" | grep -e "Most Negative Slack" -e "Total Area"
"appntk/mtp8_3_0.0414453_1031_29.3.blif", line 9: .and_gate_delay 1.9
Total Area		= 1031.00
Most Negative Slack	= -51.90
Nodes = 501. Try = 467. Resub = 0. Div = 42820. SAT calls = 1518. Timeouts = 0. MaxDivs = 53.
Attempts :   Remove      0 out of    934 (  0.00 %)   Resub       0 out of    204 (  0.00 %)   
Reduction:   Nodes       0 out of    501 (  0.00 %)   Edges       0 out of   1002 (  0.00 %)   
Win =     0.00 sec (  0.76 %)
Div =     0.01 sec (  3.21 %)
Aig =     0.01 sec (  2.63 %)
Gia =     0.00 sec (  0.00 %)
Cnf =     0.00 sec (  0.45 %)
Sat =     0.20 sec ( 67.51 %)
Int =     0.00 sec (  0.00 %)
ALL =     0.30 sec (100.00 %)
round 4

0%   10   20   30   40   50   60   70   80   90   100%
|----|----|----|----|----|----|----|----|----|----|
seed = 1567169610 patience = 0
***************************************************
best node n157 best error 0.0523926
time = 23998605
