Entered genlib library with 23 gates from file "data/genlib/mcnc.genlib".
Warning: The network was strashed and balanced before mapping.
Original area = 604, original delay = 16.1
round 0

0%   10   20   30   40   50   60   70   80   90   100%
|----|----|----|----|----|----|----|----|----|----|
seed = 1567169587 patience = 0
***************************************************
best node n332 best error 0.000117187
time = 2024830
rca32_0_0.000117187
Warning: delay exceeds required one
area = 620
delay = 16.1
write_blif appntk/rca32_0_0.000117187_620_16.1.blif
sis -x -c "read_library data/genlib/mcnc.genlib;read_blif appntk/rca32_0_0.000117187_620_16.1.blif;print_map_stats" | grep -e "Most Negative Slack" -e "Total Area"
"appntk/rca32_0_0.000117187_620_16.1.blif", line 13: .and_gate_delay 1.9
Total Area		= 620.00
Most Negative Slack	= -27.00
Nodes = 310. Try = 310. Resub = 0. Div = 23848. SAT calls = 1140. Timeouts = 0. MaxDivs = 7.
Attempts :   Remove      0 out of    620 (  0.00 %)   Resub       0 out of    136 (  0.00 %)   
Reduction:   Nodes       0 out of    310 (  0.00 %)   Edges       0 out of    620 (  0.00 %)   
Win =     0.00 sec (  0.92 %)
Div =     0.00 sec (  3.32 %)
Aig =     0.00 sec (  3.12 %)
Gia =     0.00 sec (  0.00 %)
Cnf =     0.00 sec (  0.60 %)
Sat =     0.07 sec ( 52.52 %)
Int =     0.00 sec (  0.00 %)
ALL =     0.13 sec (100.00 %)
round 1

0%   10   20   30   40   50   60   70   80   90   100%
|----|----|----|----|----|----|----|----|----|----|
seed = 1567169590 patience = 0
***************************************************
best node n243 best error 0.00210938
time = 5477931
rca32_1_0.00210938
Warning: delay exceeds required one
area = 606
delay = 16.1
write_blif appntk/rca32_1_0.00210938_606_16.1.blif
sis -x -c "read_library data/genlib/mcnc.genlib;read_blif appntk/rca32_1_0.00210938_606_16.1.blif;print_map_stats" | grep -e "Most Negative Slack" -e "Total Area"
"appntk/rca32_1_0.00210938_606_16.1.blif", line 13: .and_gate_delay 1.9
Total Area		= 606.00
Most Negative Slack	= -25.40
Nodes = 305. Try = 305. Resub = 0. Div = 16745. SAT calls = 1094. Timeouts = 0. MaxDivs = 0.
Attempts :   Remove      0 out of    610 (  0.00 %)   Resub       0 out of    132 (  0.00 %)   
Reduction:   Nodes       0 out of    305 (  0.00 %)   Edges       0 out of    610 (  0.00 %)   
Win =     0.00 sec (  0.87 %)
Div =     0.00 sec (  2.97 %)
Aig =     0.00 sec (  2.76 %)
Gia =     0.00 sec (  0.00 %)
Cnf =     0.00 sec (  0.57 %)
Sat =     0.05 sec ( 48.41 %)
Int =     0.00 sec (  0.00 %)
ALL =     0.10 sec (100.00 %)
round 2

0%   10   20   30   40   50   60   70   80   90   100%
|----|----|----|----|----|----|----|----|----|----|
seed = 1567169594 patience = 0
***************************************************
best node n367 best error 0.00391602
time = 8267414
rca32_2_0.00391602
area = 608
delay = 16.1
write_blif appntk/rca32_2_0.00391602_608_16.1.blif
sis -x -c "read_library data/genlib/mcnc.genlib;read_blif appntk/rca32_2_0.00391602_608_16.1.blif;print_map_stats" | grep -e "Most Negative Slack" -e "Total Area"
"appntk/rca32_2_0.00391602_608_16.1.blif", line 13: .and_gate_delay 1.9
Total Area		= 608.00
Most Negative Slack	= -26.00
Nodes = 303. Try = 303. Resub = 0. Div = 15946. SAT calls = 1089. Timeouts = 0. MaxDivs = 0.
Attempts :   Remove      0 out of    606 (  0.00 %)   Resub       0 out of    132 (  0.00 %)   
Reduction:   Nodes       0 out of    303 (  0.00 %)   Edges       0 out of    606 (  0.00 %)   
Win =     0.00 sec (  0.80 %)
Div =     0.00 sec (  2.85 %)
Aig =     0.00 sec (  2.70 %)
Gia =     0.00 sec (  0.00 %)
Cnf =     0.00 sec (  0.55 %)
Sat =     0.05 sec ( 47.81 %)
Int =     0.00 sec (  0.00 %)
ALL =     0.10 sec (100.00 %)
round 3

0%   10   20   30   40   50   60   70   80   90   100%
|----|----|----|----|----|----|----|----|----|----|
seed = 1567169597 patience = 0
***************************************************
best node n164 best error 0.0190039
time = 10627870
rca32_3_0.0190039
area = 606
delay = 16.1
write_blif appntk/rca32_3_0.0190039_606_16.1.blif
sis -x -c "read_library data/genlib/mcnc.genlib;read_blif appntk/rca32_3_0.0190039_606_16.1.blif;print_map_stats" | grep -e "Most Negative Slack" -e "Total Area"
"appntk/rca32_3_0.0190039_606_16.1.blif", line 13: .and_gate_delay 1.9
Total Area		= 606.00
Most Negative Slack	= -26.00
Nodes = 302. Try = 302. Resub = 0. Div = 15872. SAT calls = 1068. Timeouts = 0. MaxDivs = 0.
Attempts :   Remove      0 out of    604 (  0.00 %)   Resub       0 out of    131 (  0.00 %)   
Reduction:   Nodes       0 out of    302 (  0.00 %)   Edges       0 out of    604 (  0.00 %)   
Win =     0.00 sec (  0.89 %)
Div =     0.00 sec (  2.89 %)
Aig =     0.00 sec (  2.79 %)
Gia =     0.00 sec (  0.00 %)
Cnf =     0.00 sec (  0.58 %)
Sat =     0.05 sec ( 47.72 %)
Int =     0.00 sec (  0.00 %)
ALL =     0.10 sec (100.00 %)
round 4

0%   10   20   30   40   50   60   70   80   90   100%
|----|----|----|----|----|----|----|----|----|----|
seed = 1567169599 patience = 0
***************************************************
best node n247 best error 0.0479395
time = 13348507
rca32_4_0.0479395
area = 581
delay = 16
write_blif appntk/rca32_4_0.0479395_581_16.blif
sis -x -c "read_library data/genlib/mcnc.genlib;read_blif appntk/rca32_4_0.0479395_581_16.blif;print_map_stats" | grep -e "Most Negative Slack" -e "Total Area"
"appntk/rca32_4_0.0479395_581_16.blif", line 13: .and_gate_delay 1.9
Total Area		= 581.00
Most Negative Slack	= -25.90
Nodes = 297. Try = 298. Resub = 1. Div = 13827. SAT calls = 1042. Timeouts = 0. MaxDivs = 0.
Attempts :   Remove      0 out of    595 (  0.00 %)   Resub       1 out of    129 (  0.78 %)   
Reduction:   Nodes       1 out of    297 (  0.34 %)   Edges       2 out of    594 (  0.34 %)   
Win =     0.00 sec (  0.81 %)
Div =     0.00 sec (  2.62 %)
Aig =     0.00 sec (  2.80 %)
Gia =     0.00 sec (  0.00 %)
Cnf =     0.00 sec (  0.59 %)
Sat =     0.04 sec ( 46.39 %)
Int =     0.00 sec (  0.55 %)
ALL =     0.09 sec (100.00 %)
round 5

0%   10   20   30   40   50   60   70   80   90   100%
|----|----|----|----|----|----|----|----|----|----|
seed = 1567169602 patience = 0
***************************************************
best node n362 best error 0.0818652
time = 15523872
