Entered genlib library with 23 gates from file "data/genlib/mcnc.genlib".
Warning: The network was strashed and balanced before mapping.
Original area = 1028, original delay = 37.7
round 0

0%   10   20   30   40   50   60   70   80   90   100%
|----|----|----|----|----|----|----|----|----|----|
seed = 1567169587 patience = 0
***************************************************
best node n529 best error 0
time = 5038236
wal8_0_0
area = 975
delay = 36
write_blif appntk/wal8_0_0_975_36.blif
sis -x -c "read_library data/genlib/mcnc.genlib;read_blif appntk/wal8_0_0_975_36.blif;print_map_stats" | grep -e "Most Negative Slack" -e "Total Area"
"appntk/wal8_0_0_975_36.blif", line 11: .and_gate_delay 1.9
Total Area		= 975.00
Most Negative Slack	= -54.20
Nodes = 462. Try = 434. Resub = 5. Div = 39879. SAT calls = 1380. Timeouts = 0. MaxDivs = 47.
Attempts :   Remove      3 out of    863 (  0.35 %)   Resub       2 out of    119 (  1.68 %)   
Reduction:   Nodes       4 out of    462 (  0.87 %)   Edges       9 out of    924 (  0.97 %)   
Win =     0.00 sec (  0.64 %)
Div =     0.01 sec (  2.69 %)
Aig =     0.01 sec (  2.29 %)
Gia =     0.00 sec (  0.00 %)
Cnf =     0.00 sec (  0.41 %)
Sat =     0.22 sec ( 68.99 %)
Int =     0.00 sec (  0.96 %)
ALL =     0.32 sec (100.00 %)
round 1

0%   10   20   30   40   50   60   70   80   90   100%
|----|----|----|----|----|----|----|----|----|----|
seed = 1567169595 patience = 0
***************************************************
best node n244 best error 0.00266602
time = 10373023
wal8_1_0.00266602
area = 969
delay = 35.4
write_blif appntk/wal8_1_0.00266602_969_35.4.blif
sis -x -c "read_library data/genlib/mcnc.genlib;read_blif appntk/wal8_1_0.00266602_969_35.4.blif;print_map_stats" | grep -e "Most Negative Slack" -e "Total Area"
"appntk/wal8_1_0.00266602_969_35.4.blif", line 11: .and_gate_delay 1.9
Total Area		= 969.00
Most Negative Slack	= -55.70
Nodes = 455. Try = 425. Resub = 0. Div = 38218. SAT calls = 1367. Timeouts = 0. MaxDivs = 46.
Attempts :   Remove      0 out of    850 (  0.00 %)   Resub       0 out of    116 (  0.00 %)   
Reduction:   Nodes       0 out of    455 (  0.00 %)   Edges       0 out of    910 (  0.00 %)   
Win =     0.00 sec (  0.58 %)
Div =     0.01 sec (  2.64 %)
Aig =     0.01 sec (  2.30 %)
Gia =     0.00 sec (  0.00 %)
Cnf =     0.00 sec (  0.41 %)
Sat =     0.22 sec ( 70.03 %)
Int =     0.00 sec (  0.00 %)
ALL =     0.31 sec (100.00 %)
round 2

0%   10   20   30   40   50   60   70   80   90   100%
|----|----|----|----|----|----|----|----|----|----|
seed = 1567169602 patience = 0
***************************************************
best node n183 best error 0.0053125
time = 15441116
wal8_2_0.0053125
area = 961
delay = 34
write_blif appntk/wal8_2_0.0053125_961_34.blif
sis -x -c "read_library data/genlib/mcnc.genlib;read_blif appntk/wal8_2_0.0053125_961_34.blif;print_map_stats" | grep -e "Most Negative Slack" -e "Total Area"
"appntk/wal8_2_0.0053125_961_34.blif", line 11: .and_gate_delay 1.9
Total Area		= 961.00
Most Negative Slack	= -53.40
Nodes = 452. Try = 423. Resub = 2. Div = 37717. SAT calls = 1334. Timeouts = 0. MaxDivs = 45.
Attempts :   Remove      0 out of    844 (  0.00 %)   Resub       2 out of    114 (  1.75 %)   
Reduction:   Nodes       2 out of    452 (  0.44 %)   Edges       4 out of    904 (  0.44 %)   
Win =     0.00 sec (  0.70 %)
Div =     0.01 sec (  2.73 %)
Aig =     0.01 sec (  2.32 %)
Gia =     0.00 sec (  0.00 %)
Cnf =     0.00 sec (  0.42 %)
Sat =     0.21 sec ( 69.46 %)
Int =     0.00 sec (  0.61 %)
ALL =     0.31 sec (100.00 %)
round 3

0%   10   20   30   40   50   60   70   80   90   100%
|----|----|----|----|----|----|----|----|----|----|
seed = 1567169609 patience = 0
***************************************************
best node n287 best error 0.0053125
time = 20346252
wal8_3_0.0053125
area = 949
delay = 32.9
write_blif appntk/wal8_3_0.0053125_949_32.9.blif
sis -x -c "read_library data/genlib/mcnc.genlib;read_blif appntk/wal8_3_0.0053125_949_32.9.blif;print_map_stats" | grep -e "Most Negative Slack" -e "Total Area"
"appntk/wal8_3_0.0053125_949_32.9.blif", line 11: .and_gate_delay 1.9
Total Area		= 949.00
Most Negative Slack	= -55.00
Nodes = 449. Try = 418. Resub = 0. Div = 36403. SAT calls = 1309. Timeouts = 0. MaxDivs = 42.
Attempts :   Remove      0 out of    836 (  0.00 %)   Resub       0 out of    113 (  0.00 %)   
Reduction:   Nodes       0 out of    449 (  0.00 %)   Edges       0 out of    898 (  0.00 %)   
Win =     0.00 sec (  0.62 %)
Div =     0.01 sec (  2.75 %)
Aig =     0.01 sec (  2.34 %)
Gia =     0.00 sec (  0.00 %)
Cnf =     0.00 sec (  0.43 %)
Sat =     0.19 sec ( 68.06 %)
Int =     0.00 sec (  0.00 %)
ALL =     0.28 sec (100.00 %)
round 4

0%   10   20   30   40   50   60   70   80   90   100%
|----|----|----|----|----|----|----|----|----|----|
seed = 1567169613 patience = 0
***************************************************
best node n329 best error 0.0157422
time = 25167326
wal8_4_0.0157422
area = 954
delay = 34.1
write_blif appntk/wal8_4_0.0157422_954_34.1.blif
sis -x -c "read_library data/genlib/mcnc.genlib;read_blif appntk/wal8_4_0.0157422_954_34.1.blif;print_map_stats" | grep -e "Most Negative Slack" -e "Total Area"
"appntk/wal8_4_0.0157422_954_34.1.blif", line 11: .and_gate_delay 1.9
Total Area		= 954.00
Most Negative Slack	= -55.80
Nodes = 447. Try = 416. Resub = 0. Div = 35789. SAT calls = 1282. Timeouts = 0. MaxDivs = 40.
Attempts :   Remove      0 out of    832 (  0.00 %)   Resub       0 out of    113 (  0.00 %)   
Reduction:   Nodes       0 out of    447 (  0.00 %)   Edges       0 out of    894 (  0.00 %)   
Win =     0.00 sec (  0.59 %)
Div =     0.01 sec (  2.65 %)
Aig =     0.01 sec (  2.29 %)
Gia =     0.00 sec (  0.00 %)
Cnf =     0.00 sec (  0.42 %)
Sat =     0.19 sec ( 68.31 %)
Int =     0.00 sec (  0.00 %)
ALL =     0.28 sec (100.00 %)
round 5

0%   10   20   30   40   50   60   70   80   90   100%
|----|----|----|----|----|----|----|----|----|----|
seed = 1567169618 patience = 0
***************************************************
best node n97 best error 0.0225977
time = 29706102
wal8_5_0.0225977
area = 952
delay = 34.7
write_blif appntk/wal8_5_0.0225977_952_34.7.blif
sis -x -c "read_library data/genlib/mcnc.genlib;read_blif appntk/wal8_5_0.0225977_952_34.7.blif;print_map_stats" | grep -e "Most Negative Slack" -e "Total Area"
"appntk/wal8_5_0.0225977_952_34.7.blif", line 11: .and_gate_delay 1.9
Total Area		= 952.00
Most Negative Slack	= -55.80
Nodes = 446. Try = 415. Resub = 0. Div = 35698. SAT calls = 1289. Timeouts = 0. MaxDivs = 40.
Attempts :   Remove      0 out of    830 (  0.00 %)   Resub       0 out of    113 (  0.00 %)   
Reduction:   Nodes       0 out of    446 (  0.00 %)   Edges       0 out of    892 (  0.00 %)   
Win =     0.00 sec (  0.60 %)
Div =     0.01 sec (  2.80 %)
Aig =     0.01 sec (  2.37 %)
Gia =     0.00 sec (  0.00 %)
Cnf =     0.00 sec (  0.43 %)
Sat =     0.18 sec ( 66.87 %)
Int =     0.00 sec (  0.00 %)
ALL =     0.27 sec (100.00 %)
round 6

0%   10   20   30   40   50   60   70   80   90   100%
|----|----|----|----|----|----|----|----|----|----|
seed = 1567169623 patience = 0
***************************************************
best node n95 best error 0.0301074
time = 34207326
wal8_6_0.0301074
area = 953
delay = 34.4
write_blif appntk/wal8_6_0.0301074_953_34.4.blif
sis -x -c "read_library data/genlib/mcnc.genlib;read_blif appntk/wal8_6_0.0301074_953_34.4.blif;print_map_stats" | grep -e "Most Negative Slack" -e "Total Area"
"appntk/wal8_6_0.0301074_953_34.4.blif", line 11: .and_gate_delay 1.9
Total Area		= 953.00
Most Negative Slack	= -54.70
Nodes = 445. Try = 414. Resub = 0. Div = 35593. SAT calls = 1270. Timeouts = 0. MaxDivs = 40.
Attempts :   Remove      0 out of    828 (  0.00 %)   Resub       0 out of    112 (  0.00 %)   
Reduction:   Nodes       0 out of    445 (  0.00 %)   Edges       0 out of    890 (  0.00 %)   
Win =     0.00 sec (  0.59 %)
Div =     0.01 sec (  2.69 %)
Aig =     0.01 sec (  2.32 %)
Gia =     0.00 sec (  0.00 %)
Cnf =     0.00 sec (  0.42 %)
Sat =     0.19 sec ( 68.41 %)
Int =     0.00 sec (  0.00 %)
ALL =     0.28 sec (100.00 %)
round 7

0%   10   20   30   40   50   60   70   80   90   100%
|----|----|----|----|----|----|----|----|----|----|
seed = 1567169627 patience = 0
***************************************************
best node n68 best error 0.0301074
time = 38980477
wal8_7_0.0301074
area = 940
delay = 34.1
write_blif appntk/wal8_7_0.0301074_940_34.1.blif
sis -x -c "read_library data/genlib/mcnc.genlib;read_blif appntk/wal8_7_0.0301074_940_34.1.blif;print_map_stats" | grep -e "Most Negative Slack" -e "Total Area"
"appntk/wal8_7_0.0301074_940_34.1.blif", line 11: .and_gate_delay 1.9
Total Area		= 940.00
Most Negative Slack	= -55.80
Nodes = 441. Try = 410. Resub = 0. Div = 35233. SAT calls = 1295. Timeouts = 0. MaxDivs = 40.
Attempts :   Remove      0 out of    820 (  0.00 %)   Resub       0 out of    112 (  0.00 %)   
Reduction:   Nodes       0 out of    441 (  0.00 %)   Edges       0 out of    882 (  0.00 %)   
Win =     0.00 sec (  0.59 %)
Div =     0.01 sec (  2.74 %)
Aig =     0.01 sec (  2.33 %)
Gia =     0.00 sec (  0.00 %)
Cnf =     0.00 sec (  0.43 %)
Sat =     0.18 sec ( 67.23 %)
Int =     0.00 sec (  0.00 %)
ALL =     0.27 sec (100.00 %)
round 8

0%   10   20   30   40   50   60   70   80   90   100%
|----|----|----|----|----|----|----|----|----|----|
seed = 1567169632 patience = 0
***************************************************
best node n123 best error 0.057959
time = 43202627
