Entered genlib library with 23 gates from file "data/genlib/mcnc.genlib".
Line 12: Skipping line ".default_input_arrival 0.00 0.00 ".
Line 13: Skipping line ".default_output_required 0.00 0.00 ".
Line 14: Skipping line ".default_input_drive 0.10 0.10 ".
Line 15: Skipping line ".default_output_load 2.00 ".
Line 16: Skipping line ".default_max_input_load 999.00 ".
Original area = 585, original delay = 24.9
round 0

0%   10   20   30   40   50   60   70   80   90   100%
|----|----|----|----|----|----|----|----|----|----|
seed = 1567227551 patience = 0
***************************************************
best node G389gat best error 0
time = 6634718
c880_0_0
area = 599
delay = 24
write_blif appntk/c880_0_0_599_24.blif
sis -x -c "read_library data/genlib/mcnc.genlib;read_blif appntk/c880_0_0_599_24.blif;print_map_stats" | grep -e "Most Negative Slack" -e "Total Area"
"appntk/c880_0_0_599_24.blif", line 14: .and_gate_delay 1.9
Total Area		= 599.00
Most Negative Slack	= -35.50
Nodes = 317. Try = 315. Resub = 0. Div = 13554. SAT calls = 1214. Timeouts = 0. MaxDivs = 0.
Attempts :   Remove      0 out of    630 (  0.00 %)   Resub       0 out of    210 (  0.00 %)   
Reduction:   Nodes       0 out of    317 (  0.00 %)   Edges       0 out of    634 (  0.00 %)   
Win =     0.00 sec (  0.84 %)
Div =     0.00 sec (  2.50 %)
Aig =     0.00 sec (  2.40 %)
Gia =     0.00 sec (  0.00 %)
Cnf =     0.00 sec (  0.52 %)
Sat =     0.05 sec ( 45.74 %)
Int =     0.00 sec (  0.00 %)
ALL =     0.11 sec (100.00 %)
round 1

0%   10   20   30   40   50   60   70   80   90   100%
|----|----|----|----|----|----|----|----|----|----|
seed = 1567227558 patience = 0
***************************************************
best node n367 best error 7.8125e-05
time = 13413806
c880_1_7.8125e-05
area = 593
delay = 23.6
write_blif appntk/c880_1_7.8125e-05_593_23.6.blif
sis -x -c "read_library data/genlib/mcnc.genlib;read_blif appntk/c880_1_7.8125e-05_593_23.6.blif;print_map_stats" | grep -e "Most Negative Slack" -e "Total Area"
"appntk/c880_1_7.8125e-05_593_23.6.blif", line 14: .and_gate_delay 1.9
Total Area		= 593.00
Most Negative Slack	= -36.00
Nodes = 315. Try = 313. Resub = 0. Div = 13480. SAT calls = 1193. Timeouts = 0. MaxDivs = 0.
Attempts :   Remove      0 out of    626 (  0.00 %)   Resub       0 out of    208 (  0.00 %)   
Reduction:   Nodes       0 out of    315 (  0.00 %)   Edges       0 out of    630 (  0.00 %)   
Win =     0.00 sec (  0.98 %)
Div =     0.00 sec (  2.97 %)
Aig =     0.00 sec (  2.65 %)
Gia =     0.00 sec (  0.00 %)
Cnf =     0.00 sec (  0.59 %)
Sat =     0.04 sec ( 53.03 %)
Int =     0.00 sec (  0.00 %)
ALL =     0.07 sec (100.00 %)
round 2

0%   10   20   30   40   50   60   70   80   90   100%
|----|----|----|----|----|----|----|----|----|----|
seed = 1567227565 patience = 0
***************************************************
best node n398 best error 0.000166016
time = 20385910
c880_2_0.000166016
area = 597
delay = 24
write_blif appntk/c880_2_0.000166016_597_24.blif
sis -x -c "read_library data/genlib/mcnc.genlib;read_blif appntk/c880_2_0.000166016_597_24.blif;print_map_stats" | grep -e "Most Negative Slack" -e "Total Area"
"appntk/c880_2_0.000166016_597_24.blif", line 14: .and_gate_delay 1.9
Total Area		= 597.00
Most Negative Slack	= -35.70
Nodes = 313. Try = 311. Resub = 0. Div = 13375. SAT calls = 1200. Timeouts = 0. MaxDivs = 0.
Attempts :   Remove      0 out of    622 (  0.00 %)   Resub       0 out of    206 (  0.00 %)   
Reduction:   Nodes       0 out of    313 (  0.00 %)   Edges       0 out of    626 (  0.00 %)   
Win =     0.00 sec (  0.83 %)
Div =     0.00 sec (  2.52 %)
Aig =     0.00 sec (  2.39 %)
Gia =     0.00 sec (  0.00 %)
Cnf =     0.00 sec (  0.48 %)
Sat =     0.05 sec ( 45.86 %)
Int =     0.00 sec (  0.00 %)
ALL =     0.11 sec (100.00 %)
round 3

0%   10   20   30   40   50   60   70   80   90   100%
|----|----|----|----|----|----|----|----|----|----|
seed = 1567227572 patience = 0
***************************************************
best node n214 best error 0.000244141
time = 26111296
c880_3_0.000244141
area = 585
delay = 23.6
write_blif appntk/c880_3_0.000244141_585_23.6.blif
sis -x -c "read_library data/genlib/mcnc.genlib;read_blif appntk/c880_3_0.000244141_585_23.6.blif;print_map_stats" | grep -e "Most Negative Slack" -e "Total Area"
"appntk/c880_3_0.000244141_585_23.6.blif", line 14: .and_gate_delay 1.9
Total Area		= 585.00
Most Negative Slack	= -36.00
Nodes = 311. Try = 309. Resub = 0. Div = 13275. SAT calls = 1184. Timeouts = 0. MaxDivs = 0.
Attempts :   Remove      0 out of    618 (  0.00 %)   Resub       0 out of    204 (  0.00 %)   
Reduction:   Nodes       0 out of    311 (  0.00 %)   Edges       0 out of    622 (  0.00 %)   
Win =     0.00 sec (  0.85 %)
Div =     0.00 sec (  2.54 %)
Aig =     0.00 sec (  2.43 %)
Gia =     0.00 sec (  0.00 %)
Cnf =     0.00 sec (  0.50 %)
Sat =     0.05 sec ( 45.88 %)
Int =     0.00 sec (  0.00 %)
ALL =     0.10 sec (100.00 %)
round 4

0%   10   20   30   40   50   60   70   80   90   100%
|----|----|----|----|----|----|----|----|----|----|
seed = 1567227578 patience = 0
***************************************************
best node n270 best error 0.000302734
time = 30424499
c880_4_0.000302734
area = 586
delay = 24
write_blif appntk/c880_4_0.000302734_586_24.blif
sis -x -c "read_library data/genlib/mcnc.genlib;read_blif appntk/c880_4_0.000302734_586_24.blif;print_map_stats" | grep -e "Most Negative Slack" -e "Total Area"
"appntk/c880_4_0.000302734_586_24.blif", line 14: .and_gate_delay 1.9
Total Area		= 586.00
Most Negative Slack	= -35.70
Nodes = 309. Try = 307. Resub = 0. Div = 13176. SAT calls = 1182. Timeouts = 0. MaxDivs = 0.
Attempts :   Remove      0 out of    614 (  0.00 %)   Resub       0 out of    202 (  0.00 %)   
Reduction:   Nodes       0 out of    309 (  0.00 %)   Edges       0 out of    618 (  0.00 %)   
Win =     0.00 sec (  0.96 %)
Div =     0.00 sec (  2.89 %)
Aig =     0.00 sec (  2.60 %)
Gia =     0.00 sec (  0.00 %)
Cnf =     0.00 sec (  0.55 %)
Sat =     0.04 sec ( 53.00 %)
Int =     0.00 sec (  0.00 %)
ALL =     0.07 sec (100.00 %)
round 5

0%   10   20   30   40   50   60   70   80   90   100%
|----|----|----|----|----|----|----|----|----|----|
seed = 1567227582 patience = 0
***************************************************
best node n286 best error 0.000351563
time = 34248747
c880_5_0.000351563
area = 575
delay = 23.6
write_blif appntk/c880_5_0.000351563_575_23.6.blif
sis -x -c "read_library data/genlib/mcnc.genlib;read_blif appntk/c880_5_0.000351563_575_23.6.blif;print_map_stats" | grep -e "Most Negative Slack" -e "Total Area"
"appntk/c880_5_0.000351563_575_23.6.blif", line 14: .and_gate_delay 1.9
Total Area		= 575.00
Most Negative Slack	= -36.00
Nodes = 307. Try = 305. Resub = 0. Div = 13078. SAT calls = 1163. Timeouts = 0. MaxDivs = 0.
Attempts :   Remove      0 out of    610 (  0.00 %)   Resub       0 out of    200 (  0.00 %)   
Reduction:   Nodes       0 out of    307 (  0.00 %)   Edges       0 out of    614 (  0.00 %)   
Win =     0.00 sec (  0.85 %)
Div =     0.00 sec (  2.50 %)
Aig =     0.00 sec (  2.44 %)
Gia =     0.00 sec (  0.00 %)
Cnf =     0.00 sec (  0.50 %)
Sat =     0.05 sec ( 45.90 %)
Int =     0.00 sec (  0.00 %)
ALL =     0.10 sec (100.00 %)
round 6

0%   10   20   30   40   50   60   70   80   90   100%
|----|----|----|----|----|----|----|----|----|----|
seed = 1567227586 patience = 0
***************************************************
best node n376 best error 0.000400391
time = 38703026
c880_6_0.000400391
area = 579
delay = 24
write_blif appntk/c880_6_0.000400391_579_24.blif
sis -x -c "read_library data/genlib/mcnc.genlib;read_blif appntk/c880_6_0.000400391_579_24.blif;print_map_stats" | grep -e "Most Negative Slack" -e "Total Area"
"appntk/c880_6_0.000400391_579_24.blif", line 14: .and_gate_delay 1.9
Total Area		= 579.00
Most Negative Slack	= -35.70
Nodes = 305. Try = 303. Resub = 0. Div = 13004. SAT calls = 1148. Timeouts = 0. MaxDivs = 0.
Attempts :   Remove      0 out of    606 (  0.00 %)   Resub       0 out of    198 (  0.00 %)   
Reduction:   Nodes       0 out of    305 (  0.00 %)   Edges       0 out of    610 (  0.00 %)   
Win =     0.00 sec (  0.84 %)
Div =     0.00 sec (  2.49 %)
Aig =     0.00 sec (  2.40 %)
Gia =     0.00 sec (  0.00 %)
Cnf =     0.00 sec (  0.48 %)
Sat =     0.05 sec ( 45.46 %)
Int =     0.00 sec (  0.00 %)
ALL =     0.10 sec (100.00 %)
round 7

0%   10   20   30   40   50   60   70   80   90   100%
|----|----|----|----|----|----|----|----|----|----|
seed = 1567227591 patience = 0
***************************************************
best node n251 best error 0.000449219
time = 44187745
c880_7_0.000449219
Warning: delay exceeds required one
area = 572
delay = 24.9
write_blif appntk/c880_7_0.000449219_572_24.9.blif
sis -x -c "read_library data/genlib/mcnc.genlib;read_blif appntk/c880_7_0.000449219_572_24.9.blif;print_map_stats" | grep -e "Most Negative Slack" -e "Total Area"
"appntk/c880_7_0.000449219_572_24.9.blif", line 14: .and_gate_delay 1.9
Total Area		= 572.00
Most Negative Slack	= -37.60
Nodes = 301. Try = 299. Resub = 0. Div = 12759. SAT calls = 1146. Timeouts = 0. MaxDivs = 0.
Attempts :   Remove      0 out of    598 (  0.00 %)   Resub       0 out of    194 (  0.00 %)   
Reduction:   Nodes       0 out of    301 (  0.00 %)   Edges       0 out of    602 (  0.00 %)   
Win =     0.00 sec (  0.85 %)
Div =     0.00 sec (  2.49 %)
Aig =     0.00 sec (  2.40 %)
Gia =     0.00 sec (  0.00 %)
Cnf =     0.00 sec (  0.47 %)
Sat =     0.05 sec ( 45.47 %)
Int =     0.00 sec (  0.00 %)
ALL =     0.10 sec (100.00 %)
round 8

0%   10   20   30   40   50   60   70   80   90   100%
|----|----|----|----|----|----|----|----|----|----|
seed = 1567227596 patience = 0
***************************************************
best node n342 best error 0.000517578
time = 48428879
c880_8_0.000517578
area = 558
delay = 24.5
write_blif appntk/c880_8_0.000517578_558_24.5.blif
sis -x -c "read_library data/genlib/mcnc.genlib;read_blif appntk/c880_8_0.000517578_558_24.5.blif;print_map_stats" | grep -e "Most Negative Slack" -e "Total Area"
"appntk/c880_8_0.000517578_558_24.5.blif", line 14: .and_gate_delay 1.9
Warning: network `c880', node "G72gat" does not fanout
Warning: network `c880', node "G73gat" does not fanout
Total Area		= 558.00
Most Negative Slack	= -36.50
Nodes = 296. Try = 294. Resub = 0. Div = 12662. SAT calls = 1103. Timeouts = 0. MaxDivs = 0.
Attempts :   Remove      0 out of    588 (  0.00 %)   Resub       0 out of    190 (  0.00 %)   
Reduction:   Nodes       0 out of    296 (  0.00 %)   Edges       0 out of    592 (  0.00 %)   
Win =     0.00 sec (  0.97 %)
Div =     0.00 sec (  2.90 %)
Aig =     0.00 sec (  2.64 %)
Gia =     0.00 sec (  0.00 %)
Cnf =     0.00 sec (  0.59 %)
Sat =     0.03 sec ( 52.09 %)
Int =     0.00 sec (  0.00 %)
ALL =     0.07 sec (100.00 %)
round 9

0%   10   20   30   40   50   60   70   80   90   100%
|----|----|----|----|----|----|----|----|----|----|
seed = 1567227600 patience = 0
***************************************************
best node n310 best error 0.000917969
time = 52038490
c880_9_0.000917969
area = 558
delay = 23.6
write_blif appntk/c880_9_0.000917969_558_23.6.blif
sis -x -c "read_library data/genlib/mcnc.genlib;read_blif appntk/c880_9_0.000917969_558_23.6.blif;print_map_stats" | grep -e "Most Negative Slack" -e "Total Area"
"appntk/c880_9_0.000917969_558_23.6.blif", line 14: .and_gate_delay 1.9
Warning: network `c880', node "G72gat" does not fanout
Warning: network `c880', node "G73gat" does not fanout
Total Area		= 558.00
Most Negative Slack	= -36.30
Nodes = 295. Try = 293. Resub = 0. Div = 12429. SAT calls = 1113. Timeouts = 0. MaxDivs = 0.
Attempts :   Remove      0 out of    586 (  0.00 %)   Resub       0 out of    189 (  0.00 %)   
Reduction:   Nodes       0 out of    295 (  0.00 %)   Edges       0 out of    590 (  0.00 %)   
Win =     0.00 sec (  0.94 %)
Div =     0.00 sec (  2.89 %)
Aig =     0.00 sec (  2.66 %)
Gia =     0.00 sec (  0.00 %)
Cnf =     0.00 sec (  0.58 %)
Sat =     0.03 sec ( 52.13 %)
Int =     0.00 sec (  0.00 %)
ALL =     0.07 sec (100.00 %)
round 10

0%   10   20   30   40   50   60   70   80   90   100%
|----|----|----|----|----|----|----|----|----|----|
seed = 1567227604 patience = 0
***************************************************
best node n305 best error 0.00129883
time = 55450410
c880_10_0.00129883
area = 563
delay = 24.9
write_blif appntk/c880_10_0.00129883_563_24.9.blif
sis -x -c "read_library data/genlib/mcnc.genlib;read_blif appntk/c880_10_0.00129883_563_24.9.blif;print_map_stats" | grep -e "Most Negative Slack" -e "Total Area"
"appntk/c880_10_0.00129883_563_24.9.blif", line 14: .and_gate_delay 1.9
Warning: network `c880', node "G72gat" does not fanout
Warning: network `c880', node "G73gat" does not fanout
Total Area		= 563.00
Most Negative Slack	= -36.90
Nodes = 294. Try = 292. Resub = 0. Div = 12189. SAT calls = 1078. Timeouts = 0. MaxDivs = 0.
Attempts :   Remove      0 out of    584 (  0.00 %)   Resub       0 out of    188 (  0.00 %)   
Reduction:   Nodes       0 out of    294 (  0.00 %)   Edges       0 out of    588 (  0.00 %)   
Win =     0.00 sec (  0.96 %)
Div =     0.00 sec (  2.93 %)
Aig =     0.00 sec (  2.66 %)
Gia =     0.00 sec (  0.00 %)
Cnf =     0.00 sec (  0.57 %)
Sat =     0.03 sec ( 51.11 %)
Int =     0.00 sec (  0.00 %)
ALL =     0.06 sec (100.00 %)
round 11

0%   10   20   30   40   50   60   70   80   90   100%
|----|----|----|----|----|----|----|----|----|----|
seed = 1567227607 patience = 0
***************************************************
best node n221 best error 0.0021875
time = 59405748
c880_11_0.0021875
area = 562
delay = 22.8
write_blif appntk/c880_11_0.0021875_562_22.8.blif
sis -x -c "read_library data/genlib/mcnc.genlib;read_blif appntk/c880_11_0.0021875_562_22.8.blif;print_map_stats" | grep -e "Most Negative Slack" -e "Total Area"
"appntk/c880_11_0.0021875_562_22.8.blif", line 14: .and_gate_delay 1.9
Warning: network `c880', node "G72gat" does not fanout
Warning: network `c880', node "G73gat" does not fanout
Total Area		= 562.00
Most Negative Slack	= -35.70
Nodes = 293. Try = 291. Resub = 0. Div = 11993. SAT calls = 1118. Timeouts = 0. MaxDivs = 0.
Attempts :   Remove      0 out of    582 (  0.00 %)   Resub       0 out of    187 (  0.00 %)   
Reduction:   Nodes       0 out of    293 (  0.00 %)   Edges       0 out of    586 (  0.00 %)   
Win =     0.00 sec (  0.87 %)
Div =     0.00 sec (  2.65 %)
Aig =     0.00 sec (  2.55 %)
Gia =     0.00 sec (  0.00 %)
Cnf =     0.00 sec (  0.52 %)
Sat =     0.05 sec ( 49.09 %)
Int =     0.00 sec (  0.00 %)
ALL =     0.10 sec (100.00 %)
round 12

0%   10   20   30   40   50   60   70   80   90   100%
|----|----|----|----|----|----|----|----|----|----|
seed = 1567227611 patience = 0
***************************************************
best node n294 best error 0.00262695
time = 64252298
c880_12_0.00262695
area = 570
delay = 24
write_blif appntk/c880_12_0.00262695_570_24.blif
sis -x -c "read_library data/genlib/mcnc.genlib;read_blif appntk/c880_12_0.00262695_570_24.blif;print_map_stats" | grep -e "Most Negative Slack" -e "Total Area"
"appntk/c880_12_0.00262695_570_24.blif", line 14: .and_gate_delay 1.9
Warning: network `c880', node "G72gat" does not fanout
Warning: network `c880', node "G73gat" does not fanout
Total Area		= 570.00
Most Negative Slack	= -36.90
Nodes = 292. Try = 290. Resub = 0. Div = 11737. SAT calls = 1127. Timeouts = 0. MaxDivs = 0.
Attempts :   Remove      0 out of    580 (  0.00 %)   Resub       0 out of    187 (  0.00 %)   
Reduction:   Nodes       0 out of    292 (  0.00 %)   Edges       0 out of    584 (  0.00 %)   
Win =     0.00 sec (  0.86 %)
Div =     0.00 sec (  2.58 %)
Aig =     0.00 sec (  2.56 %)
Gia =     0.00 sec (  0.00 %)
Cnf =     0.00 sec (  0.51 %)
Sat =     0.05 sec ( 48.69 %)
Int =     0.00 sec (  0.00 %)
ALL =     0.10 sec (100.00 %)
round 13

0%   10   20   30   40   50   60   70   80   90   100%
|----|----|----|----|----|----|----|----|----|----|
seed = 1567227616 patience = 0
***************************************************
best node n225 best error 0.00302734
time = 67964021
c880_13_0.00302734
area = 560
delay = 24.8
write_blif appntk/c880_13_0.00302734_560_24.8.blif
sis -x -c "read_library data/genlib/mcnc.genlib;read_blif appntk/c880_13_0.00302734_560_24.8.blif;print_map_stats" | grep -e "Most Negative Slack" -e "Total Area"
"appntk/c880_13_0.00302734_560_24.8.blif", line 14: .and_gate_delay 1.9
Warning: network `c880', node "G72gat" does not fanout
Warning: network `c880', node "G73gat" does not fanout
Total Area		= 560.00
Most Negative Slack	= -36.60
Nodes = 291. Try = 289. Resub = 0. Div = 11505. SAT calls = 1099. Timeouts = 0. MaxDivs = 0.
Attempts :   Remove      0 out of    578 (  0.00 %)   Resub       0 out of    186 (  0.00 %)   
Reduction:   Nodes       0 out of    291 (  0.00 %)   Edges       0 out of    582 (  0.00 %)   
Win =     0.00 sec (  0.94 %)
Div =     0.00 sec (  2.85 %)
Aig =     0.00 sec (  2.48 %)
Gia =     0.00 sec (  0.00 %)
Cnf =     0.00 sec (  0.58 %)
Sat =     0.03 sec ( 52.03 %)
Int =     0.00 sec (  0.00 %)
ALL =     0.06 sec (100.00 %)
round 14

0%   10   20   30   40   50   60   70   80   90   100%
|----|----|----|----|----|----|----|----|----|----|
seed = 1567227620 patience = 0
***************************************************
best node n192 best error 0.0034082
time = 71400871
c880_14_0.0034082
area = 556
delay = 23.7
write_blif appntk/c880_14_0.0034082_556_23.7.blif
sis -x -c "read_library data/genlib/mcnc.genlib;read_blif appntk/c880_14_0.0034082_556_23.7.blif;print_map_stats" | grep -e "Most Negative Slack" -e "Total Area"
"appntk/c880_14_0.0034082_556_23.7.blif", line 14: .and_gate_delay 1.9
Warning: network `c880', node "G72gat" does not fanout
Warning: network `c880', node "G73gat" does not fanout
Total Area		= 556.00
Most Negative Slack	= -35.00
Nodes = 290. Try = 288. Resub = 0. Div = 10864. SAT calls = 1096. Timeouts = 0. MaxDivs = 0.
Attempts :   Remove      0 out of    576 (  0.00 %)   Resub       0 out of    186 (  0.00 %)   
Reduction:   Nodes       0 out of    290 (  0.00 %)   Edges       0 out of    580 (  0.00 %)   
Win =     0.00 sec (  0.85 %)
Div =     0.00 sec (  2.51 %)
Aig =     0.00 sec (  2.43 %)
Gia =     0.00 sec (  0.00 %)
Cnf =     0.00 sec (  0.52 %)
Sat =     0.04 sec ( 46.11 %)
Int =     0.00 sec (  0.00 %)
ALL =     0.09 sec (100.00 %)
round 15

0%   10   20   30   40   50   60   70   80   90   100%
|----|----|----|----|----|----|----|----|----|----|
seed = 1567227623 patience = 0
***************************************************
best node n212 best error 0.00379883
time = 74738770
c880_15_0.00379883
area = 556
delay = 22.6
write_blif appntk/c880_15_0.00379883_556_22.6.blif
sis -x -c "read_library data/genlib/mcnc.genlib;read_blif appntk/c880_15_0.00379883_556_22.6.blif;print_map_stats" | grep -e "Most Negative Slack" -e "Total Area"
"appntk/c880_15_0.00379883_556_22.6.blif", line 14: .and_gate_delay 1.9
Warning: network `c880', node "G72gat" does not fanout
Warning: network `c880', node "G73gat" does not fanout
Total Area		= 556.00
Most Negative Slack	= -32.90
Nodes = 288. Try = 286. Resub = 0. Div = 10212. SAT calls = 1094. Timeouts = 0. MaxDivs = 0.
Attempts :   Remove      0 out of    572 (  0.00 %)   Resub       0 out of    184 (  0.00 %)   
Reduction:   Nodes       0 out of    288 (  0.00 %)   Edges       0 out of    576 (  0.00 %)   
Win =     0.00 sec (  0.85 %)
Div =     0.00 sec (  2.43 %)
Aig =     0.00 sec (  2.37 %)
Gia =     0.00 sec (  0.00 %)
Cnf =     0.00 sec (  0.51 %)
Sat =     0.04 sec ( 45.32 %)
Int =     0.00 sec (  0.00 %)
ALL =     0.09 sec (100.00 %)
round 16

0%   10   20   30   40   50   60   70   80   90   100%
|----|----|----|----|----|----|----|----|----|----|
seed = 1567227627 patience = 0
***************************************************
best node n279 best error 0.00436523
time = 78535242
c880_16_0.00436523
area = 538
delay = 22.6
write_blif appntk/c880_16_0.00436523_538_22.6.blif
sis -x -c "read_library data/genlib/mcnc.genlib;read_blif appntk/c880_16_0.00436523_538_22.6.blif;print_map_stats" | grep -e "Most Negative Slack" -e "Total Area"
"appntk/c880_16_0.00436523_538_22.6.blif", line 14: .and_gate_delay 1.9
Warning: network `c880', node "G72gat" does not fanout
Warning: network `c880', node "G73gat" does not fanout
Total Area		= 538.00
Most Negative Slack	= -33.60
Nodes = 282. Try = 280. Resub = 0. Div = 10002. SAT calls = 1064. Timeouts = 0. MaxDivs = 0.
Attempts :   Remove      0 out of    560 (  0.00 %)   Resub       0 out of    179 (  0.00 %)   
Reduction:   Nodes       0 out of    282 (  0.00 %)   Edges       0 out of    564 (  0.00 %)   
Win =     0.00 sec (  0.86 %)
Div =     0.00 sec (  2.54 %)
Aig =     0.00 sec (  2.50 %)
Gia =     0.00 sec (  0.00 %)
Cnf =     0.00 sec (  0.56 %)
Sat =     0.04 sec ( 47.10 %)
Int =     0.00 sec (  0.00 %)
ALL =     0.09 sec (100.00 %)
round 17

0%   10   20   30   40   50   60   70   80   90   100%
|----|----|----|----|----|----|----|----|----|----|
seed = 1567227631 patience = 0
***************************************************
best node n318 best error 0.00890625
time = 82628845
c880_17_0.00890625
area = 539
delay = 21.3
write_blif appntk/c880_17_0.00890625_539_21.3.blif
sis -x -c "read_library data/genlib/mcnc.genlib;read_blif appntk/c880_17_0.00890625_539_21.3.blif;print_map_stats" | grep -e "Most Negative Slack" -e "Total Area"
"appntk/c880_17_0.00890625_539_21.3.blif", line 14: .and_gate_delay 1.9
Warning: network `c880', node "G72gat" does not fanout
Warning: network `c880', node "G73gat" does not fanout
Total Area		= 539.00
Most Negative Slack	= -32.50
Nodes = 281. Try = 279. Resub = 0. Div = 9861. SAT calls = 1054. Timeouts = 0. MaxDivs = 0.
Attempts :   Remove      0 out of    558 (  0.00 %)   Resub       0 out of    178 (  0.00 %)   
Reduction:   Nodes       0 out of    281 (  0.00 %)   Edges       0 out of    562 (  0.00 %)   
Win =     0.00 sec (  0.83 %)
Div =     0.00 sec (  2.41 %)
Aig =     0.00 sec (  2.37 %)
Gia =     0.00 sec (  0.00 %)
Cnf =     0.00 sec (  0.52 %)
Sat =     0.04 sec ( 44.85 %)
Int =     0.00 sec (  0.00 %)
ALL =     0.09 sec (100.00 %)
round 18

0%   10   20   30   40   50   60   70   80   90   100%
|----|----|----|----|----|----|----|----|----|----|
seed = 1567227635 patience = 0
***************************************************
best node n290 best error 0.0152051
time = 86588121
c880_18_0.0152051
area = 537
delay = 22.6
write_blif appntk/c880_18_0.0152051_537_22.6.blif
sis -x -c "read_library data/genlib/mcnc.genlib;read_blif appntk/c880_18_0.0152051_537_22.6.blif;print_map_stats" | grep -e "Most Negative Slack" -e "Total Area"
"appntk/c880_18_0.0152051_537_22.6.blif", line 14: .and_gate_delay 1.9
Warning: network `c880', node "G72gat" does not fanout
Warning: network `c880', node "G73gat" does not fanout
Total Area		= 537.00
Most Negative Slack	= -33.60
Nodes = 280. Try = 278. Resub = 0. Div = 9821. SAT calls = 1063. Timeouts = 0. MaxDivs = 0.
Attempts :   Remove      0 out of    556 (  0.00 %)   Resub       0 out of    177 (  0.00 %)   
Reduction:   Nodes       0 out of    280 (  0.00 %)   Edges       0 out of    560 (  0.00 %)   
Win =     0.00 sec (  0.82 %)
Div =     0.00 sec (  2.42 %)
Aig =     0.00 sec (  2.33 %)
Gia =     0.00 sec (  0.00 %)
Cnf =     0.00 sec (  0.52 %)
Sat =     0.04 sec ( 45.35 %)
Int =     0.00 sec (  0.00 %)
ALL =     0.09 sec (100.00 %)
round 19

0%   10   20   30   40   50   60   70   80   90   100%
|----|----|----|----|----|----|----|----|----|----|
seed = 1567227639 patience = 0
***************************************************
best node n174 best error 0.0208105
time = 90405806
c880_19_0.0208105
area = 534
delay = 21.6
write_blif appntk/c880_19_0.0208105_534_21.6.blif
sis -x -c "read_library data/genlib/mcnc.genlib;read_blif appntk/c880_19_0.0208105_534_21.6.blif;print_map_stats" | grep -e "Most Negative Slack" -e "Total Area"
"appntk/c880_19_0.0208105_534_21.6.blif", line 14: .and_gate_delay 1.9
Warning: network `c880', node "G72gat" does not fanout
Warning: network `c880', node "G73gat" does not fanout
Total Area		= 534.00
Most Negative Slack	= -33.10
Nodes = 278. Try = 276. Resub = 0. Div = 9266. SAT calls = 1016. Timeouts = 0. MaxDivs = 0.
Attempts :   Remove      0 out of    552 (  0.00 %)   Resub       0 out of    176 (  0.00 %)   
Reduction:   Nodes       0 out of    278 (  0.00 %)   Edges       0 out of    556 (  0.00 %)   
Win =     0.00 sec (  0.82 %)
Div =     0.00 sec (  2.50 %)
Aig =     0.00 sec (  2.41 %)
Gia =     0.00 sec (  0.00 %)
Cnf =     0.00 sec (  0.56 %)
Sat =     0.04 sec ( 45.28 %)
Int =     0.00 sec (  0.00 %)
ALL =     0.08 sec (100.00 %)
round 20

0%   10   20   30   40   50   60   70   80   90   100%
|----|----|----|----|----|----|----|----|----|----|
seed = 1567227642 patience = 0
***************************************************
best node n281 best error 0.026377
time = 94440704
c880_20_0.026377
area = 533
delay = 21.9
write_blif appntk/c880_20_0.026377_533_21.9.blif
sis -x -c "read_library data/genlib/mcnc.genlib;read_blif appntk/c880_20_0.026377_533_21.9.blif;print_map_stats" | grep -e "Most Negative Slack" -e "Total Area"
"appntk/c880_20_0.026377_533_21.9.blif", line 14: .and_gate_delay 1.9
Warning: network `c880', node "G72gat" does not fanout
Warning: network `c880', node "G73gat" does not fanout
Total Area		= 533.00
Most Negative Slack	= -33.00
Nodes = 277. Try = 275. Resub = 0. Div = 9191. SAT calls = 1011. Timeouts = 0. MaxDivs = 0.
Attempts :   Remove      0 out of    550 (  0.00 %)   Resub       0 out of    175 (  0.00 %)   
Reduction:   Nodes       0 out of    277 (  0.00 %)   Edges       0 out of    554 (  0.00 %)   
Win =     0.00 sec (  0.83 %)
Div =     0.00 sec (  2.45 %)
Aig =     0.00 sec (  2.40 %)
Gia =     0.00 sec (  0.00 %)
Cnf =     0.00 sec (  0.55 %)
Sat =     0.04 sec ( 45.20 %)
Int =     0.00 sec (  0.00 %)
ALL =     0.08 sec (100.00 %)
round 21

0%   10   20   30   40   50   60   70   80   90   100%
|----|----|----|----|----|----|----|----|----|----|
seed = 1567227646 patience = 0
***************************************************
best node n289 best error 0.0262402
time = 97336741
c880_21_0.0262402
area = 529
delay = 21.6
write_blif appntk/c880_21_0.0262402_529_21.6.blif
sis -x -c "read_library data/genlib/mcnc.genlib;read_blif appntk/c880_21_0.0262402_529_21.6.blif;print_map_stats" | grep -e "Most Negative Slack" -e "Total Area"
"appntk/c880_21_0.0262402_529_21.6.blif", line 14: .and_gate_delay 1.9
Warning: network `c880', node "G72gat" does not fanout
Warning: network `c880', node "G73gat" does not fanout
Total Area		= 529.00
Most Negative Slack	= -33.10
Nodes = 276. Try = 274. Resub = 0. Div = 9091. SAT calls = 1024. Timeouts = 0. MaxDivs = 0.
Attempts :   Remove      0 out of    548 (  0.00 %)   Resub       0 out of    174 (  0.00 %)   
Reduction:   Nodes       0 out of    276 (  0.00 %)   Edges       0 out of    552 (  0.00 %)   
Win =     0.00 sec (  0.90 %)
Div =     0.00 sec (  2.66 %)
Aig =     0.00 sec (  2.37 %)
Gia =     0.00 sec (  0.00 %)
Cnf =     0.00 sec (  0.59 %)
Sat =     0.03 sec ( 49.42 %)
Int =     0.00 sec (  0.00 %)
ALL =     0.06 sec (100.00 %)
round 22

0%   10   20   30   40   50   60   70   80   90   100%
|----|----|----|----|----|----|----|----|----|----|
seed = 1567227649 patience = 0
***************************************************
best node n281 best error 0.0268848
time = 99502832
c880_22_0.0268848
area = 529
delay = 21.9
write_blif appntk/c880_22_0.0268848_529_21.9.blif
sis -x -c "read_library data/genlib/mcnc.genlib;read_blif appntk/c880_22_0.0268848_529_21.9.blif;print_map_stats" | grep -e "Most Negative Slack" -e "Total Area"
"appntk/c880_22_0.0268848_529_21.9.blif", line 14: .and_gate_delay 1.9
Warning: network `c880', node "G72gat" does not fanout
Warning: network `c880', node "G73gat" does not fanout
Total Area		= 529.00
Most Negative Slack	= -33.00
Nodes = 275. Try = 273. Resub = 0. Div = 8973. SAT calls = 997. Timeouts = 0. MaxDivs = 0.
Attempts :   Remove      0 out of    546 (  0.00 %)   Resub       0 out of    173 (  0.00 %)   
Reduction:   Nodes       0 out of    275 (  0.00 %)   Edges       0 out of    550 (  0.00 %)   
Win =     0.00 sec (  0.86 %)
Div =     0.00 sec (  2.68 %)
Aig =     0.00 sec (  2.34 %)
Gia =     0.00 sec (  0.00 %)
Cnf =     0.00 sec (  0.52 %)
Sat =     0.03 sec ( 48.63 %)
Int =     0.00 sec (  0.00 %)
ALL =     0.06 sec (100.00 %)
round 23

0%   10   20   30   40   50   60   70   80   90   100%
|----|----|----|----|----|----|----|----|----|----|
seed = 1567227652 patience = 0
***************************************************
best node n293 best error 0.0303711
time = 101973713
c880_23_0.0303711
area = 529
delay = 21.4
write_blif appntk/c880_23_0.0303711_529_21.4.blif
sis -x -c "read_library data/genlib/mcnc.genlib;read_blif appntk/c880_23_0.0303711_529_21.4.blif;print_map_stats" | grep -e "Most Negative Slack" -e "Total Area"
"appntk/c880_23_0.0303711_529_21.4.blif", line 14: .and_gate_delay 1.9
Warning: network `c880', node "G72gat" does not fanout
Warning: network `c880', node "G73gat" does not fanout
Total Area		= 529.00
Most Negative Slack	= -32.60
Nodes = 274. Try = 272. Resub = 0. Div = 8909. SAT calls = 999. Timeouts = 0. MaxDivs = 0.
Attempts :   Remove      0 out of    544 (  0.00 %)   Resub       0 out of    172 (  0.00 %)   
Reduction:   Nodes       0 out of    274 (  0.00 %)   Edges       0 out of    548 (  0.00 %)   
Win =     0.00 sec (  0.90 %)
Div =     0.00 sec (  2.75 %)
Aig =     0.00 sec (  2.36 %)
Gia =     0.00 sec (  0.00 %)
Cnf =     0.00 sec (  0.60 %)
Sat =     0.03 sec ( 49.35 %)
Int =     0.00 sec (  0.00 %)
ALL =     0.06 sec (100.00 %)
round 24

0%   10   20   30   40   50   60   70   80   90   100%
|----|----|----|----|----|----|----|----|----|----|
seed = 1567227654 patience = 0
***************************************************
best node n275 best error 0.0351562
time = 103699289
c880_24_0.0351562
area = 529
delay = 21.6
write_blif appntk/c880_24_0.0351562_529_21.6.blif
sis -x -c "read_library data/genlib/mcnc.genlib;read_blif appntk/c880_24_0.0351562_529_21.6.blif;print_map_stats" | grep -e "Most Negative Slack" -e "Total Area"
"appntk/c880_24_0.0351562_529_21.6.blif", line 14: .and_gate_delay 1.9
Warning: network `c880', node "G72gat" does not fanout
Warning: network `c880', node "G73gat" does not fanout
Total Area		= 529.00
Most Negative Slack	= -32.40
Nodes = 273. Try = 271. Resub = 0. Div = 8866. SAT calls = 992. Timeouts = 0. MaxDivs = 0.
Attempts :   Remove      0 out of    542 (  0.00 %)   Resub       0 out of    171 (  0.00 %)   
Reduction:   Nodes       0 out of    273 (  0.00 %)   Edges       0 out of    546 (  0.00 %)   
Win =     0.00 sec (  0.87 %)
Div =     0.00 sec (  2.64 %)
Aig =     0.00 sec (  2.43 %)
Gia =     0.00 sec (  0.00 %)
Cnf =     0.00 sec (  0.56 %)
Sat =     0.03 sec ( 48.72 %)
Int =     0.00 sec (  0.00 %)
ALL =     0.06 sec (100.00 %)
round 25

0%   10   20   30   40   50   60   70   80   90   100%
|----|----|----|----|----|----|----|----|----|----|
seed = 1567227656 patience = 0
***************************************************
best node n337 best error 0.0396094
time = 106130289
c880_25_0.0396094
area = 525
delay = 22.1
write_blif appntk/c880_25_0.0396094_525_22.1.blif
sis -x -c "read_library data/genlib/mcnc.genlib;read_blif appntk/c880_25_0.0396094_525_22.1.blif;print_map_stats" | grep -e "Most Negative Slack" -e "Total Area"
"appntk/c880_25_0.0396094_525_22.1.blif", line 14: .and_gate_delay 1.9
Warning: network `c880', node "G72gat" does not fanout
Warning: network `c880', node "G73gat" does not fanout
Total Area		= 525.00
Most Negative Slack	= -33.60
Nodes = 271. Try = 270. Resub = 0. Div = 8860. SAT calls = 997. Timeouts = 0. MaxDivs = 0.
Attempts :   Remove      0 out of    540 (  0.00 %)   Resub       0 out of    171 (  0.00 %)   
Reduction:   Nodes       0 out of    271 (  0.00 %)   Edges       0 out of    542 (  0.00 %)   
Win =     0.00 sec (  0.85 %)
Div =     0.00 sec (  2.64 %)
Aig =     0.00 sec (  2.34 %)
Gia =     0.00 sec (  0.00 %)
Cnf =     0.00 sec (  0.57 %)
Sat =     0.03 sec ( 49.39 %)
Int =     0.00 sec (  0.00 %)
ALL =     0.06 sec (100.00 %)
round 26

0%   10   20   30   40   50   60   70   80   90   100%
|----|----|----|----|----|----|----|----|----|----|
seed = 1567227658 patience = 0
***************************************************
best node n224 best error 0.0450586
time = 108115714
c880_26_0.0450586
area = 526
delay = 21.2
write_blif appntk/c880_26_0.0450586_526_21.2.blif
sis -x -c "read_library data/genlib/mcnc.genlib;read_blif appntk/c880_26_0.0450586_526_21.2.blif;print_map_stats" | grep -e "Most Negative Slack" -e "Total Area"
"appntk/c880_26_0.0450586_526_21.2.blif", line 14: .and_gate_delay 1.9
Warning: network `c880', node "G72gat" does not fanout
Warning: network `c880', node "G73gat" does not fanout
Total Area		= 526.00
Most Negative Slack	= -31.40
Nodes = 269. Try = 268. Resub = 0. Div = 8670. SAT calls = 1036. Timeouts = 0. MaxDivs = 0.
Attempts :   Remove      0 out of    536 (  0.00 %)   Resub       0 out of    171 (  0.00 %)   
Reduction:   Nodes       0 out of    269 (  0.00 %)   Edges       0 out of    538 (  0.00 %)   
Win =     0.00 sec (  0.86 %)
Div =     0.00 sec (  2.59 %)
Aig =     0.00 sec (  2.32 %)
Gia =     0.00 sec (  0.00 %)
Cnf =     0.00 sec (  0.62 %)
Sat =     0.03 sec ( 50.35 %)
Int =     0.00 sec (  0.00 %)
ALL =     0.06 sec (100.00 %)
round 27

0%   10   20   30   40   50   60   70   80   90   100%
|----|----|----|----|----|----|----|----|----|----|
seed = 1567227660 patience = 0
***************************************************
best node n226 best error 0.0503906
time = 109860179
