Entered genlib library with 23 gates from file "data/genlib/mcnc.genlib".
Line 11: Skipping line ".default_input_arrival 0.00 0.00 ".
Line 12: Skipping line ".default_output_required 0.00 0.00 ".
Line 13: Skipping line ".default_input_drive 0.10 0.10 ".
Line 14: Skipping line ".default_output_load 2.00 ".
Line 15: Skipping line ".default_max_input_load 999.00 ".
Original area = 958, original delay = 38.5
round 0

0%   10   20   30   40   50   60   70   80   90   100%
|----|----|----|----|----|----|----|----|----|----|
seed = 1567227551 patience = 0
***************************************************
best node sum[0] best error 0
time = 14686994
cla32_0_0
area = 829
delay = 29.2
write_blif appntk/cla32_0_0_829_29.2.blif
sis -x -c "read_library data/genlib/mcnc.genlib;read_blif appntk/cla32_0_0_829_29.2.blif;print_map_stats" | grep -e "Most Negative Slack" -e "Total Area"
"appntk/cla32_0_0_829_29.2.blif", line 14: .and_gate_delay 1.9
Total Area		= 829.00
Most Negative Slack	= -44.60
Nodes = 420. Try = 371. Resub = 6. Div = 21378. SAT calls = 1430. Timeouts = 0. MaxDivs = 12.
Attempts :   Remove      0 out of    736 (  0.00 %)   Resub       6 out of    147 (  4.08 %)   
Reduction:   Nodes       7 out of    420 (  1.67 %)   Edges      14 out of    840 (  1.67 %)   
Win =     0.00 sec (  0.82 %)
Div =     0.00 sec (  2.74 %)
Aig =     0.00 sec (  2.52 %)
Gia =     0.00 sec (  0.00 %)
Cnf =     0.00 sec (  0.53 %)
Sat =     0.07 sec ( 59.46 %)
Int =     0.00 sec (  3.03 %)
ALL =     0.11 sec (100.00 %)
round 1

0%   10   20   30   40   50   60   70   80   90   100%
|----|----|----|----|----|----|----|----|----|----|
seed = 1567227567 patience = 0
***************************************************
best node n159 best error 0
time = 21291454
cla32_1_0
area = 812
delay = 28.6
write_blif appntk/cla32_1_0_812_28.6.blif
sis -x -c "read_library data/genlib/mcnc.genlib;read_blif appntk/cla32_1_0_812_28.6.blif;print_map_stats" | grep -e "Most Negative Slack" -e "Total Area"
"appntk/cla32_1_0_812_28.6.blif", line 14: .and_gate_delay 1.9
Total Area		= 812.00
Most Negative Slack	= -44.20
Nodes = 407. Try = 362. Resub = 2. Div = 21325. SAT calls = 1332. Timeouts = 0. MaxDivs = 10.
Attempts :   Remove      0 out of    722 (  0.00 %)   Resub       2 out of    139 (  1.44 %)   
Reduction:   Nodes       4 out of    407 (  0.98 %)   Edges       8 out of    814 (  0.98 %)   
Win =     0.00 sec (  0.90 %)
Div =     0.00 sec (  2.83 %)
Aig =     0.00 sec (  2.87 %)
Gia =     0.00 sec (  0.00 %)
Cnf =     0.00 sec (  0.53 %)
Sat =     0.08 sec ( 57.09 %)
Int =     0.00 sec (  1.31 %)
ALL =     0.15 sec (100.00 %)
round 2

0%   10   20   30   40   50   60   70   80   90   100%
|----|----|----|----|----|----|----|----|----|----|
seed = 1567227573 patience = 0
***************************************************
best node n491 best error 0
time = 29103622
cla32_2_0
area = 797
delay = 29.6
write_blif appntk/cla32_2_0_797_29.6.blif
sis -x -c "read_library data/genlib/mcnc.genlib;read_blif appntk/cla32_2_0_797_29.6.blif;print_map_stats" | grep -e "Most Negative Slack" -e "Total Area"
"appntk/cla32_2_0_797_29.6.blif", line 14: .and_gate_delay 1.9
Total Area		= 797.00
Most Negative Slack	= -43.90
Nodes = 395. Try = 350. Resub = 3. Div = 19383. SAT calls = 1212. Timeouts = 0. MaxDivs = 8.
Attempts :   Remove      2 out of    697 (  0.29 %)   Resub       1 out of    133 (  0.75 %)   
Reduction:   Nodes       6 out of    395 (  1.52 %)   Edges      12 out of    790 (  1.52 %)   
Win =     0.00 sec (  0.85 %)
Div =     0.00 sec (  2.85 %)
Aig =     0.00 sec (  2.78 %)
Gia =     0.00 sec (  0.00 %)
Cnf =     0.00 sec (  0.54 %)
Sat =     0.07 sec ( 52.31 %)
Int =     0.00 sec (  1.13 %)
ALL =     0.13 sec (100.00 %)
round 3

0%   10   20   30   40   50   60   70   80   90   100%
|----|----|----|----|----|----|----|----|----|----|
seed = 1567227581 patience = 0
***************************************************
best node n207 best error 0
time = 33458063
cla32_3_0
area = 749
delay = 26.9
write_blif appntk/cla32_3_0_749_26.9.blif
sis -x -c "read_library data/genlib/mcnc.genlib;read_blif appntk/cla32_3_0_749_26.9.blif;print_map_stats" | grep -e "Most Negative Slack" -e "Total Area"
"appntk/cla32_3_0_749_26.9.blif", line 14: .and_gate_delay 1.9
Total Area		= 749.00
Most Negative Slack	= -42.00
Nodes = 375. Try = 329. Resub = 0. Div = 17478. SAT calls = 1157. Timeouts = 0. MaxDivs = 4.
Attempts :   Remove      0 out of    658 (  0.00 %)   Resub       0 out of    124 (  0.00 %)   
Reduction:   Nodes       0 out of    375 (  0.00 %)   Edges       0 out of    750 (  0.00 %)   
Win =     0.00 sec (  0.87 %)
Div =     0.00 sec (  2.92 %)
Aig =     0.00 sec (  2.74 %)
Gia =     0.00 sec (  0.00 %)
Cnf =     0.00 sec (  0.58 %)
Sat =     0.05 sec ( 56.31 %)
Int =     0.00 sec (  0.00 %)
ALL =     0.08 sec (100.00 %)
round 4

0%   10   20   30   40   50   60   70   80   90   100%
|----|----|----|----|----|----|----|----|----|----|
seed = 1567227585 patience = 0
***************************************************
best node n430 best error 1.95312e-05
time = 37342179
cla32_4_1.95312e-05
area = 733
delay = 27
write_blif appntk/cla32_4_1.95312e-05_733_27.blif
sis -x -c "read_library data/genlib/mcnc.genlib;read_blif appntk/cla32_4_1.95312e-05_733_27.blif;print_map_stats" | grep -e "Most Negative Slack" -e "Total Area"
"appntk/cla32_4_1.95312e-05_733_27.blif", line 14: .and_gate_delay 1.9
Total Area		= 733.00
Most Negative Slack	= -42.10
Nodes = 370. Try = 323. Resub = 1. Div = 16388. SAT calls = 1123. Timeouts = 0. MaxDivs = 3.
Attempts :   Remove      0 out of    646 (  0.00 %)   Resub       1 out of    120 (  0.83 %)   
Reduction:   Nodes       1 out of    370 (  0.27 %)   Edges       2 out of    740 (  0.27 %)   
Win =     0.00 sec (  0.81 %)
Div =     0.00 sec (  2.66 %)
Aig =     0.00 sec (  2.69 %)
Gia =     0.00 sec (  0.00 %)
Cnf =     0.00 sec (  0.53 %)
Sat =     0.06 sec ( 51.17 %)
Int =     0.00 sec (  0.57 %)
ALL =     0.12 sec (100.00 %)
round 5

0%   10   20   30   40   50   60   70   80   90   100%
|----|----|----|----|----|----|----|----|----|----|
seed = 1567227589 patience = 0
***************************************************
best node n409 best error 5.85937e-05
time = 42092974
cla32_5_5.85937e-05
area = 734
delay = 27
write_blif appntk/cla32_5_5.85937e-05_734_27.blif
sis -x -c "read_library data/genlib/mcnc.genlib;read_blif appntk/cla32_5_5.85937e-05_734_27.blif;print_map_stats" | grep -e "Most Negative Slack" -e "Total Area"
"appntk/cla32_5_5.85937e-05_734_27.blif", line 14: .and_gate_delay 1.9
Total Area		= 734.00
Most Negative Slack	= -41.70
Nodes = 366. Try = 319. Resub = 0. Div = 15640. SAT calls = 1046. Timeouts = 0. MaxDivs = 3.
Attempts :   Remove      0 out of    638 (  0.00 %)   Resub       0 out of    117 (  0.00 %)   
Reduction:   Nodes       0 out of    366 (  0.00 %)   Edges       0 out of    732 (  0.00 %)   
Win =     0.00 sec (  0.89 %)
Div =     0.00 sec (  2.95 %)
Aig =     0.00 sec (  2.77 %)
Gia =     0.00 sec (  0.00 %)
Cnf =     0.00 sec (  0.58 %)
Sat =     0.04 sec ( 53.63 %)
Int =     0.00 sec (  0.00 %)
ALL =     0.08 sec (100.00 %)
round 6

0%   10   20   30   40   50   60   70   80   90   100%
|----|----|----|----|----|----|----|----|----|----|
seed = 1567227594 patience = 0
***************************************************
best node n405 best error 8.78906e-05
time = 45750547
cla32_6_8.78906e-05
area = 729
delay = 27
write_blif appntk/cla32_6_8.78906e-05_729_27.blif
sis -x -c "read_library data/genlib/mcnc.genlib;read_blif appntk/cla32_6_8.78906e-05_729_27.blif;print_map_stats" | grep -e "Most Negative Slack" -e "Total Area"
"appntk/cla32_6_8.78906e-05_729_27.blif", line 14: .and_gate_delay 1.9
Total Area		= 729.00
Most Negative Slack	= -41.70
Nodes = 362. Try = 315. Resub = 1. Div = 15486. SAT calls = 1042. Timeouts = 0. MaxDivs = 4.
Attempts :   Remove      0 out of    629 (  0.00 %)   Resub       1 out of    111 (  0.90 %)   
Reduction:   Nodes       1 out of    362 (  0.28 %)   Edges       2 out of    724 (  0.28 %)   
Win =     0.00 sec (  0.85 %)
Div =     0.00 sec (  2.89 %)
Aig =     0.00 sec (  2.64 %)
Gia =     0.00 sec (  0.00 %)
Cnf =     0.00 sec (  0.58 %)
Sat =     0.04 sec ( 54.57 %)
Int =     0.00 sec (  1.05 %)
ALL =     0.08 sec (100.00 %)
round 7

0%   10   20   30   40   50   60   70   80   90   100%
|----|----|----|----|----|----|----|----|----|----|
seed = 1567227598 patience = 0
***************************************************
best node n431 best error 8.78906e-05
time = 49487153
cla32_7_8.78906e-05
area = 728
delay = 28.7
write_blif appntk/cla32_7_8.78906e-05_728_28.7.blif
sis -x -c "read_library data/genlib/mcnc.genlib;read_blif appntk/cla32_7_8.78906e-05_728_28.7.blif;print_map_stats" | grep -e "Most Negative Slack" -e "Total Area"
"appntk/cla32_7_8.78906e-05_728_28.7.blif", line 14: .and_gate_delay 1.9
Total Area		= 728.00
Most Negative Slack	= -43.20
Nodes = 359. Try = 313. Resub = 4. Div = 15081. SAT calls = 984. Timeouts = 0. MaxDivs = 0.
Attempts :   Remove      1 out of    622 (  0.16 %)   Resub       3 out of    107 (  2.80 %)   
Reduction:   Nodes       3 out of    359 (  0.84 %)   Edges       7 out of    718 (  0.97 %)   
Win =     0.00 sec (  0.86 %)
Div =     0.00 sec (  2.94 %)
Aig =     0.00 sec (  2.68 %)
Gia =     0.00 sec (  0.00 %)
Cnf =     0.00 sec (  0.57 %)
Sat =     0.04 sec ( 51.57 %)
Int =     0.00 sec (  2.31 %)
ALL =     0.07 sec (100.00 %)
round 8

0%   10   20   30   40   50   60   70   80   90   100%
|----|----|----|----|----|----|----|----|----|----|
seed = 1567227601 patience = 0
***************************************************
best node n459 best error 8.78906e-05
time = 53201267
cla32_8_8.78906e-05
area = 726
delay = 30.7
write_blif appntk/cla32_8_8.78906e-05_726_30.7.blif
sis -x -c "read_library data/genlib/mcnc.genlib;read_blif appntk/cla32_8_8.78906e-05_726_30.7.blif;print_map_stats" | grep -e "Most Negative Slack" -e "Total Area"
"appntk/cla32_8_8.78906e-05_726_30.7.blif", line 14: .and_gate_delay 1.9
Total Area		= 726.00
Most Negative Slack	= -46.20
Nodes = 353. Try = 300. Resub = 3. Div = 12978. SAT calls = 964. Timeouts = 0. MaxDivs = 0.
Attempts :   Remove      0 out of    597 (  0.00 %)   Resub       3 out of    102 (  2.94 %)   
Reduction:   Nodes       4 out of    353 (  1.13 %)   Edges       8 out of    706 (  1.13 %)   
Win =     0.00 sec (  0.76 %)
Div =     0.00 sec (  2.48 %)
Aig =     0.00 sec (  2.57 %)
Gia =     0.00 sec (  0.00 %)
Cnf =     0.00 sec (  0.51 %)
Sat =     0.05 sec ( 46.65 %)
Int =     0.00 sec (  1.64 %)
ALL =     0.10 sec (100.00 %)
round 9

0%   10   20   30   40   50   60   70   80   90   100%
|----|----|----|----|----|----|----|----|----|----|
seed = 1567227605 patience = 0
***************************************************
best node n377 best error 0.00015625
time = 56672903
cla32_9_0.00015625
area = 706
delay = 26.1
write_blif appntk/cla32_9_0.00015625_706_26.1.blif
sis -x -c "read_library data/genlib/mcnc.genlib;read_blif appntk/cla32_9_0.00015625_706_26.1.blif;print_map_stats" | grep -e "Most Negative Slack" -e "Total Area"
"appntk/cla32_9_0.00015625_706_26.1.blif", line 14: .and_gate_delay 1.9
Total Area		= 706.00
Most Negative Slack	= -39.90
Nodes = 346. Try = 292. Resub = 0. Div = 12088. SAT calls = 932. Timeouts = 0. MaxDivs = 0.
Attempts :   Remove      0 out of    584 (  0.00 %)   Resub       0 out of    104 (  0.00 %)   
Reduction:   Nodes       0 out of    346 (  0.00 %)   Edges       0 out of    692 (  0.00 %)   
Win =     0.00 sec (  0.86 %)
Div =     0.00 sec (  2.75 %)
Aig =     0.00 sec (  2.64 %)
Gia =     0.00 sec (  0.00 %)
Cnf =     0.00 sec (  0.58 %)
Sat =     0.03 sec ( 50.95 %)
Int =     0.00 sec (  0.00 %)
ALL =     0.06 sec (100.00 %)
round 10

0%   10   20   30   40   50   60   70   80   90   100%
|----|----|----|----|----|----|----|----|----|----|
seed = 1567227609 patience = 0
***************************************************
best node n374 best error 0.00015625
time = 59692524
cla32_10_0.00015625
area = 707
delay = 26.1
write_blif appntk/cla32_10_0.00015625_707_26.1.blif
sis -x -c "read_library data/genlib/mcnc.genlib;read_blif appntk/cla32_10_0.00015625_707_26.1.blif;print_map_stats" | grep -e "Most Negative Slack" -e "Total Area"
"appntk/cla32_10_0.00015625_707_26.1.blif", line 14: .and_gate_delay 1.9
Total Area		= 707.00
Most Negative Slack	= -40.00
Nodes = 345. Try = 297. Resub = 1. Div = 12630. SAT calls = 953. Timeouts = 0. MaxDivs = 0.
Attempts :   Remove      0 out of    593 (  0.00 %)   Resub       1 out of    109 (  0.92 %)   
Reduction:   Nodes       2 out of    345 (  0.58 %)   Edges       4 out of    690 (  0.58 %)   
Win =     0.00 sec (  0.87 %)
Div =     0.00 sec (  2.75 %)
Aig =     0.00 sec (  2.65 %)
Gia =     0.00 sec (  0.00 %)
Cnf =     0.00 sec (  0.60 %)
Sat =     0.03 sec ( 51.11 %)
Int =     0.00 sec (  0.64 %)
ALL =     0.07 sec (100.00 %)
round 11

0%   10   20   30   40   50   60   70   80   90   100%
|----|----|----|----|----|----|----|----|----|----|
seed = 1567227612 patience = 0
***************************************************
best node n312 best error 0.000175781
time = 62469341
cla32_11_0.000175781
area = 696
delay = 26.4
write_blif appntk/cla32_11_0.000175781_696_26.4.blif
sis -x -c "read_library data/genlib/mcnc.genlib;read_blif appntk/cla32_11_0.000175781_696_26.4.blif;print_map_stats" | grep -e "Most Negative Slack" -e "Total Area"
"appntk/cla32_11_0.000175781_696_26.4.blif", line 14: .and_gate_delay 1.9
Total Area		= 696.00
Most Negative Slack	= -43.30
Nodes = 338. Try = 284. Resub = 0. Div = 11369. SAT calls = 935. Timeouts = 0. MaxDivs = 0.
Attempts :   Remove      0 out of    568 (  0.00 %)   Resub       0 out of    105 (  0.00 %)   
Reduction:   Nodes       0 out of    338 (  0.00 %)   Edges       0 out of    676 (  0.00 %)   
Win =     0.00 sec (  0.87 %)
Div =     0.00 sec (  2.69 %)
Aig =     0.00 sec (  2.63 %)
Gia =     0.00 sec (  0.00 %)
Cnf =     0.00 sec (  0.59 %)
Sat =     0.03 sec ( 50.15 %)
Int =     0.00 sec (  0.00 %)
ALL =     0.06 sec (100.00 %)
round 12

0%   10   20   30   40   50   60   70   80   90   100%
|----|----|----|----|----|----|----|----|----|----|
seed = 1567227614 patience = 0
***************************************************
best node n310 best error 0.000175781
time = 65624261
cla32_12_0.000175781
area = 691
delay = 28.9
write_blif appntk/cla32_12_0.000175781_691_28.9.blif
sis -x -c "read_library data/genlib/mcnc.genlib;read_blif appntk/cla32_12_0.000175781_691_28.9.blif;print_map_stats" | grep -e "Most Negative Slack" -e "Total Area"
"appntk/cla32_12_0.000175781_691_28.9.blif", line 14: .and_gate_delay 1.9
Total Area		= 691.00
Most Negative Slack	= -46.40
Nodes = 335. Try = 281. Resub = 0. Div = 11255. SAT calls = 906. Timeouts = 0. MaxDivs = 0.
Attempts :   Remove      0 out of    562 (  0.00 %)   Resub       0 out of    104 (  0.00 %)   
Reduction:   Nodes       0 out of    335 (  0.00 %)   Edges       0 out of    670 (  0.00 %)   
Win =     0.00 sec (  0.88 %)
Div =     0.00 sec (  2.69 %)
Aig =     0.00 sec (  2.62 %)
Gia =     0.00 sec (  0.00 %)
Cnf =     0.00 sec (  0.58 %)
Sat =     0.03 sec ( 49.35 %)
Int =     0.00 sec (  0.00 %)
ALL =     0.06 sec (100.00 %)
round 13

0%   10   20   30   40   50   60   70   80   90   100%
|----|----|----|----|----|----|----|----|----|----|
seed = 1567227618 patience = 0
***************************************************
best node n315 best error 0.000175781
time = 68401796
cla32_13_0.000175781
area = 692
delay = 28.5
write_blif appntk/cla32_13_0.000175781_692_28.5.blif
sis -x -c "read_library data/genlib/mcnc.genlib;read_blif appntk/cla32_13_0.000175781_692_28.5.blif;print_map_stats" | grep -e "Most Negative Slack" -e "Total Area"
"appntk/cla32_13_0.000175781_692_28.5.blif", line 14: .and_gate_delay 1.9
Total Area		= 692.00
Most Negative Slack	= -46.00
Nodes = 334. Try = 281. Resub = 0. Div = 11260. SAT calls = 913. Timeouts = 0. MaxDivs = 0.
Attempts :   Remove      0 out of    562 (  0.00 %)   Resub       0 out of    104 (  0.00 %)   
Reduction:   Nodes       0 out of    334 (  0.00 %)   Edges       0 out of    668 (  0.00 %)   
Win =     0.00 sec (  0.76 %)
Div =     0.00 sec (  2.33 %)
Aig =     0.00 sec (  2.48 %)
Gia =     0.00 sec (  0.00 %)
Cnf =     0.00 sec (  0.51 %)
Sat =     0.04 sec ( 44.01 %)
Int =     0.00 sec (  0.00 %)
ALL =     0.09 sec (100.00 %)
round 14

0%   10   20   30   40   50   60   70   80   90   100%
|----|----|----|----|----|----|----|----|----|----|
seed = 1567227620 patience = 0
***************************************************
best node n360 best error 0.00046875
time = 71832381
cla32_14_0.00046875
area = 679
delay = 28.9
write_blif appntk/cla32_14_0.00046875_679_28.9.blif
sis -x -c "read_library data/genlib/mcnc.genlib;read_blif appntk/cla32_14_0.00046875_679_28.9.blif;print_map_stats" | grep -e "Most Negative Slack" -e "Total Area"
"appntk/cla32_14_0.00046875_679_28.9.blif", line 14: .and_gate_delay 1.9
Total Area		= 679.00
Most Negative Slack	= -46.00
Nodes = 330. Try = 280. Resub = 0. Div = 11357. SAT calls = 888. Timeouts = 0. MaxDivs = 0.
Attempts :   Remove      0 out of    560 (  0.00 %)   Resub       0 out of    105 (  0.00 %)   
Reduction:   Nodes       0 out of    330 (  0.00 %)   Edges       0 out of    660 (  0.00 %)   
Win =     0.00 sec (  0.88 %)
Div =     0.00 sec (  2.73 %)
Aig =     0.00 sec (  2.61 %)
Gia =     0.00 sec (  0.00 %)
Cnf =     0.00 sec (  0.62 %)
Sat =     0.03 sec ( 49.51 %)
Int =     0.00 sec (  0.00 %)
ALL =     0.06 sec (100.00 %)
round 15

0%   10   20   30   40   50   60   70   80   90   100%
|----|----|----|----|----|----|----|----|----|----|
seed = 1567227624 patience = 0
***************************************************
best node n332 best error 0.00202148
time = 74912170
cla32_15_0.00202148
area = 678
delay = 31.4
write_blif appntk/cla32_15_0.00202148_678_31.4.blif
sis -x -c "read_library data/genlib/mcnc.genlib;read_blif appntk/cla32_15_0.00202148_678_31.4.blif;print_map_stats" | grep -e "Most Negative Slack" -e "Total Area"
"appntk/cla32_15_0.00202148_678_31.4.blif", line 14: .and_gate_delay 1.9
Total Area		= 678.00
Most Negative Slack	= -48.90
Nodes = 327. Try = 281. Resub = 1. Div = 11065. SAT calls = 924. Timeouts = 0. MaxDivs = 0.
Attempts :   Remove      0 out of    562 (  0.00 %)   Resub       1 out of    108 (  0.93 %)   
Reduction:   Nodes       2 out of    327 (  0.61 %)   Edges       4 out of    654 (  0.61 %)   
Win =     0.00 sec (  0.87 %)
Div =     0.00 sec (  2.68 %)
Aig =     0.00 sec (  2.59 %)
Gia =     0.00 sec (  0.00 %)
Cnf =     0.00 sec (  0.57 %)
Sat =     0.03 sec ( 48.78 %)
Int =     0.00 sec (  0.70 %)
ALL =     0.06 sec (100.00 %)
round 16

0%   10   20   30   40   50   60   70   80   90   100%
|----|----|----|----|----|----|----|----|----|----|
seed = 1567227627 patience = 0
***************************************************
best node n326 best error 0.00202148
time = 77292605
cla32_16_0.00202148
area = 677
delay = 29.3
write_blif appntk/cla32_16_0.00202148_677_29.3.blif
sis -x -c "read_library data/genlib/mcnc.genlib;read_blif appntk/cla32_16_0.00202148_677_29.3.blif;print_map_stats" | grep -e "Most Negative Slack" -e "Total Area"
"appntk/cla32_16_0.00202148_677_29.3.blif", line 14: .and_gate_delay 1.9
Total Area		= 677.00
Most Negative Slack	= -45.00
Nodes = 324. Try = 277. Resub = 0. Div = 10951. SAT calls = 895. Timeouts = 0. MaxDivs = 0.
Attempts :   Remove      0 out of    554 (  0.00 %)   Resub       0 out of    104 (  0.00 %)   
Reduction:   Nodes       0 out of    324 (  0.00 %)   Edges       0 out of    648 (  0.00 %)   
Win =     0.00 sec (  0.88 %)
Div =     0.00 sec (  2.72 %)
Aig =     0.00 sec (  2.63 %)
Gia =     0.00 sec (  0.00 %)
Cnf =     0.00 sec (  0.60 %)
Sat =     0.03 sec ( 48.81 %)
Int =     0.00 sec (  0.00 %)
ALL =     0.06 sec (100.00 %)
round 17

0%   10   20   30   40   50   60   70   80   90   100%
|----|----|----|----|----|----|----|----|----|----|
seed = 1567227629 patience = 0
***************************************************
best node n259 best error 0.00217773
time = 79743690
cla32_17_0.00217773
area = 674
delay = 29.7
write_blif appntk/cla32_17_0.00217773_674_29.7.blif
sis -x -c "read_library data/genlib/mcnc.genlib;read_blif appntk/cla32_17_0.00217773_674_29.7.blif;print_map_stats" | grep -e "Most Negative Slack" -e "Total Area"
"appntk/cla32_17_0.00217773_674_29.7.blif", line 14: .and_gate_delay 1.9
Total Area		= 674.00
Most Negative Slack	= -45.30
Nodes = 323. Try = 274. Resub = 1. Div = 10522. SAT calls = 919. Timeouts = 0. MaxDivs = 0.
Attempts :   Remove      0 out of    548 (  0.00 %)   Resub       1 out of    105 (  0.95 %)   
Reduction:   Nodes       1 out of    323 (  0.31 %)   Edges       2 out of    646 (  0.31 %)   
Win =     0.00 sec (  0.85 %)
Div =     0.00 sec (  2.56 %)
Aig =     0.00 sec (  2.50 %)
Gia =     0.00 sec (  0.00 %)
Cnf =     0.00 sec (  0.58 %)
Sat =     0.03 sec ( 49.08 %)
Int =     0.00 sec (  1.15 %)
ALL =     0.06 sec (100.00 %)
round 18

0%   10   20   30   40   50   60   70   80   90   100%
|----|----|----|----|----|----|----|----|----|----|
seed = 1567227632 patience = 0
***************************************************
best node n257 best error 0.00217773
time = 81940884
cla32_18_0.00217773
area = 658
delay = 28.4
write_blif appntk/cla32_18_0.00217773_658_28.4.blif
sis -x -c "read_library data/genlib/mcnc.genlib;read_blif appntk/cla32_18_0.00217773_658_28.4.blif;print_map_stats" | grep -e "Most Negative Slack" -e "Total Area"
"appntk/cla32_18_0.00217773_658_28.4.blif", line 14: .and_gate_delay 1.9
Total Area		= 658.00
Most Negative Slack	= -45.60
Nodes = 319. Try = 268. Resub = 1. Div = 10008. SAT calls = 867. Timeouts = 0. MaxDivs = 0.
Attempts :   Remove      0 out of    535 (  0.00 %)   Resub       1 out of    104 (  0.96 %)   
Reduction:   Nodes       1 out of    319 (  0.31 %)   Edges       2 out of    638 (  0.31 %)   
Win =     0.00 sec (  0.90 %)
Div =     0.00 sec (  2.57 %)
Aig =     0.00 sec (  2.59 %)
Gia =     0.00 sec (  0.00 %)
Cnf =     0.00 sec (  0.55 %)
Sat =     0.03 sec ( 47.92 %)
Int =     0.00 sec (  0.89 %)
ALL =     0.05 sec (100.00 %)
round 19

0%   10   20   30   40   50   60   70   80   90   100%
|----|----|----|----|----|----|----|----|----|----|
seed = 1567227634 patience = 0
***************************************************
best node n281 best error 0.0251465
time = 84174387
cla32_19_0.0251465
area = 637
delay = 28.3
write_blif appntk/cla32_19_0.0251465_637_28.3.blif
sis -x -c "read_library data/genlib/mcnc.genlib;read_blif appntk/cla32_19_0.0251465_637_28.3.blif;print_map_stats" | grep -e "Most Negative Slack" -e "Total Area"
"appntk/cla32_19_0.0251465_637_28.3.blif", line 14: .and_gate_delay 1.9
Total Area		= 637.00
Most Negative Slack	= -46.00
Nodes = 314. Try = 263. Resub = 1. Div = 9680. SAT calls = 822. Timeouts = 0. MaxDivs = 0.
Attempts :   Remove      0 out of    526 (  0.00 %)   Resub       1 out of     99 (  1.01 %)   
Reduction:   Nodes       2 out of    314 (  0.64 %)   Edges       4 out of    628 (  0.64 %)   
Win =     0.00 sec (  0.87 %)
Div =     0.00 sec (  2.70 %)
Aig =     0.00 sec (  2.65 %)
Gia =     0.00 sec (  0.00 %)
Cnf =     0.00 sec (  0.59 %)
Sat =     0.02 sec ( 46.28 %)
Int =     0.00 sec (  0.69 %)
ALL =     0.05 sec (100.00 %)
round 20

0%   10   20   30   40   50   60   70   80   90   100%
|----|----|----|----|----|----|----|----|----|----|
seed = 1567227636 patience = 0
***************************************************
best node n213 best error 0.0287891
time = 86977296
cla32_20_0.0287891
area = 630
delay = 27.9
write_blif appntk/cla32_20_0.0287891_630_27.9.blif
sis -x -c "read_library data/genlib/mcnc.genlib;read_blif appntk/cla32_20_0.0287891_630_27.9.blif;print_map_stats" | grep -e "Most Negative Slack" -e "Total Area"
"appntk/cla32_20_0.0287891_630_27.9.blif", line 14: .and_gate_delay 1.9
Total Area		= 630.00
Most Negative Slack	= -44.60
Nodes = 311. Try = 262. Resub = 1. Div = 9787. SAT calls = 818. Timeouts = 0. MaxDivs = 0.
Attempts :   Remove      0 out of    523 (  0.00 %)   Resub       1 out of     99 (  1.01 %)   
Reduction:   Nodes       4 out of    311 (  1.29 %)   Edges       8 out of    622 (  1.29 %)   
Win =     0.00 sec (  0.94 %)
Div =     0.00 sec (  2.66 %)
Aig =     0.00 sec (  2.64 %)
Gia =     0.00 sec (  0.00 %)
Cnf =     0.00 sec (  0.59 %)
Sat =     0.02 sec ( 46.37 %)
Int =     0.00 sec (  1.00 %)
ALL =     0.05 sec (100.00 %)
round 21

0%   10   20   30   40   50   60   70   80   90   100%
|----|----|----|----|----|----|----|----|----|----|
seed = 1567227639 patience = 0
***************************************************
best node n327 best error 0.0287891
time = 88866807
cla32_21_0.0287891
area = 618
delay = 28.4
write_blif appntk/cla32_21_0.0287891_618_28.4.blif
sis -x -c "read_library data/genlib/mcnc.genlib;read_blif appntk/cla32_21_0.0287891_618_28.4.blif;print_map_stats" | grep -e "Most Negative Slack" -e "Total Area"
"appntk/cla32_21_0.0287891_618_28.4.blif", line 14: .and_gate_delay 1.9
Total Area		= 618.00
Most Negative Slack	= -42.80
Nodes = 305. Try = 255. Resub = 0. Div = 9495. SAT calls = 798. Timeouts = 0. MaxDivs = 0.
Attempts :   Remove      0 out of    510 (  0.00 %)   Resub       0 out of     96 (  0.00 %)   
Reduction:   Nodes       0 out of    305 (  0.00 %)   Edges       0 out of    610 (  0.00 %)   
Win =     0.00 sec (  0.92 %)
Div =     0.00 sec (  2.71 %)
Aig =     0.00 sec (  2.64 %)
Gia =     0.00 sec (  0.00 %)
Cnf =     0.00 sec (  0.62 %)
Sat =     0.02 sec ( 46.43 %)
Int =     0.00 sec (  0.00 %)
ALL =     0.05 sec (100.00 %)
round 22

0%   10   20   30   40   50   60   70   80   90   100%
|----|----|----|----|----|----|----|----|----|----|
seed = 1567227641 patience = 0
***************************************************
best node n321 best error 0.0287891
time = 91196113
cla32_22_0.0287891
area = 608
delay = 26.1
write_blif appntk/cla32_22_0.0287891_608_26.1.blif
sis -x -c "read_library data/genlib/mcnc.genlib;read_blif appntk/cla32_22_0.0287891_608_26.1.blif;print_map_stats" | grep -e "Most Negative Slack" -e "Total Area"
"appntk/cla32_22_0.0287891_608_26.1.blif", line 14: .and_gate_delay 1.9
Total Area		= 608.00
Most Negative Slack	= -40.40
Nodes = 298. Try = 265. Resub = 5. Div = 11300. SAT calls = 836. Timeouts = 0. MaxDivs = 0.
Attempts :   Remove      0 out of    525 (  0.00 %)   Resub       5 out of     98 (  5.10 %)   
Reduction:   Nodes       7 out of    298 (  2.35 %)   Edges      14 out of    596 (  2.35 %)   
Win =     0.00 sec (  0.89 %)
Div =     0.00 sec (  2.74 %)
Aig =     0.00 sec (  2.66 %)
Gia =     0.00 sec (  0.00 %)
Cnf =     0.00 sec (  0.61 %)
Sat =     0.03 sec ( 46.87 %)
Int =     0.00 sec (  3.15 %)
ALL =     0.06 sec (100.00 %)
round 23

0%   10   20   30   40   50   60   70   80   90   100%
|----|----|----|----|----|----|----|----|----|----|
seed = 1567227643 patience = 0
***************************************************
best node n395 best error 0.0287891
time = 93164190
cla32_23_0.0287891
area = 577
delay = 25.6
write_blif appntk/cla32_23_0.0287891_577_25.6.blif
sis -x -c "read_library data/genlib/mcnc.genlib;read_blif appntk/cla32_23_0.0287891_577_25.6.blif;print_map_stats" | grep -e "Most Negative Slack" -e "Total Area"
"appntk/cla32_23_0.0287891_577_25.6.blif", line 14: .and_gate_delay 1.9
Total Area		= 577.00
Most Negative Slack	= -39.80
Nodes = 287. Try = 246. Resub = 0. Div = 9996. SAT calls = 789. Timeouts = 0. MaxDivs = 0.
Attempts :   Remove      0 out of    492 (  0.00 %)   Resub       0 out of     93 (  0.00 %)   
Reduction:   Nodes       0 out of    287 (  0.00 %)   Edges       0 out of    574 (  0.00 %)   
Win =     0.00 sec (  0.85 %)
Div =     0.00 sec (  2.59 %)
Aig =     0.00 sec (  2.68 %)
Gia =     0.00 sec (  0.00 %)
Cnf =     0.00 sec (  0.60 %)
Sat =     0.03 sec ( 45.73 %)
Int =     0.00 sec (  0.00 %)
ALL =     0.06 sec (100.00 %)
round 24

0%   10   20   30   40   50   60   70   80   90   100%
|----|----|----|----|----|----|----|----|----|----|
seed = 1567227645 patience = 0
***************************************************
best node n371 best error 0.0287891
time = 95012333
cla32_24_0.0287891
area = 578
delay = 27.1
write_blif appntk/cla32_24_0.0287891_578_27.1.blif
sis -x -c "read_library data/genlib/mcnc.genlib;read_blif appntk/cla32_24_0.0287891_578_27.1.blif;print_map_stats" | grep -e "Most Negative Slack" -e "Total Area"
"appntk/cla32_24_0.0287891_578_27.1.blif", line 14: .and_gate_delay 1.9
Total Area		= 578.00
Most Negative Slack	= -42.30
Nodes = 285. Try = 244. Resub = 0. Div = 9982. SAT calls = 785. Timeouts = 0. MaxDivs = 0.
Attempts :   Remove      0 out of    488 (  0.00 %)   Resub       0 out of     93 (  0.00 %)   
Reduction:   Nodes       0 out of    285 (  0.00 %)   Edges       0 out of    570 (  0.00 %)   
Win =     0.00 sec (  0.95 %)
Div =     0.00 sec (  2.90 %)
Aig =     0.00 sec (  2.78 %)
Gia =     0.00 sec (  0.00 %)
Cnf =     0.00 sec (  0.64 %)
Sat =     0.02 sec ( 47.88 %)
Int =     0.00 sec (  0.00 %)
ALL =     0.05 sec (100.00 %)
round 25

0%   10   20   30   40   50   60   70   80   90   100%
|----|----|----|----|----|----|----|----|----|----|
seed = 1567227647 patience = 0
***************************************************
best node n269 best error 0.052959
time = 96736549
