Entered genlib library with 23 gates from file "data/genlib/mcnc.genlib".
0

0%   10   20   30   40   50   60   70   80   90   100%
|----|----|----|----|----|----|----|----|----|----|
***************************************************
best node n726 best error 0
area = 2477
delay = 17.9
1

0%   10   20   30   40   50   60   70   80   90   100%
|----|----|----|----|----|----|----|----|----|----|
***************************************************
best node n366 best error 0
area = 2430
delay = 17.8
2

0%   10   20   30   40   50   60   70   80   90   100%
|----|----|----|----|----|----|----|----|----|----|
***************************************************
best node n379 best error 0
area = 2462
delay = 18.9
3

0%   10   20   30   40   50   60   70   80   90   100%
|----|----|----|----|----|----|----|----|----|----|
***************************************************
best node n395 best error 0
area = 2479
delay = 18.3
4

0%   10   20   30   40   50   60   70   80   90   100%
|----|----|----|----|----|----|----|----|----|----|
***************************************************
best node n416 best error 0
area = 2427
delay = 18.4
5

0%   10   20   30   40   50   60   70   80   90   100%
|----|----|----|----|----|----|----|----|----|----|
***************************************************
best node n515 best error 0
area = 2462
delay = 18.5
6

0%   10   20   30   40   50   60   70   80   90   100%
|----|----|----|----|----|----|----|----|----|----|
***************************************************
best node n899 best error 0
area = 2460
delay = 16.5
7

0%   10   20   30   40   50   60   70   80   90   100%
|----|----|----|----|----|----|----|----|----|----|
***************************************************
best node n905 best error 0
area = 2469
delay = 16.6
8

0%   10   20   30   40   50   60   70   80   90   100%
|----|----|----|----|----|----|----|----|----|----|
***************************************************
best node n629 best error 0
area = 2440
delay = 18.6
9

0%   10   20   30   40   50   60   70   80   90   100%
|----|----|----|----|----|----|----|----|----|----|
***************************************************
best node n638 best error 0
area = 2443
delay = 19.4
10

0%   10   20   30   40   50   60   70   80   90   100%
|----|----|----|----|----|----|----|----|----|----|
***************************************************
best node n639 best error 0
area = 2429
delay = 18
11

0%   10   20   30   40   50   60   70   80   90   100%
|----|----|----|----|----|----|----|----|----|----|
***************************************************
best node n780 best error 0
area = 2431
delay = 19.6
12

0%   10   20   30   40   50   60   70   80   90   100%
|----|----|----|----|----|----|----|----|----|----|
***************************************************
best node n845 best error 0
area = 2391
delay = 17.1
13

0%   10   20   30   40   50   60   70   80   90   100%
|----|----|----|----|----|----|----|----|----|----|
***************************************************
best node n862 best error 0
area = 2449
delay = 20.1
14

0%   10   20   30   40   50   60   70   80   90   100%
|----|----|----|----|----|----|----|----|----|----|
***************************************************
best node n740_1 best error 0
area = 2403
delay = 16.7
15

0%   10   20   30   40   50   60   70   80   90   100%
|----|----|----|----|----|----|----|----|----|----|
***************************************************
best node n182 best error 3.90625e-05
area = 2459
delay = 18.4
16

0%   10   20   30   40   50   60   70   80   90   100%
|----|----|----|----|----|----|----|----|----|----|
***************************************************
Network does not change, frame number changes to 5120
area = 2386
delay = 18.3
17

0%   10   20   30   40   50   60   70   80   90   100%
|----|----|----|----|----|----|----|----|----|----|
***************************************************
best node n279 best error 0.000185547
area = 2445
delay = 16.8
18

0%   10   20   30   40   50   60   70   80   90   100%
|----|----|----|----|----|----|----|----|----|----|
***************************************************
best node n275 best error 0.000449219
area = 2409
delay = 17.1
19

0%   10   20   30   40   50   60   70   80   90   100%
|----|----|----|----|----|----|----|----|----|----|
***************************************************
best node n283 best error 0.000742187
area = 2434
delay = 17.2
20

0%   10   20   30   40   50   60   70   80   90   100%
|----|----|----|----|----|----|----|----|----|----|
***************************************************
Network does not change, frame number changes to 2560
area = 2394
delay = 18
21

0%   10   20   30   40   50   60   70   80   90   100%
|----|----|----|----|----|----|----|----|----|----|
***************************************************
best node n1 best error 0.000771484
area = 2418
delay = 17.9
22

0%   10   20   30   40   50   60   70   80   90   100%
|----|----|----|----|----|----|----|----|----|----|
***************************************************
best node n734_1 best error 0.000888672
area = 2384
delay = 18.5
23

0%   10   20   30   40   50   60   70   80   90   100%
|----|----|----|----|----|----|----|----|----|----|
***************************************************
best node n773 best error 0.00102539
area = 2432
delay = 17.6
24

0%   10   20   30   40   50   60   70   80   90   100%
|----|----|----|----|----|----|----|----|----|----|
***************************************************
best node n739 best error 0.00173828
area = 2381
delay = 19.5
25

0%   10   20   30   40   50   60   70   80   90   100%
|----|----|----|----|----|----|----|----|----|----|
***************************************************
best node n270 best error 0.00267578
area = 2383
delay = 18.1
26

0%   10   20   30   40   50   60   70   80   90   100%
|----|----|----|----|----|----|----|----|----|----|
***************************************************
Network does not change, frame number changes to 1280
area = 2397
delay = 18.8
27

0%   10   20   30   40   50   60   70   80   90   100%
|----|----|----|----|----|----|----|----|----|----|
***************************************************
best node n765 best error 0.00273437
area = 2380
delay = 18.4
28

0%   10   20   30   40   50   60   70   80   90   100%
|----|----|----|----|----|----|----|----|----|----|
***************************************************
best node n156 best error 0.00282227
area = 2381
delay = 19.7
29

0%   10   20   30   40   50   60   70   80   90   100%
|----|----|----|----|----|----|----|----|----|----|
***************************************************
best node n767 best error 0.00291992
area = 2365
delay = 20.2
30

0%   10   20   30   40   50   60   70   80   90   100%
|----|----|----|----|----|----|----|----|----|----|
***************************************************
best node n166 best error 0.00302734
area = 2352
delay = 18.4
31

0%   10   20   30   40   50   60   70   80   90   100%
|----|----|----|----|----|----|----|----|----|----|
***************************************************
best node n771 best error 0.00314453
area = 2344
delay = 17.6
32

0%   10   20   30   40   50   60   70   80   90   100%
|----|----|----|----|----|----|----|----|----|----|
***************************************************
best node n730_2 best error 0.00342773
area = 2356
delay = 18.2
33

0%   10   20   30   40   50   60   70   80   90   100%
|----|----|----|----|----|----|----|----|----|----|
***************************************************
best node n727 best error 0.00374023
area = 2382
delay = 19.2
34

0%   10   20   30   40   50   60   70   80   90   100%
|----|----|----|----|----|----|----|----|----|----|
***************************************************
best node n790 best error 0.00411133
area = 2330
delay = 18.8
35

0%   10   20   30   40   50   60   70   80   90   100%
|----|----|----|----|----|----|----|----|----|----|
***************************************************
best node n783 best error 0.00456055
area = 2305
delay = 18
36

0%   10   20   30   40   50   60   70   80   90   100%
|----|----|----|----|----|----|----|----|----|----|
***************************************************
best node n466 best error 0.0050293
area = 2315
delay = 19.5
37

0%   10   20   30   40   50   60   70   80   90   100%
|----|----|----|----|----|----|----|----|----|----|
***************************************************
best node n912 best error 0.00550781
area = 2370
delay = 17.7
38

0%   10   20   30   40   50   60   70   80   90   100%
|----|----|----|----|----|----|----|----|----|----|
***************************************************
best node n788 best error 0.00620117
area = 2335
delay = 17.9
39

0%   10   20   30   40   50   60   70   80   90   100%
|----|----|----|----|----|----|----|----|----|----|
***************************************************
best node n729 best error 0.00698242
area = 2325
delay = 16.9
40

0%   10   20   30   40   50   60   70   80   90   100%
|----|----|----|----|----|----|----|----|----|----|
***************************************************
best node o_5_ best error 0.00875977
area = 2261
delay = 19.1
41

0%   10   20   30   40   50   60   70   80   90   100%
|----|----|----|----|----|----|----|----|----|----|
***************************************************
best node n611 best error 0.0111426
area = 2303
delay = 19.9
42

0%   10   20   30   40   50   60   70   80   90   100%
|----|----|----|----|----|----|----|----|----|----|
***************************************************
best node n710_1 best error 0.0119336
area = 2256
delay = 18.1
43

0%   10   20   30   40   50   60   70   80   90   100%
|----|----|----|----|----|----|----|----|----|----|
***************************************************
best node n733_1 best error 0.015
area = 2302
delay = 17.7
44

0%   10   20   30   40   50   60   70   80   90   100%
|----|----|----|----|----|----|----|----|----|----|
***************************************************
best node n705_1 best error 0.0158398
area = 2207
delay = 18.4
45

0%   10   20   30   40   50   60   70   80   90   100%
|----|----|----|----|----|----|----|----|----|----|
***************************************************
Network does not change, frame number changes to 640
area = 2260
delay = 20.4
46

0%   10   20   30   40   50   60   70   80   90   100%
|----|----|----|----|----|----|----|----|----|----|
***************************************************
best node n585 best error 0.0158789
area = 2214
delay = 17.2
47

0%   10   20   30   40   50   60   70   80   90   100%
|----|----|----|----|----|----|----|----|----|----|
***************************************************
best node n131 best error 0.015918
area = 2248
delay = 17.5
48

0%   10   20   30   40   50   60   70   80   90   100%
|----|----|----|----|----|----|----|----|----|----|
***************************************************
best node n588 best error 0.015957
area = 2250
delay = 19.6
49

0%   10   20   30   40   50   60   70   80   90   100%
|----|----|----|----|----|----|----|----|----|----|
***************************************************
best node n724 best error 0.0160059
area = 2244
delay = 17.8
50

0%   10   20   30   40   50   60   70   80   90   100%
|----|----|----|----|----|----|----|----|----|----|
***************************************************
best node n533 best error 0.0160645
area = 2228
delay = 17.4
51

0%   10   20   30   40   50   60   70   80   90   100%
|----|----|----|----|----|----|----|----|----|----|
***************************************************
best node n581 best error 0.0161328
area = 2233
delay = 17.4
52

0%   10   20   30   40   50   60   70   80   90   100%
|----|----|----|----|----|----|----|----|----|----|
***************************************************
best node n698_2 best error 0.0162109
area = 2240
delay = 18.2
53

0%   10   20   30   40   50   60   70   80   90   100%
|----|----|----|----|----|----|----|----|----|----|
***************************************************
best node n758 best error 0.0162988
area = 2228
delay = 17.9
54

0%   10   20   30   40   50   60   70   80   90   100%
|----|----|----|----|----|----|----|----|----|----|
***************************************************
best node n846 best error 0.0163867
area = 2243
delay = 17.2
55

0%   10   20   30   40   50   60   70   80   90   100%
|----|----|----|----|----|----|----|----|----|----|
***************************************************
best node n699_1 best error 0.0163867
area = 2192
delay = 17.1
56

0%   10   20   30   40   50   60   70   80   90   100%
|----|----|----|----|----|----|----|----|----|----|
***************************************************
best node n574 best error 0.0164844
area = 2192
delay = 17.6
57

0%   10   20   30   40   50   60   70   80   90   100%
|----|----|----|----|----|----|----|----|----|----|
***************************************************
best node n597 best error 0.016582
area = 2224
delay = 18.7
58

0%   10   20   30   40   50   60   70   80   90   100%
|----|----|----|----|----|----|----|----|----|----|
***************************************************
best node n891 best error 0.0166797
area = 2206
delay = 18
59

0%   10   20   30   40   50   60   70   80   90   100%
|----|----|----|----|----|----|----|----|----|----|
***************************************************
best node n937 best error 0.0167969
area = 2211
delay = 17.4
60

0%   10   20   30   40   50   60   70   80   90   100%
|----|----|----|----|----|----|----|----|----|----|
***************************************************
best node n618 best error 0.0167969
area = 2187
delay = 17.8
61

0%   10   20   30   40   50   60   70   80   90   100%
|----|----|----|----|----|----|----|----|----|----|
***************************************************
best node n133 best error 0.0169238
area = 2205
delay = 23.4
62

0%   10   20   30   40   50   60   70   80   90   100%
|----|----|----|----|----|----|----|----|----|----|
***************************************************
best node n732_2 best error 0.0170508
area = 2195
delay = 18.3
63

0%   10   20   30   40   50   60   70   80   90   100%
|----|----|----|----|----|----|----|----|----|----|
***************************************************
best node n498 best error 0.0171875
area = 2161
delay = 17.9
64

0%   10   20   30   40   50   60   70   80   90   100%
|----|----|----|----|----|----|----|----|----|----|
***************************************************
best node n514 best error 0.017334
area = 2189
delay = 17.4
65

0%   10   20   30   40   50   60   70   80   90   100%
|----|----|----|----|----|----|----|----|----|----|
***************************************************
best node n267 best error 0.0174707
area = 2185
delay = 18.5
66

0%   10   20   30   40   50   60   70   80   90   100%
|----|----|----|----|----|----|----|----|----|----|
***************************************************
best node n896 best error 0.017627
area = 2191
delay = 21
67

0%   10   20   30   40   50   60   70   80   90   100%
|----|----|----|----|----|----|----|----|----|----|
***************************************************
best node n79 best error 0.0178906
area = 2202
delay = 18
68

0%   10   20   30   40   50   60   70   80   90   100%
|----|----|----|----|----|----|----|----|----|----|
***************************************************
best node n770 best error 0.0182129
area = 2153
delay = 17.9
69

0%   10   20   30   40   50   60   70   80   90   100%
|----|----|----|----|----|----|----|----|----|----|
***************************************************
best node n5 best error 0.0183789
area = 2106
delay = 16.4
70

0%   10   20   30   40   50   60   70   80   90   100%
|----|----|----|----|----|----|----|----|----|----|
***************************************************
best node n51 best error 0.0187207
area = 2146
delay = 18.2
71

0%   10   20   30   40   50   60   70   80   90   100%
|----|----|----|----|----|----|----|----|----|----|
***************************************************
best node n171 best error 0.0190625
area = 2120
delay = 17.1
72

0%   10   20   30   40   50   60   70   80   90   100%
|----|----|----|----|----|----|----|----|----|----|
***************************************************
best node n713_3 best error 0.0191504
area = 2116
delay = 17.9
73

0%   10   20   30   40   50   60   70   80   90   100%
|----|----|----|----|----|----|----|----|----|----|
***************************************************
best node n678 best error 0.0192383
area = 2108
delay = 17.5
74

0%   10   20   30   40   50   60   70   80   90   100%
|----|----|----|----|----|----|----|----|----|----|
***************************************************
best node n297 best error 0.0194922
area = 2097
delay = 17.5
75

0%   10   20   30   40   50   60   70   80   90   100%
|----|----|----|----|----|----|----|----|----|----|
***************************************************
best node o_7_ best error 0.0198437
area = 2088
delay = 16.6
76

0%   10   20   30   40   50   60   70   80   90   100%
|----|----|----|----|----|----|----|----|----|----|
***************************************************
best node n703_1 best error 0.0201953
area = 2078
delay = 17.4
77

0%   10   20   30   40   50   60   70   80   90   100%
|----|----|----|----|----|----|----|----|----|----|
***************************************************
best node n933 best error 0.0206348
area = 2044
delay = 16.9
78

0%   10   20   30   40   50   60   70   80   90   100%
|----|----|----|----|----|----|----|----|----|----|
***************************************************
best node n747 best error 0.021084
area = 2086
delay = 16.4
79

0%   10   20   30   40   50   60   70   80   90   100%
|----|----|----|----|----|----|----|----|----|----|
***************************************************
best node n820 best error 0.0215527
area = 2071
delay = 18.1
80

0%   10   20   30   40   50   60   70   80   90   100%
|----|----|----|----|----|----|----|----|----|----|
***************************************************
best node n778 best error 0.0220898
area = 2034
delay = 17.2
81

0%   10   20   30   40   50   60   70   80   90   100%
|----|----|----|----|----|----|----|----|----|----|
***************************************************
best node n792 best error 0.0226465
area = 2025
delay = 15.7
82

0%   10   20   30   40   50   60   70   80   90   100%
|----|----|----|----|----|----|----|----|----|----|
***************************************************
best node n819 best error 0.0233008
area = 2014
delay = 16.6
83

0%   10   20   30   40   50   60   70   80   90   100%
|----|----|----|----|----|----|----|----|----|----|
***************************************************
best node n718 best error 0.0238574
area = 1957
delay = 16.6
84

0%   10   20   30   40   50   60   70   80   90   100%
|----|----|----|----|----|----|----|----|----|----|
***************************************************
best node n94 best error 0.0238574
area = 2002
delay = 17.1
85

0%   10   20   30   40   50   60   70   80   90   100%
|----|----|----|----|----|----|----|----|----|----|
***************************************************
best node n8 best error 0.0244238
area = 1987
delay = 18.7
86

0%   10   20   30   40   50   60   70   80   90   100%
|----|----|----|----|----|----|----|----|----|----|
***************************************************
best node n754 best error 0.0244238
area = 1982
delay = 17.3
87

0%   10   20   30   40   50   60   70   80   90   100%
|----|----|----|----|----|----|----|----|----|----|
***************************************************
best node n531 best error 0.0250977
area = 1988
delay = 17.5
88

0%   10   20   30   40   50   60   70   80   90   100%
|----|----|----|----|----|----|----|----|----|----|
***************************************************
best node n139 best error 0.025791
area = 1970
delay = 17.4
89

0%   10   20   30   40   50   60   70   80   90   100%
|----|----|----|----|----|----|----|----|----|----|
***************************************************
best node n648_1 best error 0.025791
area = 1962
delay = 19
90

0%   10   20   30   40   50   60   70   80   90   100%
|----|----|----|----|----|----|----|----|----|----|
***************************************************
best node n647_1 best error 0.025791
area = 1948
delay = 16.7
91

0%   10   20   30   40   50   60   70   80   90   100%
|----|----|----|----|----|----|----|----|----|----|
***************************************************
best node n791 best error 0.0266504
area = 1965
delay = 16.3
92

0%   10   20   30   40   50   60   70   80   90   100%
|----|----|----|----|----|----|----|----|----|----|
***************************************************
best node n667_1 best error 0.0275879
area = 1913
delay = 18.9
93

0%   10   20   30   40   50   60   70   80   90   100%
|----|----|----|----|----|----|----|----|----|----|
***************************************************
best node n37 best error 0.0275879
area = 1884
delay = 16.5
94

0%   10   20   30   40   50   60   70   80   90   100%
|----|----|----|----|----|----|----|----|----|----|
***************************************************
best node n109 best error 0.0275879
area = 1843
delay = 17.1
95

0%   10   20   30   40   50   60   70   80   90   100%
|----|----|----|----|----|----|----|----|----|----|
***************************************************
best node n687_1 best error 0.0278418
area = 1879
delay = 19.6
96

0%   10   20   30   40   50   60   70   80   90   100%
|----|----|----|----|----|----|----|----|----|----|
***************************************************
best node n671_1 best error 0.0281055
area = 1873
delay = 17.5
97

0%   10   20   30   40   50   60   70   80   90   100%
|----|----|----|----|----|----|----|----|----|----|
***************************************************
best node n170 best error 0.0281055
area = 1879
delay = 19.6
98

0%   10   20   30   40   50   60   70   80   90   100%
|----|----|----|----|----|----|----|----|----|----|
***************************************************
best node n716_1 best error 0.0288281
area = 1882
delay = 16.7
99

0%   10   20   30   40   50   60   70   80   90   100%
|----|----|----|----|----|----|----|----|----|----|
***************************************************
best node n640_1 best error 0.0296094
area = 1839
delay = 16.8
