Entered genlib library with 23 gates from file "data/genlib/mcnc.genlib".
0

0%   10   20   30   40   50   60   70   80   90   100%
|----|----|----|----|----|----|----|----|----|----|
***************************************************
Network does not change, frame number changes to 5120
area = 2594
delay = 52.3
1

0%   10   20   30   40   50   60   70   80   90   100%
|----|----|----|----|----|----|----|----|----|----|
***************************************************
Network does not change, frame number changes to 2560
area = 2591
delay = 52.8
2

0%   10   20   30   40   50   60   70   80   90   100%
|----|----|----|----|----|----|----|----|----|----|
***************************************************
Network does not change, frame number changes to 1280
area = 2594
delay = 52.3
3

0%   10   20   30   40   50   60   70   80   90   100%
|----|----|----|----|----|----|----|----|----|----|
***************************************************
Network does not change, frame number changes to 640
area = 2591
delay = 52.8
4

0%   10   20   30   40   50   60   70   80   90   100%
|----|----|----|----|----|----|----|----|----|----|
***************************************************
Network does not change, frame number changes to 320
area = 2594
delay = 52.3
5

0%   10   20   30   40   50   60   70   80   90   100%
|----|----|----|----|----|----|----|----|----|----|
***************************************************
Network does not change, frame number changes to 160
area = 2591
delay = 52.8
6

0%   10   20   30   40   50   60   70   80   90   100%
|----|----|----|----|----|----|----|----|----|----|
***************************************************
Network does not change, frame number changes to 80
area = 2594
delay = 52.3
7

0%   10   20   30   40   50   60   70   80   90   100%
|----|----|----|----|----|----|----|----|----|----|
***************************************************
Network does not change, frame number changes to 40
area = 2591
delay = 52.8
8
[debug assert] src/appMfs.cpp:10: Assertion '(frameNumber >= 64)' failed.
