Entered genlib library with 23 gates from file "data/genlib/mcnc.genlib".
0

0%   10   20   30   40   50   60   70   80   90   100%
|----|----|----|----|----|----|----|----|----|----|
***************************************************
Network does not change, frame number changes to 5120
area = 592
delay = 24.6
1

0%   10   20   30   40   50   60   70   80   90   100%
|----|----|----|----|----|----|----|----|----|----|
***************************************************
best node G878gat best error 7.8125e-05
area = 590
delay = 24.6
2

0%   10   20   30   40   50   60   70   80   90   100%
|----|----|----|----|----|----|----|----|----|----|
***************************************************
best node G864gat best error 0.000185547
area = 585
delay = 24.6
3

0%   10   20   30   40   50   60   70   80   90   100%
|----|----|----|----|----|----|----|----|----|----|
***************************************************
best node G874gat best error 0.000302734
area = 583
delay = 24.6
4

0%   10   20   30   40   50   60   70   80   90   100%
|----|----|----|----|----|----|----|----|----|----|
***************************************************
Network does not change, frame number changes to 2560
area = 583
delay = 24.6
5

0%   10   20   30   40   50   60   70   80   90   100%
|----|----|----|----|----|----|----|----|----|----|
***************************************************
best node G524gat best error 0.000351563
area = 582
delay = 24.6
6

0%   10   20   30   40   50   60   70   80   90   100%
|----|----|----|----|----|----|----|----|----|----|
***************************************************
best node G850gat best error 0.000673828
area = 577
delay = 24.6
7

0%   10   20   30   40   50   60   70   80   90   100%
|----|----|----|----|----|----|----|----|----|----|
***************************************************
best node G865gat best error 0.000712891
area = 572
delay = 24.6
8

0%   10   20   30   40   50   60   70   80   90   100%
|----|----|----|----|----|----|----|----|----|----|
***************************************************
Network does not change, frame number changes to 1280
area = 572
delay = 24.6
9

0%   10   20   30   40   50   60   70   80   90   100%
|----|----|----|----|----|----|----|----|----|----|
***************************************************
best node G880gat best error 0.000429687
area = 571
delay = 23.8
10

0%   10   20   30   40   50   60   70   80   90   100%
|----|----|----|----|----|----|----|----|----|----|
***************************************************
best node G863gat best error 0.000478516
area = 570
delay = 26.4
11

0%   10   20   30   40   50   60   70   80   90   100%
|----|----|----|----|----|----|----|----|----|----|
***************************************************
best node G879gat best error 0.000517578
area = 561
delay = 26.4
12

0%   10   20   30   40   50   60   70   80   90   100%
|----|----|----|----|----|----|----|----|----|----|
***************************************************
Network does not change, frame number changes to 640
area = 561
delay = 26.4
13

0%   10   20   30   40   50   60   70   80   90   100%
|----|----|----|----|----|----|----|----|----|----|
***************************************************
Network does not change, frame number changes to 320
area = 561
delay = 26.4
14

0%   10   20   30   40   50   60   70   80   90   100%
|----|----|----|----|----|----|----|----|----|----|
***************************************************
best node G573gat best error 0.00148437
area = 560
delay = 26.4
15

0%   10   20   30   40   50   60   70   80   90   100%
|----|----|----|----|----|----|----|----|----|----|
***************************************************
best node G577gat best error 0.00197266
area = 558
delay = 25.6
16

0%   10   20   30   40   50   60   70   80   90   100%
|----|----|----|----|----|----|----|----|----|----|
***************************************************
best node G581gat best error 0.00238281
area = 558
delay = 23.2
17

0%   10   20   30   40   50   60   70   80   90   100%
|----|----|----|----|----|----|----|----|----|----|
***************************************************
best node G569gat best error 0.00280273
area = 551
delay = 22.7
18

0%   10   20   30   40   50   60   70   80   90   100%
|----|----|----|----|----|----|----|----|----|----|
***************************************************
best node n372 best error 0.0187793
area = 548
delay = 22.7
19

0%   10   20   30   40   50   60   70   80   90   100%
|----|----|----|----|----|----|----|----|----|----|
***************************************************
Network does not change, frame number changes to 160
area = 548
delay = 22.7
20

0%   10   20   30   40   50   60   70   80   90   100%
|----|----|----|----|----|----|----|----|----|----|
***************************************************
best node G561gat best error 0.0190918
area = 546
delay = 24.5
21

0%   10   20   30   40   50   60   70   80   90   100%
|----|----|----|----|----|----|----|----|----|----|
***************************************************
best node G505gat best error 0.0193945
area = 546
delay = 23.6
22

0%   10   20   30   40   50   60   70   80   90   100%
|----|----|----|----|----|----|----|----|----|----|
***************************************************
best node G565gat best error 0.0197656
area = 546
delay = 23.6
23

0%   10   20   30   40   50   60   70   80   90   100%
|----|----|----|----|----|----|----|----|----|----|
***************************************************
best node G553gat best error 0.0203125
area = 529
delay = 22.3
24

0%   10   20   30   40   50   60   70   80   90   100%
|----|----|----|----|----|----|----|----|----|----|
***************************************************
best node G466gat best error 0.0260645
area = 525
delay = 22.3
25

0%   10   20   30   40   50   60   70   80   90   100%
|----|----|----|----|----|----|----|----|----|----|
***************************************************
best node G773gat best error 0.0319043
area = 518
delay = 22.8
26

0%   10   20   30   40   50   60   70   80   90   100%
|----|----|----|----|----|----|----|----|----|----|
***************************************************
best node G557gat best error 0.0380469
area = 516
delay = 22.8
27

0%   10   20   30   40   50   60   70   80   90   100%
|----|----|----|----|----|----|----|----|----|----|
***************************************************
best node G442gat best error 0.0446289
area = 519
delay = 22.6
28

0%   10   20   30   40   50   60   70   80   90   100%
|----|----|----|----|----|----|----|----|----|----|
***************************************************
Network does not change, frame number changes to 80
area = 519
delay = 22.6
29

0%   10   20   30   40   50   60   70   80   90   100%
|----|----|----|----|----|----|----|----|----|----|
***************************************************
best node n340 best error 0.0445117
area = 516
delay = 22.6
30

0%   10   20   30   40   50   60   70   80   90   100%
|----|----|----|----|----|----|----|----|----|----|
***************************************************
best node n348 best error 0.0499414
area = 513
delay = 22.6
31

0%   10   20   30   40   50   60   70   80   90   100%
|----|----|----|----|----|----|----|----|----|----|
***************************************************
best node n339 best error 0.0529688
area = 514
delay = 21.3
32

0%   10   20   30   40   50   60   70   80   90   100%
|----|----|----|----|----|----|----|----|----|----|
***************************************************
best node n350 best error 0.0573535
area = 506
delay = 21.3
33

0%   10   20   30   40   50   60   70   80   90   100%
|----|----|----|----|----|----|----|----|----|----|
***************************************************
best node n347 best error 0.0637305
area = 501
delay = 21.3
34

0%   10   20   30   40   50   60   70   80   90   100%
|----|----|----|----|----|----|----|----|----|----|
***************************************************
best node G541gat best error 0.0722949
area = 500
delay = 21.3
35

0%   10   20   30   40   50   60   70   80   90   100%
|----|----|----|----|----|----|----|----|----|----|
***************************************************
best node G539gat best error 0.0792969
area = 496
delay = 21.1
36

0%   10   20   30   40   50   60   70   80   90   100%
|----|----|----|----|----|----|----|----|----|----|
***************************************************
best node G536gat best error 0.0845996
area = 498
delay = 21.6
37

0%   10   20   30   40   50   60   70   80   90   100%
|----|----|----|----|----|----|----|----|----|----|
***************************************************
best node n335 best error 0.091084
area = 497
delay = 21.7
38

0%   10   20   30   40   50   60   70   80   90   100%
|----|----|----|----|----|----|----|----|----|----|
***************************************************
best node G787gat best error 0.103193
area = 494
delay = 21.7
39

0%   10   20   30   40   50   60   70   80   90   100%
|----|----|----|----|----|----|----|----|----|----|
***************************************************
best node G815gat best error 0.116387
area = 506
delay = 24.2
40

0%   10   20   30   40   50   60   70   80   90   100%
|----|----|----|----|----|----|----|----|----|----|
***************************************************
best node n363 best error 0.130127
area = 503
delay = 24.2
41

0%   10   20   30   40   50   60   70   80   90   100%
|----|----|----|----|----|----|----|----|----|----|
***************************************************
best node n367 best error 0.158525
area = 495
delay = 23.9
42

0%   10   20   30   40   50   60   70   80   90   100%
|----|----|----|----|----|----|----|----|----|----|
***************************************************
best node n371 best error 0.188984
area = 484
delay = 23.6
43

0%   10   20   30   40   50   60   70   80   90   100%
|----|----|----|----|----|----|----|----|----|----|
***************************************************
best node n365 best error 0.217227
area = 479
delay = 23.9
44

0%   10   20   30   40   50   60   70   80   90   100%
|----|----|----|----|----|----|----|----|----|----|
***************************************************
best node n319 best error 0.217227
area = 479
delay = 23.9
45

0%   10   20   30   40   50   60   70   80   90   100%
|----|----|----|----|----|----|----|----|----|----|
***************************************************
best node n368 best error 0.24373
area = 472
delay = 23.4
46

0%   10   20   30   40   50   60   70   80   90   100%
|----|----|----|----|----|----|----|----|----|----|
***************************************************
Network does not change, frame number changes to 40
area = 472
delay = 23.4
47
[debug assert] src/appMfs.cpp:10: Assertion '(frameNumber >= 64)' failed.
