Entered genlib library with 23 gates from file "data/genlib/mcnc.genlib".
Line 7: Skipping line ".default_input_arrival 0.00 0.00 ".
Line 8: Skipping line ".default_output_required 0.00 0.00 ".
Line 9: Skipping line ".default_input_drive 0.10 0.10 ".
Line 10: Skipping line ".default_output_load 2.00 ".
Line 11: Skipping line ".default_max_input_load 999.00 ".
Original area = 1069, original delay = 37.8
round 0

0%   10   20   30   40   50   60   70   80   90   100%
|----|----|----|----|----|----|----|----|----|----|
seed = 1567260646 patience = 0
***************************************************
best node [167126] best error 0
time = 9428959
mtp8_0_0
area = 1053
delay = 37
write_blif appntk/mtp8_0_0_1053_37.blif
round 1

0%   10   20   30   40   50   60   70   80   90   100%
|----|----|----|----|----|----|----|----|----|----|
seed = 1567260656 patience = 0
***************************************************
time = 18875213
mtp8_1_0
area = 1046
delay = 34.3
write_blif appntk/mtp8_1_0_1046_34.3.blif
round 2

0%   10   20   30   40   50   60   70   80   90   100%
|----|----|----|----|----|----|----|----|----|----|
seed = 1567260666 patience = 1
***************************************************
best node n189 best error 0.0118945
time = 28195935
mtp8_2_0.0118945
area = 1033
delay = 33.4
write_blif appntk/mtp8_2_0.0118945_1033_33.4.blif
round 3

0%   10   20   30   40   50   60   70   80   90   100%
|----|----|----|----|----|----|----|----|----|----|
seed = 1567260675 patience = 0
***************************************************
time = 37270985
mtp8_3_0.0118945
area = 1032
delay = 33.4
write_blif appntk/mtp8_3_0.0118945_1032_33.4.blif
round 4

0%   10   20   30   40   50   60   70   80   90   100%
|----|----|----|----|----|----|----|----|----|----|
seed = 1567260684 patience = 1
***************************************************
time = 46307371
mtp8_4_0.0118945
area = 1033
delay = 33.4
write_blif appntk/mtp8_4_0.0118945_1033_33.4.blif
round 5

0%   10   20   30   40   50   60   70   80   90   100%
|----|----|----|----|----|----|----|----|----|----|
seed = 1567260693 patience = 2
***************************************************
best node n85 best error 0.0241797
time = 55333290
mtp8_5_0.0241797
area = 1027
delay = 33.4
write_blif appntk/mtp8_5_0.0241797_1027_33.4.blif
round 6

0%   10   20   30   40   50   60   70   80   90   100%
|----|----|----|----|----|----|----|----|----|----|
seed = 1567260702 patience = 0
***************************************************
time = 64243454
mtp8_6_0.0241797
area = 1022
delay = 33
write_blif appntk/mtp8_6_0.0241797_1022_33.blif
round 7

0%   10   20   30   40   50   60   70   80   90   100%
|----|----|----|----|----|----|----|----|----|----|
seed = 1567260711 patience = 1
***************************************************
time = 73116998
mtp8_7_0.0241797
area = 1020
delay = 33
write_blif appntk/mtp8_7_0.0241797_1020_33.blif
round 8

0%   10   20   30   40   50   60   70   80   90   100%
|----|----|----|----|----|----|----|----|----|----|
seed = 1567260720 patience = 2
***************************************************
time = 82026364
mtp8_8_0.0241797
area = 1022
delay = 33
write_blif appntk/mtp8_8_0.0241797_1022_33.blif
round 9

0%   10   20   30   40   50   60   70   80   90   100%
|----|----|----|----|----|----|----|----|----|----|
seed = 1567260729 patience = 3
***************************************************
time = 90918615
mtp8_9_0.0241797
area = 1020
delay = 33
write_blif appntk/mtp8_9_0.0241797_1020_33.blif
round 10

0%   10   20   30   40   50   60   70   80   90   100%
|----|----|----|----|----|----|----|----|----|----|
seed = 1567260738 patience = 4
***************************************************
Network does not change, frame number changes to 128
time = 99771751
mtp8_10_0.0241797
area = 1022
delay = 33
write_blif appntk/mtp8_10_0.0241797_1022_33.blif
round 11

0%   10   20   30   40   50   60   70   80   90   100%
|----|----|----|----|----|----|----|----|----|----|
seed = 1567260747 patience = 0
***************************************************
best node n155 best error 0.0352246
time = 105108567
mtp8_11_0.0352246
area = 1026
delay = 32.8
write_blif appntk/mtp8_11_0.0352246_1026_32.8.blif
round 12

0%   10   20   30   40   50   60   70   80   90   100%
|----|----|----|----|----|----|----|----|----|----|
seed = 1567260752 patience = 0
***************************************************
time = 110331547
mtp8_12_0.0352246
area = 1027
delay = 32.8
write_blif appntk/mtp8_12_0.0352246_1027_32.8.blif
round 13

0%   10   20   30   40   50   60   70   80   90   100%
|----|----|----|----|----|----|----|----|----|----|
seed = 1567260757 patience = 1
***************************************************
time = 115590634
mtp8_13_0.0352246
area = 1026
delay = 32.8
write_blif appntk/mtp8_13_0.0352246_1026_32.8.blif
round 14

0%   10   20   30   40   50   60   70   80   90   100%
|----|----|----|----|----|----|----|----|----|----|
seed = 1567260762 patience = 2
***************************************************
time = 120803806
mtp8_14_0.0352246
area = 1027
delay = 32.8
write_blif appntk/mtp8_14_0.0352246_1027_32.8.blif
round 15

0%   10   20   30   40   50   60   70   80   90   100%
|----|----|----|----|----|----|----|----|----|----|
seed = 1567260768 patience = 3
***************************************************
time = 126039688
mtp8_15_0.0352246
area = 1026
delay = 32.8
write_blif appntk/mtp8_15_0.0352246_1026_32.8.blif
round 16

0%   10   20   30   40   50   60   70   80   90   100%
|----|----|----|----|----|----|----|----|----|----|
seed = 1567260773 patience = 4
***************************************************
Network does not change, frame number changes to 64
time = 131294555
mtp8_16_0.0352246
area = 1027
delay = 32.8
write_blif appntk/mtp8_16_0.0352246_1027_32.8.blif
round 17

0%   10   20   30   40   50   60   70   80   90   100%
|----|----|----|----|----|----|----|----|----|----|
seed = 1567260778 patience = 0
***************************************************
best node n374 best error 0.0997461
time = 134721479
