Entered genlib library with 23 gates from file "data/genlib/mcnc.genlib".
Original area = 2798, original delay = 12.7

round 0
seed = 0 patienceN = 0 patienceM = 0 frameNumber = 64 nLocalPI = 14

0%   10   20   30   40   50   60   70   80   90   100%
|----|----|----|----|----|----|----|----|----|----|
***************************************************
best node n68 best error 0
time = 16940487
Cannot meet the target required times (12.70). Continue anyway.
Cannot meet the target required times (12.70). Continue anyway.
Cannot meet the target required times (12.70). Continue anyway.
Cannot meet the target required times (12.70). Continue anyway.
Cannot meet the target required times (12.70). Continue anyway.
Cannot meet the target required times (12.70). Continue anyway.
Cannot meet the target required times (12.70). Continue anyway.
Cannot meet the target required times (12.70). Continue anyway.
Cannot meet the target required times (12.70). Continue anyway.
Cannot meet the target required times (12.70). Continue anyway.
Warning: exceed required delay
area = 2588
delay = 13
write_blif appntk/alu4_0_0_2588_13.blif

round 1
seed = 1567439900 patienceN = 0 patienceM = 0 frameNumber = 64 nLocalPI = 14

0%   10   20   30   40   50   60   70   80   90   100%
|----|----|----|----|----|----|----|----|----|----|
***************************************************
best node n103 best error 0
time = 39862247
Cannot meet the target required times (12.70). Continue anyway.
Cannot meet the target required times (12.70). Continue anyway.
Cannot meet the target required times (12.70). Continue anyway.
Cannot meet the target required times (12.70). Continue anyway.
Cannot meet the target required times (12.70). Continue anyway.
Cannot meet the target required times (12.70). Continue anyway.
Cannot meet the target required times (12.70). Continue anyway.
area = 2651
delay = 12.7
write_blif appntk/alu4_1_0_2651_12.7.blif

round 2
seed = 1567439919 patienceN = 0 patienceM = 0 frameNumber = 64 nLocalPI = 14

0%   10   20   30   40   50   60   70   80   90   100%
|----|----|----|----|----|----|----|----|----|----|
***************************************************
best node n804 best error 0
time = 62107776
Cannot meet the target required times (12.70). Continue anyway.
Cannot meet the target required times (12.70). Continue anyway.
Cannot meet the target required times (12.70). Continue anyway.
Cannot meet the target required times (12.70). Continue anyway.
Cannot meet the target required times (12.70). Continue anyway.
Cannot meet the target required times (12.70). Continue anyway.
Cannot meet the target required times (12.70). Continue anyway.
Cannot meet the target required times (12.70). Continue anyway.
Cannot meet the target required times (12.70). Continue anyway.
Cannot meet the target required times (12.70). Continue anyway.
Warning: exceed required delay
area = 2538
delay = 12.9
write_blif appntk/alu4_2_0_2538_12.9.blif

round 3
seed = 1567439942 patienceN = 0 patienceM = 0 frameNumber = 64 nLocalPI = 14

0%   10   20   30   40   50   60   70   80   90   100%
|----|----|----|----|----|----|----|----|----|----|
***************************************************
best node n168 best error 0
time = 83805918
Cannot meet the target required times (12.70). Continue anyway.
Cannot meet the target required times (12.70). Continue anyway.
Cannot meet the target required times (12.70). Continue anyway.
Cannot meet the target required times (12.70). Continue anyway.
Cannot meet the target required times (12.70). Continue anyway.
Cannot meet the target required times (12.70). Continue anyway.
Cannot meet the target required times (12.70). Continue anyway.
Cannot meet the target required times (12.70). Continue anyway.
Cannot meet the target required times (12.70). Continue anyway.
Warning: exceed required delay
area = 2577
delay = 12.9
write_blif appntk/alu4_3_0_2577_12.9.blif

round 4
seed = 1567439964 patienceN = 0 patienceM = 0 frameNumber = 64 nLocalPI = 14

0%   10   20   30   40   50   60   70   80   90   100%
|----|----|----|----|----|----|----|----|----|----|
***************************************************
best node n282 best error 0
time = 106231361
Cannot meet the target required times (12.70). Continue anyway.
Cannot meet the target required times (12.70). Continue anyway.
Cannot meet the target required times (12.70). Continue anyway.
Cannot meet the target required times (12.70). Continue anyway.
Cannot meet the target required times (12.70). Continue anyway.
Cannot meet the target required times (12.70). Continue anyway.
Cannot meet the target required times (12.70). Continue anyway.
Cannot meet the target required times (12.70). Continue anyway.
Cannot meet the target required times (12.70). Continue anyway.
Cannot meet the target required times (12.70). Continue anyway.
Warning: exceed required delay
area = 2528
delay = 13
write_blif appntk/alu4_4_0_2528_13.blif

round 5
seed = 1567439986 patienceN = 0 patienceM = 0 frameNumber = 64 nLocalPI = 14

0%   10   20   30   40   50   60   70   80   90   100%
|----|----|----|----|----|----|----|----|----|----|
***************************************************
best node n1100 best error 0
time = 129580899
Cannot meet the target required times (12.70). Continue anyway.
Cannot meet the target required times (12.70). Continue anyway.
Cannot meet the target required times (12.70). Continue anyway.
Cannot meet the target required times (12.70). Continue anyway.
Cannot meet the target required times (12.70). Continue anyway.
Cannot meet the target required times (12.70). Continue anyway.
Cannot meet the target required times (12.70). Continue anyway.
Cannot meet the target required times (12.70). Continue anyway.
area = 2572
delay = 12.7
write_blif appntk/alu4_5_0_2572_12.7.blif

round 6
seed = 1567440009 patienceN = 0 patienceM = 0 frameNumber = 64 nLocalPI = 14

0%   10   20   30   40   50   60   70   80   90   100%
|----|----|----|----|----|----|----|----|----|----|
***************************************************
best node n613 best error 9.76562e-06
time = 147441451
Cannot meet the target required times (12.70). Continue anyway.
Cannot meet the target required times (12.70). Continue anyway.
Cannot meet the target required times (12.70). Continue anyway.
Cannot meet the target required times (12.70). Continue anyway.
Cannot meet the target required times (12.70). Continue anyway.
Cannot meet the target required times (12.70). Continue anyway.
Cannot meet the target required times (12.70). Continue anyway.
area = 2532
delay = 12.8
write_blif appntk/alu4_6_9.76562e-06_2532_12.8.blif

round 7
seed = 1567440032 patienceN = 0 patienceM = 0 frameNumber = 64 nLocalPI = 14

0%   10   20   30   40   50   60   70   80   90   100%
|----|----|----|----|----|----|----|----|----|----|
***************************************************
best node n952 best error 2.92969e-05
time = 169319115
Cannot meet the target required times (12.70). Continue anyway.
Cannot meet the target required times (12.70). Continue anyway.
area = 2554
delay = 12.7
write_blif appntk/alu4_7_2.92969e-05_2554_12.7.blif

round 8
seed = 1567440050 patienceN = 0 patienceM = 0 frameNumber = 64 nLocalPI = 14

0%   10   20   30   40   50   60   70   80   90   100%
|----|----|----|----|----|----|----|----|----|----|
***************************************************
best node n298 best error 6.83594e-05
time = 189140053
Cannot meet the target required times (12.70). Continue anyway.
Cannot meet the target required times (12.70). Continue anyway.
Cannot meet the target required times (12.70). Continue anyway.
Cannot meet the target required times (12.70). Continue anyway.
Cannot meet the target required times (12.70). Continue anyway.
Cannot meet the target required times (12.70). Continue anyway.
Cannot meet the target required times (12.70). Continue anyway.
Cannot meet the target required times (12.70). Continue anyway.
Cannot meet the target required times (12.70). Continue anyway.
Cannot meet the target required times (12.70). Continue anyway.
Cannot meet the target required times (12.70). Continue anyway.
Warning: exceed required delay
area = 2544
delay = 13
write_blif appntk/alu4_8_6.83594e-05_2544_13.blif

round 9
seed = 1567440072 patienceN = 0 patienceM = 0 frameNumber = 64 nLocalPI = 14

0%   10   20   30   40   50   60   70   80   90   100%
|----|----|----|----|----|----|----|----|----|----|
***************************************************
best node n670 best error 0.000107422
time = 207205581
Cannot meet the target required times (12.70). Continue anyway.
Cannot meet the target required times (12.70). Continue anyway.
Cannot meet the target required times (12.70). Continue anyway.
Cannot meet the target required times (12.70). Continue anyway.
Cannot meet the target required times (12.70). Continue anyway.
Cannot meet the target required times (12.70). Continue anyway.
Warning: exceed required delay
area = 2553
delay = 13
write_blif appntk/alu4_9_0.000107422_2553_13.blif

round 10
seed = 1567440091 patienceN = 0 patienceM = 0 frameNumber = 64 nLocalPI = 14

0%   10   20   30   40   50   60   70   80   90   100%
|----|----|----|----|----|----|----|----|----|----|
***************************************************
best node n281 best error 0.000146484
time = 225552417
Cannot meet the target required times (12.70). Continue anyway.
Cannot meet the target required times (12.70). Continue anyway.
Cannot meet the target required times (12.70). Continue anyway.
Cannot meet the target required times (12.70). Continue anyway.
Cannot meet the target required times (12.70). Continue anyway.
area = 2541
delay = 12.7
write_blif appntk/alu4_10_0.000146484_2541_12.7.blif

round 11
seed = 1567440109 patienceN = 0 patienceM = 0 frameNumber = 64 nLocalPI = 14

0%   10   20   30   40   50   60   70   80   90   100%
|----|----|----|----|----|----|----|----|----|----|
***************************************************
best node n1016 best error 0.000185547
time = 245820592
Cannot meet the target required times (12.70). Continue anyway.
Cannot meet the target required times (12.70). Continue anyway.
Cannot meet the target required times (12.70). Continue anyway.
Cannot meet the target required times (12.70). Continue anyway.
Cannot meet the target required times (12.70). Continue anyway.
Cannot meet the target required times (12.70). Continue anyway.
Cannot meet the target required times (12.70). Continue anyway.
Cannot meet the target required times (12.70). Continue anyway.
Cannot meet the target required times (12.70). Continue anyway.
Cannot meet the target required times (12.70). Continue anyway.
Cannot meet the target required times (12.70). Continue anyway.
Warning: exceed required delay
area = 2513
delay = 13.1
write_blif appntk/alu4_11_0.000185547_2513_13.1.blif

round 12
seed = 1567440128 patienceN = 0 patienceM = 0 frameNumber = 64 nLocalPI = 14

0%   10   20   30   40   50   60   70   80   90   100%
|----|----|----|----|----|----|----|----|----|----|
***************************************************
best node n389 best error 0.000224609
time = 265272273
Cannot meet the target required times (12.70). Continue anyway.
Cannot meet the target required times (12.70). Continue anyway.
Cannot meet the target required times (12.70). Continue anyway.
Cannot meet the target required times (12.70). Continue anyway.
Cannot meet the target required times (12.70). Continue anyway.
Cannot meet the target required times (12.70). Continue anyway.
Cannot meet the target required times (12.70). Continue anyway.
Cannot meet the target required times (12.70). Continue anyway.
Cannot meet the target required times (12.70). Continue anyway.
Cannot meet the target required times (12.70). Continue anyway.
Cannot meet the target required times (12.70). Continue anyway.
Warning: exceed required delay
area = 2482
delay = 13.1
write_blif appntk/alu4_12_0.000224609_2482_13.1.blif

round 13
seed = 1567440148 patienceN = 0 patienceM = 0 frameNumber = 64 nLocalPI = 14

0%   10   20   30   40   50   60   70   80   90   100%
|----|----|----|----|----|----|----|----|----|----|
***************************************************
best node n1162 best error 0.000263672
time = 285093387
Cannot meet the target required times (12.70). Continue anyway.
Cannot meet the target required times (12.70). Continue anyway.
Cannot meet the target required times (12.70). Continue anyway.
Cannot meet the target required times (12.70). Continue anyway.
Cannot meet the target required times (12.70). Continue anyway.
Cannot meet the target required times (12.70). Continue anyway.
Cannot meet the target required times (12.70). Continue anyway.
Cannot meet the target required times (12.70). Continue anyway.
Cannot meet the target required times (12.70). Continue anyway.
Cannot meet the target required times (12.70). Continue anyway.
Cannot meet the target required times (12.70). Continue anyway.
Warning: exceed required delay
area = 2496
delay = 13.1
write_blif appntk/alu4_13_0.000263672_2496_13.1.blif

round 14
seed = 1567440168 patienceN = 0 patienceM = 0 frameNumber = 64 nLocalPI = 14

0%   10   20   30   40   50   60   70   80   90   100%
|----|----|----|----|----|----|----|----|----|----|
***************************************************
best node n651 best error 0.000263672
time = 302490190
Cannot meet the target required times (12.70). Continue anyway.
Cannot meet the target required times (12.70). Continue anyway.
Cannot meet the target required times (12.70). Continue anyway.
Cannot meet the target required times (12.70). Continue anyway.
Cannot meet the target required times (12.70). Continue anyway.
Cannot meet the target required times (12.70). Continue anyway.
Cannot meet the target required times (12.70). Continue anyway.
Cannot meet the target required times (12.70). Continue anyway.
Cannot meet the target required times (12.70). Continue anyway.
Cannot meet the target required times (12.70). Continue anyway.
Cannot meet the target required times (12.70). Continue anyway.
Warning: exceed required delay
area = 2492
delay = 13.1
write_blif appntk/alu4_14_0.000263672_2492_13.1.blif

round 15
seed = 1567440187 patienceN = 0 patienceM = 0 frameNumber = 64 nLocalPI = 14

0%   10   20   30   40   50   60   70   80   90   100%
|----|----|----|----|----|----|----|----|----|----|
***************************************************
best node n633 best error 0.000263672
time = 320210698
Cannot meet the target required times (12.70). Continue anyway.
Cannot meet the target required times (12.70). Continue anyway.
Cannot meet the target required times (12.70). Continue anyway.
Cannot meet the target required times (12.70). Continue anyway.
Cannot meet the target required times (12.70). Continue anyway.
Cannot meet the target required times (12.70). Continue anyway.
Cannot meet the target required times (12.70). Continue anyway.
Cannot meet the target required times (12.70). Continue anyway.
Cannot meet the target required times (12.70). Continue anyway.
Cannot meet the target required times (12.70). Continue anyway.
Cannot meet the target required times (12.70). Continue anyway.
Warning: exceed required delay
area = 2451
delay = 13.1
write_blif appntk/alu4_15_0.000263672_2451_13.1.blif

round 16
seed = 1567440205 patienceN = 0 patienceM = 0 frameNumber = 64 nLocalPI = 14

0%   10   20   30   40   50   60   70   80   90   100%
|----|----|----|----|----|----|----|----|----|----|
***************************************************
best node n1212 best error 0.000263672
time = 337681219
Cannot meet the target required times (12.70). Continue anyway.
Cannot meet the target required times (12.70). Continue anyway.
Cannot meet the target required times (12.70). Continue anyway.
Cannot meet the target required times (12.70). Continue anyway.
Cannot meet the target required times (12.70). Continue anyway.
Cannot meet the target required times (12.70). Continue anyway.
Cannot meet the target required times (12.70). Continue anyway.
Cannot meet the target required times (12.70). Continue anyway.
Cannot meet the target required times (12.70). Continue anyway.
Cannot meet the target required times (12.70). Continue anyway.
Cannot meet the target required times (12.70). Continue anyway.
Warning: exceed required delay
area = 2502
delay = 13.1
write_blif appntk/alu4_16_0.000263672_2502_13.1.blif

round 17
seed = 1567440223 patienceN = 0 patienceM = 0 frameNumber = 64 nLocalPI = 14

0%   10   20   30   40   50   60   70   80   90   100%
|----|----|----|----|----|----|----|----|----|----|
***************************************************
best node n1265 best error 0.000263672
time = 354431351
Cannot meet the target required times (12.70). Continue anyway.
Cannot meet the target required times (12.70). Continue anyway.
Cannot meet the target required times (12.70). Continue anyway.
Cannot meet the target required times (12.70). Continue anyway.
Cannot meet the target required times (12.70). Continue anyway.
Cannot meet the target required times (12.70). Continue anyway.
Cannot meet the target required times (12.70). Continue anyway.
Cannot meet the target required times (12.70). Continue anyway.
Cannot meet the target required times (12.70). Continue anyway.
Cannot meet the target required times (12.70). Continue anyway.
Cannot meet the target required times (12.70). Continue anyway.
Warning: exceed required delay
area = 2449
delay = 13.1
write_blif appntk/alu4_17_0.000263672_2449_13.1.blif

round 18
seed = 1567440240 patienceN = 0 patienceM = 0 frameNumber = 64 nLocalPI = 14

0%   10   20   30   40   50   60   70   80   90   100%
|----|----|----|----|----|----|----|----|----|----|
***************************************************
best node n1038 best error 0.000292969
time = 371498534
Cannot meet the target required times (12.70). Continue anyway.
Cannot meet the target required times (12.70). Continue anyway.
Cannot meet the target required times (12.70). Continue anyway.
Cannot meet the target required times (12.70). Continue anyway.
Cannot meet the target required times (12.70). Continue anyway.
Cannot meet the target required times (12.70). Continue anyway.
Cannot meet the target required times (12.70). Continue anyway.
Cannot meet the target required times (12.70). Continue anyway.
Cannot meet the target required times (12.70). Continue anyway.
Cannot meet the target required times (12.70). Continue anyway.
Cannot meet the target required times (12.70). Continue anyway.
Warning: exceed required delay
area = 2449
delay = 13.4
write_blif appntk/alu4_18_0.000292969_2449_13.4.blif

round 19
seed = 1567440257 patienceN = 0 patienceM = 0 frameNumber = 64 nLocalPI = 14

0%   10   20   30   40   50   60   70   80   90   100%
|----|----|----|----|----|----|----|----|----|----|
***************************************************
best node n1044 best error 0.000292969
time = 388499207
Cannot meet the target required times (12.70). Continue anyway.
Cannot meet the target required times (12.70). Continue anyway.
Cannot meet the target required times (12.70). Continue anyway.
Cannot meet the target required times (12.70). Continue anyway.
Cannot meet the target required times (12.70). Continue anyway.
Cannot meet the target required times (12.70). Continue anyway.
Cannot meet the target required times (12.70). Continue anyway.
Cannot meet the target required times (12.70). Continue anyway.
Cannot meet the target required times (12.70). Continue anyway.
Cannot meet the target required times (12.70). Continue anyway.
Cannot meet the target required times (12.70). Continue anyway.
Warning: exceed required delay
area = 2499
delay = 13.1
write_blif appntk/alu4_19_0.000292969_2499_13.1.blif

round 20
seed = 1567440274 patienceN = 0 patienceM = 0 frameNumber = 64 nLocalPI = 14

0%   10   20   30   40   50   60   70   80   90   100%
|----|----|----|----|----|----|----|----|----|----|
***************************************************
best node n978 best error 0.000322266
time = 406188210
Cannot meet the target required times (12.70). Continue anyway.
Cannot meet the target required times (12.70). Continue anyway.
Cannot meet the target required times (12.70). Continue anyway.
Cannot meet the target required times (12.70). Continue anyway.
Cannot meet the target required times (12.70). Continue anyway.
Cannot meet the target required times (12.70). Continue anyway.
Cannot meet the target required times (12.70). Continue anyway.
Cannot meet the target required times (12.70). Continue anyway.
Cannot meet the target required times (12.70). Continue anyway.
Cannot meet the target required times (12.70). Continue anyway.
Cannot meet the target required times (12.70). Continue anyway.
Warning: exceed required delay
area = 2474
delay = 13
write_blif appntk/alu4_20_0.000322266_2474_13.blif

round 21
seed = 1567440291 patienceN = 0 patienceM = 0 frameNumber = 64 nLocalPI = 14

0%   10   20   30   40   50   60   70   80   90   100%
|----|----|----|----|----|----|----|----|----|----|
***************************************************
best node n1214 best error 0.000322266
time = 424184165
Cannot meet the target required times (12.70). Continue anyway.
Cannot meet the target required times (12.70). Continue anyway.
Cannot meet the target required times (12.70). Continue anyway.
Cannot meet the target required times (12.70). Continue anyway.
Cannot meet the target required times (12.70). Continue anyway.
Cannot meet the target required times (12.70). Continue anyway.
Cannot meet the target required times (12.70). Continue anyway.
Cannot meet the target required times (12.70). Continue anyway.
Cannot meet the target required times (12.70). Continue anyway.
Cannot meet the target required times (12.70). Continue anyway.
Cannot meet the target required times (12.70). Continue anyway.
Warning: exceed required delay
area = 2434
delay = 13.1
write_blif appntk/alu4_21_0.000322266_2434_13.1.blif

round 22
seed = 1567440309 patienceN = 0 patienceM = 0 frameNumber = 64 nLocalPI = 14

0%   10   20   30   40   50   60   70   80   90   100%
|----|----|----|----|----|----|----|----|----|----|
***************************************************
best node n448 best error 0.000371094
time = 442651798
Cannot meet the target required times (12.70). Continue anyway.
Cannot meet the target required times (12.70). Continue anyway.
Cannot meet the target required times (12.70). Continue anyway.
Cannot meet the target required times (12.70). Continue anyway.
Cannot meet the target required times (12.70). Continue anyway.
Cannot meet the target required times (12.70). Continue anyway.
Cannot meet the target required times (12.70). Continue anyway.
Cannot meet the target required times (12.70). Continue anyway.
Cannot meet the target required times (12.70). Continue anyway.
Cannot meet the target required times (12.70). Continue anyway.
Cannot meet the target required times (12.70). Continue anyway.
Warning: exceed required delay
area = 2480
delay = 13.2
write_blif appntk/alu4_22_0.000371094_2480_13.2.blif

round 23
seed = 1567440327 patienceN = 0 patienceM = 0 frameNumber = 64 nLocalPI = 14

0%   10   20   30   40   50   60   70   80   90   100%
|----|----|----|----|----|----|----|----|----|----|
***************************************************
best node n1184 best error 0.000390625
time = 460309839
Cannot meet the target required times (12.70). Continue anyway.
Cannot meet the target required times (12.70). Continue anyway.
Cannot meet the target required times (12.70). Continue anyway.
Cannot meet the target required times (12.70). Continue anyway.
Cannot meet the target required times (12.70). Continue anyway.
Cannot meet the target required times (12.70). Continue anyway.
Cannot meet the target required times (12.70). Continue anyway.
Cannot meet the target required times (12.70). Continue anyway.
Cannot meet the target required times (12.70). Continue anyway.
Cannot meet the target required times (12.70). Continue anyway.
Cannot meet the target required times (12.70). Continue anyway.
Warning: exceed required delay
area = 2459
delay = 13
write_blif appntk/alu4_23_0.000390625_2459_13.blif

round 24
seed = 1567440345 patienceN = 0 patienceM = 0 frameNumber = 64 nLocalPI = 14

0%   10   20   30   40   50   60   70   80   90   100%
|----|----|----|----|----|----|----|----|----|----|
***************************************************
best node n234 best error 0.000429687
time = 477208504
Cannot meet the target required times (12.70). Continue anyway.
Cannot meet the target required times (12.70). Continue anyway.
Cannot meet the target required times (12.70). Continue anyway.
Cannot meet the target required times (12.70). Continue anyway.
Cannot meet the target required times (12.70). Continue anyway.
Cannot meet the target required times (12.70). Continue anyway.
Cannot meet the target required times (12.70). Continue anyway.
Cannot meet the target required times (12.70). Continue anyway.
Cannot meet the target required times (12.70). Continue anyway.
Cannot meet the target required times (12.70). Continue anyway.
Cannot meet the target required times (12.70). Continue anyway.
Warning: exceed required delay
area = 2456
delay = 13.1
write_blif appntk/alu4_24_0.000429687_2456_13.1.blif

round 25
seed = 1567440363 patienceN = 0 patienceM = 0 frameNumber = 64 nLocalPI = 14

0%   10   20   30   40   50   60   70   80   90   100%
|----|----|----|----|----|----|----|----|----|----|
***************************************************
best node n993 best error 0.000478516
time = 494160670
Cannot meet the target required times (12.70). Continue anyway.
Cannot meet the target required times (12.70). Continue anyway.
Cannot meet the target required times (12.70). Continue anyway.
Cannot meet the target required times (12.70). Continue anyway.
Cannot meet the target required times (12.70). Continue anyway.
Cannot meet the target required times (12.70). Continue anyway.
Cannot meet the target required times (12.70). Continue anyway.
Cannot meet the target required times (12.70). Continue anyway.
Cannot meet the target required times (12.70). Continue anyway.
Cannot meet the target required times (12.70). Continue anyway.
Cannot meet the target required times (12.70). Continue anyway.
Warning: exceed required delay
area = 2387
delay = 13.2
write_blif appntk/alu4_25_0.000478516_2387_13.2.blif

round 26
seed = 1567440380 patienceN = 0 patienceM = 0 frameNumber = 64 nLocalPI = 14

0%   10   20   30   40   50   60   70   80   90   100%
|----|----|----|----|----|----|----|----|----|----|
***************************************************
best node n1239 best error 0.000517578
time = 511449835
Cannot meet the target required times (12.70). Continue anyway.
Cannot meet the target required times (12.70). Continue anyway.
Cannot meet the target required times (12.70). Continue anyway.
Cannot meet the target required times (12.70). Continue anyway.
Cannot meet the target required times (12.70). Continue anyway.
Cannot meet the target required times (12.70). Continue anyway.
Cannot meet the target required times (12.70). Continue anyway.
Cannot meet the target required times (12.70). Continue anyway.
Cannot meet the target required times (12.70). Continue anyway.
Cannot meet the target required times (12.70). Continue anyway.
Cannot meet the target required times (12.70). Continue anyway.
Warning: exceed required delay
area = 2406
delay = 13
write_blif appntk/alu4_26_0.000517578_2406_13.blif

round 27
seed = 1567440397 patienceN = 0 patienceM = 0 frameNumber = 64 nLocalPI = 14

0%   10   20   30   40   50   60   70   80   90   100%
|----|----|----|----|----|----|----|----|----|----|
***************************************************
best node n267 best error 0.000566406
time = 527393357
Cannot meet the target required times (12.70). Continue anyway.
Cannot meet the target required times (12.70). Continue anyway.
Cannot meet the target required times (12.70). Continue anyway.
Cannot meet the target required times (12.70). Continue anyway.
Cannot meet the target required times (12.70). Continue anyway.
Cannot meet the target required times (12.70). Continue anyway.
Cannot meet the target required times (12.70). Continue anyway.
Cannot meet the target required times (12.70). Continue anyway.
Cannot meet the target required times (12.70). Continue anyway.
Cannot meet the target required times (12.70). Continue anyway.
Cannot meet the target required times (12.70). Continue anyway.
Warning: exceed required delay
area = 2405
delay = 13.2
write_blif appntk/alu4_27_0.000566406_2405_13.2.blif

round 28
seed = 1567440414 patienceN = 0 patienceM = 0 frameNumber = 64 nLocalPI = 14

0%   10   20   30   40   50   60   70   80   90   100%
|----|----|----|----|----|----|----|----|----|----|
***************************************************
best node n550 best error 0.000615234
time = 543971419
Cannot meet the target required times (12.70). Continue anyway.
Cannot meet the target required times (12.70). Continue anyway.
Cannot meet the target required times (12.70). Continue anyway.
Cannot meet the target required times (12.70). Continue anyway.
Cannot meet the target required times (12.70). Continue anyway.
Cannot meet the target required times (12.70). Continue anyway.
Cannot meet the target required times (12.70). Continue anyway.
Cannot meet the target required times (12.70). Continue anyway.
Cannot meet the target required times (12.70). Continue anyway.
Cannot meet the target required times (12.70). Continue anyway.
Cannot meet the target required times (12.70). Continue anyway.
Warning: exceed required delay
area = 2423
delay = 13
write_blif appntk/alu4_28_0.000615234_2423_13.blif

round 29
seed = 1567440430 patienceN = 0 patienceM = 0 frameNumber = 64 nLocalPI = 14

0%   10   20   30   40   50   60   70   80   90   100%
|----|----|----|----|----|----|----|----|----|----|
***************************************************
best node n965 best error 0.000615234
time = 560951189
Cannot meet the target required times (12.70). Continue anyway.
Cannot meet the target required times (12.70). Continue anyway.
Cannot meet the target required times (12.70). Continue anyway.
Cannot meet the target required times (12.70). Continue anyway.
Cannot meet the target required times (12.70). Continue anyway.
Cannot meet the target required times (12.70). Continue anyway.
Cannot meet the target required times (12.70). Continue anyway.
Cannot meet the target required times (12.70). Continue anyway.
Cannot meet the target required times (12.70). Continue anyway.
Cannot meet the target required times (12.70). Continue anyway.
Cannot meet the target required times (12.70). Continue anyway.
Warning: exceed required delay
area = 2421
delay = 13.1
write_blif appntk/alu4_29_0.000615234_2421_13.1.blif

round 30
seed = 1567440447 patienceN = 0 patienceM = 0 frameNumber = 64 nLocalPI = 14

0%   10   20   30   40   50   60   70   80   90   100%
|----|----|----|----|----|----|----|----|----|----|
***************************************************
best node n68 best error 0.000615234
time = 577798592
Cannot meet the target required times (12.70). Continue anyway.
Cannot meet the target required times (12.70). Continue anyway.
Cannot meet the target required times (12.70). Continue anyway.
Cannot meet the target required times (12.70). Continue anyway.
Cannot meet the target required times (12.70). Continue anyway.
Cannot meet the target required times (12.70). Continue anyway.
Cannot meet the target required times (12.70). Continue anyway.
Cannot meet the target required times (12.70). Continue anyway.
Cannot meet the target required times (12.70). Continue anyway.
Cannot meet the target required times (12.70). Continue anyway.
Cannot meet the target required times (12.70). Continue anyway.
Warning: exceed required delay
area = 2406
delay = 13
write_blif appntk/alu4_30_0.000615234_2406_13.blif

round 31
seed = 1567440464 patienceN = 0 patienceM = 0 frameNumber = 64 nLocalPI = 14

0%   10   20   30   40   50   60   70   80   90   100%
|----|----|----|----|----|----|----|----|----|----|
***************************************************
best node n501 best error 0.000664063
time = 594482812
Cannot meet the target required times (12.70). Continue anyway.
Cannot meet the target required times (12.70). Continue anyway.
Cannot meet the target required times (12.70). Continue anyway.
Cannot meet the target required times (12.70). Continue anyway.
Cannot meet the target required times (12.70). Continue anyway.
Cannot meet the target required times (12.70). Continue anyway.
Cannot meet the target required times (12.70). Continue anyway.
Cannot meet the target required times (12.70). Continue anyway.
Cannot meet the target required times (12.70). Continue anyway.
Cannot meet the target required times (12.70). Continue anyway.
Cannot meet the target required times (12.70). Continue anyway.
Warning: exceed required delay
area = 2436
delay = 12.9
write_blif appntk/alu4_31_0.000664063_2436_12.9.blif

round 32
seed = 1567440480 patienceN = 0 patienceM = 0 frameNumber = 64 nLocalPI = 14

0%   10   20   30   40   50   60   70   80   90   100%
|----|----|----|----|----|----|----|----|----|----|
***************************************************
best node n444 best error 0.000722656
time = 611646795
Cannot meet the target required times (12.70). Continue anyway.
Cannot meet the target required times (12.70). Continue anyway.
Cannot meet the target required times (12.70). Continue anyway.
Cannot meet the target required times (12.70). Continue anyway.
Cannot meet the target required times (12.70). Continue anyway.
Cannot meet the target required times (12.70). Continue anyway.
Cannot meet the target required times (12.70). Continue anyway.
Cannot meet the target required times (12.70). Continue anyway.
Cannot meet the target required times (12.70). Continue anyway.
Cannot meet the target required times (12.70). Continue anyway.
Cannot meet the target required times (12.70). Continue anyway.
Warning: exceed required delay
area = 2351
delay = 13.2
write_blif appntk/alu4_32_0.000722656_2351_13.2.blif

round 33
seed = 1567440497 patienceN = 0 patienceM = 0 frameNumber = 64 nLocalPI = 14

0%   10   20   30   40   50   60   70   80   90   100%
|----|----|----|----|----|----|----|----|----|----|
***************************************************
best node n1179 best error 0.000771484
time = 627925907
Cannot meet the target required times (12.70). Continue anyway.
Cannot meet the target required times (12.70). Continue anyway.
Cannot meet the target required times (12.70). Continue anyway.
Cannot meet the target required times (12.70). Continue anyway.
Cannot meet the target required times (12.70). Continue anyway.
Cannot meet the target required times (12.70). Continue anyway.
Cannot meet the target required times (12.70). Continue anyway.
Cannot meet the target required times (12.70). Continue anyway.
Cannot meet the target required times (12.70). Continue anyway.
Cannot meet the target required times (12.70). Continue anyway.
Cannot meet the target required times (12.70). Continue anyway.
Warning: exceed required delay
area = 2394
delay = 13
write_blif appntk/alu4_33_0.000771484_2394_13.blif

round 34
seed = 1567440514 patienceN = 0 patienceM = 0 frameNumber = 64 nLocalPI = 14

0%   10   20   30   40   50   60   70   80   90   100%
|----|----|----|----|----|----|----|----|----|----|
***************************************************
best node n503 best error 0.000830078
time = 645225715
Cannot meet the target required times (12.70). Continue anyway.
Cannot meet the target required times (12.70). Continue anyway.
Cannot meet the target required times (12.70). Continue anyway.
Cannot meet the target required times (12.70). Continue anyway.
Cannot meet the target required times (12.70). Continue anyway.
Cannot meet the target required times (12.70). Continue anyway.
Cannot meet the target required times (12.70). Continue anyway.
Cannot meet the target required times (12.70). Continue anyway.
Cannot meet the target required times (12.70). Continue anyway.
Cannot meet the target required times (12.70). Continue anyway.
Cannot meet the target required times (12.70). Continue anyway.
Warning: exceed required delay
area = 2400
delay = 13.1
write_blif appntk/alu4_34_0.000830078_2400_13.1.blif

round 35
seed = 1567440531 patienceN = 0 patienceM = 0 frameNumber = 64 nLocalPI = 14

0%   10   20   30   40   50   60   70   80   90   100%
|----|----|----|----|----|----|----|----|----|----|
***************************************************
best node n467 best error 0.000888672
time = 661076535
Cannot meet the target required times (12.70). Continue anyway.
Cannot meet the target required times (12.70). Continue anyway.
Cannot meet the target required times (12.70). Continue anyway.
Cannot meet the target required times (12.70). Continue anyway.
Cannot meet the target required times (12.70). Continue anyway.
Cannot meet the target required times (12.70). Continue anyway.
Cannot meet the target required times (12.70). Continue anyway.
Cannot meet the target required times (12.70). Continue anyway.
Cannot meet the target required times (12.70). Continue anyway.
Cannot meet the target required times (12.70). Continue anyway.
Cannot meet the target required times (12.70). Continue anyway.
Warning: exceed required delay
area = 2400
delay = 13
write_blif appntk/alu4_35_0.000888672_2400_13.blif

round 36
seed = 1567440548 patienceN = 0 patienceM = 0 frameNumber = 64 nLocalPI = 14

0%   10   20   30   40   50   60   70   80   90   100%
|----|----|----|----|----|----|----|----|----|----|
***************************************************
best node n348 best error 0.000947266
time = 677494509
Cannot meet the target required times (12.70). Continue anyway.
Cannot meet the target required times (12.70). Continue anyway.
Cannot meet the target required times (12.70). Continue anyway.
Cannot meet the target required times (12.70). Continue anyway.
Cannot meet the target required times (12.70). Continue anyway.
Cannot meet the target required times (12.70). Continue anyway.
Cannot meet the target required times (12.70). Continue anyway.
Cannot meet the target required times (12.70). Continue anyway.
Cannot meet the target required times (12.70). Continue anyway.
Cannot meet the target required times (12.70). Continue anyway.
Cannot meet the target required times (12.70). Continue anyway.
Warning: exceed required delay
area = 2364
delay = 12.9
write_blif appntk/alu4_36_0.000947266_2364_12.9.blif

round 37
seed = 1567440564 patienceN = 0 patienceM = 0 frameNumber = 64 nLocalPI = 14

0%   10   20   30   40   50   60   70   80   90   100%
|----|----|----|----|----|----|----|----|----|----|
***************************************************
best node n89 best error 0.000947266
time = 692696598
Cannot meet the target required times (12.70). Continue anyway.
Cannot meet the target required times (12.70). Continue anyway.
Cannot meet the target required times (12.70). Continue anyway.
Cannot meet the target required times (12.70). Continue anyway.
Cannot meet the target required times (12.70). Continue anyway.
Cannot meet the target required times (12.70). Continue anyway.
Cannot meet the target required times (12.70). Continue anyway.
Cannot meet the target required times (12.70). Continue anyway.
Cannot meet the target required times (12.70). Continue anyway.
Cannot meet the target required times (12.70). Continue anyway.
Cannot meet the target required times (12.70). Continue anyway.
Warning: exceed required delay
area = 2382
delay = 13
write_blif appntk/alu4_37_0.000947266_2382_13.blif

round 38
seed = 1567440580 patienceN = 0 patienceM = 0 frameNumber = 64 nLocalPI = 14

0%   10   20   30   40   50   60   70   80   90   100%
|----|----|----|----|----|----|----|----|----|----|
***************************************************
best node n456 best error 0.000947266
time = 708553867
Cannot meet the target required times (12.70). Continue anyway.
Cannot meet the target required times (12.70). Continue anyway.
Cannot meet the target required times (12.70). Continue anyway.
Cannot meet the target required times (12.70). Continue anyway.
Cannot meet the target required times (12.70). Continue anyway.
Cannot meet the target required times (12.70). Continue anyway.
Cannot meet the target required times (12.70). Continue anyway.
Cannot meet the target required times (12.70). Continue anyway.
Cannot meet the target required times (12.70). Continue anyway.
Cannot meet the target required times (12.70). Continue anyway.
Cannot meet the target required times (12.70). Continue anyway.
Warning: exceed required delay
area = 2321
delay = 13.2
write_blif appntk/alu4_38_0.000947266_2321_13.2.blif

round 39
seed = 1567440596 patienceN = 0 patienceM = 0 frameNumber = 64 nLocalPI = 14

0%   10   20   30   40   50   60   70   80   90   100%
|----|----|----|----|----|----|----|----|----|----|
***************************************************
best node n1169 best error 0.000996094
time = 724983500
Cannot meet the target required times (12.70). Continue anyway.
Cannot meet the target required times (12.70). Continue anyway.
Cannot meet the target required times (12.70). Continue anyway.
Cannot meet the target required times (12.70). Continue anyway.
Cannot meet the target required times (12.70). Continue anyway.
Cannot meet the target required times (12.70). Continue anyway.
Cannot meet the target required times (12.70). Continue anyway.
Cannot meet the target required times (12.70). Continue anyway.
Cannot meet the target required times (12.70). Continue anyway.
Cannot meet the target required times (12.70). Continue anyway.
Cannot meet the target required times (12.70). Continue anyway.
Warning: exceed required delay
area = 2358
delay = 13
write_blif appntk/alu4_39_0.000996094_2358_13.blif

round 40
seed = 1567440611 patienceN = 0 patienceM = 0 frameNumber = 64 nLocalPI = 14

0%   10   20   30   40   50   60   70   80   90   100%
|----|----|----|----|----|----|----|----|----|----|
***************************************************
change patienceM
time = 740838769
Cannot meet the target required times (12.70). Continue anyway.
Cannot meet the target required times (12.70). Continue anyway.
Cannot meet the target required times (12.70). Continue anyway.
Cannot meet the target required times (12.70). Continue anyway.
Cannot meet the target required times (12.70). Continue anyway.
Cannot meet the target required times (12.70). Continue anyway.
Cannot meet the target required times (12.70). Continue anyway.
Cannot meet the target required times (12.70). Continue anyway.
Cannot meet the target required times (12.70). Continue anyway.
Cannot meet the target required times (12.70). Continue anyway.
Cannot meet the target required times (12.70). Continue anyway.
Warning: exceed required delay
area = 2401
delay = 12.9
write_blif appntk/alu4_40_0.000996094_2401_12.9.blif

round 41
seed = 1567440628 patienceN = 0 patienceM = 1 frameNumber = 64 nLocalPI = 14

0%   10   20   30   40   50   60   70   80   90   100%
|----|----|----|----|----|----|----|----|----|----|
***************************************************
change patienceM
time = 756736888
Cannot meet the target required times (12.70). Continue anyway.
Cannot meet the target required times (12.70). Continue anyway.
Cannot meet the target required times (12.70). Continue anyway.
Cannot meet the target required times (12.70). Continue anyway.
Cannot meet the target required times (12.70). Continue anyway.
Cannot meet the target required times (12.70). Continue anyway.
Cannot meet the target required times (12.70). Continue anyway.
Cannot meet the target required times (12.70). Continue anyway.
Cannot meet the target required times (12.70). Continue anyway.
Cannot meet the target required times (12.70). Continue anyway.
Cannot meet the target required times (12.70). Continue anyway.
Warning: exceed required delay
area = 2340
delay = 13
write_blif appntk/alu4_41_0.000996094_2340_13.blif

round 42
seed = 1567440644 patienceN = 0 patienceM = 2 frameNumber = 64 nLocalPI = 14

0%   10   20   30   40   50   60   70   80   90   100%
|----|----|----|----|----|----|----|----|----|----|
***************************************************
change patienceM
time = 772178028
Cannot meet the target required times (12.70). Continue anyway.
Cannot meet the target required times (12.70). Continue anyway.
Cannot meet the target required times (12.70). Continue anyway.
Cannot meet the target required times (12.70). Continue anyway.
Cannot meet the target required times (12.70). Continue anyway.
Cannot meet the target required times (12.70). Continue anyway.
Cannot meet the target required times (12.70). Continue anyway.
Cannot meet the target required times (12.70). Continue anyway.
Cannot meet the target required times (12.70). Continue anyway.
Cannot meet the target required times (12.70). Continue anyway.
Cannot meet the target required times (12.70). Continue anyway.
Warning: exceed required delay
area = 2353
delay = 13.2
write_blif appntk/alu4_42_0.000996094_2353_13.2.blif

round 43
seed = 1567440660 patienceN = 0 patienceM = 0 frameNumber = 64 nLocalPI = 13

0%   10   20   30   40   50   60   70   80   90   100%
|----|----|----|----|----|----|----|----|----|----|
***************************************************
change patienceM
time = 788277742
Cannot meet the target required times (12.70). Continue anyway.
Cannot meet the target required times (12.70). Continue anyway.
Cannot meet the target required times (12.70). Continue anyway.
Cannot meet the target required times (12.70). Continue anyway.
Cannot meet the target required times (12.70). Continue anyway.
Cannot meet the target required times (12.70). Continue anyway.
Cannot meet the target required times (12.70). Continue anyway.
Cannot meet the target required times (12.70). Continue anyway.
Cannot meet the target required times (12.70). Continue anyway.
Cannot meet the target required times (12.70). Continue anyway.
Cannot meet the target required times (12.70). Continue anyway.
Warning: exceed required delay
area = 2368
delay = 13
write_blif appntk/alu4_43_0.000996094_2368_13.blif

round 44
seed = 1567440675 patienceN = 0 patienceM = 1 frameNumber = 64 nLocalPI = 13

0%   10   20   30   40   50   60   70   80   90   100%
|----|----|----|----|----|----|----|----|----|----|
***************************************************
change patienceM
time = 804664693
Cannot meet the target required times (12.70). Continue anyway.
Cannot meet the target required times (12.70). Continue anyway.
Cannot meet the target required times (12.70). Continue anyway.
Cannot meet the target required times (12.70). Continue anyway.
Cannot meet the target required times (12.70). Continue anyway.
Cannot meet the target required times (12.70). Continue anyway.
Cannot meet the target required times (12.70). Continue anyway.
Cannot meet the target required times (12.70). Continue anyway.
Cannot meet the target required times (12.70). Continue anyway.
Cannot meet the target required times (12.70). Continue anyway.
Cannot meet the target required times (12.70). Continue anyway.
Warning: exceed required delay
area = 2349
delay = 13
write_blif appntk/alu4_44_0.000996094_2349_13.blif

round 45
seed = 1567440691 patienceN = 0 patienceM = 2 frameNumber = 64 nLocalPI = 13

0%   10   20   30   40   50   60   70   80   90   100%
|----|----|----|----|----|----|----|----|----|----|
***************************************************
best node n529 best error 0.000996094
time = 820302947
Cannot meet the target required times (12.70). Continue anyway.
Cannot meet the target required times (12.70). Continue anyway.
Cannot meet the target required times (12.70). Continue anyway.
Cannot meet the target required times (12.70). Continue anyway.
Cannot meet the target required times (12.70). Continue anyway.
Cannot meet the target required times (12.70). Continue anyway.
Cannot meet the target required times (12.70). Continue anyway.
Cannot meet the target required times (12.70). Continue anyway.
Cannot meet the target required times (12.70). Continue anyway.
Cannot meet the target required times (12.70). Continue anyway.
Cannot meet the target required times (12.70). Continue anyway.
Warning: exceed required delay
area = 2365
delay = 12.9
write_blif appntk/alu4_45_0.000996094_2365_12.9.blif

round 46
seed = 1567440708 patienceN = 0 patienceM = 0 frameNumber = 64 nLocalPI = 13

0%   10   20   30   40   50   60   70   80   90   100%
|----|----|----|----|----|----|----|----|----|----|
***************************************************
change patienceM
time = 836038617
Cannot meet the target required times (12.70). Continue anyway.
Cannot meet the target required times (12.70). Continue anyway.
Cannot meet the target required times (12.70). Continue anyway.
Cannot meet the target required times (12.70). Continue anyway.
Cannot meet the target required times (12.70). Continue anyway.
Cannot meet the target required times (12.70). Continue anyway.
Cannot meet the target required times (12.70). Continue anyway.
Cannot meet the target required times (12.70). Continue anyway.
Cannot meet the target required times (12.70). Continue anyway.
Cannot meet the target required times (12.70). Continue anyway.
Cannot meet the target required times (12.70). Continue anyway.
Warning: exceed required delay
area = 2364
delay = 13
write_blif appntk/alu4_46_0.000996094_2364_13.blif

round 47
seed = 1567440723 patienceN = 0 patienceM = 1 frameNumber = 64 nLocalPI = 13

0%   10   20   30   40   50   60   70   80   90   100%
|----|----|----|----|----|----|----|----|----|----|
***************************************************
change patienceM
time = 851707696
Cannot meet the target required times (12.70). Continue anyway.
Cannot meet the target required times (12.70). Continue anyway.
Cannot meet the target required times (12.70). Continue anyway.
Cannot meet the target required times (12.70). Continue anyway.
Cannot meet the target required times (12.70). Continue anyway.
Cannot meet the target required times (12.70). Continue anyway.
Cannot meet the target required times (12.70). Continue anyway.
Cannot meet the target required times (12.70). Continue anyway.
Cannot meet the target required times (12.70). Continue anyway.
Cannot meet the target required times (12.70). Continue anyway.
Cannot meet the target required times (12.70). Continue anyway.
Warning: exceed required delay
area = 2364
delay = 13
write_blif appntk/alu4_47_0.000996094_2364_13.blif

round 48
seed = 1567440739 patienceN = 0 patienceM = 2 frameNumber = 64 nLocalPI = 13

0%   10   20   30   40   50   60   70   80   90   100%
|----|----|----|----|----|----|----|----|----|----|
***************************************************
change patienceM
time = 867056887
Cannot meet the target required times (12.70). Continue anyway.
Cannot meet the target required times (12.70). Continue anyway.
Cannot meet the target required times (12.70). Continue anyway.
Cannot meet the target required times (12.70). Continue anyway.
Cannot meet the target required times (12.70). Continue anyway.
Cannot meet the target required times (12.70). Continue anyway.
Cannot meet the target required times (12.70). Continue anyway.
Cannot meet the target required times (12.70). Continue anyway.
Cannot meet the target required times (12.70). Continue anyway.
Cannot meet the target required times (12.70). Continue anyway.
Cannot meet the target required times (12.70). Continue anyway.
Warning: exceed required delay
area = 2347
delay = 13.2
write_blif appntk/alu4_48_0.000996094_2347_13.2.blif

round 49
seed = 1567440755 patienceN = 0 patienceM = 0 frameNumber = 64 nLocalPI = 12

0%   10   20   30   40   50   60   70   80   90   100%
|----|----|----|----|----|----|----|----|----|----|
***************************************************
change patienceM
time = 882011057
Cannot meet the target required times (12.70). Continue anyway.
Cannot meet the target required times (12.70). Continue anyway.
Cannot meet the target required times (12.70). Continue anyway.
Cannot meet the target required times (12.70). Continue anyway.
Cannot meet the target required times (12.70). Continue anyway.
Cannot meet the target required times (12.70). Continue anyway.
Cannot meet the target required times (12.70). Continue anyway.
Cannot meet the target required times (12.70). Continue anyway.
Cannot meet the target required times (12.70). Continue anyway.
Cannot meet the target required times (12.70). Continue anyway.
Cannot meet the target required times (12.70). Continue anyway.
Warning: exceed required delay
area = 2319
delay = 13.2
write_blif appntk/alu4_49_0.000996094_2319_13.2.blif

round 50
seed = 1567440770 patienceN = 0 patienceM = 1 frameNumber = 64 nLocalPI = 12

0%   10   20   30   40   50   60   70   80   90   100%
|----|----|----|----|----|----|----|----|----|----|
***************************************************
change patienceM
time = 897744827
Cannot meet the target required times (12.70). Continue anyway.
Cannot meet the target required times (12.70). Continue anyway.
Cannot meet the target required times (12.70). Continue anyway.
Cannot meet the target required times (12.70). Continue anyway.
Cannot meet the target required times (12.70). Continue anyway.
Cannot meet the target required times (12.70). Continue anyway.
Cannot meet the target required times (12.70). Continue anyway.
Cannot meet the target required times (12.70). Continue anyway.
Cannot meet the target required times (12.70). Continue anyway.
Cannot meet the target required times (12.70). Continue anyway.
Cannot meet the target required times (12.70). Continue anyway.
Warning: exceed required delay
area = 2329
delay = 13
write_blif appntk/alu4_50_0.000996094_2329_13.blif

round 51
seed = 1567440785 patienceN = 0 patienceM = 2 frameNumber = 64 nLocalPI = 12

0%   10   20   30   40   50   60   70   80   90   100%
|----|----|----|----|----|----|----|----|----|----|
***************************************************
change patienceM
time = 913480714
Cannot meet the target required times (12.70). Continue anyway.
Cannot meet the target required times (12.70). Continue anyway.
Cannot meet the target required times (12.70). Continue anyway.
Cannot meet the target required times (12.70). Continue anyway.
Cannot meet the target required times (12.70). Continue anyway.
Cannot meet the target required times (12.70). Continue anyway.
Cannot meet the target required times (12.70). Continue anyway.
Cannot meet the target required times (12.70). Continue anyway.
Cannot meet the target required times (12.70). Continue anyway.
Cannot meet the target required times (12.70). Continue anyway.
Cannot meet the target required times (12.70). Continue anyway.
Warning: exceed required delay
area = 2315
delay = 13.2
write_blif appntk/alu4_51_0.000996094_2315_13.2.blif

round 52
seed = 1567440801 patienceN = 0 patienceM = 0 frameNumber = 64 nLocalPI = 11

0%   10   20   30   40   50   60   70   80   90   100%
|----|----|----|----|----|----|----|----|----|----|
***************************************************
change patienceM
time = 929131813
Cannot meet the target required times (12.70). Continue anyway.
Cannot meet the target required times (12.70). Continue anyway.
Cannot meet the target required times (12.70). Continue anyway.
Cannot meet the target required times (12.70). Continue anyway.
Cannot meet the target required times (12.70). Continue anyway.
Cannot meet the target required times (12.70). Continue anyway.
Cannot meet the target required times (12.70). Continue anyway.
Cannot meet the target required times (12.70). Continue anyway.
Cannot meet the target required times (12.70). Continue anyway.
Cannot meet the target required times (12.70). Continue anyway.
Cannot meet the target required times (12.70). Continue anyway.
Warning: exceed required delay
area = 2361
delay = 13
write_blif appntk/alu4_52_0.000996094_2361_13.blif

round 53
seed = 1567440817 patienceN = 0 patienceM = 1 frameNumber = 64 nLocalPI = 11

0%   10   20   30   40   50   60   70   80   90   100%
|----|----|----|----|----|----|----|----|----|----|
***************************************************
change patienceM
time = 945106772
Cannot meet the target required times (12.70). Continue anyway.
Cannot meet the target required times (12.70). Continue anyway.
Cannot meet the target required times (12.70). Continue anyway.
Cannot meet the target required times (12.70). Continue anyway.
Cannot meet the target required times (12.70). Continue anyway.
Cannot meet the target required times (12.70). Continue anyway.
Cannot meet the target required times (12.70). Continue anyway.
Cannot meet the target required times (12.70). Continue anyway.
Cannot meet the target required times (12.70). Continue anyway.
Cannot meet the target required times (12.70). Continue anyway.
Cannot meet the target required times (12.70). Continue anyway.
Warning: exceed required delay
area = 2344
delay = 13.1
write_blif appntk/alu4_53_0.000996094_2344_13.1.blif

round 54
seed = 1567440832 patienceN = 0 patienceM = 2 frameNumber = 64 nLocalPI = 11

0%   10   20   30   40   50   60   70   80   90   100%
|----|----|----|----|----|----|----|----|----|----|
***************************************************
change patienceM
time = 960540374
Cannot meet the target required times (12.70). Continue anyway.
Cannot meet the target required times (12.70). Continue anyway.
Cannot meet the target required times (12.70). Continue anyway.
Cannot meet the target required times (12.70). Continue anyway.
Cannot meet the target required times (12.70). Continue anyway.
Cannot meet the target required times (12.70). Continue anyway.
Cannot meet the target required times (12.70). Continue anyway.
Cannot meet the target required times (12.70). Continue anyway.
Cannot meet the target required times (12.70). Continue anyway.
Cannot meet the target required times (12.70). Continue anyway.
Cannot meet the target required times (12.70). Continue anyway.
Warning: exceed required delay
area = 2339
delay = 13.1
write_blif appntk/alu4_54_0.000996094_2339_13.1.blif

round 55
seed = 1567440848 patienceN = 0 patienceM = 0 frameNumber = 64 nLocalPI = 10

0%   10   20   30   40   50   60   70   80   90   100%
|----|----|----|----|----|----|----|----|----|----|
***************************************************
change patienceM
time = 976081527
Cannot meet the target required times (12.70). Continue anyway.
Cannot meet the target required times (12.70). Continue anyway.
Cannot meet the target required times (12.70). Continue anyway.
Cannot meet the target required times (12.70). Continue anyway.
Cannot meet the target required times (12.70). Continue anyway.
Cannot meet the target required times (12.70). Continue anyway.
Cannot meet the target required times (12.70). Continue anyway.
Cannot meet the target required times (12.70). Continue anyway.
Cannot meet the target required times (12.70). Continue anyway.
Cannot meet the target required times (12.70). Continue anyway.
Cannot meet the target required times (12.70). Continue anyway.
Warning: exceed required delay
area = 2362
delay = 12.9
write_blif appntk/alu4_55_0.000996094_2362_12.9.blif

round 56
seed = 1567440864 patienceN = 0 patienceM = 1 frameNumber = 64 nLocalPI = 10

0%   10   20   30   40   50   60   70   80   90   100%
|----|----|----|----|----|----|----|----|----|----|
***************************************************
change patienceM
time = 990695740
Cannot meet the target required times (12.70). Continue anyway.
Cannot meet the target required times (12.70). Continue anyway.
Cannot meet the target required times (12.70). Continue anyway.
Cannot meet the target required times (12.70). Continue anyway.
Cannot meet the target required times (12.70). Continue anyway.
Cannot meet the target required times (12.70). Continue anyway.
Cannot meet the target required times (12.70). Continue anyway.
Cannot meet the target required times (12.70). Continue anyway.
Cannot meet the target required times (12.70). Continue anyway.
Cannot meet the target required times (12.70). Continue anyway.
Cannot meet the target required times (12.70). Continue anyway.
Warning: exceed required delay
area = 2339
delay = 13.2
write_blif appntk/alu4_56_0.000996094_2339_13.2.blif

round 57
seed = 1567440879 patienceN = 0 patienceM = 2 frameNumber = 64 nLocalPI = 10

0%   10   20   30   40   50   60   70   80   90   100%
|----|----|----|----|----|----|----|----|----|----|
***************************************************
change patienceM
time = 1006245871
Cannot meet the target required times (12.70). Continue anyway.
Cannot meet the target required times (12.70). Continue anyway.
Cannot meet the target required times (12.70). Continue anyway.
Cannot meet the target required times (12.70). Continue anyway.
Cannot meet the target required times (12.70). Continue anyway.
Cannot meet the target required times (12.70). Continue anyway.
Cannot meet the target required times (12.70). Continue anyway.
Cannot meet the target required times (12.70). Continue anyway.
Cannot meet the target required times (12.70). Continue anyway.
Cannot meet the target required times (12.70). Continue anyway.
Cannot meet the target required times (12.70). Continue anyway.
Warning: exceed required delay
area = 2355
delay = 13
write_blif appntk/alu4_57_0.000996094_2355_13.blif

round 58
seed = 1567440894 patienceN = 0 patienceM = 0 frameNumber = 64 nLocalPI = 9

0%   10   20   30   40   50   60   70   80   90   100%
|----|----|----|----|----|----|----|----|----|----|
***************************************************
change patienceM
time = 1021274867
Cannot meet the target required times (12.70). Continue anyway.
Cannot meet the target required times (12.70). Continue anyway.
Cannot meet the target required times (12.70). Continue anyway.
Cannot meet the target required times (12.70). Continue anyway.
Cannot meet the target required times (12.70). Continue anyway.
Cannot meet the target required times (12.70). Continue anyway.
Cannot meet the target required times (12.70). Continue anyway.
Cannot meet the target required times (12.70). Continue anyway.
Cannot meet the target required times (12.70). Continue anyway.
Cannot meet the target required times (12.70). Continue anyway.
Cannot meet the target required times (12.70). Continue anyway.
Warning: exceed required delay
area = 2358
delay = 13
write_blif appntk/alu4_58_0.000996094_2358_13.blif

round 59
seed = 1567440909 patienceN = 0 patienceM = 1 frameNumber = 64 nLocalPI = 9

0%   10   20   30   40   50   60   70   80   90   100%
|----|----|----|----|----|----|----|----|----|----|
***************************************************
change patienceM
time = 1037314562
Cannot meet the target required times (12.70). Continue anyway.
Cannot meet the target required times (12.70). Continue anyway.
Cannot meet the target required times (12.70). Continue anyway.
Cannot meet the target required times (12.70). Continue anyway.
Cannot meet the target required times (12.70). Continue anyway.
Cannot meet the target required times (12.70). Continue anyway.
Cannot meet the target required times (12.70). Continue anyway.
Cannot meet the target required times (12.70). Continue anyway.
Cannot meet the target required times (12.70). Continue anyway.
Cannot meet the target required times (12.70). Continue anyway.
Cannot meet the target required times (12.70). Continue anyway.
Warning: exceed required delay
area = 2344
delay = 13
write_blif appntk/alu4_59_0.000996094_2344_13.blif

round 60
seed = 1567440924 patienceN = 0 patienceM = 2 frameNumber = 64 nLocalPI = 9

0%   10   20   30   40   50   60   70   80   90   100%
|----|----|----|----|----|----|----|----|----|----|
***************************************************
change patienceM
time = 1051105452
Cannot meet the target required times (12.70). Continue anyway.
Cannot meet the target required times (12.70). Continue anyway.
Cannot meet the target required times (12.70). Continue anyway.
Cannot meet the target required times (12.70). Continue anyway.
Cannot meet the target required times (12.70). Continue anyway.
Cannot meet the target required times (12.70). Continue anyway.
Cannot meet the target required times (12.70). Continue anyway.
Cannot meet the target required times (12.70). Continue anyway.
Cannot meet the target required times (12.70). Continue anyway.
Cannot meet the target required times (12.70). Continue anyway.
Cannot meet the target required times (12.70). Continue anyway.
Warning: exceed required delay
area = 2377
delay = 13
write_blif appntk/alu4_60_0.000996094_2377_13.blif

round 61
seed = 1567440941 patienceN = 0 patienceM = 0 frameNumber = 64 nLocalPI = 8

0%   10   20   30   40   50   60   70   80   90   100%
|----|----|----|----|----|----|----|----|----|----|
***************************************************
change patienceM
time = 1066106795
Cannot meet the target required times (12.70). Continue anyway.
Cannot meet the target required times (12.70). Continue anyway.
Cannot meet the target required times (12.70). Continue anyway.
Cannot meet the target required times (12.70). Continue anyway.
Cannot meet the target required times (12.70). Continue anyway.
Cannot meet the target required times (12.70). Continue anyway.
Cannot meet the target required times (12.70). Continue anyway.
Cannot meet the target required times (12.70). Continue anyway.
Cannot meet the target required times (12.70). Continue anyway.
Cannot meet the target required times (12.70). Continue anyway.
Cannot meet the target required times (12.70). Continue anyway.
Warning: exceed required delay
area = 2321
delay = 13
write_blif appntk/alu4_61_0.000996094_2321_13.blif

round 62
seed = 1567440954 patienceN = 0 patienceM = 1 frameNumber = 64 nLocalPI = 8

0%   10   20   30   40   50   60   70   80   90   100%
|----|----|----|----|----|----|----|----|----|----|
***************************************************
change patienceM
time = 1081717205
Cannot meet the target required times (12.70). Continue anyway.
Cannot meet the target required times (12.70). Continue anyway.
Cannot meet the target required times (12.70). Continue anyway.
Cannot meet the target required times (12.70). Continue anyway.
Cannot meet the target required times (12.70). Continue anyway.
Cannot meet the target required times (12.70). Continue anyway.
Cannot meet the target required times (12.70). Continue anyway.
Cannot meet the target required times (12.70). Continue anyway.
Cannot meet the target required times (12.70). Continue anyway.
Cannot meet the target required times (12.70). Continue anyway.
Cannot meet the target required times (12.70). Continue anyway.
Warning: exceed required delay
area = 2324
delay = 13
write_blif appntk/alu4_62_0.000996094_2324_13.blif

round 63
seed = 1567440969 patienceN = 0 patienceM = 2 frameNumber = 64 nLocalPI = 8

0%   10   20   30   40   50   60   70   80   90   100%
|----|----|----|----|----|----|----|----|----|----|
***************************************************
change patienceM
time = 1096744201
Cannot meet the target required times (12.70). Continue anyway.
Cannot meet the target required times (12.70). Continue anyway.
Cannot meet the target required times (12.70). Continue anyway.
Cannot meet the target required times (12.70). Continue anyway.
Cannot meet the target required times (12.70). Continue anyway.
Cannot meet the target required times (12.70). Continue anyway.
Cannot meet the target required times (12.70). Continue anyway.
Cannot meet the target required times (12.70). Continue anyway.
Cannot meet the target required times (12.70). Continue anyway.
Cannot meet the target required times (12.70). Continue anyway.
Cannot meet the target required times (12.70). Continue anyway.
Warning: exceed required delay
area = 2334
delay = 13
write_blif appntk/alu4_63_0.000996094_2334_13.blif

round 64
seed = 1567440985 patienceN = 0 patienceM = 0 frameNumber = 64 nLocalPI = 7

0%   10   20   30   40   50   60   70   80   90   100%
|----|----|----|----|----|----|----|----|----|----|
***************************************************
change patienceM
time = 1111173957
Cannot meet the target required times (12.70). Continue anyway.
Cannot meet the target required times (12.70). Continue anyway.
Cannot meet the target required times (12.70). Continue anyway.
Cannot meet the target required times (12.70). Continue anyway.
Cannot meet the target required times (12.70). Continue anyway.
Cannot meet the target required times (12.70). Continue anyway.
Cannot meet the target required times (12.70). Continue anyway.
Cannot meet the target required times (12.70). Continue anyway.
Cannot meet the target required times (12.70). Continue anyway.
Cannot meet the target required times (12.70). Continue anyway.
Cannot meet the target required times (12.70). Continue anyway.
Warning: exceed required delay
area = 2363
delay = 13.1
write_blif appntk/alu4_64_0.000996094_2363_13.1.blif

round 65
seed = 1567441000 patienceN = 0 patienceM = 1 frameNumber = 64 nLocalPI = 7

0%   10   20   30   40   50   60   70   80   90   100%
|----|----|----|----|----|----|----|----|----|----|
***************************************************
change patienceM
time = 1125455508
Cannot meet the target required times (12.70). Continue anyway.
Cannot meet the target required times (12.70). Continue anyway.
Cannot meet the target required times (12.70). Continue anyway.
Cannot meet the target required times (12.70). Continue anyway.
Cannot meet the target required times (12.70). Continue anyway.
Cannot meet the target required times (12.70). Continue anyway.
Cannot meet the target required times (12.70). Continue anyway.
Cannot meet the target required times (12.70). Continue anyway.
Cannot meet the target required times (12.70). Continue anyway.
Cannot meet the target required times (12.70). Continue anyway.
Cannot meet the target required times (12.70). Continue anyway.
Warning: exceed required delay
area = 2321
delay = 13.2
write_blif appntk/alu4_65_0.000996094_2321_13.2.blif

round 66
seed = 1567441014 patienceN = 0 patienceM = 2 frameNumber = 64 nLocalPI = 7

0%   10   20   30   40   50   60   70   80   90   100%
|----|----|----|----|----|----|----|----|----|----|
***************************************************
change patienceM
time = 1139323853
Cannot meet the target required times (12.70). Continue anyway.
Cannot meet the target required times (12.70). Continue anyway.
Cannot meet the target required times (12.70). Continue anyway.
Cannot meet the target required times (12.70). Continue anyway.
Cannot meet the target required times (12.70). Continue anyway.
Cannot meet the target required times (12.70). Continue anyway.
Cannot meet the target required times (12.70). Continue anyway.
Cannot meet the target required times (12.70). Continue anyway.
Cannot meet the target required times (12.70). Continue anyway.
Cannot meet the target required times (12.70). Continue anyway.
Cannot meet the target required times (12.70). Continue anyway.
Warning: exceed required delay
area = 2371
delay = 13.1
write_blif appntk/alu4_66_0.000996094_2371_13.1.blif

round 67
seed = 1567441029 patienceN = 0 patienceM = 0 frameNumber = 64 nLocalPI = 6

0%   10   20   30   40   50   60   70   80   90   100%
|----|----|----|----|----|----|----|----|----|----|
***************************************************
change patienceM
time = 1152730102
Cannot meet the target required times (12.70). Continue anyway.
Cannot meet the target required times (12.70). Continue anyway.
Cannot meet the target required times (12.70). Continue anyway.
Cannot meet the target required times (12.70). Continue anyway.
Cannot meet the target required times (12.70). Continue anyway.
Cannot meet the target required times (12.70). Continue anyway.
Cannot meet the target required times (12.70). Continue anyway.
Cannot meet the target required times (12.70). Continue anyway.
Cannot meet the target required times (12.70). Continue anyway.
Cannot meet the target required times (12.70). Continue anyway.
Cannot meet the target required times (12.70). Continue anyway.
Warning: exceed required delay
area = 2360
delay = 12.9
write_blif appntk/alu4_67_0.000996094_2360_12.9.blif

round 68
seed = 1567441043 patienceN = 0 patienceM = 1 frameNumber = 64 nLocalPI = 6

0%   10   20   30   40   50   60   70   80   90   100%
|----|----|----|----|----|----|----|----|----|----|
***************************************************
change patienceM
time = 1166881514
Cannot meet the target required times (12.70). Continue anyway.
Cannot meet the target required times (12.70). Continue anyway.
Cannot meet the target required times (12.70). Continue anyway.
Cannot meet the target required times (12.70). Continue anyway.
Cannot meet the target required times (12.70). Continue anyway.
Cannot meet the target required times (12.70). Continue anyway.
Cannot meet the target required times (12.70). Continue anyway.
Cannot meet the target required times (12.70). Continue anyway.
Cannot meet the target required times (12.70). Continue anyway.
Cannot meet the target required times (12.70). Continue anyway.
Cannot meet the target required times (12.70). Continue anyway.
Warning: exceed required delay
area = 2296
delay = 13.2
write_blif appntk/alu4_68_0.000996094_2296_13.2.blif

round 69
seed = 1567441056 patienceN = 0 patienceM = 2 frameNumber = 64 nLocalPI = 6

0%   10   20   30   40   50   60   70   80   90   100%
|----|----|----|----|----|----|----|----|----|----|
***************************************************
change patienceM
time = 1180127850
Cannot meet the target required times (12.70). Continue anyway.
Cannot meet the target required times (12.70). Continue anyway.
Cannot meet the target required times (12.70). Continue anyway.
Cannot meet the target required times (12.70). Continue anyway.
Cannot meet the target required times (12.70). Continue anyway.
Cannot meet the target required times (12.70). Continue anyway.
Cannot meet the target required times (12.70). Continue anyway.
Cannot meet the target required times (12.70). Continue anyway.
Cannot meet the target required times (12.70). Continue anyway.
Cannot meet the target required times (12.70). Continue anyway.
Cannot meet the target required times (12.70). Continue anyway.
Warning: exceed required delay
area = 2371
delay = 12.9
write_blif appntk/alu4_69_0.000996094_2371_12.9.blif

round 70
seed = 1567441070 patienceN = 0 patienceM = 0 frameNumber = 64 nLocalPI = 5

0%   10   20   30   40   50   60   70   80   90   100%
|----|----|----|----|----|----|----|----|----|----|
***************************************************
best node n274 best error 0.00105469
time = 1193224115
