Entered genlib library with 23 gates from file "data/genlib/mcnc.genlib".
Line 7: Skipping line ".default_input_arrival 0.00 0.00 ".
Line 8: Skipping line ".default_output_required 0.00 0.00 ".
Line 9: Skipping line ".default_input_drive 0.10 0.10 ".
Line 10: Skipping line ".default_output_load 2.00 ".
Line 11: Skipping line ".default_max_input_load 999.00 ".
Original area = 758, original delay = 37.3

round 0
seed = 0 patienceN = 0 patienceM = 0 frameNumber = 64 nLocalPI = 30

0%   10   20   30   40   50   60   70   80   90   100%
|----|----|----|----|----|----|----|----|----|----|
***************************************************
best node [95923] best error 0
time = 8098165
area = 675
delay = 31.8
write_blif appntk/c1908_0_0_675_31.8.blif

round 1
seed = 1567439900 patienceN = 0 patienceM = 0 frameNumber = 64 nLocalPI = 30

0%   10   20   30   40   50   60   70   80   90   100%
|----|----|----|----|----|----|----|----|----|----|
***************************************************
best node n407 best error 0
time = 17372588
area = 681
delay = 33
write_blif appntk/c1908_1_0_681_33.blif

round 2
seed = 1567439909 patienceN = 0 patienceM = 0 frameNumber = 64 nLocalPI = 30

0%   10   20   30   40   50   60   70   80   90   100%
|----|----|----|----|----|----|----|----|----|----|
***************************************************
best node n270 best error 0.000664063
time = 27654104
area = 659
delay = 32.9
write_blif appntk/c1908_2_0.000664063_659_32.9.blif

round 3
seed = 1567439918 patienceN = 0 patienceM = 0 frameNumber = 64 nLocalPI = 30

0%   10   20   30   40   50   60   70   80   90   100%
|----|----|----|----|----|----|----|----|----|----|
***************************************************
best node n298 best error 0.000996094
time = 37929038
area = 672
delay = 35.6
write_blif appntk/c1908_3_0.000996094_672_35.6.blif

round 4
seed = 1567439928 patienceN = 0 patienceM = 0 frameNumber = 64 nLocalPI = 30

0%   10   20   30   40   50   60   70   80   90   100%
|----|----|----|----|----|----|----|----|----|----|
***************************************************
change patienceM
time = 47913969
area = 669
delay = 31
write_blif appntk/c1908_4_0.000996094_669_31.blif

round 5
seed = 1567439939 patienceN = 0 patienceM = 1 frameNumber = 64 nLocalPI = 30

0%   10   20   30   40   50   60   70   80   90   100%
|----|----|----|----|----|----|----|----|----|----|
***************************************************
change patienceM
time = 58053320
area = 659
delay = 31.4
write_blif appntk/c1908_5_0.000996094_659_31.4.blif

round 6
seed = 1567439949 patienceN = 0 patienceM = 2 frameNumber = 64 nLocalPI = 30

0%   10   20   30   40   50   60   70   80   90   100%
|----|----|----|----|----|----|----|----|----|----|
***************************************************
change patienceM
time = 67711910
area = 675
delay = 32.7
write_blif appntk/c1908_6_0.000996094_675_32.7.blif

round 7
seed = 1567439959 patienceN = 0 patienceM = 0 frameNumber = 64 nLocalPI = 29

0%   10   20   30   40   50   60   70   80   90   100%
|----|----|----|----|----|----|----|----|----|----|
***************************************************
change patienceM
time = 77953734
area = 658
delay = 34.9
write_blif appntk/c1908_7_0.000996094_658_34.9.blif

round 8
seed = 1567439969 patienceN = 0 patienceM = 1 frameNumber = 64 nLocalPI = 29

0%   10   20   30   40   50   60   70   80   90   100%
|----|----|----|----|----|----|----|----|----|----|
***************************************************
change patienceM
time = 87824624
area = 654
delay = 31.8
write_blif appntk/c1908_8_0.000996094_654_31.8.blif

round 9
seed = 1567439979 patienceN = 0 patienceM = 2 frameNumber = 64 nLocalPI = 29

0%   10   20   30   40   50   60   70   80   90   100%
|----|----|----|----|----|----|----|----|----|----|
***************************************************
change patienceM
time = 96960271
area = 658
delay = 30.5
write_blif appntk/c1908_9_0.000996094_658_30.5.blif

round 10
seed = 1567439989 patienceN = 0 patienceM = 0 frameNumber = 64 nLocalPI = 28

0%   10   20   30   40   50   60   70   80   90   100%
|----|----|----|----|----|----|----|----|----|----|
***************************************************
change patienceM
time = 107066469
area = 661
delay = 34.6
write_blif appntk/c1908_10_0.000996094_661_34.6.blif

round 11
seed = 1567439998 patienceN = 0 patienceM = 1 frameNumber = 64 nLocalPI = 28

0%   10   20   30   40   50   60   70   80   90   100%
|----|----|----|----|----|----|----|----|----|----|
***************************************************
change patienceM
time = 116264366
area = 647
delay = 31.1
write_blif appntk/c1908_11_0.000996094_647_31.1.blif

round 12
seed = 1567440008 patienceN = 0 patienceM = 2 frameNumber = 64 nLocalPI = 28

0%   10   20   30   40   50   60   70   80   90   100%
|----|----|----|----|----|----|----|----|----|----|
***************************************************
change patienceM
time = 125236026
area = 668
delay = 33.9
write_blif appntk/c1908_12_0.000996094_668_33.9.blif

round 13
seed = 1567440017 patienceN = 0 patienceM = 0 frameNumber = 64 nLocalPI = 27

0%   10   20   30   40   50   60   70   80   90   100%
|----|----|----|----|----|----|----|----|----|----|
***************************************************
change patienceM
time = 134630304
area = 647
delay = 31.1
write_blif appntk/c1908_13_0.000996094_647_31.1.blif

round 14
seed = 1567440026 patienceN = 0 patienceM = 1 frameNumber = 64 nLocalPI = 27

0%   10   20   30   40   50   60   70   80   90   100%
|----|----|----|----|----|----|----|----|----|----|
***************************************************
change patienceM
time = 143359051
area = 668
delay = 33.9
write_blif appntk/c1908_14_0.000996094_668_33.9.blif

round 15
seed = 1567440036 patienceN = 0 patienceM = 2 frameNumber = 64 nLocalPI = 27

0%   10   20   30   40   50   60   70   80   90   100%
|----|----|----|----|----|----|----|----|----|----|
***************************************************
change patienceM
time = 151405061
area = 647
delay = 31.1
write_blif appntk/c1908_15_0.000996094_647_31.1.blif

round 16
seed = 1567440045 patienceN = 0 patienceM = 0 frameNumber = 64 nLocalPI = 26

0%   10   20   30   40   50   60   70   80   90   100%
|----|----|----|----|----|----|----|----|----|----|
***************************************************
change patienceM
time = 160823926
area = 668
delay = 33.9
write_blif appntk/c1908_16_0.000996094_668_33.9.blif

round 17
seed = 1567440053 patienceN = 0 patienceM = 1 frameNumber = 64 nLocalPI = 26

0%   10   20   30   40   50   60   70   80   90   100%
|----|----|----|----|----|----|----|----|----|----|
***************************************************
change patienceM
time = 169037019
area = 647
delay = 31.1
write_blif appntk/c1908_17_0.000996094_647_31.1.blif

round 18
seed = 1567440062 patienceN = 0 patienceM = 2 frameNumber = 64 nLocalPI = 26

0%   10   20   30   40   50   60   70   80   90   100%
|----|----|----|----|----|----|----|----|----|----|
***************************************************
change patienceM
time = 177061901
area = 668
delay = 33.9
write_blif appntk/c1908_18_0.000996094_668_33.9.blif

round 19
seed = 1567440070 patienceN = 0 patienceM = 0 frameNumber = 64 nLocalPI = 25

0%   10   20   30   40   50   60   70   80   90   100%
|----|----|----|----|----|----|----|----|----|----|
***************************************************
change patienceM
time = 185040551
area = 647
delay = 31.1
write_blif appntk/c1908_19_0.000996094_647_31.1.blif

round 20
seed = 1567440078 patienceN = 0 patienceM = 1 frameNumber = 64 nLocalPI = 25

0%   10   20   30   40   50   60   70   80   90   100%
|----|----|----|----|----|----|----|----|----|----|
***************************************************
change patienceM
time = 192586348
area = 668
delay = 33.9
write_blif appntk/c1908_20_0.000996094_668_33.9.blif

round 21
seed = 1567440086 patienceN = 0 patienceM = 2 frameNumber = 64 nLocalPI = 25

0%   10   20   30   40   50   60   70   80   90   100%
|----|----|----|----|----|----|----|----|----|----|
***************************************************
change patienceM
time = 200133883
area = 647
delay = 31.1
write_blif appntk/c1908_21_0.000996094_647_31.1.blif

round 22
seed = 1567440094 patienceN = 0 patienceM = 0 frameNumber = 64 nLocalPI = 24

0%   10   20   30   40   50   60   70   80   90   100%
|----|----|----|----|----|----|----|----|----|----|
***************************************************
change patienceM
time = 207591864
area = 668
delay = 33.9
write_blif appntk/c1908_22_0.000996094_668_33.9.blif

round 23
seed = 1567440101 patienceN = 0 patienceM = 1 frameNumber = 64 nLocalPI = 24

0%   10   20   30   40   50   60   70   80   90   100%
|----|----|----|----|----|----|----|----|----|----|
***************************************************
change patienceM
time = 216275829
area = 647
delay = 31.1
write_blif appntk/c1908_23_0.000996094_647_31.1.blif

round 24
seed = 1567440109 patienceN = 0 patienceM = 2 frameNumber = 64 nLocalPI = 24

0%   10   20   30   40   50   60   70   80   90   100%
|----|----|----|----|----|----|----|----|----|----|
***************************************************
change patienceM
time = 225657890
area = 668
delay = 33.9
write_blif appntk/c1908_24_0.000996094_668_33.9.blif

round 25
seed = 1567440118 patienceN = 0 patienceM = 0 frameNumber = 64 nLocalPI = 23

0%   10   20   30   40   50   60   70   80   90   100%
|----|----|----|----|----|----|----|----|----|----|
***************************************************
change patienceM
time = 234391026
area = 647
delay = 31.1
write_blif appntk/c1908_25_0.000996094_647_31.1.blif

round 26
seed = 1567440127 patienceN = 0 patienceM = 1 frameNumber = 64 nLocalPI = 23

0%   10   20   30   40   50   60   70   80   90   100%
|----|----|----|----|----|----|----|----|----|----|
***************************************************
change patienceM
time = 242488076
area = 668
delay = 33.9
write_blif appntk/c1908_26_0.000996094_668_33.9.blif

round 27
seed = 1567440136 patienceN = 0 patienceM = 2 frameNumber = 64 nLocalPI = 23

0%   10   20   30   40   50   60   70   80   90   100%
|----|----|----|----|----|----|----|----|----|----|
***************************************************
change patienceM
time = 250813787
area = 647
delay = 31.1
write_blif appntk/c1908_27_0.000996094_647_31.1.blif

round 28
seed = 1567440144 patienceN = 0 patienceM = 0 frameNumber = 64 nLocalPI = 22

0%   10   20   30   40   50   60   70   80   90   100%
|----|----|----|----|----|----|----|----|----|----|
***************************************************
change patienceM
time = 258089153
area = 668
delay = 33.9
write_blif appntk/c1908_28_0.000996094_668_33.9.blif

round 29
seed = 1567440152 patienceN = 0 patienceM = 1 frameNumber = 64 nLocalPI = 22

0%   10   20   30   40   50   60   70   80   90   100%
|----|----|----|----|----|----|----|----|----|----|
***************************************************
change patienceM
time = 265569135
area = 647
delay = 31.1
write_blif appntk/c1908_29_0.000996094_647_31.1.blif

round 30
seed = 1567440160 patienceN = 0 patienceM = 2 frameNumber = 64 nLocalPI = 22

0%   10   20   30   40   50   60   70   80   90   100%
|----|----|----|----|----|----|----|----|----|----|
***************************************************
best node n331 best error 0.000996094
time = 273231865
area = 668
delay = 32.2
write_blif appntk/c1908_30_0.000996094_668_32.2.blif

round 31
seed = 1567440167 patienceN = 0 patienceM = 0 frameNumber = 64 nLocalPI = 22

0%   10   20   30   40   50   60   70   80   90   100%
|----|----|----|----|----|----|----|----|----|----|
***************************************************
change patienceM
time = 280303643
area = 656
delay = 32.9
write_blif appntk/c1908_31_0.000996094_656_32.9.blif

round 32
seed = 1567440175 patienceN = 0 patienceM = 1 frameNumber = 64 nLocalPI = 22

0%   10   20   30   40   50   60   70   80   90   100%
|----|----|----|----|----|----|----|----|----|----|
***************************************************
change patienceM
time = 287520003
area = 668
delay = 32.2
write_blif appntk/c1908_32_0.000996094_668_32.2.blif

round 33
seed = 1567440182 patienceN = 0 patienceM = 2 frameNumber = 64 nLocalPI = 22

0%   10   20   30   40   50   60   70   80   90   100%
|----|----|----|----|----|----|----|----|----|----|
***************************************************
change patienceM
time = 294236386
area = 656
delay = 32.9
write_blif appntk/c1908_33_0.000996094_656_32.9.blif

round 34
seed = 1567440189 patienceN = 0 patienceM = 0 frameNumber = 64 nLocalPI = 21

0%   10   20   30   40   50   60   70   80   90   100%
|----|----|----|----|----|----|----|----|----|----|
***************************************************
change patienceM
time = 300968112
area = 668
delay = 32.2
write_blif appntk/c1908_34_0.000996094_668_32.2.blif

round 35
seed = 1567440196 patienceN = 0 patienceM = 1 frameNumber = 64 nLocalPI = 21

0%   10   20   30   40   50   60   70   80   90   100%
|----|----|----|----|----|----|----|----|----|----|
***************************************************
change patienceM
time = 307642186
area = 656
delay = 32.9
write_blif appntk/c1908_35_0.000996094_656_32.9.blif

round 36
seed = 1567440203 patienceN = 0 patienceM = 2 frameNumber = 64 nLocalPI = 21

0%   10   20   30   40   50   60   70   80   90   100%
|----|----|----|----|----|----|----|----|----|----|
***************************************************
change patienceM
time = 314621269
area = 668
delay = 32.2
write_blif appntk/c1908_36_0.000996094_668_32.2.blif

round 37
seed = 1567440209 patienceN = 0 patienceM = 0 frameNumber = 64 nLocalPI = 20

0%   10   20   30   40   50   60   70   80   90   100%
|----|----|----|----|----|----|----|----|----|----|
***************************************************
change patienceM
time = 321505886
area = 656
delay = 32.9
write_blif appntk/c1908_37_0.000996094_656_32.9.blif

round 38
seed = 1567440216 patienceN = 0 patienceM = 1 frameNumber = 64 nLocalPI = 20

0%   10   20   30   40   50   60   70   80   90   100%
|----|----|----|----|----|----|----|----|----|----|
***************************************************
change patienceM
time = 328023749
area = 668
delay = 32.2
write_blif appntk/c1908_38_0.000996094_668_32.2.blif

round 39
seed = 1567440223 patienceN = 0 patienceM = 2 frameNumber = 64 nLocalPI = 20

0%   10   20   30   40   50   60   70   80   90   100%
|----|----|----|----|----|----|----|----|----|----|
***************************************************
change patienceM
time = 334385005
area = 656
delay = 32.9
write_blif appntk/c1908_39_0.000996094_656_32.9.blif

round 40
seed = 1567440230 patienceN = 0 patienceM = 0 frameNumber = 64 nLocalPI = 19

0%   10   20   30   40   50   60   70   80   90   100%
|----|----|----|----|----|----|----|----|----|----|
***************************************************
change patienceM
time = 341156697
area = 668
delay = 32.2
write_blif appntk/c1908_40_0.000996094_668_32.2.blif

round 41
seed = 1567440236 patienceN = 0 patienceM = 1 frameNumber = 64 nLocalPI = 19

0%   10   20   30   40   50   60   70   80   90   100%
|----|----|----|----|----|----|----|----|----|----|
***************************************************
change patienceM
time = 347448696
area = 656
delay = 32.9
write_blif appntk/c1908_41_0.000996094_656_32.9.blif

round 42
seed = 1567440243 patienceN = 0 patienceM = 2 frameNumber = 64 nLocalPI = 19

0%   10   20   30   40   50   60   70   80   90   100%
|----|----|----|----|----|----|----|----|----|----|
***************************************************
change patienceM
time = 354099326
area = 668
delay = 32.2
write_blif appntk/c1908_42_0.000996094_668_32.2.blif

round 43
seed = 1567440249 patienceN = 0 patienceM = 0 frameNumber = 64 nLocalPI = 18

0%   10   20   30   40   50   60   70   80   90   100%
|----|----|----|----|----|----|----|----|----|----|
***************************************************
change patienceM
time = 360285615
area = 656
delay = 32.9
write_blif appntk/c1908_43_0.000996094_656_32.9.blif

round 44
seed = 1567440256 patienceN = 0 patienceM = 1 frameNumber = 64 nLocalPI = 18

0%   10   20   30   40   50   60   70   80   90   100%
|----|----|----|----|----|----|----|----|----|----|
***************************************************
change patienceM
time = 366882966
area = 668
delay = 32.2
write_blif appntk/c1908_44_0.000996094_668_32.2.blif

round 45
seed = 1567440262 patienceN = 0 patienceM = 2 frameNumber = 64 nLocalPI = 18

0%   10   20   30   40   50   60   70   80   90   100%
|----|----|----|----|----|----|----|----|----|----|
***************************************************
change patienceM
time = 373527312
area = 656
delay = 32.9
write_blif appntk/c1908_45_0.000996094_656_32.9.blif

round 46
seed = 1567440269 patienceN = 0 patienceM = 0 frameNumber = 64 nLocalPI = 17

0%   10   20   30   40   50   60   70   80   90   100%
|----|----|----|----|----|----|----|----|----|----|
***************************************************
change patienceM
time = 379973513
area = 668
delay = 32.2
write_blif appntk/c1908_46_0.000996094_668_32.2.blif

round 47
seed = 1567440275 patienceN = 0 patienceM = 1 frameNumber = 64 nLocalPI = 17

0%   10   20   30   40   50   60   70   80   90   100%
|----|----|----|----|----|----|----|----|----|----|
***************************************************
change patienceM
time = 386170648
area = 656
delay = 32.9
write_blif appntk/c1908_47_0.000996094_656_32.9.blif

round 48
seed = 1567440282 patienceN = 0 patienceM = 2 frameNumber = 64 nLocalPI = 17

0%   10   20   30   40   50   60   70   80   90   100%
|----|----|----|----|----|----|----|----|----|----|
***************************************************
change patienceM
time = 392376003
area = 668
delay = 32.2
write_blif appntk/c1908_48_0.000996094_668_32.2.blif

round 49
seed = 1567440288 patienceN = 0 patienceM = 0 frameNumber = 64 nLocalPI = 16

0%   10   20   30   40   50   60   70   80   90   100%
|----|----|----|----|----|----|----|----|----|----|
***************************************************
change patienceM
time = 399030023
area = 656
delay = 32.9
write_blif appntk/c1908_49_0.000996094_656_32.9.blif

round 50
seed = 1567440294 patienceN = 0 patienceM = 1 frameNumber = 64 nLocalPI = 16

0%   10   20   30   40   50   60   70   80   90   100%
|----|----|----|----|----|----|----|----|----|----|
***************************************************
change patienceM
time = 405119224
area = 668
delay = 32.2
write_blif appntk/c1908_50_0.000996094_668_32.2.blif

round 51
seed = 1567440301 patienceN = 0 patienceM = 2 frameNumber = 64 nLocalPI = 16

0%   10   20   30   40   50   60   70   80   90   100%
|----|----|----|----|----|----|----|----|----|----|
***************************************************
change patienceM
time = 411678004
area = 656
delay = 32.9
write_blif appntk/c1908_51_0.000996094_656_32.9.blif

round 52
seed = 1567440307 patienceN = 0 patienceM = 0 frameNumber = 64 nLocalPI = 15

0%   10   20   30   40   50   60   70   80   90   100%
|----|----|----|----|----|----|----|----|----|----|
***************************************************
change patienceM
time = 417863064
area = 668
delay = 32.2
write_blif appntk/c1908_52_0.000996094_668_32.2.blif

round 53
seed = 1567440313 patienceN = 0 patienceM = 1 frameNumber = 64 nLocalPI = 15

0%   10   20   30   40   50   60   70   80   90   100%
|----|----|----|----|----|----|----|----|----|----|
***************************************************
change patienceM
time = 423959122
area = 656
delay = 32.9
write_blif appntk/c1908_53_0.000996094_656_32.9.blif

round 54
seed = 1567440320 patienceN = 0 patienceM = 2 frameNumber = 64 nLocalPI = 15

0%   10   20   30   40   50   60   70   80   90   100%
|----|----|----|----|----|----|----|----|----|----|
***************************************************
change patienceM
time = 430205645
area = 668
delay = 32.2
write_blif appntk/c1908_54_0.000996094_668_32.2.blif

round 55
seed = 1567440326 patienceN = 0 patienceM = 0 frameNumber = 64 nLocalPI = 14

0%   10   20   30   40   50   60   70   80   90   100%
|----|----|----|----|----|----|----|----|----|----|
***************************************************
change patienceM
time = 436088311
area = 656
delay = 32.9
write_blif appntk/c1908_55_0.000996094_656_32.9.blif

round 56
seed = 1567440332 patienceN = 0 patienceM = 1 frameNumber = 64 nLocalPI = 14

0%   10   20   30   40   50   60   70   80   90   100%
|----|----|----|----|----|----|----|----|----|----|
***************************************************
change patienceM
time = 442156692
area = 668
delay = 32.2
write_blif appntk/c1908_56_0.000996094_668_32.2.blif

round 57
seed = 1567440338 patienceN = 0 patienceM = 2 frameNumber = 64 nLocalPI = 14

0%   10   20   30   40   50   60   70   80   90   100%
|----|----|----|----|----|----|----|----|----|----|
***************************************************
change patienceM
time = 448333068
area = 656
delay = 32.9
write_blif appntk/c1908_57_0.000996094_656_32.9.blif

round 58
seed = 1567440344 patienceN = 0 patienceM = 0 frameNumber = 64 nLocalPI = 13

0%   10   20   30   40   50   60   70   80   90   100%
|----|----|----|----|----|----|----|----|----|----|
***************************************************
change patienceM
time = 454046910
area = 668
delay = 32.2
write_blif appntk/c1908_58_0.000996094_668_32.2.blif

round 59
seed = 1567440350 patienceN = 0 patienceM = 1 frameNumber = 64 nLocalPI = 13

0%   10   20   30   40   50   60   70   80   90   100%
|----|----|----|----|----|----|----|----|----|----|
***************************************************
change patienceM
time = 459785359
area = 656
delay = 32.9
write_blif appntk/c1908_59_0.000996094_656_32.9.blif

round 60
seed = 1567440356 patienceN = 0 patienceM = 2 frameNumber = 64 nLocalPI = 13

0%   10   20   30   40   50   60   70   80   90   100%
|----|----|----|----|----|----|----|----|----|----|
***************************************************
change patienceM
time = 465308558
area = 668
delay = 32.2
write_blif appntk/c1908_60_0.000996094_668_32.2.blif

round 61
seed = 1567440362 patienceN = 0 patienceM = 0 frameNumber = 64 nLocalPI = 12

0%   10   20   30   40   50   60   70   80   90   100%
|----|----|----|----|----|----|----|----|----|----|
***************************************************
change patienceM
time = 471064440
area = 656
delay = 32.9
write_blif appntk/c1908_61_0.000996094_656_32.9.blif

round 62
seed = 1567440367 patienceN = 0 patienceM = 1 frameNumber = 64 nLocalPI = 12

0%   10   20   30   40   50   60   70   80   90   100%
|----|----|----|----|----|----|----|----|----|----|
***************************************************
change patienceM
time = 476601128
area = 668
delay = 32.2
write_blif appntk/c1908_62_0.000996094_668_32.2.blif

round 63
seed = 1567440373 patienceN = 0 patienceM = 2 frameNumber = 64 nLocalPI = 12

0%   10   20   30   40   50   60   70   80   90   100%
|----|----|----|----|----|----|----|----|----|----|
***************************************************
change patienceM
time = 482061065
area = 656
delay = 32.9
write_blif appntk/c1908_63_0.000996094_656_32.9.blif

round 64
seed = 1567440379 patienceN = 0 patienceM = 0 frameNumber = 64 nLocalPI = 11

0%   10   20   30   40   50   60   70   80   90   100%
|----|----|----|----|----|----|----|----|----|----|
***************************************************
change patienceM
time = 487284427
area = 668
delay = 32.2
write_blif appntk/c1908_64_0.000996094_668_32.2.blif

round 65
seed = 1567440384 patienceN = 0 patienceM = 1 frameNumber = 64 nLocalPI = 11

0%   10   20   30   40   50   60   70   80   90   100%
|----|----|----|----|----|----|----|----|----|----|
***************************************************
change patienceM
time = 492471250
area = 656
delay = 32.9
write_blif appntk/c1908_65_0.000996094_656_32.9.blif

round 66
seed = 1567440389 patienceN = 0 patienceM = 2 frameNumber = 64 nLocalPI = 11

0%   10   20   30   40   50   60   70   80   90   100%
|----|----|----|----|----|----|----|----|----|----|
***************************************************
change patienceM
time = 497390950
area = 668
delay = 32.2
write_blif appntk/c1908_66_0.000996094_668_32.2.blif

round 67
seed = 1567440395 patienceN = 0 patienceM = 0 frameNumber = 64 nLocalPI = 10

0%   10   20   30   40   50   60   70   80   90   100%
|----|----|----|----|----|----|----|----|----|----|
***************************************************
change patienceM
time = 502321192
area = 656
delay = 32.9
write_blif appntk/c1908_67_0.000996094_656_32.9.blif

round 68
seed = 1567440400 patienceN = 0 patienceM = 1 frameNumber = 64 nLocalPI = 10

0%   10   20   30   40   50   60   70   80   90   100%
|----|----|----|----|----|----|----|----|----|----|
***************************************************
change patienceM
time = 507556006
area = 668
delay = 32.2
write_blif appntk/c1908_68_0.000996094_668_32.2.blif

round 69
seed = 1567440404 patienceN = 0 patienceM = 2 frameNumber = 64 nLocalPI = 10

0%   10   20   30   40   50   60   70   80   90   100%
|----|----|----|----|----|----|----|----|----|----|
***************************************************
change patienceM
time = 512576835
area = 656
delay = 32.9
write_blif appntk/c1908_69_0.000996094_656_32.9.blif

round 70
seed = 1567440410 patienceN = 0 patienceM = 0 frameNumber = 64 nLocalPI = 9

0%   10   20   30   40   50   60   70   80   90   100%
|----|----|----|----|----|----|----|----|----|----|
***************************************************
change patienceM
time = 517763387
area = 668
delay = 32.2
write_blif appntk/c1908_70_0.000996094_668_32.2.blif

round 71
seed = 1567440415 patienceN = 0 patienceM = 1 frameNumber = 64 nLocalPI = 9

0%   10   20   30   40   50   60   70   80   90   100%
|----|----|----|----|----|----|----|----|----|----|
***************************************************
change patienceM
time = 522875379
area = 656
delay = 32.9
write_blif appntk/c1908_71_0.000996094_656_32.9.blif

round 72
seed = 1567440420 patienceN = 0 patienceM = 2 frameNumber = 64 nLocalPI = 9

0%   10   20   30   40   50   60   70   80   90   100%
|----|----|----|----|----|----|----|----|----|----|
***************************************************
change patienceM
time = 528166339
area = 668
delay = 32.2
write_blif appntk/c1908_72_0.000996094_668_32.2.blif

round 73
seed = 1567440425 patienceN = 0 patienceM = 0 frameNumber = 64 nLocalPI = 8

0%   10   20   30   40   50   60   70   80   90   100%
|----|----|----|----|----|----|----|----|----|----|
***************************************************
change patienceM
time = 533194716
area = 656
delay = 32.9
write_blif appntk/c1908_73_0.000996094_656_32.9.blif

round 74
seed = 1567440430 patienceN = 0 patienceM = 1 frameNumber = 64 nLocalPI = 8

0%   10   20   30   40   50   60   70   80   90   100%
|----|----|----|----|----|----|----|----|----|----|
***************************************************
change patienceM
time = 538077669
area = 668
delay = 32.2
write_blif appntk/c1908_74_0.000996094_668_32.2.blif

round 75
seed = 1567440435 patienceN = 0 patienceM = 2 frameNumber = 64 nLocalPI = 8

0%   10   20   30   40   50   60   70   80   90   100%
|----|----|----|----|----|----|----|----|----|----|
***************************************************
change patienceM
time = 543074034
area = 656
delay = 32.9
write_blif appntk/c1908_75_0.000996094_656_32.9.blif

round 76
seed = 1567440440 patienceN = 0 patienceM = 0 frameNumber = 64 nLocalPI = 7

0%   10   20   30   40   50   60   70   80   90   100%
|----|----|----|----|----|----|----|----|----|----|
***************************************************
change patienceM
time = 548500277
area = 668
delay = 32.2
write_blif appntk/c1908_76_0.000996094_668_32.2.blif

round 77
seed = 1567440445 patienceN = 0 patienceM = 1 frameNumber = 64 nLocalPI = 7

0%   10   20   30   40   50   60   70   80   90   100%
|----|----|----|----|----|----|----|----|----|----|
***************************************************
change patienceM
time = 553657909
area = 656
delay = 32.9
write_blif appntk/c1908_77_0.000996094_656_32.9.blif

round 78
seed = 1567440451 patienceN = 0 patienceM = 2 frameNumber = 64 nLocalPI = 7

0%   10   20   30   40   50   60   70   80   90   100%
|----|----|----|----|----|----|----|----|----|----|
***************************************************
change patienceM
time = 558486937
area = 668
delay = 32.2
write_blif appntk/c1908_78_0.000996094_668_32.2.blif

round 79
seed = 1567440456 patienceN = 0 patienceM = 0 frameNumber = 64 nLocalPI = 6

0%   10   20   30   40   50   60   70   80   90   100%
|----|----|----|----|----|----|----|----|----|----|
***************************************************
change patienceM
time = 563461646
area = 656
delay = 32.9
write_blif appntk/c1908_79_0.000996094_656_32.9.blif

round 80
seed = 1567440461 patienceN = 0 patienceM = 1 frameNumber = 64 nLocalPI = 6

0%   10   20   30   40   50   60   70   80   90   100%
|----|----|----|----|----|----|----|----|----|----|
***************************************************
change patienceM
time = 568285669
area = 668
delay = 32.2
write_blif appntk/c1908_80_0.000996094_668_32.2.blif

round 81
seed = 1567440466 patienceN = 0 patienceM = 2 frameNumber = 64 nLocalPI = 6

0%   10   20   30   40   50   60   70   80   90   100%
|----|----|----|----|----|----|----|----|----|----|
***************************************************
change patienceM
time = 573219994
area = 656
delay = 32.9
write_blif appntk/c1908_81_0.000996094_656_32.9.blif

round 82
seed = 1567440471 patienceN = 0 patienceM = 0 frameNumber = 64 nLocalPI = 5

0%   10   20   30   40   50   60   70   80   90   100%
|----|----|----|----|----|----|----|----|----|----|
***************************************************
best node n294 best error 0.00152344
time = 577919571
