Entered genlib library with 23 gates from file "data/genlib/mcnc.genlib".
Line 30: Skipping line ".default_input_arrival 0.00 0.00 ".
Line 31: Skipping line ".default_output_required 0.00 0.00 ".
Line 32: Skipping line ".default_input_drive 0.10 0.10 ".
Line 33: Skipping line ".default_output_load 2.00 ".
Line 34: Skipping line ".default_max_input_load 999.00 ".
Original area = 1262, original delay = 21.9

round 0
seed = 0 patienceN = 0 patienceM = 0 frameNumber = 64 nLocalPI = 30

0%   10   20   30   40   50   60   70   80   90   100%
|----|----|----|----|----|----|----|----|----|----|
***************************************************
best node [100726] best error 0
time = 56480739
area = 1093
delay = 20.7
write_blif appntk/c2670_0_0_1093_20.7.blif

round 1
seed = 1567439900 patienceN = 0 patienceM = 0 frameNumber = 64 nLocalPI = 30

0%   10   20   30   40   50   60   70   80   90   100%
|----|----|----|----|----|----|----|----|----|----|
***************************************************
best node n727 best error 0
time = 77225442
area = 1058
delay = 19.9
write_blif appntk/c2670_1_0_1058_19.9.blif

round 2
seed = 1567439958 patienceN = 0 patienceM = 0 frameNumber = 64 nLocalPI = 30

0%   10   20   30   40   50   60   70   80   90   100%
|----|----|----|----|----|----|----|----|----|----|
***************************************************
best node n720 best error 0
time = 93275897
area = 1047
delay = 19.6
write_blif appntk/c2670_2_0_1047_19.6.blif

round 3
seed = 1567439978 patienceN = 0 patienceM = 0 frameNumber = 64 nLocalPI = 30

0%   10   20   30   40   50   60   70   80   90   100%
|----|----|----|----|----|----|----|----|----|----|
***************************************************
best node n613 best error 0
time = 110642091
area = 1061
delay = 20.7
write_blif appntk/c2670_3_0_1061_20.7.blif

round 4
seed = 1567439994 patienceN = 0 patienceM = 0 frameNumber = 64 nLocalPI = 30

0%   10   20   30   40   50   60   70   80   90   100%
|----|----|----|----|----|----|----|----|----|----|
***************************************************
best node n720 best error 0
time = 122910799
area = 854
delay = 20.4
write_blif appntk/c2670_4_0_854_20.4.blif

round 5
seed = 1567440012 patienceN = 0 patienceM = 0 frameNumber = 64 nLocalPI = 30

0%   10   20   30   40   50   60   70   80   90   100%
|----|----|----|----|----|----|----|----|----|----|
***************************************************
best node n708 best error 0.000546875
time = 132410085
area = 852
delay = 21.2
write_blif appntk/c2670_5_0.000546875_852_21.2.blif

round 6
seed = 1567440024 patienceN = 0 patienceM = 0 frameNumber = 64 nLocalPI = 30

0%   10   20   30   40   50   60   70   80   90   100%
|----|----|----|----|----|----|----|----|----|----|
***************************************************
change patienceM
time = 142027662
area = 848
delay = 21.2
write_blif appntk/c2670_6_0.000546875_848_21.2.blif

round 7
seed = 1567440034 patienceN = 0 patienceM = 1 frameNumber = 64 nLocalPI = 30

0%   10   20   30   40   50   60   70   80   90   100%
|----|----|----|----|----|----|----|----|----|----|
***************************************************
change patienceM
time = 156251062
area = 850
delay = 21.2
write_blif appntk/c2670_7_0.000546875_850_21.2.blif

round 8
seed = 1567440043 patienceN = 0 patienceM = 2 frameNumber = 64 nLocalPI = 30

0%   10   20   30   40   50   60   70   80   90   100%
|----|----|----|----|----|----|----|----|----|----|
***************************************************
change patienceM
time = 166051430
area = 844
delay = 21.2
write_blif appntk/c2670_8_0.000546875_844_21.2.blif

round 9
seed = 1567440058 patienceN = 0 patienceM = 0 frameNumber = 64 nLocalPI = 29

0%   10   20   30   40   50   60   70   80   90   100%
|----|----|----|----|----|----|----|----|----|----|
***************************************************
change patienceM
time = 175335872
area = 849
delay = 21.2
write_blif appntk/c2670_9_0.000546875_849_21.2.blif

round 10
seed = 1567440068 patienceN = 0 patienceM = 1 frameNumber = 64 nLocalPI = 29

0%   10   20   30   40   50   60   70   80   90   100%
|----|----|----|----|----|----|----|----|----|----|
***************************************************
change patienceM
time = 183923161
area = 850
delay = 21.2
write_blif appntk/c2670_10_0.000546875_850_21.2.blif

round 11
seed = 1567440077 patienceN = 0 patienceM = 2 frameNumber = 64 nLocalPI = 29

0%   10   20   30   40   50   60   70   80   90   100%
|----|----|----|----|----|----|----|----|----|----|
***************************************************
change patienceM
time = 194105666
area = 851
delay = 21.2
write_blif appntk/c2670_11_0.000546875_851_21.2.blif

round 12
seed = 1567440085 patienceN = 0 patienceM = 0 frameNumber = 64 nLocalPI = 28

0%   10   20   30   40   50   60   70   80   90   100%
|----|----|----|----|----|----|----|----|----|----|
***************************************************
change patienceM
time = 203346088
area = 849
delay = 21.2
write_blif appntk/c2670_12_0.000546875_849_21.2.blif

round 13
seed = 1567440096 patienceN = 0 patienceM = 1 frameNumber = 64 nLocalPI = 28

0%   10   20   30   40   50   60   70   80   90   100%
|----|----|----|----|----|----|----|----|----|----|
***************************************************
change patienceM
time = 217367161
area = 849
delay = 21.2
write_blif appntk/c2670_13_0.000546875_849_21.2.blif

round 14
seed = 1567440105 patienceN = 0 patienceM = 2 frameNumber = 64 nLocalPI = 28

0%   10   20   30   40   50   60   70   80   90   100%
|----|----|----|----|----|----|----|----|----|----|
***************************************************
best node n778 best error 0.000546875
time = 226484977
area = 847
delay = 21.2
write_blif appntk/c2670_14_0.000546875_847_21.2.blif

round 15
seed = 1567440119 patienceN = 0 patienceM = 0 frameNumber = 64 nLocalPI = 28

0%   10   20   30   40   50   60   70   80   90   100%
|----|----|----|----|----|----|----|----|----|----|
***************************************************
change patienceM
time = 235090269
area = 851
delay = 21.2
write_blif appntk/c2670_15_0.000546875_851_21.2.blif

round 16
seed = 1567440128 patienceN = 0 patienceM = 1 frameNumber = 64 nLocalPI = 28

0%   10   20   30   40   50   60   70   80   90   100%
|----|----|----|----|----|----|----|----|----|----|
***************************************************
change patienceM
time = 244738350
area = 852
delay = 21.2
write_blif appntk/c2670_16_0.000546875_852_21.2.blif

round 17
seed = 1567440137 patienceN = 0 patienceM = 2 frameNumber = 64 nLocalPI = 28

0%   10   20   30   40   50   60   70   80   90   100%
|----|----|----|----|----|----|----|----|----|----|
***************************************************
change patienceM
time = 254607830
area = 852
delay = 20.9
write_blif appntk/c2670_17_0.000546875_852_20.9.blif

round 18
seed = 1567440146 patienceN = 0 patienceM = 0 frameNumber = 64 nLocalPI = 27

0%   10   20   30   40   50   60   70   80   90   100%
|----|----|----|----|----|----|----|----|----|----|
***************************************************
change patienceM
time = 266690483
area = 847
delay = 21.5
write_blif appntk/c2670_18_0.000546875_847_21.5.blif

round 19
seed = 1567440156 patienceN = 0 patienceM = 1 frameNumber = 64 nLocalPI = 27

0%   10   20   30   40   50   60   70   80   90   100%
|----|----|----|----|----|----|----|----|----|----|
***************************************************
best node n717 best error 0.000546875
time = 278502428
area = 851
delay = 21.1
write_blif appntk/c2670_19_0.000546875_851_21.1.blif

round 20
seed = 1567440168 patienceN = 0 patienceM = 0 frameNumber = 64 nLocalPI = 27

0%   10   20   30   40   50   60   70   80   90   100%
|----|----|----|----|----|----|----|----|----|----|
***************************************************
change patienceM
time = 288767644
area = 848
delay = 21.1
write_blif appntk/c2670_20_0.000546875_848_21.1.blif

round 21
seed = 1567440180 patienceN = 0 patienceM = 1 frameNumber = 64 nLocalPI = 27

0%   10   20   30   40   50   60   70   80   90   100%
|----|----|----|----|----|----|----|----|----|----|
***************************************************
change patienceM
time = 297846748
area = 846
delay = 21.5
write_blif appntk/c2670_21_0.000546875_846_21.5.blif

round 22
seed = 1567440190 patienceN = 0 patienceM = 2 frameNumber = 64 nLocalPI = 27

0%   10   20   30   40   50   60   70   80   90   100%
|----|----|----|----|----|----|----|----|----|----|
***************************************************
change patienceM
time = 308813946
area = 851
delay = 21.1
write_blif appntk/c2670_22_0.000546875_851_21.1.blif

round 23
seed = 1567440199 patienceN = 0 patienceM = 0 frameNumber = 64 nLocalPI = 26

0%   10   20   30   40   50   60   70   80   90   100%
|----|----|----|----|----|----|----|----|----|----|
***************************************************
change patienceM
time = 318458317
area = 850
delay = 21.1
write_blif appntk/c2670_23_0.000546875_850_21.1.blif

round 24
seed = 1567440210 patienceN = 0 patienceM = 1 frameNumber = 64 nLocalPI = 26

0%   10   20   30   40   50   60   70   80   90   100%
|----|----|----|----|----|----|----|----|----|----|
***************************************************
change patienceM
time = 328249845
area = 851
delay = 21.1
write_blif appntk/c2670_24_0.000546875_851_21.1.blif

round 25
seed = 1567440220 patienceN = 0 patienceM = 2 frameNumber = 64 nLocalPI = 26

0%   10   20   30   40   50   60   70   80   90   100%
|----|----|----|----|----|----|----|----|----|----|
***************************************************
change patienceM
time = 337718137
area = 846
delay = 21.5
write_blif appntk/c2670_25_0.000546875_846_21.5.blif

round 26
seed = 1567440230 patienceN = 0 patienceM = 0 frameNumber = 64 nLocalPI = 25

0%   10   20   30   40   50   60   70   80   90   100%
|----|----|----|----|----|----|----|----|----|----|
***************************************************
change patienceM
time = 347104206
area = 843
delay = 20.9
write_blif appntk/c2670_26_0.000546875_843_20.9.blif

round 27
seed = 1567440240 patienceN = 0 patienceM = 1 frameNumber = 64 nLocalPI = 25

0%   10   20   30   40   50   60   70   80   90   100%
|----|----|----|----|----|----|----|----|----|----|
***************************************************
change patienceM
time = 358727807
area = 850
delay = 21.1
write_blif appntk/c2670_27_0.000546875_850_21.1.blif

round 28
seed = 1567440249 patienceN = 0 patienceM = 2 frameNumber = 64 nLocalPI = 25

0%   10   20   30   40   50   60   70   80   90   100%
|----|----|----|----|----|----|----|----|----|----|
***************************************************
change patienceM
time = 368991712
area = 851
delay = 21.1
write_blif appntk/c2670_28_0.000546875_851_21.1.blif

round 29
seed = 1567440261 patienceN = 0 patienceM = 0 frameNumber = 64 nLocalPI = 24

0%   10   20   30   40   50   60   70   80   90   100%
|----|----|----|----|----|----|----|----|----|----|
***************************************************
change patienceM
time = 377074318
area = 849
delay = 20.9
write_blif appntk/c2670_29_0.000546875_849_20.9.blif

round 30
seed = 1567440271 patienceN = 0 patienceM = 1 frameNumber = 64 nLocalPI = 24

0%   10   20   30   40   50   60   70   80   90   100%
|----|----|----|----|----|----|----|----|----|----|
***************************************************
change patienceM
time = 386100571
area = 846
delay = 21.5
write_blif appntk/c2670_30_0.000546875_846_21.5.blif

round 31
seed = 1567440279 patienceN = 0 patienceM = 2 frameNumber = 64 nLocalPI = 24

0%   10   20   30   40   50   60   70   80   90   100%
|----|----|----|----|----|----|----|----|----|----|
***************************************************
change patienceM
time = 392341911
area = 851
delay = 21.1
write_blif appntk/c2670_31_0.000546875_851_21.1.blif

round 32
seed = 1567440288 patienceN = 0 patienceM = 0 frameNumber = 64 nLocalPI = 23

0%   10   20   30   40   50   60   70   80   90   100%
|----|----|----|----|----|----|----|----|----|----|
***************************************************
change patienceM
time = 400469958
area = 848
delay = 21.1
write_blif appntk/c2670_32_0.000546875_848_21.1.blif

round 33
seed = 1567440294 patienceN = 0 patienceM = 1 frameNumber = 64 nLocalPI = 23

0%   10   20   30   40   50   60   70   80   90   100%
|----|----|----|----|----|----|----|----|----|----|
***************************************************
change patienceM
time = 407223583
area = 846
delay = 21.5
write_blif appntk/c2670_33_0.000546875_846_21.5.blif

round 34
seed = 1567440302 patienceN = 0 patienceM = 2 frameNumber = 64 nLocalPI = 23

0%   10   20   30   40   50   60   70   80   90   100%
|----|----|----|----|----|----|----|----|----|----|
***************************************************
change patienceM
time = 414231723
area = 851
delay = 21.1
write_blif appntk/c2670_34_0.000546875_851_21.1.blif

round 35
seed = 1567440309 patienceN = 0 patienceM = 0 frameNumber = 64 nLocalPI = 22

0%   10   20   30   40   50   60   70   80   90   100%
|----|----|----|----|----|----|----|----|----|----|
***************************************************
change patienceM
time = 427239759
area = 850
delay = 21.1
write_blif appntk/c2670_35_0.000546875_850_21.1.blif

round 36
seed = 1567440316 patienceN = 0 patienceM = 1 frameNumber = 64 nLocalPI = 22

0%   10   20   30   40   50   60   70   80   90   100%
|----|----|----|----|----|----|----|----|----|----|
***************************************************
change patienceM
time = 434279406
area = 851
delay = 21.1
write_blif appntk/c2670_36_0.000546875_851_21.1.blif

round 37
seed = 1567440329 patienceN = 0 patienceM = 2 frameNumber = 64 nLocalPI = 22

0%   10   20   30   40   50   60   70   80   90   100%
|----|----|----|----|----|----|----|----|----|----|
***************************************************
change patienceM
time = 444951584
area = 846
delay = 21.5
write_blif appntk/c2670_37_0.000546875_846_21.5.blif

round 38
seed = 1567440336 patienceN = 0 patienceM = 0 frameNumber = 64 nLocalPI = 21

0%   10   20   30   40   50   60   70   80   90   100%
|----|----|----|----|----|----|----|----|----|----|
***************************************************
change patienceM
time = 454644360
area = 843
delay = 20.9
write_blif appntk/c2670_38_0.000546875_843_20.9.blif

round 39
seed = 1567440347 patienceN = 0 patienceM = 1 frameNumber = 64 nLocalPI = 21

0%   10   20   30   40   50   60   70   80   90   100%
|----|----|----|----|----|----|----|----|----|----|
***************************************************
change patienceM
time = 465829758
area = 850
delay = 21.1
write_blif appntk/c2670_39_0.000546875_850_21.1.blif

round 40
seed = 1567440357 patienceN = 0 patienceM = 2 frameNumber = 64 nLocalPI = 21

0%   10   20   30   40   50   60   70   80   90   100%
|----|----|----|----|----|----|----|----|----|----|
***************************************************
change patienceM
time = 473090705
area = 851
delay = 21.1
write_blif appntk/c2670_40_0.000546875_851_21.1.blif

round 41
seed = 1567440368 patienceN = 0 patienceM = 0 frameNumber = 64 nLocalPI = 20

0%   10   20   30   40   50   60   70   80   90   100%
|----|----|----|----|----|----|----|----|----|----|
***************************************************
change patienceM
time = 484511225
area = 849
delay = 20.9
write_blif appntk/c2670_41_0.000546875_849_20.9.blif

round 42
seed = 1567440375 patienceN = 0 patienceM = 1 frameNumber = 64 nLocalPI = 20

0%   10   20   30   40   50   60   70   80   90   100%
|----|----|----|----|----|----|----|----|----|----|
***************************************************
change patienceM
time = 494811549
area = 846
delay = 21.5
write_blif appntk/c2670_42_0.000546875_846_21.5.blif

round 43
seed = 1567440387 patienceN = 0 patienceM = 2 frameNumber = 64 nLocalPI = 20

0%   10   20   30   40   50   60   70   80   90   100%
|----|----|----|----|----|----|----|----|----|----|
***************************************************
change patienceM
time = 504104316
area = 851
delay = 21.1
write_blif appntk/c2670_43_0.000546875_851_21.1.blif

round 44
seed = 1567440397 patienceN = 0 patienceM = 0 frameNumber = 64 nLocalPI = 19

0%   10   20   30   40   50   60   70   80   90   100%
|----|----|----|----|----|----|----|----|----|----|
***************************************************
change patienceM
time = 516650689
area = 848
delay = 21.1
write_blif appntk/c2670_44_0.000546875_848_21.1.blif

round 45
seed = 1567440406 patienceN = 0 patienceM = 1 frameNumber = 64 nLocalPI = 19

0%   10   20   30   40   50   60   70   80   90   100%
|----|----|----|----|----|----|----|----|----|----|
***************************************************
change patienceM
time = 525306933
area = 846
delay = 21.5
write_blif appntk/c2670_45_0.000546875_846_21.5.blif

round 46
seed = 1567440419 patienceN = 0 patienceM = 2 frameNumber = 64 nLocalPI = 19

0%   10   20   30   40   50   60   70   80   90   100%
|----|----|----|----|----|----|----|----|----|----|
***************************************************
change patienceM
time = 533082366
area = 851
delay = 21.1
write_blif appntk/c2670_46_0.000546875_851_21.1.blif

round 47
seed = 1567440427 patienceN = 0 patienceM = 0 frameNumber = 64 nLocalPI = 18

0%   10   20   30   40   50   60   70   80   90   100%
|----|----|----|----|----|----|----|----|----|----|
***************************************************
change patienceM
time = 544173211
area = 850
delay = 21.1
write_blif appntk/c2670_47_0.000546875_850_21.1.blif

round 48
seed = 1567440435 patienceN = 0 patienceM = 1 frameNumber = 64 nLocalPI = 18

0%   10   20   30   40   50   60   70   80   90   100%
|----|----|----|----|----|----|----|----|----|----|
***************************************************
change patienceM
time = 553134059
area = 851
delay = 21.1
write_blif appntk/c2670_48_0.000546875_851_21.1.blif

round 49
seed = 1567440446 patienceN = 0 patienceM = 2 frameNumber = 64 nLocalPI = 18

0%   10   20   30   40   50   60   70   80   90   100%
|----|----|----|----|----|----|----|----|----|----|
***************************************************
change patienceM
time = 559624653
area = 846
delay = 21.5
write_blif appntk/c2670_49_0.000546875_846_21.5.blif

round 50
seed = 1567440455 patienceN = 0 patienceM = 0 frameNumber = 64 nLocalPI = 17

0%   10   20   30   40   50   60   70   80   90   100%
|----|----|----|----|----|----|----|----|----|----|
***************************************************
change patienceM
time = 568771916
area = 843
delay = 20.9
write_blif appntk/c2670_50_0.000546875_843_20.9.blif

round 51
seed = 1567440462 patienceN = 0 patienceM = 1 frameNumber = 64 nLocalPI = 17

0%   10   20   30   40   50   60   70   80   90   100%
|----|----|----|----|----|----|----|----|----|----|
***************************************************
change patienceM
time = 580126586
area = 850
delay = 21.1
write_blif appntk/c2670_51_0.000546875_850_21.1.blif

round 52
seed = 1567440471 patienceN = 0 patienceM = 2 frameNumber = 64 nLocalPI = 17

0%   10   20   30   40   50   60   70   80   90   100%
|----|----|----|----|----|----|----|----|----|----|
***************************************************
change patienceM
time = 591575775
area = 851
delay = 21.1
write_blif appntk/c2670_52_0.000546875_851_21.1.blif

round 53
seed = 1567440482 patienceN = 0 patienceM = 0 frameNumber = 64 nLocalPI = 16

0%   10   20   30   40   50   60   70   80   90   100%
|----|----|----|----|----|----|----|----|----|----|
***************************************************
change patienceM
time = 597539554
area = 849
delay = 20.9
write_blif appntk/c2670_53_0.000546875_849_20.9.blif

round 54
seed = 1567440494 patienceN = 0 patienceM = 1 frameNumber = 64 nLocalPI = 16

0%   10   20   30   40   50   60   70   80   90   100%
|----|----|----|----|----|----|----|----|----|----|
***************************************************
change patienceM
time = 607319371
area = 846
delay = 21.5
write_blif appntk/c2670_54_0.000546875_846_21.5.blif

round 55
seed = 1567440500 patienceN = 0 patienceM = 2 frameNumber = 64 nLocalPI = 16

0%   10   20   30   40   50   60   70   80   90   100%
|----|----|----|----|----|----|----|----|----|----|
***************************************************
change patienceM
time = 619290887
area = 851
delay = 21.1
write_blif appntk/c2670_55_0.000546875_851_21.1.blif

round 56
seed = 1567440509 patienceN = 0 patienceM = 0 frameNumber = 64 nLocalPI = 15

0%   10   20   30   40   50   60   70   80   90   100%
|----|----|----|----|----|----|----|----|----|----|
***************************************************
change patienceM
time = 626140911
area = 848
delay = 21.1
write_blif appntk/c2670_56_0.000546875_848_21.1.blif

round 57
seed = 1567440521 patienceN = 0 patienceM = 1 frameNumber = 64 nLocalPI = 15

0%   10   20   30   40   50   60   70   80   90   100%
|----|----|----|----|----|----|----|----|----|----|
***************************************************
change patienceM
time = 634934137
area = 846
delay = 21.5
write_blif appntk/c2670_57_0.000546875_846_21.5.blif

round 58
seed = 1567440528 patienceN = 0 patienceM = 2 frameNumber = 64 nLocalPI = 15

0%   10   20   30   40   50   60   70   80   90   100%
|----|----|----|----|----|----|----|----|----|----|
***************************************************
change patienceM
time = 644957890
area = 851
delay = 21.1
write_blif appntk/c2670_58_0.000546875_851_21.1.blif

round 59
seed = 1567440537 patienceN = 0 patienceM = 0 frameNumber = 64 nLocalPI = 14

0%   10   20   30   40   50   60   70   80   90   100%
|----|----|----|----|----|----|----|----|----|----|
***************************************************
change patienceM
time = 652560640
area = 850
delay = 21.1
write_blif appntk/c2670_59_0.000546875_850_21.1.blif

round 60
seed = 1567440547 patienceN = 0 patienceM = 1 frameNumber = 64 nLocalPI = 14

0%   10   20   30   40   50   60   70   80   90   100%
|----|----|----|----|----|----|----|----|----|----|
***************************************************
change patienceM
time = 658951789
area = 851
delay = 21.1
write_blif appntk/c2670_60_0.000546875_851_21.1.blif

round 61
seed = 1567440555 patienceN = 0 patienceM = 2 frameNumber = 64 nLocalPI = 14

0%   10   20   30   40   50   60   70   80   90   100%
|----|----|----|----|----|----|----|----|----|----|
***************************************************
change patienceM
time = 667551537
area = 846
delay = 21.5
write_blif appntk/c2670_61_0.000546875_846_21.5.blif

round 62
seed = 1567440561 patienceN = 0 patienceM = 0 frameNumber = 64 nLocalPI = 13

0%   10   20   30   40   50   60   70   80   90   100%
|----|----|----|----|----|----|----|----|----|----|
***************************************************
change patienceM
time = 673939445
area = 843
delay = 20.9
write_blif appntk/c2670_62_0.000546875_843_20.9.blif

round 63
seed = 1567440570 patienceN = 0 patienceM = 1 frameNumber = 64 nLocalPI = 13

0%   10   20   30   40   50   60   70   80   90   100%
|----|----|----|----|----|----|----|----|----|----|
***************************************************
change patienceM
time = 681753313
area = 850
delay = 21.1
write_blif appntk/c2670_63_0.000546875_850_21.1.blif

round 64
seed = 1567440576 patienceN = 0 patienceM = 2 frameNumber = 64 nLocalPI = 13

0%   10   20   30   40   50   60   70   80   90   100%
|----|----|----|----|----|----|----|----|----|----|
***************************************************
change patienceM
time = 690497323
area = 851
delay = 21.1
write_blif appntk/c2670_64_0.000546875_851_21.1.blif

round 65
seed = 1567440584 patienceN = 0 patienceM = 0 frameNumber = 64 nLocalPI = 12

0%   10   20   30   40   50   60   70   80   90   100%
|----|----|----|----|----|----|----|----|----|----|
***************************************************
change patienceM
time = 698844841
area = 849
delay = 20.9
write_blif appntk/c2670_65_0.000546875_849_20.9.blif

round 66
seed = 1567440593 patienceN = 0 patienceM = 1 frameNumber = 64 nLocalPI = 12

0%   10   20   30   40   50   60   70   80   90   100%
|----|----|----|----|----|----|----|----|----|----|
***************************************************
change patienceM
time = 706517902
area = 846
delay = 21.5
write_blif appntk/c2670_66_0.000546875_846_21.5.blif

round 67
seed = 1567440601 patienceN = 0 patienceM = 2 frameNumber = 64 nLocalPI = 12

0%   10   20   30   40   50   60   70   80   90   100%
|----|----|----|----|----|----|----|----|----|----|
***************************************************
change patienceM
time = 711920601
area = 851
delay = 21.1
write_blif appntk/c2670_67_0.000546875_851_21.1.blif

round 68
seed = 1567440609 patienceN = 0 patienceM = 0 frameNumber = 64 nLocalPI = 11

0%   10   20   30   40   50   60   70   80   90   100%
|----|----|----|----|----|----|----|----|----|----|
***************************************************
change patienceM
time = 719022069
area = 848
delay = 21.1
write_blif appntk/c2670_68_0.000546875_848_21.1.blif

round 69
seed = 1567440614 patienceN = 0 patienceM = 1 frameNumber = 64 nLocalPI = 11

0%   10   20   30   40   50   60   70   80   90   100%
|----|----|----|----|----|----|----|----|----|----|
***************************************************
change patienceM
time = 726604861
area = 846
delay = 21.5
write_blif appntk/c2670_69_0.000546875_846_21.5.blif

round 70
seed = 1567440621 patienceN = 0 patienceM = 2 frameNumber = 64 nLocalPI = 11

0%   10   20   30   40   50   60   70   80   90   100%
|----|----|----|----|----|----|----|----|----|----|
***************************************************
change patienceM
time = 731248824
area = 851
delay = 21.1
write_blif appntk/c2670_70_0.000546875_851_21.1.blif

round 71
seed = 1567440629 patienceN = 0 patienceM = 0 frameNumber = 64 nLocalPI = 10

0%   10   20   30   40   50   60   70   80   90   100%
|----|----|----|----|----|----|----|----|----|----|
***************************************************
change patienceM
time = 738296253
area = 850
delay = 21.1
write_blif appntk/c2670_71_0.000546875_850_21.1.blif

round 72
seed = 1567440634 patienceN = 0 patienceM = 1 frameNumber = 64 nLocalPI = 10

0%   10   20   30   40   50   60   70   80   90   100%
|----|----|----|----|----|----|----|----|----|----|
***************************************************
change patienceM
time = 747989413
area = 851
delay = 21.1
write_blif appntk/c2670_72_0.000546875_851_21.1.blif

round 73
seed = 1567440641 patienceN = 0 patienceM = 2 frameNumber = 64 nLocalPI = 10

0%   10   20   30   40   50   60   70   80   90   100%
|----|----|----|----|----|----|----|----|----|----|
***************************************************
change patienceM
time = 754024868
area = 846
delay = 21.5
write_blif appntk/c2670_73_0.000546875_846_21.5.blif

round 74
seed = 1567440650 patienceN = 0 patienceM = 0 frameNumber = 64 nLocalPI = 9

0%   10   20   30   40   50   60   70   80   90   100%
|----|----|----|----|----|----|----|----|----|----|
***************************************************
change patienceM
time = 758192826
area = 843
delay = 20.9
write_blif appntk/c2670_74_0.000546875_843_20.9.blif

round 75
seed = 1567440656 patienceN = 0 patienceM = 1 frameNumber = 64 nLocalPI = 9

0%   10   20   30   40   50   60   70   80   90   100%
|----|----|----|----|----|----|----|----|----|----|
***************************************************
change patienceM
time = 762929508
area = 850
delay = 21.1
write_blif appntk/c2670_75_0.000546875_850_21.1.blif

round 76
seed = 1567440661 patienceN = 0 patienceM = 2 frameNumber = 64 nLocalPI = 9

0%   10   20   30   40   50   60   70   80   90   100%
|----|----|----|----|----|----|----|----|----|----|
***************************************************
change patienceM
time = 769198946
area = 851
delay = 21.1
write_blif appntk/c2670_76_0.000546875_851_21.1.blif

round 77
seed = 1567440665 patienceN = 0 patienceM = 0 frameNumber = 64 nLocalPI = 8

0%   10   20   30   40   50   60   70   80   90   100%
|----|----|----|----|----|----|----|----|----|----|
***************************************************
change patienceM
time = 776220235
area = 849
delay = 20.9
write_blif appntk/c2670_77_0.000546875_849_20.9.blif

round 78
seed = 1567440672 patienceN = 0 patienceM = 1 frameNumber = 64 nLocalPI = 8

0%   10   20   30   40   50   60   70   80   90   100%
|----|----|----|----|----|----|----|----|----|----|
***************************************************
change patienceM
time = 782401089
area = 846
delay = 21.5
write_blif appntk/c2670_78_0.000546875_846_21.5.blif

round 79
seed = 1567440679 patienceN = 0 patienceM = 2 frameNumber = 64 nLocalPI = 8

0%   10   20   30   40   50   60   70   80   90   100%
|----|----|----|----|----|----|----|----|----|----|
***************************************************
change patienceM
time = 788826656
area = 851
delay = 21.1
write_blif appntk/c2670_79_0.000546875_851_21.1.blif

round 80
seed = 1567440685 patienceN = 0 patienceM = 0 frameNumber = 64 nLocalPI = 7

0%   10   20   30   40   50   60   70   80   90   100%
|----|----|----|----|----|----|----|----|----|----|
***************************************************
change patienceM
time = 795227739
area = 848
delay = 21.1
write_blif appntk/c2670_80_0.000546875_848_21.1.blif

round 81
seed = 1567440691 patienceN = 0 patienceM = 1 frameNumber = 64 nLocalPI = 7

0%   10   20   30   40   50   60   70   80   90   100%
|----|----|----|----|----|----|----|----|----|----|
***************************************************
change patienceM
time = 802486664
area = 846
delay = 21.5
write_blif appntk/c2670_81_0.000546875_846_21.5.blif

round 82
seed = 1567440698 patienceN = 0 patienceM = 2 frameNumber = 64 nLocalPI = 7

0%   10   20   30   40   50   60   70   80   90   100%
|----|----|----|----|----|----|----|----|----|----|
***************************************************
change patienceM
time = 811580701
area = 851
delay = 21.1
write_blif appntk/c2670_82_0.000546875_851_21.1.blif

round 83
seed = 1567440705 patienceN = 0 patienceM = 0 frameNumber = 64 nLocalPI = 6

0%   10   20   30   40   50   60   70   80   90   100%
|----|----|----|----|----|----|----|----|----|----|
***************************************************
change patienceM
time = 817607118
area = 850
delay = 21.1
write_blif appntk/c2670_83_0.000546875_850_21.1.blif

round 84
seed = 1567440714 patienceN = 0 patienceM = 1 frameNumber = 64 nLocalPI = 6

0%   10   20   30   40   50   60   70   80   90   100%
|----|----|----|----|----|----|----|----|----|----|
***************************************************
change patienceM
time = 826023849
area = 851
delay = 21.1
write_blif appntk/c2670_84_0.000546875_851_21.1.blif

round 85
seed = 1567440720 patienceN = 0 patienceM = 2 frameNumber = 64 nLocalPI = 6

0%   10   20   30   40   50   60   70   80   90   100%
|----|----|----|----|----|----|----|----|----|----|
***************************************************
change patienceM
time = 830591701
area = 846
delay = 21.5
write_blif appntk/c2670_85_0.000546875_846_21.5.blif

round 86
seed = 1567440729 patienceN = 0 patienceM = 0 frameNumber = 64 nLocalPI = 5

0%   10   20   30   40   50   60   70   80   90   100%
|----|----|----|----|----|----|----|----|----|----|
***************************************************
best node n707 best error 0.00107422
time = 835626945
