Entered genlib library with 23 gates from file "data/genlib/mcnc.genlib".
Line 7: Skipping line ".default_input_arrival 0.00 0.00 ".
Line 8: Skipping line ".default_output_required 0.00 0.00 ".
Line 9: Skipping line ".default_input_drive 0.10 0.10 ".
Line 10: Skipping line ".default_output_load 2.00 ".
Line 11: Skipping line ".default_max_input_load 999.00 ".
Original area = 1604, original delay = 55

round 0
seed = 0 patienceN = 0 patienceM = 0 frameNumber = 64 nLocalPI = 30

0%   10   20   30   40   50   60   70   80   90   100%
|----|----|----|----|----|----|----|----|----|----|
***************************************************
best node [140489] best error 0
time = 19237626
area = 1583
delay = 51.1
write_blif appntk/c3540_0_0_1583_51.1.blif

round 1
seed = 1567439900 patienceN = 0 patienceM = 0 frameNumber = 64 nLocalPI = 30

0%   10   20   30   40   50   60   70   80   90   100%
|----|----|----|----|----|----|----|----|----|----|
***************************************************
best node n739 best error 0.000166016
time = 40291073
area = 1571
delay = 51
write_blif appntk/c3540_1_0.000166016_1571_51.blif

round 2
seed = 1567439920 patienceN = 0 patienceM = 0 frameNumber = 64 nLocalPI = 30

0%   10   20   30   40   50   60   70   80   90   100%
|----|----|----|----|----|----|----|----|----|----|
***************************************************
best node n852 best error 0.000166016
time = 63185275
area = 1569
delay = 50.9
write_blif appntk/c3540_2_0.000166016_1569_50.9.blif

round 3
seed = 1567439941 patienceN = 0 patienceM = 0 frameNumber = 64 nLocalPI = 30

0%   10   20   30   40   50   60   70   80   90   100%
|----|----|----|----|----|----|----|----|----|----|
***************************************************
best node n421 best error 0.000488281
time = 87558613
area = 1567
delay = 50.8
write_blif appntk/c3540_3_0.000488281_1567_50.8.blif

round 4
seed = 1567439964 patienceN = 0 patienceM = 0 frameNumber = 64 nLocalPI = 30

0%   10   20   30   40   50   60   70   80   90   100%
|----|----|----|----|----|----|----|----|----|----|
***************************************************
best node n424 best error 0.000771484
time = 111167256
area = 1561
delay = 50.4
write_blif appntk/c3540_4_0.000771484_1561_50.4.blif

round 5
seed = 1567439989 patienceN = 0 patienceM = 0 frameNumber = 64 nLocalPI = 30

0%   10   20   30   40   50   60   70   80   90   100%
|----|----|----|----|----|----|----|----|----|----|
***************************************************
change patienceM
time = 133491263
area = 1564
delay = 50.3
write_blif appntk/c3540_5_0.000771484_1564_50.3.blif

round 6
seed = 1567440013 patienceN = 0 patienceM = 1 frameNumber = 64 nLocalPI = 30

0%   10   20   30   40   50   60   70   80   90   100%
|----|----|----|----|----|----|----|----|----|----|
***************************************************
change patienceM
time = 153583949
area = 1564
delay = 50.8
write_blif appntk/c3540_6_0.000771484_1564_50.8.blif

round 7
seed = 1567440035 patienceN = 0 patienceM = 2 frameNumber = 64 nLocalPI = 30

0%   10   20   30   40   50   60   70   80   90   100%
|----|----|----|----|----|----|----|----|----|----|
***************************************************
change patienceM
time = 175604493
area = 1564
delay = 50.4
write_blif appntk/c3540_7_0.000771484_1564_50.4.blif

round 8
seed = 1567440055 patienceN = 0 patienceM = 0 frameNumber = 64 nLocalPI = 29

0%   10   20   30   40   50   60   70   80   90   100%
|----|----|----|----|----|----|----|----|----|----|
***************************************************
change patienceM
time = 197151080
area = 1559
delay = 50.3
write_blif appntk/c3540_8_0.000771484_1559_50.3.blif

round 9
seed = 1567440077 patienceN = 0 patienceM = 1 frameNumber = 64 nLocalPI = 29

0%   10   20   30   40   50   60   70   80   90   100%
|----|----|----|----|----|----|----|----|----|----|
***************************************************
change patienceM
time = 215850457
area = 1564
delay = 50.8
write_blif appntk/c3540_9_0.000771484_1564_50.8.blif

round 10
seed = 1567440099 patienceN = 0 patienceM = 2 frameNumber = 64 nLocalPI = 29

0%   10   20   30   40   50   60   70   80   90   100%
|----|----|----|----|----|----|----|----|----|----|
***************************************************
change patienceM
time = 235403898
area = 1558
delay = 50.4
write_blif appntk/c3540_10_0.000771484_1558_50.4.blif

round 11
seed = 1567440117 patienceN = 0 patienceM = 0 frameNumber = 64 nLocalPI = 28

0%   10   20   30   40   50   60   70   80   90   100%
|----|----|----|----|----|----|----|----|----|----|
***************************************************
change patienceM
time = 252589570
area = 1563
delay = 50.3
write_blif appntk/c3540_11_0.000771484_1563_50.3.blif

round 12
seed = 1567440137 patienceN = 0 patienceM = 1 frameNumber = 64 nLocalPI = 28

0%   10   20   30   40   50   60   70   80   90   100%
|----|----|----|----|----|----|----|----|----|----|
***************************************************
change patienceM
time = 269776208
area = 1564
delay = 50.8
write_blif appntk/c3540_12_0.000771484_1564_50.8.blif

round 13
seed = 1567440154 patienceN = 0 patienceM = 2 frameNumber = 64 nLocalPI = 28

0%   10   20   30   40   50   60   70   80   90   100%
|----|----|----|----|----|----|----|----|----|----|
***************************************************
change patienceM
time = 292185750
area = 1564
delay = 50.4
write_blif appntk/c3540_13_0.000771484_1564_50.4.blif

round 14
seed = 1567440171 patienceN = 0 patienceM = 0 frameNumber = 64 nLocalPI = 27

0%   10   20   30   40   50   60   70   80   90   100%
|----|----|----|----|----|----|----|----|----|----|
***************************************************
change patienceM
time = 310450686
area = 1565
delay = 50.3
write_blif appntk/c3540_14_0.000771484_1565_50.3.blif

round 15
seed = 1567440194 patienceN = 0 patienceM = 1 frameNumber = 64 nLocalPI = 27

0%   10   20   30   40   50   60   70   80   90   100%
|----|----|----|----|----|----|----|----|----|----|
***************************************************
change patienceM
time = 326994045
area = 1565
delay = 50.8
write_blif appntk/c3540_15_0.000771484_1565_50.8.blif

round 16
seed = 1567440212 patienceN = 0 patienceM = 2 frameNumber = 64 nLocalPI = 27

0%   10   20   30   40   50   60   70   80   90   100%
|----|----|----|----|----|----|----|----|----|----|
***************************************************
change patienceM
time = 346571235
area = 1562
delay = 50.4
write_blif appntk/c3540_16_0.000771484_1562_50.4.blif

round 17
seed = 1567440229 patienceN = 0 patienceM = 0 frameNumber = 64 nLocalPI = 26

0%   10   20   30   40   50   60   70   80   90   100%
|----|----|----|----|----|----|----|----|----|----|
***************************************************
change patienceM
time = 364171289
area = 1563
delay = 50.3
write_blif appntk/c3540_17_0.000771484_1563_50.3.blif

round 18
seed = 1567440248 patienceN = 0 patienceM = 1 frameNumber = 64 nLocalPI = 26

0%   10   20   30   40   50   60   70   80   90   100%
|----|----|----|----|----|----|----|----|----|----|
***************************************************
change patienceM
time = 381824626
area = 1558
delay = 50.8
write_blif appntk/c3540_18_0.000771484_1558_50.8.blif

round 19
seed = 1567440266 patienceN = 0 patienceM = 2 frameNumber = 64 nLocalPI = 26

0%   10   20   30   40   50   60   70   80   90   100%
|----|----|----|----|----|----|----|----|----|----|
***************************************************
change patienceM
time = 400313174
area = 1564
delay = 50.4
write_blif appntk/c3540_19_0.000771484_1564_50.4.blif

round 20
seed = 1567440283 patienceN = 0 patienceM = 0 frameNumber = 64 nLocalPI = 25

0%   10   20   30   40   50   60   70   80   90   100%
|----|----|----|----|----|----|----|----|----|----|
***************************************************
change patienceM
time = 419653300
area = 1560
delay = 50.3
write_blif appntk/c3540_20_0.000771484_1560_50.3.blif

round 21
seed = 1567440302 patienceN = 0 patienceM = 1 frameNumber = 64 nLocalPI = 25

0%   10   20   30   40   50   60   70   80   90   100%
|----|----|----|----|----|----|----|----|----|----|
***************************************************
change patienceM
time = 439668875
area = 1564
delay = 50.8
write_blif appntk/c3540_21_0.000771484_1564_50.8.blif

round 22
seed = 1567440321 patienceN = 0 patienceM = 2 frameNumber = 64 nLocalPI = 25

0%   10   20   30   40   50   60   70   80   90   100%
|----|----|----|----|----|----|----|----|----|----|
***************************************************
change patienceM
time = 458772446
area = 1562
delay = 50.4
write_blif appntk/c3540_22_0.000771484_1562_50.4.blif

round 23
seed = 1567440341 patienceN = 0 patienceM = 0 frameNumber = 64 nLocalPI = 24

0%   10   20   30   40   50   60   70   80   90   100%
|----|----|----|----|----|----|----|----|----|----|
***************************************************
change patienceM
time = 475396649
area = 1564
delay = 50.3
write_blif appntk/c3540_23_0.000771484_1564_50.3.blif

round 24
seed = 1567440360 patienceN = 0 patienceM = 1 frameNumber = 64 nLocalPI = 24

0%   10   20   30   40   50   60   70   80   90   100%
|----|----|----|----|----|----|----|----|----|----|
***************************************************
change patienceM
time = 494097900
area = 1563
delay = 50.8
write_blif appntk/c3540_24_0.000771484_1563_50.8.blif

round 25
seed = 1567440377 patienceN = 0 patienceM = 2 frameNumber = 64 nLocalPI = 24

0%   10   20   30   40   50   60   70   80   90   100%
|----|----|----|----|----|----|----|----|----|----|
***************************************************
change patienceM
time = 510140911
area = 1564
delay = 50.4
write_blif appntk/c3540_25_0.000771484_1564_50.4.blif

round 26
seed = 1567440396 patienceN = 0 patienceM = 0 frameNumber = 64 nLocalPI = 23

0%   10   20   30   40   50   60   70   80   90   100%
|----|----|----|----|----|----|----|----|----|----|
***************************************************
change patienceM
time = 527442658
area = 1565
delay = 50.3
write_blif appntk/c3540_26_0.000771484_1565_50.3.blif

round 27
seed = 1567440412 patienceN = 0 patienceM = 1 frameNumber = 64 nLocalPI = 23

0%   10   20   30   40   50   60   70   80   90   100%
|----|----|----|----|----|----|----|----|----|----|
***************************************************
change patienceM
time = 543878110
area = 1564
delay = 50.8
write_blif appntk/c3540_27_0.000771484_1564_50.8.blif

round 28
seed = 1567440429 patienceN = 0 patienceM = 2 frameNumber = 64 nLocalPI = 23

0%   10   20   30   40   50   60   70   80   90   100%
|----|----|----|----|----|----|----|----|----|----|
***************************************************
change patienceM
time = 561813574
area = 1557
delay = 50.4
write_blif appntk/c3540_28_0.000771484_1557_50.4.blif

round 29
seed = 1567440446 patienceN = 0 patienceM = 0 frameNumber = 64 nLocalPI = 22

0%   10   20   30   40   50   60   70   80   90   100%
|----|----|----|----|----|----|----|----|----|----|
***************************************************
change patienceM
time = 579387306
area = 1563
delay = 50.3
write_blif appntk/c3540_29_0.000771484_1563_50.3.blif

round 30
seed = 1567440464 patienceN = 0 patienceM = 1 frameNumber = 64 nLocalPI = 22

0%   10   20   30   40   50   60   70   80   90   100%
|----|----|----|----|----|----|----|----|----|----|
***************************************************
change patienceM
time = 596404635
area = 1559
delay = 50.8
write_blif appntk/c3540_30_0.000771484_1559_50.8.blif

round 31
seed = 1567440481 patienceN = 0 patienceM = 2 frameNumber = 64 nLocalPI = 22

0%   10   20   30   40   50   60   70   80   90   100%
|----|----|----|----|----|----|----|----|----|----|
***************************************************
change patienceM
time = 617429836
area = 1564
delay = 50.4
write_blif appntk/c3540_31_0.000771484_1564_50.4.blif

round 32
seed = 1567440498 patienceN = 0 patienceM = 0 frameNumber = 64 nLocalPI = 21

0%   10   20   30   40   50   60   70   80   90   100%
|----|----|----|----|----|----|----|----|----|----|
***************************************************
change patienceM
time = 632357385
area = 1565
delay = 50.3
write_blif appntk/c3540_32_0.000771484_1565_50.3.blif

round 33
seed = 1567440519 patienceN = 0 patienceM = 1 frameNumber = 64 nLocalPI = 21

0%   10   20   30   40   50   60   70   80   90   100%
|----|----|----|----|----|----|----|----|----|----|
***************************************************
change patienceM
time = 650408884
area = 1565
delay = 50.8
write_blif appntk/c3540_33_0.000771484_1565_50.8.blif

round 34
seed = 1567440534 patienceN = 0 patienceM = 2 frameNumber = 64 nLocalPI = 21

0%   10   20   30   40   50   60   70   80   90   100%
|----|----|----|----|----|----|----|----|----|----|
***************************************************
change patienceM
time = 667503409
area = 1561
delay = 50.4
write_blif appntk/c3540_34_0.000771484_1561_50.4.blif

round 35
seed = 1567440552 patienceN = 0 patienceM = 0 frameNumber = 64 nLocalPI = 20

0%   10   20   30   40   50   60   70   80   90   100%
|----|----|----|----|----|----|----|----|----|----|
***************************************************
change patienceM
time = 685066165
area = 1564
delay = 50.3
write_blif appntk/c3540_35_0.000771484_1564_50.3.blif

round 36
seed = 1567440570 patienceN = 0 patienceM = 1 frameNumber = 64 nLocalPI = 20

0%   10   20   30   40   50   60   70   80   90   100%
|----|----|----|----|----|----|----|----|----|----|
***************************************************
change patienceM
time = 703087075
area = 1564
delay = 50.8
write_blif appntk/c3540_36_0.000771484_1564_50.8.blif

round 37
seed = 1567440587 patienceN = 0 patienceM = 2 frameNumber = 64 nLocalPI = 20

0%   10   20   30   40   50   60   70   80   90   100%
|----|----|----|----|----|----|----|----|----|----|
***************************************************
change patienceM
time = 717719080
area = 1564
delay = 50.4
write_blif appntk/c3540_37_0.000771484_1564_50.4.blif

round 38
seed = 1567440605 patienceN = 0 patienceM = 0 frameNumber = 64 nLocalPI = 19

0%   10   20   30   40   50   60   70   80   90   100%
|----|----|----|----|----|----|----|----|----|----|
***************************************************
change patienceM
time = 734157720
area = 1559
delay = 50.3
write_blif appntk/c3540_38_0.000771484_1559_50.3.blif

round 39
seed = 1567440620 patienceN = 0 patienceM = 1 frameNumber = 64 nLocalPI = 19

0%   10   20   30   40   50   60   70   80   90   100%
|----|----|----|----|----|----|----|----|----|----|
***************************************************
change patienceM
time = 749882009
area = 1564
delay = 50.8
write_blif appntk/c3540_39_0.000771484_1564_50.8.blif

round 40
seed = 1567440636 patienceN = 0 patienceM = 2 frameNumber = 64 nLocalPI = 19

0%   10   20   30   40   50   60   70   80   90   100%
|----|----|----|----|----|----|----|----|----|----|
***************************************************
change patienceM
time = 765250759
area = 1558
delay = 50.4
write_blif appntk/c3540_40_0.000771484_1558_50.4.blif

round 41
seed = 1567440652 patienceN = 0 patienceM = 0 frameNumber = 64 nLocalPI = 18

0%   10   20   30   40   50   60   70   80   90   100%
|----|----|----|----|----|----|----|----|----|----|
***************************************************
change patienceM
time = 781939247
area = 1563
delay = 50.3
write_blif appntk/c3540_41_0.000771484_1563_50.3.blif

round 42
seed = 1567440667 patienceN = 0 patienceM = 1 frameNumber = 64 nLocalPI = 18

0%   10   20   30   40   50   60   70   80   90   100%
|----|----|----|----|----|----|----|----|----|----|
***************************************************
change patienceM
time = 797833762
area = 1564
delay = 50.8
write_blif appntk/c3540_42_0.000771484_1564_50.8.blif

round 43
seed = 1567440684 patienceN = 0 patienceM = 2 frameNumber = 64 nLocalPI = 18

0%   10   20   30   40   50   60   70   80   90   100%
|----|----|----|----|----|----|----|----|----|----|
***************************************************
change patienceM
time = 813226227
area = 1564
delay = 50.4
write_blif appntk/c3540_43_0.000771484_1564_50.4.blif

round 44
seed = 1567440700 patienceN = 0 patienceM = 0 frameNumber = 64 nLocalPI = 17

0%   10   20   30   40   50   60   70   80   90   100%
|----|----|----|----|----|----|----|----|----|----|
***************************************************
change patienceM
time = 829106030
area = 1565
delay = 50.3
write_blif appntk/c3540_44_0.000771484_1565_50.3.blif

round 45
seed = 1567440715 patienceN = 0 patienceM = 1 frameNumber = 64 nLocalPI = 17

0%   10   20   30   40   50   60   70   80   90   100%
|----|----|----|----|----|----|----|----|----|----|
***************************************************
change patienceM
time = 843983008
area = 1565
delay = 50.8
write_blif appntk/c3540_45_0.000771484_1565_50.8.blif

round 46
seed = 1567440731 patienceN = 0 patienceM = 2 frameNumber = 64 nLocalPI = 17

0%   10   20   30   40   50   60   70   80   90   100%
|----|----|----|----|----|----|----|----|----|----|
***************************************************
change patienceM
time = 858920726
area = 1562
delay = 50.4
write_blif appntk/c3540_46_0.000771484_1562_50.4.blif

round 47
seed = 1567440746 patienceN = 0 patienceM = 0 frameNumber = 64 nLocalPI = 16

0%   10   20   30   40   50   60   70   80   90   100%
|----|----|----|----|----|----|----|----|----|----|
***************************************************
change patienceM
time = 874305251
area = 1563
delay = 50.3
write_blif appntk/c3540_47_0.000771484_1563_50.3.blif

round 48
seed = 1567440761 patienceN = 0 patienceM = 1 frameNumber = 64 nLocalPI = 16

0%   10   20   30   40   50   60   70   80   90   100%
|----|----|----|----|----|----|----|----|----|----|
***************************************************
change patienceM
time = 891064356
area = 1558
delay = 50.8
write_blif appntk/c3540_48_0.000771484_1558_50.8.blif

round 49
seed = 1567440777 patienceN = 0 patienceM = 2 frameNumber = 64 nLocalPI = 16

0%   10   20   30   40   50   60   70   80   90   100%
|----|----|----|----|----|----|----|----|----|----|
***************************************************
change patienceM
time = 905723857
area = 1564
delay = 50.4
write_blif appntk/c3540_49_0.000771484_1564_50.4.blif

round 50
seed = 1567440793 patienceN = 0 patienceM = 0 frameNumber = 64 nLocalPI = 15

0%   10   20   30   40   50   60   70   80   90   100%
|----|----|----|----|----|----|----|----|----|----|
***************************************************
change patienceM
time = 921356767
area = 1560
delay = 50.3
write_blif appntk/c3540_50_0.000771484_1560_50.3.blif

round 51
seed = 1567440808 patienceN = 0 patienceM = 1 frameNumber = 64 nLocalPI = 15

0%   10   20   30   40   50   60   70   80   90   100%
|----|----|----|----|----|----|----|----|----|----|
***************************************************
change patienceM
time = 935989811
area = 1564
delay = 50.8
write_blif appntk/c3540_51_0.000771484_1564_50.8.blif

round 52
seed = 1567440824 patienceN = 0 patienceM = 2 frameNumber = 64 nLocalPI = 15

0%   10   20   30   40   50   60   70   80   90   100%
|----|----|----|----|----|----|----|----|----|----|
***************************************************
change patienceM
time = 953791645
area = 1562
delay = 50.4
write_blif appntk/c3540_52_0.000771484_1562_50.4.blif

round 53
seed = 1567440838 patienceN = 0 patienceM = 0 frameNumber = 64 nLocalPI = 14

0%   10   20   30   40   50   60   70   80   90   100%
|----|----|----|----|----|----|----|----|----|----|
***************************************************
change patienceM
time = 971128772
area = 1564
delay = 50.3
write_blif appntk/c3540_53_0.000771484_1564_50.3.blif

round 54
seed = 1567440856 patienceN = 0 patienceM = 1 frameNumber = 64 nLocalPI = 14

0%   10   20   30   40   50   60   70   80   90   100%
|----|----|----|----|----|----|----|----|----|----|
***************************************************
change patienceM
time = 984968436
area = 1563
delay = 50.8
write_blif appntk/c3540_54_0.000771484_1563_50.8.blif

round 55
seed = 1567440873 patienceN = 0 patienceM = 2 frameNumber = 64 nLocalPI = 14

0%   10   20   30   40   50   60   70   80   90   100%
|----|----|----|----|----|----|----|----|----|----|
***************************************************
change patienceM
time = 1002619380
area = 1564
delay = 50.4
write_blif appntk/c3540_55_0.000771484_1564_50.4.blif

round 56
seed = 1567440887 patienceN = 0 patienceM = 0 frameNumber = 64 nLocalPI = 13

0%   10   20   30   40   50   60   70   80   90   100%
|----|----|----|----|----|----|----|----|----|----|
***************************************************
change patienceM
time = 1017947009
area = 1565
delay = 50.3
write_blif appntk/c3540_56_0.000771484_1565_50.3.blif

round 57
seed = 1567440905 patienceN = 0 patienceM = 1 frameNumber = 64 nLocalPI = 13

0%   10   20   30   40   50   60   70   80   90   100%
|----|----|----|----|----|----|----|----|----|----|
***************************************************
change patienceM
time = 1032359941
area = 1564
delay = 50.8
write_blif appntk/c3540_57_0.000771484_1564_50.8.blif

round 58
seed = 1567440920 patienceN = 0 patienceM = 2 frameNumber = 64 nLocalPI = 13

0%   10   20   30   40   50   60   70   80   90   100%
|----|----|----|----|----|----|----|----|----|----|
***************************************************
change patienceM
time = 1051011725
area = 1557
delay = 50.4
write_blif appntk/c3540_58_0.000771484_1557_50.4.blif

round 59
seed = 1567440935 patienceN = 0 patienceM = 0 frameNumber = 64 nLocalPI = 12

0%   10   20   30   40   50   60   70   80   90   100%
|----|----|----|----|----|----|----|----|----|----|
***************************************************
change patienceM
time = 1066239944
area = 1563
delay = 50.3
write_blif appntk/c3540_59_0.000771484_1563_50.3.blif

round 60
seed = 1567440953 patienceN = 0 patienceM = 1 frameNumber = 64 nLocalPI = 12

0%   10   20   30   40   50   60   70   80   90   100%
|----|----|----|----|----|----|----|----|----|----|
***************************************************
change patienceM
time = 1085104291
area = 1559
delay = 50.8
write_blif appntk/c3540_60_0.000771484_1559_50.8.blif

round 61
seed = 1567440969 patienceN = 0 patienceM = 2 frameNumber = 64 nLocalPI = 12

0%   10   20   30   40   50   60   70   80   90   100%
|----|----|----|----|----|----|----|----|----|----|
***************************************************
change patienceM
time = 1104302039
area = 1564
delay = 50.4
write_blif appntk/c3540_61_0.000771484_1564_50.4.blif

round 62
seed = 1567440988 patienceN = 0 patienceM = 0 frameNumber = 64 nLocalPI = 11

0%   10   20   30   40   50   60   70   80   90   100%
|----|----|----|----|----|----|----|----|----|----|
***************************************************
change patienceM
time = 1118948857
area = 1565
delay = 50.3
write_blif appntk/c3540_62_0.000771484_1565_50.3.blif

round 63
seed = 1567441007 patienceN = 0 patienceM = 1 frameNumber = 64 nLocalPI = 11

0%   10   20   30   40   50   60   70   80   90   100%
|----|----|----|----|----|----|----|----|----|----|
***************************************************
change patienceM
time = 1130771622
area = 1565
delay = 50.8
write_blif appntk/c3540_63_0.000771484_1565_50.8.blif

round 64
seed = 1567441021 patienceN = 0 patienceM = 2 frameNumber = 64 nLocalPI = 11

0%   10   20   30   40   50   60   70   80   90   100%
|----|----|----|----|----|----|----|----|----|----|
***************************************************
change patienceM
time = 1145949009
area = 1561
delay = 50.4
write_blif appntk/c3540_64_0.000771484_1561_50.4.blif

round 65
seed = 1567441033 patienceN = 0 patienceM = 0 frameNumber = 64 nLocalPI = 10

0%   10   20   30   40   50   60   70   80   90   100%
|----|----|----|----|----|----|----|----|----|----|
***************************************************
change patienceM
time = 1159386227
area = 1564
delay = 50.3
write_blif appntk/c3540_65_0.000771484_1564_50.3.blif

round 66
seed = 1567441048 patienceN = 0 patienceM = 1 frameNumber = 64 nLocalPI = 10

0%   10   20   30   40   50   60   70   80   90   100%
|----|----|----|----|----|----|----|----|----|----|
***************************************************
change patienceM
time = 1174168214
area = 1564
delay = 50.8
write_blif appntk/c3540_66_0.000771484_1564_50.8.blif

round 67
seed = 1567441062 patienceN = 0 patienceM = 2 frameNumber = 64 nLocalPI = 10

0%   10   20   30   40   50   60   70   80   90   100%
|----|----|----|----|----|----|----|----|----|----|
***************************************************
change patienceM
time = 1186956906
area = 1564
delay = 50.4
write_blif appntk/c3540_67_0.000771484_1564_50.4.blif

round 68
seed = 1567441077 patienceN = 0 patienceM = 0 frameNumber = 64 nLocalPI = 9

0%   10   20   30   40   50   60   70   80   90   100%
|----|----|----|----|----|----|----|----|----|----|
***************************************************
change patienceM
time = 1203581080
area = 1559
delay = 50.3
write_blif appntk/c3540_68_0.000771484_1559_50.3.blif

round 69
seed = 1567441089 patienceN = 0 patienceM = 1 frameNumber = 64 nLocalPI = 9

0%   10   20   30   40   50   60   70   80   90   100%
|----|----|----|----|----|----|----|----|----|----|
***************************************************
change patienceM
time = 1218776802
area = 1564
delay = 50.8
write_blif appntk/c3540_69_0.000771484_1564_50.8.blif

round 70
seed = 1567441106 patienceN = 0 patienceM = 2 frameNumber = 64 nLocalPI = 9

0%   10   20   30   40   50   60   70   80   90   100%
|----|----|----|----|----|----|----|----|----|----|
***************************************************
change patienceM
time = 1232912673
area = 1558
delay = 50.4
write_blif appntk/c3540_70_0.000771484_1558_50.4.blif

round 71
seed = 1567441121 patienceN = 0 patienceM = 0 frameNumber = 64 nLocalPI = 8

0%   10   20   30   40   50   60   70   80   90   100%
|----|----|----|----|----|----|----|----|----|----|
***************************************************
change patienceM
time = 1245201763
area = 1563
delay = 50.3
write_blif appntk/c3540_71_0.000771484_1563_50.3.blif

round 72
seed = 1567441135 patienceN = 0 patienceM = 1 frameNumber = 64 nLocalPI = 8

0%   10   20   30   40   50   60   70   80   90   100%
|----|----|----|----|----|----|----|----|----|----|
***************************************************
change patienceM
time = 1261298890
area = 1564
delay = 50.8
write_blif appntk/c3540_72_0.000771484_1564_50.8.blif

round 73
seed = 1567441148 patienceN = 0 patienceM = 2 frameNumber = 64 nLocalPI = 8

0%   10   20   30   40   50   60   70   80   90   100%
|----|----|----|----|----|----|----|----|----|----|
***************************************************
change patienceM
time = 1276605378
area = 1564
delay = 50.4
write_blif appntk/c3540_73_0.000771484_1564_50.4.blif

round 74
seed = 1567441164 patienceN = 0 patienceM = 0 frameNumber = 64 nLocalPI = 7

0%   10   20   30   40   50   60   70   80   90   100%
|----|----|----|----|----|----|----|----|----|----|
***************************************************
change patienceM
time = 1290789619
area = 1565
delay = 50.3
write_blif appntk/c3540_74_0.000771484_1565_50.3.blif

round 75
seed = 1567441179 patienceN = 0 patienceM = 1 frameNumber = 64 nLocalPI = 7

0%   10   20   30   40   50   60   70   80   90   100%
|----|----|----|----|----|----|----|----|----|----|
***************************************************
change patienceM
time = 1303780999
area = 1565
delay = 50.8
write_blif appntk/c3540_75_0.000771484_1565_50.8.blif

round 76
seed = 1567441193 patienceN = 0 patienceM = 2 frameNumber = 64 nLocalPI = 7

0%   10   20   30   40   50   60   70   80   90   100%
|----|----|----|----|----|----|----|----|----|----|
***************************************************
change patienceM
time = 1321911525
area = 1562
delay = 50.4
write_blif appntk/c3540_76_0.000771484_1562_50.4.blif

round 77
seed = 1567441206 patienceN = 0 patienceM = 0 frameNumber = 64 nLocalPI = 6

0%   10   20   30   40   50   60   70   80   90   100%
|----|----|----|----|----|----|----|----|----|----|
***************************************************
change patienceM
time = 1336412315
area = 1563
delay = 50.3
write_blif appntk/c3540_77_0.000771484_1563_50.3.blif

round 78
seed = 1567441224 patienceN = 0 patienceM = 1 frameNumber = 64 nLocalPI = 6

0%   10   20   30   40   50   60   70   80   90   100%
|----|----|----|----|----|----|----|----|----|----|
***************************************************
change patienceM
time = 1350919143
area = 1558
delay = 50.8
write_blif appntk/c3540_78_0.000771484_1558_50.8.blif

round 79
seed = 1567441239 patienceN = 0 patienceM = 2 frameNumber = 64 nLocalPI = 6

0%   10   20   30   40   50   60   70   80   90   100%
|----|----|----|----|----|----|----|----|----|----|
***************************************************
change patienceM
time = 1363834535
area = 1564
delay = 50.4
write_blif appntk/c3540_79_0.000771484_1564_50.4.blif

round 80
seed = 1567441253 patienceN = 0 patienceM = 0 frameNumber = 64 nLocalPI = 5

0%   10   20   30   40   50   60   70   80   90   100%
|----|----|----|----|----|----|----|----|----|----|
***************************************************
best node n730 best error 0.00120117
time = 1378954743
