Entered genlib library with 23 gates from file "data/genlib/mcnc.genlib".
Line 20: Skipping line ".default_input_arrival 0.00 0.00 ".
Line 21: Skipping line ".default_output_required 0.00 0.00 ".
Line 22: Skipping line ".default_input_drive 0.10 0.10 ".
Line 23: Skipping line ".default_output_load 2.00 ".
Line 24: Skipping line ".default_max_input_load 999.00 ".
Original area = 2451, original delay = 47.5

round 0
seed = 0 patienceN = 0 patienceM = 0 frameNumber = 64 nLocalPI = 30

0%   10   20   30   40   50   60   70   80   90   100%
|----|----|----|----|----|----|----|----|----|----|
***************************************************
best node 2054 best error 0
time = 104972174
area = 2230
delay = 32.4
write_blif appntk/c5315_0_0_2230_32.4.blif

round 1
seed = 1567439900 patienceN = 0 patienceM = 0 frameNumber = 64 nLocalPI = 30

0%   10   20   30   40   50   60   70   80   90   100%
|----|----|----|----|----|----|----|----|----|----|
***************************************************
best node n1104 best error 0.000693359
time = 133233943
area = 2215
delay = 35.5
write_blif appntk/c5315_1_0.000693359_2215_35.5.blif

round 2
seed = 1567440007 patienceN = 0 patienceM = 0 frameNumber = 64 nLocalPI = 30

0%   10   20   30   40   50   60   70   80   90   100%
|----|----|----|----|----|----|----|----|----|----|
***************************************************
change patienceM
time = 160068040
area = 2204
delay = 34.6
write_blif appntk/c5315_2_0.000693359_2204_34.6.blif

round 3
seed = 1567440035 patienceN = 0 patienceM = 1 frameNumber = 64 nLocalPI = 30

0%   10   20   30   40   50   60   70   80   90   100%
|----|----|----|----|----|----|----|----|----|----|
***************************************************
change patienceM
time = 182920176
area = 2208
delay = 35.5
write_blif appntk/c5315_3_0.000693359_2208_35.5.blif

round 4
seed = 1567440062 patienceN = 0 patienceM = 2 frameNumber = 64 nLocalPI = 30

0%   10   20   30   40   50   60   70   80   90   100%
|----|----|----|----|----|----|----|----|----|----|
***************************************************
change patienceM
time = 205338087
area = 2199
delay = 34.2
write_blif appntk/c5315_4_0.000693359_2199_34.2.blif

round 5
seed = 1567440085 patienceN = 0 patienceM = 0 frameNumber = 64 nLocalPI = 29

0%   10   20   30   40   50   60   70   80   90   100%
|----|----|----|----|----|----|----|----|----|----|
***************************************************
change patienceM
time = 230477803
area = 2210
delay = 35.5
write_blif appntk/c5315_5_0.000693359_2210_35.5.blif

round 6
seed = 1567440107 patienceN = 0 patienceM = 1 frameNumber = 64 nLocalPI = 29

0%   10   20   30   40   50   60   70   80   90   100%
|----|----|----|----|----|----|----|----|----|----|
***************************************************
change patienceM
time = 253490559
area = 2203
delay = 34.2
write_blif appntk/c5315_6_0.000693359_2203_34.2.blif

round 7
seed = 1567440132 patienceN = 0 patienceM = 2 frameNumber = 64 nLocalPI = 29

0%   10   20   30   40   50   60   70   80   90   100%
|----|----|----|----|----|----|----|----|----|----|
***************************************************
change patienceM
time = 275903017
area = 2211
delay = 35.5
write_blif appntk/c5315_7_0.000693359_2211_35.5.blif

round 8
seed = 1567440155 patienceN = 0 patienceM = 0 frameNumber = 64 nLocalPI = 28

0%   10   20   30   40   50   60   70   80   90   100%
|----|----|----|----|----|----|----|----|----|----|
***************************************************
change patienceM
time = 298995658
area = 2204
delay = 34.2
write_blif appntk/c5315_8_0.000693359_2204_34.2.blif

round 9
seed = 1567440178 patienceN = 0 patienceM = 1 frameNumber = 64 nLocalPI = 28

0%   10   20   30   40   50   60   70   80   90   100%
|----|----|----|----|----|----|----|----|----|----|
***************************************************
change patienceM
time = 319691528
area = 2209
delay = 35.5
write_blif appntk/c5315_9_0.000693359_2209_35.5.blif

round 10
seed = 1567440201 patienceN = 0 patienceM = 2 frameNumber = 64 nLocalPI = 28

0%   10   20   30   40   50   60   70   80   90   100%
|----|----|----|----|----|----|----|----|----|----|
***************************************************
change patienceM
time = 342299266
area = 2206
delay = 34.2
write_blif appntk/c5315_10_0.000693359_2206_34.2.blif

round 11
seed = 1567440222 patienceN = 0 patienceM = 0 frameNumber = 64 nLocalPI = 27

0%   10   20   30   40   50   60   70   80   90   100%
|----|----|----|----|----|----|----|----|----|----|
***************************************************
change patienceM
time = 364944650
area = 2210
delay = 35.5
write_blif appntk/c5315_11_0.000693359_2210_35.5.blif

round 12
seed = 1567440244 patienceN = 0 patienceM = 1 frameNumber = 64 nLocalPI = 27

0%   10   20   30   40   50   60   70   80   90   100%
|----|----|----|----|----|----|----|----|----|----|
***************************************************
change patienceM
time = 385439380
area = 2199
delay = 34.2
write_blif appntk/c5315_12_0.000693359_2199_34.2.blif

round 13
seed = 1567440267 patienceN = 0 patienceM = 2 frameNumber = 64 nLocalPI = 27

0%   10   20   30   40   50   60   70   80   90   100%
|----|----|----|----|----|----|----|----|----|----|
***************************************************
change patienceM
time = 407960170
area = 2212
delay = 35.5
write_blif appntk/c5315_13_0.000693359_2212_35.5.blif

round 14
seed = 1567440288 patienceN = 0 patienceM = 0 frameNumber = 64 nLocalPI = 26

0%   10   20   30   40   50   60   70   80   90   100%
|----|----|----|----|----|----|----|----|----|----|
***************************************************
change patienceM
time = 429177279
area = 2198
delay = 34.2
write_blif appntk/c5315_14_0.000693359_2198_34.2.blif

round 15
seed = 1567440310 patienceN = 0 patienceM = 1 frameNumber = 64 nLocalPI = 26

0%   10   20   30   40   50   60   70   80   90   100%
|----|----|----|----|----|----|----|----|----|----|
***************************************************
change patienceM
time = 456831280
area = 2208
delay = 35.5
write_blif appntk/c5315_15_0.000693359_2208_35.5.blif

round 16
seed = 1567440331 patienceN = 0 patienceM = 2 frameNumber = 64 nLocalPI = 26

0%   10   20   30   40   50   60   70   80   90   100%
|----|----|----|----|----|----|----|----|----|----|
***************************************************
change patienceM
time = 478654732
area = 2206
delay = 34.2
write_blif appntk/c5315_16_0.000693359_2206_34.2.blif

round 17
seed = 1567440359 patienceN = 0 patienceM = 0 frameNumber = 64 nLocalPI = 25

0%   10   20   30   40   50   60   70   80   90   100%
|----|----|----|----|----|----|----|----|----|----|
***************************************************
change patienceM
time = 498802037
area = 2211
delay = 35.5
write_blif appntk/c5315_17_0.000693359_2211_35.5.blif

round 18
seed = 1567440381 patienceN = 0 patienceM = 1 frameNumber = 64 nLocalPI = 25

0%   10   20   30   40   50   60   70   80   90   100%
|----|----|----|----|----|----|----|----|----|----|
***************************************************
change patienceM
time = 519180906
area = 2196
delay = 34.2
write_blif appntk/c5315_18_0.000693359_2196_34.2.blif

round 19
seed = 1567440401 patienceN = 0 patienceM = 2 frameNumber = 64 nLocalPI = 25

0%   10   20   30   40   50   60   70   80   90   100%
|----|----|----|----|----|----|----|----|----|----|
***************************************************
change patienceM
time = 539387699
area = 2209
delay = 35.5
write_blif appntk/c5315_19_0.000693359_2209_35.5.blif

round 20
seed = 1567440422 patienceN = 0 patienceM = 0 frameNumber = 64 nLocalPI = 24

0%   10   20   30   40   50   60   70   80   90   100%
|----|----|----|----|----|----|----|----|----|----|
***************************************************
change patienceM
time = 559121179
area = 2200
delay = 34.2
write_blif appntk/c5315_20_0.000693359_2200_34.2.blif

round 21
seed = 1567440442 patienceN = 0 patienceM = 1 frameNumber = 64 nLocalPI = 24

0%   10   20   30   40   50   60   70   80   90   100%
|----|----|----|----|----|----|----|----|----|----|
***************************************************
change patienceM
time = 578343144
area = 2209
delay = 35.5
write_blif appntk/c5315_21_0.000693359_2209_35.5.blif

round 22
seed = 1567440462 patienceN = 0 patienceM = 2 frameNumber = 64 nLocalPI = 24

0%   10   20   30   40   50   60   70   80   90   100%
|----|----|----|----|----|----|----|----|----|----|
***************************************************
change patienceM
time = 597318614
area = 2206
delay = 34.2
write_blif appntk/c5315_22_0.000693359_2206_34.2.blif

round 23
seed = 1567440481 patienceN = 0 patienceM = 0 frameNumber = 64 nLocalPI = 23

0%   10   20   30   40   50   60   70   80   90   100%
|----|----|----|----|----|----|----|----|----|----|
***************************************************
change patienceM
time = 618674658
area = 2211
delay = 35.5
write_blif appntk/c5315_23_0.000693359_2211_35.5.blif

round 24
seed = 1567440500 patienceN = 0 patienceM = 1 frameNumber = 64 nLocalPI = 23

0%   10   20   30   40   50   60   70   80   90   100%
|----|----|----|----|----|----|----|----|----|----|
***************************************************
change patienceM
time = 643247579
area = 2200
delay = 34.2
write_blif appntk/c5315_24_0.000693359_2200_34.2.blif

round 25
seed = 1567440521 patienceN = 0 patienceM = 2 frameNumber = 64 nLocalPI = 23

0%   10   20   30   40   50   60   70   80   90   100%
|----|----|----|----|----|----|----|----|----|----|
***************************************************
change patienceM
time = 662971908
area = 2210
delay = 35.5
write_blif appntk/c5315_25_0.000693359_2210_35.5.blif

round 26
seed = 1567440546 patienceN = 0 patienceM = 0 frameNumber = 64 nLocalPI = 22

0%   10   20   30   40   50   60   70   80   90   100%
|----|----|----|----|----|----|----|----|----|----|
***************************************************
change patienceM
time = 682412486
area = 2197
delay = 34.2
write_blif appntk/c5315_26_0.000693359_2197_34.2.blif

round 27
seed = 1567440566 patienceN = 0 patienceM = 1 frameNumber = 64 nLocalPI = 22

0%   10   20   30   40   50   60   70   80   90   100%
|----|----|----|----|----|----|----|----|----|----|
***************************************************
change patienceM
time = 703049340
area = 2212
delay = 35.5
write_blif appntk/c5315_27_0.000693359_2212_35.5.blif

round 28
seed = 1567440585 patienceN = 0 patienceM = 2 frameNumber = 64 nLocalPI = 22

0%   10   20   30   40   50   60   70   80   90   100%
|----|----|----|----|----|----|----|----|----|----|
***************************************************
change patienceM
time = 719967051
area = 2205
delay = 34.2
write_blif appntk/c5315_28_0.000693359_2205_34.2.blif

round 29
seed = 1567440606 patienceN = 0 patienceM = 0 frameNumber = 64 nLocalPI = 21

0%   10   20   30   40   50   60   70   80   90   100%
|----|----|----|----|----|----|----|----|----|----|
***************************************************
change patienceM
time = 737973904
area = 2210
delay = 35.5
write_blif appntk/c5315_29_0.000693359_2210_35.5.blif

round 30
seed = 1567440623 patienceN = 0 patienceM = 1 frameNumber = 64 nLocalPI = 21

0%   10   20   30   40   50   60   70   80   90   100%
|----|----|----|----|----|----|----|----|----|----|
***************************************************
change patienceM
time = 757386454
area = 2198
delay = 34.2
write_blif appntk/c5315_30_0.000693359_2198_34.2.blif

round 31
seed = 1567440641 patienceN = 0 patienceM = 2 frameNumber = 64 nLocalPI = 21

0%   10   20   30   40   50   60   70   80   90   100%
|----|----|----|----|----|----|----|----|----|----|
***************************************************
change patienceM
time = 777823901
area = 2209
delay = 35.5
write_blif appntk/c5315_31_0.000693359_2209_35.5.blif

round 32
seed = 1567440660 patienceN = 0 patienceM = 0 frameNumber = 64 nLocalPI = 20

0%   10   20   30   40   50   60   70   80   90   100%
|----|----|----|----|----|----|----|----|----|----|
***************************************************
change patienceM
time = 794351291
area = 2199
delay = 34.2
write_blif appntk/c5315_32_0.000693359_2199_34.2.blif

round 33
seed = 1567440681 patienceN = 0 patienceM = 1 frameNumber = 64 nLocalPI = 20

0%   10   20   30   40   50   60   70   80   90   100%
|----|----|----|----|----|----|----|----|----|----|
***************************************************
change patienceM
time = 812444804
area = 2211
delay = 35.5
write_blif appntk/c5315_33_0.000693359_2211_35.5.blif

round 34
seed = 1567440697 patienceN = 0 patienceM = 2 frameNumber = 64 nLocalPI = 20

0%   10   20   30   40   50   60   70   80   90   100%
|----|----|----|----|----|----|----|----|----|----|
***************************************************
change patienceM
time = 831122153
area = 2210
delay = 34.2
write_blif appntk/c5315_34_0.000693359_2210_34.2.blif

round 35
seed = 1567440715 patienceN = 0 patienceM = 0 frameNumber = 64 nLocalPI = 19

0%   10   20   30   40   50   60   70   80   90   100%
|----|----|----|----|----|----|----|----|----|----|
***************************************************
change patienceM
time = 849790426
area = 2210
delay = 35.5
write_blif appntk/c5315_35_0.000693359_2210_35.5.blif

round 36
seed = 1567440734 patienceN = 0 patienceM = 1 frameNumber = 64 nLocalPI = 19

0%   10   20   30   40   50   60   70   80   90   100%
|----|----|----|----|----|----|----|----|----|----|
***************************************************
change patienceM
time = 866994541
area = 2199
delay = 34.2
write_blif appntk/c5315_36_0.000693359_2199_34.2.blif

round 37
seed = 1567440753 patienceN = 0 patienceM = 2 frameNumber = 64 nLocalPI = 19

0%   10   20   30   40   50   60   70   80   90   100%
|----|----|----|----|----|----|----|----|----|----|
***************************************************
change patienceM
time = 884963848
area = 2212
delay = 35.5
write_blif appntk/c5315_37_0.000693359_2212_35.5.blif

round 38
seed = 1567440770 patienceN = 0 patienceM = 0 frameNumber = 64 nLocalPI = 18

0%   10   20   30   40   50   60   70   80   90   100%
|----|----|----|----|----|----|----|----|----|----|
***************************************************
change patienceM
time = 904097041
area = 2196
delay = 34.2
write_blif appntk/c5315_38_0.000693359_2196_34.2.blif

round 39
seed = 1567440788 patienceN = 0 patienceM = 1 frameNumber = 64 nLocalPI = 18

0%   10   20   30   40   50   60   70   80   90   100%
|----|----|----|----|----|----|----|----|----|----|
***************************************************
change patienceM
time = 923731734
area = 2209
delay = 35.5
write_blif appntk/c5315_39_0.000693359_2209_35.5.blif

round 40
seed = 1567440807 patienceN = 0 patienceM = 2 frameNumber = 64 nLocalPI = 18

0%   10   20   30   40   50   60   70   80   90   100%
|----|----|----|----|----|----|----|----|----|----|
***************************************************
change patienceM
time = 942297898
area = 2207
delay = 34.2
write_blif appntk/c5315_40_0.000693359_2207_34.2.blif

round 41
seed = 1567440827 patienceN = 0 patienceM = 0 frameNumber = 64 nLocalPI = 17

0%   10   20   30   40   50   60   70   80   90   100%
|----|----|----|----|----|----|----|----|----|----|
***************************************************
change patienceM
time = 959231069
area = 2210
delay = 35.5
write_blif appntk/c5315_41_0.000693359_2210_35.5.blif

round 42
seed = 1567440845 patienceN = 0 patienceM = 1 frameNumber = 64 nLocalPI = 17

0%   10   20   30   40   50   60   70   80   90   100%
|----|----|----|----|----|----|----|----|----|----|
***************************************************
change patienceM
time = 976933987
area = 2197
delay = 34.2
write_blif appntk/c5315_42_0.000693359_2197_34.2.blif

round 43
seed = 1567440862 patienceN = 0 patienceM = 2 frameNumber = 64 nLocalPI = 17

0%   10   20   30   40   50   60   70   80   90   100%
|----|----|----|----|----|----|----|----|----|----|
***************************************************
change patienceM
time = 994316200
area = 2211
delay = 35.5
write_blif appntk/c5315_43_0.000693359_2211_35.5.blif

round 44
seed = 1567440880 patienceN = 0 patienceM = 0 frameNumber = 64 nLocalPI = 16

0%   10   20   30   40   50   60   70   80   90   100%
|----|----|----|----|----|----|----|----|----|----|
***************************************************
change patienceM
time = 1011225780
area = 2200
delay = 34.2
write_blif appntk/c5315_44_0.000693359_2200_34.2.blif

round 45
seed = 1567440897 patienceN = 0 patienceM = 1 frameNumber = 64 nLocalPI = 16

0%   10   20   30   40   50   60   70   80   90   100%
|----|----|----|----|----|----|----|----|----|----|
***************************************************
change patienceM
time = 1027442951
area = 2209
delay = 35.5
write_blif appntk/c5315_45_0.000693359_2209_35.5.blif

round 46
seed = 1567440914 patienceN = 0 patienceM = 2 frameNumber = 64 nLocalPI = 16

0%   10   20   30   40   50   60   70   80   90   100%
|----|----|----|----|----|----|----|----|----|----|
***************************************************
change patienceM
time = 1045476210
area = 2206
delay = 34.2
write_blif appntk/c5315_46_0.000693359_2206_34.2.blif

round 47
seed = 1567440930 patienceN = 0 patienceM = 0 frameNumber = 64 nLocalPI = 15

0%   10   20   30   40   50   60   70   80   90   100%
|----|----|----|----|----|----|----|----|----|----|
***************************************************
change patienceM
time = 1062136624
area = 2212
delay = 35.5
write_blif appntk/c5315_47_0.000693359_2212_35.5.blif

round 48
seed = 1567440948 patienceN = 0 patienceM = 1 frameNumber = 64 nLocalPI = 15

0%   10   20   30   40   50   60   70   80   90   100%
|----|----|----|----|----|----|----|----|----|----|
***************************************************
change patienceM
time = 1078180567
area = 2198
delay = 34.2
write_blif appntk/c5315_48_0.000693359_2198_34.2.blif

round 49
seed = 1567440965 patienceN = 0 patienceM = 2 frameNumber = 64 nLocalPI = 15

0%   10   20   30   40   50   60   70   80   90   100%
|----|----|----|----|----|----|----|----|----|----|
***************************************************
change patienceM
time = 1099279795
area = 2210
delay = 35.5
write_blif appntk/c5315_49_0.000693359_2210_35.5.blif

round 50
seed = 1567440981 patienceN = 0 patienceM = 0 frameNumber = 64 nLocalPI = 14

0%   10   20   30   40   50   60   70   80   90   100%
|----|----|----|----|----|----|----|----|----|----|
***************************************************
change patienceM
time = 1116575172
area = 2198
delay = 34.2
write_blif appntk/c5315_50_0.000693359_2198_34.2.blif

round 51
seed = 1567441002 patienceN = 0 patienceM = 1 frameNumber = 64 nLocalPI = 14

0%   10   20   30   40   50   60   70   80   90   100%
|----|----|----|----|----|----|----|----|----|----|
***************************************************
change patienceM
time = 1134691272
area = 2208
delay = 35.5
write_blif appntk/c5315_51_0.000693359_2208_35.5.blif

round 52
seed = 1567441020 patienceN = 0 patienceM = 2 frameNumber = 64 nLocalPI = 14

0%   10   20   30   40   50   60   70   80   90   100%
|----|----|----|----|----|----|----|----|----|----|
***************************************************
change patienceM
time = 1153946256
area = 2206
delay = 34.2
write_blif appntk/c5315_52_0.000693359_2206_34.2.blif

round 53
seed = 1567441038 patienceN = 0 patienceM = 0 frameNumber = 64 nLocalPI = 13

0%   10   20   30   40   50   60   70   80   90   100%
|----|----|----|----|----|----|----|----|----|----|
***************************************************
change patienceM
time = 1169515897
area = 2212
delay = 35.5
write_blif appntk/c5315_53_0.000693359_2212_35.5.blif

round 54
seed = 1567441057 patienceN = 0 patienceM = 1 frameNumber = 64 nLocalPI = 13

0%   10   20   30   40   50   60   70   80   90   100%
|----|----|----|----|----|----|----|----|----|----|
***************************************************
change patienceM
time = 1188101337
area = 2198
delay = 34.2
write_blif appntk/c5315_54_0.000693359_2198_34.2.blif

round 55
seed = 1567441073 patienceN = 0 patienceM = 2 frameNumber = 64 nLocalPI = 13

0%   10   20   30   40   50   60   70   80   90   100%
|----|----|----|----|----|----|----|----|----|----|
***************************************************
change patienceM
time = 1204207790
area = 2210
delay = 35.5
write_blif appntk/c5315_55_0.000693359_2210_35.5.blif

round 56
seed = 1567441091 patienceN = 0 patienceM = 0 frameNumber = 64 nLocalPI = 12

0%   10   20   30   40   50   60   70   80   90   100%
|----|----|----|----|----|----|----|----|----|----|
***************************************************
change patienceM
time = 1217691913
area = 2199
delay = 34.2
write_blif appntk/c5315_56_0.000693359_2199_34.2.blif

round 57
seed = 1567441107 patienceN = 0 patienceM = 1 frameNumber = 64 nLocalPI = 12

0%   10   20   30   40   50   60   70   80   90   100%
|----|----|----|----|----|----|----|----|----|----|
***************************************************
change patienceM
time = 1232552235
area = 2212
delay = 35.5
write_blif appntk/c5315_57_0.000693359_2212_35.5.blif

round 58
seed = 1567441121 patienceN = 0 patienceM = 2 frameNumber = 64 nLocalPI = 12

0%   10   20   30   40   50   60   70   80   90   100%
|----|----|----|----|----|----|----|----|----|----|
***************************************************
change patienceM
time = 1246259130
area = 2208
delay = 34.2
write_blif appntk/c5315_58_0.000693359_2208_34.2.blif

round 59
seed = 1567441136 patienceN = 0 patienceM = 0 frameNumber = 64 nLocalPI = 11

0%   10   20   30   40   50   60   70   80   90   100%
|----|----|----|----|----|----|----|----|----|----|
***************************************************
change patienceM
time = 1266378335
area = 2210
delay = 35.5
write_blif appntk/c5315_59_0.000693359_2210_35.5.blif

round 60
seed = 1567441149 patienceN = 0 patienceM = 1 frameNumber = 64 nLocalPI = 11

0%   10   20   30   40   50   60   70   80   90   100%
|----|----|----|----|----|----|----|----|----|----|
***************************************************
change patienceM
time = 1281202918
area = 2200
delay = 34.2
write_blif appntk/c5315_60_0.000693359_2200_34.2.blif

round 61
seed = 1567441169 patienceN = 0 patienceM = 2 frameNumber = 64 nLocalPI = 11

0%   10   20   30   40   50   60   70   80   90   100%
|----|----|----|----|----|----|----|----|----|----|
***************************************************
change patienceM
time = 1295159147
area = 2210
delay = 35.5
write_blif appntk/c5315_61_0.000693359_2210_35.5.blif

round 62
seed = 1567441184 patienceN = 0 patienceM = 0 frameNumber = 64 nLocalPI = 10

0%   10   20   30   40   50   60   70   80   90   100%
|----|----|----|----|----|----|----|----|----|----|
***************************************************
change patienceM
time = 1311551063
area = 2197
delay = 34.2
write_blif appntk/c5315_62_0.000693359_2197_34.2.blif

round 63
seed = 1567441198 patienceN = 0 patienceM = 1 frameNumber = 64 nLocalPI = 10

0%   10   20   30   40   50   60   70   80   90   100%
|----|----|----|----|----|----|----|----|----|----|
***************************************************
change patienceM
time = 1326573615
area = 2211
delay = 35.5
write_blif appntk/c5315_63_0.000693359_2211_35.5.blif

round 64
seed = 1567441215 patienceN = 0 patienceM = 2 frameNumber = 64 nLocalPI = 10

0%   10   20   30   40   50   60   70   80   90   100%
|----|----|----|----|----|----|----|----|----|----|
***************************************************
change patienceM
time = 1341177198
area = 2207
delay = 34.2
write_blif appntk/c5315_64_0.000693359_2207_34.2.blif

round 65
seed = 1567441230 patienceN = 0 patienceM = 0 frameNumber = 64 nLocalPI = 9

0%   10   20   30   40   50   60   70   80   90   100%
|----|----|----|----|----|----|----|----|----|----|
***************************************************
change patienceM
time = 1355911722
area = 2209
delay = 35.5
write_blif appntk/c5315_65_0.000693359_2209_35.5.blif

round 66
seed = 1567441244 patienceN = 0 patienceM = 1 frameNumber = 64 nLocalPI = 9

0%   10   20   30   40   50   60   70   80   90   100%
|----|----|----|----|----|----|----|----|----|----|
***************************************************
change patienceM
time = 1369765939
area = 2197
delay = 34.2
write_blif appntk/c5315_66_0.000693359_2197_34.2.blif

round 67
seed = 1567441259 patienceN = 0 patienceM = 2 frameNumber = 64 nLocalPI = 9

0%   10   20   30   40   50   60   70   80   90   100%
|----|----|----|----|----|----|----|----|----|----|
***************************************************
change patienceM
time = 1384677066
area = 2213
delay = 35.5
write_blif appntk/c5315_67_0.000693359_2213_35.5.blif

round 68
seed = 1567441273 patienceN = 0 patienceM = 0 frameNumber = 64 nLocalPI = 8

0%   10   20   30   40   50   60   70   80   90   100%
|----|----|----|----|----|----|----|----|----|----|
***************************************************
change patienceM
time = 1394682764
area = 2198
delay = 34.2
write_blif appntk/c5315_68_0.000693359_2198_34.2.blif

round 69
seed = 1567441288 patienceN = 0 patienceM = 1 frameNumber = 64 nLocalPI = 8

0%   10   20   30   40   50   60   70   80   90   100%
|----|----|----|----|----|----|----|----|----|----|
***************************************************
change patienceM
time = 1407465462
area = 2209
delay = 35.5
write_blif appntk/c5315_69_0.000693359_2209_35.5.blif

round 70
seed = 1567441298 patienceN = 0 patienceM = 2 frameNumber = 64 nLocalPI = 8

0%   10   20   30   40   50   60   70   80   90   100%
|----|----|----|----|----|----|----|----|----|----|
***************************************************
change patienceM
time = 1419075967
area = 2207
delay = 34.2
write_blif appntk/c5315_70_0.000693359_2207_34.2.blif

round 71
seed = 1567441311 patienceN = 0 patienceM = 0 frameNumber = 64 nLocalPI = 7

0%   10   20   30   40   50   60   70   80   90   100%
|----|----|----|----|----|----|----|----|----|----|
***************************************************
change patienceM
time = 1434684431
area = 2209
delay = 35.5
write_blif appntk/c5315_71_0.000693359_2209_35.5.blif

round 72
seed = 1567441322 patienceN = 0 patienceM = 1 frameNumber = 64 nLocalPI = 7

0%   10   20   30   40   50   60   70   80   90   100%
|----|----|----|----|----|----|----|----|----|----|
***************************************************
change patienceM
time = 1447328769
area = 2199
delay = 34.2
write_blif appntk/c5315_72_0.000693359_2199_34.2.blif

round 73
seed = 1567441338 patienceN = 0 patienceM = 2 frameNumber = 64 nLocalPI = 7

0%   10   20   30   40   50   60   70   80   90   100%
|----|----|----|----|----|----|----|----|----|----|
***************************************************
change patienceM
time = 1459987918
area = 2212
delay = 35.5
write_blif appntk/c5315_73_0.000693359_2212_35.5.blif

round 74
seed = 1567441350 patienceN = 0 patienceM = 0 frameNumber = 64 nLocalPI = 6

0%   10   20   30   40   50   60   70   80   90   100%
|----|----|----|----|----|----|----|----|----|----|
***************************************************
change patienceM
time = 1474416291
area = 2198
delay = 34.2
write_blif appntk/c5315_74_0.000693359_2198_34.2.blif

round 75
seed = 1567441363 patienceN = 0 patienceM = 1 frameNumber = 64 nLocalPI = 6

0%   10   20   30   40   50   60   70   80   90   100%
|----|----|----|----|----|----|----|----|----|----|
***************************************************
change patienceM
time = 1492262684
area = 2208
delay = 35.5
write_blif appntk/c5315_75_0.000693359_2208_35.5.blif

round 76
seed = 1567441378 patienceN = 0 patienceM = 2 frameNumber = 64 nLocalPI = 6

0%   10   20   30   40   50   60   70   80   90   100%
|----|----|----|----|----|----|----|----|----|----|
***************************************************
change patienceM
time = 1505566130
area = 2206
delay = 34.2
write_blif appntk/c5315_76_0.000693359_2206_34.2.blif

round 77
seed = 1567441395 patienceN = 0 patienceM = 0 frameNumber = 64 nLocalPI = 5

0%   10   20   30   40   50   60   70   80   90   100%
|----|----|----|----|----|----|----|----|----|----|
***************************************************
best node n1321 best error 0.00200195
time = 1518242842
