Entered genlib library with 23 gates from file "data/genlib/mcnc.genlib".
Line 12: Skipping line ".default_input_arrival 0.00 0.00 ".
Line 13: Skipping line ".default_output_required 0.00 0.00 ".
Line 14: Skipping line ".default_input_drive 0.10 0.10 ".
Line 15: Skipping line ".default_output_load 2.00 ".
Line 16: Skipping line ".default_max_input_load 999.00 ".
Original area = 585, original delay = 24.9

round 0
seed = 0 patienceN = 0 patienceM = 0 frameNumber = 64 nLocalPI = 30

0%   10   20   30   40   50   60   70   80   90   100%
|----|----|----|----|----|----|----|----|----|----|
***************************************************
best node G389gat best error 0
time = 6168220
area = 594
delay = 24.5
write_blif appntk/c880_0_0_594_24.5.blif

round 1
seed = 1567439900 patienceN = 0 patienceM = 0 frameNumber = 64 nLocalPI = 30

0%   10   20   30   40   50   60   70   80   90   100%
|----|----|----|----|----|----|----|----|----|----|
***************************************************
best node n367 best error 7.8125e-05
time = 11879605
area = 588
delay = 23.6
write_blif appntk/c880_1_7.8125e-05_588_23.6.blif

round 2
seed = 1567439907 patienceN = 0 patienceM = 0 frameNumber = 64 nLocalPI = 30

0%   10   20   30   40   50   60   70   80   90   100%
|----|----|----|----|----|----|----|----|----|----|
***************************************************
best node n398 best error 0.000166016
time = 17574295
area = 590
delay = 24.5
write_blif appntk/c880_2_0.000166016_590_24.5.blif

round 3
seed = 1567439912 patienceN = 0 patienceM = 0 frameNumber = 64 nLocalPI = 30

0%   10   20   30   40   50   60   70   80   90   100%
|----|----|----|----|----|----|----|----|----|----|
***************************************************
best node n214 best error 0.000244141
time = 23602189
area = 580
delay = 23.6
write_blif appntk/c880_3_0.000244141_580_23.6.blif

round 4
seed = 1567439918 patienceN = 0 patienceM = 0 frameNumber = 64 nLocalPI = 30

0%   10   20   30   40   50   60   70   80   90   100%
|----|----|----|----|----|----|----|----|----|----|
***************************************************
best node n270 best error 0.000302734
time = 28657092
area = 580
delay = 24.5
write_blif appntk/c880_4_0.000302734_580_24.5.blif

round 5
seed = 1567439924 patienceN = 0 patienceM = 0 frameNumber = 64 nLocalPI = 30

0%   10   20   30   40   50   60   70   80   90   100%
|----|----|----|----|----|----|----|----|----|----|
***************************************************
best node n286 best error 0.000351563
time = 33747802
area = 571
delay = 23.6
write_blif appntk/c880_5_0.000351563_571_23.6.blif

round 6
seed = 1567439929 patienceN = 0 patienceM = 0 frameNumber = 64 nLocalPI = 30

0%   10   20   30   40   50   60   70   80   90   100%
|----|----|----|----|----|----|----|----|----|----|
***************************************************
best node n376 best error 0.000400391
time = 39576799
area = 573
delay = 24.5
write_blif appntk/c880_6_0.000400391_573_24.5.blif

round 7
seed = 1567439934 patienceN = 0 patienceM = 0 frameNumber = 64 nLocalPI = 30

0%   10   20   30   40   50   60   70   80   90   100%
|----|----|----|----|----|----|----|----|----|----|
***************************************************
best node n251 best error 0.000449219
time = 43984658
area = 566
delay = 22.8
write_blif appntk/c880_7_0.000449219_566_22.8.blif

round 8
seed = 1567439940 patienceN = 0 patienceM = 0 frameNumber = 64 nLocalPI = 30

0%   10   20   30   40   50   60   70   80   90   100%
|----|----|----|----|----|----|----|----|----|----|
***************************************************
best node n342 best error 0.000517578
time = 47954575
area = 562
delay = 23.5
write_blif appntk/c880_8_0.000517578_562_23.5.blif

round 9
seed = 1567439945 patienceN = 0 patienceM = 0 frameNumber = 64 nLocalPI = 30

0%   10   20   30   40   50   60   70   80   90   100%
|----|----|----|----|----|----|----|----|----|----|
***************************************************
best node n310 best error 0.000917969
time = 52537491
area = 558
delay = 23
write_blif appntk/c880_9_0.000917969_558_23.blif

round 10
seed = 1567439949 patienceN = 0 patienceM = 0 frameNumber = 64 nLocalPI = 30

0%   10   20   30   40   50   60   70   80   90   100%
|----|----|----|----|----|----|----|----|----|----|
***************************************************
change patienceM
time = 57052713
area = 563
delay = 23.9
write_blif appntk/c880_10_0.000917969_563_23.9.blif

round 11
seed = 1567439953 patienceN = 0 patienceM = 1 frameNumber = 64 nLocalPI = 30

0%   10   20   30   40   50   60   70   80   90   100%
|----|----|----|----|----|----|----|----|----|----|
***************************************************
change patienceM
time = 61379187
area = 558
delay = 23
write_blif appntk/c880_11_0.000917969_558_23.blif

round 12
seed = 1567439958 patienceN = 0 patienceM = 2 frameNumber = 64 nLocalPI = 30

0%   10   20   30   40   50   60   70   80   90   100%
|----|----|----|----|----|----|----|----|----|----|
***************************************************
change patienceM
time = 65527414
area = 563
delay = 23.9
write_blif appntk/c880_12_0.000917969_563_23.9.blif

round 13
seed = 1567439962 patienceN = 0 patienceM = 0 frameNumber = 64 nLocalPI = 29

0%   10   20   30   40   50   60   70   80   90   100%
|----|----|----|----|----|----|----|----|----|----|
***************************************************
change patienceM
time = 69429108
area = 558
delay = 23
write_blif appntk/c880_13_0.000917969_558_23.blif

round 14
seed = 1567439966 patienceN = 0 patienceM = 1 frameNumber = 64 nLocalPI = 29

0%   10   20   30   40   50   60   70   80   90   100%
|----|----|----|----|----|----|----|----|----|----|
***************************************************
change patienceM
time = 75204002
area = 563
delay = 23.9
write_blif appntk/c880_14_0.000917969_563_23.9.blif

round 15
seed = 1567439970 patienceN = 0 patienceM = 2 frameNumber = 64 nLocalPI = 29

0%   10   20   30   40   50   60   70   80   90   100%
|----|----|----|----|----|----|----|----|----|----|
***************************************************
change patienceM
time = 79850737
area = 558
delay = 23
write_blif appntk/c880_15_0.000917969_558_23.blif

round 16
seed = 1567439976 patienceN = 0 patienceM = 0 frameNumber = 64 nLocalPI = 28

0%   10   20   30   40   50   60   70   80   90   100%
|----|----|----|----|----|----|----|----|----|----|
***************************************************
change patienceM
time = 85530688
area = 563
delay = 23.9
write_blif appntk/c880_16_0.000917969_563_23.9.blif

round 17
seed = 1567439981 patienceN = 0 patienceM = 1 frameNumber = 64 nLocalPI = 28

0%   10   20   30   40   50   60   70   80   90   100%
|----|----|----|----|----|----|----|----|----|----|
***************************************************
change patienceM
time = 89657028
area = 558
delay = 23
write_blif appntk/c880_17_0.000917969_558_23.blif

round 18
seed = 1567439986 patienceN = 0 patienceM = 2 frameNumber = 64 nLocalPI = 28

0%   10   20   30   40   50   60   70   80   90   100%
|----|----|----|----|----|----|----|----|----|----|
***************************************************
change patienceM
time = 94749858
area = 563
delay = 23.9
write_blif appntk/c880_18_0.000917969_563_23.9.blif

round 19
seed = 1567439991 patienceN = 0 patienceM = 0 frameNumber = 64 nLocalPI = 27

0%   10   20   30   40   50   60   70   80   90   100%
|----|----|----|----|----|----|----|----|----|----|
***************************************************
change patienceM
time = 99554730
area = 558
delay = 23
write_blif appntk/c880_19_0.000917969_558_23.blif

round 20
seed = 1567439996 patienceN = 0 patienceM = 1 frameNumber = 64 nLocalPI = 27

0%   10   20   30   40   50   60   70   80   90   100%
|----|----|----|----|----|----|----|----|----|----|
***************************************************
change patienceM
time = 103207582
area = 563
delay = 23.9
write_blif appntk/c880_20_0.000917969_563_23.9.blif

round 21
seed = 1567440001 patienceN = 0 patienceM = 2 frameNumber = 64 nLocalPI = 27

0%   10   20   30   40   50   60   70   80   90   100%
|----|----|----|----|----|----|----|----|----|----|
***************************************************
change patienceM
time = 107248344
area = 558
delay = 23
write_blif appntk/c880_21_0.000917969_558_23.blif

round 22
seed = 1567440004 patienceN = 0 patienceM = 0 frameNumber = 64 nLocalPI = 26

0%   10   20   30   40   50   60   70   80   90   100%
|----|----|----|----|----|----|----|----|----|----|
***************************************************
change patienceM
time = 111633804
area = 563
delay = 23.9
write_blif appntk/c880_22_0.000917969_563_23.9.blif

round 23
seed = 1567440009 patienceN = 0 patienceM = 1 frameNumber = 64 nLocalPI = 26

0%   10   20   30   40   50   60   70   80   90   100%
|----|----|----|----|----|----|----|----|----|----|
***************************************************
change patienceM
time = 116143486
area = 558
delay = 23
write_blif appntk/c880_23_0.000917969_558_23.blif

round 24
seed = 1567440013 patienceN = 0 patienceM = 2 frameNumber = 64 nLocalPI = 26

0%   10   20   30   40   50   60   70   80   90   100%
|----|----|----|----|----|----|----|----|----|----|
***************************************************
change patienceM
time = 120453430
area = 563
delay = 23.9
write_blif appntk/c880_24_0.000917969_563_23.9.blif

round 25
seed = 1567440018 patienceN = 0 patienceM = 0 frameNumber = 64 nLocalPI = 25

0%   10   20   30   40   50   60   70   80   90   100%
|----|----|----|----|----|----|----|----|----|----|
***************************************************
change patienceM
time = 124735174
area = 558
delay = 23
write_blif appntk/c880_25_0.000917969_558_23.blif

round 26
seed = 1567440022 patienceN = 0 patienceM = 1 frameNumber = 64 nLocalPI = 25

0%   10   20   30   40   50   60   70   80   90   100%
|----|----|----|----|----|----|----|----|----|----|
***************************************************
change patienceM
time = 128897457
area = 563
delay = 23.9
write_blif appntk/c880_26_0.000917969_563_23.9.blif

round 27
seed = 1567440026 patienceN = 0 patienceM = 2 frameNumber = 64 nLocalPI = 25

0%   10   20   30   40   50   60   70   80   90   100%
|----|----|----|----|----|----|----|----|----|----|
***************************************************
change patienceM
time = 132865469
area = 558
delay = 23
write_blif appntk/c880_27_0.000917969_558_23.blif

round 28
seed = 1567440031 patienceN = 0 patienceM = 0 frameNumber = 64 nLocalPI = 24

0%   10   20   30   40   50   60   70   80   90   100%
|----|----|----|----|----|----|----|----|----|----|
***************************************************
change patienceM
time = 136530347
area = 563
delay = 23.9
write_blif appntk/c880_28_0.000917969_563_23.9.blif

round 29
seed = 1567440035 patienceN = 0 patienceM = 1 frameNumber = 64 nLocalPI = 24

0%   10   20   30   40   50   60   70   80   90   100%
|----|----|----|----|----|----|----|----|----|----|
***************************************************
change patienceM
time = 140760911
area = 558
delay = 23
write_blif appntk/c880_29_0.000917969_558_23.blif

round 30
seed = 1567440038 patienceN = 0 patienceM = 2 frameNumber = 64 nLocalPI = 24

0%   10   20   30   40   50   60   70   80   90   100%
|----|----|----|----|----|----|----|----|----|----|
***************************************************
change patienceM
time = 144930705
area = 563
delay = 23.9
write_blif appntk/c880_30_0.000917969_563_23.9.blif

round 31
seed = 1567440043 patienceN = 0 patienceM = 0 frameNumber = 64 nLocalPI = 23

0%   10   20   30   40   50   60   70   80   90   100%
|----|----|----|----|----|----|----|----|----|----|
***************************************************
change patienceM
time = 149574925
area = 558
delay = 23
write_blif appntk/c880_31_0.000917969_558_23.blif

round 32
seed = 1567440047 patienceN = 0 patienceM = 1 frameNumber = 64 nLocalPI = 23

0%   10   20   30   40   50   60   70   80   90   100%
|----|----|----|----|----|----|----|----|----|----|
***************************************************
change patienceM
time = 152380244
area = 563
delay = 23.9
write_blif appntk/c880_32_0.000917969_563_23.9.blif

round 33
seed = 1567440051 patienceN = 0 patienceM = 2 frameNumber = 64 nLocalPI = 23

0%   10   20   30   40   50   60   70   80   90   100%
|----|----|----|----|----|----|----|----|----|----|
***************************************************
change patienceM
time = 156121495
area = 558
delay = 23
write_blif appntk/c880_33_0.000917969_558_23.blif

round 34
seed = 1567440054 patienceN = 0 patienceM = 0 frameNumber = 64 nLocalPI = 22

0%   10   20   30   40   50   60   70   80   90   100%
|----|----|----|----|----|----|----|----|----|----|
***************************************************
change patienceM
time = 159500720
area = 563
delay = 23.9
write_blif appntk/c880_34_0.000917969_563_23.9.blif

round 35
seed = 1567440058 patienceN = 0 patienceM = 1 frameNumber = 64 nLocalPI = 22

0%   10   20   30   40   50   60   70   80   90   100%
|----|----|----|----|----|----|----|----|----|----|
***************************************************
change patienceM
time = 163642839
area = 558
delay = 23
write_blif appntk/c880_35_0.000917969_558_23.blif

round 36
seed = 1567440062 patienceN = 0 patienceM = 2 frameNumber = 64 nLocalPI = 22

0%   10   20   30   40   50   60   70   80   90   100%
|----|----|----|----|----|----|----|----|----|----|
***************************************************
change patienceM
time = 167214792
area = 563
delay = 23.9
write_blif appntk/c880_36_0.000917969_563_23.9.blif

round 37
seed = 1567440066 patienceN = 0 patienceM = 0 frameNumber = 64 nLocalPI = 21

0%   10   20   30   40   50   60   70   80   90   100%
|----|----|----|----|----|----|----|----|----|----|
***************************************************
change patienceM
time = 171033045
area = 558
delay = 23
write_blif appntk/c880_37_0.000917969_558_23.blif

round 38
seed = 1567440069 patienceN = 0 patienceM = 1 frameNumber = 64 nLocalPI = 21

0%   10   20   30   40   50   60   70   80   90   100%
|----|----|----|----|----|----|----|----|----|----|
***************************************************
change patienceM
time = 174537044
area = 563
delay = 23.9
write_blif appntk/c880_38_0.000917969_563_23.9.blif

round 39
seed = 1567440073 patienceN = 0 patienceM = 2 frameNumber = 64 nLocalPI = 21

0%   10   20   30   40   50   60   70   80   90   100%
|----|----|----|----|----|----|----|----|----|----|
***************************************************
change patienceM
time = 178893675
area = 558
delay = 23
write_blif appntk/c880_39_0.000917969_558_23.blif

round 40
seed = 1567440077 patienceN = 0 patienceM = 0 frameNumber = 64 nLocalPI = 20

0%   10   20   30   40   50   60   70   80   90   100%
|----|----|----|----|----|----|----|----|----|----|
***************************************************
change patienceM
time = 183153109
area = 563
delay = 23.9
write_blif appntk/c880_40_0.000917969_563_23.9.blif

round 41
seed = 1567440081 patienceN = 0 patienceM = 1 frameNumber = 64 nLocalPI = 20

0%   10   20   30   40   50   60   70   80   90   100%
|----|----|----|----|----|----|----|----|----|----|
***************************************************
change patienceM
time = 186983495
area = 558
delay = 23
write_blif appntk/c880_41_0.000917969_558_23.blif

round 42
seed = 1567440085 patienceN = 0 patienceM = 2 frameNumber = 64 nLocalPI = 20

0%   10   20   30   40   50   60   70   80   90   100%
|----|----|----|----|----|----|----|----|----|----|
***************************************************
change patienceM
time = 191086798
area = 563
delay = 23.9
write_blif appntk/c880_42_0.000917969_563_23.9.blif

round 43
seed = 1567440089 patienceN = 0 patienceM = 0 frameNumber = 64 nLocalPI = 19

0%   10   20   30   40   50   60   70   80   90   100%
|----|----|----|----|----|----|----|----|----|----|
***************************************************
change patienceM
time = 194272713
area = 558
delay = 23
write_blif appntk/c880_43_0.000917969_558_23.blif

round 44
seed = 1567440093 patienceN = 0 patienceM = 1 frameNumber = 64 nLocalPI = 19

0%   10   20   30   40   50   60   70   80   90   100%
|----|----|----|----|----|----|----|----|----|----|
***************************************************
change patienceM
time = 197943658
area = 563
delay = 23.9
write_blif appntk/c880_44_0.000917969_563_23.9.blif

round 45
seed = 1567440097 patienceN = 0 patienceM = 2 frameNumber = 64 nLocalPI = 19

0%   10   20   30   40   50   60   70   80   90   100%
|----|----|----|----|----|----|----|----|----|----|
***************************************************
change patienceM
time = 201220401
area = 558
delay = 23
write_blif appntk/c880_45_0.000917969_558_23.blif

round 46
seed = 1567440100 patienceN = 0 patienceM = 0 frameNumber = 64 nLocalPI = 18

0%   10   20   30   40   50   60   70   80   90   100%
|----|----|----|----|----|----|----|----|----|----|
***************************************************
change patienceM
time = 204450434
area = 563
delay = 23.9
write_blif appntk/c880_46_0.000917969_563_23.9.blif

round 47
seed = 1567440104 patienceN = 0 patienceM = 1 frameNumber = 64 nLocalPI = 18

0%   10   20   30   40   50   60   70   80   90   100%
|----|----|----|----|----|----|----|----|----|----|
***************************************************
change patienceM
time = 207977197
area = 558
delay = 23
write_blif appntk/c880_47_0.000917969_558_23.blif

round 48
seed = 1567440107 patienceN = 0 patienceM = 2 frameNumber = 64 nLocalPI = 18

0%   10   20   30   40   50   60   70   80   90   100%
|----|----|----|----|----|----|----|----|----|----|
***************************************************
change patienceM
time = 212085263
area = 563
delay = 23.9
write_blif appntk/c880_48_0.000917969_563_23.9.blif

round 49
seed = 1567440110 patienceN = 0 patienceM = 0 frameNumber = 64 nLocalPI = 17

0%   10   20   30   40   50   60   70   80   90   100%
|----|----|----|----|----|----|----|----|----|----|
***************************************************
change patienceM
time = 215059156
area = 558
delay = 23
write_blif appntk/c880_49_0.000917969_558_23.blif

round 50
seed = 1567440114 patienceN = 0 patienceM = 1 frameNumber = 64 nLocalPI = 17

0%   10   20   30   40   50   60   70   80   90   100%
|----|----|----|----|----|----|----|----|----|----|
***************************************************
change patienceM
time = 218800734
area = 563
delay = 23.9
write_blif appntk/c880_50_0.000917969_563_23.9.blif

round 51
seed = 1567440117 patienceN = 0 patienceM = 2 frameNumber = 64 nLocalPI = 17

0%   10   20   30   40   50   60   70   80   90   100%
|----|----|----|----|----|----|----|----|----|----|
***************************************************
change patienceM
time = 222413991
area = 558
delay = 23
write_blif appntk/c880_51_0.000917969_558_23.blif

round 52
seed = 1567440121 patienceN = 0 patienceM = 0 frameNumber = 64 nLocalPI = 16

0%   10   20   30   40   50   60   70   80   90   100%
|----|----|----|----|----|----|----|----|----|----|
***************************************************
change patienceM
time = 225851861
area = 563
delay = 23.9
write_blif appntk/c880_52_0.000917969_563_23.9.blif

round 53
seed = 1567440125 patienceN = 0 patienceM = 1 frameNumber = 64 nLocalPI = 16

0%   10   20   30   40   50   60   70   80   90   100%
|----|----|----|----|----|----|----|----|----|----|
***************************************************
change patienceM
time = 229530640
area = 558
delay = 23
write_blif appntk/c880_53_0.000917969_558_23.blif

round 54
seed = 1567440128 patienceN = 0 patienceM = 2 frameNumber = 64 nLocalPI = 16

0%   10   20   30   40   50   60   70   80   90   100%
|----|----|----|----|----|----|----|----|----|----|
***************************************************
change patienceM
time = 234856180
area = 563
delay = 23.9
write_blif appntk/c880_54_0.000917969_563_23.9.blif

round 55
seed = 1567440132 patienceN = 0 patienceM = 0 frameNumber = 64 nLocalPI = 15

0%   10   20   30   40   50   60   70   80   90   100%
|----|----|----|----|----|----|----|----|----|----|
***************************************************
change patienceM
time = 238409182
area = 558
delay = 23
write_blif appntk/c880_55_0.000917969_558_23.blif

round 56
seed = 1567440137 patienceN = 0 patienceM = 1 frameNumber = 64 nLocalPI = 15

0%   10   20   30   40   50   60   70   80   90   100%
|----|----|----|----|----|----|----|----|----|----|
***************************************************
change patienceM
time = 242402170
area = 563
delay = 23.9
write_blif appntk/c880_56_0.000917969_563_23.9.blif

round 57
seed = 1567440141 patienceN = 0 patienceM = 2 frameNumber = 64 nLocalPI = 15

0%   10   20   30   40   50   60   70   80   90   100%
|----|----|----|----|----|----|----|----|----|----|
***************************************************
change patienceM
time = 246088349
area = 558
delay = 23
write_blif appntk/c880_57_0.000917969_558_23.blif

round 58
seed = 1567440145 patienceN = 0 patienceM = 0 frameNumber = 64 nLocalPI = 14

0%   10   20   30   40   50   60   70   80   90   100%
|----|----|----|----|----|----|----|----|----|----|
***************************************************
change patienceM
time = 249632752
area = 563
delay = 23.9
write_blif appntk/c880_58_0.000917969_563_23.9.blif

round 59
seed = 1567440148 patienceN = 0 patienceM = 1 frameNumber = 64 nLocalPI = 14

0%   10   20   30   40   50   60   70   80   90   100%
|----|----|----|----|----|----|----|----|----|----|
***************************************************
change patienceM
time = 253715829
area = 558
delay = 23
write_blif appntk/c880_59_0.000917969_558_23.blif

round 60
seed = 1567440152 patienceN = 0 patienceM = 2 frameNumber = 64 nLocalPI = 14

0%   10   20   30   40   50   60   70   80   90   100%
|----|----|----|----|----|----|----|----|----|----|
***************************************************
change patienceM
time = 257215410
area = 563
delay = 23.9
write_blif appntk/c880_60_0.000917969_563_23.9.blif

round 61
seed = 1567440156 patienceN = 0 patienceM = 0 frameNumber = 64 nLocalPI = 13

0%   10   20   30   40   50   60   70   80   90   100%
|----|----|----|----|----|----|----|----|----|----|
***************************************************
change patienceM
time = 261530644
area = 558
delay = 23
write_blif appntk/c880_61_0.000917969_558_23.blif

round 62
seed = 1567440160 patienceN = 0 patienceM = 1 frameNumber = 64 nLocalPI = 13

0%   10   20   30   40   50   60   70   80   90   100%
|----|----|----|----|----|----|----|----|----|----|
***************************************************
change patienceM
time = 266147950
area = 563
delay = 23.9
write_blif appntk/c880_62_0.000917969_563_23.9.blif

round 63
seed = 1567440164 patienceN = 0 patienceM = 2 frameNumber = 64 nLocalPI = 13

0%   10   20   30   40   50   60   70   80   90   100%
|----|----|----|----|----|----|----|----|----|----|
***************************************************
change patienceM
time = 269446494
area = 558
delay = 23
write_blif appntk/c880_63_0.000917969_558_23.blif

round 64
seed = 1567440169 patienceN = 0 patienceM = 0 frameNumber = 64 nLocalPI = 12

0%   10   20   30   40   50   60   70   80   90   100%
|----|----|----|----|----|----|----|----|----|----|
***************************************************
change patienceM
time = 273311499
area = 563
delay = 23.9
write_blif appntk/c880_64_0.000917969_563_23.9.blif

round 65
seed = 1567440172 patienceN = 0 patienceM = 1 frameNumber = 64 nLocalPI = 12

0%   10   20   30   40   50   60   70   80   90   100%
|----|----|----|----|----|----|----|----|----|----|
***************************************************
change patienceM
time = 276249242
area = 558
delay = 23
write_blif appntk/c880_65_0.000917969_558_23.blif

round 66
seed = 1567440176 patienceN = 0 patienceM = 2 frameNumber = 64 nLocalPI = 12

0%   10   20   30   40   50   60   70   80   90   100%
|----|----|----|----|----|----|----|----|----|----|
***************************************************
change patienceM
time = 279446972
area = 563
delay = 23.9
write_blif appntk/c880_66_0.000917969_563_23.9.blif

round 67
seed = 1567440179 patienceN = 0 patienceM = 0 frameNumber = 64 nLocalPI = 11

0%   10   20   30   40   50   60   70   80   90   100%
|----|----|----|----|----|----|----|----|----|----|
***************************************************
change patienceM
time = 282067828
area = 558
delay = 23
write_blif appntk/c880_67_0.000917969_558_23.blif

round 68
seed = 1567440182 patienceN = 0 patienceM = 1 frameNumber = 64 nLocalPI = 11

0%   10   20   30   40   50   60   70   80   90   100%
|----|----|----|----|----|----|----|----|----|----|
***************************************************
change patienceM
time = 285072599
area = 563
delay = 23.9
write_blif appntk/c880_68_0.000917969_563_23.9.blif

round 69
seed = 1567440185 patienceN = 0 patienceM = 2 frameNumber = 64 nLocalPI = 11

0%   10   20   30   40   50   60   70   80   90   100%
|----|----|----|----|----|----|----|----|----|----|
***************************************************
change patienceM
time = 288315876
area = 558
delay = 23
write_blif appntk/c880_69_0.000917969_558_23.blif

round 70
seed = 1567440188 patienceN = 0 patienceM = 0 frameNumber = 64 nLocalPI = 10

0%   10   20   30   40   50   60   70   80   90   100%
|----|----|----|----|----|----|----|----|----|----|
***************************************************
change patienceM
time = 291846122
area = 563
delay = 23.9
write_blif appntk/c880_70_0.000917969_563_23.9.blif

round 71
seed = 1567440191 patienceN = 0 patienceM = 1 frameNumber = 64 nLocalPI = 10

0%   10   20   30   40   50   60   70   80   90   100%
|----|----|----|----|----|----|----|----|----|----|
***************************************************
change patienceM
time = 295234816
area = 558
delay = 23
write_blif appntk/c880_71_0.000917969_558_23.blif

round 72
seed = 1567440194 patienceN = 0 patienceM = 2 frameNumber = 64 nLocalPI = 10

0%   10   20   30   40   50   60   70   80   90   100%
|----|----|----|----|----|----|----|----|----|----|
***************************************************
change patienceM
time = 299682531
area = 563
delay = 23.9
write_blif appntk/c880_72_0.000917969_563_23.9.blif

round 73
seed = 1567440198 patienceN = 0 patienceM = 0 frameNumber = 64 nLocalPI = 9

0%   10   20   30   40   50   60   70   80   90   100%
|----|----|----|----|----|----|----|----|----|----|
***************************************************
change patienceM
time = 302661044
area = 558
delay = 23
write_blif appntk/c880_73_0.000917969_558_23.blif

round 74
seed = 1567440202 patienceN = 0 patienceM = 1 frameNumber = 64 nLocalPI = 9

0%   10   20   30   40   50   60   70   80   90   100%
|----|----|----|----|----|----|----|----|----|----|
***************************************************
change patienceM
time = 305689078
area = 563
delay = 23.9
write_blif appntk/c880_74_0.000917969_563_23.9.blif

round 75
seed = 1567440205 patienceN = 0 patienceM = 2 frameNumber = 64 nLocalPI = 9

0%   10   20   30   40   50   60   70   80   90   100%
|----|----|----|----|----|----|----|----|----|----|
***************************************************
change patienceM
time = 308955848
area = 558
delay = 23
write_blif appntk/c880_75_0.000917969_558_23.blif

round 76
seed = 1567440208 patienceN = 0 patienceM = 0 frameNumber = 64 nLocalPI = 8

0%   10   20   30   40   50   60   70   80   90   100%
|----|----|----|----|----|----|----|----|----|----|
***************************************************
change patienceM
time = 312387155
area = 563
delay = 23.9
write_blif appntk/c880_76_0.000917969_563_23.9.blif

round 77
seed = 1567440212 patienceN = 0 patienceM = 1 frameNumber = 64 nLocalPI = 8

0%   10   20   30   40   50   60   70   80   90   100%
|----|----|----|----|----|----|----|----|----|----|
***************************************************
change patienceM
time = 315721121
area = 558
delay = 23
write_blif appntk/c880_77_0.000917969_558_23.blif

round 78
seed = 1567440215 patienceN = 0 patienceM = 2 frameNumber = 64 nLocalPI = 8

0%   10   20   30   40   50   60   70   80   90   100%
|----|----|----|----|----|----|----|----|----|----|
***************************************************
change patienceM
time = 318749331
area = 563
delay = 23.9
write_blif appntk/c880_78_0.000917969_563_23.9.blif

round 79
seed = 1567440218 patienceN = 0 patienceM = 0 frameNumber = 64 nLocalPI = 7

0%   10   20   30   40   50   60   70   80   90   100%
|----|----|----|----|----|----|----|----|----|----|
***************************************************
change patienceM
time = 321474988
area = 558
delay = 23
write_blif appntk/c880_79_0.000917969_558_23.blif

round 80
seed = 1567440221 patienceN = 0 patienceM = 1 frameNumber = 64 nLocalPI = 7

0%   10   20   30   40   50   60   70   80   90   100%
|----|----|----|----|----|----|----|----|----|----|
***************************************************
change patienceM
time = 323737811
area = 563
delay = 23.9
write_blif appntk/c880_80_0.000917969_563_23.9.blif

round 81
seed = 1567440224 patienceN = 0 patienceM = 2 frameNumber = 64 nLocalPI = 7

0%   10   20   30   40   50   60   70   80   90   100%
|----|----|----|----|----|----|----|----|----|----|
***************************************************
change patienceM
time = 326966052
area = 558
delay = 23
write_blif appntk/c880_81_0.000917969_558_23.blif

round 82
seed = 1567440226 patienceN = 0 patienceM = 0 frameNumber = 64 nLocalPI = 6

0%   10   20   30   40   50   60   70   80   90   100%
|----|----|----|----|----|----|----|----|----|----|
***************************************************
change patienceM
time = 330268850
area = 563
delay = 23.9
write_blif appntk/c880_82_0.000917969_563_23.9.blif

round 83
seed = 1567440230 patienceN = 0 patienceM = 1 frameNumber = 64 nLocalPI = 6

0%   10   20   30   40   50   60   70   80   90   100%
|----|----|----|----|----|----|----|----|----|----|
***************************************************
change patienceM
time = 332804791
area = 558
delay = 23
write_blif appntk/c880_83_0.000917969_558_23.blif

round 84
seed = 1567440233 patienceN = 0 patienceM = 2 frameNumber = 64 nLocalPI = 6

0%   10   20   30   40   50   60   70   80   90   100%
|----|----|----|----|----|----|----|----|----|----|
***************************************************
change patienceM
time = 335586796
area = 563
delay = 23.9
write_blif appntk/c880_84_0.000917969_563_23.9.blif

round 85
seed = 1567440235 patienceN = 0 patienceM = 0 frameNumber = 64 nLocalPI = 5

0%   10   20   30   40   50   60   70   80   90   100%
|----|----|----|----|----|----|----|----|----|----|
***************************************************
best node n305 best error 0.00129883
time = 338934483
