Entered genlib library with 23 gates from file "data/genlib/mcnc.genlib".
Line 11: Skipping line ".default_input_arrival 0.00 0.00 ".
Line 12: Skipping line ".default_output_required 0.00 0.00 ".
Line 13: Skipping line ".default_input_drive 0.10 0.10 ".
Line 14: Skipping line ".default_output_load 2.00 ".
Line 15: Skipping line ".default_max_input_load 999.00 ".
nframe = 64 seed = 3374959293
patience = 0,0

0%   10   20   30   40   50   60   70   80   90   100%
|----|----|----|----|----|----|----|----|----|----|
***************************************************
best node sum[0] best error 0
area = 847, delay = 29
nframe = 64 seed = 417495090
patience = 0,0

0%   10   20   30   40   50   60   70   80   90   100%
|----|----|----|----|----|----|----|----|----|----|
***************************************************
best node n159 best error 0
area = 829, delay = 28.3
nframe = 64 seed = 3718839988
patience = 0,0

0%   10   20   30   40   50   60   70   80   90   100%
|----|----|----|----|----|----|----|----|----|----|
***************************************************
best node n254 best error 0
area = 813, delay = 28.8
nframe = 64 seed = 3521403485
patience = 0,0

0%   10   20   30   40   50   60   70   80   90   100%
|----|----|----|----|----|----|----|----|----|----|
***************************************************
best node n449 best error 0
area = 805, delay = 28.8
nframe = 64 seed = 3236738393
patience = 0,0

0%   10   20   30   40   50   60   70   80   90   100%
|----|----|----|----|----|----|----|----|----|----|
***************************************************
best node n471 best error 0
area = 801, delay = 27.8
nframe = 64 seed = 3371328344
patience = 0,0

0%   10   20   30   40   50   60   70   80   90   100%
|----|----|----|----|----|----|----|----|----|----|
***************************************************
best node n248 best error 0
area = 787, delay = 27.4
nframe = 64 seed = 3867274664
patience = 0,0

0%   10   20   30   40   50   60   70   80   90   100%
|----|----|----|----|----|----|----|----|----|----|
***************************************************
best node n461 best error 0
area = 763, delay = 27
nframe = 64 seed = 391475740
patience = 0,0

0%   10   20   30   40   50   60   70   80   90   100%
|----|----|----|----|----|----|----|----|----|----|
***************************************************
best node n182 best error 9.33651e-09
area = 705, delay = 31.9
nframe = 64 seed = 2020357961
patience = 0,0

0%   10   20   30   40   50   60   70   80   90   100%
|----|----|----|----|----|----|----|----|----|----|
***************************************************
best node n428 best error 9.33651e-09
area = 686, delay = 28.8
nframe = 64 seed = 819623755
patience = 0,0

0%   10   20   30   40   50   60   70   80   90   100%
|----|----|----|----|----|----|----|----|----|----|
***************************************************
best node n298 best error 9.33651e-09
area = 675, delay = 30.7
nframe = 64 seed = 3367056538
patience = 0,0

0%   10   20   30   40   50   60   70   80   90   100%
|----|----|----|----|----|----|----|----|----|----|
***************************************************
best node n425 best error 9.33651e-09
area = 667, delay = 28.3
nframe = 64 seed = 3777846589
patience = 0,0

0%   10   20   30   40   50   60   70   80   90   100%
|----|----|----|----|----|----|----|----|----|----|
***************************************************
best node n401 best error 9.33651e-09
area = 656, delay = 26.3
nframe = 64 seed = 692305153
patience = 0,0

0%   10   20   30   40   50   60   70   80   90   100%
|----|----|----|----|----|----|----|----|----|----|
***************************************************
best node n259 best error 1.10362e-08
area = 591, delay = 36.8
nframe = 64 seed = 485176902
patience = 0,0

0%   10   20   30   40   50   60   70   80   90   100%
|----|----|----|----|----|----|----|----|----|----|
***************************************************
best node n229 best error 1.10362e-08
area = 579, delay = 38.3
nframe = 64 seed = 1283521403
patience = 0,0

0%   10   20   30   40   50   60   70   80   90   100%
|----|----|----|----|----|----|----|----|----|----|
***************************************************
best node n358 best error 1.10362e-08
area = 578, delay = 38.3
nframe = 64 seed = 648681549
patience = 0,0

0%   10   20   30   40   50   60   70   80   90   100%
|----|----|----|----|----|----|----|----|----|----|
***************************************************
best node n216 best error 4.21656e-08
area = 576, delay = 38.3
nframe = 64 seed = 3442268607
patience = 0,0

0%   10   20   30   40   50   60   70   80   90   100%
|----|----|----|----|----|----|----|----|----|----|
***************************************************
best node n205 best error 4.34928e-08
area = 561, delay = 38.3
nframe = 64 seed = 4153750056
patience = 0,0

0%   10   20   30   40   50   60   70   80   90   100%
|----|----|----|----|----|----|----|----|----|----|
***************************************************
best node n323 best error 1.56937e-06
area = 557, delay = 36.3
nframe = 64 seed = 2512305752
patience = 0,0

0%   10   20   30   40   50   60   70   80   90   100%
|----|----|----|----|----|----|----|----|----|----|
***************************************************
best node n294 best error 1.76011e-06
area = 536, delay = 36.1
nframe = 64 seed = 2166703492
patience = 0,0

0%   10   20   30   40   50   60   70   80   90   100%
|----|----|----|----|----|----|----|----|----|----|
***************************************************
best node n160 best error 1.76391e-06
area = 533, delay = 36.1
nframe = 64 seed = 2375915759
patience = 0,0

0%   10   20   30   40   50   60   70   80   90   100%
|----|----|----|----|----|----|----|----|----|----|
***************************************************
best node n253 best error 2.69264e-06
area = 531, delay = 35.6
nframe = 64 seed = 1703624364
patience = 0,0

0%   10   20   30   40   50   60   70   80   90   100%
|----|----|----|----|----|----|----|----|----|----|
***************************************************
best node n250 best error 2.88908e-06
area = 519, delay = 31.8
nframe = 64 seed = 1576894104
patience = 0,0

0%   10   20   30   40   50   60   70   80   90   100%
|----|----|----|----|----|----|----|----|----|----|
***************************************************
best node n174 best error 2.88168e-06
area = 517, delay = 31.8
nframe = 64 seed = 2987376245
patience = 0,0

0%   10   20   30   40   50   60   70   80   90   100%
|----|----|----|----|----|----|----|----|----|----|
***************************************************
best node n207 best error 2.88484e-06
area = 505, delay = 31.8
nframe = 64 seed = 289819565
patience = 0,0

0%   10   20   30   40   50   60   70   80   90   100%
|----|----|----|----|----|----|----|----|----|----|
***************************************************
best node n238 best error 6.96123e-06
area = 506, delay = 30.8
nframe = 64 seed = 2633305123
patience = 0,0

0%   10   20   30   40   50   60   70   80   90   100%
|----|----|----|----|----|----|----|----|----|----|
***************************************************
best node n276 best error 4.09111e-05
area = 491, delay = 28.8
nframe = 64 seed = 4053054687
patience = 0,0

0%   10   20   30   40   50   60   70   80   90   100%
|----|----|----|----|----|----|----|----|----|----|
***************************************************
best node n273 best error 5.55857e-05
area = 492, delay = 29.5
nframe = 64 seed = 1550459517
patience = 0,0

0%   10   20   30   40   50   60   70   80   90   100%
|----|----|----|----|----|----|----|----|----|----|
***************************************************
area = 492, delay = 29.5
nframe = 64 seed = 1914339541
patience = 1,0

0%   10   20   30   40   50   60   70   80   90   100%
|----|----|----|----|----|----|----|----|----|----|
***************************************************
area = 492, delay = 29.5
nframe = 64 seed = 2138022005
patience = 2,0

0%   10   20   30   40   50   60   70   80   90   100%
|----|----|----|----|----|----|----|----|----|----|
***************************************************
area = 492, delay = 29.5
nframe = 64 seed = 1812039980
patience = 3,0

0%   10   20   30   40   50   60   70   80   90   100%
|----|----|----|----|----|----|----|----|----|----|
***************************************************
area = 492, delay = 29.5
nframe = 64 seed = 3201917589
patience = 4,0

0%   10   20   30   40   50   60   70   80   90   100%
|----|----|----|----|----|----|----|----|----|----|
***************************************************
area = 492, delay = 29.5
nframe = 32 seed = 1550684803
patience = 0,0

0%   10   20   30   40   50   60   70   80   90   100%
|----|----|----|----|----|----|----|----|----|----|
***************************************************
area = 492, delay = 29.5
nframe = 32 seed = 3311917854
patience = 1,0

0%   10   20   30   40   50   60   70   80   90   100%
|----|----|----|----|----|----|----|----|----|----|
***************************************************
area = 492, delay = 29.5
nframe = 32 seed = 3399744732
patience = 2,0

0%   10   20   30   40   50   60   70   80   90   100%
|----|----|----|----|----|----|----|----|----|----|
***************************************************
area = 492, delay = 29.5
nframe = 32 seed = 1975966799
patience = 3,0

0%   10   20   30   40   50   60   70   80   90   100%
|----|----|----|----|----|----|----|----|----|----|
***************************************************
area = 492, delay = 29.5
nframe = 32 seed = 2182957381
patience = 4,0

0%   10   20   30   40   50   60   70   80   90   100%
|----|----|----|----|----|----|----|----|----|----|
***************************************************
area = 492, delay = 29.5
nframe = 16 seed = 1103008223
patience = 0,0

0%   10   20   30   40   50   60   70   80   90   100%
|----|----|----|----|----|----|----|----|----|----|
***************************************************
area = 492, delay = 29.5
nframe = 16 seed = 1816531276
patience = 1,0

0%   10   20   30   40   50   60   70   80   90   100%
|----|----|----|----|----|----|----|----|----|----|
***************************************************
area = 492, delay = 29.5
nframe = 16 seed = 760735482
patience = 2,0

0%   10   20   30   40   50   60   70   80   90   100%
|----|----|----|----|----|----|----|----|----|----|
***************************************************
best node n171 best error 5.55885e-05
area = 485, delay = 29.5
nframe = 16 seed = 2782694002
patience = 0,0

0%   10   20   30   40   50   60   70   80   90   100%
|----|----|----|----|----|----|----|----|----|----|
***************************************************
area = 485, delay = 29.5
nframe = 16 seed = 2845199584
patience = 1,0

0%   10   20   30   40   50   60   70   80   90   100%
|----|----|----|----|----|----|----|----|----|----|
***************************************************
area = 485, delay = 29.5
nframe = 16 seed = 476870469
patience = 2,0

0%   10   20   30   40   50   60   70   80   90   100%
|----|----|----|----|----|----|----|----|----|----|
***************************************************
best node n239 best error 5.56712e-05
area = 482, delay = 29.5
nframe = 16 seed = 3392323195
patience = 0,0

0%   10   20   30   40   50   60   70   80   90   100%
|----|----|----|----|----|----|----|----|----|----|
***************************************************
area = 482, delay = 29.5
nframe = 16 seed = 2293026524
patience = 1,0

0%   10   20   30   40   50   60   70   80   90   100%
|----|----|----|----|----|----|----|----|----|----|
***************************************************
area = 482, delay = 29.5
nframe = 16 seed = 2637967332
patience = 2,0

0%   10   20   30   40   50   60   70   80   90   100%
|----|----|----|----|----|----|----|----|----|----|
***************************************************
area = 482, delay = 29.5
nframe = 16 seed = 785149800
patience = 3,0

0%   10   20   30   40   50   60   70   80   90   100%
|----|----|----|----|----|----|----|----|----|----|
***************************************************
area = 482, delay = 29.5
nframe = 16 seed = 1683924560
patience = 4,0

0%   10   20   30   40   50   60   70   80   90   100%
|----|----|----|----|----|----|----|----|----|----|
***************************************************
area = 482, delay = 29.5
nframe = 8 seed = 3200805648
patience = 0,0

0%   10   20   30   40   50   60   70   80   90   100%
|----|----|----|----|----|----|----|----|----|----|
***************************************************
area = 482, delay = 29.5
nframe = 8 seed = 1779022530
patience = 1,0

0%   10   20   30   40   50   60   70   80   90   100%
|----|----|----|----|----|----|----|----|----|----|
***************************************************
area = 482, delay = 29.5
nframe = 8 seed = 44008478
patience = 2,0

0%   10   20   30   40   50   60   70   80   90   100%
|----|----|----|----|----|----|----|----|----|----|
***************************************************
area = 482, delay = 29.5
nframe = 8 seed = 2375664533
patience = 3,0

0%   10   20   30   40   50   60   70   80   90   100%
|----|----|----|----|----|----|----|----|----|----|
***************************************************
area = 482, delay = 29.5
nframe = 8 seed = 3056406128
patience = 4,0

0%   10   20   30   40   50   60   70   80   90   100%
|----|----|----|----|----|----|----|----|----|----|
***************************************************
area = 482, delay = 29.5
nframe = 4 seed = 3995914610
patience = 0,0

0%   10   20   30   40   50   60   70   80   90   100%
|----|----|----|----|----|----|----|----|----|----|
***************************************************
area = 482, delay = 29.5
nframe = 4 seed = 582707119
patience = 1,0

0%   10   20   30   40   50   60   70   80   90   100%
|----|----|----|----|----|----|----|----|----|----|
***************************************************
area = 482, delay = 29.5
nframe = 4 seed = 4230195991
patience = 2,0

0%   10   20   30   40   50   60   70   80   90   100%
|----|----|----|----|----|----|----|----|----|----|
***************************************************
area = 482, delay = 29.5
nframe = 4 seed = 3470073997
patience = 3,0

0%   10   20   30   40   50   60   70   80   90   100%
|----|----|----|----|----|----|----|----|----|----|
***************************************************
area = 482, delay = 29.5
nframe = 4 seed = 1779486736
patience = 4,0

0%   10   20   30   40   50   60   70   80   90   100%
|----|----|----|----|----|----|----|----|----|----|
***************************************************
area = 482, delay = 29.5
nframe = 2 seed = 2190594040
patience = 0,0

0%   10   20   30   40   50   60   70   80   90   100%
|----|----|----|----|----|----|----|----|----|----|
***************************************************
area = 482, delay = 29.5
nframe = 2 seed = 2986626100
patience = 1,0

0%   10   20   30   40   50   60   70   80   90   100%
|----|----|----|----|----|----|----|----|----|----|
***************************************************
best node n271 best error 0.000106716
area = 479, delay = 31.3
nframe = 2 seed = 3665127511
patience = 0,0

0%   10   20   30   40   50   60   70   80   90   100%
|----|----|----|----|----|----|----|----|----|----|
***************************************************
area = 479, delay = 31.3
nframe = 2 seed = 4212107444
patience = 1,0

0%   10   20   30   40   50   60   70   80   90   100%
|----|----|----|----|----|----|----|----|----|----|
***************************************************
area = 479, delay = 31.3
nframe = 2 seed = 3579895753
patience = 2,0

0%   10   20   30   40   50   60   70   80   90   100%
|----|----|----|----|----|----|----|----|----|----|
***************************************************
area = 479, delay = 31.3
nframe = 2 seed = 1425925599
patience = 3,0

0%   10   20   30   40   50   60   70   80   90   100%
|----|----|----|----|----|----|----|----|----|----|
***************************************************
area = 479, delay = 31.3
nframe = 2 seed = 2262822731
patience = 4,0

0%   10   20   30   40   50   60   70   80   90   100%
|----|----|----|----|----|----|----|----|----|----|
***************************************************
area = 479, delay = 31.3
nframe = 1 seed = 2736792810
patience = 0,0

0%   10   20   30   40   50   60   70   80   90   100%
|----|----|----|----|----|----|----|----|----|----|
***************************************************
area = 479, delay = 31.3
nframe = 1 seed = 212157668
patience = 1,0

0%   10   20   30   40   50   60   70   80   90   100%
|----|----|----|----|----|----|----|----|----|----|
***************************************************
area = 479, delay = 31.3
nframe = 1 seed = 1506990597
patience = 2,0

0%   10   20   30   40   50   60   70   80   90   100%
|----|----|----|----|----|----|----|----|----|----|
***************************************************
best node n270 best error 0.000104093
area = 474, delay = 29.9
nframe = 1 seed = 3669557046
patience = 0,0

0%   10   20   30   40   50   60   70   80   90   100%
|----|----|----|----|----|----|----|----|----|----|
***************************************************
area = 474, delay = 29.9
nframe = 1 seed = 2868715413
patience = 1,0

0%   10   20   30   40   50   60   70   80   90   100%
|----|----|----|----|----|----|----|----|----|----|
***************************************************
area = 474, delay = 29.9
nframe = 1 seed = 3544215449
patience = 2,0

0%   10   20   30   40   50   60   70   80   90   100%
|----|----|----|----|----|----|----|----|----|----|
***************************************************
area = 474, delay = 29.9
nframe = 1 seed = 385882172
patience = 3,0

0%   10   20   30   40   50   60   70   80   90   100%
|----|----|----|----|----|----|----|----|----|----|
***************************************************
area = 474, delay = 29.9
nframe = 1 seed = 621851011
patience = 4,0

0%   10   20   30   40   50   60   70   80   90   100%
|----|----|----|----|----|----|----|----|----|----|
***************************************************
area = 474, delay = 29.9
[debug assert] src/dcals.cpp:63: Assertion '(0)' failed.
