Entered genlib library with 23 gates from file "data/genlib/mcnc.genlib".
Line 11: Skipping line ".default_input_arrival 0.00 0.00 ".
Line 12: Skipping line ".default_output_required 0.00 0.00 ".
Line 13: Skipping line ".default_input_drive 0.10 0.10 ".
Line 14: Skipping line ".default_output_load 2.00 ".
Line 15: Skipping line ".default_max_input_load 999.00 ".
nframe = 64 seed = 7931781
patience = 0,0

0%   10   20   30   40   50   60   70   80   90   100%
|----|----|----|----|----|----|----|----|----|----|
***************************************************
best node sum[0] best error 0
area = 1026, delay = 16.8
nframe = 64 seed = 943452881
patience = 0,0

0%   10   20   30   40   50   60   70   80   90   100%
|----|----|----|----|----|----|----|----|----|----|
***************************************************
best node n445 best error 0
area = 1031, delay = 16.8
nframe = 64 seed = 3577966805
patience = 0,0

0%   10   20   30   40   50   60   70   80   90   100%
|----|----|----|----|----|----|----|----|----|----|
***************************************************
best node n462 best error 0
area = 1030, delay = 16.6
nframe = 64 seed = 493084979
patience = 0,0

0%   10   20   30   40   50   60   70   80   90   100%
|----|----|----|----|----|----|----|----|----|----|
***************************************************
best node n477 best error 0
area = 1023, delay = 16.6
nframe = 64 seed = 557210686
patience = 0,0

0%   10   20   30   40   50   60   70   80   90   100%
|----|----|----|----|----|----|----|----|----|----|
***************************************************
best node n473 best error 0
area = 1017, delay = 16.6
nframe = 64 seed = 3864966271
patience = 0,0

0%   10   20   30   40   50   60   70   80   90   100%
|----|----|----|----|----|----|----|----|----|----|
***************************************************
best node n449 best error 0
area = 1013, delay = 16.6
nframe = 64 seed = 252395115
patience = 0,0

0%   10   20   30   40   50   60   70   80   90   100%
|----|----|----|----|----|----|----|----|----|----|
***************************************************
best node n489 best error 0
area = 1001, delay = 16.6
nframe = 64 seed = 1991529082
patience = 0,0

0%   10   20   30   40   50   60   70   80   90   100%
|----|----|----|----|----|----|----|----|----|----|
***************************************************
best node n505 best error 0
area = 994, delay = 16.4
nframe = 64 seed = 2741286883
patience = 0,0

0%   10   20   30   40   50   60   70   80   90   100%
|----|----|----|----|----|----|----|----|----|----|
***************************************************
best node n299 best error 0
area = 987, delay = 16.4
nframe = 64 seed = 1295291366
patience = 0,0

0%   10   20   30   40   50   60   70   80   90   100%
|----|----|----|----|----|----|----|----|----|----|
***************************************************
best node n514 best error 0
area = 970, delay = 17.1
nframe = 64 seed = 1338583281
patience = 0,0

0%   10   20   30   40   50   60   70   80   90   100%
|----|----|----|----|----|----|----|----|----|----|
***************************************************
best node n472 best error 0
area = 951, delay = 16.2
nframe = 64 seed = 2858717544
patience = 0,0

0%   10   20   30   40   50   60   70   80   90   100%
|----|----|----|----|----|----|----|----|----|----|
***************************************************
best node n528 best error 0
area = 945, delay = 15.9
nframe = 64 seed = 805836675
patience = 0,0

0%   10   20   30   40   50   60   70   80   90   100%
|----|----|----|----|----|----|----|----|----|----|
***************************************************
best node n492 best error 0
area = 944, delay = 15.9
nframe = 64 seed = 3023185161
patience = 0,0

0%   10   20   30   40   50   60   70   80   90   100%
|----|----|----|----|----|----|----|----|----|----|
***************************************************
best node n537 best error 0
area = 931, delay = 16.4
nframe = 64 seed = 3457050816
patience = 0,0

0%   10   20   30   40   50   60   70   80   90   100%
|----|----|----|----|----|----|----|----|----|----|
***************************************************
best node n555 best error 0
area = 921, delay = 16.4
nframe = 64 seed = 1206568697
patience = 0,0

0%   10   20   30   40   50   60   70   80   90   100%
|----|----|----|----|----|----|----|----|----|----|
***************************************************
best node n141 best error 1.85901e-10
area = 920, delay = 16.4
nframe = 64 seed = 2989698345
patience = 0,0

0%   10   20   30   40   50   60   70   80   90   100%
|----|----|----|----|----|----|----|----|----|----|
***************************************************
best node n548 best error 1.85901e-10
area = 919, delay = 16.2
nframe = 64 seed = 1397557695
patience = 0,0

0%   10   20   30   40   50   60   70   80   90   100%
|----|----|----|----|----|----|----|----|----|----|
***************************************************
best node n232 best error 9.77525e-10
area = 910, delay = 15.7
nframe = 64 seed = 1199072011
patience = 0,0

0%   10   20   30   40   50   60   70   80   90   100%
|----|----|----|----|----|----|----|----|----|----|
***************************************************
best node n148 best error 1.56906e-09
area = 900, delay = 15.7
nframe = 64 seed = 3773668983
patience = 0,0

0%   10   20   30   40   50   60   70   80   90   100%
|----|----|----|----|----|----|----|----|----|----|
***************************************************
best node n241 best error 2.33304e-09
area = 892, delay = 15.7
nframe = 64 seed = 1013943650
patience = 0,0

0%   10   20   30   40   50   60   70   80   90   100%
|----|----|----|----|----|----|----|----|----|----|
***************************************************
best node n159 best error 3.98468e-09
area = 872, delay = 15.5
nframe = 64 seed = 1425661789
patience = 0,0

0%   10   20   30   40   50   60   70   80   90   100%
|----|----|----|----|----|----|----|----|----|----|
***************************************************
best node n224 best error 6.12672e-09
area = 865, delay = 15.6
nframe = 64 seed = 3644526072
patience = 0,0

0%   10   20   30   40   50   60   70   80   90   100%
|----|----|----|----|----|----|----|----|----|----|
***************************************************
best node n240 best error 6.68551e-09
area = 861, delay = 17.6
nframe = 64 seed = 1005810122
patience = 0,0

0%   10   20   30   40   50   60   70   80   90   100%
|----|----|----|----|----|----|----|----|----|----|
***************************************************
best node n177 best error 8.9578e-09
area = 853, delay = 17.6
nframe = 64 seed = 73541661
patience = 0,0

0%   10   20   30   40   50   60   70   80   90   100%
|----|----|----|----|----|----|----|----|----|----|
***************************************************
best node n258 best error 1.24342e-08
area = 858, delay = 17.6
nframe = 64 seed = 1497115224
patience = 0,0

0%   10   20   30   40   50   60   70   80   90   100%
|----|----|----|----|----|----|----|----|----|----|
***************************************************
best node n518 best error 1.24342e-08
area = 855, delay = 17.6
nframe = 64 seed = 1948016990
patience = 0,0

0%   10   20   30   40   50   60   70   80   90   100%
|----|----|----|----|----|----|----|----|----|----|
***************************************************
best node n191 best error 1.33416e-08
area = 830, delay = 16.2
nframe = 64 seed = 190190375
patience = 0,0

0%   10   20   30   40   50   60   70   80   90   100%
|----|----|----|----|----|----|----|----|----|----|
***************************************************
best node n141 best error 1.30178e-08
area = 827, delay = 16.7
nframe = 64 seed = 2349909688
patience = 0,0

0%   10   20   30   40   50   60   70   80   90   100%
|----|----|----|----|----|----|----|----|----|----|
***************************************************
best node n279 best error 3.61095e-08
area = 823, delay = 16.8
nframe = 64 seed = 2038915389
patience = 0,0

0%   10   20   30   40   50   60   70   80   90   100%
|----|----|----|----|----|----|----|----|----|----|
***************************************************
best node n309 best error 1.55313e-07
area = 817, delay = 15.7
nframe = 64 seed = 67004288
patience = 0,0

0%   10   20   30   40   50   60   70   80   90   100%
|----|----|----|----|----|----|----|----|----|----|
***************************************************
best node n200 best error 1.80537e-07
area = 811, delay = 15.6
nframe = 64 seed = 805664210
patience = 0,0

0%   10   20   30   40   50   60   70   80   90   100%
|----|----|----|----|----|----|----|----|----|----|
***************************************************
best node n187 best error 1.84842e-07
area = 802, delay = 15.5
nframe = 64 seed = 1097530556
patience = 0,0

0%   10   20   30   40   50   60   70   80   90   100%
|----|----|----|----|----|----|----|----|----|----|
***************************************************
best node n239 best error 3.14766e-07
area = 799, delay = 15.5
nframe = 64 seed = 1569791971
patience = 0,0

0%   10   20   30   40   50   60   70   80   90   100%
|----|----|----|----|----|----|----|----|----|----|
***************************************************
best node n156 best error 3.15628e-07
area = 796, delay = 15.5
nframe = 64 seed = 4252665134
patience = 0,0

0%   10   20   30   40   50   60   70   80   90   100%
|----|----|----|----|----|----|----|----|----|----|
***************************************************
best node n170 best error 3.1647e-07
area = 791, delay = 15.5
nframe = 64 seed = 2665306364
patience = 0,0

0%   10   20   30   40   50   60   70   80   90   100%
|----|----|----|----|----|----|----|----|----|----|
***************************************************
best node n174 best error 3.14846e-07
area = 794, delay = 15.5
nframe = 64 seed = 4207678030
patience = 0,0

0%   10   20   30   40   50   60   70   80   90   100%
|----|----|----|----|----|----|----|----|----|----|
***************************************************
best node n213 best error 3.45544e-07
area = 775, delay = 16.4
nframe = 64 seed = 1514365331
patience = 0,0

0%   10   20   30   40   50   60   70   80   90   100%
|----|----|----|----|----|----|----|----|----|----|
***************************************************
best node n190 best error 3.49811e-07
area = 780, delay = 16.4
nframe = 64 seed = 3993408402
patience = 0,0

0%   10   20   30   40   50   60   70   80   90   100%
|----|----|----|----|----|----|----|----|----|----|
***************************************************
best node n296 best error 3.8558e-07
area = 778, delay = 15.5
nframe = 64 seed = 2263303970
patience = 0,0

0%   10   20   30   40   50   60   70   80   90   100%
|----|----|----|----|----|----|----|----|----|----|
***************************************************
best node n219 best error 3.69369e-07
area = 774, delay = 16.4
nframe = 64 seed = 2639069926
patience = 0,0

0%   10   20   30   40   50   60   70   80   90   100%
|----|----|----|----|----|----|----|----|----|----|
***************************************************
best node n171 best error 3.70747e-07
area = 765, delay = 16.4
nframe = 64 seed = 956344371
patience = 0,0

0%   10   20   30   40   50   60   70   80   90   100%
|----|----|----|----|----|----|----|----|----|----|
***************************************************
best node n135 best error 3.70772e-07
area = 760, delay = 16.4
nframe = 64 seed = 3018753128
patience = 0,0

0%   10   20   30   40   50   60   70   80   90   100%
|----|----|----|----|----|----|----|----|----|----|
***************************************************
best node n296 best error 4.87891e-07
area = 758, delay = 15.3
nframe = 64 seed = 3997428391
patience = 0,0

0%   10   20   30   40   50   60   70   80   90   100%
|----|----|----|----|----|----|----|----|----|----|
***************************************************
best node n199 best error 5.1936e-07
area = 755, delay = 15.3
nframe = 64 seed = 2188153280
patience = 0,0

0%   10   20   30   40   50   60   70   80   90   100%
|----|----|----|----|----|----|----|----|----|----|
***************************************************
best node n239 best error 6.3804e-07
area = 752, delay = 15.3
nframe = 64 seed = 1781512025
patience = 0,0

0%   10   20   30   40   50   60   70   80   90   100%
|----|----|----|----|----|----|----|----|----|----|
***************************************************
best node n152 best error 6.37445e-07
area = 749, delay = 15.3
nframe = 64 seed = 1169476804
patience = 0,0

0%   10   20   30   40   50   60   70   80   90   100%
|----|----|----|----|----|----|----|----|----|----|
***************************************************
best node n251 best error 1.0417e-06
area = 756, delay = 15.8
nframe = 64 seed = 3826741469
patience = 0,0

0%   10   20   30   40   50   60   70   80   90   100%
|----|----|----|----|----|----|----|----|----|----|
***************************************************
best node n308 best error 1.30533e-06
area = 745, delay = 14.9
nframe = 64 seed = 351036267
patience = 0,0

0%   10   20   30   40   50   60   70   80   90   100%
|----|----|----|----|----|----|----|----|----|----|
***************************************************
best node n186 best error 1.31004e-06
area = 746, delay = 14.9
nframe = 64 seed = 2675765533
patience = 0,0

0%   10   20   30   40   50   60   70   80   90   100%
|----|----|----|----|----|----|----|----|----|----|
***************************************************
best node n317 best error 1.59609e-06
area = 741, delay = 15.4
nframe = 64 seed = 1301341862
patience = 0,0

0%   10   20   30   40   50   60   70   80   90   100%
|----|----|----|----|----|----|----|----|----|----|
***************************************************
best node n283 best error 1.5693e-06
area = 727, delay = 15.9
nframe = 64 seed = 498912435
patience = 0,0

0%   10   20   30   40   50   60   70   80   90   100%
|----|----|----|----|----|----|----|----|----|----|
***************************************************
best node n275 best error 1.1078e-06
area = 720, delay = 15.3
nframe = 64 seed = 2167062013
patience = 0,0

0%   10   20   30   40   50   60   70   80   90   100%
|----|----|----|----|----|----|----|----|----|----|
***************************************************
best node n207 best error 1.12795e-06
area = 720, delay = 15.3
nframe = 64 seed = 3158542051
patience = 0,0

0%   10   20   30   40   50   60   70   80   90   100%
|----|----|----|----|----|----|----|----|----|----|
***************************************************
best node n335 best error 1.22331e-06
area = 725, delay = 14.9
nframe = 64 seed = 2230920559
patience = 0,0

0%   10   20   30   40   50   60   70   80   90   100%
|----|----|----|----|----|----|----|----|----|----|
***************************************************
best node n280 best error 1.22331e-06
area = 721, delay = 14.9
nframe = 64 seed = 1237026011
patience = 0,0

0%   10   20   30   40   50   60   70   80   90   100%
|----|----|----|----|----|----|----|----|----|----|
***************************************************
best node n327 best error 1.89221e-06
area = 713, delay = 16
nframe = 64 seed = 1581234795
patience = 0,0

0%   10   20   30   40   50   60   70   80   90   100%
|----|----|----|----|----|----|----|----|----|----|
***************************************************
best node n151 best error 1.89555e-06
area = 712, delay = 16
nframe = 64 seed = 1790391068
patience = 0,0

0%   10   20   30   40   50   60   70   80   90   100%
|----|----|----|----|----|----|----|----|----|----|
***************************************************
best node n205 best error 1.872e-06
area = 709, delay = 16
nframe = 64 seed = 1340585869
patience = 0,0

0%   10   20   30   40   50   60   70   80   90   100%
|----|----|----|----|----|----|----|----|----|----|
***************************************************
best node n224 best error 2.04663e-06
area = 709, delay = 16
nframe = 64 seed = 4248561068
patience = 0,0

0%   10   20   30   40   50   60   70   80   90   100%
|----|----|----|----|----|----|----|----|----|----|
***************************************************
best node n252 best error 6.6225e-06
area = 702, delay = 15.6
nframe = 64 seed = 2604474697
patience = 0,0

0%   10   20   30   40   50   60   70   80   90   100%
|----|----|----|----|----|----|----|----|----|----|
***************************************************
best node n240 best error 6.78457e-06
area = 707, delay = 16.3
nframe = 64 seed = 797502750
patience = 0,0

0%   10   20   30   40   50   60   70   80   90   100%
|----|----|----|----|----|----|----|----|----|----|
***************************************************
best node n303 best error 4.06912e-05
area = 694, delay = 16.8
nframe = 64 seed = 3426089076
patience = 0,0

0%   10   20   30   40   50   60   70   80   90   100%
|----|----|----|----|----|----|----|----|----|----|
***************************************************
best node n290 best error 4.07047e-05
area = 695, delay = 16.8
nframe = 64 seed = 501461196
patience = 0,0

0%   10   20   30   40   50   60   70   80   90   100%
|----|----|----|----|----|----|----|----|----|----|
***************************************************
best node n299 best error 3.40397e-05
area = 692, delay = 16.8
nframe = 64 seed = 3538853402
patience = 0,0

0%   10   20   30   40   50   60   70   80   90   100%
|----|----|----|----|----|----|----|----|----|----|
***************************************************
best node n204 best error 3.40815e-05
area = 688, delay = 16.8
nframe = 64 seed = 1408506935
patience = 0,0

0%   10   20   30   40   50   60   70   80   90   100%
|----|----|----|----|----|----|----|----|----|----|
***************************************************
best node n381 best error 9.92172e-05
area = 679, delay = 16.8
nframe = 64 seed = 3757336403
patience = 0,0

0%   10   20   30   40   50   60   70   80   90   100%
|----|----|----|----|----|----|----|----|----|----|
***************************************************
best node n338 best error 9.64531e-05
area = 675, delay = 16.8
nframe = 64 seed = 1176784521
patience = 0,0

0%   10   20   30   40   50   60   70   80   90   100%
|----|----|----|----|----|----|----|----|----|----|
***************************************************
best node n251 best error 9.64087e-05
area = 662, delay = 16.6
nframe = 64 seed = 1011834013
patience = 0,0

0%   10   20   30   40   50   60   70   80   90   100%
|----|----|----|----|----|----|----|----|----|----|
***************************************************
best node n389 best error 0.000120817
area = 652, delay = 15.5
nframe = 64 seed = 3772859439
patience = 0,0

0%   10   20   30   40   50   60   70   80   90   100%
|----|----|----|----|----|----|----|----|----|----|
***************************************************
best node n298 best error 0.000122864
area = 640, delay = 14.1
nframe = 64 seed = 3943780301
patience = 0,0

0%   10   20   30   40   50   60   70   80   90   100%
|----|----|----|----|----|----|----|----|----|----|
***************************************************
best node n349 best error 0.000183883
area = 636, delay = 14.7
nframe = 64 seed = 1703059601
patience = 0,0

0%   10   20   30   40   50   60   70   80   90   100%
|----|----|----|----|----|----|----|----|----|----|
***************************************************
best node n307 best error 0.000167862
area = 633, delay = 15
nframe = 64 seed = 1164031544
patience = 0,0

0%   10   20   30   40   50   60   70   80   90   100%
|----|----|----|----|----|----|----|----|----|----|
***************************************************
best node n241 best error 0.000167881
area = 631, delay = 15
nframe = 64 seed = 3953578133
patience = 0,0

0%   10   20   30   40   50   60   70   80   90   100%
|----|----|----|----|----|----|----|----|----|----|
***************************************************
best node n251 best error 0.000167761
area = 624, delay = 15
nframe = 64 seed = 2537988855
patience = 0,0

0%   10   20   30   40   50   60   70   80   90   100%
|----|----|----|----|----|----|----|----|----|----|
***************************************************
best node n315 best error 0.000176084
area = 618, delay = 14.9
nframe = 64 seed = 1490690870
patience = 0,0

0%   10   20   30   40   50   60   70   80   90   100%
|----|----|----|----|----|----|----|----|----|----|
***************************************************
best node n394 best error 0.00105498
area = 604, delay = 14.3
nframe = 64 seed = 4005111137
patience = 0,0

0%   10   20   30   40   50   60   70   80   90   100%
|----|----|----|----|----|----|----|----|----|----|
***************************************************
best node n380 best error 0.00481295
area = 601, delay = 14.3
nframe = 64 seed = 3948444779
patience = 0,0

0%   10   20   30   40   50   60   70   80   90   100%
|----|----|----|----|----|----|----|----|----|----|
***************************************************
best node n233 best error 0.00481294
area = 597, delay = 14.3
nframe = 64 seed = 3540408014
patience = 0,0

0%   10   20   30   40   50   60   70   80   90   100%
|----|----|----|----|----|----|----|----|----|----|
***************************************************
best node n209 best error 0.00481294
area = 597, delay = 14.3
nframe = 64 seed = 65402024
patience = 0,0

0%   10   20   30   40   50   60   70   80   90   100%
|----|----|----|----|----|----|----|----|----|----|
***************************************************
best node n389 best error 0.00481371
area = 587, delay = 14.3
nframe = 64 seed = 3258141750
patience = 0,0

0%   10   20   30   40   50   60   70   80   90   100%
|----|----|----|----|----|----|----|----|----|----|
***************************************************
area = 587, delay = 14.3
nframe = 64 seed = 3227879493
patience = 1,0

0%   10   20   30   40   50   60   70   80   90   100%
|----|----|----|----|----|----|----|----|----|----|
***************************************************
best node n167 best error 0.00481371
area = 586, delay = 14.3
nframe = 64 seed = 1944449318
patience = 0,0

0%   10   20   30   40   50   60   70   80   90   100%
|----|----|----|----|----|----|----|----|----|----|
***************************************************
best node n382 best error 0.011259
area = 557, delay = 17.1
nframe = 64 seed = 2069493597
patience = 0,0

0%   10   20   30   40   50   60   70   80   90   100%
|----|----|----|----|----|----|----|----|----|----|
***************************************************
best node n316 best error 0.011259
area = 561, delay = 14.7
nframe = 64 seed = 579844857
patience = 0,0

0%   10   20   30   40   50   60   70   80   90   100%
|----|----|----|----|----|----|----|----|----|----|
***************************************************
best node n163 best error 0.011259
area = 565, delay = 14.7
nframe = 64 seed = 3038646859
patience = 0,0

0%   10   20   30   40   50   60   70   80   90   100%
|----|----|----|----|----|----|----|----|----|----|
***************************************************
best node n361 best error 0.0195562
area = 557, delay = 14
nframe = 64 seed = 2372728795
patience = 0,0

0%   10   20   30   40   50   60   70   80   90   100%
|----|----|----|----|----|----|----|----|----|----|
***************************************************
area = 557, delay = 14
nframe = 64 seed = 3698049923
patience = 1,0

0%   10   20   30   40   50   60   70   80   90   100%
|----|----|----|----|----|----|----|----|----|----|
***************************************************
best node n218 best error 0.0195561
area = 548, delay = 14
nframe = 64 seed = 3416097812
patience = 0,0

0%   10   20   30   40   50   60   70   80   90   100%
|----|----|----|----|----|----|----|----|----|----|
***************************************************
area = 548, delay = 14
nframe = 64 seed = 4089809151
patience = 1,0

0%   10   20   30   40   50   60   70   80   90   100%
|----|----|----|----|----|----|----|----|----|----|
***************************************************
best node n358 best error 0.00764738
area = 548, delay = 14
nframe = 64 seed = 597315526
patience = 0,0

0%   10   20   30   40   50   60   70   80   90   100%
|----|----|----|----|----|----|----|----|----|----|
***************************************************
best node n304 best error 0.00783035
area = 547, delay = 14
nframe = 64 seed = 1813261159
patience = 0,0

0%   10   20   30   40   50   60   70   80   90   100%
|----|----|----|----|----|----|----|----|----|----|
***************************************************
area = 547, delay = 14
nframe = 64 seed = 4121422578
patience = 1,0

0%   10   20   30   40   50   60   70   80   90   100%
|----|----|----|----|----|----|----|----|----|----|
***************************************************
area = 547, delay = 14
nframe = 64 seed = 2029656404
patience = 2,0

0%   10   20   30   40   50   60   70   80   90   100%
|----|----|----|----|----|----|----|----|----|----|
***************************************************
area = 547, delay = 14
nframe = 64 seed = 2407333168
patience = 3,0

0%   10   20   30   40   50   60   70   80   90   100%
|----|----|----|----|----|----|----|----|----|----|
***************************************************
best node n134 best error 0.00783035
area = 546, delay = 14
nframe = 64 seed = 3059801918
patience = 0,0

0%   10   20   30   40   50   60   70   80   90   100%
|----|----|----|----|----|----|----|----|----|----|
***************************************************
best node n357 best error 0.0197122
area = 544, delay = 14
nframe = 64 seed = 567394436
patience = 0,0

0%   10   20   30   40   50   60   70   80   90   100%
|----|----|----|----|----|----|----|----|----|----|
***************************************************
best node n181 best error 0.0197122
area = 542, delay = 13.4
nframe = 64 seed = 687397709
patience = 0,0

0%   10   20   30   40   50   60   70   80   90   100%
|----|----|----|----|----|----|----|----|----|----|
***************************************************
area = 542, delay = 13.4
nframe = 64 seed = 1152257719
patience = 1,0

0%   10   20   30   40   50   60   70   80   90   100%
|----|----|----|----|----|----|----|----|----|----|
***************************************************
area = 542, delay = 13.4
nframe = 64 seed = 2315326338
patience = 2,0

0%   10   20   30   40   50   60   70   80   90   100%
|----|----|----|----|----|----|----|----|----|----|
***************************************************
area = 542, delay = 13.4
nframe = 64 seed = 1329100417
patience = 3,0

0%   10   20   30   40   50   60   70   80   90   100%
|----|----|----|----|----|----|----|----|----|----|
***************************************************
area = 542, delay = 13.4
nframe = 64 seed = 4018509065
patience = 4,0

0%   10   20   30   40   50   60   70   80   90   100%
|----|----|----|----|----|----|----|----|----|----|
***************************************************
area = 542, delay = 13.4
nframe = 32 seed = 3877791688
patience = 0,0

0%   10   20   30   40   50   60   70   80   90   100%
|----|----|----|----|----|----|----|----|----|----|
***************************************************
area = 542, delay = 13.4
nframe = 32 seed = 264272101
patience = 1,0

0%   10   20   30   40   50   60   70   80   90   100%
|----|----|----|----|----|----|----|----|----|----|
***************************************************
area = 542, delay = 13.4
nframe = 32 seed = 3085986727
patience = 2,0

0%   10   20   30   40   50   60   70   80   90   100%
|----|----|----|----|----|----|----|----|----|----|
***************************************************
area = 542, delay = 13.4
nframe = 32 seed = 3401351878
patience = 3,0

0%   10   20   30   40   50   60   70   80   90   100%
|----|----|----|----|----|----|----|----|----|----|
***************************************************
best node n334 best error 0.0257126
area = 511, delay = 16.4
nframe = 32 seed = 796780608
patience = 0,0

0%   10   20   30   40   50   60   70   80   90   100%
|----|----|----|----|----|----|----|----|----|----|
***************************************************
area = 511, delay = 16.4
nframe = 32 seed = 2323653500
patience = 1,0

0%   10   20   30   40   50   60   70   80   90   100%
|----|----|----|----|----|----|----|----|----|----|
***************************************************
area = 511, delay = 16.4
nframe = 32 seed = 895457960
patience = 2,0

0%   10   20   30   40   50   60   70   80   90   100%
|----|----|----|----|----|----|----|----|----|----|
***************************************************
best node n222 best error 0.0257127
area = 511, delay = 16.4
nframe = 32 seed = 3707490175
patience = 0,0

0%   10   20   30   40   50   60   70   80   90   100%
|----|----|----|----|----|----|----|----|----|----|
***************************************************
area = 511, delay = 16.4
nframe = 32 seed = 941481461
patience = 1,0

0%   10   20   30   40   50   60   70   80   90   100%
|----|----|----|----|----|----|----|----|----|----|
***************************************************
best node n285 best error 0.0258
area = 529, delay = 14
nframe = 32 seed = 3740425370
patience = 0,0

0%   10   20   30   40   50   60   70   80   90   100%
|----|----|----|----|----|----|----|----|----|----|
***************************************************
best node n300 best error 0.0258926
area = 508, delay = 16.1
nframe = 32 seed = 39893767
patience = 0,0

0%   10   20   30   40   50   60   70   80   90   100%
|----|----|----|----|----|----|----|----|----|----|
***************************************************
best node n300 best error 0.0265438
area = 500, delay = 17.4
nframe = 32 seed = 3351637430
patience = 0,0

0%   10   20   30   40   50   60   70   80   90   100%
|----|----|----|----|----|----|----|----|----|----|
***************************************************
area = 500, delay = 17.4
nframe = 32 seed = 1687859830
patience = 1,0

0%   10   20   30   40   50   60   70   80   90   100%
|----|----|----|----|----|----|----|----|----|----|
***************************************************
area = 500, delay = 17.4
nframe = 32 seed = 3647615051
patience = 2,0

0%   10   20   30   40   50   60   70   80   90   100%
|----|----|----|----|----|----|----|----|----|----|
***************************************************
area = 500, delay = 17.4
nframe = 32 seed = 1733114483
patience = 3,0

0%   10   20   30   40   50   60   70   80   90   100%
|----|----|----|----|----|----|----|----|----|----|
***************************************************
area = 500, delay = 17.4
nframe = 32 seed = 3822255450
patience = 4,0

0%   10   20   30   40   50   60   70   80   90   100%
|----|----|----|----|----|----|----|----|----|----|
***************************************************
best node n232 best error 0.0265435
area = 496, delay = 17.4
nframe = 32 seed = 3879493856
patience = 0,0

0%   10   20   30   40   50   60   70   80   90   100%
|----|----|----|----|----|----|----|----|----|----|
***************************************************
best node n267 best error 0.0265447
area = 487, delay = 17.4
nframe = 32 seed = 3192133068
patience = 0,0

0%   10   20   30   40   50   60   70   80   90   100%
|----|----|----|----|----|----|----|----|----|----|
***************************************************
area = 487, delay = 17.4
nframe = 32 seed = 2642099878
patience = 1,0

0%   10   20   30   40   50   60   70   80   90   100%
|----|----|----|----|----|----|----|----|----|----|
***************************************************
area = 487, delay = 17.4
nframe = 32 seed = 1726731841
patience = 2,0

0%   10   20   30   40   50   60   70   80   90   100%
|----|----|----|----|----|----|----|----|----|----|
***************************************************
area = 487, delay = 17.4
nframe = 32 seed = 258283992
patience = 3,0

0%   10   20   30   40   50   60   70   80   90   100%
|----|----|----|----|----|----|----|----|----|----|
***************************************************
area = 487, delay = 17.4
nframe = 32 seed = 1040843424
patience = 4,0

0%   10   20   30   40   50   60   70   80   90   100%
|----|----|----|----|----|----|----|----|----|----|
***************************************************
area = 487, delay = 17.4
nframe = 16 seed = 2648744210
patience = 0,0

0%   10   20   30   40   50   60   70   80   90   100%
|----|----|----|----|----|----|----|----|----|----|
***************************************************
best node n223 best error 0.0265458
area = 487, delay = 17.4
nframe = 16 seed = 1156351646
patience = 0,0

0%   10   20   30   40   50   60   70   80   90   100%
|----|----|----|----|----|----|----|----|----|----|
***************************************************
area = 487, delay = 17.4
nframe = 16 seed = 2474979163
patience = 1,0

0%   10   20   30   40   50   60   70   80   90   100%
|----|----|----|----|----|----|----|----|----|----|
***************************************************
area = 487, delay = 17.4
nframe = 16 seed = 1141047840
patience = 2,0

0%   10   20   30   40   50   60   70   80   90   100%
|----|----|----|----|----|----|----|----|----|----|
***************************************************
area = 487, delay = 17.4
nframe = 16 seed = 2107557845
patience = 3,0

0%   10   20   30   40   50   60   70   80   90   100%
|----|----|----|----|----|----|----|----|----|----|
***************************************************
area = 487, delay = 17.4
nframe = 16 seed = 3838180274
patience = 4,0

0%   10   20   30   40   50   60   70   80   90   100%
|----|----|----|----|----|----|----|----|----|----|
***************************************************
area = 487, delay = 17.4
nframe = 8 seed = 3949506225
patience = 0,0

0%   10   20   30   40   50   60   70   80   90   100%
|----|----|----|----|----|----|----|----|----|----|
***************************************************
best node n287 best error 0.0270281
area = 481, delay = 13.7
nframe = 8 seed = 1761267720
patience = 0,0

0%   10   20   30   40   50   60   70   80   90   100%
|----|----|----|----|----|----|----|----|----|----|
***************************************************
area = 481, delay = 13.7
nframe = 8 seed = 41169494
patience = 1,0

0%   10   20   30   40   50   60   70   80   90   100%
|----|----|----|----|----|----|----|----|----|----|
***************************************************
area = 481, delay = 13.7
nframe = 8 seed = 2736615394
patience = 2,0

0%   10   20   30   40   50   60   70   80   90   100%
|----|----|----|----|----|----|----|----|----|----|
***************************************************
area = 481, delay = 13.7
nframe = 8 seed = 3580829761
patience = 3,0

0%   10   20   30   40   50   60   70   80   90   100%
|----|----|----|----|----|----|----|----|----|----|
***************************************************
area = 481, delay = 13.7
nframe = 8 seed = 1347616021
patience = 4,0

0%   10   20   30   40   50   60   70   80   90   100%
|----|----|----|----|----|----|----|----|----|----|
***************************************************
area = 481, delay = 13.7
nframe = 4 seed = 2712358173
patience = 0,0

0%   10   20   30   40   50   60   70   80   90   100%
|----|----|----|----|----|----|----|----|----|----|
***************************************************
area = 481, delay = 13.7
nframe = 4 seed = 782031889
patience = 1,0

0%   10   20   30   40   50   60   70   80   90   100%
|----|----|----|----|----|----|----|----|----|----|
***************************************************
area = 481, delay = 13.7
nframe = 4 seed = 1690281584
patience = 2,0

0%   10   20   30   40   50   60   70   80   90   100%
|----|----|----|----|----|----|----|----|----|----|
***************************************************
area = 481, delay = 13.7
nframe = 4 seed = 4180007735
patience = 3,0

0%   10   20   30   40   50   60   70   80   90   100%
|----|----|----|----|----|----|----|----|----|----|
***************************************************
area = 481, delay = 13.7
nframe = 4 seed = 379289488
patience = 4,0

0%   10   20   30   40   50   60   70   80   90   100%
|----|----|----|----|----|----|----|----|----|----|
***************************************************
area = 481, delay = 13.7
nframe = 2 seed = 779137557
patience = 0,0

0%   10   20   30   40   50   60   70   80   90   100%
|----|----|----|----|----|----|----|----|----|----|
***************************************************
best node n150 best error 0.0270281
area = 480, delay = 13.7
nframe = 2 seed = 1077831615
patience = 0,0

0%   10   20   30   40   50   60   70   80   90   100%
|----|----|----|----|----|----|----|----|----|----|
***************************************************
area = 480, delay = 13.7
nframe = 2 seed = 3821560036
patience = 1,0

0%   10   20   30   40   50   60   70   80   90   100%
|----|----|----|----|----|----|----|----|----|----|
***************************************************
area = 480, delay = 13.7
nframe = 2 seed = 3793785185
patience = 2,0

0%   10   20   30   40   50   60   70   80   90   100%
|----|----|----|----|----|----|----|----|----|----|
***************************************************
area = 480, delay = 13.7
nframe = 2 seed = 3686859134
patience = 3,0

0%   10   20   30   40   50   60   70   80   90   100%
|----|----|----|----|----|----|----|----|----|----|
***************************************************
area = 480, delay = 13.7
nframe = 2 seed = 689642296
patience = 4,0

0%   10   20   30   40   50   60   70   80   90   100%
|----|----|----|----|----|----|----|----|----|----|
***************************************************
area = 480, delay = 13.7
nframe = 1 seed = 1643130827
patience = 0,0

0%   10   20   30   40   50   60   70   80   90   100%
|----|----|----|----|----|----|----|----|----|----|
***************************************************
area = 480, delay = 13.7
nframe = 1 seed = 3495706907
patience = 1,0

0%   10   20   30   40   50   60   70   80   90   100%
|----|----|----|----|----|----|----|----|----|----|
***************************************************
area = 480, delay = 13.7
nframe = 1 seed = 3082829672
patience = 2,0

0%   10   20   30   40   50   60   70   80   90   100%
|----|----|----|----|----|----|----|----|----|----|
***************************************************
area = 480, delay = 13.7
nframe = 1 seed = 151361028
patience = 3,0

0%   10   20   30   40   50   60   70   80   90   100%
|----|----|----|----|----|----|----|----|----|----|
***************************************************
area = 480, delay = 13.7
nframe = 1 seed = 776318128
patience = 4,0

0%   10   20   30   40   50   60   70   80   90   100%
|----|----|----|----|----|----|----|----|----|----|
***************************************************
area = 480, delay = 13.7
[debug assert] src/dcals.cpp:63: Assertion '(0)' failed.
