Entered genlib library with 23 gates from file "data/genlib/mcnc.genlib".
Line 7: Skipping line ".default_input_arrival 0.00 0.00 ".
Line 8: Skipping line ".default_output_required 0.00 0.00 ".
Line 9: Skipping line ".default_input_drive 0.10 0.10 ".
Line 10: Skipping line ".default_output_load 2.00 ".
Line 11: Skipping line ".default_max_input_load 999.00 ".
nframe = 64 seed = 1736943622
patience = 0,0

0%   10   20   30   40   50   60   70   80   90   100%
|----|----|----|----|----|----|----|----|----|----|
***************************************************
best node [167126] best error 0
area = 1037, delay = 35.2
nframe = 64 seed = 3894678187
patience = 0,0

0%   10   20   30   40   50   60   70   80   90   100%
|----|----|----|----|----|----|----|----|----|----|
***************************************************
best node n120 best error 3.60012e-06
area = 1031, delay = 35.3
nframe = 64 seed = 839777350
patience = 0,0

0%   10   20   30   40   50   60   70   80   90   100%
|----|----|----|----|----|----|----|----|----|----|
***************************************************
best node n85 best error 5.13792e-06
area = 1028, delay = 35.3
nframe = 64 seed = 1199532575
patience = 0,0

0%   10   20   30   40   50   60   70   80   90   100%
|----|----|----|----|----|----|----|----|----|----|
***************************************************
area = 1028, delay = 35.3
nframe = 64 seed = 4112780085
patience = 1,0

0%   10   20   30   40   50   60   70   80   90   100%
|----|----|----|----|----|----|----|----|----|----|
***************************************************
best node n260 best error 0.000345457
area = 1038, delay = 35.8
nframe = 64 seed = 4260967120
patience = 0,0

0%   10   20   30   40   50   60   70   80   90   100%
|----|----|----|----|----|----|----|----|----|----|
***************************************************
best node n304 best error 0.00034579
area = 1034, delay = 34.2
nframe = 64 seed = 3417127797
patience = 0,0

0%   10   20   30   40   50   60   70   80   90   100%
|----|----|----|----|----|----|----|----|----|----|
***************************************************
best node n105 best error 0.00094856
area = 1020, delay = 34.6
nframe = 64 seed = 662860851
patience = 0,0

0%   10   20   30   40   50   60   70   80   90   100%
|----|----|----|----|----|----|----|----|----|----|
***************************************************
best node n183 best error 0.000959384
area = 1018, delay = 34.6
nframe = 64 seed = 34539303
patience = 0,0

0%   10   20   30   40   50   60   70   80   90   100%
|----|----|----|----|----|----|----|----|----|----|
***************************************************
best node n223 best error 0.000814879
area = 1016, delay = 33.3
nframe = 64 seed = 3212891184
patience = 0,0

0%   10   20   30   40   50   60   70   80   90   100%
|----|----|----|----|----|----|----|----|----|----|
***************************************************
area = 1017, delay = 33.3
nframe = 64 seed = 3451575211
patience = 1,0

0%   10   20   30   40   50   60   70   80   90   100%
|----|----|----|----|----|----|----|----|----|----|
***************************************************
best node n241 best error 0.00081073
area = 1005, delay = 32.6
nframe = 64 seed = 4059566681
patience = 0,0

0%   10   20   30   40   50   60   70   80   90   100%
|----|----|----|----|----|----|----|----|----|----|
***************************************************
area = 1006, delay = 32.6
nframe = 64 seed = 2956546613
patience = 1,0

0%   10   20   30   40   50   60   70   80   90   100%
|----|----|----|----|----|----|----|----|----|----|
***************************************************
area = 1005, delay = 32.6
nframe = 64 seed = 2956438587
patience = 2,0

0%   10   20   30   40   50   60   70   80   90   100%
|----|----|----|----|----|----|----|----|----|----|
***************************************************
area = 1006, delay = 32.6
nframe = 64 seed = 533949741
patience = 3,0

0%   10   20   30   40   50   60   70   80   90   100%
|----|----|----|----|----|----|----|----|----|----|
***************************************************
best node n330 best error 0.00120648
area = 1003, delay = 31.6
nframe = 64 seed = 1819785115
patience = 0,0

0%   10   20   30   40   50   60   70   80   90   100%
|----|----|----|----|----|----|----|----|----|----|
***************************************************
area = 1005, delay = 31.6
nframe = 64 seed = 370863928
patience = 1,0

0%   10   20   30   40   50   60   70   80   90   100%
|----|----|----|----|----|----|----|----|----|----|
***************************************************
area = 1003, delay = 31.6
nframe = 64 seed = 2274426386
patience = 2,0

0%   10   20   30   40   50   60   70   80   90   100%
|----|----|----|----|----|----|----|----|----|----|
***************************************************
area = 1005, delay = 31.6
nframe = 64 seed = 958640847
patience = 3,0

0%   10   20   30   40   50   60   70   80   90   100%
|----|----|----|----|----|----|----|----|----|----|
***************************************************
area = 1003, delay = 31.6
nframe = 64 seed = 1175055267
patience = 4,0

0%   10   20   30   40   50   60   70   80   90   100%
|----|----|----|----|----|----|----|----|----|----|
***************************************************
best node n363 best error 0.00215133
area = 1002, delay = 32.8
nframe = 64 seed = 290033099
patience = 0,0

0%   10   20   30   40   50   60   70   80   90   100%
|----|----|----|----|----|----|----|----|----|----|
***************************************************
area = 1000, delay = 31.8
nframe = 64 seed = 61855361
patience = 1,0

0%   10   20   30   40   50   60   70   80   90   100%
|----|----|----|----|----|----|----|----|----|----|
***************************************************
area = 1002, delay = 32.8
nframe = 64 seed = 3270905959
patience = 2,0

0%   10   20   30   40   50   60   70   80   90   100%
|----|----|----|----|----|----|----|----|----|----|
***************************************************
best node n373 best error 0.00258754
area = 998, delay = 31.3
nframe = 64 seed = 4052087874
patience = 0,0

0%   10   20   30   40   50   60   70   80   90   100%
|----|----|----|----|----|----|----|----|----|----|
***************************************************
area = 999, delay = 31.3
nframe = 64 seed = 1811753092
patience = 1,0

0%   10   20   30   40   50   60   70   80   90   100%
|----|----|----|----|----|----|----|----|----|----|
***************************************************
best node n510 best error 0.0354083
area = 992, delay = 32.1
nframe = 64 seed = 1272574295
patience = 0,0

0%   10   20   30   40   50   60   70   80   90   100%
|----|----|----|----|----|----|----|----|----|----|
***************************************************
best node n36 best error 0.0354096
area = 991, delay = 32.3
nframe = 64 seed = 1747920764
patience = 0,0

0%   10   20   30   40   50   60   70   80   90   100%
|----|----|----|----|----|----|----|----|----|----|
***************************************************
area = 990, delay = 32.3
nframe = 64 seed = 2242795616
patience = 1,0

0%   10   20   30   40   50   60   70   80   90   100%
|----|----|----|----|----|----|----|----|----|----|
***************************************************
best node n361 best error 0.0360894
area = 887, delay = 37.5
nframe = 64 seed = 3058886271
patience = 0,0

0%   10   20   30   40   50   60   70   80   90   100%
|----|----|----|----|----|----|----|----|----|----|
***************************************************
best node n361 best error 0.0370848
area = 979, delay = 31.4
nframe = 64 seed = 4036761254
patience = 0,0

0%   10   20   30   40   50   60   70   80   90   100%
|----|----|----|----|----|----|----|----|----|----|
***************************************************
area = 980, delay = 31.4
nframe = 64 seed = 2112119347
patience = 1,0

0%   10   20   30   40   50   60   70   80   90   100%
|----|----|----|----|----|----|----|----|----|----|
***************************************************
best node n433 best error 0.0377873
area = 975, delay = 31.4
nframe = 64 seed = 941717286
patience = 0,0

0%   10   20   30   40   50   60   70   80   90   100%
|----|----|----|----|----|----|----|----|----|----|
***************************************************
best node n248 best error 0.0381164
area = 968, delay = 32.4
nframe = 64 seed = 1250841149
patience = 0,0

0%   10   20   30   40   50   60   70   80   90   100%
|----|----|----|----|----|----|----|----|----|----|
***************************************************
area = 967, delay = 32.4
nframe = 64 seed = 690877744
patience = 1,0

0%   10   20   30   40   50   60   70   80   90   100%
|----|----|----|----|----|----|----|----|----|----|
***************************************************
area = 968, delay = 32.4
nframe = 64 seed = 2973292118
patience = 2,0

0%   10   20   30   40   50   60   70   80   90   100%
|----|----|----|----|----|----|----|----|----|----|
***************************************************
area = 967, delay = 32.4
nframe = 64 seed = 552655181
patience = 3,0

0%   10   20   30   40   50   60   70   80   90   100%
|----|----|----|----|----|----|----|----|----|----|
***************************************************
area = 968, delay = 32.4
nframe = 64 seed = 4035052467
patience = 4,0

0%   10   20   30   40   50   60   70   80   90   100%
|----|----|----|----|----|----|----|----|----|----|
***************************************************
best node n501 best error 0.0692186
area = 965, delay = 32.4
nframe = 64 seed = 3041902615
patience = 0,0

0%   10   20   30   40   50   60   70   80   90   100%
|----|----|----|----|----|----|----|----|----|----|
***************************************************
best node n278 best error 0.0693706
area = 964, delay = 32.4
nframe = 64 seed = 441167278
patience = 0,0

0%   10   20   30   40   50   60   70   80   90   100%
|----|----|----|----|----|----|----|----|----|----|
***************************************************
area = 963, delay = 32.4
nframe = 64 seed = 1198182252
patience = 1,0

0%   10   20   30   40   50   60   70   80   90   100%
|----|----|----|----|----|----|----|----|----|----|
***************************************************
area = 964, delay = 32.4
nframe = 64 seed = 933465186
patience = 2,0

0%   10   20   30   40   50   60   70   80   90   100%
|----|----|----|----|----|----|----|----|----|----|
***************************************************
area = 963, delay = 32.4
nframe = 64 seed = 1608726452
patience = 3,0

0%   10   20   30   40   50   60   70   80   90   100%
|----|----|----|----|----|----|----|----|----|----|
***************************************************
best node n244 best error 0.0694407
area = 959, delay = 33.6
nframe = 64 seed = 1734167951
patience = 0,0

0%   10   20   30   40   50   60   70   80   90   100%
|----|----|----|----|----|----|----|----|----|----|
***************************************************
area = 959, delay = 33.6
nframe = 64 seed = 538328821
patience = 1,0

0%   10   20   30   40   50   60   70   80   90   100%
|----|----|----|----|----|----|----|----|----|----|
***************************************************
area = 959, delay = 33.6
nframe = 64 seed = 323882877
patience = 2,0

0%   10   20   30   40   50   60   70   80   90   100%
|----|----|----|----|----|----|----|----|----|----|
***************************************************
area = 959, delay = 33.6
nframe = 64 seed = 3594827400
patience = 3,0

0%   10   20   30   40   50   60   70   80   90   100%
|----|----|----|----|----|----|----|----|----|----|
***************************************************
best node n489 best error 0.077519
area = 952, delay = 33.2
nframe = 64 seed = 405755243
patience = 0,0

0%   10   20   30   40   50   60   70   80   90   100%
|----|----|----|----|----|----|----|----|----|----|
***************************************************
best node n425 best error 0.0792014
area = 952, delay = 33.2
nframe = 64 seed = 2851104284
patience = 0,0

0%   10   20   30   40   50   60   70   80   90   100%
|----|----|----|----|----|----|----|----|----|----|
***************************************************
best node n426 best error 0.0782098
area = 953, delay = 33.2
nframe = 64 seed = 2164316032
patience = 0,0

0%   10   20   30   40   50   60   70   80   90   100%
|----|----|----|----|----|----|----|----|----|----|
***************************************************
best node n498 best error 0.0725091
area = 952, delay = 33.4
nframe = 64 seed = 1723124435
patience = 0,0

0%   10   20   30   40   50   60   70   80   90   100%
|----|----|----|----|----|----|----|----|----|----|
***************************************************
best node n480 best error 0.0777833
area = 950, delay = 33.4
nframe = 64 seed = 60293404
patience = 0,0

0%   10   20   30   40   50   60   70   80   90   100%
|----|----|----|----|----|----|----|----|----|----|
***************************************************
area = 950, delay = 33.4
nframe = 64 seed = 3430408621
patience = 1,0

0%   10   20   30   40   50   60   70   80   90   100%
|----|----|----|----|----|----|----|----|----|----|
***************************************************
area = 950, delay = 33.4
nframe = 64 seed = 2759605495
patience = 2,0

0%   10   20   30   40   50   60   70   80   90   100%
|----|----|----|----|----|----|----|----|----|----|
***************************************************
area = 950, delay = 33.4
nframe = 64 seed = 987590718
patience = 3,0

0%   10   20   30   40   50   60   70   80   90   100%
|----|----|----|----|----|----|----|----|----|----|
***************************************************
area = 950, delay = 33.4
nframe = 64 seed = 625680865
patience = 4,0

0%   10   20   30   40   50   60   70   80   90   100%
|----|----|----|----|----|----|----|----|----|----|
***************************************************
best node n79 best error 0.0783723
area = 943, delay = 33.7
nframe = 64 seed = 469870985
patience = 0,0

0%   10   20   30   40   50   60   70   80   90   100%
|----|----|----|----|----|----|----|----|----|----|
***************************************************
area = 944, delay = 33.7
nframe = 64 seed = 40972265
patience = 1,0

0%   10   20   30   40   50   60   70   80   90   100%
|----|----|----|----|----|----|----|----|----|----|
***************************************************
area = 943, delay = 33.7
nframe = 64 seed = 1607981054
patience = 2,0

0%   10   20   30   40   50   60   70   80   90   100%
|----|----|----|----|----|----|----|----|----|----|
***************************************************
area = 944, delay = 33.7
nframe = 64 seed = 168171071
patience = 3,0

0%   10   20   30   40   50   60   70   80   90   100%
|----|----|----|----|----|----|----|----|----|----|
***************************************************
best node n349 best error 0.0790707
area = 948, delay = 31.9
nframe = 64 seed = 3273778709
patience = 0,0

0%   10   20   30   40   50   60   70   80   90   100%
|----|----|----|----|----|----|----|----|----|----|
***************************************************
area = 949, delay = 31.9
nframe = 64 seed = 2117118326
patience = 1,0

0%   10   20   30   40   50   60   70   80   90   100%
|----|----|----|----|----|----|----|----|----|----|
***************************************************
area = 948, delay = 31.9
nframe = 64 seed = 1553723794
patience = 2,0

0%   10   20   30   40   50   60   70   80   90   100%
|----|----|----|----|----|----|----|----|----|----|
***************************************************
area = 949, delay = 31.9
nframe = 64 seed = 2436946822
patience = 3,0

0%   10   20   30   40   50   60   70   80   90   100%
|----|----|----|----|----|----|----|----|----|----|
***************************************************
area = 948, delay = 31.9
nframe = 64 seed = 1403540087
patience = 4,0

0%   10   20   30   40   50   60   70   80   90   100%
|----|----|----|----|----|----|----|----|----|----|
***************************************************
best node n333 best error 0.0799366
area = 945, delay = 32.3
nframe = 64 seed = 2997291383
patience = 0,0

0%   10   20   30   40   50   60   70   80   90   100%
|----|----|----|----|----|----|----|----|----|----|
***************************************************
area = 946, delay = 32.7
nframe = 64 seed = 3995398438
patience = 1,0

0%   10   20   30   40   50   60   70   80   90   100%
|----|----|----|----|----|----|----|----|----|----|
***************************************************
area = 945, delay = 32.3
nframe = 64 seed = 2476091534
patience = 2,0

0%   10   20   30   40   50   60   70   80   90   100%
|----|----|----|----|----|----|----|----|----|----|
***************************************************
area = 946, delay = 32.7
nframe = 64 seed = 1986637668
patience = 3,0

0%   10   20   30   40   50   60   70   80   90   100%
|----|----|----|----|----|----|----|----|----|----|
***************************************************
area = 945, delay = 32.3
nframe = 64 seed = 4008531702
patience = 4,0

0%   10   20   30   40   50   60   70   80   90   100%
|----|----|----|----|----|----|----|----|----|----|
***************************************************
area = 946, delay = 32.7
nframe = 32 seed = 1235310499
patience = 0,0

0%   10   20   30   40   50   60   70   80   90   100%
|----|----|----|----|----|----|----|----|----|----|
***************************************************
area = 945, delay = 32.3
nframe = 32 seed = 4028125220
patience = 1,0

0%   10   20   30   40   50   60   70   80   90   100%
|----|----|----|----|----|----|----|----|----|----|
***************************************************
best node n297 best error 0.0816186
area = 944, delay = 31.6
nframe = 32 seed = 609930523
patience = 0,0

0%   10   20   30   40   50   60   70   80   90   100%
|----|----|----|----|----|----|----|----|----|----|
***************************************************
best node n78 best error 0.0816219
area = 940, delay = 31.6
nframe = 32 seed = 745647542
patience = 0,0

0%   10   20   30   40   50   60   70   80   90   100%
|----|----|----|----|----|----|----|----|----|----|
***************************************************
area = 941, delay = 31.6
nframe = 32 seed = 1432583460
patience = 1,0

0%   10   20   30   40   50   60   70   80   90   100%
|----|----|----|----|----|----|----|----|----|----|
***************************************************
best node n470 best error 0.0876576
area = 937, delay = 32.5
nframe = 32 seed = 1837561305
patience = 0,0

0%   10   20   30   40   50   60   70   80   90   100%
|----|----|----|----|----|----|----|----|----|----|
***************************************************
area = 938, delay = 32.5
nframe = 32 seed = 2127294241
patience = 1,0

0%   10   20   30   40   50   60   70   80   90   100%
|----|----|----|----|----|----|----|----|----|----|
***************************************************
area = 937, delay = 32.5
nframe = 32 seed = 1880776601
patience = 2,0

0%   10   20   30   40   50   60   70   80   90   100%
|----|----|----|----|----|----|----|----|----|----|
***************************************************
area = 938, delay = 32.5
nframe = 32 seed = 2194535686
patience = 3,0

0%   10   20   30   40   50   60   70   80   90   100%
|----|----|----|----|----|----|----|----|----|----|
***************************************************
area = 937, delay = 32.5
nframe = 32 seed = 1004242101
patience = 4,0

0%   10   20   30   40   50   60   70   80   90   100%
|----|----|----|----|----|----|----|----|----|----|
***************************************************
area = 938, delay = 32.5
nframe = 16 seed = 1840302221
patience = 0,0

0%   10   20   30   40   50   60   70   80   90   100%
|----|----|----|----|----|----|----|----|----|----|
***************************************************
area = 937, delay = 32.5
nframe = 16 seed = 1296401851
patience = 1,0

0%   10   20   30   40   50   60   70   80   90   100%
|----|----|----|----|----|----|----|----|----|----|
***************************************************
best node n215 best error 0.0875218
area = 934, delay = 32.4
nframe = 16 seed = 2040589931
patience = 0,0

0%   10   20   30   40   50   60   70   80   90   100%
|----|----|----|----|----|----|----|----|----|----|
***************************************************
best node n101 best error 0.0875231
area = 937, delay = 31.6
nframe = 16 seed = 3022773122
patience = 0,0

0%   10   20   30   40   50   60   70   80   90   100%
|----|----|----|----|----|----|----|----|----|----|
***************************************************
area = 937, delay = 31.6
nframe = 16 seed = 127344829
patience = 1,0

0%   10   20   30   40   50   60   70   80   90   100%
|----|----|----|----|----|----|----|----|----|----|
***************************************************
area = 937, delay = 31.6
nframe = 16 seed = 2546081406
patience = 2,0

0%   10   20   30   40   50   60   70   80   90   100%
|----|----|----|----|----|----|----|----|----|----|
***************************************************
best node n324 best error 0.087684
area = 928, delay = 33.2
nframe = 16 seed = 478054893
patience = 0,0

0%   10   20   30   40   50   60   70   80   90   100%
|----|----|----|----|----|----|----|----|----|----|
***************************************************
best node n140 best error 0.0876871
area = 917, delay = 34.2
nframe = 16 seed = 544664310
patience = 0,0

0%   10   20   30   40   50   60   70   80   90   100%
|----|----|----|----|----|----|----|----|----|----|
***************************************************
area = 918, delay = 34.2
nframe = 16 seed = 1054414967
patience = 1,0

0%   10   20   30   40   50   60   70   80   90   100%
|----|----|----|----|----|----|----|----|----|----|
***************************************************
area = 917, delay = 34.2
nframe = 16 seed = 481336503
patience = 2,0

0%   10   20   30   40   50   60   70   80   90   100%
|----|----|----|----|----|----|----|----|----|----|
***************************************************
area = 918, delay = 34.2
nframe = 16 seed = 2350910873
patience = 3,0

0%   10   20   30   40   50   60   70   80   90   100%
|----|----|----|----|----|----|----|----|----|----|
***************************************************
area = 917, delay = 34.2
nframe = 16 seed = 3606938765
patience = 4,0

0%   10   20   30   40   50   60   70   80   90   100%
|----|----|----|----|----|----|----|----|----|----|
***************************************************
best node n42 best error 0.0876908
area = 917, delay = 34.2
nframe = 16 seed = 2479520206
patience = 0,0

0%   10   20   30   40   50   60   70   80   90   100%
|----|----|----|----|----|----|----|----|----|----|
***************************************************
best node n141 best error 0.0876899
area = 909, delay = 34.2
nframe = 16 seed = 1993907459
patience = 0,0

0%   10   20   30   40   50   60   70   80   90   100%
|----|----|----|----|----|----|----|----|----|----|
***************************************************
area = 910, delay = 34.2
nframe = 16 seed = 3640887920
patience = 1,0

0%   10   20   30   40   50   60   70   80   90   100%
|----|----|----|----|----|----|----|----|----|----|
***************************************************
area = 909, delay = 34.2
nframe = 16 seed = 1825927605
patience = 2,0

0%   10   20   30   40   50   60   70   80   90   100%
|----|----|----|----|----|----|----|----|----|----|
***************************************************
area = 910, delay = 34.2
nframe = 16 seed = 361907837
patience = 3,0

0%   10   20   30   40   50   60   70   80   90   100%
|----|----|----|----|----|----|----|----|----|----|
***************************************************
area = 909, delay = 34.2
nframe = 16 seed = 1472108485
patience = 4,0

0%   10   20   30   40   50   60   70   80   90   100%
|----|----|----|----|----|----|----|----|----|----|
***************************************************
area = 910, delay = 34.2
nframe = 8 seed = 4257240961
patience = 0,0

0%   10   20   30   40   50   60   70   80   90   100%
|----|----|----|----|----|----|----|----|----|----|
***************************************************
best node n463 best error 0.095884
area = 909, delay = 34.2
nframe = 8 seed = 847690989
patience = 0,0

0%   10   20   30   40   50   60   70   80   90   100%
|----|----|----|----|----|----|----|----|----|----|
***************************************************
area = 910, delay = 34.2
nframe = 8 seed = 2155401618
patience = 1,0

0%   10   20   30   40   50   60   70   80   90   100%
|----|----|----|----|----|----|----|----|----|----|
***************************************************
best node n470 best error 0.111653
area = 905, delay = 34.9
nframe = 8 seed = 1983346299
patience = 0,0

0%   10   20   30   40   50   60   70   80   90   100%
|----|----|----|----|----|----|----|----|----|----|
***************************************************
area = 906, delay = 34.9
nframe = 8 seed = 892199579
patience = 1,0

0%   10   20   30   40   50   60   70   80   90   100%
|----|----|----|----|----|----|----|----|----|----|
***************************************************
area = 905, delay = 34.9
nframe = 8 seed = 3010030671
patience = 2,0

0%   10   20   30   40   50   60   70   80   90   100%
|----|----|----|----|----|----|----|----|----|----|
***************************************************
best node n410 best error 0.11705
area = 901, delay = 34.9
nframe = 8 seed = 270790110
patience = 0,0

0%   10   20   30   40   50   60   70   80   90   100%
|----|----|----|----|----|----|----|----|----|----|
***************************************************
best node n219 best error 0.117258
area = 894, delay = 34.9
nframe = 8 seed = 3846775207
patience = 0,0

0%   10   20   30   40   50   60   70   80   90   100%
|----|----|----|----|----|----|----|----|----|----|
***************************************************
area = 896, delay = 34.9
nframe = 8 seed = 1458540327
patience = 1,0

0%   10   20   30   40   50   60   70   80   90   100%
|----|----|----|----|----|----|----|----|----|----|
***************************************************
area = 894, delay = 34.9
nframe = 8 seed = 3579493482
patience = 2,0

0%   10   20   30   40   50   60   70   80   90   100%
|----|----|----|----|----|----|----|----|----|----|
***************************************************
area = 896, delay = 34.9
nframe = 8 seed = 1062724185
patience = 3,0

0%   10   20   30   40   50   60   70   80   90   100%
|----|----|----|----|----|----|----|----|----|----|
***************************************************
best node n220 best error 0.117272
area = 896, delay = 34.9
nframe = 8 seed = 990943493
patience = 0,0

0%   10   20   30   40   50   60   70   80   90   100%
|----|----|----|----|----|----|----|----|----|----|
***************************************************
best node n78 best error 0.117272
area = 893, delay = 34.9
nframe = 8 seed = 3328040522
patience = 0,0

0%   10   20   30   40   50   60   70   80   90   100%
|----|----|----|----|----|----|----|----|----|----|
***************************************************
area = 892, delay = 34.9
nframe = 8 seed = 2348291103
patience = 1,0

0%   10   20   30   40   50   60   70   80   90   100%
|----|----|----|----|----|----|----|----|----|----|
***************************************************
area = 893, delay = 34.9
nframe = 8 seed = 434631011
patience = 2,0

0%   10   20   30   40   50   60   70   80   90   100%
|----|----|----|----|----|----|----|----|----|----|
***************************************************
best node n210 best error 0.117342
area = 889, delay = 34.9
nframe = 8 seed = 945514302
patience = 0,0

0%   10   20   30   40   50   60   70   80   90   100%
|----|----|----|----|----|----|----|----|----|----|
***************************************************
area = 890, delay = 34.9
nframe = 8 seed = 165568954
patience = 1,0

0%   10   20   30   40   50   60   70   80   90   100%
|----|----|----|----|----|----|----|----|----|----|
***************************************************
area = 889, delay = 34.9
nframe = 8 seed = 1571085344
patience = 2,0

0%   10   20   30   40   50   60   70   80   90   100%
|----|----|----|----|----|----|----|----|----|----|
***************************************************
best node n304 best error 0.118009
area = 891, delay = 34.9
nframe = 8 seed = 412289117
patience = 0,0

0%   10   20   30   40   50   60   70   80   90   100%
|----|----|----|----|----|----|----|----|----|----|
***************************************************
area = 890, delay = 34.9
nframe = 8 seed = 33429692
patience = 1,0

0%   10   20   30   40   50   60   70   80   90   100%
|----|----|----|----|----|----|----|----|----|----|
***************************************************
area = 891, delay = 34.9
nframe = 8 seed = 3350293851
patience = 2,0

0%   10   20   30   40   50   60   70   80   90   100%
|----|----|----|----|----|----|----|----|----|----|
***************************************************
area = 890, delay = 34.9
nframe = 8 seed = 885702574
patience = 3,0

0%   10   20   30   40   50   60   70   80   90   100%
|----|----|----|----|----|----|----|----|----|----|
***************************************************
area = 891, delay = 34.9
nframe = 8 seed = 154007432
patience = 4,0

0%   10   20   30   40   50   60   70   80   90   100%
|----|----|----|----|----|----|----|----|----|----|
***************************************************
area = 890, delay = 34.9
nframe = 4 seed = 167366110
patience = 0,0

0%   10   20   30   40   50   60   70   80   90   100%
|----|----|----|----|----|----|----|----|----|----|
***************************************************
area = 891, delay = 34.9
nframe = 4 seed = 3805124894
patience = 1,0

0%   10   20   30   40   50   60   70   80   90   100%
|----|----|----|----|----|----|----|----|----|----|
***************************************************
area = 890, delay = 34.9
nframe = 4 seed = 2332382591
patience = 2,0

0%   10   20   30   40   50   60   70   80   90   100%
|----|----|----|----|----|----|----|----|----|----|
***************************************************
area = 891, delay = 34.9
nframe = 4 seed = 4083724793
patience = 3,0

0%   10   20   30   40   50   60   70   80   90   100%
|----|----|----|----|----|----|----|----|----|----|
***************************************************
area = 890, delay = 34.9
nframe = 4 seed = 26019799
patience = 4,0

0%   10   20   30   40   50   60   70   80   90   100%
|----|----|----|----|----|----|----|----|----|----|
***************************************************
area = 891, delay = 34.9
nframe = 2 seed = 156717169
patience = 0,0

0%   10   20   30   40   50   60   70   80   90   100%
|----|----|----|----|----|----|----|----|----|----|
***************************************************
area = 890, delay = 34.9
nframe = 2 seed = 1066241840
patience = 1,0

0%   10   20   30   40   50   60   70   80   90   100%
|----|----|----|----|----|----|----|----|----|----|
***************************************************
area = 891, delay = 34.9
nframe = 2 seed = 2917010849
patience = 2,0

0%   10   20   30   40   50   60   70   80   90   100%
|----|----|----|----|----|----|----|----|----|----|
***************************************************
area = 890, delay = 34.9
nframe = 2 seed = 1751281969
patience = 3,0

0%   10   20   30   40   50   60   70   80   90   100%
|----|----|----|----|----|----|----|----|----|----|
***************************************************
area = 891, delay = 34.9
nframe = 2 seed = 2766063643
patience = 4,0

0%   10   20   30   40   50   60   70   80   90   100%
|----|----|----|----|----|----|----|----|----|----|
***************************************************
area = 890, delay = 34.9
nframe = 1 seed = 1397036854
patience = 0,0

0%   10   20   30   40   50   60   70   80   90   100%
|----|----|----|----|----|----|----|----|----|----|
***************************************************
best node n208 best error 0.118026
area = 886, delay = 34.9
nframe = 1 seed = 4093713009
patience = 0,0

0%   10   20   30   40   50   60   70   80   90   100%
|----|----|----|----|----|----|----|----|----|----|
***************************************************
area = 885, delay = 34.9
nframe = 1 seed = 3354281887
patience = 1,0

0%   10   20   30   40   50   60   70   80   90   100%
|----|----|----|----|----|----|----|----|----|----|
***************************************************
area = 886, delay = 34.9
nframe = 1 seed = 2207277914
patience = 2,0

0%   10   20   30   40   50   60   70   80   90   100%
|----|----|----|----|----|----|----|----|----|----|
***************************************************
area = 885, delay = 34.9
nframe = 1 seed = 4275048746
patience = 3,0

0%   10   20   30   40   50   60   70   80   90   100%
|----|----|----|----|----|----|----|----|----|----|
***************************************************
area = 886, delay = 34.9
nframe = 1 seed = 3114536092
patience = 4,0

0%   10   20   30   40   50   60   70   80   90   100%
|----|----|----|----|----|----|----|----|----|----|
***************************************************
area = 885, delay = 34.9
[debug assert] src/dcals.cpp:63: Assertion '(0)' failed.
