Entered genlib library with 23 gates from file "data/genlib/mcnc.genlib".
Original area = 666, original delay = 16.1

round 0
seed = 0 patienceN = 0 patienceM = 0 frameNumber = 64 nLocalPI = 30

0%   10   20   30   40   50   60   70   80   90   100%
|----|----|----|----|----|----|----|----|----|----|
***************************************************
best node n102 best error 0
time = 7980359
area = 713
delay = 16.1
write_blif appntk/rca32_0_0_713_16.1.blif

round 1
seed = 1567439900 patienceN = 0 patienceM = 0 frameNumber = 64 nLocalPI = 30

0%   10   20   30   40   50   60   70   80   90   100%
|----|----|----|----|----|----|----|----|----|----|
***************************************************
best node n371 best error 0.000117187
time = 11092647
area = 641
delay = 16
write_blif appntk/rca32_1_0.000117187_641_16.blif

round 2
seed = 1567439908 patienceN = 0 patienceM = 0 frameNumber = 64 nLocalPI = 30

0%   10   20   30   40   50   60   70   80   90   100%
|----|----|----|----|----|----|----|----|----|----|
***************************************************
change patienceM
time = 14212213
area = 641
delay = 16
write_blif appntk/rca32_2_0.000117187_641_16.blif

round 3
seed = 1567439911 patienceN = 0 patienceM = 1 frameNumber = 64 nLocalPI = 30

0%   10   20   30   40   50   60   70   80   90   100%
|----|----|----|----|----|----|----|----|----|----|
***************************************************
change patienceM
time = 17698141
area = 641
delay = 16
write_blif appntk/rca32_3_0.000117187_641_16.blif

round 4
seed = 1567439915 patienceN = 0 patienceM = 2 frameNumber = 64 nLocalPI = 30

0%   10   20   30   40   50   60   70   80   90   100%
|----|----|----|----|----|----|----|----|----|----|
***************************************************
change patienceM
time = 20633963
area = 641
delay = 16
write_blif appntk/rca32_4_0.000117187_641_16.blif

round 5
seed = 1567439918 patienceN = 0 patienceM = 0 frameNumber = 64 nLocalPI = 29

0%   10   20   30   40   50   60   70   80   90   100%
|----|----|----|----|----|----|----|----|----|----|
***************************************************
change patienceM
time = 23997774
area = 641
delay = 16
write_blif appntk/rca32_5_0.000117187_641_16.blif

round 6
seed = 1567439921 patienceN = 0 patienceM = 1 frameNumber = 64 nLocalPI = 29

0%   10   20   30   40   50   60   70   80   90   100%
|----|----|----|----|----|----|----|----|----|----|
***************************************************
change patienceM
time = 26668823
area = 641
delay = 16
write_blif appntk/rca32_6_0.000117187_641_16.blif

round 7
seed = 1567439924 patienceN = 0 patienceM = 2 frameNumber = 64 nLocalPI = 29

0%   10   20   30   40   50   60   70   80   90   100%
|----|----|----|----|----|----|----|----|----|----|
***************************************************
change patienceM
time = 29591936
area = 641
delay = 16
write_blif appntk/rca32_7_0.000117187_641_16.blif

round 8
seed = 1567439927 patienceN = 0 patienceM = 0 frameNumber = 64 nLocalPI = 28

0%   10   20   30   40   50   60   70   80   90   100%
|----|----|----|----|----|----|----|----|----|----|
***************************************************
change patienceM
time = 32467346
area = 641
delay = 16
write_blif appntk/rca32_8_0.000117187_641_16.blif

round 9
seed = 1567439930 patienceN = 0 patienceM = 1 frameNumber = 64 nLocalPI = 28

0%   10   20   30   40   50   60   70   80   90   100%
|----|----|----|----|----|----|----|----|----|----|
***************************************************
change patienceM
time = 35256484
area = 641
delay = 16
write_blif appntk/rca32_9_0.000117187_641_16.blif

round 10
seed = 1567439933 patienceN = 0 patienceM = 2 frameNumber = 64 nLocalPI = 28

0%   10   20   30   40   50   60   70   80   90   100%
|----|----|----|----|----|----|----|----|----|----|
***************************************************
change patienceM
time = 38549384
area = 641
delay = 16
write_blif appntk/rca32_10_0.000117187_641_16.blif

round 11
seed = 1567439936 patienceN = 0 patienceM = 0 frameNumber = 64 nLocalPI = 27

0%   10   20   30   40   50   60   70   80   90   100%
|----|----|----|----|----|----|----|----|----|----|
***************************************************
change patienceM
time = 41114482
area = 641
delay = 16
write_blif appntk/rca32_11_0.000117187_641_16.blif

round 12
seed = 1567439939 patienceN = 0 patienceM = 1 frameNumber = 64 nLocalPI = 27

0%   10   20   30   40   50   60   70   80   90   100%
|----|----|----|----|----|----|----|----|----|----|
***************************************************
change patienceM
time = 43982250
area = 641
delay = 16
write_blif appntk/rca32_12_0.000117187_641_16.blif

round 13
seed = 1567439942 patienceN = 0 patienceM = 2 frameNumber = 64 nLocalPI = 27

0%   10   20   30   40   50   60   70   80   90   100%
|----|----|----|----|----|----|----|----|----|----|
***************************************************
change patienceM
time = 46640138
area = 641
delay = 16
write_blif appntk/rca32_13_0.000117187_641_16.blif

round 14
seed = 1567439945 patienceN = 0 patienceM = 0 frameNumber = 64 nLocalPI = 26

0%   10   20   30   40   50   60   70   80   90   100%
|----|----|----|----|----|----|----|----|----|----|
***************************************************
change patienceM
time = 49989684
area = 641
delay = 16
write_blif appntk/rca32_14_0.000117187_641_16.blif

round 15
seed = 1567439948 patienceN = 0 patienceM = 1 frameNumber = 64 nLocalPI = 26

0%   10   20   30   40   50   60   70   80   90   100%
|----|----|----|----|----|----|----|----|----|----|
***************************************************
change patienceM
time = 52564072
area = 641
delay = 16
write_blif appntk/rca32_15_0.000117187_641_16.blif

round 16
seed = 1567439951 patienceN = 0 patienceM = 2 frameNumber = 64 nLocalPI = 26

0%   10   20   30   40   50   60   70   80   90   100%
|----|----|----|----|----|----|----|----|----|----|
***************************************************
change patienceM
time = 55437733
area = 641
delay = 16
write_blif appntk/rca32_16_0.000117187_641_16.blif

round 17
seed = 1567439954 patienceN = 0 patienceM = 0 frameNumber = 64 nLocalPI = 25

0%   10   20   30   40   50   60   70   80   90   100%
|----|----|----|----|----|----|----|----|----|----|
***************************************************
change patienceM
time = 57608656
area = 641
delay = 16
write_blif appntk/rca32_17_0.000117187_641_16.blif

round 18
seed = 1567439956 patienceN = 0 patienceM = 1 frameNumber = 64 nLocalPI = 25

0%   10   20   30   40   50   60   70   80   90   100%
|----|----|----|----|----|----|----|----|----|----|
***************************************************
change patienceM
time = 59850067
area = 641
delay = 16
write_blif appntk/rca32_18_0.000117187_641_16.blif

round 19
seed = 1567439958 patienceN = 0 patienceM = 2 frameNumber = 64 nLocalPI = 25

0%   10   20   30   40   50   60   70   80   90   100%
|----|----|----|----|----|----|----|----|----|----|
***************************************************
change patienceM
time = 62502281
area = 641
delay = 16
write_blif appntk/rca32_19_0.000117187_641_16.blif

round 20
seed = 1567439961 patienceN = 0 patienceM = 0 frameNumber = 64 nLocalPI = 24

0%   10   20   30   40   50   60   70   80   90   100%
|----|----|----|----|----|----|----|----|----|----|
***************************************************
change patienceM
time = 64690704
area = 641
delay = 16
write_blif appntk/rca32_20_0.000117187_641_16.blif

round 21
seed = 1567439963 patienceN = 0 patienceM = 1 frameNumber = 64 nLocalPI = 24

0%   10   20   30   40   50   60   70   80   90   100%
|----|----|----|----|----|----|----|----|----|----|
***************************************************
change patienceM
time = 67218979
area = 641
delay = 16
write_blif appntk/rca32_21_0.000117187_641_16.blif

round 22
seed = 1567439966 patienceN = 0 patienceM = 2 frameNumber = 64 nLocalPI = 24

0%   10   20   30   40   50   60   70   80   90   100%
|----|----|----|----|----|----|----|----|----|----|
***************************************************
change patienceM
time = 69546568
area = 641
delay = 16
write_blif appntk/rca32_22_0.000117187_641_16.blif

round 23
seed = 1567439968 patienceN = 0 patienceM = 0 frameNumber = 64 nLocalPI = 23

0%   10   20   30   40   50   60   70   80   90   100%
|----|----|----|----|----|----|----|----|----|----|
***************************************************
change patienceM
time = 71716364
area = 641
delay = 16
write_blif appntk/rca32_23_0.000117187_641_16.blif

round 24
seed = 1567439971 patienceN = 0 patienceM = 1 frameNumber = 64 nLocalPI = 23

0%   10   20   30   40   50   60   70   80   90   100%
|----|----|----|----|----|----|----|----|----|----|
***************************************************
change patienceM
time = 73962836
area = 641
delay = 16
write_blif appntk/rca32_24_0.000117187_641_16.blif

round 25
seed = 1567439973 patienceN = 0 patienceM = 2 frameNumber = 64 nLocalPI = 23

0%   10   20   30   40   50   60   70   80   90   100%
|----|----|----|----|----|----|----|----|----|----|
***************************************************
change patienceM
time = 76689844
area = 641
delay = 16
write_blif appntk/rca32_25_0.000117187_641_16.blif

round 26
seed = 1567439975 patienceN = 0 patienceM = 0 frameNumber = 64 nLocalPI = 22

0%   10   20   30   40   50   60   70   80   90   100%
|----|----|----|----|----|----|----|----|----|----|
***************************************************
change patienceM
time = 78816401
area = 641
delay = 16
write_blif appntk/rca32_26_0.000117187_641_16.blif

round 27
seed = 1567439978 patienceN = 0 patienceM = 1 frameNumber = 64 nLocalPI = 22

0%   10   20   30   40   50   60   70   80   90   100%
|----|----|----|----|----|----|----|----|----|----|
***************************************************
change patienceM
time = 80630600
area = 641
delay = 16
write_blif appntk/rca32_27_0.000117187_641_16.blif

round 28
seed = 1567439980 patienceN = 0 patienceM = 2 frameNumber = 64 nLocalPI = 22

0%   10   20   30   40   50   60   70   80   90   100%
|----|----|----|----|----|----|----|----|----|----|
***************************************************
change patienceM
time = 83159622
area = 641
delay = 16
write_blif appntk/rca32_28_0.000117187_641_16.blif

round 29
seed = 1567439982 patienceN = 0 patienceM = 0 frameNumber = 64 nLocalPI = 21

0%   10   20   30   40   50   60   70   80   90   100%
|----|----|----|----|----|----|----|----|----|----|
***************************************************
change patienceM
time = 85770975
area = 641
delay = 16
write_blif appntk/rca32_29_0.000117187_641_16.blif

round 30
seed = 1567439984 patienceN = 0 patienceM = 1 frameNumber = 64 nLocalPI = 21

0%   10   20   30   40   50   60   70   80   90   100%
|----|----|----|----|----|----|----|----|----|----|
***************************************************
change patienceM
time = 87933102
area = 641
delay = 16
write_blif appntk/rca32_30_0.000117187_641_16.blif

round 31
seed = 1567439987 patienceN = 0 patienceM = 2 frameNumber = 64 nLocalPI = 21

0%   10   20   30   40   50   60   70   80   90   100%
|----|----|----|----|----|----|----|----|----|----|
***************************************************
change patienceM
time = 90248674
area = 641
delay = 16
write_blif appntk/rca32_31_0.000117187_641_16.blif

round 32
seed = 1567439989 patienceN = 0 patienceM = 0 frameNumber = 64 nLocalPI = 20

0%   10   20   30   40   50   60   70   80   90   100%
|----|----|----|----|----|----|----|----|----|----|
***************************************************
change patienceM
time = 92999173
area = 641
delay = 16
write_blif appntk/rca32_32_0.000117187_641_16.blif

round 33
seed = 1567439991 patienceN = 0 patienceM = 1 frameNumber = 64 nLocalPI = 20

0%   10   20   30   40   50   60   70   80   90   100%
|----|----|----|----|----|----|----|----|----|----|
***************************************************
change patienceM
time = 95306541
area = 641
delay = 16
write_blif appntk/rca32_33_0.000117187_641_16.blif

round 34
seed = 1567439994 patienceN = 0 patienceM = 2 frameNumber = 64 nLocalPI = 20

0%   10   20   30   40   50   60   70   80   90   100%
|----|----|----|----|----|----|----|----|----|----|
***************************************************
change patienceM
time = 97848882
area = 641
delay = 16
write_blif appntk/rca32_34_0.000117187_641_16.blif

round 35
seed = 1567439997 patienceN = 0 patienceM = 0 frameNumber = 64 nLocalPI = 19

0%   10   20   30   40   50   60   70   80   90   100%
|----|----|----|----|----|----|----|----|----|----|
***************************************************
change patienceM
time = 100286491
area = 641
delay = 16
write_blif appntk/rca32_35_0.000117187_641_16.blif

round 36
seed = 1567439999 patienceN = 0 patienceM = 1 frameNumber = 64 nLocalPI = 19

0%   10   20   30   40   50   60   70   80   90   100%
|----|----|----|----|----|----|----|----|----|----|
***************************************************
change patienceM
time = 102431104
area = 641
delay = 16
write_blif appntk/rca32_36_0.000117187_641_16.blif

round 37
seed = 1567440002 patienceN = 0 patienceM = 2 frameNumber = 64 nLocalPI = 19

0%   10   20   30   40   50   60   70   80   90   100%
|----|----|----|----|----|----|----|----|----|----|
***************************************************
change patienceM
time = 104839064
area = 641
delay = 16
write_blif appntk/rca32_37_0.000117187_641_16.blif

round 38
seed = 1567440004 patienceN = 0 patienceM = 0 frameNumber = 64 nLocalPI = 18

0%   10   20   30   40   50   60   70   80   90   100%
|----|----|----|----|----|----|----|----|----|----|
***************************************************
change patienceM
time = 107064176
area = 641
delay = 16
write_blif appntk/rca32_38_0.000117187_641_16.blif

round 39
seed = 1567440006 patienceN = 0 patienceM = 1 frameNumber = 64 nLocalPI = 18

0%   10   20   30   40   50   60   70   80   90   100%
|----|----|----|----|----|----|----|----|----|----|
***************************************************
change patienceM
time = 109352661
area = 641
delay = 16
write_blif appntk/rca32_39_0.000117187_641_16.blif

round 40
seed = 1567440008 patienceN = 0 patienceM = 2 frameNumber = 64 nLocalPI = 18

0%   10   20   30   40   50   60   70   80   90   100%
|----|----|----|----|----|----|----|----|----|----|
***************************************************
change patienceM
time = 111676798
area = 641
delay = 16
write_blif appntk/rca32_40_0.000117187_641_16.blif

round 41
seed = 1567440011 patienceN = 0 patienceM = 0 frameNumber = 64 nLocalPI = 17

0%   10   20   30   40   50   60   70   80   90   100%
|----|----|----|----|----|----|----|----|----|----|
***************************************************
change patienceM
time = 114092352
area = 641
delay = 16
write_blif appntk/rca32_41_0.000117187_641_16.blif

round 42
seed = 1567440013 patienceN = 0 patienceM = 1 frameNumber = 64 nLocalPI = 17

0%   10   20   30   40   50   60   70   80   90   100%
|----|----|----|----|----|----|----|----|----|----|
***************************************************
change patienceM
time = 116281526
area = 641
delay = 16
write_blif appntk/rca32_42_0.000117187_641_16.blif

round 43
seed = 1567440015 patienceN = 0 patienceM = 2 frameNumber = 64 nLocalPI = 17

0%   10   20   30   40   50   60   70   80   90   100%
|----|----|----|----|----|----|----|----|----|----|
***************************************************
change patienceM
time = 118485111
area = 641
delay = 16
write_blif appntk/rca32_43_0.000117187_641_16.blif

round 44
seed = 1567440018 patienceN = 0 patienceM = 0 frameNumber = 64 nLocalPI = 16

0%   10   20   30   40   50   60   70   80   90   100%
|----|----|----|----|----|----|----|----|----|----|
***************************************************
change patienceM
time = 121227053
area = 641
delay = 16
write_blif appntk/rca32_44_0.000117187_641_16.blif

round 45
seed = 1567440020 patienceN = 0 patienceM = 1 frameNumber = 64 nLocalPI = 16

0%   10   20   30   40   50   60   70   80   90   100%
|----|----|----|----|----|----|----|----|----|----|
***************************************************
change patienceM
time = 123213439
area = 641
delay = 16
write_blif appntk/rca32_45_0.000117187_641_16.blif

round 46
seed = 1567440023 patienceN = 0 patienceM = 2 frameNumber = 64 nLocalPI = 16

0%   10   20   30   40   50   60   70   80   90   100%
|----|----|----|----|----|----|----|----|----|----|
***************************************************
change patienceM
time = 124980080
area = 641
delay = 16
write_blif appntk/rca32_46_0.000117187_641_16.blif

round 47
seed = 1567440025 patienceN = 0 patienceM = 0 frameNumber = 64 nLocalPI = 15

0%   10   20   30   40   50   60   70   80   90   100%
|----|----|----|----|----|----|----|----|----|----|
***************************************************
change patienceM
time = 126736905
area = 641
delay = 16
write_blif appntk/rca32_47_0.000117187_641_16.blif

round 48
seed = 1567440026 patienceN = 0 patienceM = 1 frameNumber = 64 nLocalPI = 15

0%   10   20   30   40   50   60   70   80   90   100%
|----|----|----|----|----|----|----|----|----|----|
***************************************************
change patienceM
time = 128470592
area = 641
delay = 16
write_blif appntk/rca32_48_0.000117187_641_16.blif

round 49
seed = 1567440028 patienceN = 0 patienceM = 2 frameNumber = 64 nLocalPI = 15

0%   10   20   30   40   50   60   70   80   90   100%
|----|----|----|----|----|----|----|----|----|----|
***************************************************
change patienceM
time = 130552849
area = 641
delay = 16
write_blif appntk/rca32_49_0.000117187_641_16.blif

round 50
seed = 1567440030 patienceN = 0 patienceM = 0 frameNumber = 64 nLocalPI = 14

0%   10   20   30   40   50   60   70   80   90   100%
|----|----|----|----|----|----|----|----|----|----|
***************************************************
change patienceM
time = 131935087
area = 641
delay = 16
write_blif appntk/rca32_50_0.000117187_641_16.blif

round 51
seed = 1567440032 patienceN = 0 patienceM = 1 frameNumber = 64 nLocalPI = 14

0%   10   20   30   40   50   60   70   80   90   100%
|----|----|----|----|----|----|----|----|----|----|
***************************************************
change patienceM
time = 133822059
area = 641
delay = 16
write_blif appntk/rca32_51_0.000117187_641_16.blif

round 52
seed = 1567440033 patienceN = 0 patienceM = 2 frameNumber = 64 nLocalPI = 14

0%   10   20   30   40   50   60   70   80   90   100%
|----|----|----|----|----|----|----|----|----|----|
***************************************************
change patienceM
time = 135718084
area = 641
delay = 16
write_blif appntk/rca32_52_0.000117187_641_16.blif

round 53
seed = 1567440035 patienceN = 0 patienceM = 0 frameNumber = 64 nLocalPI = 13

0%   10   20   30   40   50   60   70   80   90   100%
|----|----|----|----|----|----|----|----|----|----|
***************************************************
change patienceM
time = 137467364
area = 641
delay = 16
write_blif appntk/rca32_53_0.000117187_641_16.blif

round 54
seed = 1567440037 patienceN = 0 patienceM = 1 frameNumber = 64 nLocalPI = 13

0%   10   20   30   40   50   60   70   80   90   100%
|----|----|----|----|----|----|----|----|----|----|
***************************************************
change patienceM
time = 138990610
area = 641
delay = 16
write_blif appntk/rca32_54_0.000117187_641_16.blif

round 55
seed = 1567440039 patienceN = 0 patienceM = 2 frameNumber = 64 nLocalPI = 13

0%   10   20   30   40   50   60   70   80   90   100%
|----|----|----|----|----|----|----|----|----|----|
***************************************************
change patienceM
time = 140429560
area = 641
delay = 16
write_blif appntk/rca32_55_0.000117187_641_16.blif

round 56
seed = 1567440040 patienceN = 0 patienceM = 0 frameNumber = 64 nLocalPI = 12

0%   10   20   30   40   50   60   70   80   90   100%
|----|----|----|----|----|----|----|----|----|----|
***************************************************
change patienceM
time = 142310825
area = 641
delay = 16
write_blif appntk/rca32_56_0.000117187_641_16.blif

round 57
seed = 1567440042 patienceN = 0 patienceM = 1 frameNumber = 64 nLocalPI = 12

0%   10   20   30   40   50   60   70   80   90   100%
|----|----|----|----|----|----|----|----|----|----|
***************************************************
change patienceM
time = 144428914
area = 641
delay = 16
write_blif appntk/rca32_57_0.000117187_641_16.blif

round 58
seed = 1567440044 patienceN = 0 patienceM = 2 frameNumber = 64 nLocalPI = 12

0%   10   20   30   40   50   60   70   80   90   100%
|----|----|----|----|----|----|----|----|----|----|
***************************************************
change patienceM
time = 146048758
area = 641
delay = 16
write_blif appntk/rca32_58_0.000117187_641_16.blif

round 59
seed = 1567440046 patienceN = 0 patienceM = 0 frameNumber = 64 nLocalPI = 11

0%   10   20   30   40   50   60   70   80   90   100%
|----|----|----|----|----|----|----|----|----|----|
***************************************************
change patienceM
time = 147463483
area = 641
delay = 16
write_blif appntk/rca32_59_0.000117187_641_16.blif

round 60
seed = 1567440047 patienceN = 0 patienceM = 1 frameNumber = 64 nLocalPI = 11

0%   10   20   30   40   50   60   70   80   90   100%
|----|----|----|----|----|----|----|----|----|----|
***************************************************
change patienceM
time = 148928701
area = 641
delay = 16
write_blif appntk/rca32_60_0.000117187_641_16.blif

round 61
seed = 1567440049 patienceN = 0 patienceM = 2 frameNumber = 64 nLocalPI = 11

0%   10   20   30   40   50   60   70   80   90   100%
|----|----|----|----|----|----|----|----|----|----|
***************************************************
change patienceM
time = 150439093
area = 641
delay = 16
write_blif appntk/rca32_61_0.000117187_641_16.blif

round 62
seed = 1567440050 patienceN = 0 patienceM = 0 frameNumber = 64 nLocalPI = 10

0%   10   20   30   40   50   60   70   80   90   100%
|----|----|----|----|----|----|----|----|----|----|
***************************************************
change patienceM
time = 152167470
area = 641
delay = 16
write_blif appntk/rca32_62_0.000117187_641_16.blif

round 63
seed = 1567440052 patienceN = 0 patienceM = 1 frameNumber = 64 nLocalPI = 10

0%   10   20   30   40   50   60   70   80   90   100%
|----|----|----|----|----|----|----|----|----|----|
***************************************************
change patienceM
time = 153364770
area = 641
delay = 16
write_blif appntk/rca32_63_0.000117187_641_16.blif

round 64
seed = 1567440054 patienceN = 0 patienceM = 2 frameNumber = 64 nLocalPI = 10

0%   10   20   30   40   50   60   70   80   90   100%
|----|----|----|----|----|----|----|----|----|----|
***************************************************
change patienceM
time = 154912175
area = 641
delay = 16
write_blif appntk/rca32_64_0.000117187_641_16.blif

round 65
seed = 1567440055 patienceN = 0 patienceM = 0 frameNumber = 64 nLocalPI = 9

0%   10   20   30   40   50   60   70   80   90   100%
|----|----|----|----|----|----|----|----|----|----|
***************************************************
change patienceM
time = 157010431
area = 641
delay = 16
write_blif appntk/rca32_65_0.000117187_641_16.blif

round 66
seed = 1567440056 patienceN = 0 patienceM = 1 frameNumber = 64 nLocalPI = 9

0%   10   20   30   40   50   60   70   80   90   100%
|----|----|----|----|----|----|----|----|----|----|
***************************************************
change patienceM
time = 158717114
area = 641
delay = 16
write_blif appntk/rca32_66_0.000117187_641_16.blif

round 67
seed = 1567440058 patienceN = 0 patienceM = 2 frameNumber = 64 nLocalPI = 9

0%   10   20   30   40   50   60   70   80   90   100%
|----|----|----|----|----|----|----|----|----|----|
***************************************************
change patienceM
time = 160322584
area = 641
delay = 16
write_blif appntk/rca32_67_0.000117187_641_16.blif

round 68
seed = 1567440060 patienceN = 0 patienceM = 0 frameNumber = 64 nLocalPI = 8

0%   10   20   30   40   50   60   70   80   90   100%
|----|----|----|----|----|----|----|----|----|----|
***************************************************
change patienceM
time = 161685419
area = 641
delay = 16
write_blif appntk/rca32_68_0.000117187_641_16.blif

round 69
seed = 1567440062 patienceN = 0 patienceM = 1 frameNumber = 64 nLocalPI = 8

0%   10   20   30   40   50   60   70   80   90   100%
|----|----|----|----|----|----|----|----|----|----|
***************************************************
change patienceM
time = 163163727
area = 641
delay = 16
write_blif appntk/rca32_69_0.000117187_641_16.blif

round 70
seed = 1567440063 patienceN = 0 patienceM = 2 frameNumber = 64 nLocalPI = 8

0%   10   20   30   40   50   60   70   80   90   100%
|----|----|----|----|----|----|----|----|----|----|
***************************************************
change patienceM
time = 164488919
area = 641
delay = 16
write_blif appntk/rca32_70_0.000117187_641_16.blif

round 71
seed = 1567440065 patienceN = 0 patienceM = 0 frameNumber = 64 nLocalPI = 7

0%   10   20   30   40   50   60   70   80   90   100%
|----|----|----|----|----|----|----|----|----|----|
***************************************************
change patienceM
time = 165876332
area = 641
delay = 16
write_blif appntk/rca32_71_0.000117187_641_16.blif

round 72
seed = 1567440066 patienceN = 0 patienceM = 1 frameNumber = 64 nLocalPI = 7

0%   10   20   30   40   50   60   70   80   90   100%
|----|----|----|----|----|----|----|----|----|----|
***************************************************
change patienceM
time = 167354675
area = 641
delay = 16
write_blif appntk/rca32_72_0.000117187_641_16.blif

round 73
seed = 1567440067 patienceN = 0 patienceM = 2 frameNumber = 64 nLocalPI = 7

0%   10   20   30   40   50   60   70   80   90   100%
|----|----|----|----|----|----|----|----|----|----|
***************************************************
change patienceM
time = 168663104
area = 641
delay = 16
write_blif appntk/rca32_73_0.000117187_641_16.blif

round 74
seed = 1567440069 patienceN = 0 patienceM = 0 frameNumber = 64 nLocalPI = 6

0%   10   20   30   40   50   60   70   80   90   100%
|----|----|----|----|----|----|----|----|----|----|
***************************************************
change patienceM
time = 169956660
area = 641
delay = 16
write_blif appntk/rca32_74_0.000117187_641_16.blif

round 75
seed = 1567440070 patienceN = 0 patienceM = 1 frameNumber = 64 nLocalPI = 6

0%   10   20   30   40   50   60   70   80   90   100%
|----|----|----|----|----|----|----|----|----|----|
***************************************************
change patienceM
time = 171241836
area = 641
delay = 16
write_blif appntk/rca32_75_0.000117187_641_16.blif

round 76
seed = 1567440071 patienceN = 0 patienceM = 2 frameNumber = 64 nLocalPI = 6

0%   10   20   30   40   50   60   70   80   90   100%
|----|----|----|----|----|----|----|----|----|----|
***************************************************
change patienceM
time = 172827546
area = 641
delay = 16
write_blif appntk/rca32_76_0.000117187_641_16.blif

round 77
seed = 1567440073 patienceN = 0 patienceM = 0 frameNumber = 64 nLocalPI = 5

0%   10   20   30   40   50   60   70   80   90   100%
|----|----|----|----|----|----|----|----|----|----|
***************************************************
best node n336 best error 0.00203125
time = 174087631
