Entered genlib library with 23 gates from file "data/genlib/mcnc.genlib".
Line 9: Skipping line ".default_input_arrival 0.00 0.00 ".
Line 10: Skipping line ".default_output_required 0.00 0.00 ".
Line 11: Skipping line ".default_input_drive 0.10 0.10 ".
Line 12: Skipping line ".default_output_load 2.00 ".
Line 13: Skipping line ".default_max_input_load 999.00 ".
nframe = 64 seed = 2392729310
patience = 0,0

0%   10   20   30   40   50   60   70   80   90   100%
|----|----|----|----|----|----|----|----|----|----|
***************************************************
best node product[0] best error 0
area = 903, delay = 43.7
nframe = 64 seed = 2691451628
patience = 0,0

0%   10   20   30   40   50   60   70   80   90   100%
|----|----|----|----|----|----|----|----|----|----|
***************************************************
best node n96 best error 2.12193e-06
area = 890, delay = 43.7
nframe = 64 seed = 760900809
patience = 0,0

0%   10   20   30   40   50   60   70   80   90   100%
|----|----|----|----|----|----|----|----|----|----|
***************************************************
best node n69 best error 4.07696e-06
area = 891, delay = 43.7
nframe = 64 seed = 1973772629
patience = 0,0

0%   10   20   30   40   50   60   70   80   90   100%
|----|----|----|----|----|----|----|----|----|----|
***************************************************
best node n68 best error 5.80549e-06
area = 885, delay = 43.7
nframe = 64 seed = 1455614445
patience = 0,0

0%   10   20   30   40   50   60   70   80   90   100%
|----|----|----|----|----|----|----|----|----|----|
***************************************************
best node n233 best error 1.60575e-05
area = 886, delay = 43.6
nframe = 64 seed = 398416943
patience = 0,0

0%   10   20   30   40   50   60   70   80   90   100%
|----|----|----|----|----|----|----|----|----|----|
***************************************************
best node n286 best error 1.60575e-05
area = 877, delay = 42.6
nframe = 64 seed = 1817192362
patience = 0,0

0%   10   20   30   40   50   60   70   80   90   100%
|----|----|----|----|----|----|----|----|----|----|
***************************************************
best node n93 best error 1.45078e-05
area = 879, delay = 42.6
nframe = 64 seed = 1103120227
patience = 0,0

0%   10   20   30   40   50   60   70   80   90   100%
|----|----|----|----|----|----|----|----|----|----|
***************************************************
best node n48 best error 1.24037e-05
area = 873, delay = 42.6
nframe = 64 seed = 1364908780
patience = 0,0

0%   10   20   30   40   50   60   70   80   90   100%
|----|----|----|----|----|----|----|----|----|----|
***************************************************
best node n171 best error 1.31667e-05
area = 872, delay = 44.9
nframe = 64 seed = 1758997164
patience = 0,0

0%   10   20   30   40   50   60   70   80   90   100%
|----|----|----|----|----|----|----|----|----|----|
***************************************************
best node n223 best error 3.55303e-05
area = 864, delay = 43.7
nframe = 64 seed = 3053323154
patience = 0,0

0%   10   20   30   40   50   60   70   80   90   100%
|----|----|----|----|----|----|----|----|----|----|
***************************************************
best node n222 best error 3.56734e-05
area = 861, delay = 40.9
nframe = 64 seed = 3341950938
patience = 0,0

0%   10   20   30   40   50   60   70   80   90   100%
|----|----|----|----|----|----|----|----|----|----|
***************************************************
best node n220 best error 4.9597e-05
area = 853, delay = 40.9
nframe = 64 seed = 305367884
patience = 0,0

0%   10   20   30   40   50   60   70   80   90   100%
|----|----|----|----|----|----|----|----|----|----|
***************************************************
best node n169 best error 5.03004e-05
area = 854, delay = 40.9
nframe = 64 seed = 1610648229
patience = 0,0

0%   10   20   30   40   50   60   70   80   90   100%
|----|----|----|----|----|----|----|----|----|----|
***************************************************
best node n48 best error 5.20051e-05
area = 847, delay = 40.9
nframe = 64 seed = 2732570026
patience = 0,0

0%   10   20   30   40   50   60   70   80   90   100%
|----|----|----|----|----|----|----|----|----|----|
***************************************************
best node n219 best error 5.23031e-05
area = 848, delay = 40.9
nframe = 64 seed = 3691909670
patience = 0,0

0%   10   20   30   40   50   60   70   80   90   100%
|----|----|----|----|----|----|----|----|----|----|
***************************************************
best node n310 best error 0.000152248
area = 842, delay = 40.4
nframe = 64 seed = 2476683849
patience = 0,0

0%   10   20   30   40   50   60   70   80   90   100%
|----|----|----|----|----|----|----|----|----|----|
***************************************************
best node n315 best error 0.000165981
area = 842, delay = 40.8
nframe = 64 seed = 540494835
patience = 0,0

0%   10   20   30   40   50   60   70   80   90   100%
|----|----|----|----|----|----|----|----|----|----|
***************************************************
best node n121 best error 0.000176114
area = 836, delay = 40.8
nframe = 64 seed = 3841251101
patience = 0,0

0%   10   20   30   40   50   60   70   80   90   100%
|----|----|----|----|----|----|----|----|----|----|
***************************************************
area = 840, delay = 40.8
nframe = 64 seed = 4288938195
patience = 1,0

0%   10   20   30   40   50   60   70   80   90   100%
|----|----|----|----|----|----|----|----|----|----|
***************************************************
best node n221 best error 0.000159258
area = 833, delay = 42.6
nframe = 64 seed = 1637801708
patience = 0,0

0%   10   20   30   40   50   60   70   80   90   100%
|----|----|----|----|----|----|----|----|----|----|
***************************************************
best node n119 best error 0.000171465
area = 837, delay = 42.6
nframe = 64 seed = 1210593876
patience = 0,0

0%   10   20   30   40   50   60   70   80   90   100%
|----|----|----|----|----|----|----|----|----|----|
***************************************************
best node n350 best error 0.00026024
area = 828, delay = 42.8
nframe = 64 seed = 2920319472
patience = 0,0

0%   10   20   30   40   50   60   70   80   90   100%
|----|----|----|----|----|----|----|----|----|----|
***************************************************
area = 832, delay = 42.8
nframe = 64 seed = 638221516
patience = 1,0

0%   10   20   30   40   50   60   70   80   90   100%
|----|----|----|----|----|----|----|----|----|----|
***************************************************
best node n320 best error 0.000777334
area = 827, delay = 42.8
nframe = 64 seed = 3178084439
patience = 0,0

0%   10   20   30   40   50   60   70   80   90   100%
|----|----|----|----|----|----|----|----|----|----|
***************************************************
best node n247 best error 0.00097062
area = 830, delay = 42.7
nframe = 64 seed = 1487846084
patience = 0,0

0%   10   20   30   40   50   60   70   80   90   100%
|----|----|----|----|----|----|----|----|----|----|
***************************************************
area = 828, delay = 41.2
nframe = 64 seed = 2509932970
patience = 1,0

0%   10   20   30   40   50   60   70   80   90   100%
|----|----|----|----|----|----|----|----|----|----|
***************************************************
best node n265 best error 0.000976235
area = 827, delay = 42.7
nframe = 64 seed = 1865699531
patience = 0,0

0%   10   20   30   40   50   60   70   80   90   100%
|----|----|----|----|----|----|----|----|----|----|
***************************************************
best node n199 best error 0.000999612
area = 819, delay = 43.5
nframe = 64 seed = 1960566025
patience = 0,0

0%   10   20   30   40   50   60   70   80   90   100%
|----|----|----|----|----|----|----|----|----|----|
***************************************************
best node n211 best error 0.0010437
area = 822, delay = 44.6
nframe = 64 seed = 1361351951
patience = 0,0

0%   10   20   30   40   50   60   70   80   90   100%
|----|----|----|----|----|----|----|----|----|----|
***************************************************
area = 819, delay = 43.1
nframe = 64 seed = 1217079248
patience = 1,0

0%   10   20   30   40   50   60   70   80   90   100%
|----|----|----|----|----|----|----|----|----|----|
***************************************************
best node n274 best error 0.00107387
area = 821, delay = 44.6
nframe = 64 seed = 1235948154
patience = 0,0

0%   10   20   30   40   50   60   70   80   90   100%
|----|----|----|----|----|----|----|----|----|----|
***************************************************
best node n175 best error 0.0011211
area = 814, delay = 40.3
nframe = 64 seed = 3816580287
patience = 0,0

0%   10   20   30   40   50   60   70   80   90   100%
|----|----|----|----|----|----|----|----|----|----|
***************************************************
best node n271 best error 0.000857884
area = 814, delay = 41.8
nframe = 64 seed = 3009301514
patience = 0,0

0%   10   20   30   40   50   60   70   80   90   100%
|----|----|----|----|----|----|----|----|----|----|
***************************************************
best node n121 best error 0.000849968
area = 806, delay = 40.3
nframe = 64 seed = 2025788570
patience = 0,0

0%   10   20   30   40   50   60   70   80   90   100%
|----|----|----|----|----|----|----|----|----|----|
***************************************************
best node n163 best error 0.000855368
area = 809, delay = 41.8
nframe = 64 seed = 3694320345
patience = 0,0

0%   10   20   30   40   50   60   70   80   90   100%
|----|----|----|----|----|----|----|----|----|----|
***************************************************
best node n119 best error 0.000872546
area = 803, delay = 40.3
nframe = 64 seed = 3351097509
patience = 0,0

0%   10   20   30   40   50   60   70   80   90   100%
|----|----|----|----|----|----|----|----|----|----|
***************************************************
best node n161 best error 0.000877744
area = 803, delay = 41.8
nframe = 64 seed = 2065260575
patience = 0,0

0%   10   20   30   40   50   60   70   80   90   100%
|----|----|----|----|----|----|----|----|----|----|
***************************************************
area = 800, delay = 40.3
nframe = 64 seed = 634238067
patience = 1,0

0%   10   20   30   40   50   60   70   80   90   100%
|----|----|----|----|----|----|----|----|----|----|
***************************************************
best node n156 best error 0.000874048
area = 798, delay = 41.8
nframe = 64 seed = 1580238165
patience = 0,0

0%   10   20   30   40   50   60   70   80   90   100%
|----|----|----|----|----|----|----|----|----|----|
***************************************************
area = 795, delay = 40.3
nframe = 64 seed = 1722425534
patience = 1,0

0%   10   20   30   40   50   60   70   80   90   100%
|----|----|----|----|----|----|----|----|----|----|
***************************************************
best node n49 best error 0.000873846
area = 794, delay = 41.8
nframe = 64 seed = 3877246456
patience = 0,0

0%   10   20   30   40   50   60   70   80   90   100%
|----|----|----|----|----|----|----|----|----|----|
***************************************************
best node n75 best error 0.000877947
area = 788, delay = 40.9
nframe = 64 seed = 3221112346
patience = 0,0

0%   10   20   30   40   50   60   70   80   90   100%
|----|----|----|----|----|----|----|----|----|----|
***************************************************
best node n423 best error 0.0107335
area = 786, delay = 42.4
nframe = 64 seed = 3808192227
patience = 0,0

0%   10   20   30   40   50   60   70   80   90   100%
|----|----|----|----|----|----|----|----|----|----|
***************************************************
best node n85 best error 0.0107165
area = 779, delay = 40.9
nframe = 64 seed = 1851234021
patience = 0,0

0%   10   20   30   40   50   60   70   80   90   100%
|----|----|----|----|----|----|----|----|----|----|
***************************************************
best node n426 best error 0.0107269
area = 782, delay = 42.4
nframe = 64 seed = 1427475761
patience = 0,0

0%   10   20   30   40   50   60   70   80   90   100%
|----|----|----|----|----|----|----|----|----|----|
***************************************************
best node n404 best error 0.0105276
area = 775, delay = 41
nframe = 64 seed = 1202987111
patience = 0,0

0%   10   20   30   40   50   60   70   80   90   100%
|----|----|----|----|----|----|----|----|----|----|
***************************************************
best node n279 best error 0.0108601
area = 774, delay = 42.4
nframe = 64 seed = 1341337457
patience = 0,0

0%   10   20   30   40   50   60   70   80   90   100%
|----|----|----|----|----|----|----|----|----|----|
***************************************************
best node n368 best error 0.00878708
area = 767, delay = 42.8
nframe = 64 seed = 3878489024
patience = 0,0

0%   10   20   30   40   50   60   70   80   90   100%
|----|----|----|----|----|----|----|----|----|----|
***************************************************
best node n413 best error 0.00881634
area = 768, delay = 42.4
nframe = 64 seed = 3375066354
patience = 0,0

0%   10   20   30   40   50   60   70   80   90   100%
|----|----|----|----|----|----|----|----|----|----|
***************************************************
best node n283 best error 0.00885026
area = 761, delay = 41.5
nframe = 64 seed = 2123939085
patience = 0,0

0%   10   20   30   40   50   60   70   80   90   100%
|----|----|----|----|----|----|----|----|----|----|
***************************************************
best node n398 best error 0.012556
area = 761, delay = 43.5
nframe = 64 seed = 3168352995
patience = 0,0

0%   10   20   30   40   50   60   70   80   90   100%
|----|----|----|----|----|----|----|----|----|----|
***************************************************
best node n84 best error 0.0125652
area = 754, delay = 41.1
nframe = 64 seed = 3335614067
patience = 0,0

0%   10   20   30   40   50   60   70   80   90   100%
|----|----|----|----|----|----|----|----|----|----|
***************************************************
best node n135 best error 0.0125768
area = 760, delay = 43.5
nframe = 64 seed = 3674857475
patience = 0,0

0%   10   20   30   40   50   60   70   80   90   100%
|----|----|----|----|----|----|----|----|----|----|
***************************************************
best node n212 best error 0.0125753
area = 749, delay = 41.1
nframe = 64 seed = 1937454417
patience = 0,0

0%   10   20   30   40   50   60   70   80   90   100%
|----|----|----|----|----|----|----|----|----|----|
***************************************************
best node n101 best error 0.0125784
area = 755, delay = 42.4
nframe = 64 seed = 2687945240
patience = 0,0

0%   10   20   30   40   50   60   70   80   90   100%
|----|----|----|----|----|----|----|----|----|----|
***************************************************
best node n339 best error 0.0118622
area = 750, delay = 40
nframe = 64 seed = 3826685575
patience = 0,0

0%   10   20   30   40   50   60   70   80   90   100%
|----|----|----|----|----|----|----|----|----|----|
***************************************************
best node n66 best error 0.0118551
area = 748, delay = 42.4
nframe = 64 seed = 2043490394
patience = 0,0

0%   10   20   30   40   50   60   70   80   90   100%
|----|----|----|----|----|----|----|----|----|----|
***************************************************
best node n291 best error 0.0121322
area = 742, delay = 40
nframe = 64 seed = 2311755613
patience = 0,0

0%   10   20   30   40   50   60   70   80   90   100%
|----|----|----|----|----|----|----|----|----|----|
***************************************************
best node n210 best error 0.0122597
area = 743, delay = 42.4
nframe = 64 seed = 2481875096
patience = 0,0

0%   10   20   30   40   50   60   70   80   90   100%
|----|----|----|----|----|----|----|----|----|----|
***************************************************
best node n81 best error 0.0122629
area = 737, delay = 40
nframe = 64 seed = 2116114670
patience = 0,0

0%   10   20   30   40   50   60   70   80   90   100%
|----|----|----|----|----|----|----|----|----|----|
***************************************************
best node n130 best error 0.0122484
area = 731, delay = 42.4
nframe = 64 seed = 2361918486
patience = 0,0

0%   10   20   30   40   50   60   70   80   90   100%
|----|----|----|----|----|----|----|----|----|----|
***************************************************
best node n260 best error 0.0122049
area = 724, delay = 40
nframe = 64 seed = 3432924220
patience = 0,0

0%   10   20   30   40   50   60   70   80   90   100%
|----|----|----|----|----|----|----|----|----|----|
***************************************************
best node n352 best error 0.0116086
area = 719, delay = 40.4
nframe = 64 seed = 870865033
patience = 0,0

0%   10   20   30   40   50   60   70   80   90   100%
|----|----|----|----|----|----|----|----|----|----|
***************************************************
best node n36 best error 0.0116076
area = 714, delay = 40.4
nframe = 64 seed = 4059345058
patience = 0,0

0%   10   20   30   40   50   60   70   80   90   100%
|----|----|----|----|----|----|----|----|----|----|
***************************************************
best node n311 best error 0.0125866
area = 712, delay = 40.4
nframe = 64 seed = 710629586
patience = 0,0

0%   10   20   30   40   50   60   70   80   90   100%
|----|----|----|----|----|----|----|----|----|----|
***************************************************
area = 712, delay = 40.4
nframe = 64 seed = 2134986809
patience = 1,0

0%   10   20   30   40   50   60   70   80   90   100%
|----|----|----|----|----|----|----|----|----|----|
***************************************************
best node n55 best error 0.0125869
area = 709, delay = 40.4
nframe = 64 seed = 2264493907
patience = 0,0

0%   10   20   30   40   50   60   70   80   90   100%
|----|----|----|----|----|----|----|----|----|----|
***************************************************
best node n56 best error 0.0125865
area = 707, delay = 40.4
nframe = 64 seed = 1700432209
patience = 0,0

0%   10   20   30   40   50   60   70   80   90   100%
|----|----|----|----|----|----|----|----|----|----|
***************************************************
best node n124 best error 0.0125878
area = 702, delay = 41.4
nframe = 64 seed = 3846196161
patience = 0,0

0%   10   20   30   40   50   60   70   80   90   100%
|----|----|----|----|----|----|----|----|----|----|
***************************************************
best node n146 best error 0.012629
area = 702, delay = 39.8
nframe = 64 seed = 1050826484
patience = 0,0

0%   10   20   30   40   50   60   70   80   90   100%
|----|----|----|----|----|----|----|----|----|----|
***************************************************
best node n123 best error 0.0126395
area = 697, delay = 39.8
nframe = 64 seed = 1143368263
patience = 0,0

0%   10   20   30   40   50   60   70   80   90   100%
|----|----|----|----|----|----|----|----|----|----|
***************************************************
best node n304 best error 0.0140621
area = 695, delay = 41.9
nframe = 64 seed = 4149253985
patience = 0,0

0%   10   20   30   40   50   60   70   80   90   100%
|----|----|----|----|----|----|----|----|----|----|
***************************************************
best node n298 best error 0.0141424
area = 696, delay = 39
nframe = 64 seed = 2086184359
patience = 0,0

0%   10   20   30   40   50   60   70   80   90   100%
|----|----|----|----|----|----|----|----|----|----|
***************************************************
best node n144 best error 0.0141583
area = 687, delay = 39.4
nframe = 64 seed = 3676721497
patience = 0,0

0%   10   20   30   40   50   60   70   80   90   100%
|----|----|----|----|----|----|----|----|----|----|
***************************************************
best node n216 best error 0.0141871
area = 686, delay = 39
nframe = 64 seed = 2254759414
patience = 0,0

0%   10   20   30   40   50   60   70   80   90   100%
|----|----|----|----|----|----|----|----|----|----|
***************************************************
best node n142 best error 0.0141776
area = 679, delay = 39.4
nframe = 64 seed = 1859056223
patience = 0,0

0%   10   20   30   40   50   60   70   80   90   100%
|----|----|----|----|----|----|----|----|----|----|
***************************************************
area = 681, delay = 39
nframe = 64 seed = 58486278
patience = 1,0

0%   10   20   30   40   50   60   70   80   90   100%
|----|----|----|----|----|----|----|----|----|----|
***************************************************
best node n363 best error 0.0114589
area = 676, delay = 39.4
nframe = 64 seed = 2954799815
patience = 0,0

0%   10   20   30   40   50   60   70   80   90   100%
|----|----|----|----|----|----|----|----|----|----|
***************************************************
best node n51 best error 0.0114587
area = 677, delay = 39.4
nframe = 64 seed = 972015127
patience = 0,0

0%   10   20   30   40   50   60   70   80   90   100%
|----|----|----|----|----|----|----|----|----|----|
***************************************************
best node n177 best error 0.0114937
area = 668, delay = 37.1
nframe = 64 seed = 1330746004
patience = 0,0

0%   10   20   30   40   50   60   70   80   90   100%
|----|----|----|----|----|----|----|----|----|----|
***************************************************
best node n93 best error 0.0114909
area = 670, delay = 37.1
nframe = 64 seed = 4186139583
patience = 0,0

0%   10   20   30   40   50   60   70   80   90   100%
|----|----|----|----|----|----|----|----|----|----|
***************************************************
best node n102 best error 0.0114895
area = 665, delay = 37.1
nframe = 64 seed = 2652027085
patience = 0,0

0%   10   20   30   40   50   60   70   80   90   100%
|----|----|----|----|----|----|----|----|----|----|
***************************************************
best node n85 best error 0.0114911
area = 660, delay = 37.1
nframe = 64 seed = 3955652085
patience = 0,0

0%   10   20   30   40   50   60   70   80   90   100%
|----|----|----|----|----|----|----|----|----|----|
***************************************************
best node n292 best error 0.0114162
area = 659, delay = 39.5
nframe = 64 seed = 1761097079
patience = 0,0

0%   10   20   30   40   50   60   70   80   90   100%
|----|----|----|----|----|----|----|----|----|----|
***************************************************
best node n89 best error 0.0114171
area = 661, delay = 39.5
nframe = 64 seed = 4292653950
patience = 0,0

0%   10   20   30   40   50   60   70   80   90   100%
|----|----|----|----|----|----|----|----|----|----|
***************************************************
best node n330 best error 0.0150711
area = 656, delay = 38.2
nframe = 64 seed = 1183478543
patience = 0,0

0%   10   20   30   40   50   60   70   80   90   100%
|----|----|----|----|----|----|----|----|----|----|
***************************************************
best node n82 best error 0.0150724
area = 654, delay = 38.4
nframe = 64 seed = 2555571156
patience = 0,0

0%   10   20   30   40   50   60   70   80   90   100%
|----|----|----|----|----|----|----|----|----|----|
***************************************************
best node n355 best error 0.0167702
area = 648, delay = 37.2
nframe = 64 seed = 1839705399
patience = 0,0

0%   10   20   30   40   50   60   70   80   90   100%
|----|----|----|----|----|----|----|----|----|----|
***************************************************
best node n317 best error 0.0167116
area = 643, delay = 34.3
nframe = 64 seed = 2148967123
patience = 0,0

0%   10   20   30   40   50   60   70   80   90   100%
|----|----|----|----|----|----|----|----|----|----|
***************************************************
best node n328 best error 0.0139528
area = 640, delay = 36.6
nframe = 64 seed = 3428304709
patience = 0,0

0%   10   20   30   40   50   60   70   80   90   100%
|----|----|----|----|----|----|----|----|----|----|
***************************************************
best node n330 best error 0.0143645
area = 640, delay = 36.2
nframe = 64 seed = 397826961
patience = 0,0

0%   10   20   30   40   50   60   70   80   90   100%
|----|----|----|----|----|----|----|----|----|----|
***************************************************
best node n339 best error 0.0143724
area = 634, delay = 34.8
nframe = 64 seed = 118610593
patience = 0,0

0%   10   20   30   40   50   60   70   80   90   100%
|----|----|----|----|----|----|----|----|----|----|
***************************************************
best node n119 best error 0.014368
area = 630, delay = 34.8
nframe = 64 seed = 4180156786
patience = 0,0

0%   10   20   30   40   50   60   70   80   90   100%
|----|----|----|----|----|----|----|----|----|----|
***************************************************
best node n96 best error 0.0143687
area = 622, delay = 34.8
nframe = 64 seed = 2327689424
patience = 0,0

0%   10   20   30   40   50   60   70   80   90   100%
|----|----|----|----|----|----|----|----|----|----|
***************************************************
best node n183 best error 0.014392
area = 620, delay = 35.6
nframe = 64 seed = 1517707597
patience = 0,0

0%   10   20   30   40   50   60   70   80   90   100%
|----|----|----|----|----|----|----|----|----|----|
***************************************************
best node n341 best error 0.0144192
area = 615, delay = 35.6
nframe = 64 seed = 3264989076
patience = 0,0

0%   10   20   30   40   50   60   70   80   90   100%
|----|----|----|----|----|----|----|----|----|----|
***************************************************
best node n98 best error 0.0144283
area = 610, delay = 35.6
nframe = 64 seed = 3990944060
patience = 0,0

0%   10   20   30   40   50   60   70   80   90   100%
|----|----|----|----|----|----|----|----|----|----|
***************************************************
best node n277 best error 0.014203
area = 608, delay = 35.6
nframe = 64 seed = 522398031
patience = 0,0

0%   10   20   30   40   50   60   70   80   90   100%
|----|----|----|----|----|----|----|----|----|----|
***************************************************
best node n129 best error 0.0142144
area = 606, delay = 35.6
nframe = 64 seed = 3683938132
patience = 0,0

0%   10   20   30   40   50   60   70   80   90   100%
|----|----|----|----|----|----|----|----|----|----|
***************************************************
best node n343 best error 0.0144402
area = 602, delay = 36.1
nframe = 64 seed = 701657448
patience = 0,0

0%   10   20   30   40   50   60   70   80   90   100%
|----|----|----|----|----|----|----|----|----|----|
***************************************************
best node n161 best error 0.0144405
area = 600, delay = 36.1
nframe = 64 seed = 2944030268
patience = 0,0

0%   10   20   30   40   50   60   70   80   90   100%
|----|----|----|----|----|----|----|----|----|----|
***************************************************
best node n61 best error 0.0144412
area = 593, delay = 36.1
nframe = 64 seed = 4029687653
patience = 0,0

0%   10   20   30   40   50   60   70   80   90   100%
|----|----|----|----|----|----|----|----|----|----|
***************************************************
area = 593, delay = 36.1
nframe = 64 seed = 711077249
patience = 1,0

0%   10   20   30   40   50   60   70   80   90   100%
|----|----|----|----|----|----|----|----|----|----|
***************************************************
best node n268 best error 0.014617
area = 589, delay = 36.1
nframe = 64 seed = 2632602091
patience = 0,0

0%   10   20   30   40   50   60   70   80   90   100%
|----|----|----|----|----|----|----|----|----|----|
***************************************************
best node n231 best error 0.0147086
area = 584, delay = 36.1
nframe = 64 seed = 3251957279
patience = 0,0

0%   10   20   30   40   50   60   70   80   90   100%
|----|----|----|----|----|----|----|----|----|----|
***************************************************
best node n194 best error 0.014704
area = 584, delay = 35.6
nframe = 64 seed = 2042445045
patience = 0,0

0%   10   20   30   40   50   60   70   80   90   100%
|----|----|----|----|----|----|----|----|----|----|
***************************************************
best node n228 best error 0.0146592
area = 579, delay = 35.6
nframe = 64 seed = 483602657
patience = 0,0

0%   10   20   30   40   50   60   70   80   90   100%
|----|----|----|----|----|----|----|----|----|----|
***************************************************
best node n280 best error 0.0153034
area = 570, delay = 36
nframe = 64 seed = 442139526
patience = 0,0

0%   10   20   30   40   50   60   70   80   90   100%
|----|----|----|----|----|----|----|----|----|----|
***************************************************
best node n307 best error 0.0177314
area = 568, delay = 35.3
nframe = 64 seed = 1372689063
patience = 0,0

0%   10   20   30   40   50   60   70   80   90   100%
|----|----|----|----|----|----|----|----|----|----|
***************************************************
area = 567, delay = 35.3
nframe = 64 seed = 1818912457
patience = 1,0

0%   10   20   30   40   50   60   70   80   90   100%
|----|----|----|----|----|----|----|----|----|----|
***************************************************
best node n265 best error 0.017469
area = 568, delay = 35.3
nframe = 64 seed = 4127023798
patience = 0,0

0%   10   20   30   40   50   60   70   80   90   100%
|----|----|----|----|----|----|----|----|----|----|
***************************************************
best node n223 best error 0.0174046
area = 566, delay = 35.3
nframe = 64 seed = 3162960857
patience = 0,0

0%   10   20   30   40   50   60   70   80   90   100%
|----|----|----|----|----|----|----|----|----|----|
***************************************************
best node n68 best error 0.0173982
area = 566, delay = 35.3
nframe = 64 seed = 3651690721
patience = 0,0

0%   10   20   30   40   50   60   70   80   90   100%
|----|----|----|----|----|----|----|----|----|----|
***************************************************
best node n72 best error 0.0173978
area = 563, delay = 35.3
nframe = 64 seed = 2464422694
patience = 0,0

0%   10   20   30   40   50   60   70   80   90   100%
|----|----|----|----|----|----|----|----|----|----|
***************************************************
area = 565, delay = 35.3
nframe = 64 seed = 2207724353
patience = 1,0

0%   10   20   30   40   50   60   70   80   90   100%
|----|----|----|----|----|----|----|----|----|----|
***************************************************
best node n203 best error 0.0172239
area = 558, delay = 35.3
nframe = 64 seed = 2886962428
patience = 0,0

0%   10   20   30   40   50   60   70   80   90   100%
|----|----|----|----|----|----|----|----|----|----|
***************************************************
best node n222 best error 0.0171699
area = 555, delay = 35.7
nframe = 64 seed = 3188708340
patience = 0,0

0%   10   20   30   40   50   60   70   80   90   100%
|----|----|----|----|----|----|----|----|----|----|
***************************************************
area = 555, delay = 35.3
nframe = 64 seed = 898770668
patience = 1,0

0%   10   20   30   40   50   60   70   80   90   100%
|----|----|----|----|----|----|----|----|----|----|
***************************************************
best node n313 best error 0.0206121
area = 553, delay = 35.7
nframe = 64 seed = 2022154716
patience = 0,0

0%   10   20   30   40   50   60   70   80   90   100%
|----|----|----|----|----|----|----|----|----|----|
***************************************************
area = 553, delay = 35.3
nframe = 64 seed = 3012807619
patience = 1,0

0%   10   20   30   40   50   60   70   80   90   100%
|----|----|----|----|----|----|----|----|----|----|
***************************************************
best node n322 best error 0.0226432
area = 551, delay = 37.1
nframe = 64 seed = 3573013435
patience = 0,0

0%   10   20   30   40   50   60   70   80   90   100%
|----|----|----|----|----|----|----|----|----|----|
***************************************************
best node n225 best error 0.0226113
area = 548, delay = 36.7
nframe = 64 seed = 1001417847
patience = 0,0

0%   10   20   30   40   50   60   70   80   90   100%
|----|----|----|----|----|----|----|----|----|----|
***************************************************
best node n185 best error 0.0225484
area = 548, delay = 39.3
nframe = 64 seed = 1898290704
patience = 0,0

0%   10   20   30   40   50   60   70   80   90   100%
|----|----|----|----|----|----|----|----|----|----|
***************************************************
best node n140 best error 0.0225858
area = 540, delay = 38.9
nframe = 64 seed = 1147575005
patience = 0,0

0%   10   20   30   40   50   60   70   80   90   100%
|----|----|----|----|----|----|----|----|----|----|
***************************************************
best node n93 best error 0.0225887
area = 545, delay = 38.9
nframe = 64 seed = 2213548689
patience = 0,0

0%   10   20   30   40   50   60   70   80   90   100%
|----|----|----|----|----|----|----|----|----|----|
***************************************************
best node n119 best error 0.0225624
area = 540, delay = 38.9
nframe = 64 seed = 262311270
patience = 0,0

0%   10   20   30   40   50   60   70   80   90   100%
|----|----|----|----|----|----|----|----|----|----|
***************************************************
best node n70 best error 0.0225658
area = 540, delay = 38.9
nframe = 64 seed = 658226056
patience = 0,0

0%   10   20   30   40   50   60   70   80   90   100%
|----|----|----|----|----|----|----|----|----|----|
***************************************************
area = 538, delay = 38.9
nframe = 64 seed = 637556367
patience = 1,0

0%   10   20   30   40   50   60   70   80   90   100%
|----|----|----|----|----|----|----|----|----|----|
***************************************************
area = 540, delay = 38.9
nframe = 64 seed = 255489792
patience = 2,0

0%   10   20   30   40   50   60   70   80   90   100%
|----|----|----|----|----|----|----|----|----|----|
***************************************************
area = 538, delay = 38.9
nframe = 64 seed = 2762178507
patience = 3,0

0%   10   20   30   40   50   60   70   80   90   100%
|----|----|----|----|----|----|----|----|----|----|
***************************************************
area = 540, delay = 38.9
nframe = 64 seed = 3251821634
patience = 4,0

0%   10   20   30   40   50   60   70   80   90   100%
|----|----|----|----|----|----|----|----|----|----|
***************************************************
best node n68 best error 0.0225629
area = 537, delay = 38.9
nframe = 64 seed = 554431672
patience = 0,0

0%   10   20   30   40   50   60   70   80   90   100%
|----|----|----|----|----|----|----|----|----|----|
***************************************************
area = 539, delay = 38.9
nframe = 64 seed = 1265009740
patience = 1,0

0%   10   20   30   40   50   60   70   80   90   100%
|----|----|----|----|----|----|----|----|----|----|
***************************************************
best node n210 best error 0.0226674
area = 534, delay = 38.9
nframe = 64 seed = 3557676730
patience = 0,0

0%   10   20   30   40   50   60   70   80   90   100%
|----|----|----|----|----|----|----|----|----|----|
***************************************************
area = 536, delay = 38.9
nframe = 64 seed = 711475928
patience = 1,0

0%   10   20   30   40   50   60   70   80   90   100%
|----|----|----|----|----|----|----|----|----|----|
***************************************************
best node n117 best error 0.0226911
area = 529, delay = 38.9
nframe = 64 seed = 3552494617
patience = 0,0

0%   10   20   30   40   50   60   70   80   90   100%
|----|----|----|----|----|----|----|----|----|----|
***************************************************
best node n212 best error 0.0228916
area = 528, delay = 36.7
nframe = 64 seed = 1790295940
patience = 0,0

0%   10   20   30   40   50   60   70   80   90   100%
|----|----|----|----|----|----|----|----|----|----|
***************************************************
best node n307 best error 0.0331104
area = 522, delay = 34.7
nframe = 64 seed = 2053184823
patience = 0,0

0%   10   20   30   40   50   60   70   80   90   100%
|----|----|----|----|----|----|----|----|----|----|
***************************************************
best node n260 best error 0.0337875
area = 520, delay = 34.7
nframe = 64 seed = 972572625
patience = 0,0

0%   10   20   30   40   50   60   70   80   90   100%
|----|----|----|----|----|----|----|----|----|----|
***************************************************
best node n283 best error 0.0338183
area = 516, delay = 34.7
nframe = 64 seed = 2418583417
patience = 0,0

0%   10   20   30   40   50   60   70   80   90   100%
|----|----|----|----|----|----|----|----|----|----|
***************************************************
best node n134 best error 0.0338483
area = 517, delay = 36.5
nframe = 64 seed = 1135446419
patience = 0,0

0%   10   20   30   40   50   60   70   80   90   100%
|----|----|----|----|----|----|----|----|----|----|
***************************************************
best node n174 best error 0.033881
area = 511, delay = 36.5
nframe = 64 seed = 885158249
patience = 0,0

0%   10   20   30   40   50   60   70   80   90   100%
|----|----|----|----|----|----|----|----|----|----|
***************************************************
best node n104 best error 0.0338711
area = 509, delay = 35.7
nframe = 64 seed = 3208717340
patience = 0,0

0%   10   20   30   40   50   60   70   80   90   100%
|----|----|----|----|----|----|----|----|----|----|
***************************************************
best node n157 best error 0.0339347
area = 505, delay = 32.6
nframe = 64 seed = 1736935871
patience = 0,0

0%   10   20   30   40   50   60   70   80   90   100%
|----|----|----|----|----|----|----|----|----|----|
***************************************************
best node n138 best error 0.0339172
area = 504, delay = 32.6
nframe = 64 seed = 2777706673
patience = 0,0

0%   10   20   30   40   50   60   70   80   90   100%
|----|----|----|----|----|----|----|----|----|----|
***************************************************
best node n205 best error 0.0339621
area = 500, delay = 32.1
nframe = 64 seed = 2699202647
patience = 0,0

0%   10   20   30   40   50   60   70   80   90   100%
|----|----|----|----|----|----|----|----|----|----|
***************************************************
best node n217 best error 0.0337575
area = 497, delay = 32.1
nframe = 64 seed = 742123916
patience = 0,0

0%   10   20   30   40   50   60   70   80   90   100%
|----|----|----|----|----|----|----|----|----|----|
***************************************************
best node n266 best error 0.0337934
area = 491, delay = 32.1
nframe = 64 seed = 669425466
patience = 0,0

0%   10   20   30   40   50   60   70   80   90   100%
|----|----|----|----|----|----|----|----|----|----|
***************************************************
area = 491, delay = 32.1
nframe = 64 seed = 3748253754
patience = 1,0

0%   10   20   30   40   50   60   70   80   90   100%
|----|----|----|----|----|----|----|----|----|----|
***************************************************
best node n84 best error 0.0337899
area = 487, delay = 32.1
nframe = 64 seed = 1588874015
patience = 0,0

0%   10   20   30   40   50   60   70   80   90   100%
|----|----|----|----|----|----|----|----|----|----|
***************************************************
best node n272 best error 0.0339923
area = 486, delay = 33.5
nframe = 64 seed = 3927430327
patience = 0,0

0%   10   20   30   40   50   60   70   80   90   100%
|----|----|----|----|----|----|----|----|----|----|
***************************************************
best node n132 best error 0.0340201
area = 486, delay = 33.3
nframe = 64 seed = 3630826434
patience = 0,0

0%   10   20   30   40   50   60   70   80   90   100%
|----|----|----|----|----|----|----|----|----|----|
***************************************************
best node n196 best error 0.034053
area = 486, delay = 32.9
nframe = 64 seed = 34756023
patience = 0,0

0%   10   20   30   40   50   60   70   80   90   100%
|----|----|----|----|----|----|----|----|----|----|
***************************************************
best node n195 best error 0.034076
area = 481, delay = 33.3
nframe = 64 seed = 678674186
patience = 0,0

0%   10   20   30   40   50   60   70   80   90   100%
|----|----|----|----|----|----|----|----|----|----|
***************************************************
area = 481, delay = 33.3
nframe = 64 seed = 2637635537
patience = 1,0

0%   10   20   30   40   50   60   70   80   90   100%
|----|----|----|----|----|----|----|----|----|----|
***************************************************
best node n255 best error 0.0343292
area = 480, delay = 33.7
nframe = 64 seed = 2552510504
patience = 0,0

0%   10   20   30   40   50   60   70   80   90   100%
|----|----|----|----|----|----|----|----|----|----|
***************************************************
best node n243 best error 0.0349249
area = 480, delay = 33.7
nframe = 64 seed = 3456158022
patience = 0,0

0%   10   20   30   40   50   60   70   80   90   100%
|----|----|----|----|----|----|----|----|----|----|
***************************************************
best node n183 best error 0.0347047
area = 475, delay = 33.3
nframe = 64 seed = 3869646976
patience = 0,0

0%   10   20   30   40   50   60   70   80   90   100%
|----|----|----|----|----|----|----|----|----|----|
***************************************************
best node n288 best error 0.0532157
area = 473, delay = 32.8
nframe = 64 seed = 2810694192
patience = 0,0

0%   10   20   30   40   50   60   70   80   90   100%
|----|----|----|----|----|----|----|----|----|----|
***************************************************
best node n220 best error 0.0536173
area = 470, delay = 32.8
nframe = 64 seed = 640179904
patience = 0,0

0%   10   20   30   40   50   60   70   80   90   100%
|----|----|----|----|----|----|----|----|----|----|
***************************************************
best node n164 best error 0.0536372
area = 467, delay = 31.3
nframe = 64 seed = 896084931
patience = 0,0

0%   10   20   30   40   50   60   70   80   90   100%
|----|----|----|----|----|----|----|----|----|----|
***************************************************
best node n244 best error 0.0531828
area = 462, delay = 31.3
nframe = 64 seed = 3550444070
patience = 0,0

0%   10   20   30   40   50   60   70   80   90   100%
|----|----|----|----|----|----|----|----|----|----|
***************************************************
area = 462, delay = 31.3
nframe = 64 seed = 252145774
patience = 1,0

0%   10   20   30   40   50   60   70   80   90   100%
|----|----|----|----|----|----|----|----|----|----|
***************************************************
area = 462, delay = 31.3
nframe = 64 seed = 1294341071
patience = 2,0

0%   10   20   30   40   50   60   70   80   90   100%
|----|----|----|----|----|----|----|----|----|----|
***************************************************
best node n205 best error 0.0532443
area = 457, delay = 31.3
nframe = 64 seed = 2531309690
patience = 0,0

0%   10   20   30   40   50   60   70   80   90   100%
|----|----|----|----|----|----|----|----|----|----|
***************************************************
best node n155 best error 0.0533617
area = 457, delay = 30.5
nframe = 64 seed = 4160829321
patience = 0,0

0%   10   20   30   40   50   60   70   80   90   100%
|----|----|----|----|----|----|----|----|----|----|
***************************************************
area = 457, delay = 30.5
nframe = 64 seed = 1871305781
patience = 1,0

0%   10   20   30   40   50   60   70   80   90   100%
|----|----|----|----|----|----|----|----|----|----|
***************************************************
area = 457, delay = 30.5
nframe = 64 seed = 1958853929
patience = 2,0

0%   10   20   30   40   50   60   70   80   90   100%
|----|----|----|----|----|----|----|----|----|----|
***************************************************
area = 457, delay = 30.5
nframe = 64 seed = 3392685695
patience = 3,0

0%   10   20   30   40   50   60   70   80   90   100%
|----|----|----|----|----|----|----|----|----|----|
***************************************************
best node n167 best error 0.0534361
area = 453, delay = 33.9
nframe = 64 seed = 1960830514
patience = 0,0

0%   10   20   30   40   50   60   70   80   90   100%
|----|----|----|----|----|----|----|----|----|----|
***************************************************
best node n213 best error 0.0536598
area = 458, delay = 33.9
nframe = 64 seed = 3650345231
patience = 0,0

0%   10   20   30   40   50   60   70   80   90   100%
|----|----|----|----|----|----|----|----|----|----|
***************************************************
best node n219 best error 0.0538426
area = 452, delay = 31
nframe = 64 seed = 1165702412
patience = 0,0

0%   10   20   30   40   50   60   70   80   90   100%
|----|----|----|----|----|----|----|----|----|----|
***************************************************
area = 452, delay = 31
nframe = 64 seed = 1146414786
patience = 1,0

0%   10   20   30   40   50   60   70   80   90   100%
|----|----|----|----|----|----|----|----|----|----|
***************************************************
best node n217 best error 0.0543869
area = 444, delay = 30.7
nframe = 64 seed = 4160935797
patience = 0,0

0%   10   20   30   40   50   60   70   80   90   100%
|----|----|----|----|----|----|----|----|----|----|
***************************************************
best node n150 best error 0.0544918
area = 441, delay = 30.7
nframe = 64 seed = 3955897253
patience = 0,0

0%   10   20   30   40   50   60   70   80   90   100%
|----|----|----|----|----|----|----|----|----|----|
***************************************************
area = 441, delay = 30.7
nframe = 64 seed = 2339078388
patience = 1,0

0%   10   20   30   40   50   60   70   80   90   100%
|----|----|----|----|----|----|----|----|----|----|
***************************************************
best node n149 best error 0.0545096
area = 433, delay = 30.7
nframe = 64 seed = 4182026825
patience = 0,0

0%   10   20   30   40   50   60   70   80   90   100%
|----|----|----|----|----|----|----|----|----|----|
***************************************************
area = 432, delay = 30.7
nframe = 64 seed = 3222068874
patience = 1,0

0%   10   20   30   40   50   60   70   80   90   100%
|----|----|----|----|----|----|----|----|----|----|
***************************************************
area = 433, delay = 30.7
nframe = 64 seed = 2515732384
patience = 2,0

0%   10   20   30   40   50   60   70   80   90   100%
|----|----|----|----|----|----|----|----|----|----|
***************************************************
area = 432, delay = 30.7
nframe = 64 seed = 1659688916
patience = 3,0

0%   10   20   30   40   50   60   70   80   90   100%
|----|----|----|----|----|----|----|----|----|----|
***************************************************
best node n200 best error 0.0546778
area = 431, delay = 30.7
nframe = 64 seed = 1607762249
patience = 0,0

0%   10   20   30   40   50   60   70   80   90   100%
|----|----|----|----|----|----|----|----|----|----|
***************************************************
best node n223 best error 0.0557689
area = 423, delay = 30.7
nframe = 64 seed = 2948120994
patience = 0,0

0%   10   20   30   40   50   60   70   80   90   100%
|----|----|----|----|----|----|----|----|----|----|
***************************************************
best node n230 best error 0.0563595
area = 420, delay = 30.6
nframe = 64 seed = 3623407230
patience = 0,0

0%   10   20   30   40   50   60   70   80   90   100%
|----|----|----|----|----|----|----|----|----|----|
***************************************************
best node n260 best error 0.071363
area = 418, delay = 30.6
nframe = 64 seed = 2305471296
patience = 0,0

0%   10   20   30   40   50   60   70   80   90   100%
|----|----|----|----|----|----|----|----|----|----|
***************************************************
area = 418, delay = 30.6
nframe = 64 seed = 2031591191
patience = 1,0

0%   10   20   30   40   50   60   70   80   90   100%
|----|----|----|----|----|----|----|----|----|----|
***************************************************
area = 418, delay = 30.6
nframe = 64 seed = 2051623299
patience = 2,0

0%   10   20   30   40   50   60   70   80   90   100%
|----|----|----|----|----|----|----|----|----|----|
***************************************************
area = 418, delay = 30.6
nframe = 64 seed = 930791907
patience = 3,0

0%   10   20   30   40   50   60   70   80   90   100%
|----|----|----|----|----|----|----|----|----|----|
***************************************************
best node n131 best error 0.0713315
area = 415, delay = 30.6
nframe = 64 seed = 534757346
patience = 0,0

0%   10   20   30   40   50   60   70   80   90   100%
|----|----|----|----|----|----|----|----|----|----|
***************************************************
area = 415, delay = 30.6
nframe = 64 seed = 1495702590
patience = 1,0

0%   10   20   30   40   50   60   70   80   90   100%
|----|----|----|----|----|----|----|----|----|----|
***************************************************
best node n39 best error 0.0713308
area = 410, delay = 30.6
nframe = 64 seed = 212671147
patience = 0,0

0%   10   20   30   40   50   60   70   80   90   100%
|----|----|----|----|----|----|----|----|----|----|
***************************************************
area = 410, delay = 30.6
nframe = 64 seed = 1004562793
patience = 1,0

0%   10   20   30   40   50   60   70   80   90   100%
|----|----|----|----|----|----|----|----|----|----|
***************************************************
area = 410, delay = 30.6
nframe = 64 seed = 2136107554
patience = 2,0

0%   10   20   30   40   50   60   70   80   90   100%
|----|----|----|----|----|----|----|----|----|----|
***************************************************
area = 410, delay = 30.6
nframe = 64 seed = 1660008425
patience = 3,0

0%   10   20   30   40   50   60   70   80   90   100%
|----|----|----|----|----|----|----|----|----|----|
***************************************************
best node n227 best error 0.0712696
area = 406, delay = 30.6
nframe = 64 seed = 2526033594
patience = 0,0

0%   10   20   30   40   50   60   70   80   90   100%
|----|----|----|----|----|----|----|----|----|----|
***************************************************
area = 406, delay = 30.6
nframe = 64 seed = 3071818347
patience = 1,0

0%   10   20   30   40   50   60   70   80   90   100%
|----|----|----|----|----|----|----|----|----|----|
***************************************************
area = 406, delay = 30.6
nframe = 64 seed = 2124076839
patience = 2,0

0%   10   20   30   40   50   60   70   80   90   100%
|----|----|----|----|----|----|----|----|----|----|
***************************************************
area = 406, delay = 30.6
nframe = 64 seed = 263810179
patience = 3,0

0%   10   20   30   40   50   60   70   80   90   100%
|----|----|----|----|----|----|----|----|----|----|
***************************************************
area = 406, delay = 30.6
nframe = 64 seed = 1000350220
patience = 4,0

0%   10   20   30   40   50   60   70   80   90   100%
|----|----|----|----|----|----|----|----|----|----|
***************************************************
area = 406, delay = 30.6
nframe = 32 seed = 685016106
patience = 0,0

0%   10   20   30   40   50   60   70   80   90   100%
|----|----|----|----|----|----|----|----|----|----|
***************************************************
area = 406, delay = 30.6
nframe = 32 seed = 902182640
patience = 1,0

0%   10   20   30   40   50   60   70   80   90   100%
|----|----|----|----|----|----|----|----|----|----|
***************************************************
best node n231 best error 0.073462
area = 405, delay = 30.6
nframe = 32 seed = 1773252595
patience = 0,0

0%   10   20   30   40   50   60   70   80   90   100%
|----|----|----|----|----|----|----|----|----|----|
***************************************************
area = 405, delay = 30.6
nframe = 32 seed = 1808194165
patience = 1,0

0%   10   20   30   40   50   60   70   80   90   100%
|----|----|----|----|----|----|----|----|----|----|
***************************************************
best node n242 best error 0.0729289
area = 404, delay = 30.6
nframe = 32 seed = 3980376232
patience = 0,0

0%   10   20   30   40   50   60   70   80   90   100%
|----|----|----|----|----|----|----|----|----|----|
***************************************************
best node n226 best error 0.0734008
area = 396, delay = 30.6
nframe = 32 seed = 1292783738
patience = 0,0

0%   10   20   30   40   50   60   70   80   90   100%
|----|----|----|----|----|----|----|----|----|----|
***************************************************
area = 396, delay = 30.6
nframe = 32 seed = 2032388297
patience = 1,0

0%   10   20   30   40   50   60   70   80   90   100%
|----|----|----|----|----|----|----|----|----|----|
***************************************************
area = 396, delay = 30.6
nframe = 32 seed = 729513511
patience = 2,0

0%   10   20   30   40   50   60   70   80   90   100%
|----|----|----|----|----|----|----|----|----|----|
***************************************************
area = 396, delay = 30.6
nframe = 32 seed = 2235890359
patience = 3,0

0%   10   20   30   40   50   60   70   80   90   100%
|----|----|----|----|----|----|----|----|----|----|
***************************************************
area = 396, delay = 30.6
nframe = 32 seed = 2336284105
patience = 4,0

0%   10   20   30   40   50   60   70   80   90   100%
|----|----|----|----|----|----|----|----|----|----|
***************************************************
area = 396, delay = 30.6
nframe = 16 seed = 1586183703
patience = 0,0

0%   10   20   30   40   50   60   70   80   90   100%
|----|----|----|----|----|----|----|----|----|----|
***************************************************
area = 396, delay = 30.6
nframe = 16 seed = 3910914637
patience = 1,0

0%   10   20   30   40   50   60   70   80   90   100%
|----|----|----|----|----|----|----|----|----|----|
***************************************************
best node n228 best error 0.0758246
area = 395, delay = 24
nframe = 16 seed = 180677814
patience = 0,0

0%   10   20   30   40   50   60   70   80   90   100%
|----|----|----|----|----|----|----|----|----|----|
***************************************************
best node n238 best error 0.0775133
area = 389, delay = 24
nframe = 16 seed = 3687345270
patience = 0,0

0%   10   20   30   40   50   60   70   80   90   100%
|----|----|----|----|----|----|----|----|----|----|
***************************************************
area = 389, delay = 24
nframe = 16 seed = 4272792567
patience = 1,0

0%   10   20   30   40   50   60   70   80   90   100%
|----|----|----|----|----|----|----|----|----|----|
***************************************************
best node n237 best error 0.0781009
area = 388, delay = 24.4
nframe = 16 seed = 1248279493
patience = 0,0

0%   10   20   30   40   50   60   70   80   90   100%
|----|----|----|----|----|----|----|----|----|----|
***************************************************
best node n242 best error 0.0758124
area = 385, delay = 24.5
nframe = 16 seed = 446339521
patience = 0,0

0%   10   20   30   40   50   60   70   80   90   100%
|----|----|----|----|----|----|----|----|----|----|
***************************************************
area = 385, delay = 24.5
nframe = 16 seed = 2924590759
patience = 1,0

0%   10   20   30   40   50   60   70   80   90   100%
|----|----|----|----|----|----|----|----|----|----|
***************************************************
best node n166 best error 0.0757919
area = 384, delay = 24
nframe = 16 seed = 2592594377
patience = 0,0

0%   10   20   30   40   50   60   70   80   90   100%
|----|----|----|----|----|----|----|----|----|----|
***************************************************
best node n228 best error 0.0762857
area = 380, delay = 24.8
nframe = 16 seed = 2082072793
patience = 0,0

0%   10   20   30   40   50   60   70   80   90   100%
|----|----|----|----|----|----|----|----|----|----|
***************************************************
area = 380, delay = 24.8
nframe = 16 seed = 3436556637
patience = 1,0

0%   10   20   30   40   50   60   70   80   90   100%
|----|----|----|----|----|----|----|----|----|----|
***************************************************
best node n240 best error 0.0774708
area = 379, delay = 24.8
nframe = 16 seed = 1436210978
patience = 0,0

0%   10   20   30   40   50   60   70   80   90   100%
|----|----|----|----|----|----|----|----|----|----|
***************************************************
area = 379, delay = 24.8
nframe = 16 seed = 870715019
patience = 1,0

0%   10   20   30   40   50   60   70   80   90   100%
|----|----|----|----|----|----|----|----|----|----|
***************************************************
area = 379, delay = 24.8
nframe = 16 seed = 2833651631
patience = 2,0

0%   10   20   30   40   50   60   70   80   90   100%
|----|----|----|----|----|----|----|----|----|----|
***************************************************
area = 379, delay = 24.8
nframe = 16 seed = 2657413151
patience = 3,0

0%   10   20   30   40   50   60   70   80   90   100%
|----|----|----|----|----|----|----|----|----|----|
***************************************************
area = 379, delay = 24.8
nframe = 16 seed = 825076877
patience = 4,0

0%   10   20   30   40   50   60   70   80   90   100%
|----|----|----|----|----|----|----|----|----|----|
***************************************************
area = 379, delay = 24.8
nframe = 8 seed = 3281053598
patience = 0,0

0%   10   20   30   40   50   60   70   80   90   100%
|----|----|----|----|----|----|----|----|----|----|
***************************************************
area = 379, delay = 24.8
nframe = 8 seed = 4220254779
patience = 1,0

0%   10   20   30   40   50   60   70   80   90   100%
|----|----|----|----|----|----|----|----|----|----|
***************************************************
best node n186 best error 0.0774876
area = 374, delay = 18.9
nframe = 8 seed = 2466419888
patience = 0,0

0%   10   20   30   40   50   60   70   80   90   100%
|----|----|----|----|----|----|----|----|----|----|
***************************************************
area = 374, delay = 18.9
nframe = 8 seed = 1364082507
patience = 1,0

0%   10   20   30   40   50   60   70   80   90   100%
|----|----|----|----|----|----|----|----|----|----|
***************************************************
best node n186 best error 0.0768738
area = 368, delay = 19.4
nframe = 8 seed = 3001927920
patience = 0,0

0%   10   20   30   40   50   60   70   80   90   100%
|----|----|----|----|----|----|----|----|----|----|
***************************************************
best node n88 best error 0.0768822
area = 364, delay = 19.4
nframe = 8 seed = 4119304080
patience = 0,0

0%   10   20   30   40   50   60   70   80   90   100%
|----|----|----|----|----|----|----|----|----|----|
***************************************************
area = 364, delay = 19.4
nframe = 8 seed = 4123257
patience = 1,0

0%   10   20   30   40   50   60   70   80   90   100%
|----|----|----|----|----|----|----|----|----|----|
***************************************************
best node n231 best error 0.0831293
area = 362, delay = 19.4
nframe = 8 seed = 2457444698
patience = 0,0

0%   10   20   30   40   50   60   70   80   90   100%
|----|----|----|----|----|----|----|----|----|----|
***************************************************
best node n231 best error 0.0866758
area = 358, delay = 19.4
nframe = 8 seed = 3024906834
patience = 0,0

0%   10   20   30   40   50   60   70   80   90   100%
|----|----|----|----|----|----|----|----|----|----|
***************************************************
area = 358, delay = 19.4
nframe = 8 seed = 3392749755
patience = 1,0

0%   10   20   30   40   50   60   70   80   90   100%
|----|----|----|----|----|----|----|----|----|----|
***************************************************
area = 358, delay = 19.4
nframe = 8 seed = 3054462085
patience = 2,0

0%   10   20   30   40   50   60   70   80   90   100%
|----|----|----|----|----|----|----|----|----|----|
***************************************************
area = 358, delay = 19.4
nframe = 8 seed = 749623311
patience = 3,0

0%   10   20   30   40   50   60   70   80   90   100%
|----|----|----|----|----|----|----|----|----|----|
***************************************************
best node n158 best error 0.0863855
area = 357, delay = 19.4
nframe = 8 seed = 139224954
patience = 0,0

0%   10   20   30   40   50   60   70   80   90   100%
|----|----|----|----|----|----|----|----|----|----|
***************************************************
best node n154 best error 0.0863789
area = 356, delay = 19.4
nframe = 8 seed = 3218482553
patience = 0,0

0%   10   20   30   40   50   60   70   80   90   100%
|----|----|----|----|----|----|----|----|----|----|
***************************************************
area = 356, delay = 19.4
nframe = 8 seed = 4285603048
patience = 1,0

0%   10   20   30   40   50   60   70   80   90   100%
|----|----|----|----|----|----|----|----|----|----|
***************************************************
area = 356, delay = 19.4
nframe = 8 seed = 1320651131
patience = 2,0

0%   10   20   30   40   50   60   70   80   90   100%
|----|----|----|----|----|----|----|----|----|----|
***************************************************
best node n234 best error 0.1061
area = 354, delay = 19.4
nframe = 8 seed = 2822119562
patience = 0,0

0%   10   20   30   40   50   60   70   80   90   100%
|----|----|----|----|----|----|----|----|----|----|
***************************************************
area = 354, delay = 19.4
nframe = 8 seed = 3315095098
patience = 1,0

0%   10   20   30   40   50   60   70   80   90   100%
|----|----|----|----|----|----|----|----|----|----|
***************************************************
best node n216 best error 0.105559
area = 353, delay = 17.5
nframe = 8 seed = 2090517746
patience = 0,0

0%   10   20   30   40   50   60   70   80   90   100%
|----|----|----|----|----|----|----|----|----|----|
***************************************************
area = 353, delay = 17.5
nframe = 8 seed = 2770332765
patience = 1,0

0%   10   20   30   40   50   60   70   80   90   100%
|----|----|----|----|----|----|----|----|----|----|
***************************************************
area = 353, delay = 17.5
nframe = 8 seed = 1304194964
patience = 2,0

0%   10   20   30   40   50   60   70   80   90   100%
|----|----|----|----|----|----|----|----|----|----|
***************************************************
area = 353, delay = 17.5
nframe = 8 seed = 3422510755
patience = 3,0

0%   10   20   30   40   50   60   70   80   90   100%
|----|----|----|----|----|----|----|----|----|----|
***************************************************
area = 353, delay = 17.5
nframe = 8 seed = 2286982104
patience = 4,0

0%   10   20   30   40   50   60   70   80   90   100%
|----|----|----|----|----|----|----|----|----|----|
***************************************************
area = 353, delay = 17.5
nframe = 4 seed = 2107277083
patience = 0,0

0%   10   20   30   40   50   60   70   80   90   100%
|----|----|----|----|----|----|----|----|----|----|
***************************************************
area = 353, delay = 17.5
nframe = 4 seed = 2211301125
patience = 1,0

0%   10   20   30   40   50   60   70   80   90   100%
|----|----|----|----|----|----|----|----|----|----|
***************************************************
best node n223 best error 0.104949
area = 351, delay = 17.5
nframe = 4 seed = 2641240528
patience = 0,0

0%   10   20   30   40   50   60   70   80   90   100%
|----|----|----|----|----|----|----|----|----|----|
***************************************************
best node n183 best error 0.105128
area = 347, delay = 18.3
nframe = 4 seed = 1212295737
patience = 0,0

0%   10   20   30   40   50   60   70   80   90   100%
|----|----|----|----|----|----|----|----|----|----|
***************************************************
area = 347, delay = 18.3
nframe = 4 seed = 2450976590
patience = 1,0

0%   10   20   30   40   50   60   70   80   90   100%
|----|----|----|----|----|----|----|----|----|----|
***************************************************
best node n82 best error 0.105104
area = 344, delay = 18.3
nframe = 4 seed = 2671914102
patience = 0,0

0%   10   20   30   40   50   60   70   80   90   100%
|----|----|----|----|----|----|----|----|----|----|
***************************************************
area = 344, delay = 18.3
nframe = 4 seed = 2929348318
patience = 1,0

0%   10   20   30   40   50   60   70   80   90   100%
|----|----|----|----|----|----|----|----|----|----|
***************************************************
area = 344, delay = 18.3
nframe = 4 seed = 2582496546
patience = 2,0

0%   10   20   30   40   50   60   70   80   90   100%
|----|----|----|----|----|----|----|----|----|----|
***************************************************
area = 344, delay = 18.3
nframe = 4 seed = 2837622349
patience = 3,0

0%   10   20   30   40   50   60   70   80   90   100%
|----|----|----|----|----|----|----|----|----|----|
***************************************************
area = 344, delay = 18.3
nframe = 4 seed = 2108448062
patience = 4,0

0%   10   20   30   40   50   60   70   80   90   100%
|----|----|----|----|----|----|----|----|----|----|
***************************************************
best node n81 best error 0.105091
area = 342, delay = 18.3
nframe = 4 seed = 666689715
patience = 0,0

0%   10   20   30   40   50   60   70   80   90   100%
|----|----|----|----|----|----|----|----|----|----|
***************************************************
area = 342, delay = 18.3
nframe = 4 seed = 2782660879
patience = 1,0

0%   10   20   30   40   50   60   70   80   90   100%
|----|----|----|----|----|----|----|----|----|----|
***************************************************
area = 342, delay = 18.3
nframe = 4 seed = 2779150831
patience = 2,0

0%   10   20   30   40   50   60   70   80   90   100%
|----|----|----|----|----|----|----|----|----|----|
***************************************************
area = 342, delay = 18.3
nframe = 4 seed = 2197725444
patience = 3,0

0%   10   20   30   40   50   60   70   80   90   100%
|----|----|----|----|----|----|----|----|----|----|
***************************************************
area = 342, delay = 18.3
nframe = 4 seed = 3824142645
patience = 4,0

0%   10   20   30   40   50   60   70   80   90   100%
|----|----|----|----|----|----|----|----|----|----|
***************************************************
area = 342, delay = 18.3
nframe = 2 seed = 2712653381
patience = 0,0

0%   10   20   30   40   50   60   70   80   90   100%
|----|----|----|----|----|----|----|----|----|----|
***************************************************
area = 342, delay = 18.3
nframe = 2 seed = 4029620970
patience = 1,0

0%   10   20   30   40   50   60   70   80   90   100%
|----|----|----|----|----|----|----|----|----|----|
***************************************************
area = 342, delay = 18.3
nframe = 2 seed = 2940213462
patience = 2,0

0%   10   20   30   40   50   60   70   80   90   100%
|----|----|----|----|----|----|----|----|----|----|
***************************************************
area = 342, delay = 18.3
nframe = 2 seed = 2089734833
patience = 3,0

0%   10   20   30   40   50   60   70   80   90   100%
|----|----|----|----|----|----|----|----|----|----|
***************************************************
area = 342, delay = 18.3
nframe = 2 seed = 3847403929
patience = 4,0

0%   10   20   30   40   50   60   70   80   90   100%
|----|----|----|----|----|----|----|----|----|----|
***************************************************
area = 342, delay = 18.3
nframe = 1 seed = 3208288718
patience = 0,0

0%   10   20   30   40   50   60   70   80   90   100%
|----|----|----|----|----|----|----|----|----|----|
***************************************************
area = 342, delay = 18.3
nframe = 1 seed = 3714702319
patience = 1,0

0%   10   20   30   40   50   60   70   80   90   100%
|----|----|----|----|----|----|----|----|----|----|
***************************************************
area = 342, delay = 18.3
nframe = 1 seed = 578590619
patience = 2,0

0%   10   20   30   40   50   60   70   80   90   100%
|----|----|----|----|----|----|----|----|----|----|
***************************************************
area = 342, delay = 18.3
nframe = 1 seed = 2671692439
patience = 3,0

0%   10   20   30   40   50   60   70   80   90   100%
|----|----|----|----|----|----|----|----|----|----|
***************************************************
area = 342, delay = 18.3
nframe = 1 seed = 2685374911
patience = 4,0

0%   10   20   30   40   50   60   70   80   90   100%
|----|----|----|----|----|----|----|----|----|----|
***************************************************
area = 342, delay = 18.3
[debug assert] src/dcals.cpp:63: Assertion '(0)' failed.
