Entered genlib library with 23 gates from file "data/genlib/mcnc.genlib".
Line 7: Skipping line ".default_input_arrival 0.00 0.00 ".
Line 8: Skipping line ".default_output_required 0.00 0.00 ".
Line 9: Skipping line ".default_input_drive 0.10 0.10 ".
Line 10: Skipping line ".default_output_load 2.00 ".
Line 11: Skipping line ".default_max_input_load 999.00 ".
Original area = 758, original delay = 37.3

round 0
seed = 0 patienceN = 0 patienceM = 0 frameNumber = 64 nLocalPI = 30

0%   10   20   30   40   50   60   70   80   90   100%
|----|----|----|----|----|----|----|----|----|----|
***************************************************
best node [95923] best error 0
time = 8902556
area = 675
delay = 31.8
write_blif appntk/c1908_0_0_675_31.8.blif

round 1
seed = 1567411795 patienceN = 0 patienceM = 0 frameNumber = 64 nLocalPI = 30

0%   10   20   30   40   50   60   70   80   90   100%
|----|----|----|----|----|----|----|----|----|----|
***************************************************
best node n407 best error 0
time = 18215408
area = 681
delay = 33
write_blif appntk/c1908_1_0_681_33.blif

round 2
seed = 1567411804 patienceN = 0 patienceM = 0 frameNumber = 64 nLocalPI = 30

0%   10   20   30   40   50   60   70   80   90   100%
|----|----|----|----|----|----|----|----|----|----|
***************************************************
best node n270 best error 0.000664063
time = 27814275
area = 659
delay = 32.9
write_blif appntk/c1908_2_0.000664063_659_32.9.blif

round 3
seed = 1567411813 patienceN = 0 patienceM = 0 frameNumber = 64 nLocalPI = 30

0%   10   20   30   40   50   60   70   80   90   100%
|----|----|----|----|----|----|----|----|----|----|
***************************************************
best node n298 best error 0.000996094
time = 37318700
area = 672
delay = 35.6
write_blif appntk/c1908_3_0.000996094_672_35.6.blif

round 4
seed = 1567411823 patienceN = 0 patienceM = 0 frameNumber = 64 nLocalPI = 30

0%   10   20   30   40   50   60   70   80   90   100%
|----|----|----|----|----|----|----|----|----|----|
***************************************************
best node n353 best error 0.000996094
time = 46168648
area = 663
delay = 32.2
write_blif appntk/c1908_4_0.000996094_663_32.2.blif

round 5
seed = 1567411833 patienceN = 0 patienceM = 0 frameNumber = 64 nLocalPI = 30

0%   10   20   30   40   50   60   70   80   90   100%
|----|----|----|----|----|----|----|----|----|----|
***************************************************
best node n291 best error 0.00165039
time = 55785785
area = 665
delay = 29.1
write_blif appntk/c1908_5_0.00165039_665_29.1.blif

round 6
seed = 1567411841 patienceN = 0 patienceM = 0 frameNumber = 64 nLocalPI = 30

0%   10   20   30   40   50   60   70   80   90   100%
|----|----|----|----|----|----|----|----|----|----|
***************************************************
best node n331 best error 0.0022168
time = 63759008
area = 659
delay = 31.9
write_blif appntk/c1908_6_0.0022168_659_31.9.blif

round 7
seed = 1567411851 patienceN = 0 patienceM = 0 frameNumber = 64 nLocalPI = 30

0%   10   20   30   40   50   60   70   80   90   100%
|----|----|----|----|----|----|----|----|----|----|
***************************************************
best node n290 best error 0.00231445
time = 73586940
area = 659
delay = 33.6
write_blif appntk/c1908_7_0.00231445_659_33.6.blif

round 8
seed = 1567411859 patienceN = 0 patienceM = 0 frameNumber = 64 nLocalPI = 30

0%   10   20   30   40   50   60   70   80   90   100%
|----|----|----|----|----|----|----|----|----|----|
***************************************************
best node n350 best error 0.0024707
time = 83562376
area = 652
delay = 31.5
write_blif appntk/c1908_8_0.0024707_652_31.5.blif

round 9
seed = 1567411869 patienceN = 0 patienceM = 0 frameNumber = 64 nLocalPI = 30

0%   10   20   30   40   50   60   70   80   90   100%
|----|----|----|----|----|----|----|----|----|----|
***************************************************
best node n345 best error 0.00286133
time = 90991934
area = 656
delay = 31.7
write_blif appntk/c1908_9_0.00286133_656_31.7.blif

round 10
seed = 1567411879 patienceN = 0 patienceM = 0 frameNumber = 64 nLocalPI = 30

0%   10   20   30   40   50   60   70   80   90   100%
|----|----|----|----|----|----|----|----|----|----|
***************************************************
best node n293 best error 0.00338867
time = 98285971
area = 652
delay = 33.2
write_blif appntk/c1908_10_0.00338867_652_33.2.blif

round 11
seed = 1567411886 patienceN = 0 patienceM = 0 frameNumber = 64 nLocalPI = 30

0%   10   20   30   40   50   60   70   80   90   100%
|----|----|----|----|----|----|----|----|----|----|
***************************************************
best node n292 best error 0.00404297
time = 105246091
area = 627
delay = 28.2
write_blif appntk/c1908_11_0.00404297_627_28.2.blif

round 12
seed = 1567411893 patienceN = 0 patienceM = 0 frameNumber = 64 nLocalPI = 30

0%   10   20   30   40   50   60   70   80   90   100%
|----|----|----|----|----|----|----|----|----|----|
***************************************************
best node n299 best error 0.0047168
time = 113151192
area = 639
delay = 33.2
write_blif appntk/c1908_12_0.0047168_639_33.2.blif

round 13
seed = 1567411900 patienceN = 0 patienceM = 0 frameNumber = 64 nLocalPI = 30

0%   10   20   30   40   50   60   70   80   90   100%
|----|----|----|----|----|----|----|----|----|----|
***************************************************
best node n269 best error 0.00545898
time = 119921769
area = 633
delay = 32
write_blif appntk/c1908_13_0.00545898_633_32.blif

round 14
seed = 1567411908 patienceN = 0 patienceM = 0 frameNumber = 64 nLocalPI = 30

0%   10   20   30   40   50   60   70   80   90   100%
|----|----|----|----|----|----|----|----|----|----|
***************************************************
best node n248 best error 0.00621094
time = 126337594
area = 630
delay = 33.1
write_blif appntk/c1908_14_0.00621094_630_33.1.blif

round 15
seed = 1567411915 patienceN = 0 patienceM = 0 frameNumber = 64 nLocalPI = 30

0%   10   20   30   40   50   60   70   80   90   100%
|----|----|----|----|----|----|----|----|----|----|
***************************************************
best node n319 best error 0.00692383
time = 133227686
area = 623
delay = 32
write_blif appntk/c1908_15_0.00692383_623_32.blif

round 16
seed = 1567411921 patienceN = 0 patienceM = 0 frameNumber = 64 nLocalPI = 30

0%   10   20   30   40   50   60   70   80   90   100%
|----|----|----|----|----|----|----|----|----|----|
***************************************************
best node n365 best error 0.00764648
time = 139868992
area = 623
delay = 29.7
write_blif appntk/c1908_16_0.00764648_623_29.7.blif

round 17
seed = 1567411928 patienceN = 0 patienceM = 0 frameNumber = 64 nLocalPI = 30

0%   10   20   30   40   50   60   70   80   90   100%
|----|----|----|----|----|----|----|----|----|----|
***************************************************
best node n247 best error 0.00775391
time = 146513430
area = 614
delay = 30.8
write_blif appntk/c1908_17_0.00775391_614_30.8.blif

round 18
seed = 1567411935 patienceN = 0 patienceM = 0 frameNumber = 64 nLocalPI = 30

0%   10   20   30   40   50   60   70   80   90   100%
|----|----|----|----|----|----|----|----|----|----|
***************************************************
best node n309 best error 0.00834961
time = 153263244
area = 607
delay = 31.9
write_blif appntk/c1908_18_0.00834961_607_31.9.blif

round 19
seed = 1567411942 patienceN = 0 patienceM = 0 frameNumber = 64 nLocalPI = 30

0%   10   20   30   40   50   60   70   80   90   100%
|----|----|----|----|----|----|----|----|----|----|
***************************************************
best node n257 best error 0.00844727
time = 159892504
area = 599
delay = 32.3
write_blif appntk/c1908_19_0.00844727_599_32.3.blif

round 20
seed = 1567411948 patienceN = 0 patienceM = 0 frameNumber = 64 nLocalPI = 30

0%   10   20   30   40   50   60   70   80   90   100%
|----|----|----|----|----|----|----|----|----|----|
***************************************************
best node n319 best error 0.00899414
time = 166244569
area = 612
delay = 30.1
write_blif appntk/c1908_20_0.00899414_612_30.1.blif

round 21
seed = 1567411955 patienceN = 0 patienceM = 0 frameNumber = 64 nLocalPI = 30

0%   10   20   30   40   50   60   70   80   90   100%
|----|----|----|----|----|----|----|----|----|----|
***************************************************
best node n256 best error 0.00907227
time = 172767505
area = 595
delay = 29.1
write_blif appntk/c1908_21_0.00907227_595_29.1.blif

round 22
seed = 1567411961 patienceN = 0 patienceM = 0 frameNumber = 64 nLocalPI = 30

0%   10   20   30   40   50   60   70   80   90   100%
|----|----|----|----|----|----|----|----|----|----|
***************************************************
best node n351 best error 0.00950195
time = 178990405
area = 592
delay = 30.2
write_blif appntk/c1908_22_0.00950195_592_30.2.blif

round 23
seed = 1567411968 patienceN = 0 patienceM = 0 frameNumber = 64 nLocalPI = 30

0%   10   20   30   40   50   60   70   80   90   100%
|----|----|----|----|----|----|----|----|----|----|
***************************************************
best node n270 best error 0.00999023
time = 184386614
area = 594
delay = 29.9
write_blif appntk/c1908_23_0.00999023_594_29.9.blif

round 24
seed = 1567411974 patienceN = 0 patienceM = 0 frameNumber = 64 nLocalPI = 30

0%   10   20   30   40   50   60   70   80   90   100%
|----|----|----|----|----|----|----|----|----|----|
***************************************************
best node n267 best error 0.0105371
time = 190304306
area = 592
delay = 31.2
write_blif appntk/c1908_24_0.0105371_592_31.2.blif

round 25
seed = 1567411980 patienceN = 0 patienceM = 0 frameNumber = 64 nLocalPI = 30

0%   10   20   30   40   50   60   70   80   90   100%
|----|----|----|----|----|----|----|----|----|----|
***************************************************
best node n311 best error 0.011084
time = 195413817
area = 570
delay = 30.3
write_blif appntk/c1908_25_0.011084_570_30.3.blif

round 26
seed = 1567411985 patienceN = 0 patienceM = 0 frameNumber = 64 nLocalPI = 30

0%   10   20   30   40   50   60   70   80   90   100%
|----|----|----|----|----|----|----|----|----|----|
***************************************************
best node n279 best error 0.0111816
time = 200905282
area = 570
delay = 36.5
write_blif appntk/c1908_26_0.0111816_570_36.5.blif

round 27
seed = 1567411991 patienceN = 0 patienceM = 0 frameNumber = 64 nLocalPI = 30

0%   10   20   30   40   50   60   70   80   90   100%
|----|----|----|----|----|----|----|----|----|----|
***************************************************
best node n232 best error 0.0119629
time = 206241494
area = 579
delay = 31.6
write_blif appntk/c1908_27_0.0119629_579_31.6.blif

round 28
seed = 1567411996 patienceN = 0 patienceM = 0 frameNumber = 64 nLocalPI = 30

0%   10   20   30   40   50   60   70   80   90   100%
|----|----|----|----|----|----|----|----|----|----|
***************************************************
best node n272 best error 0.0127148
time = 211178574
area = 579
delay = 29
write_blif appntk/c1908_28_0.0127148_579_29.blif

round 29
seed = 1567412001 patienceN = 0 patienceM = 0 frameNumber = 64 nLocalPI = 30

0%   10   20   30   40   50   60   70   80   90   100%
|----|----|----|----|----|----|----|----|----|----|
***************************************************
best node n306 best error 0.0133887
time = 216333377
area = 571
delay = 30.1
write_blif appntk/c1908_29_0.0133887_571_30.1.blif

round 30
seed = 1567412006 patienceN = 0 patienceM = 0 frameNumber = 64 nLocalPI = 30

0%   10   20   30   40   50   60   70   80   90   100%
|----|----|----|----|----|----|----|----|----|----|
***************************************************
best node n286 best error 0.0140234
time = 221387245
area = 559
delay = 31.3
write_blif appntk/c1908_30_0.0140234_559_31.3.blif

round 31
seed = 1567412011 patienceN = 0 patienceM = 0 frameNumber = 64 nLocalPI = 30

0%   10   20   30   40   50   60   70   80   90   100%
|----|----|----|----|----|----|----|----|----|----|
***************************************************
best node n231 best error 0.0141113
time = 226573433
area = 563
delay = 26.7
write_blif appntk/c1908_31_0.0141113_563_26.7.blif

round 32
seed = 1567412017 patienceN = 0 patienceM = 0 frameNumber = 64 nLocalPI = 30

0%   10   20   30   40   50   60   70   80   90   100%
|----|----|----|----|----|----|----|----|----|----|
***************************************************
best node n278 best error 0.014873
time = 231645156
area = 561
delay = 36.9
write_blif appntk/c1908_32_0.014873_561_36.9.blif

round 33
seed = 1567412022 patienceN = 0 patienceM = 0 frameNumber = 64 nLocalPI = 30

0%   10   20   30   40   50   60   70   80   90   100%
|----|----|----|----|----|----|----|----|----|----|
***************************************************
best node n263 best error 0.0156641
time = 236474915
area = 563
delay = 30.1
write_blif appntk/c1908_33_0.0156641_563_30.1.blif

round 34
seed = 1567412027 patienceN = 0 patienceM = 0 frameNumber = 64 nLocalPI = 30

0%   10   20   30   40   50   60   70   80   90   100%
|----|----|----|----|----|----|----|----|----|----|
***************************************************
best node n250 best error 0.0164355
time = 241325135
area = 553
delay = 37
write_blif appntk/c1908_34_0.0164355_553_37.blif

round 35
seed = 1567412032 patienceN = 0 patienceM = 0 frameNumber = 64 nLocalPI = 30

0%   10   20   30   40   50   60   70   80   90   100%
|----|----|----|----|----|----|----|----|----|----|
***************************************************
best node n290 best error 0.0171582
time = 246097755
area = 542
delay = 36.7
write_blif appntk/c1908_35_0.0171582_542_36.7.blif

round 36
seed = 1567412036 patienceN = 0 patienceM = 0 frameNumber = 64 nLocalPI = 30

0%   10   20   30   40   50   60   70   80   90   100%
|----|----|----|----|----|----|----|----|----|----|
***************************************************
best node n249 best error 0.0172363
time = 250863763
area = 551
delay = 36.6
write_blif appntk/c1908_36_0.0172363_551_36.6.blif

round 37
seed = 1567412041 patienceN = 0 patienceM = 0 frameNumber = 64 nLocalPI = 30

0%   10   20   30   40   50   60   70   80   90   100%
|----|----|----|----|----|----|----|----|----|----|
***************************************************
best node n343 best error 0.0179199
time = 255693615
area = 553
delay = 27.8
write_blif appntk/c1908_37_0.0179199_553_27.8.blif

round 38
seed = 1567412046 patienceN = 0 patienceM = 0 frameNumber = 64 nLocalPI = 30

0%   10   20   30   40   50   60   70   80   90   100%
|----|----|----|----|----|----|----|----|----|----|
***************************************************
best node n267 best error 0.0185059
time = 260069700
area = 545
delay = 36.9
write_blif appntk/c1908_38_0.0185059_545_36.9.blif

round 39
seed = 1567412051 patienceN = 0 patienceM = 0 frameNumber = 64 nLocalPI = 30

0%   10   20   30   40   50   60   70   80   90   100%
|----|----|----|----|----|----|----|----|----|----|
***************************************************
best node n248 best error 0.0191406
time = 264063046
area = 529
delay = 26.7
write_blif appntk/c1908_39_0.0191406_529_26.7.blif

round 40
seed = 1567412055 patienceN = 0 patienceM = 0 frameNumber = 64 nLocalPI = 30

0%   10   20   30   40   50   60   70   80   90   100%
|----|----|----|----|----|----|----|----|----|----|
***************************************************
best node n340 best error 0.0196289
time = 268352095
area = 537
delay = 36.6
write_blif appntk/c1908_40_0.0196289_537_36.6.blif

round 41
seed = 1567412059 patienceN = 0 patienceM = 0 frameNumber = 64 nLocalPI = 30

0%   10   20   30   40   50   60   70   80   90   100%
|----|----|----|----|----|----|----|----|----|----|
***************************************************
best node n302 best error 0.0198926
time = 272361358
area = 542
delay = 27.9
write_blif appntk/c1908_41_0.0198926_542_27.9.blif

round 42
seed = 1567412063 patienceN = 0 patienceM = 0 frameNumber = 64 nLocalPI = 30

0%   10   20   30   40   50   60   70   80   90   100%
|----|----|----|----|----|----|----|----|----|----|
***************************************************
best node n306 best error 0.0202539
time = 276249216
area = 530
delay = 27.9
write_blif appntk/c1908_42_0.0202539_530_27.9.blif

round 43
seed = 1567412067 patienceN = 0 patienceM = 0 frameNumber = 64 nLocalPI = 30

0%   10   20   30   40   50   60   70   80   90   100%
|----|----|----|----|----|----|----|----|----|----|
***************************************************
best node n311 best error 0.0204687
time = 280331342
area = 526
delay = 28.6
write_blif appntk/c1908_43_0.0204687_526_28.6.blif

round 44
seed = 1567412071 patienceN = 0 patienceM = 0 frameNumber = 64 nLocalPI = 30

0%   10   20   30   40   50   60   70   80   90   100%
|----|----|----|----|----|----|----|----|----|----|
***************************************************
best node n317 best error 0.020752
time = 284259027
area = 522
delay = 27.5
write_blif appntk/c1908_44_0.020752_522_27.5.blif

round 45
seed = 1567412075 patienceN = 0 patienceM = 0 frameNumber = 64 nLocalPI = 30

0%   10   20   30   40   50   60   70   80   90   100%
|----|----|----|----|----|----|----|----|----|----|
***************************************************
best node n314 best error 0.0208984
time = 287987794
area = 518
delay = 28
write_blif appntk/c1908_45_0.0208984_518_28.blif

round 46
seed = 1567412079 patienceN = 0 patienceM = 0 frameNumber = 64 nLocalPI = 30

0%   10   20   30   40   50   60   70   80   90   100%
|----|----|----|----|----|----|----|----|----|----|
***************************************************
best node n310 best error 0.021084
time = 291585552
area = 520
delay = 26.9
write_blif appntk/c1908_46_0.021084_520_26.9.blif

round 47
seed = 1567412083 patienceN = 0 patienceM = 0 frameNumber = 64 nLocalPI = 30

0%   10   20   30   40   50   60   70   80   90   100%
|----|----|----|----|----|----|----|----|----|----|
***************************************************
best node n311 best error 0.021084
time = 294990249
area = 506
delay = 28
write_blif appntk/c1908_47_0.021084_506_28.blif

round 48
seed = 1567412087 patienceN = 0 patienceM = 0 frameNumber = 64 nLocalPI = 30

0%   10   20   30   40   50   60   70   80   90   100%
|----|----|----|----|----|----|----|----|----|----|
***************************************************
best node n306 best error 0.0212793
time = 298337524
area = 510
delay = 36.2
write_blif appntk/c1908_48_0.0212793_510_36.2.blif

round 49
seed = 1567412090 patienceN = 0 patienceM = 0 frameNumber = 64 nLocalPI = 30

0%   10   20   30   40   50   60   70   80   90   100%
|----|----|----|----|----|----|----|----|----|----|
***************************************************
best node n303 best error 0.0213965
time = 301478724
area = 500
delay = 25.3
write_blif appntk/c1908_49_0.0213965_500_25.3.blif

round 50
seed = 1567412093 patienceN = 0 patienceM = 0 frameNumber = 64 nLocalPI = 30

0%   10   20   30   40   50   60   70   80   90   100%
|----|----|----|----|----|----|----|----|----|----|
***************************************************
best node n301 best error 0.0215137
time = 304613245
area = 504
delay = 34.5
write_blif appntk/c1908_50_0.0215137_504_34.5.blif

round 51
seed = 1567412097 patienceN = 0 patienceM = 0 frameNumber = 64 nLocalPI = 30

0%   10   20   30   40   50   60   70   80   90   100%
|----|----|----|----|----|----|----|----|----|----|
***************************************************
best node n302 best error 0.0215137
time = 307955886
area = 497
delay = 37.2
write_blif appntk/c1908_51_0.0215137_497_37.2.blif

round 52
seed = 1567412100 patienceN = 0 patienceM = 0 frameNumber = 64 nLocalPI = 30

0%   10   20   30   40   50   60   70   80   90   100%
|----|----|----|----|----|----|----|----|----|----|
***************************************************
best node n263 best error 0.0220508
time = 311257170
area = 483
delay = 36.5
write_blif appntk/c1908_52_0.0220508_483_36.5.blif

round 53
seed = 1567412103 patienceN = 0 patienceM = 0 frameNumber = 64 nLocalPI = 30

0%   10   20   30   40   50   60   70   80   90   100%
|----|----|----|----|----|----|----|----|----|----|
***************************************************
best node n232 best error 0.0225879
time = 314153791
area = 480
delay = 34.6
write_blif appntk/c1908_53_0.0225879_480_34.6.blif

round 54
seed = 1567412106 patienceN = 0 patienceM = 0 frameNumber = 64 nLocalPI = 30

0%   10   20   30   40   50   60   70   80   90   100%
|----|----|----|----|----|----|----|----|----|----|
***************************************************
best node n278 best error 0.0230859
time = 317005153
area = 479
delay = 36.5
write_blif appntk/c1908_54_0.0230859_479_36.5.blif

round 55
seed = 1567412109 patienceN = 0 patienceM = 0 frameNumber = 64 nLocalPI = 30

0%   10   20   30   40   50   60   70   80   90   100%
|----|----|----|----|----|----|----|----|----|----|
***************************************************
best node n231 best error 0.0232324
time = 319811129
area = 474
delay = 35.1
write_blif appntk/c1908_55_0.0232324_474_35.1.blif

round 56
seed = 1567412112 patienceN = 0 patienceM = 0 frameNumber = 64 nLocalPI = 30

0%   10   20   30   40   50   60   70   80   90   100%
|----|----|----|----|----|----|----|----|----|----|
***************************************************
best node n276 best error 0.0236816
time = 322284931
area = 475
delay = 34.2
write_blif appntk/c1908_56_0.0236816_475_34.2.blif

round 57
seed = 1567412115 patienceN = 0 patienceM = 0 frameNumber = 64 nLocalPI = 30

0%   10   20   30   40   50   60   70   80   90   100%
|----|----|----|----|----|----|----|----|----|----|
***************************************************
best node n247 best error 0.0237891
time = 324758268
area = 470
delay = 33.1
write_blif appntk/c1908_57_0.0237891_470_33.1.blif

round 58
seed = 1567412117 patienceN = 0 patienceM = 0 frameNumber = 64 nLocalPI = 30

0%   10   20   30   40   50   60   70   80   90   100%
|----|----|----|----|----|----|----|----|----|----|
***************************************************
best node n272 best error 0.0242676
time = 327067594
area = 467
delay = 33.1
write_blif appntk/c1908_58_0.0242676_467_33.1.blif

round 59
seed = 1567412120 patienceN = 0 patienceM = 0 frameNumber = 64 nLocalPI = 30

0%   10   20   30   40   50   60   70   80   90   100%
|----|----|----|----|----|----|----|----|----|----|
***************************************************
best node n253 best error 0.0243652
time = 329544575
area = 459
delay = 33.2
write_blif appntk/c1908_59_0.0243652_459_33.2.blif

round 60
seed = 1567412122 patienceN = 0 patienceM = 0 frameNumber = 64 nLocalPI = 30

0%   10   20   30   40   50   60   70   80   90   100%
|----|----|----|----|----|----|----|----|----|----|
***************************************************
best node n265 best error 0.024834
time = 331862544
area = 448
delay = 31.5
write_blif appntk/c1908_60_0.024834_448_31.5.blif

round 61
seed = 1567412125 patienceN = 0 patienceM = 0 frameNumber = 64 nLocalPI = 30

0%   10   20   30   40   50   60   70   80   90   100%
|----|----|----|----|----|----|----|----|----|----|
***************************************************
best node n268 best error 0.0254004
time = 334054761
area = 445
delay = 31.3
write_blif appntk/c1908_61_0.0254004_445_31.3.blif

round 62
seed = 1567412127 patienceN = 0 patienceM = 0 frameNumber = 64 nLocalPI = 30

0%   10   20   30   40   50   60   70   80   90   100%
|----|----|----|----|----|----|----|----|----|----|
***************************************************
best node n232 best error 0.0259668
time = 336328784
area = 444
delay = 31.3
write_blif appntk/c1908_62_0.0259668_444_31.3.blif

round 63
seed = 1567412129 patienceN = 0 patienceM = 0 frameNumber = 64 nLocalPI = 30

0%   10   20   30   40   50   60   70   80   90   100%
|----|----|----|----|----|----|----|----|----|----|
***************************************************
best node n249 best error 0.0260254
time = 338262080
area = 445
delay = 31.3
write_blif appntk/c1908_63_0.0260254_445_31.3.blif

round 64
seed = 1567412131 patienceN = 0 patienceM = 0 frameNumber = 64 nLocalPI = 30

0%   10   20   30   40   50   60   70   80   90   100%
|----|----|----|----|----|----|----|----|----|----|
***************************************************
best node n285 best error 0.0260254
time = 340074251
area = 429
delay = 32.2
write_blif appntk/c1908_64_0.0260254_429_32.2.blif

round 65
seed = 1567412133 patienceN = 0 patienceM = 0 frameNumber = 64 nLocalPI = 30

0%   10   20   30   40   50   60   70   80   90   100%
|----|----|----|----|----|----|----|----|----|----|
***************************************************
best node n257 best error 0.0264941
time = 341815264
area = 423
delay = 32
write_blif appntk/c1908_65_0.0264941_423_32.blif

round 66
seed = 1567412135 patienceN = 0 patienceM = 0 frameNumber = 64 nLocalPI = 30

0%   10   20   30   40   50   60   70   80   90   100%
|----|----|----|----|----|----|----|----|----|----|
***************************************************
best node n229 best error 0.0266309
time = 343501873
area = 407
delay = 30
write_blif appntk/c1908_66_0.0266309_407_30.blif

round 67
seed = 1567412137 patienceN = 0 patienceM = 0 frameNumber = 64 nLocalPI = 30

0%   10   20   30   40   50   60   70   80   90   100%
|----|----|----|----|----|----|----|----|----|----|
***************************************************
best node n250 best error 0.0271191
time = 344971429
area = 407
delay = 27.3
write_blif appntk/c1908_67_0.0271191_407_27.3.blif

round 68
seed = 1567412139 patienceN = 0 patienceM = 0 frameNumber = 64 nLocalPI = 30

0%   10   20   30   40   50   60   70   80   90   100%
|----|----|----|----|----|----|----|----|----|----|
***************************************************
best node n264 best error 0.0271191
time = 346528643
area = 406
delay = 27.5
write_blif appntk/c1908_68_0.0271191_406_27.5.blif

round 69
seed = 1567412140 patienceN = 0 patienceM = 0 frameNumber = 64 nLocalPI = 30

0%   10   20   30   40   50   60   70   80   90   100%
|----|----|----|----|----|----|----|----|----|----|
***************************************************
best node n228 best error 0.027207
time = 348023067
area = 390
delay = 30.9
write_blif appntk/c1908_69_0.027207_390_30.9.blif

round 70
seed = 1567412142 patienceN = 0 patienceM = 0 frameNumber = 64 nLocalPI = 30

0%   10   20   30   40   50   60   70   80   90   100%
|----|----|----|----|----|----|----|----|----|----|
***************************************************
best node n195 best error 0.0280859
time = 349341785
area = 380
delay = 29.7
write_blif appntk/c1908_70_0.0280859_380_29.7.blif

round 71
seed = 1567412143 patienceN = 0 patienceM = 0 frameNumber = 64 nLocalPI = 30

0%   10   20   30   40   50   60   70   80   90   100%
|----|----|----|----|----|----|----|----|----|----|
***************************************************
best node n236 best error 0.0290039
time = 350474005
area = 374
delay = 30.8
write_blif appntk/c1908_71_0.0290039_374_30.8.blif

round 72
seed = 1567412144 patienceN = 0 patienceM = 0 frameNumber = 64 nLocalPI = 30

0%   10   20   30   40   50   60   70   80   90   100%
|----|----|----|----|----|----|----|----|----|----|
***************************************************
change patienceM
time = 351457169
area = 376
delay = 30.8
write_blif appntk/c1908_72_0.0290039_376_30.8.blif

round 73
seed = 1567412146 patienceN = 0 patienceM = 1 frameNumber = 64 nLocalPI = 30

0%   10   20   30   40   50   60   70   80   90   100%
|----|----|----|----|----|----|----|----|----|----|
***************************************************
change patienceM
time = 352446974
area = 375
delay = 30.8
write_blif appntk/c1908_73_0.0290039_375_30.8.blif

round 74
seed = 1567412146 patienceN = 0 patienceM = 2 frameNumber = 64 nLocalPI = 30

0%   10   20   30   40   50   60   70   80   90   100%
|----|----|----|----|----|----|----|----|----|----|
***************************************************
change patienceM
time = 353491110
area = 374
delay = 30.8
write_blif appntk/c1908_74_0.0290039_374_30.8.blif

round 75
seed = 1567412147 patienceN = 0 patienceM = 0 frameNumber = 64 nLocalPI = 29

0%   10   20   30   40   50   60   70   80   90   100%
|----|----|----|----|----|----|----|----|----|----|
***************************************************
change patienceM
time = 354496391
area = 376
delay = 30.8
write_blif appntk/c1908_75_0.0290039_376_30.8.blif

round 76
seed = 1567412149 patienceN = 0 patienceM = 1 frameNumber = 64 nLocalPI = 29

0%   10   20   30   40   50   60   70   80   90   100%
|----|----|----|----|----|----|----|----|----|----|
***************************************************
change patienceM
time = 355485697
area = 375
delay = 30.8
write_blif appntk/c1908_76_0.0290039_375_30.8.blif

round 77
seed = 1567412150 patienceN = 0 patienceM = 2 frameNumber = 64 nLocalPI = 29

0%   10   20   30   40   50   60   70   80   90   100%
|----|----|----|----|----|----|----|----|----|----|
***************************************************
best node n195 best error 0.0295996
time = 356520117
area = 368
delay = 25
write_blif appntk/c1908_77_0.0295996_368_25.blif

round 78
seed = 1567412151 patienceN = 0 patienceM = 0 frameNumber = 64 nLocalPI = 29

0%   10   20   30   40   50   60   70   80   90   100%
|----|----|----|----|----|----|----|----|----|----|
***************************************************
change patienceM
time = 357448196
area = 369
delay = 25
write_blif appntk/c1908_78_0.0295996_369_25.blif

round 79
seed = 1567412152 patienceN = 0 patienceM = 1 frameNumber = 64 nLocalPI = 29

0%   10   20   30   40   50   60   70   80   90   100%
|----|----|----|----|----|----|----|----|----|----|
***************************************************
change patienceM
time = 358365650
area = 368
delay = 25
write_blif appntk/c1908_79_0.0295996_368_25.blif

round 80
seed = 1567412152 patienceN = 0 patienceM = 2 frameNumber = 64 nLocalPI = 29

0%   10   20   30   40   50   60   70   80   90   100%
|----|----|----|----|----|----|----|----|----|----|
***************************************************
change patienceM
time = 359289008
area = 368
delay = 25
write_blif appntk/c1908_80_0.0295996_368_25.blif

round 81
seed = 1567412153 patienceN = 0 patienceM = 0 frameNumber = 64 nLocalPI = 28

0%   10   20   30   40   50   60   70   80   90   100%
|----|----|----|----|----|----|----|----|----|----|
***************************************************
change patienceM
time = 360234447
area = 369
delay = 25
write_blif appntk/c1908_81_0.0295996_369_25.blif

round 82
seed = 1567412154 patienceN = 0 patienceM = 1 frameNumber = 64 nLocalPI = 28

0%   10   20   30   40   50   60   70   80   90   100%
|----|----|----|----|----|----|----|----|----|----|
***************************************************
change patienceM
time = 361227736
area = 368
delay = 25
write_blif appntk/c1908_82_0.0295996_368_25.blif

round 83
seed = 1567412155 patienceN = 0 patienceM = 2 frameNumber = 64 nLocalPI = 28

0%   10   20   30   40   50   60   70   80   90   100%
|----|----|----|----|----|----|----|----|----|----|
***************************************************
change patienceM
time = 362346779
area = 368
delay = 25
write_blif appntk/c1908_83_0.0295996_368_25.blif

round 84
seed = 1567412156 patienceN = 0 patienceM = 0 frameNumber = 64 nLocalPI = 27

0%   10   20   30   40   50   60   70   80   90   100%
|----|----|----|----|----|----|----|----|----|----|
***************************************************
change patienceM
time = 363291677
area = 368
delay = 25
write_blif appntk/c1908_84_0.0295996_368_25.blif

round 85
seed = 1567412157 patienceN = 0 patienceM = 1 frameNumber = 64 nLocalPI = 27

0%   10   20   30   40   50   60   70   80   90   100%
|----|----|----|----|----|----|----|----|----|----|
***************************************************
change patienceM
time = 364282606
area = 369
delay = 25
write_blif appntk/c1908_85_0.0295996_369_25.blif

round 86
seed = 1567412158 patienceN = 0 patienceM = 2 frameNumber = 64 nLocalPI = 27

0%   10   20   30   40   50   60   70   80   90   100%
|----|----|----|----|----|----|----|----|----|----|
***************************************************
change patienceM
time = 365232382
area = 368
delay = 25
write_blif appntk/c1908_86_0.0295996_368_25.blif

round 87
seed = 1567412159 patienceN = 0 patienceM = 0 frameNumber = 64 nLocalPI = 26

0%   10   20   30   40   50   60   70   80   90   100%
|----|----|----|----|----|----|----|----|----|----|
***************************************************
change patienceM
time = 366205792
area = 368
delay = 25
write_blif appntk/c1908_87_0.0295996_368_25.blif

round 88
seed = 1567412160 patienceN = 0 patienceM = 1 frameNumber = 64 nLocalPI = 26

0%   10   20   30   40   50   60   70   80   90   100%
|----|----|----|----|----|----|----|----|----|----|
***************************************************
change patienceM
time = 367049814
area = 369
delay = 25
write_blif appntk/c1908_88_0.0295996_369_25.blif

round 89
seed = 1567412161 patienceN = 0 patienceM = 2 frameNumber = 64 nLocalPI = 26

0%   10   20   30   40   50   60   70   80   90   100%
|----|----|----|----|----|----|----|----|----|----|
***************************************************
change patienceM
time = 368014516
area = 368
delay = 25
write_blif appntk/c1908_89_0.0295996_368_25.blif

round 90
seed = 1567412162 patienceN = 0 patienceM = 0 frameNumber = 64 nLocalPI = 25

0%   10   20   30   40   50   60   70   80   90   100%
|----|----|----|----|----|----|----|----|----|----|
***************************************************
change patienceM
time = 368887523
area = 368
delay = 25
write_blif appntk/c1908_90_0.0295996_368_25.blif

round 91
seed = 1567412163 patienceN = 0 patienceM = 1 frameNumber = 64 nLocalPI = 25

0%   10   20   30   40   50   60   70   80   90   100%
|----|----|----|----|----|----|----|----|----|----|
***************************************************
change patienceM
time = 369846795
area = 369
delay = 25
write_blif appntk/c1908_91_0.0295996_369_25.blif

round 92
seed = 1567412164 patienceN = 0 patienceM = 2 frameNumber = 64 nLocalPI = 25

0%   10   20   30   40   50   60   70   80   90   100%
|----|----|----|----|----|----|----|----|----|----|
***************************************************
change patienceM
time = 370763372
area = 367
delay = 25
write_blif appntk/c1908_92_0.0295996_367_25.blif

round 93
seed = 1567412165 patienceN = 0 patienceM = 0 frameNumber = 64 nLocalPI = 24

0%   10   20   30   40   50   60   70   80   90   100%
|----|----|----|----|----|----|----|----|----|----|
***************************************************
change patienceM
time = 371706425
area = 369
delay = 25
write_blif appntk/c1908_93_0.0295996_369_25.blif

round 94
seed = 1567412166 patienceN = 0 patienceM = 1 frameNumber = 64 nLocalPI = 24

0%   10   20   30   40   50   60   70   80   90   100%
|----|----|----|----|----|----|----|----|----|----|
***************************************************
change patienceM
time = 372655440
area = 369
delay = 25
write_blif appntk/c1908_94_0.0295996_369_25.blif

round 95
seed = 1567412167 patienceN = 0 patienceM = 2 frameNumber = 64 nLocalPI = 24

0%   10   20   30   40   50   60   70   80   90   100%
|----|----|----|----|----|----|----|----|----|----|
***************************************************
change patienceM
time = 373641537
area = 367
delay = 25
write_blif appntk/c1908_95_0.0295996_367_25.blif

round 96
seed = 1567412168 patienceN = 0 patienceM = 0 frameNumber = 64 nLocalPI = 23

0%   10   20   30   40   50   60   70   80   90   100%
|----|----|----|----|----|----|----|----|----|----|
***************************************************
change patienceM
time = 374609044
area = 369
delay = 25
write_blif appntk/c1908_96_0.0295996_369_25.blif

round 97
seed = 1567412169 patienceN = 0 patienceM = 1 frameNumber = 64 nLocalPI = 23

0%   10   20   30   40   50   60   70   80   90   100%
|----|----|----|----|----|----|----|----|----|----|
***************************************************
change patienceM
time = 375541579
area = 369
delay = 25
write_blif appntk/c1908_97_0.0295996_369_25.blif

round 98
seed = 1567412170 patienceN = 0 patienceM = 2 frameNumber = 64 nLocalPI = 23

0%   10   20   30   40   50   60   70   80   90   100%
|----|----|----|----|----|----|----|----|----|----|
***************************************************
change patienceM
time = 376344783
area = 367
delay = 25
write_blif appntk/c1908_98_0.0295996_367_25.blif

round 99
seed = 1567412171 patienceN = 0 patienceM = 0 frameNumber = 64 nLocalPI = 22

0%   10   20   30   40   50   60   70   80   90   100%
|----|----|----|----|----|----|----|----|----|----|
***************************************************
change patienceM
time = 377086473
area = 369
delay = 25
write_blif appntk/c1908_99_0.0295996_369_25.blif

round 100
seed = 1567412171 patienceN = 0 patienceM = 1 frameNumber = 64 nLocalPI = 22

0%   10   20   30   40   50   60   70   80   90   100%
|----|----|----|----|----|----|----|----|----|----|
***************************************************
change patienceM
time = 377963840
area = 368
delay = 25
write_blif appntk/c1908_100_0.0295996_368_25.blif

round 101
seed = 1567412172 patienceN = 0 patienceM = 2 frameNumber = 64 nLocalPI = 22

0%   10   20   30   40   50   60   70   80   90   100%
|----|----|----|----|----|----|----|----|----|----|
***************************************************
change patienceM
time = 378836414
area = 368
delay = 25
write_blif appntk/c1908_101_0.0295996_368_25.blif

round 102
seed = 1567412173 patienceN = 0 patienceM = 0 frameNumber = 64 nLocalPI = 21

0%   10   20   30   40   50   60   70   80   90   100%
|----|----|----|----|----|----|----|----|----|----|
***************************************************
change patienceM
time = 379703357
area = 369
delay = 25
write_blif appntk/c1908_102_0.0295996_369_25.blif

round 103
seed = 1567412174 patienceN = 0 patienceM = 1 frameNumber = 64 nLocalPI = 21

0%   10   20   30   40   50   60   70   80   90   100%
|----|----|----|----|----|----|----|----|----|----|
***************************************************
change patienceM
time = 380485064
area = 368
delay = 25
write_blif appntk/c1908_103_0.0295996_368_25.blif

round 104
seed = 1567412175 patienceN = 0 patienceM = 2 frameNumber = 64 nLocalPI = 21

0%   10   20   30   40   50   60   70   80   90   100%
|----|----|----|----|----|----|----|----|----|----|
***************************************************
change patienceM
time = 381385868
area = 368
delay = 25
write_blif appntk/c1908_104_0.0295996_368_25.blif

round 105
seed = 1567412176 patienceN = 0 patienceM = 0 frameNumber = 64 nLocalPI = 20

0%   10   20   30   40   50   60   70   80   90   100%
|----|----|----|----|----|----|----|----|----|----|
***************************************************
change patienceM
time = 382287550
area = 369
delay = 25
write_blif appntk/c1908_105_0.0295996_369_25.blif

round 106
seed = 1567412176 patienceN = 0 patienceM = 1 frameNumber = 64 nLocalPI = 20

0%   10   20   30   40   50   60   70   80   90   100%
|----|----|----|----|----|----|----|----|----|----|
***************************************************
change patienceM
time = 383061562
area = 368
delay = 25
write_blif appntk/c1908_106_0.0295996_368_25.blif

round 107
seed = 1567412177 patienceN = 0 patienceM = 2 frameNumber = 64 nLocalPI = 20

0%   10   20   30   40   50   60   70   80   90   100%
|----|----|----|----|----|----|----|----|----|----|
***************************************************
change patienceM
time = 384079816
area = 368
delay = 25
write_blif appntk/c1908_107_0.0295996_368_25.blif

round 108
seed = 1567412178 patienceN = 0 patienceM = 0 frameNumber = 64 nLocalPI = 19

0%   10   20   30   40   50   60   70   80   90   100%
|----|----|----|----|----|----|----|----|----|----|
***************************************************
change patienceM
time = 384924727
area = 368
delay = 25
write_blif appntk/c1908_108_0.0295996_368_25.blif

round 109
seed = 1567412179 patienceN = 0 patienceM = 1 frameNumber = 64 nLocalPI = 19

0%   10   20   30   40   50   60   70   80   90   100%
|----|----|----|----|----|----|----|----|----|----|
***************************************************
change patienceM
time = 385769443
area = 369
delay = 25
write_blif appntk/c1908_109_0.0295996_369_25.blif

round 110
seed = 1567412180 patienceN = 0 patienceM = 2 frameNumber = 64 nLocalPI = 19

0%   10   20   30   40   50   60   70   80   90   100%
|----|----|----|----|----|----|----|----|----|----|
***************************************************
change patienceM
time = 386557990
area = 368
delay = 25
write_blif appntk/c1908_110_0.0295996_368_25.blif

round 111
seed = 1567412181 patienceN = 0 patienceM = 0 frameNumber = 64 nLocalPI = 18

0%   10   20   30   40   50   60   70   80   90   100%
|----|----|----|----|----|----|----|----|----|----|
***************************************************
change patienceM
time = 387429726
area = 368
delay = 25
write_blif appntk/c1908_111_0.0295996_368_25.blif

round 112
seed = 1567412182 patienceN = 0 patienceM = 1 frameNumber = 64 nLocalPI = 18

0%   10   20   30   40   50   60   70   80   90   100%
|----|----|----|----|----|----|----|----|----|----|
***************************************************
change patienceM
time = 388209537
area = 369
delay = 25
write_blif appntk/c1908_112_0.0295996_369_25.blif

round 113
seed = 1567412182 patienceN = 0 patienceM = 2 frameNumber = 64 nLocalPI = 18

0%   10   20   30   40   50   60   70   80   90   100%
|----|----|----|----|----|----|----|----|----|----|
***************************************************
change patienceM
time = 389078034
area = 368
delay = 25
write_blif appntk/c1908_113_0.0295996_368_25.blif

round 114
seed = 1567412183 patienceN = 0 patienceM = 0 frameNumber = 64 nLocalPI = 17

0%   10   20   30   40   50   60   70   80   90   100%
|----|----|----|----|----|----|----|----|----|----|
***************************************************
change patienceM
time = 389891754
area = 368
delay = 25
write_blif appntk/c1908_114_0.0295996_368_25.blif

round 115
seed = 1567412184 patienceN = 0 patienceM = 1 frameNumber = 64 nLocalPI = 17

0%   10   20   30   40   50   60   70   80   90   100%
|----|----|----|----|----|----|----|----|----|----|
***************************************************
change patienceM
time = 390579760
area = 369
delay = 25
write_blif appntk/c1908_115_0.0295996_369_25.blif

round 116
seed = 1567412185 patienceN = 0 patienceM = 2 frameNumber = 64 nLocalPI = 17

0%   10   20   30   40   50   60   70   80   90   100%
|----|----|----|----|----|----|----|----|----|----|
***************************************************
change patienceM
time = 391440812
area = 367
delay = 25
write_blif appntk/c1908_116_0.0295996_367_25.blif

round 117
seed = 1567412186 patienceN = 0 patienceM = 0 frameNumber = 64 nLocalPI = 16

0%   10   20   30   40   50   60   70   80   90   100%
|----|----|----|----|----|----|----|----|----|----|
***************************************************
change patienceM
time = 392167082
area = 369
delay = 25
write_blif appntk/c1908_117_0.0295996_369_25.blif

round 118
seed = 1567412187 patienceN = 0 patienceM = 1 frameNumber = 64 nLocalPI = 16

0%   10   20   30   40   50   60   70   80   90   100%
|----|----|----|----|----|----|----|----|----|----|
***************************************************
change patienceM
time = 392890156
area = 369
delay = 25
write_blif appntk/c1908_118_0.0295996_369_25.blif

round 119
seed = 1567412187 patienceN = 0 patienceM = 2 frameNumber = 64 nLocalPI = 16

0%   10   20   30   40   50   60   70   80   90   100%
|----|----|----|----|----|----|----|----|----|----|
***************************************************
change patienceM
time = 393782214
area = 367
delay = 25
write_blif appntk/c1908_119_0.0295996_367_25.blif

round 120
seed = 1567412188 patienceN = 0 patienceM = 0 frameNumber = 64 nLocalPI = 15

0%   10   20   30   40   50   60   70   80   90   100%
|----|----|----|----|----|----|----|----|----|----|
***************************************************
change patienceM
time = 394448680
area = 369
delay = 25
write_blif appntk/c1908_120_0.0295996_369_25.blif

round 121
seed = 1567412189 patienceN = 0 patienceM = 1 frameNumber = 64 nLocalPI = 15

0%   10   20   30   40   50   60   70   80   90   100%
|----|----|----|----|----|----|----|----|----|----|
***************************************************
change patienceM
time = 395333263
area = 369
delay = 25
write_blif appntk/c1908_121_0.0295996_369_25.blif

round 122
seed = 1567412190 patienceN = 0 patienceM = 2 frameNumber = 64 nLocalPI = 15

0%   10   20   30   40   50   60   70   80   90   100%
|----|----|----|----|----|----|----|----|----|----|
***************************************************
change patienceM
time = 396211333
area = 367
delay = 25
write_blif appntk/c1908_122_0.0295996_367_25.blif

round 123
seed = 1567412190 patienceN = 0 patienceM = 0 frameNumber = 64 nLocalPI = 14

0%   10   20   30   40   50   60   70   80   90   100%
|----|----|----|----|----|----|----|----|----|----|
***************************************************
change patienceM
time = 396951720
area = 369
delay = 25
write_blif appntk/c1908_123_0.0295996_369_25.blif

round 124
seed = 1567412191 patienceN = 0 patienceM = 1 frameNumber = 64 nLocalPI = 14

0%   10   20   30   40   50   60   70   80   90   100%
|----|----|----|----|----|----|----|----|----|----|
***************************************************
change patienceM
time = 397693066
area = 368
delay = 25
write_blif appntk/c1908_124_0.0295996_368_25.blif

round 125
seed = 1567412192 patienceN = 0 patienceM = 2 frameNumber = 64 nLocalPI = 14

0%   10   20   30   40   50   60   70   80   90   100%
|----|----|----|----|----|----|----|----|----|----|
***************************************************
change patienceM
time = 398477001
area = 368
delay = 25
write_blif appntk/c1908_125_0.0295996_368_25.blif

round 126
seed = 1567412193 patienceN = 0 patienceM = 0 frameNumber = 64 nLocalPI = 13

0%   10   20   30   40   50   60   70   80   90   100%
|----|----|----|----|----|----|----|----|----|----|
***************************************************
change patienceM
time = 399466962
area = 369
delay = 25
write_blif appntk/c1908_126_0.0295996_369_25.blif

round 127
seed = 1567412194 patienceN = 0 patienceM = 1 frameNumber = 64 nLocalPI = 13

0%   10   20   30   40   50   60   70   80   90   100%
|----|----|----|----|----|----|----|----|----|----|
***************************************************
change patienceM
time = 400196450
area = 368
delay = 25
write_blif appntk/c1908_127_0.0295996_368_25.blif

round 128
seed = 1567412195 patienceN = 0 patienceM = 2 frameNumber = 64 nLocalPI = 13

0%   10   20   30   40   50   60   70   80   90   100%
|----|----|----|----|----|----|----|----|----|----|
***************************************************
change patienceM
time = 400925697
area = 368
delay = 25
write_blif appntk/c1908_128_0.0295996_368_25.blif

round 129
seed = 1567412195 patienceN = 0 patienceM = 0 frameNumber = 64 nLocalPI = 12

0%   10   20   30   40   50   60   70   80   90   100%
|----|----|----|----|----|----|----|----|----|----|
***************************************************
change patienceM
time = 401639931
area = 369
delay = 25
write_blif appntk/c1908_129_0.0295996_369_25.blif

round 130
seed = 1567412196 patienceN = 0 patienceM = 1 frameNumber = 64 nLocalPI = 12

0%   10   20   30   40   50   60   70   80   90   100%
|----|----|----|----|----|----|----|----|----|----|
***************************************************
change patienceM
time = 402398418
area = 368
delay = 25
write_blif appntk/c1908_130_0.0295996_368_25.blif

round 131
seed = 1567412197 patienceN = 0 patienceM = 2 frameNumber = 64 nLocalPI = 12

0%   10   20   30   40   50   60   70   80   90   100%
|----|----|----|----|----|----|----|----|----|----|
***************************************************
change patienceM
time = 403161082
area = 368
delay = 25
write_blif appntk/c1908_131_0.0295996_368_25.blif

round 132
seed = 1567412197 patienceN = 0 patienceM = 0 frameNumber = 64 nLocalPI = 11

0%   10   20   30   40   50   60   70   80   90   100%
|----|----|----|----|----|----|----|----|----|----|
***************************************************
change patienceM
time = 403913570
area = 368
delay = 25
write_blif appntk/c1908_132_0.0295996_368_25.blif

round 133
seed = 1567412198 patienceN = 0 patienceM = 1 frameNumber = 64 nLocalPI = 11

0%   10   20   30   40   50   60   70   80   90   100%
|----|----|----|----|----|----|----|----|----|----|
***************************************************
change patienceM
time = 404617114
area = 369
delay = 25
write_blif appntk/c1908_133_0.0295996_369_25.blif

round 134
seed = 1567412199 patienceN = 0 patienceM = 2 frameNumber = 64 nLocalPI = 11

0%   10   20   30   40   50   60   70   80   90   100%
|----|----|----|----|----|----|----|----|----|----|
***************************************************
change patienceM
time = 405320029
area = 368
delay = 25
write_blif appntk/c1908_134_0.0295996_368_25.blif

round 135
seed = 1567412200 patienceN = 0 patienceM = 0 frameNumber = 64 nLocalPI = 10

0%   10   20   30   40   50   60   70   80   90   100%
|----|----|----|----|----|----|----|----|----|----|
***************************************************
change patienceM
time = 406101397
area = 368
delay = 25
write_blif appntk/c1908_135_0.0295996_368_25.blif

round 136
seed = 1567412200 patienceN = 0 patienceM = 1 frameNumber = 64 nLocalPI = 10

0%   10   20   30   40   50   60   70   80   90   100%
|----|----|----|----|----|----|----|----|----|----|
***************************************************
change patienceM
time = 406750573
area = 369
delay = 25
write_blif appntk/c1908_136_0.0295996_369_25.blif

round 137
seed = 1567412201 patienceN = 0 patienceM = 2 frameNumber = 64 nLocalPI = 10

0%   10   20   30   40   50   60   70   80   90   100%
|----|----|----|----|----|----|----|----|----|----|
***************************************************
change patienceM
time = 407532907
area = 368
delay = 25
write_blif appntk/c1908_137_0.0295996_368_25.blif

round 138
seed = 1567412202 patienceN = 0 patienceM = 0 frameNumber = 64 nLocalPI = 9

0%   10   20   30   40   50   60   70   80   90   100%
|----|----|----|----|----|----|----|----|----|----|
***************************************************
change patienceM
time = 408129618
area = 368
delay = 25
write_blif appntk/c1908_138_0.0295996_368_25.blif

round 139
seed = 1567412203 patienceN = 0 patienceM = 1 frameNumber = 64 nLocalPI = 9

0%   10   20   30   40   50   60   70   80   90   100%
|----|----|----|----|----|----|----|----|----|----|
***************************************************
change patienceM
time = 408724685
area = 369
delay = 25
write_blif appntk/c1908_139_0.0295996_369_25.blif

round 140
seed = 1567412203 patienceN = 0 patienceM = 2 frameNumber = 64 nLocalPI = 9

0%   10   20   30   40   50   60   70   80   90   100%
|----|----|----|----|----|----|----|----|----|----|
***************************************************
change patienceM
time = 409493235
area = 367
delay = 25
write_blif appntk/c1908_140_0.0295996_367_25.blif

round 141
seed = 1567412204 patienceN = 0 patienceM = 0 frameNumber = 64 nLocalPI = 8

0%   10   20   30   40   50   60   70   80   90   100%
|----|----|----|----|----|----|----|----|----|----|
***************************************************
change patienceM
time = 410205142
area = 369
delay = 25
write_blif appntk/c1908_141_0.0295996_369_25.blif

round 142
seed = 1567412205 patienceN = 0 patienceM = 1 frameNumber = 64 nLocalPI = 8

0%   10   20   30   40   50   60   70   80   90   100%
|----|----|----|----|----|----|----|----|----|----|
***************************************************
change patienceM
time = 410919244
area = 369
delay = 25
write_blif appntk/c1908_142_0.0295996_369_25.blif

round 143
seed = 1567412205 patienceN = 0 patienceM = 2 frameNumber = 64 nLocalPI = 8

0%   10   20   30   40   50   60   70   80   90   100%
|----|----|----|----|----|----|----|----|----|----|
***************************************************
change patienceM
time = 411633884
area = 367
delay = 25
write_blif appntk/c1908_143_0.0295996_367_25.blif

round 144
seed = 1567412206 patienceN = 0 patienceM = 0 frameNumber = 64 nLocalPI = 7

0%   10   20   30   40   50   60   70   80   90   100%
|----|----|----|----|----|----|----|----|----|----|
***************************************************
change patienceM
time = 412330830
area = 369
delay = 25
write_blif appntk/c1908_144_0.0295996_369_25.blif

round 145
seed = 1567412207 patienceN = 0 patienceM = 1 frameNumber = 64 nLocalPI = 7

0%   10   20   30   40   50   60   70   80   90   100%
|----|----|----|----|----|----|----|----|----|----|
***************************************************
change patienceM
time = 413032556
area = 369
delay = 25
write_blif appntk/c1908_145_0.0295996_369_25.blif

round 146
seed = 1567412207 patienceN = 0 patienceM = 2 frameNumber = 64 nLocalPI = 7

0%   10   20   30   40   50   60   70   80   90   100%
|----|----|----|----|----|----|----|----|----|----|
***************************************************
change patienceM
time = 413781382
area = 367
delay = 25
write_blif appntk/c1908_146_0.0295996_367_25.blif

round 147
seed = 1567412208 patienceN = 0 patienceM = 0 frameNumber = 64 nLocalPI = 6

0%   10   20   30   40   50   60   70   80   90   100%
|----|----|----|----|----|----|----|----|----|----|
***************************************************
change patienceM
time = 414390525
area = 369
delay = 25
write_blif appntk/c1908_147_0.0295996_369_25.blif

round 148
seed = 1567412209 patienceN = 0 patienceM = 1 frameNumber = 64 nLocalPI = 6

0%   10   20   30   40   50   60   70   80   90   100%
|----|----|----|----|----|----|----|----|----|----|
***************************************************
change patienceM
time = 414993817
area = 368
delay = 25
write_blif appntk/c1908_148_0.0295996_368_25.blif

round 149
seed = 1567412209 patienceN = 0 patienceM = 2 frameNumber = 64 nLocalPI = 6

0%   10   20   30   40   50   60   70   80   90   100%
|----|----|----|----|----|----|----|----|----|----|
***************************************************
change patienceM
time = 415678993
area = 368
delay = 25
write_blif appntk/c1908_149_0.0295996_368_25.blif

round 150
seed = 1567412210 patienceN = 0 patienceM = 0 frameNumber = 64 nLocalPI = 5

0%   10   20   30   40   50   60   70   80   90   100%
|----|----|----|----|----|----|----|----|----|----|
***************************************************
best node n201 best error 0.030918
time = 416315810
