Entered genlib library with 23 gates from file "data/genlib/mcnc.genlib".
Line 30: Skipping line ".default_input_arrival 0.00 0.00 ".
Line 31: Skipping line ".default_output_required 0.00 0.00 ".
Line 32: Skipping line ".default_input_drive 0.10 0.10 ".
Line 33: Skipping line ".default_output_load 2.00 ".
Line 34: Skipping line ".default_max_input_load 999.00 ".
Original area = 1262, original delay = 21.9

round 0
seed = 0 patienceN = 0 patienceM = 0 frameNumber = 64 nLocalPI = 30

0%   10   20   30   40   50   60   70   80   90   100%
|----|----|----|----|----|----|----|----|----|----|
***************************************************
best node [100726] best error 0
time = 55275052
area = 1093
delay = 20.7
write_blif appntk/c2670_0_0_1093_20.7.blif

round 1
seed = 1567411795 patienceN = 0 patienceM = 0 frameNumber = 64 nLocalPI = 30

0%   10   20   30   40   50   60   70   80   90   100%
|----|----|----|----|----|----|----|----|----|----|
***************************************************
best node n726 best error 0
time = 68317477
area = 854
delay = 18.8
write_blif appntk/c2670_1_0_854_18.8.blif

round 2
seed = 1567411850 patienceN = 0 patienceM = 0 frameNumber = 64 nLocalPI = 30

0%   10   20   30   40   50   60   70   80   90   100%
|----|----|----|----|----|----|----|----|----|----|
***************************************************
best node n701 best error 0.00128906
time = 81105313
area = 846
delay = 19.8
write_blif appntk/c2670_2_0.00128906_846_19.8.blif

round 3
seed = 1567411863 patienceN = 0 patienceM = 0 frameNumber = 64 nLocalPI = 30

0%   10   20   30   40   50   60   70   80   90   100%
|----|----|----|----|----|----|----|----|----|----|
***************************************************
best node n705 best error 0.00182617
time = 97773839
area = 844
delay = 21.2
write_blif appntk/c2670_3_0.00182617_844_21.2.blif

round 4
seed = 1567411876 patienceN = 0 patienceM = 0 frameNumber = 64 nLocalPI = 30

0%   10   20   30   40   50   60   70   80   90   100%
|----|----|----|----|----|----|----|----|----|----|
***************************************************
best node n718 best error 0.00320312
time = 105967794
area = 843
delay = 20.4
write_blif appntk/c2670_4_0.00320312_843_20.4.blif

round 5
seed = 1567411893 patienceN = 0 patienceM = 0 frameNumber = 64 nLocalPI = 30

0%   10   20   30   40   50   60   70   80   90   100%
|----|----|----|----|----|----|----|----|----|----|
***************************************************
best node n774 best error 0.00916992
time = 113027352
area = 825
delay = 20.6
write_blif appntk/c2670_5_0.00916992_825_20.6.blif

round 6
seed = 1567411901 patienceN = 0 patienceM = 0 frameNumber = 64 nLocalPI = 30

0%   10   20   30   40   50   60   70   80   90   100%
|----|----|----|----|----|----|----|----|----|----|
***************************************************
best node n713 best error 0.0103418
time = 123052364
area = 826
delay = 21.5
write_blif appntk/c2670_6_0.0103418_826_21.5.blif

round 7
seed = 1567411908 patienceN = 0 patienceM = 0 frameNumber = 64 nLocalPI = 30

0%   10   20   30   40   50   60   70   80   90   100%
|----|----|----|----|----|----|----|----|----|----|
***************************************************
best node n710 best error 0.0121289
time = 133494207
area = 830
delay = 21.3
write_blif appntk/c2670_7_0.0121289_830_21.3.blif

round 8
seed = 1567411918 patienceN = 0 patienceM = 0 frameNumber = 64 nLocalPI = 30

0%   10   20   30   40   50   60   70   80   90   100%
|----|----|----|----|----|----|----|----|----|----|
***************************************************
best node n738 best error 0.0120703
time = 143284203
area = 825
delay = 21.3
write_blif appntk/c2670_8_0.0120703_825_21.3.blif

round 9
seed = 1567411929 patienceN = 0 patienceM = 0 frameNumber = 64 nLocalPI = 30

0%   10   20   30   40   50   60   70   80   90   100%
|----|----|----|----|----|----|----|----|----|----|
***************************************************
best node n705 best error 0.0159766
time = 150003036
area = 819
delay = 20.4
write_blif appntk/c2670_9_0.0159766_819_20.4.blif

round 10
seed = 1567411938 patienceN = 0 patienceM = 0 frameNumber = 64 nLocalPI = 30

0%   10   20   30   40   50   60   70   80   90   100%
|----|----|----|----|----|----|----|----|----|----|
***************************************************
best node n719 best error 0.0176367
time = 157502078
area = 826
delay = 20.9
write_blif appntk/c2670_10_0.0176367_826_20.9.blif

round 11
seed = 1567411945 patienceN = 0 patienceM = 0 frameNumber = 64 nLocalPI = 30

0%   10   20   30   40   50   60   70   80   90   100%
|----|----|----|----|----|----|----|----|----|----|
***************************************************
best node n718 best error 0.0190234
time = 163702526
area = 818
delay = 20.2
write_blif appntk/c2670_11_0.0190234_818_20.2.blif

round 12
seed = 1567411953 patienceN = 0 patienceM = 0 frameNumber = 64 nLocalPI = 30

0%   10   20   30   40   50   60   70   80   90   100%
|----|----|----|----|----|----|----|----|----|----|
***************************************************
best node n732 best error 0.0244629
time = 170981372
area = 802
delay = 20.4
write_blif appntk/c2670_12_0.0244629_802_20.4.blif

round 13
seed = 1567411959 patienceN = 0 patienceM = 0 frameNumber = 64 nLocalPI = 30

0%   10   20   30   40   50   60   70   80   90   100%
|----|----|----|----|----|----|----|----|----|----|
***************************************************
best node n704 best error 0.0281445
time = 177047593
area = 791
delay = 20.2
write_blif appntk/c2670_13_0.0281445_791_20.2.blif

round 14
seed = 1567411966 patienceN = 0 patienceM = 0 frameNumber = 64 nLocalPI = 30

0%   10   20   30   40   50   60   70   80   90   100%
|----|----|----|----|----|----|----|----|----|----|
***************************************************
change patienceM
time = 183928588
area = 791
delay = 20.4
write_blif appntk/c2670_14_0.0281445_791_20.4.blif

round 15
seed = 1567411972 patienceN = 0 patienceM = 1 frameNumber = 64 nLocalPI = 30

0%   10   20   30   40   50   60   70   80   90   100%
|----|----|----|----|----|----|----|----|----|----|
***************************************************
change patienceM
time = 190249465
area = 788
delay = 18.4
write_blif appntk/c2670_15_0.0281445_788_18.4.blif

round 16
seed = 1567411979 patienceN = 0 patienceM = 2 frameNumber = 64 nLocalPI = 30

0%   10   20   30   40   50   60   70   80   90   100%
|----|----|----|----|----|----|----|----|----|----|
***************************************************
change patienceM
time = 196070103
area = 787
delay = 19.2
write_blif appntk/c2670_16_0.0281445_787_19.2.blif

round 17
seed = 1567411985 patienceN = 0 patienceM = 0 frameNumber = 64 nLocalPI = 29

0%   10   20   30   40   50   60   70   80   90   100%
|----|----|----|----|----|----|----|----|----|----|
***************************************************
change patienceM
time = 201658427
area = 791
delay = 20.2
write_blif appntk/c2670_17_0.0281445_791_20.2.blif

round 18
seed = 1567411991 patienceN = 0 patienceM = 1 frameNumber = 64 nLocalPI = 29

0%   10   20   30   40   50   60   70   80   90   100%
|----|----|----|----|----|----|----|----|----|----|
***************************************************
change patienceM
time = 208143204
area = 787
delay = 18.4
write_blif appntk/c2670_18_0.0281445_787_18.4.blif

round 19
seed = 1567411997 patienceN = 0 patienceM = 2 frameNumber = 64 nLocalPI = 29

0%   10   20   30   40   50   60   70   80   90   100%
|----|----|----|----|----|----|----|----|----|----|
***************************************************
best node n728 best error 0.0291406
time = 213489034
area = 785
delay = 18.6
write_blif appntk/c2670_19_0.0291406_785_18.6.blif

round 20
seed = 1567412003 patienceN = 0 patienceM = 0 frameNumber = 64 nLocalPI = 29

0%   10   20   30   40   50   60   70   80   90   100%
|----|----|----|----|----|----|----|----|----|----|
***************************************************
best node n706 best error 0.0288086
time = 222638155
area = 787
delay = 20.4
write_blif appntk/c2670_20_0.0288086_787_20.4.blif

round 21
seed = 1567412009 patienceN = 0 patienceM = 0 frameNumber = 64 nLocalPI = 29

0%   10   20   30   40   50   60   70   80   90   100%
|----|----|----|----|----|----|----|----|----|----|
***************************************************
change patienceM
time = 227661945
area = 787
delay = 20.4
write_blif appntk/c2670_21_0.0288086_787_20.4.blif

round 22
seed = 1567412018 patienceN = 0 patienceM = 1 frameNumber = 64 nLocalPI = 29

0%   10   20   30   40   50   60   70   80   90   100%
|----|----|----|----|----|----|----|----|----|----|
***************************************************
change patienceM
time = 233245053
area = 787
delay = 20.4
write_blif appntk/c2670_22_0.0288086_787_20.4.blif

round 23
seed = 1567412023 patienceN = 0 patienceM = 2 frameNumber = 64 nLocalPI = 29

0%   10   20   30   40   50   60   70   80   90   100%
|----|----|----|----|----|----|----|----|----|----|
***************************************************
change patienceM
time = 239160574
area = 787
delay = 20.4
write_blif appntk/c2670_23_0.0288086_787_20.4.blif

round 24
seed = 1567412028 patienceN = 0 patienceM = 0 frameNumber = 64 nLocalPI = 28

0%   10   20   30   40   50   60   70   80   90   100%
|----|----|----|----|----|----|----|----|----|----|
***************************************************
change patienceM
time = 244156390
area = 787
delay = 20.4
write_blif appntk/c2670_24_0.0288086_787_20.4.blif

round 25
seed = 1567412034 patienceN = 0 patienceM = 1 frameNumber = 64 nLocalPI = 28

0%   10   20   30   40   50   60   70   80   90   100%
|----|----|----|----|----|----|----|----|----|----|
***************************************************
change patienceM
time = 248507595
area = 787
delay = 20.4
write_blif appntk/c2670_25_0.0288086_787_20.4.blif

round 26
seed = 1567412039 patienceN = 0 patienceM = 2 frameNumber = 64 nLocalPI = 28

0%   10   20   30   40   50   60   70   80   90   100%
|----|----|----|----|----|----|----|----|----|----|
***************************************************
change patienceM
time = 252300182
area = 787
delay = 20.4
write_blif appntk/c2670_26_0.0288086_787_20.4.blif

round 27
seed = 1567412044 patienceN = 0 patienceM = 0 frameNumber = 64 nLocalPI = 27

0%   10   20   30   40   50   60   70   80   90   100%
|----|----|----|----|----|----|----|----|----|----|
***************************************************
change patienceM
time = 258697023
area = 784
delay = 18.6
write_blif appntk/c2670_27_0.0288086_784_18.6.blif

round 28
seed = 1567412047 patienceN = 0 patienceM = 1 frameNumber = 64 nLocalPI = 27

0%   10   20   30   40   50   60   70   80   90   100%
|----|----|----|----|----|----|----|----|----|----|
***************************************************
change patienceM
time = 264762852
area = 786
delay = 20.4
write_blif appntk/c2670_28_0.0288086_786_20.4.blif

round 29
seed = 1567412054 patienceN = 0 patienceM = 2 frameNumber = 64 nLocalPI = 27

0%   10   20   30   40   50   60   70   80   90   100%
|----|----|----|----|----|----|----|----|----|----|
***************************************************
change patienceM
time = 269394149
area = 787
delay = 20.4
write_blif appntk/c2670_29_0.0288086_787_20.4.blif

round 30
seed = 1567412060 patienceN = 0 patienceM = 0 frameNumber = 64 nLocalPI = 26

0%   10   20   30   40   50   60   70   80   90   100%
|----|----|----|----|----|----|----|----|----|----|
***************************************************
best node n708 best error 0.0292969
time = 275460012
area = 782
delay = 20.4
write_blif appntk/c2670_30_0.0292969_782_20.4.blif

round 31
seed = 1567412064 patienceN = 0 patienceM = 0 frameNumber = 64 nLocalPI = 26

0%   10   20   30   40   50   60   70   80   90   100%
|----|----|----|----|----|----|----|----|----|----|
***************************************************
change patienceM
time = 280048329
area = 779
delay = 18.6
write_blif appntk/c2670_31_0.0292969_779_18.6.blif

round 32
seed = 1567412071 patienceN = 0 patienceM = 1 frameNumber = 64 nLocalPI = 26

0%   10   20   30   40   50   60   70   80   90   100%
|----|----|----|----|----|----|----|----|----|----|
***************************************************
change patienceM
time = 283449420
area = 778
delay = 18.4
write_blif appntk/c2670_32_0.0292969_778_18.4.blif

round 33
seed = 1567412075 patienceN = 0 patienceM = 2 frameNumber = 64 nLocalPI = 26

0%   10   20   30   40   50   60   70   80   90   100%
|----|----|----|----|----|----|----|----|----|----|
***************************************************
change patienceM
time = 288320115
area = 782
delay = 20.4
write_blif appntk/c2670_33_0.0292969_782_20.4.blif

round 34
seed = 1567412079 patienceN = 0 patienceM = 0 frameNumber = 64 nLocalPI = 25

0%   10   20   30   40   50   60   70   80   90   100%
|----|----|----|----|----|----|----|----|----|----|
***************************************************
change patienceM
time = 292248564
area = 782
delay = 20.4
write_blif appntk/c2670_34_0.0292969_782_20.4.blif

round 35
seed = 1567412083 patienceN = 0 patienceM = 1 frameNumber = 64 nLocalPI = 25

0%   10   20   30   40   50   60   70   80   90   100%
|----|----|----|----|----|----|----|----|----|----|
***************************************************
change patienceM
time = 296775499
area = 779
delay = 18.6
write_blif appntk/c2670_35_0.0292969_779_18.6.blif

round 36
seed = 1567412087 patienceN = 0 patienceM = 2 frameNumber = 64 nLocalPI = 25

0%   10   20   30   40   50   60   70   80   90   100%
|----|----|----|----|----|----|----|----|----|----|
***************************************************
change patienceM
time = 301324959
area = 782
delay = 20.4
write_blif appntk/c2670_36_0.0292969_782_20.4.blif

round 37
seed = 1567412092 patienceN = 0 patienceM = 0 frameNumber = 64 nLocalPI = 24

0%   10   20   30   40   50   60   70   80   90   100%
|----|----|----|----|----|----|----|----|----|----|
***************************************************
change patienceM
time = 305216225
area = 782
delay = 20.4
write_blif appntk/c2670_37_0.0292969_782_20.4.blif

round 38
seed = 1567412096 patienceN = 0 patienceM = 1 frameNumber = 64 nLocalPI = 24

0%   10   20   30   40   50   60   70   80   90   100%
|----|----|----|----|----|----|----|----|----|----|
***************************************************
change patienceM
time = 309684375
area = 782
delay = 20.4
write_blif appntk/c2670_38_0.0292969_782_20.4.blif

round 39
seed = 1567412100 patienceN = 0 patienceM = 2 frameNumber = 64 nLocalPI = 24

0%   10   20   30   40   50   60   70   80   90   100%
|----|----|----|----|----|----|----|----|----|----|
***************************************************
change patienceM
time = 314173503
area = 779
delay = 18.6
write_blif appntk/c2670_39_0.0292969_779_18.6.blif

round 40
seed = 1567412105 patienceN = 0 patienceM = 0 frameNumber = 64 nLocalPI = 23

0%   10   20   30   40   50   60   70   80   90   100%
|----|----|----|----|----|----|----|----|----|----|
***************************************************
change patienceM
time = 318033795
area = 782
delay = 20.4
write_blif appntk/c2670_40_0.0292969_782_20.4.blif

round 41
seed = 1567412109 patienceN = 0 patienceM = 1 frameNumber = 64 nLocalPI = 23

0%   10   20   30   40   50   60   70   80   90   100%
|----|----|----|----|----|----|----|----|----|----|
***************************************************
change patienceM
time = 322757255
area = 782
delay = 20.4
write_blif appntk/c2670_41_0.0292969_782_20.4.blif

round 42
seed = 1567412113 patienceN = 0 patienceM = 2 frameNumber = 64 nLocalPI = 23

0%   10   20   30   40   50   60   70   80   90   100%
|----|----|----|----|----|----|----|----|----|----|
***************************************************
change patienceM
time = 327467905
area = 782
delay = 20.4
write_blif appntk/c2670_42_0.0292969_782_20.4.blif

round 43
seed = 1567412118 patienceN = 0 patienceM = 0 frameNumber = 64 nLocalPI = 22

0%   10   20   30   40   50   60   70   80   90   100%
|----|----|----|----|----|----|----|----|----|----|
***************************************************
change patienceM
time = 330406405
area = 779
delay = 18.6
write_blif appntk/c2670_43_0.0292969_779_18.6.blif

round 44
seed = 1567412123 patienceN = 0 patienceM = 1 frameNumber = 64 nLocalPI = 22

0%   10   20   30   40   50   60   70   80   90   100%
|----|----|----|----|----|----|----|----|----|----|
***************************************************
change patienceM
time = 333932751
area = 778
delay = 18.4
write_blif appntk/c2670_44_0.0292969_778_18.4.blif

round 45
seed = 1567412126 patienceN = 0 patienceM = 2 frameNumber = 64 nLocalPI = 22

0%   10   20   30   40   50   60   70   80   90   100%
|----|----|----|----|----|----|----|----|----|----|
***************************************************
change patienceM
time = 338029718
area = 782
delay = 20.4
write_blif appntk/c2670_45_0.0292969_782_20.4.blif

round 46
seed = 1567412129 patienceN = 0 patienceM = 0 frameNumber = 64 nLocalPI = 21

0%   10   20   30   40   50   60   70   80   90   100%
|----|----|----|----|----|----|----|----|----|----|
***************************************************
change patienceM
time = 342673100
area = 782
delay = 20.4
write_blif appntk/c2670_46_0.0292969_782_20.4.blif

round 47
seed = 1567412133 patienceN = 0 patienceM = 1 frameNumber = 64 nLocalPI = 21

0%   10   20   30   40   50   60   70   80   90   100%
|----|----|----|----|----|----|----|----|----|----|
***************************************************
change patienceM
time = 347635319
area = 779
delay = 18.6
write_blif appntk/c2670_47_0.0292969_779_18.6.blif

round 48
seed = 1567412138 patienceN = 0 patienceM = 2 frameNumber = 64 nLocalPI = 21

0%   10   20   30   40   50   60   70   80   90   100%
|----|----|----|----|----|----|----|----|----|----|
***************************************************
change patienceM
time = 352318785
area = 782
delay = 20.4
write_blif appntk/c2670_48_0.0292969_782_20.4.blif

round 49
seed = 1567412143 patienceN = 0 patienceM = 0 frameNumber = 64 nLocalPI = 20

0%   10   20   30   40   50   60   70   80   90   100%
|----|----|----|----|----|----|----|----|----|----|
***************************************************
change patienceM
time = 356330783
area = 782
delay = 20.4
write_blif appntk/c2670_49_0.0292969_782_20.4.blif

round 50
seed = 1567412147 patienceN = 0 patienceM = 1 frameNumber = 64 nLocalPI = 20

0%   10   20   30   40   50   60   70   80   90   100%
|----|----|----|----|----|----|----|----|----|----|
***************************************************
change patienceM
time = 360015796
area = 782
delay = 20.4
write_blif appntk/c2670_50_0.0292969_782_20.4.blif

round 51
seed = 1567412151 patienceN = 0 patienceM = 2 frameNumber = 64 nLocalPI = 20

0%   10   20   30   40   50   60   70   80   90   100%
|----|----|----|----|----|----|----|----|----|----|
***************************************************
change patienceM
time = 363746348
area = 779
delay = 18.6
write_blif appntk/c2670_51_0.0292969_779_18.6.blif

round 52
seed = 1567412155 patienceN = 0 patienceM = 0 frameNumber = 64 nLocalPI = 19

0%   10   20   30   40   50   60   70   80   90   100%
|----|----|----|----|----|----|----|----|----|----|
***************************************************
change patienceM
time = 368012006
area = 782
delay = 20.4
write_blif appntk/c2670_52_0.0292969_782_20.4.blif

round 53
seed = 1567412159 patienceN = 0 patienceM = 1 frameNumber = 64 nLocalPI = 19

0%   10   20   30   40   50   60   70   80   90   100%
|----|----|----|----|----|----|----|----|----|----|
***************************************************
change patienceM
time = 372280517
area = 782
delay = 20.4
write_blif appntk/c2670_53_0.0292969_782_20.4.blif

round 54
seed = 1567412163 patienceN = 0 patienceM = 2 frameNumber = 64 nLocalPI = 19

0%   10   20   30   40   50   60   70   80   90   100%
|----|----|----|----|----|----|----|----|----|----|
***************************************************
change patienceM
time = 377682875
area = 782
delay = 20.4
write_blif appntk/c2670_54_0.0292969_782_20.4.blif

round 55
seed = 1567412167 patienceN = 0 patienceM = 0 frameNumber = 64 nLocalPI = 18

0%   10   20   30   40   50   60   70   80   90   100%
|----|----|----|----|----|----|----|----|----|----|
***************************************************
change patienceM
time = 381907837
area = 779
delay = 18.6
write_blif appntk/c2670_55_0.0292969_779_18.6.blif

round 56
seed = 1567412173 patienceN = 0 patienceM = 1 frameNumber = 64 nLocalPI = 18

0%   10   20   30   40   50   60   70   80   90   100%
|----|----|----|----|----|----|----|----|----|----|
***************************************************
change patienceM
time = 386115573
area = 778
delay = 18.4
write_blif appntk/c2670_56_0.0292969_778_18.4.blif

round 57
seed = 1567412177 patienceN = 0 patienceM = 2 frameNumber = 64 nLocalPI = 18

0%   10   20   30   40   50   60   70   80   90   100%
|----|----|----|----|----|----|----|----|----|----|
***************************************************
change patienceM
time = 389442545
area = 782
delay = 20.4
write_blif appntk/c2670_57_0.0292969_782_20.4.blif

round 58
seed = 1567412181 patienceN = 0 patienceM = 0 frameNumber = 64 nLocalPI = 17

0%   10   20   30   40   50   60   70   80   90   100%
|----|----|----|----|----|----|----|----|----|----|
***************************************************
change patienceM
time = 393889376
area = 782
delay = 20.4
write_blif appntk/c2670_58_0.0292969_782_20.4.blif

round 59
seed = 1567412185 patienceN = 0 patienceM = 1 frameNumber = 64 nLocalPI = 17

0%   10   20   30   40   50   60   70   80   90   100%
|----|----|----|----|----|----|----|----|----|----|
***************************************************
change patienceM
time = 397470075
area = 779
delay = 18.6
write_blif appntk/c2670_59_0.0292969_779_18.6.blif

round 60
seed = 1567412189 patienceN = 0 patienceM = 2 frameNumber = 64 nLocalPI = 17

0%   10   20   30   40   50   60   70   80   90   100%
|----|----|----|----|----|----|----|----|----|----|
***************************************************
change patienceM
time = 401936100
area = 782
delay = 20.4
write_blif appntk/c2670_60_0.0292969_782_20.4.blif

round 61
seed = 1567412193 patienceN = 0 patienceM = 0 frameNumber = 64 nLocalPI = 16

0%   10   20   30   40   50   60   70   80   90   100%
|----|----|----|----|----|----|----|----|----|----|
***************************************************
change patienceM
time = 406047481
area = 782
delay = 20.4
write_blif appntk/c2670_61_0.0292969_782_20.4.blif

round 62
seed = 1567412197 patienceN = 0 patienceM = 1 frameNumber = 64 nLocalPI = 16

0%   10   20   30   40   50   60   70   80   90   100%
|----|----|----|----|----|----|----|----|----|----|
***************************************************
change patienceM
time = 409570308
area = 782
delay = 20.4
write_blif appntk/c2670_62_0.0292969_782_20.4.blif

round 63
seed = 1567412201 patienceN = 0 patienceM = 2 frameNumber = 64 nLocalPI = 16

0%   10   20   30   40   50   60   70   80   90   100%
|----|----|----|----|----|----|----|----|----|----|
***************************************************
change patienceM
time = 413122890
area = 779
delay = 18.6
write_blif appntk/c2670_63_0.0292969_779_18.6.blif

round 64
seed = 1567412205 patienceN = 0 patienceM = 0 frameNumber = 64 nLocalPI = 15

0%   10   20   30   40   50   60   70   80   90   100%
|----|----|----|----|----|----|----|----|----|----|
***************************************************
change patienceM
time = 418650570
area = 782
delay = 20.4
write_blif appntk/c2670_64_0.0292969_782_20.4.blif

round 65
seed = 1567412208 patienceN = 0 patienceM = 1 frameNumber = 64 nLocalPI = 15

0%   10   20   30   40   50   60   70   80   90   100%
|----|----|----|----|----|----|----|----|----|----|
***************************************************
change patienceM
time = 422349000
area = 782
delay = 20.4
write_blif appntk/c2670_65_0.0292969_782_20.4.blif

round 66
seed = 1567412214 patienceN = 0 patienceM = 2 frameNumber = 64 nLocalPI = 15

0%   10   20   30   40   50   60   70   80   90   100%
|----|----|----|----|----|----|----|----|----|----|
***************************************************
change patienceM
time = 426039475
area = 782
delay = 20.4
write_blif appntk/c2670_66_0.0292969_782_20.4.blif

round 67
seed = 1567412217 patienceN = 0 patienceM = 0 frameNumber = 64 nLocalPI = 14

0%   10   20   30   40   50   60   70   80   90   100%
|----|----|----|----|----|----|----|----|----|----|
***************************************************
change patienceM
time = 430274447
area = 779
delay = 18.6
write_blif appntk/c2670_67_0.0292969_779_18.6.blif

round 68
seed = 1567412221 patienceN = 0 patienceM = 1 frameNumber = 64 nLocalPI = 14

0%   10   20   30   40   50   60   70   80   90   100%
|----|----|----|----|----|----|----|----|----|----|
***************************************************
change patienceM
time = 433639443
area = 778
delay = 18.4
write_blif appntk/c2670_68_0.0292969_778_18.4.blif

round 69
seed = 1567412225 patienceN = 0 patienceM = 2 frameNumber = 64 nLocalPI = 14

0%   10   20   30   40   50   60   70   80   90   100%
|----|----|----|----|----|----|----|----|----|----|
***************************************************
change patienceM
time = 437566100
area = 782
delay = 20.4
write_blif appntk/c2670_69_0.0292969_782_20.4.blif

round 70
seed = 1567412229 patienceN = 0 patienceM = 0 frameNumber = 64 nLocalPI = 13

0%   10   20   30   40   50   60   70   80   90   100%
|----|----|----|----|----|----|----|----|----|----|
***************************************************
change patienceM
time = 440861161
area = 782
delay = 20.4
write_blif appntk/c2670_70_0.0292969_782_20.4.blif

round 71
seed = 1567412233 patienceN = 0 patienceM = 1 frameNumber = 64 nLocalPI = 13

0%   10   20   30   40   50   60   70   80   90   100%
|----|----|----|----|----|----|----|----|----|----|
***************************************************
change patienceM
time = 443871026
area = 779
delay = 18.6
write_blif appntk/c2670_71_0.0292969_779_18.6.blif

round 72
seed = 1567412236 patienceN = 0 patienceM = 2 frameNumber = 64 nLocalPI = 13

0%   10   20   30   40   50   60   70   80   90   100%
|----|----|----|----|----|----|----|----|----|----|
***************************************************
change patienceM
time = 447756063
area = 782
delay = 20.4
write_blif appntk/c2670_72_0.0292969_782_20.4.blif

round 73
seed = 1567412239 patienceN = 0 patienceM = 0 frameNumber = 64 nLocalPI = 12

0%   10   20   30   40   50   60   70   80   90   100%
|----|----|----|----|----|----|----|----|----|----|
***************************************************
change patienceM
time = 452166224
area = 782
delay = 20.4
write_blif appntk/c2670_73_0.0292969_782_20.4.blif

round 74
seed = 1567412243 patienceN = 0 patienceM = 1 frameNumber = 64 nLocalPI = 12

0%   10   20   30   40   50   60   70   80   90   100%
|----|----|----|----|----|----|----|----|----|----|
***************************************************
change patienceM
time = 455997565
area = 782
delay = 20.4
write_blif appntk/c2670_74_0.0292969_782_20.4.blif

round 75
seed = 1567412247 patienceN = 0 patienceM = 2 frameNumber = 64 nLocalPI = 12

0%   10   20   30   40   50   60   70   80   90   100%
|----|----|----|----|----|----|----|----|----|----|
***************************************************
change patienceM
time = 459247867
area = 779
delay = 18.6
write_blif appntk/c2670_75_0.0292969_779_18.6.blif

round 76
seed = 1567412251 patienceN = 0 patienceM = 0 frameNumber = 64 nLocalPI = 11

0%   10   20   30   40   50   60   70   80   90   100%
|----|----|----|----|----|----|----|----|----|----|
***************************************************
change patienceM
time = 463021967
area = 782
delay = 20.4
write_blif appntk/c2670_76_0.0292969_782_20.4.blif

round 77
seed = 1567412254 patienceN = 0 patienceM = 1 frameNumber = 64 nLocalPI = 11

0%   10   20   30   40   50   60   70   80   90   100%
|----|----|----|----|----|----|----|----|----|----|
***************************************************
change patienceM
time = 467127587
area = 782
delay = 20.4
write_blif appntk/c2670_77_0.0292969_782_20.4.blif

round 78
seed = 1567412258 patienceN = 0 patienceM = 2 frameNumber = 64 nLocalPI = 11

0%   10   20   30   40   50   60   70   80   90   100%
|----|----|----|----|----|----|----|----|----|----|
***************************************************
change patienceM
time = 471515472
area = 782
delay = 20.4
write_blif appntk/c2670_78_0.0292969_782_20.4.blif

round 79
seed = 1567412262 patienceN = 0 patienceM = 0 frameNumber = 64 nLocalPI = 10

0%   10   20   30   40   50   60   70   80   90   100%
|----|----|----|----|----|----|----|----|----|----|
***************************************************
change patienceM
time = 473800101
area = 779
delay = 18.6
write_blif appntk/c2670_79_0.0292969_779_18.6.blif

round 80
seed = 1567412267 patienceN = 0 patienceM = 1 frameNumber = 64 nLocalPI = 10

0%   10   20   30   40   50   60   70   80   90   100%
|----|----|----|----|----|----|----|----|----|----|
***************************************************
change patienceM
time = 479028867
area = 778
delay = 18.4
write_blif appntk/c2670_80_0.0292969_778_18.4.blif

round 81
seed = 1567412269 patienceN = 0 patienceM = 2 frameNumber = 64 nLocalPI = 10

0%   10   20   30   40   50   60   70   80   90   100%
|----|----|----|----|----|----|----|----|----|----|
***************************************************
change patienceM
time = 481606074
area = 782
delay = 20.4
write_blif appntk/c2670_81_0.0292969_782_20.4.blif

round 82
seed = 1567412274 patienceN = 0 patienceM = 0 frameNumber = 64 nLocalPI = 9

0%   10   20   30   40   50   60   70   80   90   100%
|----|----|----|----|----|----|----|----|----|----|
***************************************************
change patienceM
time = 485591232
area = 782
delay = 20.4
write_blif appntk/c2670_82_0.0292969_782_20.4.blif

round 83
seed = 1567412277 patienceN = 0 patienceM = 1 frameNumber = 64 nLocalPI = 9

0%   10   20   30   40   50   60   70   80   90   100%
|----|----|----|----|----|----|----|----|----|----|
***************************************************
change patienceM
time = 488992851
area = 779
delay = 18.6
write_blif appntk/c2670_83_0.0292969_779_18.6.blif

round 84
seed = 1567412281 patienceN = 0 patienceM = 2 frameNumber = 64 nLocalPI = 9

0%   10   20   30   40   50   60   70   80   90   100%
|----|----|----|----|----|----|----|----|----|----|
***************************************************
change patienceM
time = 492989214
area = 782
delay = 20.4
write_blif appntk/c2670_84_0.0292969_782_20.4.blif

round 85
seed = 1567412284 patienceN = 0 patienceM = 0 frameNumber = 64 nLocalPI = 8

0%   10   20   30   40   50   60   70   80   90   100%
|----|----|----|----|----|----|----|----|----|----|
***************************************************
change patienceM
time = 495137862
area = 782
delay = 20.4
write_blif appntk/c2670_85_0.0292969_782_20.4.blif

round 86
seed = 1567412288 patienceN = 0 patienceM = 1 frameNumber = 64 nLocalPI = 8

0%   10   20   30   40   50   60   70   80   90   100%
|----|----|----|----|----|----|----|----|----|----|
***************************************************
change patienceM
time = 497308544
area = 782
delay = 20.4
write_blif appntk/c2670_86_0.0292969_782_20.4.blif

round 87
seed = 1567412290 patienceN = 0 patienceM = 2 frameNumber = 64 nLocalPI = 8

0%   10   20   30   40   50   60   70   80   90   100%
|----|----|----|----|----|----|----|----|----|----|
***************************************************
change patienceM
time = 501785449
area = 779
delay = 18.6
write_blif appntk/c2670_87_0.0292969_779_18.6.blif

round 88
seed = 1567412292 patienceN = 0 patienceM = 0 frameNumber = 64 nLocalPI = 7

0%   10   20   30   40   50   60   70   80   90   100%
|----|----|----|----|----|----|----|----|----|----|
***************************************************
change patienceM
time = 505340472
area = 782
delay = 20.4
write_blif appntk/c2670_88_0.0292969_782_20.4.blif

round 89
seed = 1567412297 patienceN = 0 patienceM = 1 frameNumber = 64 nLocalPI = 7

0%   10   20   30   40   50   60   70   80   90   100%
|----|----|----|----|----|----|----|----|----|----|
***************************************************
change patienceM
time = 508889594
area = 782
delay = 20.4
write_blif appntk/c2670_89_0.0292969_782_20.4.blif

round 90
seed = 1567412301 patienceN = 0 patienceM = 2 frameNumber = 64 nLocalPI = 7

0%   10   20   30   40   50   60   70   80   90   100%
|----|----|----|----|----|----|----|----|----|----|
***************************************************
change patienceM
time = 511272428
area = 782
delay = 20.4
write_blif appntk/c2670_90_0.0292969_782_20.4.blif

round 91
seed = 1567412304 patienceN = 0 patienceM = 0 frameNumber = 64 nLocalPI = 6

0%   10   20   30   40   50   60   70   80   90   100%
|----|----|----|----|----|----|----|----|----|----|
***************************************************
change patienceM
time = 514746839
area = 779
delay = 18.6
write_blif appntk/c2670_91_0.0292969_779_18.6.blif

round 92
seed = 1567412306 patienceN = 0 patienceM = 1 frameNumber = 64 nLocalPI = 6

0%   10   20   30   40   50   60   70   80   90   100%
|----|----|----|----|----|----|----|----|----|----|
***************************************************
change patienceM
time = 517328593
area = 778
delay = 18.4
write_blif appntk/c2670_92_0.0292969_778_18.4.blif

round 93
seed = 1567412310 patienceN = 0 patienceM = 2 frameNumber = 64 nLocalPI = 6

0%   10   20   30   40   50   60   70   80   90   100%
|----|----|----|----|----|----|----|----|----|----|
***************************************************
change patienceM
time = 521980028
area = 782
delay = 20.4
write_blif appntk/c2670_93_0.0292969_782_20.4.blif

round 94
seed = 1567412313 patienceN = 0 patienceM = 0 frameNumber = 64 nLocalPI = 5

0%   10   20   30   40   50   60   70   80   90   100%
|----|----|----|----|----|----|----|----|----|----|
***************************************************
best node n711 best error 0.0343457
time = 524205175
