Entered genlib library with 23 gates from file "data/genlib/mcnc.genlib".
Line 7: Skipping line ".default_input_arrival 0.00 0.00 ".
Line 8: Skipping line ".default_output_required 0.00 0.00 ".
Line 9: Skipping line ".default_input_drive 0.10 0.10 ".
Line 10: Skipping line ".default_output_load 2.00 ".
Line 11: Skipping line ".default_max_input_load 999.00 ".
Original area = 1604, original delay = 55

round 0
seed = 0 patienceN = 0 patienceM = 0 frameNumber = 64 nLocalPI = 30

0%   10   20   30   40   50   60   70   80   90   100%
|----|----|----|----|----|----|----|----|----|----|
***************************************************
best node [140489] best error 0
time = 20678745
area = 1583
delay = 51.1
write_blif appntk/c3540_0_0_1583_51.1.blif

round 1
seed = 1567411795 patienceN = 0 patienceM = 0 frameNumber = 64 nLocalPI = 30

0%   10   20   30   40   50   60   70   80   90   100%
|----|----|----|----|----|----|----|----|----|----|
***************************************************
best node n739 best error 0.000166016
time = 44887094
area = 1571
delay = 51
write_blif appntk/c3540_1_0.000166016_1571_51.blif

round 2
seed = 1567411816 patienceN = 0 patienceM = 0 frameNumber = 64 nLocalPI = 30

0%   10   20   30   40   50   60   70   80   90   100%
|----|----|----|----|----|----|----|----|----|----|
***************************************************
best node n852 best error 0.000166016
time = 68104914
area = 1569
delay = 50.9
write_blif appntk/c3540_2_0.000166016_1569_50.9.blif

round 3
seed = 1567411841 patienceN = 0 patienceM = 0 frameNumber = 64 nLocalPI = 30

0%   10   20   30   40   50   60   70   80   90   100%
|----|----|----|----|----|----|----|----|----|----|
***************************************************
best node n421 best error 0.000419922
time = 88398853
area = 1567
delay = 49.9
write_blif appntk/c3540_3_0.000419922_1567_49.9.blif

round 4
seed = 1567411864 patienceN = 0 patienceM = 0 frameNumber = 64 nLocalPI = 30

0%   10   20   30   40   50   60   70   80   90   100%
|----|----|----|----|----|----|----|----|----|----|
***************************************************
best node n424 best error 0.000986328
time = 110423600
area = 1563
delay = 49.6
write_blif appntk/c3540_4_0.000986328_1563_49.6.blif

round 5
seed = 1567411884 patienceN = 0 patienceM = 0 frameNumber = 64 nLocalPI = 30

0%   10   20   30   40   50   60   70   80   90   100%
|----|----|----|----|----|----|----|----|----|----|
***************************************************
best node n728 best error 0.00141602
time = 129339366
area = 1561
delay = 49.6
write_blif appntk/c3540_5_0.00141602_1561_49.6.blif

round 6
seed = 1567411906 patienceN = 0 patienceM = 0 frameNumber = 64 nLocalPI = 30

0%   10   20   30   40   50   60   70   80   90   100%
|----|----|----|----|----|----|----|----|----|----|
***************************************************
best node n731 best error 0.00207031
time = 146999861
area = 1566
delay = 49.9
write_blif appntk/c3540_6_0.00207031_1566_49.9.blif

round 7
seed = 1567411925 patienceN = 0 patienceM = 0 frameNumber = 64 nLocalPI = 30

0%   10   20   30   40   50   60   70   80   90   100%
|----|----|----|----|----|----|----|----|----|----|
***************************************************
best node n424 best error 0.0028125
time = 163763551
area = 1547
delay = 49.6
write_blif appntk/c3540_7_0.0028125_1547_49.6.blif

round 8
seed = 1567411943 patienceN = 0 patienceM = 0 frameNumber = 64 nLocalPI = 30

0%   10   20   30   40   50   60   70   80   90   100%
|----|----|----|----|----|----|----|----|----|----|
***************************************************
best node n860 best error 0.00360352
time = 179349648
area = 1551
delay = 49.6
write_blif appntk/c3540_8_0.00360352_1551_49.6.blif

round 9
seed = 1567411959 patienceN = 0 patienceM = 0 frameNumber = 64 nLocalPI = 30

0%   10   20   30   40   50   60   70   80   90   100%
|----|----|----|----|----|----|----|----|----|----|
***************************************************
best node n420 best error 0.00431641
time = 196326749
area = 1543
delay = 48.5
write_blif appntk/c3540_9_0.00431641_1543_48.5.blif

round 10
seed = 1567411975 patienceN = 0 patienceM = 0 frameNumber = 64 nLocalPI = 30

0%   10   20   30   40   50   60   70   80   90   100%
|----|----|----|----|----|----|----|----|----|----|
***************************************************
best node n865 best error 0.00518555
time = 211718571
area = 1555
delay = 49.6
write_blif appntk/c3540_10_0.00518555_1555_49.6.blif

round 11
seed = 1567411992 patienceN = 0 patienceM = 0 frameNumber = 64 nLocalPI = 30

0%   10   20   30   40   50   60   70   80   90   100%
|----|----|----|----|----|----|----|----|----|----|
***************************************************
best node n421 best error 0.00550781
time = 228574413
area = 1539
delay = 48.2
write_blif appntk/c3540_11_0.00550781_1539_48.2.blif

round 12
seed = 1567412007 patienceN = 0 patienceM = 0 frameNumber = 64 nLocalPI = 30

0%   10   20   30   40   50   60   70   80   90   100%
|----|----|----|----|----|----|----|----|----|----|
***************************************************
best node n420 best error 0.00575195
time = 242259186
area = 1548
delay = 49.8
write_blif appntk/c3540_12_0.00575195_1548_49.8.blif

round 13
seed = 1567412024 patienceN = 0 patienceM = 0 frameNumber = 64 nLocalPI = 30

0%   10   20   30   40   50   60   70   80   90   100%
|----|----|----|----|----|----|----|----|----|----|
***************************************************
best node n857 best error 0.00661133
time = 258072663
area = 1536
delay = 49.5
write_blif appntk/c3540_13_0.00661133_1536_49.5.blif

round 14
seed = 1567412038 patienceN = 0 patienceM = 0 frameNumber = 64 nLocalPI = 30

0%   10   20   30   40   50   60   70   80   90   100%
|----|----|----|----|----|----|----|----|----|----|
***************************************************
best node n855 best error 0.00746094
time = 276264007
area = 1544
delay = 49.5
write_blif appntk/c3540_14_0.00746094_1544_49.5.blif

round 15
seed = 1567412054 patienceN = 0 patienceM = 0 frameNumber = 64 nLocalPI = 30

0%   10   20   30   40   50   60   70   80   90   100%
|----|----|----|----|----|----|----|----|----|----|
***************************************************
best node n849 best error 0.00750977
time = 290411002
area = 1530
delay = 48.4
write_blif appntk/c3540_15_0.00750977_1530_48.4.blif

round 16
seed = 1567412072 patienceN = 0 patienceM = 0 frameNumber = 64 nLocalPI = 30

0%   10   20   30   40   50   60   70   80   90   100%
|----|----|----|----|----|----|----|----|----|----|
***************************************************
best node n854 best error 0.00838867
time = 304320732
area = 1533
delay = 49.5
write_blif appntk/c3540_16_0.00838867_1533_49.5.blif

round 17
seed = 1567412086 patienceN = 0 patienceM = 0 frameNumber = 64 nLocalPI = 30

0%   10   20   30   40   50   60   70   80   90   100%
|----|----|----|----|----|----|----|----|----|----|
***************************************************
best node n861 best error 0.00928711
time = 320186914
area = 1524
delay = 48.1
write_blif appntk/c3540_17_0.00928711_1524_48.1.blif

round 18
seed = 1567412100 patienceN = 0 patienceM = 0 frameNumber = 64 nLocalPI = 30

0%   10   20   30   40   50   60   70   80   90   100%
|----|----|----|----|----|----|----|----|----|----|
***************************************************
best node n863 best error 0.0102344
time = 336029583
area = 1531
delay = 49.8
write_blif appntk/c3540_18_0.0102344_1531_49.8.blif

round 19
seed = 1567412116 patienceN = 0 patienceM = 0 frameNumber = 64 nLocalPI = 30

0%   10   20   30   40   50   60   70   80   90   100%
|----|----|----|----|----|----|----|----|----|----|
***************************************************
best node n589 best error 0.0106445
time = 355416686
area = 1513
delay = 45.6
write_blif appntk/c3540_19_0.0106445_1513_45.6.blif

round 20
seed = 1567412132 patienceN = 0 patienceM = 0 frameNumber = 64 nLocalPI = 30

0%   10   20   30   40   50   60   70   80   90   100%
|----|----|----|----|----|----|----|----|----|----|
***************************************************
best node n859 best error 0.0115918
time = 371942353
area = 1514
delay = 45.6
write_blif appntk/c3540_20_0.0115918_1514_45.6.blif

round 21
seed = 1567412151 patienceN = 0 patienceM = 0 frameNumber = 64 nLocalPI = 30

0%   10   20   30   40   50   60   70   80   90   100%
|----|----|----|----|----|----|----|----|----|----|
***************************************************
best node n852 best error 0.0125879
time = 387665865
area = 1509
delay = 46.7
write_blif appntk/c3540_21_0.0125879_1509_46.7.blif

round 22
seed = 1567412168 patienceN = 0 patienceM = 0 frameNumber = 64 nLocalPI = 30

0%   10   20   30   40   50   60   70   80   90   100%
|----|----|----|----|----|----|----|----|----|----|
***************************************************
best node n853 best error 0.0134668
time = 400866738
area = 1517
delay = 46.5
write_blif appntk/c3540_22_0.0134668_1517_46.5.blif

round 23
seed = 1567412183 patienceN = 0 patienceM = 0 frameNumber = 64 nLocalPI = 30

0%   10   20   30   40   50   60   70   80   90   100%
|----|----|----|----|----|----|----|----|----|----|
***************************************************
best node n852 best error 0.0145801
time = 417844833
area = 1502
delay = 45.6
write_blif appntk/c3540_23_0.0145801_1502_45.6.blif

round 24
seed = 1567412196 patienceN = 0 patienceM = 0 frameNumber = 64 nLocalPI = 30

0%   10   20   30   40   50   60   70   80   90   100%
|----|----|----|----|----|----|----|----|----|----|
***************************************************
best node n579 best error 0.0153223
time = 431898057
area = 1514
delay = 48.7
write_blif appntk/c3540_24_0.0153223_1514_48.7.blif

round 25
seed = 1567412213 patienceN = 0 patienceM = 0 frameNumber = 64 nLocalPI = 30

0%   10   20   30   40   50   60   70   80   90   100%
|----|----|----|----|----|----|----|----|----|----|
***************************************************
best node n578 best error 0.0158496
time = 447940485
area = 1496
delay = 45.6
write_blif appntk/c3540_25_0.0158496_1496_45.6.blif

round 26
seed = 1567412228 patienceN = 0 patienceM = 0 frameNumber = 64 nLocalPI = 30

0%   10   20   30   40   50   60   70   80   90   100%
|----|----|----|----|----|----|----|----|----|----|
***************************************************
best node n851 best error 0.0168457
time = 463216759
area = 1511
delay = 47.2
write_blif appntk/c3540_26_0.0168457_1511_47.2.blif

round 27
seed = 1567412244 patienceN = 0 patienceM = 0 frameNumber = 64 nLocalPI = 30

0%   10   20   30   40   50   60   70   80   90   100%
|----|----|----|----|----|----|----|----|----|----|
***************************************************
best node n845 best error 0.0177344
time = 479683354
area = 1493
delay = 47.7
write_blif appntk/c3540_27_0.0177344_1493_47.7.blif

round 28
seed = 1567412259 patienceN = 0 patienceM = 0 frameNumber = 64 nLocalPI = 30

0%   10   20   30   40   50   60   70   80   90   100%
|----|----|----|----|----|----|----|----|----|----|
***************************************************
best node n843 best error 0.0186914
time = 496857969
area = 1491
delay = 46.5
write_blif appntk/c3540_28_0.0186914_1491_46.5.blif

round 29
seed = 1567412275 patienceN = 0 patienceM = 0 frameNumber = 64 nLocalPI = 30

0%   10   20   30   40   50   60   70   80   90   100%
|----|----|----|----|----|----|----|----|----|----|
***************************************************
best node n718 best error 0.0197754
time = 514082269
area = 1491
delay = 46.5
write_blif appntk/c3540_29_0.0197754_1491_46.5.blif

round 30
seed = 1567412292 patienceN = 0 patienceM = 0 frameNumber = 64 nLocalPI = 30

0%   10   20   30   40   50   60   70   80   90   100%
|----|----|----|----|----|----|----|----|----|----|
***************************************************
best node n803 best error 0.020918
time = 533844153
area = 1484
delay = 47.7
write_blif appntk/c3540_30_0.020918_1484_47.7.blif

round 31
seed = 1567412310 patienceN = 0 patienceM = 0 frameNumber = 64 nLocalPI = 30

0%   10   20   30   40   50   60   70   80   90   100%
|----|----|----|----|----|----|----|----|----|----|
***************************************************
best node n546 best error 0.022002
time = 551030914
area = 1491
delay = 45.6
write_blif appntk/c3540_31_0.022002_1491_45.6.blif

round 32
seed = 1567412329 patienceN = 0 patienceM = 0 frameNumber = 64 nLocalPI = 30

0%   10   20   30   40   50   60   70   80   90   100%
|----|----|----|----|----|----|----|----|----|----|
***************************************************
best node n665 best error 0.0231836
time = 568527304
area = 1485
delay = 45.6
write_blif appntk/c3540_32_0.0231836_1485_45.6.blif

round 33
seed = 1567412347 patienceN = 0 patienceM = 0 frameNumber = 64 nLocalPI = 30

0%   10   20   30   40   50   60   70   80   90   100%
|----|----|----|----|----|----|----|----|----|----|
***************************************************
best node n484 best error 0.023877
time = 581836968
area = 1476
delay = 47.7
write_blif appntk/c3540_33_0.023877_1476_47.7.blif

round 34
seed = 1567412364 patienceN = 0 patienceM = 0 frameNumber = 64 nLocalPI = 30

0%   10   20   30   40   50   60   70   80   90   100%
|----|----|----|----|----|----|----|----|----|----|
***************************************************
best node n877 best error 0.024209
time = 596843948
area = 1473
delay = 46.5
write_blif appntk/c3540_34_0.024209_1473_46.5.blif

round 35
seed = 1567412377 patienceN = 0 patienceM = 0 frameNumber = 64 nLocalPI = 30

0%   10   20   30   40   50   60   70   80   90   100%
|----|----|----|----|----|----|----|----|----|----|
***************************************************
best node n646 best error 0.0244141
time = 610735084
area = 1472
delay = 46.5
write_blif appntk/c3540_35_0.0244141_1472_46.5.blif

round 36
seed = 1567412392 patienceN = 0 patienceM = 0 frameNumber = 64 nLocalPI = 30

0%   10   20   30   40   50   60   70   80   90   100%
|----|----|----|----|----|----|----|----|----|----|
***************************************************
best node n737 best error 0.0244727
time = 628134651
area = 1471
delay = 47.7
write_blif appntk/c3540_36_0.0244727_1471_47.7.blif

round 37
seed = 1567412406 patienceN = 0 patienceM = 0 frameNumber = 64 nLocalPI = 30

0%   10   20   30   40   50   60   70   80   90   100%
|----|----|----|----|----|----|----|----|----|----|
***************************************************
best node n700 best error 0.0245117
time = 643513571
area = 1466
delay = 45.6
write_blif appntk/c3540_37_0.0245117_1466_45.6.blif

round 38
seed = 1567412424 patienceN = 0 patienceM = 0 frameNumber = 64 nLocalPI = 30

0%   10   20   30   40   50   60   70   80   90   100%
|----|----|----|----|----|----|----|----|----|----|
***************************************************
best node n740 best error 0.0251367
time = 657309381
area = 1464
delay = 45.6
write_blif appntk/c3540_38_0.0251367_1464_45.6.blif

round 39
seed = 1567412439 patienceN = 0 patienceM = 0 frameNumber = 64 nLocalPI = 30

0%   10   20   30   40   50   60   70   80   90   100%
|----|----|----|----|----|----|----|----|----|----|
***************************************************
best node n849 best error 0.026416
time = 672301252
area = 1462
delay = 46.7
write_blif appntk/c3540_39_0.026416_1462_46.7.blif

round 40
seed = 1567412453 patienceN = 0 patienceM = 0 frameNumber = 64 nLocalPI = 30

0%   10   20   30   40   50   60   70   80   90   100%
|----|----|----|----|----|----|----|----|----|----|
***************************************************
best node n851 best error 0.0266602
time = 686933051
area = 1467
delay = 45.6
write_blif appntk/c3540_40_0.0266602_1467_45.6.blif

round 41
seed = 1567412468 patienceN = 0 patienceM = 0 frameNumber = 64 nLocalPI = 30

0%   10   20   30   40   50   60   70   80   90   100%
|----|----|----|----|----|----|----|----|----|----|
***************************************************
best node n788 best error 0.0266797
time = 702220506
area = 1456
delay = 46.5
write_blif appntk/c3540_41_0.0266797_1456_46.5.blif

round 42
seed = 1567412483 patienceN = 0 patienceM = 0 frameNumber = 64 nLocalPI = 30

0%   10   20   30   40   50   60   70   80   90   100%
|----|----|----|----|----|----|----|----|----|----|
***************************************************
best node n858 best error 0.0270215
time = 715840230
area = 1453
delay = 47.7
write_blif appntk/c3540_42_0.0270215_1453_47.7.blif

round 43
seed = 1567412498 patienceN = 0 patienceM = 0 frameNumber = 64 nLocalPI = 30

0%   10   20   30   40   50   60   70   80   90   100%
|----|----|----|----|----|----|----|----|----|----|
***************************************************
best node n625 best error 0.0282812
time = 731208928
area = 1458
delay = 46.5
write_blif appntk/c3540_43_0.0282812_1458_46.5.blif

round 44
seed = 1567412512 patienceN = 0 patienceM = 0 frameNumber = 64 nLocalPI = 30

0%   10   20   30   40   50   60   70   80   90   100%
|----|----|----|----|----|----|----|----|----|----|
***************************************************
best node n541 best error 0.0288965
time = 746608501
area = 1444
delay = 46.5
write_blif appntk/c3540_44_0.0288965_1444_46.5.blif

round 45
seed = 1567412527 patienceN = 0 patienceM = 0 frameNumber = 64 nLocalPI = 30

0%   10   20   30   40   50   60   70   80   90   100%
|----|----|----|----|----|----|----|----|----|----|
***************************************************
best node n726 best error 0.0288965
time = 761962646
area = 1442
delay = 47.7
write_blif appntk/c3540_45_0.0288965_1442_47.7.blif

round 46
seed = 1567412542 patienceN = 0 patienceM = 0 frameNumber = 64 nLocalPI = 30

0%   10   20   30   40   50   60   70   80   90   100%
|----|----|----|----|----|----|----|----|----|----|
***************************************************
best node n785 best error 0.0291113
time = 779119166
area = 1442
delay = 46.5
write_blif appntk/c3540_46_0.0291113_1442_46.5.blif

round 47
seed = 1567412558 patienceN = 0 patienceM = 0 frameNumber = 64 nLocalPI = 30

0%   10   20   30   40   50   60   70   80   90   100%
|----|----|----|----|----|----|----|----|----|----|
***************************************************
best node n531 best error 0.0292383
time = 795773180
area = 1442
delay = 46.5
write_blif appntk/c3540_47_0.0292383_1442_46.5.blif

round 48
seed = 1567412575 patienceN = 0 patienceM = 0 frameNumber = 64 nLocalPI = 30

0%   10   20   30   40   50   60   70   80   90   100%
|----|----|----|----|----|----|----|----|----|----|
***************************************************
best node n476 best error 0.0299707
time = 813325043
area = 1440
delay = 47.7
write_blif appntk/c3540_48_0.0299707_1440_47.7.blif

round 49
seed = 1567412591 patienceN = 0 patienceM = 0 frameNumber = 64 nLocalPI = 30

0%   10   20   30   40   50   60   70   80   90   100%
|----|----|----|----|----|----|----|----|----|----|
***************************************************
change patienceM
time = 829061192
area = 1438
delay = 46.5
write_blif appntk/c3540_49_0.0299707_1438_46.5.blif

round 50
seed = 1567412609 patienceN = 0 patienceM = 1 frameNumber = 64 nLocalPI = 30

0%   10   20   30   40   50   60   70   80   90   100%
|----|----|----|----|----|----|----|----|----|----|
***************************************************
change patienceM
time = 846321701
area = 1439
delay = 46.5
write_blif appntk/c3540_50_0.0299707_1439_46.5.blif

round 51
seed = 1567412625 patienceN = 0 patienceM = 2 frameNumber = 64 nLocalPI = 30

0%   10   20   30   40   50   60   70   80   90   100%
|----|----|----|----|----|----|----|----|----|----|
***************************************************
change patienceM
time = 861536395
area = 1438
delay = 47.7
write_blif appntk/c3540_51_0.0299707_1438_47.7.blif

round 52
seed = 1567412642 patienceN = 0 patienceM = 0 frameNumber = 64 nLocalPI = 29

0%   10   20   30   40   50   60   70   80   90   100%
|----|----|----|----|----|----|----|----|----|----|
***************************************************
change patienceM
time = 877815444
area = 1442
delay = 46.5
write_blif appntk/c3540_52_0.0299707_1442_46.5.blif

round 53
seed = 1567412657 patienceN = 0 patienceM = 1 frameNumber = 64 nLocalPI = 29

0%   10   20   30   40   50   60   70   80   90   100%
|----|----|----|----|----|----|----|----|----|----|
***************************************************
change patienceM
time = 891849702
area = 1439
delay = 46.5
write_blif appntk/c3540_53_0.0299707_1439_46.5.blif

round 54
seed = 1567412674 patienceN = 0 patienceM = 2 frameNumber = 64 nLocalPI = 29

0%   10   20   30   40   50   60   70   80   90   100%
|----|----|----|----|----|----|----|----|----|----|
***************************************************
change patienceM
time = 903828901
area = 1440
delay = 47.7
write_blif appntk/c3540_54_0.0299707_1440_47.7.blif

round 55
seed = 1567412688 patienceN = 0 patienceM = 0 frameNumber = 64 nLocalPI = 28

0%   10   20   30   40   50   60   70   80   90   100%
|----|----|----|----|----|----|----|----|----|----|
***************************************************
change patienceM
time = 920420901
area = 1436
delay = 46.5
write_blif appntk/c3540_55_0.0299707_1436_46.5.blif

round 56
seed = 1567412700 patienceN = 0 patienceM = 1 frameNumber = 64 nLocalPI = 28

0%   10   20   30   40   50   60   70   80   90   100%
|----|----|----|----|----|----|----|----|----|----|
***************************************************
change patienceM
time = 933991544
area = 1439
delay = 46.5
write_blif appntk/c3540_56_0.0299707_1439_46.5.blif

round 57
seed = 1567412716 patienceN = 0 patienceM = 2 frameNumber = 64 nLocalPI = 28

0%   10   20   30   40   50   60   70   80   90   100%
|----|----|----|----|----|----|----|----|----|----|
***************************************************
change patienceM
time = 949459628
area = 1440
delay = 47.7
write_blif appntk/c3540_57_0.0299707_1440_47.7.blif

round 58
seed = 1567412730 patienceN = 0 patienceM = 0 frameNumber = 64 nLocalPI = 27

0%   10   20   30   40   50   60   70   80   90   100%
|----|----|----|----|----|----|----|----|----|----|
***************************************************
change patienceM
time = 965683249
area = 1438
delay = 46.5
write_blif appntk/c3540_58_0.0299707_1438_46.5.blif

round 59
seed = 1567412745 patienceN = 0 patienceM = 1 frameNumber = 64 nLocalPI = 27

0%   10   20   30   40   50   60   70   80   90   100%
|----|----|----|----|----|----|----|----|----|----|
***************************************************
change patienceM
time = 979699267
area = 1438
delay = 46.5
write_blif appntk/c3540_59_0.0299707_1438_46.5.blif

round 60
seed = 1567412762 patienceN = 0 patienceM = 2 frameNumber = 64 nLocalPI = 27

0%   10   20   30   40   50   60   70   80   90   100%
|----|----|----|----|----|----|----|----|----|----|
***************************************************
change patienceM
time = 993766265
area = 1440
delay = 47.7
write_blif appntk/c3540_60_0.0299707_1440_47.7.blif

round 61
seed = 1567412776 patienceN = 0 patienceM = 0 frameNumber = 64 nLocalPI = 26

0%   10   20   30   40   50   60   70   80   90   100%
|----|----|----|----|----|----|----|----|----|----|
***************************************************
change patienceM
time = 1008571150
area = 1438
delay = 46.5
write_blif appntk/c3540_61_0.0299707_1438_46.5.blif

round 62
seed = 1567412790 patienceN = 0 patienceM = 1 frameNumber = 64 nLocalPI = 26

0%   10   20   30   40   50   60   70   80   90   100%
|----|----|----|----|----|----|----|----|----|----|
***************************************************
change patienceM
time = 1022812187
area = 1439
delay = 46.5
write_blif appntk/c3540_62_0.0299707_1439_46.5.blif

round 63
seed = 1567412805 patienceN = 0 patienceM = 2 frameNumber = 64 nLocalPI = 26

0%   10   20   30   40   50   60   70   80   90   100%
|----|----|----|----|----|----|----|----|----|----|
***************************************************
change patienceM
time = 1039086856
area = 1439
delay = 47.7
write_blif appntk/c3540_63_0.0299707_1439_47.7.blif

round 64
seed = 1567412819 patienceN = 0 patienceM = 0 frameNumber = 64 nLocalPI = 25

0%   10   20   30   40   50   60   70   80   90   100%
|----|----|----|----|----|----|----|----|----|----|
***************************************************
change patienceM
time = 1054751660
area = 1438
delay = 46.5
write_blif appntk/c3540_64_0.0299707_1438_46.5.blif

round 65
seed = 1567412835 patienceN = 0 patienceM = 1 frameNumber = 64 nLocalPI = 25

0%   10   20   30   40   50   60   70   80   90   100%
|----|----|----|----|----|----|----|----|----|----|
***************************************************
change patienceM
time = 1067663409
area = 1439
delay = 46.5
write_blif appntk/c3540_65_0.0299707_1439_46.5.blif

round 66
seed = 1567412851 patienceN = 0 patienceM = 2 frameNumber = 64 nLocalPI = 25

0%   10   20   30   40   50   60   70   80   90   100%
|----|----|----|----|----|----|----|----|----|----|
***************************************************
change patienceM
time = 1081986701
area = 1440
delay = 47.7
write_blif appntk/c3540_66_0.0299707_1440_47.7.blif

round 67
seed = 1567412864 patienceN = 0 patienceM = 0 frameNumber = 64 nLocalPI = 24

0%   10   20   30   40   50   60   70   80   90   100%
|----|----|----|----|----|----|----|----|----|----|
***************************************************
change patienceM
time = 1095845095
area = 1437
delay = 46.5
write_blif appntk/c3540_67_0.0299707_1437_46.5.blif

round 68
seed = 1567412878 patienceN = 0 patienceM = 1 frameNumber = 64 nLocalPI = 24

0%   10   20   30   40   50   60   70   80   90   100%
|----|----|----|----|----|----|----|----|----|----|
***************************************************
change patienceM
time = 1113421282
area = 1439
delay = 46.5
write_blif appntk/c3540_68_0.0299707_1439_46.5.blif

round 69
seed = 1567412892 patienceN = 0 patienceM = 2 frameNumber = 64 nLocalPI = 24

0%   10   20   30   40   50   60   70   80   90   100%
|----|----|----|----|----|----|----|----|----|----|
***************************************************
change patienceM
time = 1127921019
area = 1440
delay = 47.7
write_blif appntk/c3540_69_0.0299707_1440_47.7.blif

round 70
seed = 1567412910 patienceN = 0 patienceM = 0 frameNumber = 64 nLocalPI = 23

0%   10   20   30   40   50   60   70   80   90   100%
|----|----|----|----|----|----|----|----|----|----|
***************************************************
change patienceM
time = 1141599654
area = 1438
delay = 46.5
write_blif appntk/c3540_70_0.0299707_1438_46.5.blif

round 71
seed = 1567412924 patienceN = 0 patienceM = 1 frameNumber = 64 nLocalPI = 23

0%   10   20   30   40   50   60   70   80   90   100%
|----|----|----|----|----|----|----|----|----|----|
***************************************************
change patienceM
time = 1155995616
area = 1438
delay = 46.5
write_blif appntk/c3540_71_0.0299707_1438_46.5.blif

round 72
seed = 1567412938 patienceN = 0 patienceM = 2 frameNumber = 64 nLocalPI = 23

0%   10   20   30   40   50   60   70   80   90   100%
|----|----|----|----|----|----|----|----|----|----|
***************************************************
change patienceM
time = 1169949200
area = 1440
delay = 47.7
write_blif appntk/c3540_72_0.0299707_1440_47.7.blif

round 73
seed = 1567412952 patienceN = 0 patienceM = 0 frameNumber = 64 nLocalPI = 22

0%   10   20   30   40   50   60   70   80   90   100%
|----|----|----|----|----|----|----|----|----|----|
***************************************************
change patienceM
time = 1181938262
area = 1438
delay = 46.5
write_blif appntk/c3540_73_0.0299707_1438_46.5.blif

round 74
seed = 1567412966 patienceN = 0 patienceM = 1 frameNumber = 64 nLocalPI = 22

0%   10   20   30   40   50   60   70   80   90   100%
|----|----|----|----|----|----|----|----|----|----|
***************************************************
change patienceM
time = 1196270781
area = 1439
delay = 46.5
write_blif appntk/c3540_74_0.0299707_1439_46.5.blif

round 75
seed = 1567412978 patienceN = 0 patienceM = 2 frameNumber = 64 nLocalPI = 22

0%   10   20   30   40   50   60   70   80   90   100%
|----|----|----|----|----|----|----|----|----|----|
***************************************************
change patienceM
time = 1209910930
area = 1439
delay = 47.7
write_blif appntk/c3540_75_0.0299707_1439_47.7.blif

round 76
seed = 1567412992 patienceN = 0 patienceM = 0 frameNumber = 64 nLocalPI = 21

0%   10   20   30   40   50   60   70   80   90   100%
|----|----|----|----|----|----|----|----|----|----|
***************************************************
change patienceM
time = 1223836617
area = 1438
delay = 46.5
write_blif appntk/c3540_76_0.0299707_1438_46.5.blif

round 77
seed = 1567413006 patienceN = 0 patienceM = 1 frameNumber = 64 nLocalPI = 21

0%   10   20   30   40   50   60   70   80   90   100%
|----|----|----|----|----|----|----|----|----|----|
***************************************************
change patienceM
time = 1237362534
area = 1439
delay = 46.5
write_blif appntk/c3540_77_0.0299707_1439_46.5.blif

round 78
seed = 1567413020 patienceN = 0 patienceM = 2 frameNumber = 64 nLocalPI = 21

0%   10   20   30   40   50   60   70   80   90   100%
|----|----|----|----|----|----|----|----|----|----|
***************************************************
best node n820 best error 0.0298633
time = 1253402283
area = 1438
delay = 47.7
write_blif appntk/c3540_78_0.0298633_1438_47.7.blif

round 79
seed = 1567413033 patienceN = 0 patienceM = 0 frameNumber = 64 nLocalPI = 21

0%   10   20   30   40   50   60   70   80   90   100%
|----|----|----|----|----|----|----|----|----|----|
***************************************************
best node n477 best error 0.0299414
time = 1267795462
area = 1434
delay = 46.5
write_blif appntk/c3540_79_0.0299414_1434_46.5.blif

round 80
seed = 1567413050 patienceN = 0 patienceM = 0 frameNumber = 64 nLocalPI = 21

0%   10   20   30   40   50   60   70   80   90   100%
|----|----|----|----|----|----|----|----|----|----|
***************************************************
change patienceM
time = 1280645634
area = 1436
delay = 46.5
write_blif appntk/c3540_80_0.0299414_1436_46.5.blif

round 81
seed = 1567413064 patienceN = 0 patienceM = 1 frameNumber = 64 nLocalPI = 21

0%   10   20   30   40   50   60   70   80   90   100%
|----|----|----|----|----|----|----|----|----|----|
***************************************************
change patienceM
time = 1293895647
area = 1436
delay = 47.7
write_blif appntk/c3540_81_0.0299414_1436_47.7.blif

round 82
seed = 1567413077 patienceN = 0 patienceM = 2 frameNumber = 64 nLocalPI = 21

0%   10   20   30   40   50   60   70   80   90   100%
|----|----|----|----|----|----|----|----|----|----|
***************************************************
change patienceM
time = 1306876788
area = 1434
delay = 46.5
write_blif appntk/c3540_82_0.0299414_1434_46.5.blif

round 83
seed = 1567413090 patienceN = 0 patienceM = 0 frameNumber = 64 nLocalPI = 20

0%   10   20   30   40   50   60   70   80   90   100%
|----|----|----|----|----|----|----|----|----|----|
***************************************************
change patienceM
time = 1318732142
area = 1436
delay = 46.5
write_blif appntk/c3540_83_0.0299414_1436_46.5.blif

round 84
seed = 1567413103 patienceN = 0 patienceM = 1 frameNumber = 64 nLocalPI = 20

0%   10   20   30   40   50   60   70   80   90   100%
|----|----|----|----|----|----|----|----|----|----|
***************************************************
change patienceM
time = 1335121200
area = 1437
delay = 47.7
write_blif appntk/c3540_84_0.0299414_1437_47.7.blif

round 85
seed = 1567413115 patienceN = 0 patienceM = 2 frameNumber = 64 nLocalPI = 20

0%   10   20   30   40   50   60   70   80   90   100%
|----|----|----|----|----|----|----|----|----|----|
***************************************************
change patienceM
time = 1348612334
area = 1433
delay = 46.5
write_blif appntk/c3540_85_0.0299414_1433_46.5.blif

round 86
seed = 1567413131 patienceN = 0 patienceM = 0 frameNumber = 64 nLocalPI = 19

0%   10   20   30   40   50   60   70   80   90   100%
|----|----|----|----|----|----|----|----|----|----|
***************************************************
change patienceM
time = 1362056251
area = 1436
delay = 46.5
write_blif appntk/c3540_86_0.0299414_1436_46.5.blif

round 87
seed = 1567413145 patienceN = 0 patienceM = 1 frameNumber = 64 nLocalPI = 19

0%   10   20   30   40   50   60   70   80   90   100%
|----|----|----|----|----|----|----|----|----|----|
***************************************************
change patienceM
time = 1375500847
area = 1436
delay = 47.7
write_blif appntk/c3540_87_0.0299414_1436_47.7.blif

round 88
seed = 1567413158 patienceN = 0 patienceM = 2 frameNumber = 64 nLocalPI = 19

0%   10   20   30   40   50   60   70   80   90   100%
|----|----|----|----|----|----|----|----|----|----|
***************************************************
change patienceM
time = 1389675680
area = 1435
delay = 46.5
write_blif appntk/c3540_88_0.0299414_1435_46.5.blif

round 89
seed = 1567413172 patienceN = 0 patienceM = 0 frameNumber = 64 nLocalPI = 18

0%   10   20   30   40   50   60   70   80   90   100%
|----|----|----|----|----|----|----|----|----|----|
***************************************************
change patienceM
time = 1403035262
area = 1435
delay = 46.5
write_blif appntk/c3540_89_0.0299414_1435_46.5.blif

round 90
seed = 1567413186 patienceN = 0 patienceM = 1 frameNumber = 64 nLocalPI = 18

0%   10   20   30   40   50   60   70   80   90   100%
|----|----|----|----|----|----|----|----|----|----|
***************************************************
change patienceM
time = 1415894441
area = 1436
delay = 47.7
write_blif appntk/c3540_90_0.0299414_1436_47.7.blif

round 91
seed = 1567413199 patienceN = 0 patienceM = 2 frameNumber = 64 nLocalPI = 18

0%   10   20   30   40   50   60   70   80   90   100%
|----|----|----|----|----|----|----|----|----|----|
***************************************************
change patienceM
time = 1429560610
area = 1435
delay = 46.5
write_blif appntk/c3540_91_0.0299414_1435_46.5.blif

round 92
seed = 1567413212 patienceN = 0 patienceM = 0 frameNumber = 64 nLocalPI = 17

0%   10   20   30   40   50   60   70   80   90   100%
|----|----|----|----|----|----|----|----|----|----|
***************************************************
best node n471 best error 0.0299121
time = 1441493499
area = 1434
delay = 46.5
write_blif appntk/c3540_92_0.0299121_1434_46.5.blif

round 93
seed = 1567413226 patienceN = 0 patienceM = 0 frameNumber = 64 nLocalPI = 17

0%   10   20   30   40   50   60   70   80   90   100%
|----|----|----|----|----|----|----|----|----|----|
***************************************************
change patienceM
time = 1454589580
area = 1436
delay = 47.7
write_blif appntk/c3540_93_0.0299121_1436_47.7.blif

round 94
seed = 1567413238 patienceN = 0 patienceM = 1 frameNumber = 64 nLocalPI = 17

0%   10   20   30   40   50   60   70   80   90   100%
|----|----|----|----|----|----|----|----|----|----|
***************************************************
best node n626 best error 0.0299805
time = 1470145929
area = 1432
delay = 46.5
write_blif appntk/c3540_94_0.0299805_1432_46.5.blif

round 95
seed = 1567413251 patienceN = 0 patienceM = 0 frameNumber = 64 nLocalPI = 17

0%   10   20   30   40   50   60   70   80   90   100%
|----|----|----|----|----|----|----|----|----|----|
***************************************************
change patienceM
time = 1482707916
area = 1433
delay = 46.5
write_blif appntk/c3540_95_0.0299805_1433_46.5.blif

round 96
seed = 1567413266 patienceN = 0 patienceM = 1 frameNumber = 64 nLocalPI = 17

0%   10   20   30   40   50   60   70   80   90   100%
|----|----|----|----|----|----|----|----|----|----|
***************************************************
change patienceM
time = 1496445045
area = 1434
delay = 47.7
write_blif appntk/c3540_96_0.0299805_1434_47.7.blif

round 97
seed = 1567413279 patienceN = 0 patienceM = 2 frameNumber = 64 nLocalPI = 17

0%   10   20   30   40   50   60   70   80   90   100%
|----|----|----|----|----|----|----|----|----|----|
***************************************************
change patienceM
time = 1509941463
area = 1433
delay = 46.5
write_blif appntk/c3540_97_0.0299805_1433_46.5.blif

round 98
seed = 1567413293 patienceN = 0 patienceM = 0 frameNumber = 64 nLocalPI = 16

0%   10   20   30   40   50   60   70   80   90   100%
|----|----|----|----|----|----|----|----|----|----|
***************************************************
change patienceM
time = 1521885337
area = 1433
delay = 46.5
write_blif appntk/c3540_98_0.0299805_1433_46.5.blif

round 99
seed = 1567413306 patienceN = 0 patienceM = 1 frameNumber = 64 nLocalPI = 16

0%   10   20   30   40   50   60   70   80   90   100%
|----|----|----|----|----|----|----|----|----|----|
***************************************************
change patienceM
time = 1533746858
area = 1434
delay = 47.7
write_blif appntk/c3540_99_0.0299805_1434_47.7.blif

round 100
seed = 1567413318 patienceN = 0 patienceM = 2 frameNumber = 64 nLocalPI = 16

0%   10   20   30   40   50   60   70   80   90   100%
|----|----|----|----|----|----|----|----|----|----|
***************************************************
change patienceM
time = 1546762394
area = 1432
delay = 46.5
write_blif appntk/c3540_100_0.0299805_1432_46.5.blif

round 101
seed = 1567413330 patienceN = 0 patienceM = 0 frameNumber = 64 nLocalPI = 15

0%   10   20   30   40   50   60   70   80   90   100%
|----|----|----|----|----|----|----|----|----|----|
***************************************************
change patienceM
time = 1560396686
area = 1434
delay = 46.5
write_blif appntk/c3540_101_0.0299805_1434_46.5.blif

round 102
seed = 1567413343 patienceN = 0 patienceM = 1 frameNumber = 64 nLocalPI = 15

0%   10   20   30   40   50   60   70   80   90   100%
|----|----|----|----|----|----|----|----|----|----|
***************************************************
change patienceM
time = 1571470823
area = 1434
delay = 47.7
write_blif appntk/c3540_102_0.0299805_1434_47.7.blif

round 103
seed = 1567413357 patienceN = 0 patienceM = 2 frameNumber = 64 nLocalPI = 15

0%   10   20   30   40   50   60   70   80   90   100%
|----|----|----|----|----|----|----|----|----|----|
***************************************************
change patienceM
time = 1585164526
area = 1432
delay = 46.5
write_blif appntk/c3540_103_0.0299805_1432_46.5.blif

round 104
seed = 1567413368 patienceN = 0 patienceM = 0 frameNumber = 64 nLocalPI = 14

0%   10   20   30   40   50   60   70   80   90   100%
|----|----|----|----|----|----|----|----|----|----|
***************************************************
change patienceM
time = 1598820352
area = 1433
delay = 46.5
write_blif appntk/c3540_104_0.0299805_1433_46.5.blif

round 105
seed = 1567413381 patienceN = 0 patienceM = 1 frameNumber = 64 nLocalPI = 14

0%   10   20   30   40   50   60   70   80   90   100%
|----|----|----|----|----|----|----|----|----|----|
***************************************************
change patienceM
time = 1611969347
area = 1435
delay = 47.7
write_blif appntk/c3540_105_0.0299805_1435_47.7.blif

round 106
seed = 1567413395 patienceN = 0 patienceM = 2 frameNumber = 64 nLocalPI = 14

0%   10   20   30   40   50   60   70   80   90   100%
|----|----|----|----|----|----|----|----|----|----|
***************************************************
change patienceM
time = 1625699907
area = 1432
delay = 46.5
write_blif appntk/c3540_106_0.0299805_1432_46.5.blif

round 107
seed = 1567413408 patienceN = 0 patienceM = 0 frameNumber = 64 nLocalPI = 13

0%   10   20   30   40   50   60   70   80   90   100%
|----|----|----|----|----|----|----|----|----|----|
***************************************************
change patienceM
time = 1637629681
area = 1433
delay = 46.5
write_blif appntk/c3540_107_0.0299805_1433_46.5.blif

round 108
seed = 1567413422 patienceN = 0 patienceM = 1 frameNumber = 64 nLocalPI = 13

0%   10   20   30   40   50   60   70   80   90   100%
|----|----|----|----|----|----|----|----|----|----|
***************************************************
change patienceM
time = 1648686215
area = 1434
delay = 47.7
write_blif appntk/c3540_108_0.0299805_1434_47.7.blif

round 109
seed = 1567413434 patienceN = 0 patienceM = 2 frameNumber = 64 nLocalPI = 13

0%   10   20   30   40   50   60   70   80   90   100%
|----|----|----|----|----|----|----|----|----|----|
***************************************************
change patienceM
time = 1661829765
area = 1433
delay = 46.5
write_blif appntk/c3540_109_0.0299805_1433_46.5.blif

round 110
seed = 1567413445 patienceN = 0 patienceM = 0 frameNumber = 64 nLocalPI = 12

0%   10   20   30   40   50   60   70   80   90   100%
|----|----|----|----|----|----|----|----|----|----|
***************************************************
change patienceM
time = 1674580853
area = 1433
delay = 46.5
write_blif appntk/c3540_110_0.0299805_1433_46.5.blif

round 111
seed = 1567413458 patienceN = 0 patienceM = 1 frameNumber = 64 nLocalPI = 12

0%   10   20   30   40   50   60   70   80   90   100%
|----|----|----|----|----|----|----|----|----|----|
***************************************************
change patienceM
time = 1686692892
area = 1434
delay = 47.7
write_blif appntk/c3540_111_0.0299805_1434_47.7.blif

round 112
seed = 1567413471 patienceN = 0 patienceM = 2 frameNumber = 64 nLocalPI = 12

0%   10   20   30   40   50   60   70   80   90   100%
|----|----|----|----|----|----|----|----|----|----|
***************************************************
change patienceM
time = 1700028362
area = 1432
delay = 46.5
write_blif appntk/c3540_112_0.0299805_1432_46.5.blif

round 113
seed = 1567413483 patienceN = 0 patienceM = 0 frameNumber = 64 nLocalPI = 11

0%   10   20   30   40   50   60   70   80   90   100%
|----|----|----|----|----|----|----|----|----|----|
***************************************************
change patienceM
time = 1712399788
area = 1434
delay = 46.5
write_blif appntk/c3540_113_0.0299805_1434_46.5.blif

round 114
seed = 1567413496 patienceN = 0 patienceM = 1 frameNumber = 64 nLocalPI = 11

0%   10   20   30   40   50   60   70   80   90   100%
|----|----|----|----|----|----|----|----|----|----|
***************************************************
change patienceM
time = 1725226337
area = 1434
delay = 47.7
write_blif appntk/c3540_114_0.0299805_1434_47.7.blif

round 115
seed = 1567413509 patienceN = 0 patienceM = 2 frameNumber = 64 nLocalPI = 11

0%   10   20   30   40   50   60   70   80   90   100%
|----|----|----|----|----|----|----|----|----|----|
***************************************************
change patienceM
time = 1737368374
area = 1432
delay = 46.5
write_blif appntk/c3540_115_0.0299805_1432_46.5.blif

round 116
seed = 1567413522 patienceN = 0 patienceM = 0 frameNumber = 64 nLocalPI = 10

0%   10   20   30   40   50   60   70   80   90   100%
|----|----|----|----|----|----|----|----|----|----|
***************************************************
change patienceM
time = 1751421032
area = 1433
delay = 46.5
write_blif appntk/c3540_116_0.0299805_1433_46.5.blif

round 117
seed = 1567413534 patienceN = 0 patienceM = 1 frameNumber = 64 nLocalPI = 10

0%   10   20   30   40   50   60   70   80   90   100%
|----|----|----|----|----|----|----|----|----|----|
***************************************************
change patienceM
time = 1762796377
area = 1435
delay = 47.7
write_blif appntk/c3540_117_0.0299805_1435_47.7.blif

round 118
seed = 1567413548 patienceN = 0 patienceM = 2 frameNumber = 64 nLocalPI = 10

0%   10   20   30   40   50   60   70   80   90   100%
|----|----|----|----|----|----|----|----|----|----|
***************************************************
change patienceM
time = 1776384251
area = 1432
delay = 46.5
write_blif appntk/c3540_118_0.0299805_1432_46.5.blif

round 119
seed = 1567413559 patienceN = 0 patienceM = 0 frameNumber = 64 nLocalPI = 9

0%   10   20   30   40   50   60   70   80   90   100%
|----|----|----|----|----|----|----|----|----|----|
***************************************************
change patienceM
time = 1788450112
area = 1433
delay = 46.5
write_blif appntk/c3540_119_0.0299805_1433_46.5.blif

round 120
seed = 1567413573 patienceN = 0 patienceM = 1 frameNumber = 64 nLocalPI = 9

0%   10   20   30   40   50   60   70   80   90   100%
|----|----|----|----|----|----|----|----|----|----|
***************************************************
change patienceM
time = 1800868742
area = 1434
delay = 47.7
write_blif appntk/c3540_120_0.0299805_1434_47.7.blif

round 121
seed = 1567413585 patienceN = 0 patienceM = 2 frameNumber = 64 nLocalPI = 9

0%   10   20   30   40   50   60   70   80   90   100%
|----|----|----|----|----|----|----|----|----|----|
***************************************************
change patienceM
time = 1811713623
area = 1433
delay = 46.5
write_blif appntk/c3540_121_0.0299805_1433_46.5.blif

round 122
seed = 1567413598 patienceN = 0 patienceM = 0 frameNumber = 64 nLocalPI = 8

0%   10   20   30   40   50   60   70   80   90   100%
|----|----|----|----|----|----|----|----|----|----|
***************************************************
change patienceM
time = 1824456498
area = 1433
delay = 46.5
write_blif appntk/c3540_122_0.0299805_1433_46.5.blif

round 123
seed = 1567413609 patienceN = 0 patienceM = 1 frameNumber = 64 nLocalPI = 8

0%   10   20   30   40   50   60   70   80   90   100%
|----|----|----|----|----|----|----|----|----|----|
***************************************************
change patienceM
time = 1836456458
area = 1434
delay = 47.7
write_blif appntk/c3540_123_0.0299805_1434_47.7.blif

round 124
seed = 1567413622 patienceN = 0 patienceM = 2 frameNumber = 64 nLocalPI = 8

0%   10   20   30   40   50   60   70   80   90   100%
|----|----|----|----|----|----|----|----|----|----|
***************************************************
change patienceM
time = 1848169980
area = 1432
delay = 46.5
write_blif appntk/c3540_124_0.0299805_1432_46.5.blif

round 125
seed = 1567413634 patienceN = 0 patienceM = 0 frameNumber = 64 nLocalPI = 7

0%   10   20   30   40   50   60   70   80   90   100%
|----|----|----|----|----|----|----|----|----|----|
***************************************************
change patienceM
time = 1859950521
area = 1434
delay = 46.5
write_blif appntk/c3540_125_0.0299805_1434_46.5.blif

round 126
seed = 1567413645 patienceN = 0 patienceM = 1 frameNumber = 64 nLocalPI = 7

0%   10   20   30   40   50   60   70   80   90   100%
|----|----|----|----|----|----|----|----|----|----|
***************************************************
change patienceM
time = 1871536663
area = 1434
delay = 47.7
write_blif appntk/c3540_126_0.0299805_1434_47.7.blif

round 127
seed = 1567413657 patienceN = 0 patienceM = 2 frameNumber = 64 nLocalPI = 7

0%   10   20   30   40   50   60   70   80   90   100%
|----|----|----|----|----|----|----|----|----|----|
***************************************************
change patienceM
time = 1885522813
area = 1432
delay = 46.5
write_blif appntk/c3540_127_0.0299805_1432_46.5.blif

round 128
seed = 1567413669 patienceN = 0 patienceM = 0 frameNumber = 64 nLocalPI = 6

0%   10   20   30   40   50   60   70   80   90   100%
|----|----|----|----|----|----|----|----|----|----|
***************************************************
change patienceM
time = 1895846408
area = 1433
delay = 46.5
write_blif appntk/c3540_128_0.0299805_1433_46.5.blif

round 129
seed = 1567413683 patienceN = 0 patienceM = 1 frameNumber = 64 nLocalPI = 6

0%   10   20   30   40   50   60   70   80   90   100%
|----|----|----|----|----|----|----|----|----|----|
***************************************************
change patienceM
time = 1907175137
area = 1435
delay = 47.7
write_blif appntk/c3540_129_0.0299805_1435_47.7.blif

round 130
seed = 1567413693 patienceN = 0 patienceM = 2 frameNumber = 64 nLocalPI = 6

0%   10   20   30   40   50   60   70   80   90   100%
|----|----|----|----|----|----|----|----|----|----|
***************************************************
change patienceM
time = 1919900939
area = 1432
delay = 46.5
write_blif appntk/c3540_130_0.0299805_1432_46.5.blif

round 131
seed = 1567413704 patienceN = 0 patienceM = 0 frameNumber = 64 nLocalPI = 5

0%   10   20   30   40   50   60   70   80   90   100%
|----|----|----|----|----|----|----|----|----|----|
***************************************************
best node n716 best error 0.0303125
time = 1930643622
