Entered genlib library with 23 gates from file "data/genlib/mcnc.genlib".
Line 20: Skipping line ".default_input_arrival 0.00 0.00 ".
Line 21: Skipping line ".default_output_required 0.00 0.00 ".
Line 22: Skipping line ".default_input_drive 0.10 0.10 ".
Line 23: Skipping line ".default_output_load 2.00 ".
Line 24: Skipping line ".default_max_input_load 999.00 ".
Original area = 2451, original delay = 47.5

round 0
seed = 0 patienceN = 0 patienceM = 0 frameNumber = 64 nLocalPI = 30

0%   10   20   30   40   50   60   70   80   90   100%
|----|----|----|----|----|----|----|----|----|----|
***************************************************
best node 2054 best error 0
time = 105824864
area = 2230
delay = 32.4
write_blif appntk/c5315_0_0_2230_32.4.blif

round 1
seed = 1567411795 patienceN = 0 patienceM = 0 frameNumber = 64 nLocalPI = 30

0%   10   20   30   40   50   60   70   80   90   100%
|----|----|----|----|----|----|----|----|----|----|
***************************************************
best node n725 best error 0.000947266
time = 132265122
area = 2215
delay = 36.4
write_blif appntk/c5315_1_0.000947266_2215_36.4.blif

round 2
seed = 1567411902 patienceN = 0 patienceM = 0 frameNumber = 64 nLocalPI = 30

0%   10   20   30   40   50   60   70   80   90   100%
|----|----|----|----|----|----|----|----|----|----|
***************************************************
best node n912 best error 0.0019043
time = 157849040
area = 2199
delay = 35.2
write_blif appntk/c5315_2_0.0019043_2199_35.2.blif

round 3
seed = 1567411928 patienceN = 0 patienceM = 0 frameNumber = 64 nLocalPI = 30

0%   10   20   30   40   50   60   70   80   90   100%
|----|----|----|----|----|----|----|----|----|----|
***************************************************
best node n1088 best error 0.00258789
time = 191038000
area = 2184
delay = 34.5
write_blif appntk/c5315_3_0.00258789_2184_34.5.blif

round 4
seed = 1567411954 patienceN = 0 patienceM = 0 frameNumber = 64 nLocalPI = 30

0%   10   20   30   40   50   60   70   80   90   100%
|----|----|----|----|----|----|----|----|----|----|
***************************************************
best node n605 best error 0.00358398
time = 210321832
area = 2167
delay = 35.5
write_blif appntk/c5315_4_0.00358398_2167_35.5.blif

round 5
seed = 1567411987 patienceN = 0 patienceM = 0 frameNumber = 64 nLocalPI = 30

0%   10   20   30   40   50   60   70   80   90   100%
|----|----|----|----|----|----|----|----|----|----|
***************************************************
best node n1081 best error 0.00474609
time = 231225828
area = 2173
delay = 34.9
write_blif appntk/c5315_5_0.00474609_2173_34.9.blif

round 6
seed = 1567412006 patienceN = 0 patienceM = 0 frameNumber = 64 nLocalPI = 30

0%   10   20   30   40   50   60   70   80   90   100%
|----|----|----|----|----|----|----|----|----|----|
***************************************************
best node n1078 best error 0.00514648
time = 251552809
area = 2164
delay = 35.5
write_blif appntk/c5315_6_0.00514648_2164_35.5.blif

round 7
seed = 1567412027 patienceN = 0 patienceM = 0 frameNumber = 64 nLocalPI = 30

0%   10   20   30   40   50   60   70   80   90   100%
|----|----|----|----|----|----|----|----|----|----|
***************************************************
best node n1301 best error 0.00644531
time = 269537419
area = 2166
delay = 34.9
write_blif appntk/c5315_7_0.00644531_2166_34.9.blif

round 8
seed = 1567412047 patienceN = 0 patienceM = 0 frameNumber = 64 nLocalPI = 30

0%   10   20   30   40   50   60   70   80   90   100%
|----|----|----|----|----|----|----|----|----|----|
***************************************************
best node n554 best error 0.00834961
time = 288670389
area = 2158
delay = 35.9
write_blif appntk/c5315_8_0.00834961_2158_35.9.blif

round 9
seed = 1567412065 patienceN = 0 patienceM = 0 frameNumber = 64 nLocalPI = 30

0%   10   20   30   40   50   60   70   80   90   100%
|----|----|----|----|----|----|----|----|----|----|
***************************************************
best node n887 best error 0.0105566
time = 307064044
area = 2157
delay = 35
write_blif appntk/c5315_9_0.0105566_2157_35.blif

round 10
seed = 1567412084 patienceN = 0 patienceM = 0 frameNumber = 64 nLocalPI = 30

0%   10   20   30   40   50   60   70   80   90   100%
|----|----|----|----|----|----|----|----|----|----|
***************************************************
best node n880 best error 0.00954102
time = 324479368
area = 2156
delay = 34.9
write_blif appntk/c5315_10_0.00954102_2156_34.9.blif

round 11
seed = 1567412103 patienceN = 0 patienceM = 0 frameNumber = 64 nLocalPI = 30

0%   10   20   30   40   50   60   70   80   90   100%
|----|----|----|----|----|----|----|----|----|----|
***************************************************
best node n1448 best error 0.0107324
time = 341266770
area = 2147
delay = 35
write_blif appntk/c5315_11_0.0107324_2147_35.blif

round 12
seed = 1567412120 patienceN = 0 patienceM = 0 frameNumber = 64 nLocalPI = 30

0%   10   20   30   40   50   60   70   80   90   100%
|----|----|----|----|----|----|----|----|----|----|
***************************************************
best node n491 best error 0.0158398
time = 356961163
area = 2149
delay = 34.5
write_blif appntk/c5315_12_0.0158398_2149_34.5.blif

round 13
seed = 1567412137 patienceN = 0 patienceM = 0 frameNumber = 64 nLocalPI = 30

0%   10   20   30   40   50   60   70   80   90   100%
|----|----|----|----|----|----|----|----|----|----|
***************************************************
best node n1283 best error 0.0196289
time = 373584304
area = 2146
delay = 35
write_blif appntk/c5315_13_0.0196289_2146_35.blif

round 14
seed = 1567412153 patienceN = 0 patienceM = 0 frameNumber = 64 nLocalPI = 30

0%   10   20   30   40   50   60   70   80   90   100%
|----|----|----|----|----|----|----|----|----|----|
***************************************************
best node n401 best error 0.0261133
time = 394293961
area = 2146
delay = 35.9
write_blif appntk/c5315_14_0.0261133_2146_35.9.blif

round 15
seed = 1567412169 patienceN = 0 patienceM = 0 frameNumber = 64 nLocalPI = 30

0%   10   20   30   40   50   60   70   80   90   100%
|----|----|----|----|----|----|----|----|----|----|
***************************************************
best node n1444 best error 0.0274805
time = 414095584
area = 2135
delay = 35
write_blif appntk/c5315_15_0.0274805_2135_35.blif

round 16
seed = 1567412190 patienceN = 0 patienceM = 0 frameNumber = 64 nLocalPI = 30

0%   10   20   30   40   50   60   70   80   90   100%
|----|----|----|----|----|----|----|----|----|----|
***************************************************
change patienceM
time = 430353095
area = 2146
delay = 35.5
write_blif appntk/c5315_16_0.0274805_2146_35.5.blif

round 17
seed = 1567412210 patienceN = 0 patienceM = 1 frameNumber = 64 nLocalPI = 30

0%   10   20   30   40   50   60   70   80   90   100%
|----|----|----|----|----|----|----|----|----|----|
***************************************************
change patienceM
time = 445502246
area = 2137
delay = 35
write_blif appntk/c5315_17_0.0274805_2137_35.blif

round 18
seed = 1567412226 patienceN = 0 patienceM = 2 frameNumber = 64 nLocalPI = 30

0%   10   20   30   40   50   60   70   80   90   100%
|----|----|----|----|----|----|----|----|----|----|
***************************************************
change patienceM
time = 463967807
area = 2139
delay = 35.5
write_blif appntk/c5315_18_0.0274805_2139_35.5.blif

round 19
seed = 1567412241 patienceN = 0 patienceM = 0 frameNumber = 64 nLocalPI = 29

0%   10   20   30   40   50   60   70   80   90   100%
|----|----|----|----|----|----|----|----|----|----|
***************************************************
change patienceM
time = 482459199
area = 2138
delay = 35
write_blif appntk/c5315_19_0.0274805_2138_35.blif

round 20
seed = 1567412260 patienceN = 0 patienceM = 1 frameNumber = 64 nLocalPI = 29

0%   10   20   30   40   50   60   70   80   90   100%
|----|----|----|----|----|----|----|----|----|----|
***************************************************
change patienceM
time = 498017491
area = 2140
delay = 35.5
write_blif appntk/c5315_20_0.0274805_2140_35.5.blif

round 21
seed = 1567412278 patienceN = 0 patienceM = 2 frameNumber = 64 nLocalPI = 29

0%   10   20   30   40   50   60   70   80   90   100%
|----|----|----|----|----|----|----|----|----|----|
***************************************************
change patienceM
time = 517206526
area = 2136
delay = 35
write_blif appntk/c5315_21_0.0274805_2136_35.blif

round 22
seed = 1567412294 patienceN = 0 patienceM = 0 frameNumber = 64 nLocalPI = 28

0%   10   20   30   40   50   60   70   80   90   100%
|----|----|----|----|----|----|----|----|----|----|
***************************************************
change patienceM
time = 535021251
area = 2145
delay = 35.5
write_blif appntk/c5315_22_0.0274805_2145_35.5.blif

round 23
seed = 1567412313 patienceN = 0 patienceM = 1 frameNumber = 64 nLocalPI = 28

0%   10   20   30   40   50   60   70   80   90   100%
|----|----|----|----|----|----|----|----|----|----|
***************************************************
change patienceM
time = 552581485
area = 2138
delay = 35
write_blif appntk/c5315_23_0.0274805_2138_35.blif

round 24
seed = 1567412331 patienceN = 0 patienceM = 2 frameNumber = 64 nLocalPI = 28

0%   10   20   30   40   50   60   70   80   90   100%
|----|----|----|----|----|----|----|----|----|----|
***************************************************
change patienceM
time = 572463228
area = 2141
delay = 35.5
write_blif appntk/c5315_24_0.0274805_2141_35.5.blif

round 25
seed = 1567412348 patienceN = 0 patienceM = 0 frameNumber = 64 nLocalPI = 27

0%   10   20   30   40   50   60   70   80   90   100%
|----|----|----|----|----|----|----|----|----|----|
***************************************************
change patienceM
time = 593300221
area = 2135
delay = 35
write_blif appntk/c5315_25_0.0274805_2135_35.blif

round 26
seed = 1567412368 patienceN = 0 patienceM = 1 frameNumber = 64 nLocalPI = 27

0%   10   20   30   40   50   60   70   80   90   100%
|----|----|----|----|----|----|----|----|----|----|
***************************************************
change patienceM
time = 609554297
area = 2139
delay = 35.9
write_blif appntk/c5315_26_0.0274805_2139_35.9.blif

round 27
seed = 1567412389 patienceN = 0 patienceM = 2 frameNumber = 64 nLocalPI = 27

0%   10   20   30   40   50   60   70   80   90   100%
|----|----|----|----|----|----|----|----|----|----|
***************************************************
change patienceM
time = 627692363
area = 2136
delay = 35
write_blif appntk/c5315_27_0.0274805_2136_35.blif

round 28
seed = 1567412405 patienceN = 0 patienceM = 0 frameNumber = 64 nLocalPI = 26

0%   10   20   30   40   50   60   70   80   90   100%
|----|----|----|----|----|----|----|----|----|----|
***************************************************
change patienceM
time = 644544939
area = 2143
delay = 35.5
write_blif appntk/c5315_28_0.0274805_2143_35.5.blif

round 29
seed = 1567412424 patienceN = 0 patienceM = 1 frameNumber = 64 nLocalPI = 26

0%   10   20   30   40   50   60   70   80   90   100%
|----|----|----|----|----|----|----|----|----|----|
***************************************************
change patienceM
time = 659254313
area = 2138
delay = 35
write_blif appntk/c5315_29_0.0274805_2138_35.blif

round 30
seed = 1567412440 patienceN = 0 patienceM = 2 frameNumber = 64 nLocalPI = 26

0%   10   20   30   40   50   60   70   80   90   100%
|----|----|----|----|----|----|----|----|----|----|
***************************************************
change patienceM
time = 674221790
area = 2141
delay = 35.5
write_blif appntk/c5315_30_0.0274805_2141_35.5.blif

round 31
seed = 1567412455 patienceN = 0 patienceM = 0 frameNumber = 64 nLocalPI = 25

0%   10   20   30   40   50   60   70   80   90   100%
|----|----|----|----|----|----|----|----|----|----|
***************************************************
change patienceM
time = 692142561
area = 2136
delay = 35
write_blif appntk/c5315_31_0.0274805_2136_35.blif

round 32
seed = 1567412470 patienceN = 0 patienceM = 1 frameNumber = 64 nLocalPI = 25

0%   10   20   30   40   50   60   70   80   90   100%
|----|----|----|----|----|----|----|----|----|----|
***************************************************
change patienceM
time = 709685739
area = 2140
delay = 35.5
write_blif appntk/c5315_32_0.0274805_2140_35.5.blif

round 33
seed = 1567412488 patienceN = 0 patienceM = 2 frameNumber = 64 nLocalPI = 25

0%   10   20   30   40   50   60   70   80   90   100%
|----|----|----|----|----|----|----|----|----|----|
***************************************************
change patienceM
time = 727701888
area = 2135
delay = 35
write_blif appntk/c5315_33_0.0274805_2135_35.blif

round 34
seed = 1567412506 patienceN = 0 patienceM = 0 frameNumber = 64 nLocalPI = 24

0%   10   20   30   40   50   60   70   80   90   100%
|----|----|----|----|----|----|----|----|----|----|
***************************************************
change patienceM
time = 751245992
area = 2145
delay = 35.9
write_blif appntk/c5315_34_0.0274805_2145_35.9.blif

round 35
seed = 1567412524 patienceN = 0 patienceM = 1 frameNumber = 64 nLocalPI = 24

0%   10   20   30   40   50   60   70   80   90   100%
|----|----|----|----|----|----|----|----|----|----|
***************************************************
change patienceM
time = 767549801
area = 2137
delay = 35
write_blif appntk/c5315_35_0.0274805_2137_35.blif

round 36
seed = 1567412547 patienceN = 0 patienceM = 2 frameNumber = 64 nLocalPI = 24

0%   10   20   30   40   50   60   70   80   90   100%
|----|----|----|----|----|----|----|----|----|----|
***************************************************
change patienceM
time = 785924223
area = 2141
delay = 35.5
write_blif appntk/c5315_36_0.0274805_2141_35.5.blif

round 37
seed = 1567412563 patienceN = 0 patienceM = 0 frameNumber = 64 nLocalPI = 23

0%   10   20   30   40   50   60   70   80   90   100%
|----|----|----|----|----|----|----|----|----|----|
***************************************************
best node n1281 best error 0.0248438
time = 800915374
area = 2139
delay = 35.9
write_blif appntk/c5315_37_0.0248438_2139_35.9.blif

round 38
seed = 1567412582 patienceN = 0 patienceM = 0 frameNumber = 64 nLocalPI = 23

0%   10   20   30   40   50   60   70   80   90   100%
|----|----|----|----|----|----|----|----|----|----|
***************************************************
change patienceM
time = 816047621
area = 2137
delay = 36.4
write_blif appntk/c5315_38_0.0248438_2137_36.4.blif

round 39
seed = 1567412597 patienceN = 0 patienceM = 1 frameNumber = 64 nLocalPI = 23

0%   10   20   30   40   50   60   70   80   90   100%
|----|----|----|----|----|----|----|----|----|----|
***************************************************
change patienceM
time = 829618624
area = 2137
delay = 35.9
write_blif appntk/c5315_39_0.0248438_2137_35.9.blif

round 40
seed = 1567412612 patienceN = 0 patienceM = 2 frameNumber = 64 nLocalPI = 23

0%   10   20   30   40   50   60   70   80   90   100%
|----|----|----|----|----|----|----|----|----|----|
***************************************************
change patienceM
time = 843427165
area = 2146
delay = 36.4
write_blif appntk/c5315_40_0.0248438_2146_36.4.blif

round 41
seed = 1567412626 patienceN = 0 patienceM = 0 frameNumber = 64 nLocalPI = 22

0%   10   20   30   40   50   60   70   80   90   100%
|----|----|----|----|----|----|----|----|----|----|
***************************************************
change patienceM
time = 857428210
area = 2136
delay = 35.9
write_blif appntk/c5315_41_0.0248438_2136_35.9.blif

round 42
seed = 1567412639 patienceN = 0 patienceM = 1 frameNumber = 64 nLocalPI = 22

0%   10   20   30   40   50   60   70   80   90   100%
|----|----|----|----|----|----|----|----|----|----|
***************************************************
change patienceM
time = 870369372
area = 2139
delay = 36.8
write_blif appntk/c5315_42_0.0248438_2139_36.8.blif

round 43
seed = 1567412653 patienceN = 0 patienceM = 2 frameNumber = 64 nLocalPI = 22

0%   10   20   30   40   50   60   70   80   90   100%
|----|----|----|----|----|----|----|----|----|----|
***************************************************
change patienceM
time = 884548586
area = 2138
delay = 35.9
write_blif appntk/c5315_43_0.0248438_2138_35.9.blif

round 44
seed = 1567412666 patienceN = 0 patienceM = 0 frameNumber = 64 nLocalPI = 21

0%   10   20   30   40   50   60   70   80   90   100%
|----|----|----|----|----|----|----|----|----|----|
***************************************************
change patienceM
time = 902120429
area = 2139
delay = 36.4
write_blif appntk/c5315_44_0.0248438_2139_36.4.blif

round 45
seed = 1567412681 patienceN = 0 patienceM = 1 frameNumber = 64 nLocalPI = 21

0%   10   20   30   40   50   60   70   80   90   100%
|----|----|----|----|----|----|----|----|----|----|
***************************************************
change patienceM
time = 919912848
area = 2136
delay = 35.9
write_blif appntk/c5315_45_0.0248438_2136_35.9.blif

round 46
seed = 1567412698 patienceN = 0 patienceM = 2 frameNumber = 64 nLocalPI = 21

0%   10   20   30   40   50   60   70   80   90   100%
|----|----|----|----|----|----|----|----|----|----|
***************************************************
change patienceM
time = 933678259
area = 2144
delay = 36.4
write_blif appntk/c5315_46_0.0248438_2144_36.4.blif

round 47
seed = 1567412716 patienceN = 0 patienceM = 0 frameNumber = 64 nLocalPI = 20

0%   10   20   30   40   50   60   70   80   90   100%
|----|----|----|----|----|----|----|----|----|----|
***************************************************
change patienceM
time = 946984194
area = 2138
delay = 35.9
write_blif appntk/c5315_47_0.0248438_2138_35.9.blif

round 48
seed = 1567412730 patienceN = 0 patienceM = 1 frameNumber = 64 nLocalPI = 20

0%   10   20   30   40   50   60   70   80   90   100%
|----|----|----|----|----|----|----|----|----|----|
***************************************************
change patienceM
time = 961244253
area = 2138
delay = 36.4
write_blif appntk/c5315_48_0.0248438_2138_36.4.blif

round 49
seed = 1567412743 patienceN = 0 patienceM = 2 frameNumber = 64 nLocalPI = 20

0%   10   20   30   40   50   60   70   80   90   100%
|----|----|----|----|----|----|----|----|----|----|
***************************************************
change patienceM
time = 976730915
area = 2137
delay = 35.9
write_blif appntk/c5315_49_0.0248438_2137_35.9.blif

round 50
seed = 1567412757 patienceN = 0 patienceM = 0 frameNumber = 64 nLocalPI = 19

0%   10   20   30   40   50   60   70   80   90   100%
|----|----|----|----|----|----|----|----|----|----|
***************************************************
change patienceM
time = 991988796
area = 2140
delay = 36.8
write_blif appntk/c5315_50_0.0248438_2140_36.8.blif

round 51
seed = 1567412773 patienceN = 0 patienceM = 1 frameNumber = 64 nLocalPI = 19

0%   10   20   30   40   50   60   70   80   90   100%
|----|----|----|----|----|----|----|----|----|----|
***************************************************
change patienceM
time = 1006796051
area = 2136
delay = 35.9
write_blif appntk/c5315_51_0.0248438_2136_35.9.blif

round 52
seed = 1567412788 patienceN = 0 patienceM = 2 frameNumber = 64 nLocalPI = 19

0%   10   20   30   40   50   60   70   80   90   100%
|----|----|----|----|----|----|----|----|----|----|
***************************************************
change patienceM
time = 1019769812
area = 2143
delay = 36.4
write_blif appntk/c5315_52_0.0248438_2143_36.4.blif

round 53
seed = 1567412803 patienceN = 0 patienceM = 0 frameNumber = 64 nLocalPI = 18

0%   10   20   30   40   50   60   70   80   90   100%
|----|----|----|----|----|----|----|----|----|----|
***************************************************
change patienceM
time = 1037281546
area = 2138
delay = 35.9
write_blif appntk/c5315_53_0.0248438_2138_35.9.blif

round 54
seed = 1567412816 patienceN = 0 patienceM = 1 frameNumber = 64 nLocalPI = 18

0%   10   20   30   40   50   60   70   80   90   100%
|----|----|----|----|----|----|----|----|----|----|
***************************************************
change patienceM
time = 1051893982
area = 2140
delay = 36.4
write_blif appntk/c5315_54_0.0248438_2140_36.4.blif

round 55
seed = 1567412833 patienceN = 0 patienceM = 2 frameNumber = 64 nLocalPI = 18

0%   10   20   30   40   50   60   70   80   90   100%
|----|----|----|----|----|----|----|----|----|----|
***************************************************
best node n1415 best error 0.0286035
time = 1066240513
area = 2138
delay = 36.2
write_blif appntk/c5315_55_0.0286035_2138_36.2.blif

round 56
seed = 1567412848 patienceN = 0 patienceM = 0 frameNumber = 64 nLocalPI = 18

0%   10   20   30   40   50   60   70   80   90   100%
|----|----|----|----|----|----|----|----|----|----|
***************************************************
change patienceM
time = 1080972538
area = 2129
delay = 36.4
write_blif appntk/c5315_56_0.0286035_2129_36.4.blif

round 57
seed = 1567412862 patienceN = 0 patienceM = 1 frameNumber = 64 nLocalPI = 18

0%   10   20   30   40   50   60   70   80   90   100%
|----|----|----|----|----|----|----|----|----|----|
***************************************************
change patienceM
time = 1094675433
area = 2130
delay = 35.9
write_blif appntk/c5315_57_0.0286035_2130_35.9.blif

round 58
seed = 1567412877 patienceN = 0 patienceM = 2 frameNumber = 64 nLocalPI = 18

0%   10   20   30   40   50   60   70   80   90   100%
|----|----|----|----|----|----|----|----|----|----|
***************************************************
change patienceM
time = 1109337495
area = 2138
delay = 36.8
write_blif appntk/c5315_58_0.0286035_2138_36.8.blif

round 59
seed = 1567412891 patienceN = 0 patienceM = 0 frameNumber = 64 nLocalPI = 17

0%   10   20   30   40   50   60   70   80   90   100%
|----|----|----|----|----|----|----|----|----|----|
***************************************************
change patienceM
time = 1124533415
area = 2132
delay = 35.9
write_blif appntk/c5315_59_0.0286035_2132_35.9.blif

round 60
seed = 1567412905 patienceN = 0 patienceM = 1 frameNumber = 64 nLocalPI = 17

0%   10   20   30   40   50   60   70   80   90   100%
|----|----|----|----|----|----|----|----|----|----|
***************************************************
change patienceM
time = 1139090682
area = 2135
delay = 36.4
write_blif appntk/c5315_60_0.0286035_2135_36.4.blif

round 61
seed = 1567412921 patienceN = 0 patienceM = 2 frameNumber = 64 nLocalPI = 17

0%   10   20   30   40   50   60   70   80   90   100%
|----|----|----|----|----|----|----|----|----|----|
***************************************************
change patienceM
time = 1154061689
area = 2128
delay = 35.9
write_blif appntk/c5315_61_0.0286035_2128_35.9.blif

round 62
seed = 1567412935 patienceN = 0 patienceM = 0 frameNumber = 64 nLocalPI = 16

0%   10   20   30   40   50   60   70   80   90   100%
|----|----|----|----|----|----|----|----|----|----|
***************************************************
change patienceM
time = 1167593561
area = 2130
delay = 36.4
write_blif appntk/c5315_62_0.0286035_2130_36.4.blif

round 63
seed = 1567412950 patienceN = 0 patienceM = 1 frameNumber = 64 nLocalPI = 16

0%   10   20   30   40   50   60   70   80   90   100%
|----|----|----|----|----|----|----|----|----|----|
***************************************************
change patienceM
time = 1180243916
area = 2127
delay = 35.9
write_blif appntk/c5315_63_0.0286035_2127_35.9.blif

round 64
seed = 1567412964 patienceN = 0 patienceM = 2 frameNumber = 64 nLocalPI = 16

0%   10   20   30   40   50   60   70   80   90   100%
|----|----|----|----|----|----|----|----|----|----|
***************************************************
change patienceM
time = 1193563722
area = 2133
delay = 36.4
write_blif appntk/c5315_64_0.0286035_2133_36.4.blif

round 65
seed = 1567412976 patienceN = 0 patienceM = 0 frameNumber = 64 nLocalPI = 15

0%   10   20   30   40   50   60   70   80   90   100%
|----|----|----|----|----|----|----|----|----|----|
***************************************************
change patienceM
time = 1206934255
area = 2124
delay = 35.9
write_blif appntk/c5315_65_0.0286035_2124_35.9.blif

round 66
seed = 1567412990 patienceN = 0 patienceM = 1 frameNumber = 64 nLocalPI = 15

0%   10   20   30   40   50   60   70   80   90   100%
|----|----|----|----|----|----|----|----|----|----|
***************************************************
change patienceM
time = 1220927375
area = 2127
delay = 36.8
write_blif appntk/c5315_66_0.0286035_2127_36.8.blif

round 67
seed = 1567413003 patienceN = 0 patienceM = 2 frameNumber = 64 nLocalPI = 15

0%   10   20   30   40   50   60   70   80   90   100%
|----|----|----|----|----|----|----|----|----|----|
***************************************************
change patienceM
time = 1233495392
area = 2128
delay = 35.9
write_blif appntk/c5315_67_0.0286035_2128_35.9.blif

round 68
seed = 1567413017 patienceN = 0 patienceM = 0 frameNumber = 64 nLocalPI = 14

0%   10   20   30   40   50   60   70   80   90   100%
|----|----|----|----|----|----|----|----|----|----|
***************************************************
change patienceM
time = 1244660342
area = 2124
delay = 36.4
write_blif appntk/c5315_68_0.0286035_2124_36.4.blif

round 69
seed = 1567413030 patienceN = 0 patienceM = 1 frameNumber = 64 nLocalPI = 14

0%   10   20   30   40   50   60   70   80   90   100%
|----|----|----|----|----|----|----|----|----|----|
***************************************************
change patienceM
time = 1261359585
area = 2126
delay = 35.9
write_blif appntk/c5315_69_0.0286035_2126_35.9.blif

round 70
seed = 1567413041 patienceN = 0 patienceM = 2 frameNumber = 64 nLocalPI = 14

0%   10   20   30   40   50   60   70   80   90   100%
|----|----|----|----|----|----|----|----|----|----|
***************************************************
change patienceM
time = 1272332196
area = 2133
delay = 36.8
write_blif appntk/c5315_70_0.0286035_2133_36.8.blif

round 71
seed = 1567413058 patienceN = 0 patienceM = 0 frameNumber = 64 nLocalPI = 13

0%   10   20   30   40   50   60   70   80   90   100%
|----|----|----|----|----|----|----|----|----|----|
***************************************************
change patienceM
time = 1287650273
area = 2127
delay = 35.9
write_blif appntk/c5315_71_0.0286035_2127_35.9.blif

round 72
seed = 1567413068 patienceN = 0 patienceM = 1 frameNumber = 64 nLocalPI = 13

0%   10   20   30   40   50   60   70   80   90   100%
|----|----|----|----|----|----|----|----|----|----|
***************************************************
change patienceM
time = 1300572198
area = 2126
delay = 36.4
write_blif appntk/c5315_72_0.0286035_2126_36.4.blif

round 73
seed = 1567413084 patienceN = 0 patienceM = 2 frameNumber = 64 nLocalPI = 13

0%   10   20   30   40   50   60   70   80   90   100%
|----|----|----|----|----|----|----|----|----|----|
***************************************************
change patienceM
time = 1314340953
area = 2126
delay = 35.9
write_blif appntk/c5315_73_0.0286035_2126_35.9.blif

round 74
seed = 1567413097 patienceN = 0 patienceM = 0 frameNumber = 64 nLocalPI = 12

0%   10   20   30   40   50   60   70   80   90   100%
|----|----|----|----|----|----|----|----|----|----|
***************************************************
change patienceM
time = 1327409898
area = 2128
delay = 36.8
write_blif appntk/c5315_74_0.0286035_2128_36.8.blif

round 75
seed = 1567413111 patienceN = 0 patienceM = 1 frameNumber = 64 nLocalPI = 12

0%   10   20   30   40   50   60   70   80   90   100%
|----|----|----|----|----|----|----|----|----|----|
***************************************************
change patienceM
time = 1339928664
area = 2127
delay = 35.9
write_blif appntk/c5315_75_0.0286035_2127_35.9.blif

round 76
seed = 1567413124 patienceN = 0 patienceM = 2 frameNumber = 64 nLocalPI = 12

0%   10   20   30   40   50   60   70   80   90   100%
|----|----|----|----|----|----|----|----|----|----|
***************************************************
change patienceM
time = 1355981120
area = 2130
delay = 36.4
write_blif appntk/c5315_76_0.0286035_2130_36.4.blif

round 77
seed = 1567413136 patienceN = 0 patienceM = 0 frameNumber = 64 nLocalPI = 11

0%   10   20   30   40   50   60   70   80   90   100%
|----|----|----|----|----|----|----|----|----|----|
***************************************************
change patienceM
time = 1367814910
area = 2126
delay = 35.9
write_blif appntk/c5315_77_0.0286035_2126_35.9.blif

round 78
seed = 1567413152 patienceN = 0 patienceM = 1 frameNumber = 64 nLocalPI = 11

0%   10   20   30   40   50   60   70   80   90   100%
|----|----|----|----|----|----|----|----|----|----|
***************************************************
change patienceM
time = 1378709285
area = 2126
delay = 36.8
write_blif appntk/c5315_78_0.0286035_2126_36.8.blif

round 79
seed = 1567413164 patienceN = 0 patienceM = 2 frameNumber = 64 nLocalPI = 11

0%   10   20   30   40   50   60   70   80   90   100%
|----|----|----|----|----|----|----|----|----|----|
***************************************************
change patienceM
time = 1390801177
area = 2126
delay = 35.9
write_blif appntk/c5315_79_0.0286035_2126_35.9.blif

round 80
seed = 1567413175 patienceN = 0 patienceM = 0 frameNumber = 64 nLocalPI = 10

0%   10   20   30   40   50   60   70   80   90   100%
|----|----|----|----|----|----|----|----|----|----|
***************************************************
change patienceM
time = 1401435913
area = 2127
delay = 36.4
write_blif appntk/c5315_80_0.0286035_2127_36.4.blif

round 81
seed = 1567413187 patienceN = 0 patienceM = 1 frameNumber = 64 nLocalPI = 10

0%   10   20   30   40   50   60   70   80   90   100%
|----|----|----|----|----|----|----|----|----|----|
***************************************************
change patienceM
time = 1411614513
area = 2123
delay = 35.9
write_blif appntk/c5315_81_0.0286035_2123_35.9.blif

round 82
seed = 1567413198 patienceN = 0 patienceM = 2 frameNumber = 64 nLocalPI = 10

0%   10   20   30   40   50   60   70   80   90   100%
|----|----|----|----|----|----|----|----|----|----|
***************************************************
change patienceM
time = 1426523411
area = 2132
delay = 36.8
write_blif appntk/c5315_82_0.0286035_2132_36.8.blif

round 83
seed = 1567413208 patienceN = 0 patienceM = 0 frameNumber = 64 nLocalPI = 9

0%   10   20   30   40   50   60   70   80   90   100%
|----|----|----|----|----|----|----|----|----|----|
***************************************************
change patienceM
time = 1438308864
area = 2128
delay = 35.9
write_blif appntk/c5315_83_0.0286035_2128_35.9.blif

round 84
seed = 1567413223 patienceN = 0 patienceM = 1 frameNumber = 64 nLocalPI = 9

0%   10   20   30   40   50   60   70   80   90   100%
|----|----|----|----|----|----|----|----|----|----|
***************************************************
change patienceM
time = 1448895896
area = 2128
delay = 36.4
write_blif appntk/c5315_84_0.0286035_2128_36.4.blif

round 85
seed = 1567413235 patienceN = 0 patienceM = 2 frameNumber = 64 nLocalPI = 9

0%   10   20   30   40   50   60   70   80   90   100%
|----|----|----|----|----|----|----|----|----|----|
***************************************************
change patienceM
time = 1462446047
area = 2127
delay = 35.9
write_blif appntk/c5315_85_0.0286035_2127_35.9.blif

round 86
seed = 1567413245 patienceN = 0 patienceM = 0 frameNumber = 64 nLocalPI = 8

0%   10   20   30   40   50   60   70   80   90   100%
|----|----|----|----|----|----|----|----|----|----|
***************************************************
change patienceM
time = 1475481146
area = 2126
delay = 36.8
write_blif appntk/c5315_86_0.0286035_2126_36.8.blif

round 87
seed = 1567413259 patienceN = 0 patienceM = 1 frameNumber = 64 nLocalPI = 8

0%   10   20   30   40   50   60   70   80   90   100%
|----|----|----|----|----|----|----|----|----|----|
***************************************************
change patienceM
time = 1486414966
area = 2126
delay = 35.9
write_blif appntk/c5315_87_0.0286035_2126_35.9.blif

round 88
seed = 1567413272 patienceN = 0 patienceM = 2 frameNumber = 64 nLocalPI = 8

0%   10   20   30   40   50   60   70   80   90   100%
|----|----|----|----|----|----|----|----|----|----|
***************************************************
change patienceM
time = 1497119811
area = 2131
delay = 36.4
write_blif appntk/c5315_88_0.0286035_2131_36.4.blif

round 89
seed = 1567413283 patienceN = 0 patienceM = 0 frameNumber = 64 nLocalPI = 7

0%   10   20   30   40   50   60   70   80   90   100%
|----|----|----|----|----|----|----|----|----|----|
***************************************************
change patienceM
time = 1510085761
area = 2126
delay = 35.9
write_blif appntk/c5315_89_0.0286035_2126_35.9.blif

round 90
seed = 1567413293 patienceN = 0 patienceM = 1 frameNumber = 64 nLocalPI = 7

0%   10   20   30   40   50   60   70   80   90   100%
|----|----|----|----|----|----|----|----|----|----|
***************************************************
change patienceM
time = 1522816017
area = 2128
delay = 36.8
write_blif appntk/c5315_90_0.0286035_2128_36.8.blif

round 91
seed = 1567413306 patienceN = 0 patienceM = 2 frameNumber = 64 nLocalPI = 7

0%   10   20   30   40   50   60   70   80   90   100%
|----|----|----|----|----|----|----|----|----|----|
***************************************************
change patienceM
time = 1535515858
area = 2127
delay = 35.9
write_blif appntk/c5315_91_0.0286035_2127_35.9.blif

round 92
seed = 1567413319 patienceN = 0 patienceM = 0 frameNumber = 64 nLocalPI = 6

0%   10   20   30   40   50   60   70   80   90   100%
|----|----|----|----|----|----|----|----|----|----|
***************************************************
change patienceM
time = 1547238931
area = 2125
delay = 36.4
write_blif appntk/c5315_92_0.0286035_2125_36.4.blif

round 93
seed = 1567413332 patienceN = 0 patienceM = 1 frameNumber = 64 nLocalPI = 6

0%   10   20   30   40   50   60   70   80   90   100%
|----|----|----|----|----|----|----|----|----|----|
***************************************************
change patienceM
time = 1559686720
area = 2126
delay = 35.9
write_blif appntk/c5315_93_0.0286035_2126_35.9.blif

round 94
seed = 1567413344 patienceN = 0 patienceM = 2 frameNumber = 64 nLocalPI = 6

0%   10   20   30   40   50   60   70   80   90   100%
|----|----|----|----|----|----|----|----|----|----|
***************************************************
change patienceM
time = 1569331202
area = 2133
delay = 36.8
write_blif appntk/c5315_94_0.0286035_2133_36.8.blif

round 95
seed = 1567413356 patienceN = 0 patienceM = 0 frameNumber = 64 nLocalPI = 5

0%   10   20   30   40   50   60   70   80   90   100%
|----|----|----|----|----|----|----|----|----|----|
***************************************************
best node n470 best error 0.0353906
time = 1577524535
