Entered genlib library with 23 gates from file "data/genlib/mcnc.genlib".
Line 21: Skipping line ".default_input_arrival 0.00 0.00 ".
Line 22: Skipping line ".default_output_required 0.00 0.00 ".
Line 23: Skipping line ".default_input_drive 0.10 0.10 ".
Line 24: Skipping line ".default_output_load 2.00 ".
Line 25: Skipping line ".default_max_input_load 999.00 ".
Original area = 2756, original delay = 69.4

round 0
seed = 0 patienceN = 0 patienceM = 0 frameNumber = 64 nLocalPI = 30

0%   10   20   30   40   50   60   70   80   90   100%
|----|----|----|----|----|----|----|----|----|----|
***************************************************
best node [122536] best error 0
time = 137033649
area = 2453
delay = 62.1
write_blif appntk/c7552_0_0_2453_62.1.blif

round 1
seed = 1567411795 patienceN = 0 patienceM = 0 frameNumber = 64 nLocalPI = 30

0%   10   20   30   40   50   60   70   80   90   100%
|----|----|----|----|----|----|----|----|----|----|
***************************************************
best node n882 best error 0
time = 161088788
area = 2447
delay = 60.2
write_blif appntk/c7552_1_0_2447_60.2.blif

round 2
seed = 1567411934 patienceN = 0 patienceM = 0 frameNumber = 64 nLocalPI = 30

0%   10   20   30   40   50   60   70   80   90   100%
|----|----|----|----|----|----|----|----|----|----|
***************************************************
best node n501 best error 0
time = 184033205
area = 2422
delay = 58.4
write_blif appntk/c7552_2_0_2422_58.4.blif

round 3
seed = 1567411957 patienceN = 0 patienceM = 0 frameNumber = 64 nLocalPI = 30

0%   10   20   30   40   50   60   70   80   90   100%
|----|----|----|----|----|----|----|----|----|----|
***************************************************
best node n874 best error 9.76562e-06
time = 206986339
area = 2419
delay = 59.2
write_blif appntk/c7552_3_9.76562e-06_2419_59.2.blif

round 4
seed = 1567411980 patienceN = 0 patienceM = 0 frameNumber = 64 nLocalPI = 30

0%   10   20   30   40   50   60   70   80   90   100%
|----|----|----|----|----|----|----|----|----|----|
***************************************************
best node n1247 best error 0.000664063
time = 225832457
area = 2335
delay = 57.9
write_blif appntk/c7552_4_0.000664063_2335_57.9.blif

round 5
seed = 1567412003 patienceN = 0 patienceM = 0 frameNumber = 64 nLocalPI = 30

0%   10   20   30   40   50   60   70   80   90   100%
|----|----|----|----|----|----|----|----|----|----|
***************************************************
best node n663 best error 0.000664063
time = 246032571
area = 2343
delay = 59.9
write_blif appntk/c7552_5_0.000664063_2343_59.9.blif

round 6
seed = 1567412022 patienceN = 0 patienceM = 0 frameNumber = 64 nLocalPI = 30

0%   10   20   30   40   50   60   70   80   90   100%
|----|----|----|----|----|----|----|----|----|----|
***************************************************
best node n705 best error 0.000673828
time = 263600682
area = 2352
delay = 57.6
write_blif appntk/c7552_6_0.000673828_2352_57.6.blif

round 7
seed = 1567412042 patienceN = 0 patienceM = 0 frameNumber = 64 nLocalPI = 30

0%   10   20   30   40   50   60   70   80   90   100%
|----|----|----|----|----|----|----|----|----|----|
***************************************************
best node n711 best error 0.00331055
time = 280161448
area = 2278
delay = 54.8
write_blif appntk/c7552_7_0.00331055_2278_54.8.blif

round 8
seed = 1567412060 patienceN = 0 patienceM = 0 frameNumber = 64 nLocalPI = 30

0%   10   20   30   40   50   60   70   80   90   100%
|----|----|----|----|----|----|----|----|----|----|
***************************************************
best node n642 best error 0.00450195
time = 296855366
area = 2272
delay = 58.2
write_blif appntk/c7552_8_0.00450195_2272_58.2.blif

round 9
seed = 1567412076 patienceN = 0 patienceM = 0 frameNumber = 64 nLocalPI = 30

0%   10   20   30   40   50   60   70   80   90   100%
|----|----|----|----|----|----|----|----|----|----|
***************************************************
best node n634 best error 0.00589844
time = 313143839
area = 2269
delay = 60.3
write_blif appntk/c7552_9_0.00589844_2269_60.3.blif

round 10
seed = 1567412093 patienceN = 0 patienceM = 0 frameNumber = 64 nLocalPI = 30

0%   10   20   30   40   50   60   70   80   90   100%
|----|----|----|----|----|----|----|----|----|----|
***************************************************
best node n1487 best error 0.00974609
time = 329667479
area = 2265
delay = 57.9
write_blif appntk/c7552_10_0.00974609_2265_57.9.blif

round 11
seed = 1567412109 patienceN = 0 patienceM = 0 frameNumber = 64 nLocalPI = 30

0%   10   20   30   40   50   60   70   80   90   100%
|----|----|----|----|----|----|----|----|----|----|
***************************************************
best node n636 best error 0.0112988
time = 345271765
area = 2247
delay = 55.5
write_blif appntk/c7552_11_0.0112988_2247_55.5.blif

round 12
seed = 1567412126 patienceN = 0 patienceM = 0 frameNumber = 64 nLocalPI = 30

0%   10   20   30   40   50   60   70   80   90   100%
|----|----|----|----|----|----|----|----|----|----|
***************************************************
best node n531 best error 0.018457
time = 360308680
area = 2242
delay = 62.8
write_blif appntk/c7552_12_0.018457_2242_62.8.blif

round 13
seed = 1567412141 patienceN = 0 patienceM = 0 frameNumber = 64 nLocalPI = 30

0%   10   20   30   40   50   60   70   80   90   100%
|----|----|----|----|----|----|----|----|----|----|
***************************************************
best node n1212 best error 0.018457
time = 376325640
area = 2241
delay = 55.2
write_blif appntk/c7552_13_0.018457_2241_55.2.blif

round 14
seed = 1567412156 patienceN = 0 patienceM = 0 frameNumber = 64 nLocalPI = 30

0%   10   20   30   40   50   60   70   80   90   100%
|----|----|----|----|----|----|----|----|----|----|
***************************************************
best node n362 best error 0.0239648
time = 392580098
area = 2237
delay = 59.6
write_blif appntk/c7552_14_0.0239648_2237_59.6.blif

round 15
seed = 1567412172 patienceN = 0 patienceM = 0 frameNumber = 64 nLocalPI = 30

0%   10   20   30   40   50   60   70   80   90   100%
|----|----|----|----|----|----|----|----|----|----|
***************************************************
change patienceM
time = 407700577
area = 2247
delay = 62.5
write_blif appntk/c7552_15_0.0239648_2247_62.5.blif

round 16
seed = 1567412189 patienceN = 0 patienceM = 1 frameNumber = 64 nLocalPI = 30

0%   10   20   30   40   50   60   70   80   90   100%
|----|----|----|----|----|----|----|----|----|----|
***************************************************
change patienceM
time = 424787665
area = 2237
delay = 60
write_blif appntk/c7552_16_0.0239648_2237_60.blif

round 17
seed = 1567412204 patienceN = 0 patienceM = 2 frameNumber = 64 nLocalPI = 30

0%   10   20   30   40   50   60   70   80   90   100%
|----|----|----|----|----|----|----|----|----|----|
***************************************************
change patienceM
time = 440181051
area = 2245
delay = 62.5
write_blif appntk/c7552_17_0.0239648_2245_62.5.blif

round 18
seed = 1567412221 patienceN = 0 patienceM = 0 frameNumber = 64 nLocalPI = 29

0%   10   20   30   40   50   60   70   80   90   100%
|----|----|----|----|----|----|----|----|----|----|
***************************************************
best node n1212 best error 0.0241016
time = 456908976
area = 2241
delay = 59.7
write_blif appntk/c7552_18_0.0241016_2241_59.7.blif

round 19
seed = 1567412236 patienceN = 0 patienceM = 0 frameNumber = 64 nLocalPI = 29

0%   10   20   30   40   50   60   70   80   90   100%
|----|----|----|----|----|----|----|----|----|----|
***************************************************
change patienceM
time = 470401077
area = 2242
delay = 63.3
write_blif appntk/c7552_19_0.0241016_2242_63.3.blif

round 20
seed = 1567412253 patienceN = 0 patienceM = 1 frameNumber = 64 nLocalPI = 29

0%   10   20   30   40   50   60   70   80   90   100%
|----|----|----|----|----|----|----|----|----|----|
***************************************************
change patienceM
time = 484467972
area = 2242
delay = 60
write_blif appntk/c7552_20_0.0241016_2242_60.blif

round 21
seed = 1567412267 patienceN = 0 patienceM = 2 frameNumber = 64 nLocalPI = 29

0%   10   20   30   40   50   60   70   80   90   100%
|----|----|----|----|----|----|----|----|----|----|
***************************************************
change patienceM
time = 497982649
area = 2240
delay = 62.5
write_blif appntk/c7552_21_0.0241016_2240_62.5.blif

round 22
seed = 1567412281 patienceN = 0 patienceM = 0 frameNumber = 64 nLocalPI = 28

0%   10   20   30   40   50   60   70   80   90   100%
|----|----|----|----|----|----|----|----|----|----|
***************************************************
best node n1211 best error 0.0241992
time = 512610858
area = 2240
delay = 59.8
write_blif appntk/c7552_22_0.0241992_2240_59.8.blif

round 23
seed = 1567412294 patienceN = 0 patienceM = 0 frameNumber = 64 nLocalPI = 28

0%   10   20   30   40   50   60   70   80   90   100%
|----|----|----|----|----|----|----|----|----|----|
***************************************************
change patienceM
time = 529510523
area = 2239
delay = 62.1
write_blif appntk/c7552_23_0.0241992_2239_62.1.blif

round 24
seed = 1567412309 patienceN = 0 patienceM = 1 frameNumber = 64 nLocalPI = 28

0%   10   20   30   40   50   60   70   80   90   100%
|----|----|----|----|----|----|----|----|----|----|
***************************************************
change patienceM
time = 544115107
area = 2245
delay = 60.7
write_blif appntk/c7552_24_0.0241992_2245_60.7.blif

round 25
seed = 1567412326 patienceN = 0 patienceM = 2 frameNumber = 64 nLocalPI = 28

0%   10   20   30   40   50   60   70   80   90   100%
|----|----|----|----|----|----|----|----|----|----|
***************************************************
best node n1162 best error 0.0280859
time = 559561078
area = 2233
delay = 63.3
write_blif appntk/c7552_25_0.0280859_2233_63.3.blif

round 26
seed = 1567412340 patienceN = 0 patienceM = 0 frameNumber = 64 nLocalPI = 28

0%   10   20   30   40   50   60   70   80   90   100%
|----|----|----|----|----|----|----|----|----|----|
***************************************************
change patienceM
time = 577473930
area = 2234
delay = 60.5
write_blif appntk/c7552_26_0.0280859_2234_60.5.blif

round 27
seed = 1567412356 patienceN = 0 patienceM = 1 frameNumber = 64 nLocalPI = 28

0%   10   20   30   40   50   60   70   80   90   100%
|----|----|----|----|----|----|----|----|----|----|
***************************************************
change patienceM
time = 592246940
area = 2243
delay = 62.9
write_blif appntk/c7552_27_0.0280859_2243_62.9.blif

round 28
seed = 1567412374 patienceN = 0 patienceM = 2 frameNumber = 64 nLocalPI = 28

0%   10   20   30   40   50   60   70   80   90   100%
|----|----|----|----|----|----|----|----|----|----|
***************************************************
change patienceM
time = 607780690
area = 2231
delay = 60.2
write_blif appntk/c7552_28_0.0280859_2231_60.2.blif

round 29
seed = 1567412388 patienceN = 0 patienceM = 0 frameNumber = 64 nLocalPI = 27

0%   10   20   30   40   50   60   70   80   90   100%
|----|----|----|----|----|----|----|----|----|----|
***************************************************
change patienceM
time = 621311209
area = 2227
delay = 62.7
write_blif appntk/c7552_29_0.0280859_2227_62.7.blif

round 30
seed = 1567412404 patienceN = 0 patienceM = 1 frameNumber = 64 nLocalPI = 27

0%   10   20   30   40   50   60   70   80   90   100%
|----|----|----|----|----|----|----|----|----|----|
***************************************************
change patienceM
time = 636401365
area = 2240
delay = 60
write_blif appntk/c7552_30_0.0280859_2240_60.blif

round 31
seed = 1567412418 patienceN = 0 patienceM = 2 frameNumber = 64 nLocalPI = 27

0%   10   20   30   40   50   60   70   80   90   100%
|----|----|----|----|----|----|----|----|----|----|
***************************************************
change patienceM
time = 652015060
area = 2233
delay = 62.5
write_blif appntk/c7552_31_0.0280859_2233_62.5.blif

round 32
seed = 1567412433 patienceN = 0 patienceM = 0 frameNumber = 64 nLocalPI = 26

0%   10   20   30   40   50   60   70   80   90   100%
|----|----|----|----|----|----|----|----|----|----|
***************************************************
change patienceM
time = 665741904
area = 2233
delay = 59.6
write_blif appntk/c7552_32_0.0280859_2233_59.6.blif

round 33
seed = 1567412448 patienceN = 0 patienceM = 1 frameNumber = 64 nLocalPI = 26

0%   10   20   30   40   50   60   70   80   90   100%
|----|----|----|----|----|----|----|----|----|----|
***************************************************
change patienceM
time = 679707728
area = 2225
delay = 62.9
write_blif appntk/c7552_33_0.0280859_2225_62.9.blif

round 34
seed = 1567412462 patienceN = 0 patienceM = 2 frameNumber = 64 nLocalPI = 26

0%   10   20   30   40   50   60   70   80   90   100%
|----|----|----|----|----|----|----|----|----|----|
***************************************************
change patienceM
time = 694416076
area = 2233
delay = 59.8
write_blif appntk/c7552_34_0.0280859_2233_59.8.blif

round 35
seed = 1567412476 patienceN = 0 patienceM = 0 frameNumber = 64 nLocalPI = 25

0%   10   20   30   40   50   60   70   80   90   100%
|----|----|----|----|----|----|----|----|----|----|
***************************************************
best node n1154 best error 0.0287402
time = 708800460
area = 2223
delay = 62.1
write_blif appntk/c7552_35_0.0287402_2223_62.1.blif

round 36
seed = 1567412491 patienceN = 0 patienceM = 0 frameNumber = 64 nLocalPI = 25

0%   10   20   30   40   50   60   70   80   90   100%
|----|----|----|----|----|----|----|----|----|----|
***************************************************
change patienceM
time = 724332147
area = 2221
delay = 59.3
write_blif appntk/c7552_36_0.0287402_2221_59.3.blif

round 37
seed = 1567412505 patienceN = 0 patienceM = 1 frameNumber = 64 nLocalPI = 25

0%   10   20   30   40   50   60   70   80   90   100%
|----|----|----|----|----|----|----|----|----|----|
***************************************************
change patienceM
time = 739300738
area = 2222
delay = 62.9
write_blif appntk/c7552_37_0.0287402_2222_62.9.blif

round 38
seed = 1567412521 patienceN = 0 patienceM = 2 frameNumber = 64 nLocalPI = 25

0%   10   20   30   40   50   60   70   80   90   100%
|----|----|----|----|----|----|----|----|----|----|
***************************************************
best node n1156 best error 0.029707
time = 752785202
area = 2216
delay = 60.3
write_blif appntk/c7552_38_0.029707_2216_60.3.blif

round 39
seed = 1567412536 patienceN = 0 patienceM = 0 frameNumber = 64 nLocalPI = 25

0%   10   20   30   40   50   60   70   80   90   100%
|----|----|----|----|----|----|----|----|----|----|
***************************************************
change patienceM
time = 767757114
area = 2216
delay = 62.9
write_blif appntk/c7552_39_0.029707_2216_62.9.blif

round 40
seed = 1567412549 patienceN = 0 patienceM = 1 frameNumber = 64 nLocalPI = 25

0%   10   20   30   40   50   60   70   80   90   100%
|----|----|----|----|----|----|----|----|----|----|
***************************************************
change patienceM
time = 783153053
area = 2224
delay = 60.4
write_blif appntk/c7552_40_0.029707_2224_60.4.blif

round 41
seed = 1567412564 patienceN = 0 patienceM = 2 frameNumber = 64 nLocalPI = 25

0%   10   20   30   40   50   60   70   80   90   100%
|----|----|----|----|----|----|----|----|----|----|
***************************************************
change patienceM
time = 796591492
area = 2216
delay = 62.9
write_blif appntk/c7552_41_0.029707_2216_62.9.blif

round 42
seed = 1567412579 patienceN = 0 patienceM = 0 frameNumber = 64 nLocalPI = 24

0%   10   20   30   40   50   60   70   80   90   100%
|----|----|----|----|----|----|----|----|----|----|
***************************************************
change patienceM
time = 811724614
area = 2220
delay = 59.3
write_blif appntk/c7552_42_0.029707_2220_59.3.blif

round 43
seed = 1567412593 patienceN = 0 patienceM = 1 frameNumber = 64 nLocalPI = 24

0%   10   20   30   40   50   60   70   80   90   100%
|----|----|----|----|----|----|----|----|----|----|
***************************************************
change patienceM
time = 825368828
area = 2221
delay = 63.3
write_blif appntk/c7552_43_0.029707_2221_63.3.blif

round 44
seed = 1567412608 patienceN = 0 patienceM = 2 frameNumber = 64 nLocalPI = 24

0%   10   20   30   40   50   60   70   80   90   100%
|----|----|----|----|----|----|----|----|----|----|
***************************************************
change patienceM
time = 838386321
area = 2223
delay = 61.6
write_blif appntk/c7552_44_0.029707_2223_61.6.blif

round 45
seed = 1567412622 patienceN = 0 patienceM = 0 frameNumber = 64 nLocalPI = 23

0%   10   20   30   40   50   60   70   80   90   100%
|----|----|----|----|----|----|----|----|----|----|
***************************************************
change patienceM
time = 851849584
area = 2223
delay = 62.9
write_blif appntk/c7552_45_0.029707_2223_62.9.blif

round 46
seed = 1567412635 patienceN = 0 patienceM = 1 frameNumber = 64 nLocalPI = 23

0%   10   20   30   40   50   60   70   80   90   100%
|----|----|----|----|----|----|----|----|----|----|
***************************************************
change patienceM
time = 865794587
area = 2219
delay = 60.1
write_blif appntk/c7552_46_0.029707_2219_60.1.blif

round 47
seed = 1567412648 patienceN = 0 patienceM = 2 frameNumber = 64 nLocalPI = 23

0%   10   20   30   40   50   60   70   80   90   100%
|----|----|----|----|----|----|----|----|----|----|
***************************************************
change patienceM
time = 879593876
area = 2218
delay = 62.5
write_blif appntk/c7552_47_0.029707_2218_62.5.blif

round 48
seed = 1567412662 patienceN = 0 patienceM = 0 frameNumber = 64 nLocalPI = 22

0%   10   20   30   40   50   60   70   80   90   100%
|----|----|----|----|----|----|----|----|----|----|
***************************************************
change patienceM
time = 892757203
area = 2224
delay = 59.6
write_blif appntk/c7552_48_0.029707_2224_59.6.blif

round 49
seed = 1567412676 patienceN = 0 patienceM = 1 frameNumber = 64 nLocalPI = 22

0%   10   20   30   40   50   60   70   80   90   100%
|----|----|----|----|----|----|----|----|----|----|
***************************************************
change patienceM
time = 906234946
area = 2222
delay = 63.1
write_blif appntk/c7552_49_0.029707_2222_63.1.blif

round 50
seed = 1567412689 patienceN = 0 patienceM = 2 frameNumber = 64 nLocalPI = 22

0%   10   20   30   40   50   60   70   80   90   100%
|----|----|----|----|----|----|----|----|----|----|
***************************************************
change patienceM
time = 918502354
area = 2221
delay = 60.3
write_blif appntk/c7552_50_0.029707_2221_60.3.blif

round 51
seed = 1567412703 patienceN = 0 patienceM = 0 frameNumber = 64 nLocalPI = 21

0%   10   20   30   40   50   60   70   80   90   100%
|----|----|----|----|----|----|----|----|----|----|
***************************************************
change patienceM
time = 932887122
area = 2218
delay = 62.5
write_blif appntk/c7552_51_0.029707_2218_62.5.blif

round 52
seed = 1567412715 patienceN = 0 patienceM = 1 frameNumber = 64 nLocalPI = 21

0%   10   20   30   40   50   60   70   80   90   100%
|----|----|----|----|----|----|----|----|----|----|
***************************************************
change patienceM
time = 945963531
area = 2225
delay = 60.1
write_blif appntk/c7552_52_0.029707_2225_60.1.blif

round 53
seed = 1567412729 patienceN = 0 patienceM = 2 frameNumber = 64 nLocalPI = 21

0%   10   20   30   40   50   60   70   80   90   100%
|----|----|----|----|----|----|----|----|----|----|
***************************************************
change patienceM
time = 958481071
area = 2220
delay = 62.9
write_blif appntk/c7552_53_0.029707_2220_62.9.blif

round 54
seed = 1567412742 patienceN = 0 patienceM = 0 frameNumber = 64 nLocalPI = 20

0%   10   20   30   40   50   60   70   80   90   100%
|----|----|----|----|----|----|----|----|----|----|
***************************************************
change patienceM
time = 970822563
area = 2226
delay = 59.6
write_blif appntk/c7552_54_0.029707_2226_59.6.blif

round 55
seed = 1567412755 patienceN = 0 patienceM = 1 frameNumber = 64 nLocalPI = 20

0%   10   20   30   40   50   60   70   80   90   100%
|----|----|----|----|----|----|----|----|----|----|
***************************************************
change patienceM
time = 984505637
area = 2218
delay = 62.5
write_blif appntk/c7552_55_0.029707_2218_62.5.blif

round 56
seed = 1567412767 patienceN = 0 patienceM = 2 frameNumber = 64 nLocalPI = 20

0%   10   20   30   40   50   60   70   80   90   100%
|----|----|----|----|----|----|----|----|----|----|
***************************************************
best node n1202 best error 0.0294727
time = 1001412277
area = 2211
delay = 59.6
write_blif appntk/c7552_56_0.0294727_2211_59.6.blif

round 57
seed = 1567412781 patienceN = 0 patienceM = 0 frameNumber = 64 nLocalPI = 20

0%   10   20   30   40   50   60   70   80   90   100%
|----|----|----|----|----|----|----|----|----|----|
***************************************************
change patienceM
time = 1015735668
area = 2214
delay = 62.5
write_blif appntk/c7552_57_0.0294727_2214_62.5.blif

round 58
seed = 1567412798 patienceN = 0 patienceM = 1 frameNumber = 64 nLocalPI = 20

0%   10   20   30   40   50   60   70   80   90   100%
|----|----|----|----|----|----|----|----|----|----|
***************************************************
change patienceM
time = 1029871498
area = 2218
delay = 60
write_blif appntk/c7552_58_0.0294727_2218_60.blif

round 59
seed = 1567412812 patienceN = 0 patienceM = 2 frameNumber = 64 nLocalPI = 20

0%   10   20   30   40   50   60   70   80   90   100%
|----|----|----|----|----|----|----|----|----|----|
***************************************************
change patienceM
time = 1043835844
area = 2216
delay = 62.5
write_blif appntk/c7552_59_0.0294727_2216_62.5.blif

round 60
seed = 1567412826 patienceN = 0 patienceM = 0 frameNumber = 64 nLocalPI = 19

0%   10   20   30   40   50   60   70   80   90   100%
|----|----|----|----|----|----|----|----|----|----|
***************************************************
change patienceM
time = 1056052625
area = 2210
delay = 58.9
write_blif appntk/c7552_60_0.0294727_2210_58.9.blif

round 61
seed = 1567412840 patienceN = 0 patienceM = 1 frameNumber = 64 nLocalPI = 19

0%   10   20   30   40   50   60   70   80   90   100%
|----|----|----|----|----|----|----|----|----|----|
***************************************************
change patienceM
time = 1068606246
area = 2212
delay = 63.3
write_blif appntk/c7552_61_0.0294727_2212_63.3.blif

round 62
seed = 1567412852 patienceN = 0 patienceM = 2 frameNumber = 64 nLocalPI = 19

0%   10   20   30   40   50   60   70   80   90   100%
|----|----|----|----|----|----|----|----|----|----|
***************************************************
change patienceM
time = 1082350976
area = 2209
delay = 60.1
write_blif appntk/c7552_62_0.0294727_2209_60.1.blif

round 63
seed = 1567412865 patienceN = 0 patienceM = 0 frameNumber = 64 nLocalPI = 18

0%   10   20   30   40   50   60   70   80   90   100%
|----|----|----|----|----|----|----|----|----|----|
***************************************************
change patienceM
time = 1096901712
area = 2221
delay = 63.3
write_blif appntk/c7552_63_0.0294727_2221_63.3.blif

round 64
seed = 1567412879 patienceN = 0 patienceM = 1 frameNumber = 64 nLocalPI = 18

0%   10   20   30   40   50   60   70   80   90   100%
|----|----|----|----|----|----|----|----|----|----|
***************************************************
change patienceM
time = 1110723357
area = 2213
delay = 59.7
write_blif appntk/c7552_64_0.0294727_2213_59.7.blif

round 65
seed = 1567412893 patienceN = 0 patienceM = 2 frameNumber = 64 nLocalPI = 18

0%   10   20   30   40   50   60   70   80   90   100%
|----|----|----|----|----|----|----|----|----|----|
***************************************************
change patienceM
time = 1124501590
area = 2217
delay = 62.1
write_blif appntk/c7552_65_0.0294727_2217_62.1.blif

round 66
seed = 1567412907 patienceN = 0 patienceM = 0 frameNumber = 64 nLocalPI = 17

0%   10   20   30   40   50   60   70   80   90   100%
|----|----|----|----|----|----|----|----|----|----|
***************************************************
change patienceM
time = 1138504469
area = 2213
delay = 59.4
write_blif appntk/c7552_66_0.0294727_2213_59.4.blif

round 67
seed = 1567412921 patienceN = 0 patienceM = 1 frameNumber = 64 nLocalPI = 17

0%   10   20   30   40   50   60   70   80   90   100%
|----|----|----|----|----|----|----|----|----|----|
***************************************************
change patienceM
time = 1150932494
area = 2218
delay = 62.9
write_blif appntk/c7552_67_0.0294727_2218_62.9.blif

round 68
seed = 1567412935 patienceN = 0 patienceM = 2 frameNumber = 64 nLocalPI = 17

0%   10   20   30   40   50   60   70   80   90   100%
|----|----|----|----|----|----|----|----|----|----|
***************************************************
change patienceM
time = 1163752963
area = 2212
delay = 60.3
write_blif appntk/c7552_68_0.0294727_2212_60.3.blif

round 69
seed = 1567412947 patienceN = 0 patienceM = 0 frameNumber = 64 nLocalPI = 16

0%   10   20   30   40   50   60   70   80   90   100%
|----|----|----|----|----|----|----|----|----|----|
***************************************************
change patienceM
time = 1175870059
area = 2217
delay = 62.5
write_blif appntk/c7552_69_0.0294727_2217_62.5.blif

round 70
seed = 1567412960 patienceN = 0 patienceM = 1 frameNumber = 64 nLocalPI = 16

0%   10   20   30   40   50   60   70   80   90   100%
|----|----|----|----|----|----|----|----|----|----|
***************************************************
change patienceM
time = 1186419728
area = 2215
delay = 59.7
write_blif appntk/c7552_70_0.0294727_2215_59.7.blif

round 71
seed = 1567412972 patienceN = 0 patienceM = 2 frameNumber = 64 nLocalPI = 16

0%   10   20   30   40   50   60   70   80   90   100%
|----|----|----|----|----|----|----|----|----|----|
***************************************************
change patienceM
time = 1197227611
area = 2219
delay = 62.5
write_blif appntk/c7552_71_0.0294727_2219_62.5.blif

round 72
seed = 1567412983 patienceN = 0 patienceM = 0 frameNumber = 64 nLocalPI = 15

0%   10   20   30   40   50   60   70   80   90   100%
|----|----|----|----|----|----|----|----|----|----|
***************************************************
change patienceM
time = 1208788290
area = 2223
delay = 59.4
write_blif appntk/c7552_72_0.0294727_2223_59.4.blif

round 73
seed = 1567412994 patienceN = 0 patienceM = 1 frameNumber = 64 nLocalPI = 15

0%   10   20   30   40   50   60   70   80   90   100%
|----|----|----|----|----|----|----|----|----|----|
***************************************************
change patienceM
time = 1220053782
area = 2212
delay = 62.9
write_blif appntk/c7552_73_0.0294727_2212_62.9.blif

round 74
seed = 1567413005 patienceN = 0 patienceM = 2 frameNumber = 64 nLocalPI = 15

0%   10   20   30   40   50   60   70   80   90   100%
|----|----|----|----|----|----|----|----|----|----|
***************************************************
change patienceM
time = 1233722104
area = 2214
delay = 59.9
write_blif appntk/c7552_74_0.0294727_2214_59.9.blif

round 75
seed = 1567413017 patienceN = 0 patienceM = 0 frameNumber = 64 nLocalPI = 14

0%   10   20   30   40   50   60   70   80   90   100%
|----|----|----|----|----|----|----|----|----|----|
***************************************************
change patienceM
time = 1246847070
area = 2219
delay = 62.9
write_blif appntk/c7552_75_0.0294727_2219_62.9.blif

round 76
seed = 1567413030 patienceN = 0 patienceM = 1 frameNumber = 64 nLocalPI = 14

0%   10   20   30   40   50   60   70   80   90   100%
|----|----|----|----|----|----|----|----|----|----|
***************************************************
change patienceM
time = 1257332289
area = 2222
delay = 59.6
write_blif appntk/c7552_76_0.0294727_2222_59.6.blif

round 77
seed = 1567413043 patienceN = 0 patienceM = 2 frameNumber = 64 nLocalPI = 14

0%   10   20   30   40   50   60   70   80   90   100%
|----|----|----|----|----|----|----|----|----|----|
***************************************************
change patienceM
time = 1269773879
area = 2221
delay = 62.9
write_blif appntk/c7552_77_0.0294727_2221_62.9.blif

round 78
seed = 1567413054 patienceN = 0 patienceM = 0 frameNumber = 64 nLocalPI = 13

0%   10   20   30   40   50   60   70   80   90   100%
|----|----|----|----|----|----|----|----|----|----|
***************************************************
change patienceM
time = 1281554328
area = 2225
delay = 60.4
write_blif appntk/c7552_78_0.0294727_2225_60.4.blif

round 79
seed = 1567413066 patienceN = 0 patienceM = 1 frameNumber = 64 nLocalPI = 13

0%   10   20   30   40   50   60   70   80   90   100%
|----|----|----|----|----|----|----|----|----|----|
***************************************************
change patienceM
time = 1293770970
area = 2214
delay = 62.5
write_blif appntk/c7552_79_0.0294727_2214_62.5.blif

round 80
seed = 1567413078 patienceN = 0 patienceM = 2 frameNumber = 64 nLocalPI = 13

0%   10   20   30   40   50   60   70   80   90   100%
|----|----|----|----|----|----|----|----|----|----|
***************************************************
change patienceM
time = 1306272361
area = 2217
delay = 60
write_blif appntk/c7552_80_0.0294727_2217_60.blif

round 81
seed = 1567413090 patienceN = 0 patienceM = 0 frameNumber = 64 nLocalPI = 12

0%   10   20   30   40   50   60   70   80   90   100%
|----|----|----|----|----|----|----|----|----|----|
***************************************************
change patienceM
time = 1318807209
area = 2217
delay = 63.3
write_blif appntk/c7552_81_0.0294727_2217_63.3.blif

round 82
seed = 1567413103 patienceN = 0 patienceM = 1 frameNumber = 64 nLocalPI = 12

0%   10   20   30   40   50   60   70   80   90   100%
|----|----|----|----|----|----|----|----|----|----|
***************************************************
change patienceM
time = 1330328486
area = 2220
delay = 59.8
write_blif appntk/c7552_82_0.0294727_2220_59.8.blif

round 83
seed = 1567413115 patienceN = 0 patienceM = 2 frameNumber = 64 nLocalPI = 12

0%   10   20   30   40   50   60   70   80   90   100%
|----|----|----|----|----|----|----|----|----|----|
***************************************************
change patienceM
time = 1341126457
area = 2214
delay = 62.1
write_blif appntk/c7552_83_0.0294727_2214_62.1.blif

round 84
seed = 1567413127 patienceN = 0 patienceM = 0 frameNumber = 64 nLocalPI = 11

0%   10   20   30   40   50   60   70   80   90   100%
|----|----|----|----|----|----|----|----|----|----|
***************************************************
change patienceM
time = 1354647318
area = 2225
delay = 59.7
write_blif appntk/c7552_84_0.0294727_2225_59.7.blif

round 85
seed = 1567413138 patienceN = 0 patienceM = 1 frameNumber = 64 nLocalPI = 11

0%   10   20   30   40   50   60   70   80   90   100%
|----|----|----|----|----|----|----|----|----|----|
***************************************************
change patienceM
time = 1364495937
area = 2211
delay = 63.1
write_blif appntk/c7552_85_0.0294727_2211_63.1.blif

round 86
seed = 1567413151 patienceN = 0 patienceM = 2 frameNumber = 64 nLocalPI = 11

0%   10   20   30   40   50   60   70   80   90   100%
|----|----|----|----|----|----|----|----|----|----|
***************************************************
change patienceM
time = 1376012524
area = 2214
delay = 59.2
write_blif appntk/c7552_86_0.0294727_2214_59.2.blif

round 87
seed = 1567413161 patienceN = 0 patienceM = 0 frameNumber = 64 nLocalPI = 10

0%   10   20   30   40   50   60   70   80   90   100%
|----|----|----|----|----|----|----|----|----|----|
***************************************************
change patienceM
time = 1385853839
area = 2217
delay = 62.9
write_blif appntk/c7552_87_0.0294727_2217_62.9.blif

round 88
seed = 1567413173 patienceN = 0 patienceM = 1 frameNumber = 64 nLocalPI = 10

0%   10   20   30   40   50   60   70   80   90   100%
|----|----|----|----|----|----|----|----|----|----|
***************************************************
change patienceM
time = 1396577882
area = 2221
delay = 59.3
write_blif appntk/c7552_88_0.0294727_2221_59.3.blif

round 89
seed = 1567413183 patienceN = 0 patienceM = 2 frameNumber = 64 nLocalPI = 10

0%   10   20   30   40   50   60   70   80   90   100%
|----|----|----|----|----|----|----|----|----|----|
***************************************************
change patienceM
time = 1405613181
area = 2214
delay = 62.5
write_blif appntk/c7552_89_0.0294727_2214_62.5.blif

round 90
seed = 1567413193 patienceN = 0 patienceM = 0 frameNumber = 64 nLocalPI = 9

0%   10   20   30   40   50   60   70   80   90   100%
|----|----|----|----|----|----|----|----|----|----|
***************************************************
change patienceM
time = 1415822905
area = 2219
delay = 59.2
write_blif appntk/c7552_90_0.0294727_2219_59.2.blif

round 91
seed = 1567413202 patienceN = 0 patienceM = 1 frameNumber = 64 nLocalPI = 9

0%   10   20   30   40   50   60   70   80   90   100%
|----|----|----|----|----|----|----|----|----|----|
***************************************************
change patienceM
time = 1426739641
area = 2215
delay = 62.9
write_blif appntk/c7552_91_0.0294727_2215_62.9.blif

round 92
seed = 1567413213 patienceN = 0 patienceM = 2 frameNumber = 64 nLocalPI = 9

0%   10   20   30   40   50   60   70   80   90   100%
|----|----|----|----|----|----|----|----|----|----|
***************************************************
change patienceM
time = 1437669343
area = 2216
delay = 60.4
write_blif appntk/c7552_92_0.0294727_2216_60.4.blif

round 93
seed = 1567413223 patienceN = 0 patienceM = 0 frameNumber = 64 nLocalPI = 8

0%   10   20   30   40   50   60   70   80   90   100%
|----|----|----|----|----|----|----|----|----|----|
***************************************************
change patienceM
time = 1447793295
area = 2218
delay = 62.9
write_blif appntk/c7552_93_0.0294727_2218_62.9.blif

round 94
seed = 1567413234 patienceN = 0 patienceM = 1 frameNumber = 64 nLocalPI = 8

0%   10   20   30   40   50   60   70   80   90   100%
|----|----|----|----|----|----|----|----|----|----|
***************************************************
change patienceM
time = 1460272169
area = 2218
delay = 60.2
write_blif appntk/c7552_94_0.0294727_2218_60.2.blif

round 95
seed = 1567413245 patienceN = 0 patienceM = 2 frameNumber = 64 nLocalPI = 8

0%   10   20   30   40   50   60   70   80   90   100%
|----|----|----|----|----|----|----|----|----|----|
***************************************************
change patienceM
time = 1471255180
area = 2219
delay = 62.5
write_blif appntk/c7552_95_0.0294727_2219_62.5.blif

round 96
seed = 1567413257 patienceN = 0 patienceM = 0 frameNumber = 64 nLocalPI = 7

0%   10   20   30   40   50   60   70   80   90   100%
|----|----|----|----|----|----|----|----|----|----|
***************************************************
change patienceM
time = 1482684144
area = 2219
delay = 59.8
write_blif appntk/c7552_96_0.0294727_2219_59.8.blif

round 97
seed = 1567413268 patienceN = 0 patienceM = 1 frameNumber = 64 nLocalPI = 7

0%   10   20   30   40   50   60   70   80   90   100%
|----|----|----|----|----|----|----|----|----|----|
***************************************************
change patienceM
time = 1493263584
area = 2216
delay = 62.9
write_blif appntk/c7552_97_0.0294727_2216_62.9.blif

round 98
seed = 1567413279 patienceN = 0 patienceM = 2 frameNumber = 64 nLocalPI = 7

0%   10   20   30   40   50   60   70   80   90   100%
|----|----|----|----|----|----|----|----|----|----|
***************************************************
change patienceM
time = 1504554050
area = 2219
delay = 61.3
write_blif appntk/c7552_98_0.0294727_2219_61.3.blif

round 99
seed = 1567413290 patienceN = 0 patienceM = 0 frameNumber = 64 nLocalPI = 6

0%   10   20   30   40   50   60   70   80   90   100%
|----|----|----|----|----|----|----|----|----|----|
***************************************************
change patienceM
time = 1514399904
area = 2220
delay = 62.9
write_blif appntk/c7552_99_0.0294727_2220_62.9.blif

round 100
seed = 1567413301 patienceN = 0 patienceM = 1 frameNumber = 64 nLocalPI = 6

0%   10   20   30   40   50   60   70   80   90   100%
|----|----|----|----|----|----|----|----|----|----|
***************************************************
change patienceM
time = 1524889608
area = 2216
delay = 60.6
write_blif appntk/c7552_100_0.0294727_2216_60.6.blif

round 101
seed = 1567413311 patienceN = 0 patienceM = 2 frameNumber = 64 nLocalPI = 6

0%   10   20   30   40   50   60   70   80   90   100%
|----|----|----|----|----|----|----|----|----|----|
***************************************************
change patienceM
time = 1535304647
area = 2220
delay = 62.9
write_blif appntk/c7552_101_0.0294727_2220_62.9.blif

round 102
seed = 1567413322 patienceN = 0 patienceM = 0 frameNumber = 64 nLocalPI = 5

0%   10   20   30   40   50   60   70   80   90   100%
|----|----|----|----|----|----|----|----|----|----|
***************************************************
best node n572 best error 0.0400684
time = 1545828271
