Entered genlib library with 23 gates from file "data/genlib/mcnc.genlib".
Line 12: Skipping line ".default_input_arrival 0.00 0.00 ".
Line 13: Skipping line ".default_output_required 0.00 0.00 ".
Line 14: Skipping line ".default_input_drive 0.10 0.10 ".
Line 15: Skipping line ".default_output_load 2.00 ".
Line 16: Skipping line ".default_max_input_load 999.00 ".
Original area = 585, original delay = 24.9

round 0
seed = 0 patienceN = 0 patienceM = 0 frameNumber = 64 nLocalPI = 30

0%   10   20   30   40   50   60   70   80   90   100%
|----|----|----|----|----|----|----|----|----|----|
***************************************************
best node G389gat best error 0
time = 6421833
area = 594
delay = 24.5
write_blif appntk/c880_0_0_594_24.5.blif

round 1
seed = 1567411795 patienceN = 0 patienceM = 0 frameNumber = 64 nLocalPI = 30

0%   10   20   30   40   50   60   70   80   90   100%
|----|----|----|----|----|----|----|----|----|----|
***************************************************
best node n367 best error 7.8125e-05
time = 12824951
area = 588
delay = 23.6
write_blif appntk/c880_1_7.8125e-05_588_23.6.blif

round 2
seed = 1567411801 patienceN = 0 patienceM = 0 frameNumber = 64 nLocalPI = 30

0%   10   20   30   40   50   60   70   80   90   100%
|----|----|----|----|----|----|----|----|----|----|
***************************************************
best node n398 best error 0.000166016
time = 18570277
area = 590
delay = 24.5
write_blif appntk/c880_2_0.000166016_590_24.5.blif

round 3
seed = 1567411808 patienceN = 0 patienceM = 0 frameNumber = 64 nLocalPI = 30

0%   10   20   30   40   50   60   70   80   90   100%
|----|----|----|----|----|----|----|----|----|----|
***************************************************
best node n214 best error 0.000244141
time = 22893338
area = 580
delay = 23.6
write_blif appntk/c880_3_0.000244141_580_23.6.blif

round 4
seed = 1567411813 patienceN = 0 patienceM = 0 frameNumber = 64 nLocalPI = 30

0%   10   20   30   40   50   60   70   80   90   100%
|----|----|----|----|----|----|----|----|----|----|
***************************************************
best node n270 best error 0.000302734
time = 27137643
area = 580
delay = 24.5
write_blif appntk/c880_4_0.000302734_580_24.5.blif

round 5
seed = 1567411818 patienceN = 0 patienceM = 0 frameNumber = 64 nLocalPI = 30

0%   10   20   30   40   50   60   70   80   90   100%
|----|----|----|----|----|----|----|----|----|----|
***************************************************
best node n280 best error 0.000566406
time = 30919444
area = 575
delay = 23.6
write_blif appntk/c880_5_0.000566406_575_23.6.blif

round 6
seed = 1567411822 patienceN = 0 patienceM = 0 frameNumber = 64 nLocalPI = 30

0%   10   20   30   40   50   60   70   80   90   100%
|----|----|----|----|----|----|----|----|----|----|
***************************************************
best node n285 best error 0.000351563
time = 37120904
area = 575
delay = 24.5
write_blif appntk/c880_6_0.000351563_575_24.5.blif

round 7
seed = 1567411826 patienceN = 0 patienceM = 0 frameNumber = 64 nLocalPI = 30

0%   10   20   30   40   50   60   70   80   90   100%
|----|----|----|----|----|----|----|----|----|----|
***************************************************
best node n376 best error 0.000400391
time = 41565169
area = 569
delay = 23.6
write_blif appntk/c880_7_0.000400391_569_23.6.blif

round 8
seed = 1567411832 patienceN = 0 patienceM = 0 frameNumber = 64 nLocalPI = 30

0%   10   20   30   40   50   60   70   80   90   100%
|----|----|----|----|----|----|----|----|----|----|
***************************************************
best node n251 best error 0.000449219
time = 46261746
area = 571
delay = 23.5
write_blif appntk/c880_8_0.000449219_571_23.5.blif

round 9
seed = 1567411837 patienceN = 0 patienceM = 0 frameNumber = 64 nLocalPI = 30

0%   10   20   30   40   50   60   70   80   90   100%
|----|----|----|----|----|----|----|----|----|----|
***************************************************
best node n342 best error 0.000517578
time = 51701112
area = 557
delay = 22.8
write_blif appntk/c880_9_0.000517578_557_22.8.blif

round 10
seed = 1567411841 patienceN = 0 patienceM = 0 frameNumber = 64 nLocalPI = 30

0%   10   20   30   40   50   60   70   80   90   100%
|----|----|----|----|----|----|----|----|----|----|
***************************************************
best node n310 best error 0.000917969
time = 56035869
area = 563
delay = 23.9
write_blif appntk/c880_10_0.000917969_563_23.9.blif

round 11
seed = 1567411847 patienceN = 0 patienceM = 0 frameNumber = 64 nLocalPI = 30

0%   10   20   30   40   50   60   70   80   90   100%
|----|----|----|----|----|----|----|----|----|----|
***************************************************
best node n305 best error 0.00129883
time = 60355579
area = 560
delay = 23
write_blif appntk/c880_11_0.00129883_560_23.blif

round 12
seed = 1567411851 patienceN = 0 patienceM = 0 frameNumber = 64 nLocalPI = 30

0%   10   20   30   40   50   60   70   80   90   100%
|----|----|----|----|----|----|----|----|----|----|
***************************************************
best node n295 best error 0.00175781
time = 64939926
area = 570
delay = 24.5
write_blif appntk/c880_12_0.00175781_570_24.5.blif

round 13
seed = 1567411855 patienceN = 0 patienceM = 0 frameNumber = 64 nLocalPI = 30

0%   10   20   30   40   50   60   70   80   90   100%
|----|----|----|----|----|----|----|----|----|----|
***************************************************
best node n287 best error 0.00245117
time = 69104251
area = 563
delay = 24.2
write_blif appntk/c880_13_0.00245117_563_24.2.blif

round 14
seed = 1567411860 patienceN = 0 patienceM = 0 frameNumber = 64 nLocalPI = 30

0%   10   20   30   40   50   60   70   80   90   100%
|----|----|----|----|----|----|----|----|----|----|
***************************************************
best node n220 best error 0.00325195
time = 72838728
area = 563
delay = 22.9
write_blif appntk/c880_14_0.00325195_563_22.9.blif

round 15
seed = 1567411864 patienceN = 0 patienceM = 0 frameNumber = 64 nLocalPI = 30

0%   10   20   30   40   50   60   70   80   90   100%
|----|----|----|----|----|----|----|----|----|----|
***************************************************
best node n212 best error 0.00395508
time = 76482440
area = 560
delay = 24.1
write_blif appntk/c880_15_0.00395508_560_24.1.blif

round 16
seed = 1567411868 patienceN = 0 patienceM = 0 frameNumber = 64 nLocalPI = 30

0%   10   20   30   40   50   60   70   80   90   100%
|----|----|----|----|----|----|----|----|----|----|
***************************************************
best node n223 best error 0.00412109
time = 80104378
area = 557
delay = 24.1
write_blif appntk/c880_16_0.00412109_557_24.1.blif

round 17
seed = 1567411871 patienceN = 0 patienceM = 0 frameNumber = 64 nLocalPI = 30

0%   10   20   30   40   50   60   70   80   90   100%
|----|----|----|----|----|----|----|----|----|----|
***************************************************
best node n191 best error 0.00436523
time = 84061687
area = 534
delay = 20.5
write_blif appntk/c880_17_0.00436523_534_20.5.blif

round 18
seed = 1567411875 patienceN = 0 patienceM = 0 frameNumber = 64 nLocalPI = 30

0%   10   20   30   40   50   60   70   80   90   100%
|----|----|----|----|----|----|----|----|----|----|
***************************************************
best node n174 best error 0.0101465
time = 87142648
area = 546
delay = 22.4
write_blif appntk/c880_18_0.0101465_546_22.4.blif

round 19
seed = 1567411879 patienceN = 0 patienceM = 0 frameNumber = 64 nLocalPI = 30

0%   10   20   30   40   50   60   70   80   90   100%
|----|----|----|----|----|----|----|----|----|----|
***************************************************
best node n271 best error 0.0161621
time = 91518800
area = 530
delay = 20.4
write_blif appntk/c880_19_0.0161621_530_20.4.blif

round 20
seed = 1567411882 patienceN = 0 patienceM = 0 frameNumber = 64 nLocalPI = 30

0%   10   20   30   40   50   60   70   80   90   100%
|----|----|----|----|----|----|----|----|----|----|
***************************************************
best node n175 best error 0.0207617
time = 94513553
area = 521
delay = 23.4
write_blif appntk/c880_20_0.0207617_521_23.4.blif

round 21
seed = 1567411887 patienceN = 0 patienceM = 0 frameNumber = 64 nLocalPI = 30

0%   10   20   30   40   50   60   70   80   90   100%
|----|----|----|----|----|----|----|----|----|----|
***************************************************
best node n177 best error 0.0234863
time = 97319607
area = 512
delay = 21.7
write_blif appntk/c880_21_0.0234863_512_21.7.blif

round 22
seed = 1567411890 patienceN = 0 patienceM = 0 frameNumber = 64 nLocalPI = 30

0%   10   20   30   40   50   60   70   80   90   100%
|----|----|----|----|----|----|----|----|----|----|
***************************************************
best node n285 best error 0.0294336
time = 99889254
area = 515
delay = 23.5
write_blif appntk/c880_22_0.0294336_515_23.5.blif

round 23
seed = 1567411892 patienceN = 0 patienceM = 0 frameNumber = 64 nLocalPI = 30

0%   10   20   30   40   50   60   70   80   90   100%
|----|----|----|----|----|----|----|----|----|----|
***************************************************
change patienceM
time = 102798131
area = 510
delay = 21.3
write_blif appntk/c880_23_0.0294336_510_21.3.blif

round 24
seed = 1567411895 patienceN = 0 patienceM = 1 frameNumber = 64 nLocalPI = 30

0%   10   20   30   40   50   60   70   80   90   100%
|----|----|----|----|----|----|----|----|----|----|
***************************************************
change patienceM
time = 105843868
area = 515
delay = 23.5
write_blif appntk/c880_24_0.0294336_515_23.5.blif

round 25
seed = 1567411898 patienceN = 0 patienceM = 2 frameNumber = 64 nLocalPI = 30

0%   10   20   30   40   50   60   70   80   90   100%
|----|----|----|----|----|----|----|----|----|----|
***************************************************
change patienceM
time = 108972693
area = 510
delay = 21.3
write_blif appntk/c880_25_0.0294336_510_21.3.blif

round 26
seed = 1567411901 patienceN = 0 patienceM = 0 frameNumber = 64 nLocalPI = 29

0%   10   20   30   40   50   60   70   80   90   100%
|----|----|----|----|----|----|----|----|----|----|
***************************************************
change patienceM
time = 111289392
area = 515
delay = 23.5
write_blif appntk/c880_26_0.0294336_515_23.5.blif

round 27
seed = 1567411904 patienceN = 0 patienceM = 1 frameNumber = 64 nLocalPI = 29

0%   10   20   30   40   50   60   70   80   90   100%
|----|----|----|----|----|----|----|----|----|----|
***************************************************
change patienceM
time = 114208868
area = 510
delay = 21.3
write_blif appntk/c880_27_0.0294336_510_21.3.blif

round 28
seed = 1567411906 patienceN = 0 patienceM = 2 frameNumber = 64 nLocalPI = 29

0%   10   20   30   40   50   60   70   80   90   100%
|----|----|----|----|----|----|----|----|----|----|
***************************************************
change patienceM
time = 116920634
area = 515
delay = 23.5
write_blif appntk/c880_28_0.0294336_515_23.5.blif

round 29
seed = 1567411909 patienceN = 0 patienceM = 0 frameNumber = 64 nLocalPI = 28

0%   10   20   30   40   50   60   70   80   90   100%
|----|----|----|----|----|----|----|----|----|----|
***************************************************
change patienceM
time = 119714135
area = 510
delay = 21.3
write_blif appntk/c880_29_0.0294336_510_21.3.blif

round 30
seed = 1567411912 patienceN = 0 patienceM = 1 frameNumber = 64 nLocalPI = 28

0%   10   20   30   40   50   60   70   80   90   100%
|----|----|----|----|----|----|----|----|----|----|
***************************************************
change patienceM
time = 122901963
area = 515
delay = 23.5
write_blif appntk/c880_30_0.0294336_515_23.5.blif

round 31
seed = 1567411915 patienceN = 0 patienceM = 2 frameNumber = 64 nLocalPI = 28

0%   10   20   30   40   50   60   70   80   90   100%
|----|----|----|----|----|----|----|----|----|----|
***************************************************
change patienceM
time = 125149414
area = 510
delay = 21.3
write_blif appntk/c880_31_0.0294336_510_21.3.blif

round 32
seed = 1567411918 patienceN = 0 patienceM = 0 frameNumber = 64 nLocalPI = 27

0%   10   20   30   40   50   60   70   80   90   100%
|----|----|----|----|----|----|----|----|----|----|
***************************************************
change patienceM
time = 128170268
area = 515
delay = 23.5
write_blif appntk/c880_32_0.0294336_515_23.5.blif

round 33
seed = 1567411920 patienceN = 0 patienceM = 1 frameNumber = 64 nLocalPI = 27

0%   10   20   30   40   50   60   70   80   90   100%
|----|----|----|----|----|----|----|----|----|----|
***************************************************
change patienceM
time = 131590856
area = 510
delay = 21.3
write_blif appntk/c880_33_0.0294336_510_21.3.blif

round 34
seed = 1567411923 patienceN = 0 patienceM = 2 frameNumber = 64 nLocalPI = 27

0%   10   20   30   40   50   60   70   80   90   100%
|----|----|----|----|----|----|----|----|----|----|
***************************************************
change patienceM
time = 133765807
area = 515
delay = 23.5
write_blif appntk/c880_34_0.0294336_515_23.5.blif

round 35
seed = 1567411927 patienceN = 0 patienceM = 0 frameNumber = 64 nLocalPI = 26

0%   10   20   30   40   50   60   70   80   90   100%
|----|----|----|----|----|----|----|----|----|----|
***************************************************
change patienceM
time = 136970118
area = 510
delay = 21.3
write_blif appntk/c880_35_0.0294336_510_21.3.blif

round 36
seed = 1567411929 patienceN = 0 patienceM = 1 frameNumber = 64 nLocalPI = 26

0%   10   20   30   40   50   60   70   80   90   100%
|----|----|----|----|----|----|----|----|----|----|
***************************************************
change patienceM
time = 139173290
area = 515
delay = 23.5
write_blif appntk/c880_36_0.0294336_515_23.5.blif

round 37
seed = 1567411932 patienceN = 0 patienceM = 2 frameNumber = 64 nLocalPI = 26

0%   10   20   30   40   50   60   70   80   90   100%
|----|----|----|----|----|----|----|----|----|----|
***************************************************
change patienceM
time = 140756466
area = 510
delay = 21.3
write_blif appntk/c880_37_0.0294336_510_21.3.blif

round 38
seed = 1567411934 patienceN = 0 patienceM = 0 frameNumber = 64 nLocalPI = 25

0%   10   20   30   40   50   60   70   80   90   100%
|----|----|----|----|----|----|----|----|----|----|
***************************************************
change patienceM
time = 143246141
area = 515
delay = 23.5
write_blif appntk/c880_38_0.0294336_515_23.5.blif

round 39
seed = 1567411936 patienceN = 0 patienceM = 1 frameNumber = 64 nLocalPI = 25

0%   10   20   30   40   50   60   70   80   90   100%
|----|----|----|----|----|----|----|----|----|----|
***************************************************
change patienceM
time = 144583917
area = 510
delay = 21.3
write_blif appntk/c880_39_0.0294336_510_21.3.blif

round 40
seed = 1567411938 patienceN = 0 patienceM = 2 frameNumber = 64 nLocalPI = 25

0%   10   20   30   40   50   60   70   80   90   100%
|----|----|----|----|----|----|----|----|----|----|
***************************************************
change patienceM
time = 146837435
area = 515
delay = 23.5
write_blif appntk/c880_40_0.0294336_515_23.5.blif

round 41
seed = 1567411940 patienceN = 0 patienceM = 0 frameNumber = 64 nLocalPI = 24

0%   10   20   30   40   50   60   70   80   90   100%
|----|----|----|----|----|----|----|----|----|----|
***************************************************
change patienceM
time = 148313627
area = 510
delay = 21.3
write_blif appntk/c880_41_0.0294336_510_21.3.blif

round 42
seed = 1567411942 patienceN = 0 patienceM = 1 frameNumber = 64 nLocalPI = 24

0%   10   20   30   40   50   60   70   80   90   100%
|----|----|----|----|----|----|----|----|----|----|
***************************************************
change patienceM
time = 149786515
area = 515
delay = 23.5
write_blif appntk/c880_42_0.0294336_515_23.5.blif

round 43
seed = 1567411943 patienceN = 0 patienceM = 2 frameNumber = 64 nLocalPI = 24

0%   10   20   30   40   50   60   70   80   90   100%
|----|----|----|----|----|----|----|----|----|----|
***************************************************
change patienceM
time = 151190665
area = 510
delay = 21.3
write_blif appntk/c880_43_0.0294336_510_21.3.blif

round 44
seed = 1567411945 patienceN = 0 patienceM = 0 frameNumber = 64 nLocalPI = 23

0%   10   20   30   40   50   60   70   80   90   100%
|----|----|----|----|----|----|----|----|----|----|
***************************************************
change patienceM
time = 153358426
area = 515
delay = 23.5
write_blif appntk/c880_44_0.0294336_515_23.5.blif

round 45
seed = 1567411946 patienceN = 0 patienceM = 1 frameNumber = 64 nLocalPI = 23

0%   10   20   30   40   50   60   70   80   90   100%
|----|----|----|----|----|----|----|----|----|----|
***************************************************
change patienceM
time = 154807339
area = 510
delay = 21.3
write_blif appntk/c880_45_0.0294336_510_21.3.blif

round 46
seed = 1567411948 patienceN = 0 patienceM = 2 frameNumber = 64 nLocalPI = 23

0%   10   20   30   40   50   60   70   80   90   100%
|----|----|----|----|----|----|----|----|----|----|
***************************************************
change patienceM
time = 157200076
area = 515
delay = 23.5
write_blif appntk/c880_46_0.0294336_515_23.5.blif

round 47
seed = 1567411950 patienceN = 0 patienceM = 0 frameNumber = 64 nLocalPI = 22

0%   10   20   30   40   50   60   70   80   90   100%
|----|----|----|----|----|----|----|----|----|----|
***************************************************
change patienceM
time = 158585489
area = 510
delay = 21.3
write_blif appntk/c880_47_0.0294336_510_21.3.blif

round 48
seed = 1567411952 patienceN = 0 patienceM = 1 frameNumber = 64 nLocalPI = 22

0%   10   20   30   40   50   60   70   80   90   100%
|----|----|----|----|----|----|----|----|----|----|
***************************************************
change patienceM
time = 160803637
area = 515
delay = 23.5
write_blif appntk/c880_48_0.0294336_515_23.5.blif

round 49
seed = 1567411954 patienceN = 0 patienceM = 2 frameNumber = 64 nLocalPI = 22

0%   10   20   30   40   50   60   70   80   90   100%
|----|----|----|----|----|----|----|----|----|----|
***************************************************
change patienceM
time = 162247071
area = 510
delay = 21.3
write_blif appntk/c880_49_0.0294336_510_21.3.blif

round 50
seed = 1567411956 patienceN = 0 patienceM = 0 frameNumber = 64 nLocalPI = 21

0%   10   20   30   40   50   60   70   80   90   100%
|----|----|----|----|----|----|----|----|----|----|
***************************************************
change patienceM
time = 163770458
area = 515
delay = 23.5
write_blif appntk/c880_50_0.0294336_515_23.5.blif

round 51
seed = 1567411957 patienceN = 0 patienceM = 1 frameNumber = 64 nLocalPI = 21

0%   10   20   30   40   50   60   70   80   90   100%
|----|----|----|----|----|----|----|----|----|----|
***************************************************
change patienceM
time = 165607575
area = 510
delay = 21.3
write_blif appntk/c880_51_0.0294336_510_21.3.blif

round 52
seed = 1567411959 patienceN = 0 patienceM = 2 frameNumber = 64 nLocalPI = 21

0%   10   20   30   40   50   60   70   80   90   100%
|----|----|----|----|----|----|----|----|----|----|
***************************************************
change patienceM
time = 167122480
area = 515
delay = 23.5
write_blif appntk/c880_52_0.0294336_515_23.5.blif

round 53
seed = 1567411961 patienceN = 0 patienceM = 0 frameNumber = 64 nLocalPI = 20

0%   10   20   30   40   50   60   70   80   90   100%
|----|----|----|----|----|----|----|----|----|----|
***************************************************
change patienceM
time = 168937755
area = 510
delay = 21.3
write_blif appntk/c880_53_0.0294336_510_21.3.blif

round 54
seed = 1567411962 patienceN = 0 patienceM = 1 frameNumber = 64 nLocalPI = 20

0%   10   20   30   40   50   60   70   80   90   100%
|----|----|----|----|----|----|----|----|----|----|
***************************************************
change patienceM
time = 170362713
area = 515
delay = 23.5
write_blif appntk/c880_54_0.0294336_515_23.5.blif

round 55
seed = 1567411964 patienceN = 0 patienceM = 2 frameNumber = 64 nLocalPI = 20

0%   10   20   30   40   50   60   70   80   90   100%
|----|----|----|----|----|----|----|----|----|----|
***************************************************
change patienceM
time = 171780046
area = 510
delay = 21.3
write_blif appntk/c880_55_0.0294336_510_21.3.blif

round 56
seed = 1567411965 patienceN = 0 patienceM = 0 frameNumber = 64 nLocalPI = 19

0%   10   20   30   40   50   60   70   80   90   100%
|----|----|----|----|----|----|----|----|----|----|
***************************************************
change patienceM
time = 173794999
area = 515
delay = 23.5
write_blif appntk/c880_56_0.0294336_515_23.5.blif

round 57
seed = 1567411967 patienceN = 0 patienceM = 1 frameNumber = 64 nLocalPI = 19

0%   10   20   30   40   50   60   70   80   90   100%
|----|----|----|----|----|----|----|----|----|----|
***************************************************
change patienceM
time = 175047673
area = 510
delay = 21.3
write_blif appntk/c880_57_0.0294336_510_21.3.blif

round 58
seed = 1567411969 patienceN = 0 patienceM = 2 frameNumber = 64 nLocalPI = 19

0%   10   20   30   40   50   60   70   80   90   100%
|----|----|----|----|----|----|----|----|----|----|
***************************************************
change patienceM
time = 177529919
area = 515
delay = 23.5
write_blif appntk/c880_58_0.0294336_515_23.5.blif

round 59
seed = 1567411970 patienceN = 0 patienceM = 0 frameNumber = 64 nLocalPI = 18

0%   10   20   30   40   50   60   70   80   90   100%
|----|----|----|----|----|----|----|----|----|----|
***************************************************
change patienceM
time = 179076661
area = 510
delay = 21.3
write_blif appntk/c880_59_0.0294336_510_21.3.blif

round 60
seed = 1567411972 patienceN = 0 patienceM = 1 frameNumber = 64 nLocalPI = 18

0%   10   20   30   40   50   60   70   80   90   100%
|----|----|----|----|----|----|----|----|----|----|
***************************************************
change patienceM
time = 181396454
area = 515
delay = 23.5
write_blif appntk/c880_60_0.0294336_515_23.5.blif

round 61
seed = 1567411974 patienceN = 0 patienceM = 2 frameNumber = 64 nLocalPI = 18

0%   10   20   30   40   50   60   70   80   90   100%
|----|----|----|----|----|----|----|----|----|----|
***************************************************
change patienceM
time = 183481707
area = 510
delay = 21.3
write_blif appntk/c880_61_0.0294336_510_21.3.blif

round 62
seed = 1567411976 patienceN = 0 patienceM = 0 frameNumber = 64 nLocalPI = 17

0%   10   20   30   40   50   60   70   80   90   100%
|----|----|----|----|----|----|----|----|----|----|
***************************************************
change patienceM
time = 185777721
area = 515
delay = 23.5
write_blif appntk/c880_62_0.0294336_515_23.5.blif

round 63
seed = 1567411978 patienceN = 0 patienceM = 1 frameNumber = 64 nLocalPI = 17

0%   10   20   30   40   50   60   70   80   90   100%
|----|----|----|----|----|----|----|----|----|----|
***************************************************
change patienceM
time = 187621847
area = 510
delay = 21.3
write_blif appntk/c880_63_0.0294336_510_21.3.blif

round 64
seed = 1567411981 patienceN = 0 patienceM = 2 frameNumber = 64 nLocalPI = 17

0%   10   20   30   40   50   60   70   80   90   100%
|----|----|----|----|----|----|----|----|----|----|
***************************************************
change patienceM
time = 189002613
area = 515
delay = 23.5
write_blif appntk/c880_64_0.0294336_515_23.5.blif

round 65
seed = 1567411983 patienceN = 0 patienceM = 0 frameNumber = 64 nLocalPI = 16

0%   10   20   30   40   50   60   70   80   90   100%
|----|----|----|----|----|----|----|----|----|----|
***************************************************
change patienceM
time = 191549314
area = 510
delay = 21.3
write_blif appntk/c880_65_0.0294336_510_21.3.blif

round 66
seed = 1567411984 patienceN = 0 patienceM = 1 frameNumber = 64 nLocalPI = 16

0%   10   20   30   40   50   60   70   80   90   100%
|----|----|----|----|----|----|----|----|----|----|
***************************************************
change patienceM
time = 193127992
area = 515
delay = 23.5
write_blif appntk/c880_66_0.0294336_515_23.5.blif

round 67
seed = 1567411987 patienceN = 0 patienceM = 2 frameNumber = 64 nLocalPI = 16

0%   10   20   30   40   50   60   70   80   90   100%
|----|----|----|----|----|----|----|----|----|----|
***************************************************
change patienceM
time = 195477579
area = 510
delay = 21.3
write_blif appntk/c880_67_0.0294336_510_21.3.blif

round 68
seed = 1567411988 patienceN = 0 patienceM = 0 frameNumber = 64 nLocalPI = 15

0%   10   20   30   40   50   60   70   80   90   100%
|----|----|----|----|----|----|----|----|----|----|
***************************************************
change patienceM
time = 197506337
area = 515
delay = 23.5
write_blif appntk/c880_68_0.0294336_515_23.5.blif

round 69
seed = 1567411991 patienceN = 0 patienceM = 1 frameNumber = 64 nLocalPI = 15

0%   10   20   30   40   50   60   70   80   90   100%
|----|----|----|----|----|----|----|----|----|----|
***************************************************
change patienceM
time = 199732035
area = 510
delay = 21.3
write_blif appntk/c880_69_0.0294336_510_21.3.blif

round 70
seed = 1567411993 patienceN = 0 patienceM = 2 frameNumber = 64 nLocalPI = 15

0%   10   20   30   40   50   60   70   80   90   100%
|----|----|----|----|----|----|----|----|----|----|
***************************************************
change patienceM
time = 201939415
area = 515
delay = 23.5
write_blif appntk/c880_70_0.0294336_515_23.5.blif

round 71
seed = 1567411995 patienceN = 0 patienceM = 0 frameNumber = 64 nLocalPI = 14

0%   10   20   30   40   50   60   70   80   90   100%
|----|----|----|----|----|----|----|----|----|----|
***************************************************
change patienceM
time = 204494394
area = 510
delay = 21.3
write_blif appntk/c880_71_0.0294336_510_21.3.blif

round 72
seed = 1567411997 patienceN = 0 patienceM = 1 frameNumber = 64 nLocalPI = 14

0%   10   20   30   40   50   60   70   80   90   100%
|----|----|----|----|----|----|----|----|----|----|
***************************************************
change patienceM
time = 206444114
area = 515
delay = 23.5
write_blif appntk/c880_72_0.0294336_515_23.5.blif

round 73
seed = 1567412000 patienceN = 0 patienceM = 2 frameNumber = 64 nLocalPI = 14

0%   10   20   30   40   50   60   70   80   90   100%
|----|----|----|----|----|----|----|----|----|----|
***************************************************
change patienceM
time = 209229281
area = 510
delay = 21.3
write_blif appntk/c880_73_0.0294336_510_21.3.blif

round 74
seed = 1567412001 patienceN = 0 patienceM = 0 frameNumber = 64 nLocalPI = 13

0%   10   20   30   40   50   60   70   80   90   100%
|----|----|----|----|----|----|----|----|----|----|
***************************************************
change patienceM
time = 210913147
area = 515
delay = 23.5
write_blif appntk/c880_74_0.0294336_515_23.5.blif

round 75
seed = 1567412004 patienceN = 0 patienceM = 1 frameNumber = 64 nLocalPI = 13

0%   10   20   30   40   50   60   70   80   90   100%
|----|----|----|----|----|----|----|----|----|----|
***************************************************
change patienceM
time = 212677340
area = 510
delay = 21.3
write_blif appntk/c880_75_0.0294336_510_21.3.blif

round 76
seed = 1567412006 patienceN = 0 patienceM = 2 frameNumber = 64 nLocalPI = 13

0%   10   20   30   40   50   60   70   80   90   100%
|----|----|----|----|----|----|----|----|----|----|
***************************************************
change patienceM
time = 214531007
area = 515
delay = 23.5
write_blif appntk/c880_76_0.0294336_515_23.5.blif

round 77
seed = 1567412008 patienceN = 0 patienceM = 0 frameNumber = 64 nLocalPI = 12

0%   10   20   30   40   50   60   70   80   90   100%
|----|----|----|----|----|----|----|----|----|----|
***************************************************
change patienceM
time = 216753383
area = 510
delay = 21.3
write_blif appntk/c880_77_0.0294336_510_21.3.blif

round 78
seed = 1567412010 patienceN = 0 patienceM = 1 frameNumber = 64 nLocalPI = 12

0%   10   20   30   40   50   60   70   80   90   100%
|----|----|----|----|----|----|----|----|----|----|
***************************************************
change patienceM
time = 218967266
area = 515
delay = 23.5
write_blif appntk/c880_78_0.0294336_515_23.5.blif

round 79
seed = 1567412012 patienceN = 0 patienceM = 2 frameNumber = 64 nLocalPI = 12

0%   10   20   30   40   50   60   70   80   90   100%
|----|----|----|----|----|----|----|----|----|----|
***************************************************
change patienceM
time = 221185730
area = 510
delay = 21.3
write_blif appntk/c880_79_0.0294336_510_21.3.blif

round 80
seed = 1567412014 patienceN = 0 patienceM = 0 frameNumber = 64 nLocalPI = 11

0%   10   20   30   40   50   60   70   80   90   100%
|----|----|----|----|----|----|----|----|----|----|
***************************************************
change patienceM
time = 222766260
area = 515
delay = 23.5
write_blif appntk/c880_80_0.0294336_515_23.5.blif

round 81
seed = 1567412016 patienceN = 0 patienceM = 1 frameNumber = 64 nLocalPI = 11

0%   10   20   30   40   50   60   70   80   90   100%
|----|----|----|----|----|----|----|----|----|----|
***************************************************
change patienceM
time = 224504970
area = 510
delay = 21.3
write_blif appntk/c880_81_0.0294336_510_21.3.blif

round 82
seed = 1567412018 patienceN = 0 patienceM = 2 frameNumber = 64 nLocalPI = 11

0%   10   20   30   40   50   60   70   80   90   100%
|----|----|----|----|----|----|----|----|----|----|
***************************************************
change patienceM
time = 225858557
area = 515
delay = 23.5
write_blif appntk/c880_82_0.0294336_515_23.5.blif

round 83
seed = 1567412019 patienceN = 0 patienceM = 0 frameNumber = 64 nLocalPI = 10

0%   10   20   30   40   50   60   70   80   90   100%
|----|----|----|----|----|----|----|----|----|----|
***************************************************
change patienceM
time = 227636545
area = 510
delay = 21.3
write_blif appntk/c880_83_0.0294336_510_21.3.blif

round 84
seed = 1567412021 patienceN = 0 patienceM = 1 frameNumber = 64 nLocalPI = 10

0%   10   20   30   40   50   60   70   80   90   100%
|----|----|----|----|----|----|----|----|----|----|
***************************************************
change patienceM
time = 229571552
area = 515
delay = 23.5
write_blif appntk/c880_84_0.0294336_515_23.5.blif

round 85
seed = 1567412023 patienceN = 0 patienceM = 2 frameNumber = 64 nLocalPI = 10

0%   10   20   30   40   50   60   70   80   90   100%
|----|----|----|----|----|----|----|----|----|----|
***************************************************
change patienceM
time = 231517359
area = 510
delay = 21.3
write_blif appntk/c880_85_0.0294336_510_21.3.blif

round 86
seed = 1567412025 patienceN = 0 patienceM = 0 frameNumber = 64 nLocalPI = 9

0%   10   20   30   40   50   60   70   80   90   100%
|----|----|----|----|----|----|----|----|----|----|
***************************************************
change patienceM
time = 232674828
area = 515
delay = 23.5
write_blif appntk/c880_86_0.0294336_515_23.5.blif

round 87
seed = 1567412027 patienceN = 0 patienceM = 1 frameNumber = 64 nLocalPI = 9

0%   10   20   30   40   50   60   70   80   90   100%
|----|----|----|----|----|----|----|----|----|----|
***************************************************
change patienceM
time = 234144799
area = 510
delay = 21.3
write_blif appntk/c880_87_0.0294336_510_21.3.blif

round 88
seed = 1567412028 patienceN = 0 patienceM = 2 frameNumber = 64 nLocalPI = 9

0%   10   20   30   40   50   60   70   80   90   100%
|----|----|----|----|----|----|----|----|----|----|
***************************************************
change patienceM
time = 236303586
area = 515
delay = 23.5
write_blif appntk/c880_88_0.0294336_515_23.5.blif

round 89
seed = 1567412029 patienceN = 0 patienceM = 0 frameNumber = 64 nLocalPI = 8

0%   10   20   30   40   50   60   70   80   90   100%
|----|----|----|----|----|----|----|----|----|----|
***************************************************
change patienceM
time = 237589156
area = 510
delay = 21.3
write_blif appntk/c880_89_0.0294336_510_21.3.blif

round 90
seed = 1567412031 patienceN = 0 patienceM = 1 frameNumber = 64 nLocalPI = 8

0%   10   20   30   40   50   60   70   80   90   100%
|----|----|----|----|----|----|----|----|----|----|
***************************************************
change patienceM
time = 239186357
area = 515
delay = 23.5
write_blif appntk/c880_90_0.0294336_515_23.5.blif

round 91
seed = 1567412033 patienceN = 0 patienceM = 2 frameNumber = 64 nLocalPI = 8

0%   10   20   30   40   50   60   70   80   90   100%
|----|----|----|----|----|----|----|----|----|----|
***************************************************
change patienceM
time = 240323549
area = 510
delay = 21.3
write_blif appntk/c880_91_0.0294336_510_21.3.blif

round 92
seed = 1567412034 patienceN = 0 patienceM = 0 frameNumber = 64 nLocalPI = 7

0%   10   20   30   40   50   60   70   80   90   100%
|----|----|----|----|----|----|----|----|----|----|
***************************************************
change patienceM
time = 241903733
area = 515
delay = 23.5
write_blif appntk/c880_92_0.0294336_515_23.5.blif

round 93
seed = 1567412035 patienceN = 0 patienceM = 1 frameNumber = 64 nLocalPI = 7

0%   10   20   30   40   50   60   70   80   90   100%
|----|----|----|----|----|----|----|----|----|----|
***************************************************
change patienceM
time = 243325688
area = 510
delay = 21.3
write_blif appntk/c880_93_0.0294336_510_21.3.blif

round 94
seed = 1567412037 patienceN = 0 patienceM = 2 frameNumber = 64 nLocalPI = 7

0%   10   20   30   40   50   60   70   80   90   100%
|----|----|----|----|----|----|----|----|----|----|
***************************************************
change patienceM
time = 245041734
area = 515
delay = 23.5
write_blif appntk/c880_94_0.0294336_515_23.5.blif

round 95
seed = 1567412038 patienceN = 0 patienceM = 0 frameNumber = 64 nLocalPI = 6

0%   10   20   30   40   50   60   70   80   90   100%
|----|----|----|----|----|----|----|----|----|----|
***************************************************
change patienceM
time = 246295227
area = 510
delay = 21.3
write_blif appntk/c880_95_0.0294336_510_21.3.blif

round 96
seed = 1567412040 patienceN = 0 patienceM = 1 frameNumber = 64 nLocalPI = 6

0%   10   20   30   40   50   60   70   80   90   100%
|----|----|----|----|----|----|----|----|----|----|
***************************************************
change patienceM
time = 247626194
area = 515
delay = 23.5
write_blif appntk/c880_96_0.0294336_515_23.5.blif

round 97
seed = 1567412041 patienceN = 0 patienceM = 2 frameNumber = 64 nLocalPI = 6

0%   10   20   30   40   50   60   70   80   90   100%
|----|----|----|----|----|----|----|----|----|----|
***************************************************
change patienceM
time = 248726874
area = 510
delay = 21.3
write_blif appntk/c880_97_0.0294336_510_21.3.blif

round 98
seed = 1567412043 patienceN = 0 patienceM = 0 frameNumber = 64 nLocalPI = 5

0%   10   20   30   40   50   60   70   80   90   100%
|----|----|----|----|----|----|----|----|----|----|
***************************************************
best node n276 best error 0.0351074
time = 249884284
