Entered genlib library with 23 gates from file "data/genlib/mcnc.genlib".
Line 11: Skipping line ".default_input_arrival 0.00 0.00 ".
Line 12: Skipping line ".default_output_required 0.00 0.00 ".
Line 13: Skipping line ".default_input_drive 0.10 0.10 ".
Line 14: Skipping line ".default_output_load 2.00 ".
Line 15: Skipping line ".default_max_input_load 999.00 ".
Original area = 958, original delay = 38.5

round 0
seed = 0 patienceN = 0 patienceM = 0 frameNumber = 64 nLocalPI = 30

0%   10   20   30   40   50   60   70   80   90   100%
|----|----|----|----|----|----|----|----|----|----|
***************************************************
best node sum[0] best error 0
time = 14586111
area = 797
delay = 38.2
write_blif appntk/cla32_0_0_797_38.2.blif

round 1
seed = 1567411795 patienceN = 0 patienceM = 0 frameNumber = 64 nLocalPI = 30

0%   10   20   30   40   50   60   70   80   90   100%
|----|----|----|----|----|----|----|----|----|----|
***************************************************
best node n159 best error 0
time = 21321267
area = 850
delay = 29
write_blif appntk/cla32_1_0_850_29.blif

round 2
seed = 1567411810 patienceN = 0 patienceM = 0 frameNumber = 64 nLocalPI = 30

0%   10   20   30   40   50   60   70   80   90   100%
|----|----|----|----|----|----|----|----|----|----|
***************************************************
best node n254 best error 0
time = 26636661
area = 835
delay = 31.6
write_blif appntk/cla32_2_0_835_31.6.blif

round 3
seed = 1567411816 patienceN = 0 patienceM = 0 frameNumber = 64 nLocalPI = 30

0%   10   20   30   40   50   60   70   80   90   100%
|----|----|----|----|----|----|----|----|----|----|
***************************************************
best node n200 best error 0
time = 32066006
area = 820
delay = 28.8
write_blif appntk/cla32_3_0_820_28.8.blif

round 4
seed = 1567411822 patienceN = 0 patienceM = 0 frameNumber = 64 nLocalPI = 30

0%   10   20   30   40   50   60   70   80   90   100%
|----|----|----|----|----|----|----|----|----|----|
***************************************************
best node n243 best error 0
time = 36755533
area = 813
delay = 28.8
write_blif appntk/cla32_4_0_813_28.8.blif

round 5
seed = 1567411827 patienceN = 0 patienceM = 0 frameNumber = 64 nLocalPI = 30

0%   10   20   30   40   50   60   70   80   90   100%
|----|----|----|----|----|----|----|----|----|----|
***************************************************
best node n243 best error 0
time = 41961553
area = 795
delay = 29.4
write_blif appntk/cla32_5_0_795_29.4.blif

round 6
seed = 1567411832 patienceN = 0 patienceM = 0 frameNumber = 64 nLocalPI = 30

0%   10   20   30   40   50   60   70   80   90   100%
|----|----|----|----|----|----|----|----|----|----|
***************************************************
best node n470 best error 0
time = 45974994
area = 775
delay = 28.5
write_blif appntk/cla32_6_0_775_28.5.blif

round 7
seed = 1567411837 patienceN = 0 patienceM = 0 frameNumber = 64 nLocalPI = 30

0%   10   20   30   40   50   60   70   80   90   100%
|----|----|----|----|----|----|----|----|----|----|
***************************************************
best node n434 best error 1.95312e-05
time = 51013076
area = 767
delay = 28.7
write_blif appntk/cla32_7_1.95312e-05_767_28.7.blif

round 8
seed = 1567411841 patienceN = 0 patienceM = 0 frameNumber = 64 nLocalPI = 30

0%   10   20   30   40   50   60   70   80   90   100%
|----|----|----|----|----|----|----|----|----|----|
***************************************************
best node n410 best error 5.85937e-05
time = 55999519
area = 762
delay = 27
write_blif appntk/cla32_8_5.85937e-05_762_27.blif

round 9
seed = 1567411846 patienceN = 0 patienceM = 0 frameNumber = 64 nLocalPI = 30

0%   10   20   30   40   50   60   70   80   90   100%
|----|----|----|----|----|----|----|----|----|----|
***************************************************
best node n406 best error 8.78906e-05
time = 59827222
area = 750
delay = 27
write_blif appntk/cla32_9_8.78906e-05_750_27.blif

round 10
seed = 1567411851 patienceN = 0 patienceM = 0 frameNumber = 64 nLocalPI = 30

0%   10   20   30   40   50   60   70   80   90   100%
|----|----|----|----|----|----|----|----|----|----|
***************************************************
best node n432 best error 8.78906e-05
time = 64470933
area = 750
delay = 30
write_blif appntk/cla32_10_8.78906e-05_750_30.blif

round 11
seed = 1567411855 patienceN = 0 patienceM = 0 frameNumber = 64 nLocalPI = 30

0%   10   20   30   40   50   60   70   80   90   100%
|----|----|----|----|----|----|----|----|----|----|
***************************************************
best node n448 best error 8.78906e-05
time = 69510895
area = 735
delay = 28.5
write_blif appntk/cla32_11_8.78906e-05_735_28.5.blif

round 12
seed = 1567411860 patienceN = 0 patienceM = 0 frameNumber = 64 nLocalPI = 30

0%   10   20   30   40   50   60   70   80   90   100%
|----|----|----|----|----|----|----|----|----|----|
***************************************************
best node n302 best error 8.78906e-05
time = 73575248
area = 725
delay = 27.1
write_blif appntk/cla32_12_8.78906e-05_725_27.1.blif

round 13
seed = 1567411865 patienceN = 0 patienceM = 0 frameNumber = 64 nLocalPI = 30

0%   10   20   30   40   50   60   70   80   90   100%
|----|----|----|----|----|----|----|----|----|----|
***************************************************
best node n372 best error 0.00015625
time = 76865078
area = 709
delay = 26.9
write_blif appntk/cla32_13_0.00015625_709_26.9.blif

round 14
seed = 1567411869 patienceN = 0 patienceM = 0 frameNumber = 64 nLocalPI = 30

0%   10   20   30   40   50   60   70   80   90   100%
|----|----|----|----|----|----|----|----|----|----|
***************************************************
best node n373 best error 0.00015625
time = 79628109
area = 705
delay = 26.9
write_blif appntk/cla32_14_0.00015625_705_26.9.blif

round 15
seed = 1567411872 patienceN = 0 patienceM = 0 frameNumber = 64 nLocalPI = 30

0%   10   20   30   40   50   60   70   80   90   100%
|----|----|----|----|----|----|----|----|----|----|
***************************************************
best node n367 best error 0.000449219
time = 82258576
area = 684
delay = 27.4
write_blif appntk/cla32_15_0.000449219_684_27.4.blif

round 16
seed = 1567411875 patienceN = 0 patienceM = 0 frameNumber = 64 nLocalPI = 30

0%   10   20   30   40   50   60   70   80   90   100%
|----|----|----|----|----|----|----|----|----|----|
***************************************************
best node n346 best error 0.000449219
time = 85042732
area = 677
delay = 27.4
write_blif appntk/cla32_16_0.000449219_677_27.4.blif

round 17
seed = 1567411877 patienceN = 0 patienceM = 0 frameNumber = 64 nLocalPI = 30

0%   10   20   30   40   50   60   70   80   90   100%
|----|----|----|----|----|----|----|----|----|----|
***************************************************
best node n344 best error 0.000947266
time = 88453468
area = 642
delay = 38.4
write_blif appntk/cla32_17_0.000947266_642_38.4.blif

round 18
seed = 1567411880 patienceN = 0 patienceM = 0 frameNumber = 64 nLocalPI = 30

0%   10   20   30   40   50   60   70   80   90   100%
|----|----|----|----|----|----|----|----|----|----|
***************************************************
best node n310 best error 0.000966797
time = 90888863
area = 657
delay = 29.2
write_blif appntk/cla32_18_0.000966797_657_29.2.blif

round 19
seed = 1567411883 patienceN = 0 patienceM = 0 frameNumber = 64 nLocalPI = 30

0%   10   20   30   40   50   60   70   80   90   100%
|----|----|----|----|----|----|----|----|----|----|
***************************************************
best node n311 best error 0.000966797
time = 93584597
area = 654
delay = 28.8
write_blif appntk/cla32_19_0.000966797_654_28.8.blif

round 20
seed = 1567411886 patienceN = 0 patienceM = 0 frameNumber = 64 nLocalPI = 30

0%   10   20   30   40   50   60   70   80   90   100%
|----|----|----|----|----|----|----|----|----|----|
***************************************************
best node n257 best error 0.00112305
time = 95625594
area = 634
delay = 29.3
write_blif appntk/cla32_20_0.00112305_634_29.3.blif

round 21
seed = 1567411889 patienceN = 0 patienceM = 0 frameNumber = 64 nLocalPI = 30

0%   10   20   30   40   50   60   70   80   90   100%
|----|----|----|----|----|----|----|----|----|----|
***************************************************
best node n250 best error 0.00112305
time = 98266863
area = 627
delay = 28.8
write_blif appntk/cla32_21_0.00112305_627_28.8.blif

round 22
seed = 1567411891 patienceN = 0 patienceM = 0 frameNumber = 64 nLocalPI = 30

0%   10   20   30   40   50   60   70   80   90   100%
|----|----|----|----|----|----|----|----|----|----|
***************************************************
best node n208 best error 0.00484375
time = 100024258
area = 624
delay = 28.8
write_blif appntk/cla32_22_0.00484375_624_28.8.blif

round 23
seed = 1567411893 patienceN = 0 patienceM = 0 frameNumber = 64 nLocalPI = 30

0%   10   20   30   40   50   60   70   80   90   100%
|----|----|----|----|----|----|----|----|----|----|
***************************************************
best node n394 best error 0.00484375
time = 101912445
area = 605
delay = 26.8
write_blif appntk/cla32_23_0.00484375_605_26.8.blif

round 24
seed = 1567411895 patienceN = 0 patienceM = 0 frameNumber = 64 nLocalPI = 30

0%   10   20   30   40   50   60   70   80   90   100%
|----|----|----|----|----|----|----|----|----|----|
***************************************************
best node n316 best error 0.00588867
time = 103642865
area = 600
delay = 26.8
write_blif appntk/cla32_24_0.00588867_600_26.8.blif

round 25
seed = 1567411897 patienceN = 0 patienceM = 0 frameNumber = 64 nLocalPI = 30

0%   10   20   30   40   50   60   70   80   90   100%
|----|----|----|----|----|----|----|----|----|----|
***************************************************
change patienceM
time = 104960615
area = 600
delay = 26.8
write_blif appntk/cla32_25_0.00588867_600_26.8.blif

round 26
seed = 1567411899 patienceN = 0 patienceM = 1 frameNumber = 64 nLocalPI = 30

0%   10   20   30   40   50   60   70   80   90   100%
|----|----|----|----|----|----|----|----|----|----|
***************************************************
best node n213 best error 0.0214746
time = 106455457
area = 599
delay = 26.8
write_blif appntk/cla32_26_0.0214746_599_26.8.blif

round 27
seed = 1567411900 patienceN = 0 patienceM = 0 frameNumber = 64 nLocalPI = 30

0%   10   20   30   40   50   60   70   80   90   100%
|----|----|----|----|----|----|----|----|----|----|
***************************************************
change patienceM
time = 108415576
area = 599
delay = 26.8
write_blif appntk/cla32_27_0.0214746_599_26.8.blif

round 28
seed = 1567411901 patienceN = 0 patienceM = 1 frameNumber = 64 nLocalPI = 30

0%   10   20   30   40   50   60   70   80   90   100%
|----|----|----|----|----|----|----|----|----|----|
***************************************************
change patienceM
time = 109830989
area = 599
delay = 26.8
write_blif appntk/cla32_28_0.0214746_599_26.8.blif

round 29
seed = 1567411903 patienceN = 0 patienceM = 2 frameNumber = 64 nLocalPI = 30

0%   10   20   30   40   50   60   70   80   90   100%
|----|----|----|----|----|----|----|----|----|----|
***************************************************
change patienceM
time = 111387931
area = 599
delay = 26.8
write_blif appntk/cla32_29_0.0214746_599_26.8.blif

round 30
seed = 1567411905 patienceN = 0 patienceM = 0 frameNumber = 64 nLocalPI = 29

0%   10   20   30   40   50   60   70   80   90   100%
|----|----|----|----|----|----|----|----|----|----|
***************************************************
change patienceM
time = 112682578
area = 599
delay = 26.8
write_blif appntk/cla32_30_0.0214746_599_26.8.blif

round 31
seed = 1567411906 patienceN = 0 patienceM = 1 frameNumber = 64 nLocalPI = 29

0%   10   20   30   40   50   60   70   80   90   100%
|----|----|----|----|----|----|----|----|----|----|
***************************************************
change patienceM
time = 114227606
area = 599
delay = 26.8
write_blif appntk/cla32_31_0.0214746_599_26.8.blif

round 32
seed = 1567411908 patienceN = 0 patienceM = 2 frameNumber = 64 nLocalPI = 29

0%   10   20   30   40   50   60   70   80   90   100%
|----|----|----|----|----|----|----|----|----|----|
***************************************************
change patienceM
time = 115607501
area = 599
delay = 26.8
write_blif appntk/cla32_32_0.0214746_599_26.8.blif

round 33
seed = 1567411909 patienceN = 0 patienceM = 0 frameNumber = 64 nLocalPI = 28

0%   10   20   30   40   50   60   70   80   90   100%
|----|----|----|----|----|----|----|----|----|----|
***************************************************
change patienceN
time = 116757475
area = 599
delay = 26.8
write_blif appntk/cla32_33_0.0214746_599_26.8.blif

round 34
seed = 1567411911 patienceN = 1 patienceM = 0 frameNumber = 64 nLocalPI = 28

0%   10   20   30   40   50   60   70   80   90   100%
|----|----|----|----|----|----|----|----|----|----|
***************************************************
change patienceM
time = 118022635
area = 599
delay = 26.8
write_blif appntk/cla32_34_0.0214746_599_26.8.blif

round 35
seed = 1567411912 patienceN = 1 patienceM = 1 frameNumber = 64 nLocalPI = 28

0%   10   20   30   40   50   60   70   80   90   100%
|----|----|----|----|----|----|----|----|----|----|
***************************************************
change patienceM
time = 119440123
area = 599
delay = 26.8
write_blif appntk/cla32_35_0.0214746_599_26.8.blif

round 36
seed = 1567411913 patienceN = 1 patienceM = 2 frameNumber = 64 nLocalPI = 28

0%   10   20   30   40   50   60   70   80   90   100%
|----|----|----|----|----|----|----|----|----|----|
***************************************************
change patienceM
time = 121029524
area = 599
delay = 26.8
write_blif appntk/cla32_36_0.0214746_599_26.8.blif

round 37
seed = 1567411914 patienceN = 0 patienceM = 0 frameNumber = 64 nLocalPI = 27

0%   10   20   30   40   50   60   70   80   90   100%
|----|----|----|----|----|----|----|----|----|----|
***************************************************
change patienceM
time = 122513254
area = 599
delay = 26.8
write_blif appntk/cla32_37_0.0214746_599_26.8.blif

round 38
seed = 1567411916 patienceN = 0 patienceM = 1 frameNumber = 64 nLocalPI = 27

0%   10   20   30   40   50   60   70   80   90   100%
|----|----|----|----|----|----|----|----|----|----|
***************************************************
change patienceM
time = 123738904
area = 599
delay = 26.8
write_blif appntk/cla32_38_0.0214746_599_26.8.blif

round 39
seed = 1567411917 patienceN = 0 patienceM = 2 frameNumber = 64 nLocalPI = 27

0%   10   20   30   40   50   60   70   80   90   100%
|----|----|----|----|----|----|----|----|----|----|
***************************************************
change patienceM
time = 125463036
area = 599
delay = 26.8
write_blif appntk/cla32_39_0.0214746_599_26.8.blif

round 40
seed = 1567411919 patienceN = 0 patienceM = 0 frameNumber = 64 nLocalPI = 26

0%   10   20   30   40   50   60   70   80   90   100%
|----|----|----|----|----|----|----|----|----|----|
***************************************************
change patienceM
time = 126860702
area = 599
delay = 26.8
write_blif appntk/cla32_40_0.0214746_599_26.8.blif

round 41
seed = 1567411920 patienceN = 0 patienceM = 1 frameNumber = 64 nLocalPI = 26

0%   10   20   30   40   50   60   70   80   90   100%
|----|----|----|----|----|----|----|----|----|----|
***************************************************
change patienceM
time = 128678046
area = 599
delay = 26.8
write_blif appntk/cla32_41_0.0214746_599_26.8.blif

round 42
seed = 1567411922 patienceN = 0 patienceM = 2 frameNumber = 64 nLocalPI = 26

0%   10   20   30   40   50   60   70   80   90   100%
|----|----|----|----|----|----|----|----|----|----|
***************************************************
change patienceM
time = 130913272
area = 599
delay = 26.8
write_blif appntk/cla32_42_0.0214746_599_26.8.blif

round 43
seed = 1567411924 patienceN = 0 patienceM = 0 frameNumber = 64 nLocalPI = 25

0%   10   20   30   40   50   60   70   80   90   100%
|----|----|----|----|----|----|----|----|----|----|
***************************************************
change patienceM
time = 132461722
area = 599
delay = 26.8
write_blif appntk/cla32_43_0.0214746_599_26.8.blif

round 44
seed = 1567411926 patienceN = 0 patienceM = 1 frameNumber = 64 nLocalPI = 25

0%   10   20   30   40   50   60   70   80   90   100%
|----|----|----|----|----|----|----|----|----|----|
***************************************************
change patienceN
time = 133563522
area = 599
delay = 26.8
write_blif appntk/cla32_44_0.0214746_599_26.8.blif

round 45
seed = 1567411927 patienceN = 1 patienceM = 1 frameNumber = 64 nLocalPI = 25

0%   10   20   30   40   50   60   70   80   90   100%
|----|----|----|----|----|----|----|----|----|----|
***************************************************
change patienceM
time = 135473826
area = 599
delay = 26.8
write_blif appntk/cla32_45_0.0214746_599_26.8.blif

round 46
seed = 1567411928 patienceN = 1 patienceM = 2 frameNumber = 64 nLocalPI = 25

0%   10   20   30   40   50   60   70   80   90   100%
|----|----|----|----|----|----|----|----|----|----|
***************************************************
change patienceM
time = 136792275
area = 599
delay = 26.8
write_blif appntk/cla32_46_0.0214746_599_26.8.blif

round 47
seed = 1567411930 patienceN = 0 patienceM = 0 frameNumber = 64 nLocalPI = 24

0%   10   20   30   40   50   60   70   80   90   100%
|----|----|----|----|----|----|----|----|----|----|
***************************************************
change patienceM
time = 137960472
area = 599
delay = 26.8
write_blif appntk/cla32_47_0.0214746_599_26.8.blif

round 48
seed = 1567411932 patienceN = 0 patienceM = 1 frameNumber = 64 nLocalPI = 24

0%   10   20   30   40   50   60   70   80   90   100%
|----|----|----|----|----|----|----|----|----|----|
***************************************************
change patienceM
time = 139292841
area = 599
delay = 26.8
write_blif appntk/cla32_48_0.0214746_599_26.8.blif

round 49
seed = 1567411933 patienceN = 0 patienceM = 2 frameNumber = 64 nLocalPI = 24

0%   10   20   30   40   50   60   70   80   90   100%
|----|----|----|----|----|----|----|----|----|----|
***************************************************
change patienceM
time = 141097305
area = 599
delay = 26.8
write_blif appntk/cla32_49_0.0214746_599_26.8.blif

round 50
seed = 1567411934 patienceN = 0 patienceM = 0 frameNumber = 64 nLocalPI = 23

0%   10   20   30   40   50   60   70   80   90   100%
|----|----|----|----|----|----|----|----|----|----|
***************************************************
change patienceM
time = 143175773
area = 599
delay = 26.8
write_blif appntk/cla32_50_0.0214746_599_26.8.blif

round 51
seed = 1567411936 patienceN = 0 patienceM = 1 frameNumber = 64 nLocalPI = 23

0%   10   20   30   40   50   60   70   80   90   100%
|----|----|----|----|----|----|----|----|----|----|
***************************************************
change patienceM
time = 144458177
area = 599
delay = 26.8
write_blif appntk/cla32_51_0.0214746_599_26.8.blif

round 52
seed = 1567411938 patienceN = 0 patienceM = 2 frameNumber = 64 nLocalPI = 23

0%   10   20   30   40   50   60   70   80   90   100%
|----|----|----|----|----|----|----|----|----|----|
***************************************************
change patienceM
time = 145647229
area = 599
delay = 26.8
write_blif appntk/cla32_52_0.0214746_599_26.8.blif

round 53
seed = 1567411939 patienceN = 0 patienceM = 0 frameNumber = 64 nLocalPI = 22

0%   10   20   30   40   50   60   70   80   90   100%
|----|----|----|----|----|----|----|----|----|----|
***************************************************
change patienceM
time = 147170416
area = 599
delay = 26.8
write_blif appntk/cla32_53_0.0214746_599_26.8.blif

round 54
seed = 1567411941 patienceN = 0 patienceM = 1 frameNumber = 64 nLocalPI = 22

0%   10   20   30   40   50   60   70   80   90   100%
|----|----|----|----|----|----|----|----|----|----|
***************************************************
change patienceM
time = 148674148
area = 599
delay = 26.8
write_blif appntk/cla32_54_0.0214746_599_26.8.blif

round 55
seed = 1567411942 patienceN = 0 patienceM = 2 frameNumber = 64 nLocalPI = 22

0%   10   20   30   40   50   60   70   80   90   100%
|----|----|----|----|----|----|----|----|----|----|
***************************************************
change patienceN
time = 149682061
area = 599
delay = 26.8
write_blif appntk/cla32_55_0.0214746_599_26.8.blif

round 56
seed = 1567411944 patienceN = 1 patienceM = 2 frameNumber = 64 nLocalPI = 22

0%   10   20   30   40   50   60   70   80   90   100%
|----|----|----|----|----|----|----|----|----|----|
***************************************************
change patienceM
time = 151036984
area = 599
delay = 26.8
write_blif appntk/cla32_56_0.0214746_599_26.8.blif

round 57
seed = 1567411945 patienceN = 0 patienceM = 0 frameNumber = 64 nLocalPI = 21

0%   10   20   30   40   50   60   70   80   90   100%
|----|----|----|----|----|----|----|----|----|----|
***************************************************
change patienceM
time = 152106289
area = 599
delay = 26.8
write_blif appntk/cla32_57_0.0214746_599_26.8.blif

round 58
seed = 1567411946 patienceN = 0 patienceM = 1 frameNumber = 64 nLocalPI = 21

0%   10   20   30   40   50   60   70   80   90   100%
|----|----|----|----|----|----|----|----|----|----|
***************************************************
change patienceM
time = 153426373
area = 599
delay = 26.8
write_blif appntk/cla32_58_0.0214746_599_26.8.blif

round 59
seed = 1567411947 patienceN = 0 patienceM = 2 frameNumber = 64 nLocalPI = 21

0%   10   20   30   40   50   60   70   80   90   100%
|----|----|----|----|----|----|----|----|----|----|
***************************************************
change patienceM
time = 154921624
area = 599
delay = 26.8
write_blif appntk/cla32_59_0.0214746_599_26.8.blif

round 60
seed = 1567411948 patienceN = 0 patienceM = 0 frameNumber = 64 nLocalPI = 20

0%   10   20   30   40   50   60   70   80   90   100%
|----|----|----|----|----|----|----|----|----|----|
***************************************************
change patienceN
time = 155899605
area = 599
delay = 26.8
write_blif appntk/cla32_60_0.0214746_599_26.8.blif

round 61
seed = 1567411950 patienceN = 1 patienceM = 0 frameNumber = 64 nLocalPI = 20

0%   10   20   30   40   50   60   70   80   90   100%
|----|----|----|----|----|----|----|----|----|----|
***************************************************
change patienceM
time = 157127384
area = 599
delay = 26.8
write_blif appntk/cla32_61_0.0214746_599_26.8.blif

round 62
seed = 1567411951 patienceN = 1 patienceM = 1 frameNumber = 64 nLocalPI = 20

0%   10   20   30   40   50   60   70   80   90   100%
|----|----|----|----|----|----|----|----|----|----|
***************************************************
change patienceM
time = 158268323
area = 599
delay = 26.8
write_blif appntk/cla32_62_0.0214746_599_26.8.blif

round 63
seed = 1567411952 patienceN = 1 patienceM = 2 frameNumber = 64 nLocalPI = 20

0%   10   20   30   40   50   60   70   80   90   100%
|----|----|----|----|----|----|----|----|----|----|
***************************************************
change patienceM
time = 159336823
area = 599
delay = 26.8
write_blif appntk/cla32_63_0.0214746_599_26.8.blif

round 64
seed = 1567411953 patienceN = 0 patienceM = 0 frameNumber = 64 nLocalPI = 19

0%   10   20   30   40   50   60   70   80   90   100%
|----|----|----|----|----|----|----|----|----|----|
***************************************************
change patienceM
time = 160862762
area = 599
delay = 26.8
write_blif appntk/cla32_64_0.0214746_599_26.8.blif

round 65
seed = 1567411954 patienceN = 0 patienceM = 1 frameNumber = 64 nLocalPI = 19

0%   10   20   30   40   50   60   70   80   90   100%
|----|----|----|----|----|----|----|----|----|----|
***************************************************
change patienceM
time = 161976970
area = 599
delay = 26.8
write_blif appntk/cla32_65_0.0214746_599_26.8.blif

round 66
seed = 1567411956 patienceN = 0 patienceM = 2 frameNumber = 64 nLocalPI = 19

0%   10   20   30   40   50   60   70   80   90   100%
|----|----|----|----|----|----|----|----|----|----|
***************************************************
change patienceM
time = 163168725
area = 599
delay = 26.8
write_blif appntk/cla32_66_0.0214746_599_26.8.blif

round 67
seed = 1567411957 patienceN = 0 patienceM = 0 frameNumber = 64 nLocalPI = 18

0%   10   20   30   40   50   60   70   80   90   100%
|----|----|----|----|----|----|----|----|----|----|
***************************************************
change patienceM
time = 164508445
area = 599
delay = 26.8
write_blif appntk/cla32_67_0.0214746_599_26.8.blif

round 68
seed = 1567411958 patienceN = 0 patienceM = 1 frameNumber = 64 nLocalPI = 18

0%   10   20   30   40   50   60   70   80   90   100%
|----|----|----|----|----|----|----|----|----|----|
***************************************************
change patienceM
time = 165653220
area = 599
delay = 26.8
write_blif appntk/cla32_68_0.0214746_599_26.8.blif

round 69
seed = 1567411959 patienceN = 0 patienceM = 2 frameNumber = 64 nLocalPI = 18

0%   10   20   30   40   50   60   70   80   90   100%
|----|----|----|----|----|----|----|----|----|----|
***************************************************
change patienceM
time = 166983183
area = 599
delay = 26.8
write_blif appntk/cla32_69_0.0214746_599_26.8.blif

round 70
seed = 1567411961 patienceN = 0 patienceM = 0 frameNumber = 64 nLocalPI = 17

0%   10   20   30   40   50   60   70   80   90   100%
|----|----|----|----|----|----|----|----|----|----|
***************************************************
change patienceM
time = 167950554
area = 599
delay = 26.8
write_blif appntk/cla32_70_0.0214746_599_26.8.blif

round 71
seed = 1567411962 patienceN = 0 patienceM = 1 frameNumber = 64 nLocalPI = 17

0%   10   20   30   40   50   60   70   80   90   100%
|----|----|----|----|----|----|----|----|----|----|
***************************************************
change patienceM
time = 169081609
area = 599
delay = 26.8
write_blif appntk/cla32_71_0.0214746_599_26.8.blif

round 72
seed = 1567411963 patienceN = 0 patienceM = 2 frameNumber = 64 nLocalPI = 17

0%   10   20   30   40   50   60   70   80   90   100%
|----|----|----|----|----|----|----|----|----|----|
***************************************************
change patienceM
time = 170059839
area = 599
delay = 26.8
write_blif appntk/cla32_72_0.0214746_599_26.8.blif

round 73
seed = 1567411964 patienceN = 0 patienceM = 0 frameNumber = 64 nLocalPI = 16

0%   10   20   30   40   50   60   70   80   90   100%
|----|----|----|----|----|----|----|----|----|----|
***************************************************
change patienceM
time = 171096583
area = 599
delay = 26.8
write_blif appntk/cla32_73_0.0214746_599_26.8.blif

round 74
seed = 1567411965 patienceN = 0 patienceM = 1 frameNumber = 64 nLocalPI = 16

0%   10   20   30   40   50   60   70   80   90   100%
|----|----|----|----|----|----|----|----|----|----|
***************************************************
change patienceM
time = 172134781
area = 599
delay = 26.8
write_blif appntk/cla32_74_0.0214746_599_26.8.blif

round 75
seed = 1567411966 patienceN = 0 patienceM = 2 frameNumber = 64 nLocalPI = 16

0%   10   20   30   40   50   60   70   80   90   100%
|----|----|----|----|----|----|----|----|----|----|
***************************************************
change patienceM
time = 173092196
area = 599
delay = 26.8
write_blif appntk/cla32_75_0.0214746_599_26.8.blif

round 76
seed = 1567411967 patienceN = 0 patienceM = 0 frameNumber = 64 nLocalPI = 15

0%   10   20   30   40   50   60   70   80   90   100%
|----|----|----|----|----|----|----|----|----|----|
***************************************************
change patienceM
time = 174261446
area = 599
delay = 26.8
write_blif appntk/cla32_76_0.0214746_599_26.8.blif

round 77
seed = 1567411968 patienceN = 0 patienceM = 1 frameNumber = 64 nLocalPI = 15

0%   10   20   30   40   50   60   70   80   90   100%
|----|----|----|----|----|----|----|----|----|----|
***************************************************
change patienceN
time = 175100736
area = 599
delay = 26.8
write_blif appntk/cla32_77_0.0214746_599_26.8.blif

round 78
seed = 1567411969 patienceN = 1 patienceM = 1 frameNumber = 64 nLocalPI = 15

0%   10   20   30   40   50   60   70   80   90   100%
|----|----|----|----|----|----|----|----|----|----|
***************************************************
change patienceM
time = 176023454
area = 599
delay = 26.8
write_blif appntk/cla32_78_0.0214746_599_26.8.blif

round 79
seed = 1567411970 patienceN = 1 patienceM = 2 frameNumber = 64 nLocalPI = 15

0%   10   20   30   40   50   60   70   80   90   100%
|----|----|----|----|----|----|----|----|----|----|
***************************************************
change patienceM
time = 177099909
area = 599
delay = 26.8
write_blif appntk/cla32_79_0.0214746_599_26.8.blif

round 80
seed = 1567411971 patienceN = 0 patienceM = 0 frameNumber = 64 nLocalPI = 14

0%   10   20   30   40   50   60   70   80   90   100%
|----|----|----|----|----|----|----|----|----|----|
***************************************************
change patienceM
time = 178175871
area = 599
delay = 26.8
write_blif appntk/cla32_80_0.0214746_599_26.8.blif

round 81
seed = 1567411972 patienceN = 0 patienceM = 1 frameNumber = 64 nLocalPI = 14

0%   10   20   30   40   50   60   70   80   90   100%
|----|----|----|----|----|----|----|----|----|----|
***************************************************
change patienceN
time = 179004379
area = 599
delay = 26.8
write_blif appntk/cla32_81_0.0214746_599_26.8.blif

round 82
seed = 1567411973 patienceN = 1 patienceM = 1 frameNumber = 64 nLocalPI = 14

0%   10   20   30   40   50   60   70   80   90   100%
|----|----|----|----|----|----|----|----|----|----|
***************************************************
change patienceM
time = 179992856
area = 599
delay = 26.8
write_blif appntk/cla32_82_0.0214746_599_26.8.blif

round 83
seed = 1567411974 patienceN = 1 patienceM = 2 frameNumber = 64 nLocalPI = 14

0%   10   20   30   40   50   60   70   80   90   100%
|----|----|----|----|----|----|----|----|----|----|
***************************************************
change patienceN
time = 180817793
area = 599
delay = 26.8
write_blif appntk/cla32_83_0.0214746_599_26.8.blif

round 84
seed = 1567411975 patienceN = 2 patienceM = 2 frameNumber = 64 nLocalPI = 14

0%   10   20   30   40   50   60   70   80   90   100%
|----|----|----|----|----|----|----|----|----|----|
***************************************************
change patienceM
time = 181806821
area = 599
delay = 26.8
write_blif appntk/cla32_84_0.0214746_599_26.8.blif

round 85
seed = 1567411976 patienceN = 0 patienceM = 0 frameNumber = 64 nLocalPI = 13

0%   10   20   30   40   50   60   70   80   90   100%
|----|----|----|----|----|----|----|----|----|----|
***************************************************
change patienceM
time = 182776916
area = 599
delay = 26.8
write_blif appntk/cla32_85_0.0214746_599_26.8.blif

round 86
seed = 1567411977 patienceN = 0 patienceM = 1 frameNumber = 64 nLocalPI = 13

0%   10   20   30   40   50   60   70   80   90   100%
|----|----|----|----|----|----|----|----|----|----|
***************************************************
change patienceM
time = 183830595
area = 599
delay = 26.8
write_blif appntk/cla32_86_0.0214746_599_26.8.blif

round 87
seed = 1567411978 patienceN = 0 patienceM = 2 frameNumber = 64 nLocalPI = 13

0%   10   20   30   40   50   60   70   80   90   100%
|----|----|----|----|----|----|----|----|----|----|
***************************************************
change patienceM
time = 184968112
area = 599
delay = 26.8
write_blif appntk/cla32_87_0.0214746_599_26.8.blif

round 88
seed = 1567411979 patienceN = 0 patienceM = 0 frameNumber = 64 nLocalPI = 12

0%   10   20   30   40   50   60   70   80   90   100%
|----|----|----|----|----|----|----|----|----|----|
***************************************************
change patienceM
time = 186188855
area = 599
delay = 26.8
write_blif appntk/cla32_88_0.0214746_599_26.8.blif

round 89
seed = 1567411980 patienceN = 0 patienceM = 1 frameNumber = 64 nLocalPI = 12

0%   10   20   30   40   50   60   70   80   90   100%
|----|----|----|----|----|----|----|----|----|----|
***************************************************
change patienceN
time = 186999007
area = 599
delay = 26.8
write_blif appntk/cla32_89_0.0214746_599_26.8.blif

round 90
seed = 1567411981 patienceN = 1 patienceM = 1 frameNumber = 64 nLocalPI = 12

0%   10   20   30   40   50   60   70   80   90   100%
|----|----|----|----|----|----|----|----|----|----|
***************************************************
change patienceM
time = 187976300
area = 599
delay = 26.8
write_blif appntk/cla32_90_0.0214746_599_26.8.blif

round 91
seed = 1567411982 patienceN = 1 patienceM = 2 frameNumber = 64 nLocalPI = 12

0%   10   20   30   40   50   60   70   80   90   100%
|----|----|----|----|----|----|----|----|----|----|
***************************************************
change patienceM
time = 188947600
area = 599
delay = 26.8
write_blif appntk/cla32_91_0.0214746_599_26.8.blif

round 92
seed = 1567411983 patienceN = 0 patienceM = 0 frameNumber = 64 nLocalPI = 11

0%   10   20   30   40   50   60   70   80   90   100%
|----|----|----|----|----|----|----|----|----|----|
***************************************************
change patienceM
time = 190051456
area = 599
delay = 26.8
write_blif appntk/cla32_92_0.0214746_599_26.8.blif

round 93
seed = 1567411984 patienceN = 0 patienceM = 1 frameNumber = 64 nLocalPI = 11

0%   10   20   30   40   50   60   70   80   90   100%
|----|----|----|----|----|----|----|----|----|----|
***************************************************
change patienceM
time = 190908845
area = 599
delay = 26.8
write_blif appntk/cla32_93_0.0214746_599_26.8.blif

round 94
seed = 1567411985 patienceN = 0 patienceM = 2 frameNumber = 64 nLocalPI = 11

0%   10   20   30   40   50   60   70   80   90   100%
|----|----|----|----|----|----|----|----|----|----|
***************************************************
change patienceM
time = 192102036
area = 599
delay = 26.8
write_blif appntk/cla32_94_0.0214746_599_26.8.blif

round 95
seed = 1567411986 patienceN = 0 patienceM = 0 frameNumber = 64 nLocalPI = 10

0%   10   20   30   40   50   60   70   80   90   100%
|----|----|----|----|----|----|----|----|----|----|
***************************************************
change patienceM
time = 193056566
area = 599
delay = 26.8
write_blif appntk/cla32_95_0.0214746_599_26.8.blif

round 96
seed = 1567411987 patienceN = 0 patienceM = 1 frameNumber = 64 nLocalPI = 10

0%   10   20   30   40   50   60   70   80   90   100%
|----|----|----|----|----|----|----|----|----|----|
***************************************************
change patienceM
time = 193919926
area = 599
delay = 26.8
write_blif appntk/cla32_96_0.0214746_599_26.8.blif

round 97
seed = 1567411988 patienceN = 0 patienceM = 2 frameNumber = 64 nLocalPI = 10

0%   10   20   30   40   50   60   70   80   90   100%
|----|----|----|----|----|----|----|----|----|----|
***************************************************
change patienceM
time = 194948977
area = 599
delay = 26.8
write_blif appntk/cla32_97_0.0214746_599_26.8.blif

round 98
seed = 1567411989 patienceN = 0 patienceM = 0 frameNumber = 64 nLocalPI = 9

0%   10   20   30   40   50   60   70   80   90   100%
|----|----|----|----|----|----|----|----|----|----|
***************************************************
change patienceN
time = 195697751
area = 599
delay = 26.8
write_blif appntk/cla32_98_0.0214746_599_26.8.blif

round 99
seed = 1567411990 patienceN = 1 patienceM = 0 frameNumber = 64 nLocalPI = 9

0%   10   20   30   40   50   60   70   80   90   100%
|----|----|----|----|----|----|----|----|----|----|
***************************************************
change patienceM
time = 196526965
area = 599
delay = 26.8
write_blif appntk/cla32_99_0.0214746_599_26.8.blif

round 100
seed = 1567411991 patienceN = 1 patienceM = 1 frameNumber = 64 nLocalPI = 9

0%   10   20   30   40   50   60   70   80   90   100%
|----|----|----|----|----|----|----|----|----|----|
***************************************************
change patienceM
time = 197354736
area = 599
delay = 26.8
write_blif appntk/cla32_100_0.0214746_599_26.8.blif

round 101
seed = 1567411991 patienceN = 1 patienceM = 2 frameNumber = 64 nLocalPI = 9

0%   10   20   30   40   50   60   70   80   90   100%
|----|----|----|----|----|----|----|----|----|----|
***************************************************
change patienceM
time = 198269097
area = 599
delay = 26.8
write_blif appntk/cla32_101_0.0214746_599_26.8.blif

round 102
seed = 1567411992 patienceN = 0 patienceM = 0 frameNumber = 64 nLocalPI = 8

0%   10   20   30   40   50   60   70   80   90   100%
|----|----|----|----|----|----|----|----|----|----|
***************************************************
change patienceM
time = 199080243
area = 599
delay = 26.8
write_blif appntk/cla32_102_0.0214746_599_26.8.blif

round 103
seed = 1567411993 patienceN = 0 patienceM = 1 frameNumber = 64 nLocalPI = 8

0%   10   20   30   40   50   60   70   80   90   100%
|----|----|----|----|----|----|----|----|----|----|
***************************************************
change patienceN
time = 199809232
area = 599
delay = 26.8
write_blif appntk/cla32_103_0.0214746_599_26.8.blif

round 104
seed = 1567411994 patienceN = 1 patienceM = 1 frameNumber = 64 nLocalPI = 8

0%   10   20   30   40   50   60   70   80   90   100%
|----|----|----|----|----|----|----|----|----|----|
***************************************************
change patienceM
time = 200863358
area = 599
delay = 26.8
write_blif appntk/cla32_104_0.0214746_599_26.8.blif

round 105
seed = 1567411995 patienceN = 1 patienceM = 2 frameNumber = 64 nLocalPI = 8

0%   10   20   30   40   50   60   70   80   90   100%
|----|----|----|----|----|----|----|----|----|----|
***************************************************
change patienceM
time = 201841221
area = 599
delay = 26.8
write_blif appntk/cla32_105_0.0214746_599_26.8.blif

round 106
seed = 1567411996 patienceN = 0 patienceM = 0 frameNumber = 64 nLocalPI = 7

0%   10   20   30   40   50   60   70   80   90   100%
|----|----|----|----|----|----|----|----|----|----|
***************************************************
change patienceM
time = 202622043
area = 599
delay = 26.8
write_blif appntk/cla32_106_0.0214746_599_26.8.blif

round 107
seed = 1567411997 patienceN = 0 patienceM = 1 frameNumber = 64 nLocalPI = 7

0%   10   20   30   40   50   60   70   80   90   100%
|----|----|----|----|----|----|----|----|----|----|
***************************************************
change patienceN
time = 203320497
area = 599
delay = 26.8
write_blif appntk/cla32_107_0.0214746_599_26.8.blif

round 108
seed = 1567411998 patienceN = 1 patienceM = 1 frameNumber = 64 nLocalPI = 7

0%   10   20   30   40   50   60   70   80   90   100%
|----|----|----|----|----|----|----|----|----|----|
***************************************************
change patienceN
time = 204021504
area = 599
delay = 26.8
write_blif appntk/cla32_108_0.0214746_599_26.8.blif

round 109
seed = 1567411998 patienceN = 2 patienceM = 1 frameNumber = 64 nLocalPI = 7

0%   10   20   30   40   50   60   70   80   90   100%
|----|----|----|----|----|----|----|----|----|----|
***************************************************
change patienceM
time = 205183007
area = 599
delay = 26.8
write_blif appntk/cla32_109_0.0214746_599_26.8.blif

round 110
seed = 1567411999 patienceN = 2 patienceM = 2 frameNumber = 64 nLocalPI = 7

0%   10   20   30   40   50   60   70   80   90   100%
|----|----|----|----|----|----|----|----|----|----|
***************************************************
change patienceM
time = 206610838
area = 599
delay = 26.8
write_blif appntk/cla32_110_0.0214746_599_26.8.blif

round 111
seed = 1567412000 patienceN = 0 patienceM = 0 frameNumber = 64 nLocalPI = 6

0%   10   20   30   40   50   60   70   80   90   100%
|----|----|----|----|----|----|----|----|----|----|
***************************************************
change patienceM
time = 208246282
area = 599
delay = 26.8
write_blif appntk/cla32_111_0.0214746_599_26.8.blif

round 112
seed = 1567412002 patienceN = 0 patienceM = 1 frameNumber = 64 nLocalPI = 6

0%   10   20   30   40   50   60   70   80   90   100%
|----|----|----|----|----|----|----|----|----|----|
***************************************************
change patienceN
time = 209259850
area = 599
delay = 26.8
write_blif appntk/cla32_112_0.0214746_599_26.8.blif

round 113
seed = 1567412003 patienceN = 1 patienceM = 1 frameNumber = 64 nLocalPI = 6

0%   10   20   30   40   50   60   70   80   90   100%
|----|----|----|----|----|----|----|----|----|----|
***************************************************
change patienceN
time = 210270630
area = 599
delay = 26.8
write_blif appntk/cla32_113_0.0214746_599_26.8.blif

round 114
seed = 1567412004 patienceN = 2 patienceM = 1 frameNumber = 64 nLocalPI = 6

0%   10   20   30   40   50   60   70   80   90   100%
|----|----|----|----|----|----|----|----|----|----|
***************************************************
change patienceN
time = 211211526
area = 599
delay = 26.8
write_blif appntk/cla32_114_0.0214746_599_26.8.blif

round 115
seed = 1567412005 patienceN = 0 patienceM = 0 frameNumber = 32 nLocalPI = 6

0%   10   20   30   40   50   60   70   80   90   100%
|----|----|----|----|----|----|----|----|----|----|
***************************************************
change patienceM
time = 212359500
area = 599
delay = 26.8
write_blif appntk/cla32_115_0.0214746_599_26.8.blif

round 116
seed = 1567412006 patienceN = 0 patienceM = 1 frameNumber = 32 nLocalPI = 6

0%   10   20   30   40   50   60   70   80   90   100%
|----|----|----|----|----|----|----|----|----|----|
***************************************************
change patienceM
time = 213340289
area = 599
delay = 26.8
write_blif appntk/cla32_116_0.0214746_599_26.8.blif

round 117
seed = 1567412007 patienceN = 0 patienceM = 2 frameNumber = 32 nLocalPI = 6

0%   10   20   30   40   50   60   70   80   90   100%
|----|----|----|----|----|----|----|----|----|----|
***************************************************
change patienceM
time = 214571187
area = 599
delay = 26.8
write_blif appntk/cla32_117_0.0214746_599_26.8.blif

round 118
seed = 1567412008 patienceN = 0 patienceM = 0 frameNumber = 32 nLocalPI = 5

0%   10   20   30   40   50   60   70   80   90   100%
|----|----|----|----|----|----|----|----|----|----|
***************************************************
best node n244 best error 0.0508789
time = 216115494
