Entered genlib library with 23 gates from file "data/genlib/mcnc.genlib".
Line 11: Skipping line ".default_input_arrival 0.00 0.00 ".
Line 12: Skipping line ".default_output_required 0.00 0.00 ".
Line 13: Skipping line ".default_input_drive 0.10 0.10 ".
Line 14: Skipping line ".default_output_load 2.00 ".
Line 15: Skipping line ".default_max_input_load 999.00 ".
Original area = 1128, original delay = 17.8

round 0
seed = 0 patienceN = 0 patienceM = 0 frameNumber = 64 nLocalPI = 30

0%   10   20   30   40   50   60   70   80   90   100%
|----|----|----|----|----|----|----|----|----|----|
***************************************************
best node sum[0] best error 0
time = 16302004
area = 1012
delay = 17
write_blif appntk/ksa32_0_0_1012_17.blif

round 1
seed = 1567411795 patienceN = 0 patienceM = 0 frameNumber = 64 nLocalPI = 30

0%   10   20   30   40   50   60   70   80   90   100%
|----|----|----|----|----|----|----|----|----|----|
***************************************************
best node n467 best error 0
time = 29122205
area = 1014
delay = 16.6
write_blif appntk/ksa32_1_0_1014_16.6.blif

round 2
seed = 1567411812 patienceN = 0 patienceM = 0 frameNumber = 64 nLocalPI = 30

0%   10   20   30   40   50   60   70   80   90   100%
|----|----|----|----|----|----|----|----|----|----|
***************************************************
best node n500 best error 0
time = 42468920
area = 1002
delay = 16.6
write_blif appntk/ksa32_2_0_1002_16.6.blif

round 3
seed = 1567411824 patienceN = 0 patienceM = 0 frameNumber = 64 nLocalPI = 30

0%   10   20   30   40   50   60   70   80   90   100%
|----|----|----|----|----|----|----|----|----|----|
***************************************************
best node n516 best error 0
time = 54142101
area = 994
delay = 17.4
write_blif appntk/ksa32_3_0_994_17.4.blif

round 4
seed = 1567411838 patienceN = 0 patienceM = 0 frameNumber = 64 nLocalPI = 30

0%   10   20   30   40   50   60   70   80   90   100%
|----|----|----|----|----|----|----|----|----|----|
***************************************************
best node n445 best error 9.76562e-06
time = 65151258
area = 994
delay = 16.6
write_blif appntk/ksa32_4_9.76562e-06_994_16.6.blif

round 5
seed = 1567411849 patienceN = 0 patienceM = 0 frameNumber = 64 nLocalPI = 30

0%   10   20   30   40   50   60   70   80   90   100%
|----|----|----|----|----|----|----|----|----|----|
***************************************************
best node n589 best error 9.76562e-06
time = 75094043
area = 972
delay = 17.2
write_blif appntk/ksa32_5_9.76562e-06_972_17.2.blif

round 6
seed = 1567411860 patienceN = 0 patienceM = 0 frameNumber = 64 nLocalPI = 30

0%   10   20   30   40   50   60   70   80   90   100%
|----|----|----|----|----|----|----|----|----|----|
***************************************************
best node n476 best error 1.95312e-05
time = 84098429
area = 966
delay = 17.2
write_blif appntk/ksa32_6_1.95312e-05_966_17.2.blif

round 7
seed = 1567411870 patienceN = 0 patienceM = 0 frameNumber = 64 nLocalPI = 30

0%   10   20   30   40   50   60   70   80   90   100%
|----|----|----|----|----|----|----|----|----|----|
***************************************************
best node n525 best error 2.92969e-05
time = 95201858
area = 957
delay = 17.2
write_blif appntk/ksa32_7_2.92969e-05_957_17.2.blif

round 8
seed = 1567411879 patienceN = 0 patienceM = 0 frameNumber = 64 nLocalPI = 30

0%   10   20   30   40   50   60   70   80   90   100%
|----|----|----|----|----|----|----|----|----|----|
***************************************************
best node n542 best error 3.90625e-05
time = 105491373
area = 980
delay = 17.2
write_blif appntk/ksa32_8_3.90625e-05_980_17.2.blif

round 9
seed = 1567411891 patienceN = 0 patienceM = 0 frameNumber = 64 nLocalPI = 30

0%   10   20   30   40   50   60   70   80   90   100%
|----|----|----|----|----|----|----|----|----|----|
***************************************************
best node n559 best error 4.88281e-05
time = 117575419
area = 981
delay = 17
write_blif appntk/ksa32_9_4.88281e-05_981_17.blif

round 10
seed = 1567411901 patienceN = 0 patienceM = 0 frameNumber = 64 nLocalPI = 30

0%   10   20   30   40   50   60   70   80   90   100%
|----|----|----|----|----|----|----|----|----|----|
***************************************************
best node n497 best error 0.000136719
time = 126926518
area = 973
delay = 17
write_blif appntk/ksa32_10_0.000136719_973_17.blif

round 11
seed = 1567411913 patienceN = 0 patienceM = 0 frameNumber = 64 nLocalPI = 30

0%   10   20   30   40   50   60   70   80   90   100%
|----|----|----|----|----|----|----|----|----|----|
***************************************************
best node n481 best error 0.000214844
time = 136749021
area = 961
delay = 17
write_blif appntk/ksa32_11_0.000214844_961_17.blif

round 12
seed = 1567411922 patienceN = 0 patienceM = 0 frameNumber = 64 nLocalPI = 30

0%   10   20   30   40   50   60   70   80   90   100%
|----|----|----|----|----|----|----|----|----|----|
***************************************************
best node n465 best error 0.000263672
time = 146291559
area = 928
delay = 17.2
write_blif appntk/ksa32_12_0.000263672_928_17.2.blif

round 13
seed = 1567411932 patienceN = 0 patienceM = 0 frameNumber = 64 nLocalPI = 30

0%   10   20   30   40   50   60   70   80   90   100%
|----|----|----|----|----|----|----|----|----|----|
***************************************************
best node n449 best error 0.000351563
time = 154780688
area = 925
delay = 17.2
write_blif appntk/ksa32_13_0.000351563_925_17.2.blif

round 14
seed = 1567411942 patienceN = 0 patienceM = 0 frameNumber = 64 nLocalPI = 30

0%   10   20   30   40   50   60   70   80   90   100%
|----|----|----|----|----|----|----|----|----|----|
***************************************************
best node n299 best error 0.000400391
time = 164014051
area = 935
delay = 16.4
write_blif appntk/ksa32_14_0.000400391_935_16.4.blif

round 15
seed = 1567411950 patienceN = 0 patienceM = 0 frameNumber = 64 nLocalPI = 30

0%   10   20   30   40   50   60   70   80   90   100%
|----|----|----|----|----|----|----|----|----|----|
***************************************************
best node n438 best error 0.00203125
time = 170950959
area = 915
delay = 16.4
write_blif appntk/ksa32_15_0.00203125_915_16.4.blif

round 16
seed = 1567411959 patienceN = 0 patienceM = 0 frameNumber = 64 nLocalPI = 30

0%   10   20   30   40   50   60   70   80   90   100%
|----|----|----|----|----|----|----|----|----|----|
***************************************************
best node n414 best error 0.00304687
time = 177583243
area = 914
delay = 17.2
write_blif appntk/ksa32_16_0.00304687_914_17.2.blif

round 17
seed = 1567411966 patienceN = 0 patienceM = 0 frameNumber = 64 nLocalPI = 30

0%   10   20   30   40   50   60   70   80   90   100%
|----|----|----|----|----|----|----|----|----|----|
***************************************************
best node n397 best error 0.00400391
time = 183451794
area = 900
delay = 16.4
write_blif appntk/ksa32_17_0.00400391_900_16.4.blif

round 18
seed = 1567411973 patienceN = 0 patienceM = 0 frameNumber = 64 nLocalPI = 30

0%   10   20   30   40   50   60   70   80   90   100%
|----|----|----|----|----|----|----|----|----|----|
***************************************************
best node n377 best error 0.00492187
time = 189665659
area = 896
delay = 15.4
write_blif appntk/ksa32_18_0.00492187_896_15.4.blif

round 19
seed = 1567411979 patienceN = 0 patienceM = 0 frameNumber = 64 nLocalPI = 30

0%   10   20   30   40   50   60   70   80   90   100%
|----|----|----|----|----|----|----|----|----|----|
***************************************************
best node n357 best error 0.00600586
time = 195448267
area = 886
delay = 15.4
write_blif appntk/ksa32_19_0.00600586_886_15.4.blif

round 20
seed = 1567411985 patienceN = 0 patienceM = 0 frameNumber = 64 nLocalPI = 30

0%   10   20   30   40   50   60   70   80   90   100%
|----|----|----|----|----|----|----|----|----|----|
***************************************************
best node n339 best error 0.00685547
time = 200650321
area = 860
delay = 15.4
write_blif appntk/ksa32_20_0.00685547_860_15.4.blif

round 21
seed = 1567411991 patienceN = 0 patienceM = 0 frameNumber = 64 nLocalPI = 30

0%   10   20   30   40   50   60   70   80   90   100%
|----|----|----|----|----|----|----|----|----|----|
***************************************************
best node n319 best error 0.00780273
time = 206203890
area = 850
delay = 15.4
write_blif appntk/ksa32_21_0.00780273_850_15.4.blif

round 22
seed = 1567411996 patienceN = 0 patienceM = 0 frameNumber = 64 nLocalPI = 30

0%   10   20   30   40   50   60   70   80   90   100%
|----|----|----|----|----|----|----|----|----|----|
***************************************************
best node n299 best error 0.00871094
time = 212210714
area = 826
delay = 15.5
write_blif appntk/ksa32_22_0.00871094_826_15.5.blif

round 23
seed = 1567412001 patienceN = 0 patienceM = 0 frameNumber = 64 nLocalPI = 30

0%   10   20   30   40   50   60   70   80   90   100%
|----|----|----|----|----|----|----|----|----|----|
***************************************************
best node n237 best error 0.00976562
time = 218178628
area = 816
delay = 16.8
write_blif appntk/ksa32_23_0.00976562_816_16.8.blif

round 24
seed = 1567412008 patienceN = 0 patienceM = 0 frameNumber = 64 nLocalPI = 30

0%   10   20   30   40   50   60   70   80   90   100%
|----|----|----|----|----|----|----|----|----|----|
***************************************************
best node n243 best error 0.0112012
time = 222593602
area = 802
delay = 15.9
write_blif appntk/ksa32_24_0.0112012_802_15.9.blif

round 25
seed = 1567412013 patienceN = 0 patienceM = 0 frameNumber = 64 nLocalPI = 30

0%   10   20   30   40   50   60   70   80   90   100%
|----|----|----|----|----|----|----|----|----|----|
***************************************************
best node n225 best error 0.0128223
time = 226477958
area = 788
delay = 15.9
write_blif appntk/ksa32_25_0.0128223_788_15.9.blif

round 26
seed = 1567412018 patienceN = 0 patienceM = 0 frameNumber = 64 nLocalPI = 30

0%   10   20   30   40   50   60   70   80   90   100%
|----|----|----|----|----|----|----|----|----|----|
***************************************************
best node n428 best error 0.0145508
time = 230443498
area = 788
delay = 15.9
write_blif appntk/ksa32_26_0.0145508_788_15.9.blif

round 27
seed = 1567412022 patienceN = 0 patienceM = 0 frameNumber = 64 nLocalPI = 30

0%   10   20   30   40   50   60   70   80   90   100%
|----|----|----|----|----|----|----|----|----|----|
***************************************************
best node n374 best error 0.0145508
time = 234176046
area = 780
delay = 15.9
write_blif appntk/ksa32_27_0.0145508_780_15.9.blif

round 28
seed = 1567412026 patienceN = 0 patienceM = 0 frameNumber = 64 nLocalPI = 30

0%   10   20   30   40   50   60   70   80   90   100%
|----|----|----|----|----|----|----|----|----|----|
***************************************************
best node n441 best error 0.0154688
time = 237966340
area = 778
delay = 15.9
write_blif appntk/ksa32_28_0.0154688_778_15.9.blif

round 29
seed = 1567412029 patienceN = 0 patienceM = 0 frameNumber = 64 nLocalPI = 30

0%   10   20   30   40   50   60   70   80   90   100%
|----|----|----|----|----|----|----|----|----|----|
***************************************************
best node n467 best error 0.0169531
time = 242194881
area = 777
delay = 15.9
write_blif appntk/ksa32_29_0.0169531_777_15.9.blif

round 30
seed = 1567412033 patienceN = 0 patienceM = 0 frameNumber = 64 nLocalPI = 30

0%   10   20   30   40   50   60   70   80   90   100%
|----|----|----|----|----|----|----|----|----|----|
***************************************************
best node n452 best error 0.018418
time = 245490416
area = 770
delay = 15.9
write_blif appntk/ksa32_30_0.018418_770_15.9.blif

round 31
seed = 1567412037 patienceN = 0 patienceM = 0 frameNumber = 64 nLocalPI = 30

0%   10   20   30   40   50   60   70   80   90   100%
|----|----|----|----|----|----|----|----|----|----|
***************************************************
best node n432 best error 0.0211035
time = 248343123
area = 747
delay = 15.9
write_blif appntk/ksa32_31_0.0211035_747_15.9.blif

round 32
seed = 1567412041 patienceN = 0 patienceM = 0 frameNumber = 64 nLocalPI = 30

0%   10   20   30   40   50   60   70   80   90   100%
|----|----|----|----|----|----|----|----|----|----|
***************************************************
best node n345 best error 0.0220898
time = 251801068
area = 735
delay = 15.9
write_blif appntk/ksa32_32_0.0220898_735_15.9.blif

round 33
seed = 1567412044 patienceN = 0 patienceM = 0 frameNumber = 64 nLocalPI = 30

0%   10   20   30   40   50   60   70   80   90   100%
|----|----|----|----|----|----|----|----|----|----|
***************************************************
best node n310 best error 0.0231445
time = 254656566
area = 716
delay = 15.9
write_blif appntk/ksa32_33_0.0231445_716_15.9.blif

round 34
seed = 1567412047 patienceN = 0 patienceM = 0 frameNumber = 64 nLocalPI = 30

0%   10   20   30   40   50   60   70   80   90   100%
|----|----|----|----|----|----|----|----|----|----|
***************************************************
best node n254 best error 0.0231445
time = 257289655
area = 708
delay = 15.9
write_blif appntk/ksa32_34_0.0231445_708_15.9.blif

round 35
seed = 1567412050 patienceN = 0 patienceM = 0 frameNumber = 64 nLocalPI = 30

0%   10   20   30   40   50   60   70   80   90   100%
|----|----|----|----|----|----|----|----|----|----|
***************************************************
best node n294 best error 0.0258496
time = 260328829
area = 699
delay = 15.7
write_blif appntk/ksa32_35_0.0258496_699_15.7.blif

round 36
seed = 1567412052 patienceN = 0 patienceM = 0 frameNumber = 64 nLocalPI = 30

0%   10   20   30   40   50   60   70   80   90   100%
|----|----|----|----|----|----|----|----|----|----|
***************************************************
best node n392 best error 0.0275879
time = 262832038
area = 688
delay = 15.7
write_blif appntk/ksa32_36_0.0275879_688_15.7.blif

round 37
seed = 1567412056 patienceN = 0 patienceM = 0 frameNumber = 64 nLocalPI = 30

0%   10   20   30   40   50   60   70   80   90   100%
|----|----|----|----|----|----|----|----|----|----|
***************************************************
best node n295 best error 0.0275879
time = 265103592
area = 688
delay = 15.7
write_blif appntk/ksa32_37_0.0275879_688_15.7.blif

round 38
seed = 1567412058 patienceN = 0 patienceM = 0 frameNumber = 64 nLocalPI = 30

0%   10   20   30   40   50   60   70   80   90   100%
|----|----|----|----|----|----|----|----|----|----|
***************************************************
change patienceM
time = 268034980
area = 688
delay = 15.7
write_blif appntk/ksa32_38_0.0275879_688_15.7.blif

round 39
seed = 1567412060 patienceN = 0 patienceM = 1 frameNumber = 64 nLocalPI = 30

0%   10   20   30   40   50   60   70   80   90   100%
|----|----|----|----|----|----|----|----|----|----|
***************************************************
change patienceM
time = 270302189
area = 688
delay = 15.7
write_blif appntk/ksa32_39_0.0275879_688_15.7.blif

round 40
seed = 1567412063 patienceN = 0 patienceM = 2 frameNumber = 64 nLocalPI = 30

0%   10   20   30   40   50   60   70   80   90   100%
|----|----|----|----|----|----|----|----|----|----|
***************************************************
change patienceM
time = 272658400
area = 688
delay = 15.7
write_blif appntk/ksa32_40_0.0275879_688_15.7.blif

round 41
seed = 1567412065 patienceN = 0 patienceM = 0 frameNumber = 64 nLocalPI = 29

0%   10   20   30   40   50   60   70   80   90   100%
|----|----|----|----|----|----|----|----|----|----|
***************************************************
change patienceM
time = 275149268
area = 688
delay = 15.7
write_blif appntk/ksa32_41_0.0275879_688_15.7.blif

round 42
seed = 1567412068 patienceN = 0 patienceM = 1 frameNumber = 64 nLocalPI = 29

0%   10   20   30   40   50   60   70   80   90   100%
|----|----|----|----|----|----|----|----|----|----|
***************************************************
change patienceM
time = 277794800
area = 688
delay = 15.7
write_blif appntk/ksa32_42_0.0275879_688_15.7.blif

round 43
seed = 1567412070 patienceN = 0 patienceM = 2 frameNumber = 64 nLocalPI = 29

0%   10   20   30   40   50   60   70   80   90   100%
|----|----|----|----|----|----|----|----|----|----|
***************************************************
change patienceM
time = 280273339
area = 688
delay = 15.7
write_blif appntk/ksa32_43_0.0275879_688_15.7.blif

round 44
seed = 1567412073 patienceN = 0 patienceM = 0 frameNumber = 64 nLocalPI = 28

0%   10   20   30   40   50   60   70   80   90   100%
|----|----|----|----|----|----|----|----|----|----|
***************************************************
change patienceM
time = 283113329
area = 688
delay = 15.7
write_blif appntk/ksa32_44_0.0275879_688_15.7.blif

round 45
seed = 1567412075 patienceN = 0 patienceM = 1 frameNumber = 64 nLocalPI = 28

0%   10   20   30   40   50   60   70   80   90   100%
|----|----|----|----|----|----|----|----|----|----|
***************************************************
change patienceM
time = 286086931
area = 688
delay = 15.7
write_blif appntk/ksa32_45_0.0275879_688_15.7.blif

round 46
seed = 1567412078 patienceN = 0 patienceM = 2 frameNumber = 64 nLocalPI = 28

0%   10   20   30   40   50   60   70   80   90   100%
|----|----|----|----|----|----|----|----|----|----|
***************************************************
change patienceM
time = 288492492
area = 688
delay = 15.7
write_blif appntk/ksa32_46_0.0275879_688_15.7.blif

round 47
seed = 1567412081 patienceN = 0 patienceM = 0 frameNumber = 64 nLocalPI = 27

0%   10   20   30   40   50   60   70   80   90   100%
|----|----|----|----|----|----|----|----|----|----|
***************************************************
change patienceM
time = 290202181
area = 688
delay = 15.7
write_blif appntk/ksa32_47_0.0275879_688_15.7.blif

round 48
seed = 1567412084 patienceN = 0 patienceM = 1 frameNumber = 64 nLocalPI = 27

0%   10   20   30   40   50   60   70   80   90   100%
|----|----|----|----|----|----|----|----|----|----|
***************************************************
change patienceM
time = 293055122
area = 688
delay = 15.7
write_blif appntk/ksa32_48_0.0275879_688_15.7.blif

round 49
seed = 1567412085 patienceN = 0 patienceM = 2 frameNumber = 64 nLocalPI = 27

0%   10   20   30   40   50   60   70   80   90   100%
|----|----|----|----|----|----|----|----|----|----|
***************************************************
change patienceM
time = 295336942
area = 688
delay = 15.7
write_blif appntk/ksa32_49_0.0275879_688_15.7.blif

round 50
seed = 1567412088 patienceN = 0 patienceM = 0 frameNumber = 64 nLocalPI = 26

0%   10   20   30   40   50   60   70   80   90   100%
|----|----|----|----|----|----|----|----|----|----|
***************************************************
change patienceM
time = 297917560
area = 688
delay = 15.7
write_blif appntk/ksa32_50_0.0275879_688_15.7.blif

round 51
seed = 1567412091 patienceN = 0 patienceM = 1 frameNumber = 64 nLocalPI = 26

0%   10   20   30   40   50   60   70   80   90   100%
|----|----|----|----|----|----|----|----|----|----|
***************************************************
change patienceM
time = 300515556
area = 688
delay = 15.7
write_blif appntk/ksa32_51_0.0275879_688_15.7.blif

round 52
seed = 1567412093 patienceN = 0 patienceM = 2 frameNumber = 64 nLocalPI = 26

0%   10   20   30   40   50   60   70   80   90   100%
|----|----|----|----|----|----|----|----|----|----|
***************************************************
change patienceM
time = 303270436
area = 688
delay = 15.7
write_blif appntk/ksa32_52_0.0275879_688_15.7.blif

round 53
seed = 1567412096 patienceN = 0 patienceM = 0 frameNumber = 64 nLocalPI = 25

0%   10   20   30   40   50   60   70   80   90   100%
|----|----|----|----|----|----|----|----|----|----|
***************************************************
change patienceM
time = 305513976
area = 688
delay = 15.7
write_blif appntk/ksa32_53_0.0275879_688_15.7.blif

round 54
seed = 1567412098 patienceN = 0 patienceM = 1 frameNumber = 64 nLocalPI = 25

0%   10   20   30   40   50   60   70   80   90   100%
|----|----|----|----|----|----|----|----|----|----|
***************************************************
change patienceM
time = 307911010
area = 688
delay = 15.7
write_blif appntk/ksa32_54_0.0275879_688_15.7.blif

round 55
seed = 1567412101 patienceN = 0 patienceM = 2 frameNumber = 64 nLocalPI = 25

0%   10   20   30   40   50   60   70   80   90   100%
|----|----|----|----|----|----|----|----|----|----|
***************************************************
change patienceM
time = 309897567
area = 688
delay = 15.7
write_blif appntk/ksa32_55_0.0275879_688_15.7.blif

round 56
seed = 1567412103 patienceN = 0 patienceM = 0 frameNumber = 64 nLocalPI = 24

0%   10   20   30   40   50   60   70   80   90   100%
|----|----|----|----|----|----|----|----|----|----|
***************************************************
change patienceM
time = 312362160
area = 688
delay = 15.7
write_blif appntk/ksa32_56_0.0275879_688_15.7.blif

round 57
seed = 1567412105 patienceN = 0 patienceM = 1 frameNumber = 64 nLocalPI = 24

0%   10   20   30   40   50   60   70   80   90   100%
|----|----|----|----|----|----|----|----|----|----|
***************************************************
change patienceM
time = 314580965
area = 688
delay = 15.7
write_blif appntk/ksa32_57_0.0275879_688_15.7.blif

round 58
seed = 1567412108 patienceN = 0 patienceM = 2 frameNumber = 64 nLocalPI = 24

0%   10   20   30   40   50   60   70   80   90   100%
|----|----|----|----|----|----|----|----|----|----|
***************************************************
change patienceM
time = 316805022
area = 688
delay = 15.7
write_blif appntk/ksa32_58_0.0275879_688_15.7.blif

round 59
seed = 1567412110 patienceN = 0 patienceM = 0 frameNumber = 64 nLocalPI = 23

0%   10   20   30   40   50   60   70   80   90   100%
|----|----|----|----|----|----|----|----|----|----|
***************************************************
change patienceM
time = 318992200
area = 688
delay = 15.7
write_blif appntk/ksa32_59_0.0275879_688_15.7.blif

round 60
seed = 1567412112 patienceN = 0 patienceM = 1 frameNumber = 64 nLocalPI = 23

0%   10   20   30   40   50   60   70   80   90   100%
|----|----|----|----|----|----|----|----|----|----|
***************************************************
change patienceM
time = 321272044
area = 688
delay = 15.7
write_blif appntk/ksa32_60_0.0275879_688_15.7.blif

round 61
seed = 1567412114 patienceN = 0 patienceM = 2 frameNumber = 64 nLocalPI = 23

0%   10   20   30   40   50   60   70   80   90   100%
|----|----|----|----|----|----|----|----|----|----|
***************************************************
change patienceM
time = 323206893
area = 688
delay = 15.7
write_blif appntk/ksa32_61_0.0275879_688_15.7.blif

round 62
seed = 1567412116 patienceN = 0 patienceM = 0 frameNumber = 64 nLocalPI = 22

0%   10   20   30   40   50   60   70   80   90   100%
|----|----|----|----|----|----|----|----|----|----|
***************************************************
change patienceM
time = 325294252
area = 688
delay = 15.7
write_blif appntk/ksa32_62_0.0275879_688_15.7.blif

round 63
seed = 1567412118 patienceN = 0 patienceM = 1 frameNumber = 64 nLocalPI = 22

0%   10   20   30   40   50   60   70   80   90   100%
|----|----|----|----|----|----|----|----|----|----|
***************************************************
change patienceM
time = 327464911
area = 688
delay = 15.7
write_blif appntk/ksa32_63_0.0275879_688_15.7.blif

round 64
seed = 1567412121 patienceN = 0 patienceM = 2 frameNumber = 64 nLocalPI = 22

0%   10   20   30   40   50   60   70   80   90   100%
|----|----|----|----|----|----|----|----|----|----|
***************************************************
change patienceM
time = 329654875
area = 688
delay = 15.7
write_blif appntk/ksa32_64_0.0275879_688_15.7.blif

round 65
seed = 1567412123 patienceN = 0 patienceM = 0 frameNumber = 64 nLocalPI = 21

0%   10   20   30   40   50   60   70   80   90   100%
|----|----|----|----|----|----|----|----|----|----|
***************************************************
change patienceM
time = 331806077
area = 688
delay = 15.7
write_blif appntk/ksa32_65_0.0275879_688_15.7.blif

round 66
seed = 1567412125 patienceN = 0 patienceM = 1 frameNumber = 64 nLocalPI = 21

0%   10   20   30   40   50   60   70   80   90   100%
|----|----|----|----|----|----|----|----|----|----|
***************************************************
change patienceM
time = 334433822
area = 688
delay = 15.7
write_blif appntk/ksa32_66_0.0275879_688_15.7.blif

round 67
seed = 1567412127 patienceN = 0 patienceM = 2 frameNumber = 64 nLocalPI = 21

0%   10   20   30   40   50   60   70   80   90   100%
|----|----|----|----|----|----|----|----|----|----|
***************************************************
change patienceM
time = 336413926
area = 688
delay = 15.7
write_blif appntk/ksa32_67_0.0275879_688_15.7.blif

round 68
seed = 1567412130 patienceN = 0 patienceM = 0 frameNumber = 64 nLocalPI = 20

0%   10   20   30   40   50   60   70   80   90   100%
|----|----|----|----|----|----|----|----|----|----|
***************************************************
change patienceM
time = 338712967
area = 688
delay = 15.7
write_blif appntk/ksa32_68_0.0275879_688_15.7.blif

round 69
seed = 1567412132 patienceN = 0 patienceM = 1 frameNumber = 64 nLocalPI = 20

0%   10   20   30   40   50   60   70   80   90   100%
|----|----|----|----|----|----|----|----|----|----|
***************************************************
change patienceM
time = 341257156
area = 688
delay = 15.7
write_blif appntk/ksa32_69_0.0275879_688_15.7.blif

round 70
seed = 1567412134 patienceN = 0 patienceM = 2 frameNumber = 64 nLocalPI = 20

0%   10   20   30   40   50   60   70   80   90   100%
|----|----|----|----|----|----|----|----|----|----|
***************************************************
change patienceM
time = 343047858
area = 688
delay = 15.7
write_blif appntk/ksa32_70_0.0275879_688_15.7.blif

round 71
seed = 1567412136 patienceN = 0 patienceM = 0 frameNumber = 64 nLocalPI = 19

0%   10   20   30   40   50   60   70   80   90   100%
|----|----|----|----|----|----|----|----|----|----|
***************************************************
change patienceM
time = 344979741
area = 688
delay = 15.7
write_blif appntk/ksa32_71_0.0275879_688_15.7.blif

round 72
seed = 1567412138 patienceN = 0 patienceM = 1 frameNumber = 64 nLocalPI = 19

0%   10   20   30   40   50   60   70   80   90   100%
|----|----|----|----|----|----|----|----|----|----|
***************************************************
change patienceM
time = 346652607
area = 688
delay = 15.7
write_blif appntk/ksa32_72_0.0275879_688_15.7.blif

round 73
seed = 1567412140 patienceN = 0 patienceM = 2 frameNumber = 64 nLocalPI = 19

0%   10   20   30   40   50   60   70   80   90   100%
|----|----|----|----|----|----|----|----|----|----|
***************************************************
change patienceM
time = 348989953
area = 688
delay = 15.7
write_blif appntk/ksa32_73_0.0275879_688_15.7.blif

round 74
seed = 1567412142 patienceN = 0 patienceM = 0 frameNumber = 64 nLocalPI = 18

0%   10   20   30   40   50   60   70   80   90   100%
|----|----|----|----|----|----|----|----|----|----|
***************************************************
change patienceM
time = 351563905
area = 688
delay = 15.7
write_blif appntk/ksa32_74_0.0275879_688_15.7.blif

round 75
seed = 1567412144 patienceN = 0 patienceM = 1 frameNumber = 64 nLocalPI = 18

0%   10   20   30   40   50   60   70   80   90   100%
|----|----|----|----|----|----|----|----|----|----|
***************************************************
change patienceM
time = 353806349
area = 688
delay = 15.7
write_blif appntk/ksa32_75_0.0275879_688_15.7.blif

round 76
seed = 1567412147 patienceN = 0 patienceM = 2 frameNumber = 64 nLocalPI = 18

0%   10   20   30   40   50   60   70   80   90   100%
|----|----|----|----|----|----|----|----|----|----|
***************************************************
change patienceM
time = 355805282
area = 688
delay = 15.7
write_blif appntk/ksa32_76_0.0275879_688_15.7.blif

round 77
seed = 1567412149 patienceN = 0 patienceM = 0 frameNumber = 64 nLocalPI = 17

0%   10   20   30   40   50   60   70   80   90   100%
|----|----|----|----|----|----|----|----|----|----|
***************************************************
change patienceM
time = 357748469
area = 688
delay = 15.7
write_blif appntk/ksa32_77_0.0275879_688_15.7.blif

round 78
seed = 1567412151 patienceN = 0 patienceM = 1 frameNumber = 64 nLocalPI = 17

0%   10   20   30   40   50   60   70   80   90   100%
|----|----|----|----|----|----|----|----|----|----|
***************************************************
change patienceM
time = 360094600
area = 688
delay = 15.7
write_blif appntk/ksa32_78_0.0275879_688_15.7.blif

round 79
seed = 1567412153 patienceN = 0 patienceM = 2 frameNumber = 64 nLocalPI = 17

0%   10   20   30   40   50   60   70   80   90   100%
|----|----|----|----|----|----|----|----|----|----|
***************************************************
change patienceM
time = 361968852
area = 688
delay = 15.7
write_blif appntk/ksa32_79_0.0275879_688_15.7.blif

round 80
seed = 1567412155 patienceN = 0 patienceM = 0 frameNumber = 64 nLocalPI = 16

0%   10   20   30   40   50   60   70   80   90   100%
|----|----|----|----|----|----|----|----|----|----|
***************************************************
change patienceM
time = 364065640
area = 688
delay = 15.7
write_blif appntk/ksa32_80_0.0275879_688_15.7.blif

round 81
seed = 1567412157 patienceN = 0 patienceM = 1 frameNumber = 64 nLocalPI = 16

0%   10   20   30   40   50   60   70   80   90   100%
|----|----|----|----|----|----|----|----|----|----|
***************************************************
change patienceM
time = 366088537
area = 688
delay = 15.7
write_blif appntk/ksa32_81_0.0275879_688_15.7.blif

round 82
seed = 1567412159 patienceN = 0 patienceM = 2 frameNumber = 64 nLocalPI = 16

0%   10   20   30   40   50   60   70   80   90   100%
|----|----|----|----|----|----|----|----|----|----|
***************************************************
change patienceM
time = 368264592
area = 688
delay = 15.7
write_blif appntk/ksa32_82_0.0275879_688_15.7.blif

round 83
seed = 1567412161 patienceN = 0 patienceM = 0 frameNumber = 64 nLocalPI = 15

0%   10   20   30   40   50   60   70   80   90   100%
|----|----|----|----|----|----|----|----|----|----|
***************************************************
change patienceM
time = 370319270
area = 688
delay = 15.7
write_blif appntk/ksa32_83_0.0275879_688_15.7.blif

round 84
seed = 1567412163 patienceN = 0 patienceM = 1 frameNumber = 64 nLocalPI = 15

0%   10   20   30   40   50   60   70   80   90   100%
|----|----|----|----|----|----|----|----|----|----|
***************************************************
change patienceM
time = 371887982
area = 688
delay = 15.7
write_blif appntk/ksa32_84_0.0275879_688_15.7.blif

round 85
seed = 1567412166 patienceN = 0 patienceM = 2 frameNumber = 64 nLocalPI = 15

0%   10   20   30   40   50   60   70   80   90   100%
|----|----|----|----|----|----|----|----|----|----|
***************************************************
change patienceM
time = 374099693
area = 688
delay = 15.7
write_blif appntk/ksa32_85_0.0275879_688_15.7.blif

round 86
seed = 1567412167 patienceN = 0 patienceM = 0 frameNumber = 64 nLocalPI = 14

0%   10   20   30   40   50   60   70   80   90   100%
|----|----|----|----|----|----|----|----|----|----|
***************************************************
change patienceM
time = 375881077
area = 688
delay = 15.7
write_blif appntk/ksa32_86_0.0275879_688_15.7.blif

round 87
seed = 1567412169 patienceN = 0 patienceM = 1 frameNumber = 64 nLocalPI = 14

0%   10   20   30   40   50   60   70   80   90   100%
|----|----|----|----|----|----|----|----|----|----|
***************************************************
change patienceM
time = 377835928
area = 688
delay = 15.7
write_blif appntk/ksa32_87_0.0275879_688_15.7.blif

round 88
seed = 1567412171 patienceN = 0 patienceM = 2 frameNumber = 64 nLocalPI = 14

0%   10   20   30   40   50   60   70   80   90   100%
|----|----|----|----|----|----|----|----|----|----|
***************************************************
change patienceM
time = 379789652
area = 688
delay = 15.7
write_blif appntk/ksa32_88_0.0275879_688_15.7.blif

round 89
seed = 1567412173 patienceN = 0 patienceM = 0 frameNumber = 64 nLocalPI = 13

0%   10   20   30   40   50   60   70   80   90   100%
|----|----|----|----|----|----|----|----|----|----|
***************************************************
change patienceM
time = 382224878
area = 688
delay = 15.7
write_blif appntk/ksa32_89_0.0275879_688_15.7.blif

round 90
seed = 1567412175 patienceN = 0 patienceM = 1 frameNumber = 64 nLocalPI = 13

0%   10   20   30   40   50   60   70   80   90   100%
|----|----|----|----|----|----|----|----|----|----|
***************************************************
change patienceM
time = 383919412
area = 688
delay = 15.7
write_blif appntk/ksa32_90_0.0275879_688_15.7.blif

round 91
seed = 1567412177 patienceN = 0 patienceM = 2 frameNumber = 64 nLocalPI = 13

0%   10   20   30   40   50   60   70   80   90   100%
|----|----|----|----|----|----|----|----|----|----|
***************************************************
change patienceM
time = 385534568
area = 688
delay = 15.7
write_blif appntk/ksa32_91_0.0275879_688_15.7.blif

round 92
seed = 1567412179 patienceN = 0 patienceM = 0 frameNumber = 64 nLocalPI = 12

0%   10   20   30   40   50   60   70   80   90   100%
|----|----|----|----|----|----|----|----|----|----|
***************************************************
change patienceM
time = 387800347
area = 688
delay = 15.7
write_blif appntk/ksa32_92_0.0275879_688_15.7.blif

round 93
seed = 1567412181 patienceN = 0 patienceM = 1 frameNumber = 64 nLocalPI = 12

0%   10   20   30   40   50   60   70   80   90   100%
|----|----|----|----|----|----|----|----|----|----|
***************************************************
change patienceM
time = 389895156
area = 688
delay = 15.7
write_blif appntk/ksa32_93_0.0275879_688_15.7.blif

round 94
seed = 1567412183 patienceN = 0 patienceM = 2 frameNumber = 64 nLocalPI = 12

0%   10   20   30   40   50   60   70   80   90   100%
|----|----|----|----|----|----|----|----|----|----|
***************************************************
change patienceM
time = 391577073
area = 688
delay = 15.7
write_blif appntk/ksa32_94_0.0275879_688_15.7.blif

round 95
seed = 1567412185 patienceN = 0 patienceM = 0 frameNumber = 64 nLocalPI = 11

0%   10   20   30   40   50   60   70   80   90   100%
|----|----|----|----|----|----|----|----|----|----|
***************************************************
change patienceM
time = 393229489
area = 688
delay = 15.7
write_blif appntk/ksa32_95_0.0275879_688_15.7.blif

round 96
seed = 1567412187 patienceN = 0 patienceM = 1 frameNumber = 64 nLocalPI = 11

0%   10   20   30   40   50   60   70   80   90   100%
|----|----|----|----|----|----|----|----|----|----|
***************************************************
change patienceM
time = 394804216
area = 688
delay = 15.7
write_blif appntk/ksa32_96_0.0275879_688_15.7.blif

round 97
seed = 1567412188 patienceN = 0 patienceM = 2 frameNumber = 64 nLocalPI = 11

0%   10   20   30   40   50   60   70   80   90   100%
|----|----|----|----|----|----|----|----|----|----|
***************************************************
change patienceM
time = 396626310
area = 688
delay = 15.7
write_blif appntk/ksa32_97_0.0275879_688_15.7.blif

round 98
seed = 1567412190 patienceN = 0 patienceM = 0 frameNumber = 64 nLocalPI = 10

0%   10   20   30   40   50   60   70   80   90   100%
|----|----|----|----|----|----|----|----|----|----|
***************************************************
change patienceM
time = 397939880
area = 688
delay = 15.7
write_blif appntk/ksa32_98_0.0275879_688_15.7.blif

round 99
seed = 1567412192 patienceN = 0 patienceM = 1 frameNumber = 64 nLocalPI = 10

0%   10   20   30   40   50   60   70   80   90   100%
|----|----|----|----|----|----|----|----|----|----|
***************************************************
change patienceM
time = 399748422
area = 688
delay = 15.7
write_blif appntk/ksa32_99_0.0275879_688_15.7.blif

round 100
seed = 1567412193 patienceN = 0 patienceM = 2 frameNumber = 64 nLocalPI = 10

0%   10   20   30   40   50   60   70   80   90   100%
|----|----|----|----|----|----|----|----|----|----|
***************************************************
change patienceM
time = 401552554
area = 688
delay = 15.7
write_blif appntk/ksa32_100_0.0275879_688_15.7.blif

round 101
seed = 1567412195 patienceN = 0 patienceM = 0 frameNumber = 64 nLocalPI = 9

0%   10   20   30   40   50   60   70   80   90   100%
|----|----|----|----|----|----|----|----|----|----|
***************************************************
change patienceM
time = 403150711
area = 688
delay = 15.7
write_blif appntk/ksa32_101_0.0275879_688_15.7.blif

round 102
seed = 1567412197 patienceN = 0 patienceM = 1 frameNumber = 64 nLocalPI = 9

0%   10   20   30   40   50   60   70   80   90   100%
|----|----|----|----|----|----|----|----|----|----|
***************************************************
change patienceM
time = 404751927
area = 688
delay = 15.7
write_blif appntk/ksa32_102_0.0275879_688_15.7.blif

round 103
seed = 1567412198 patienceN = 0 patienceM = 2 frameNumber = 64 nLocalPI = 9

0%   10   20   30   40   50   60   70   80   90   100%
|----|----|----|----|----|----|----|----|----|----|
***************************************************
change patienceM
time = 406670060
area = 688
delay = 15.7
write_blif appntk/ksa32_103_0.0275879_688_15.7.blif

round 104
seed = 1567412200 patienceN = 0 patienceM = 0 frameNumber = 64 nLocalPI = 8

0%   10   20   30   40   50   60   70   80   90   100%
|----|----|----|----|----|----|----|----|----|----|
***************************************************
change patienceM
time = 408158536
area = 688
delay = 15.7
write_blif appntk/ksa32_104_0.0275879_688_15.7.blif

round 105
seed = 1567412202 patienceN = 0 patienceM = 1 frameNumber = 64 nLocalPI = 8

0%   10   20   30   40   50   60   70   80   90   100%
|----|----|----|----|----|----|----|----|----|----|
***************************************************
change patienceM
time = 409978474
area = 688
delay = 15.7
write_blif appntk/ksa32_105_0.0275879_688_15.7.blif

round 106
seed = 1567412203 patienceN = 0 patienceM = 2 frameNumber = 64 nLocalPI = 8

0%   10   20   30   40   50   60   70   80   90   100%
|----|----|----|----|----|----|----|----|----|----|
***************************************************
change patienceM
time = 411390023
area = 688
delay = 15.7
write_blif appntk/ksa32_106_0.0275879_688_15.7.blif

round 107
seed = 1567412205 patienceN = 0 patienceM = 0 frameNumber = 64 nLocalPI = 7

0%   10   20   30   40   50   60   70   80   90   100%
|----|----|----|----|----|----|----|----|----|----|
***************************************************
change patienceM
time = 412848780
area = 688
delay = 15.7
write_blif appntk/ksa32_107_0.0275879_688_15.7.blif

round 108
seed = 1567412207 patienceN = 0 patienceM = 1 frameNumber = 64 nLocalPI = 7

0%   10   20   30   40   50   60   70   80   90   100%
|----|----|----|----|----|----|----|----|----|----|
***************************************************
change patienceM
time = 414556919
area = 688
delay = 15.7
write_blif appntk/ksa32_108_0.0275879_688_15.7.blif

round 109
seed = 1567412208 patienceN = 0 patienceM = 2 frameNumber = 64 nLocalPI = 7

0%   10   20   30   40   50   60   70   80   90   100%
|----|----|----|----|----|----|----|----|----|----|
***************************************************
change patienceM
time = 416098906
area = 688
delay = 15.7
write_blif appntk/ksa32_109_0.0275879_688_15.7.blif

round 110
seed = 1567412210 patienceN = 0 patienceM = 0 frameNumber = 64 nLocalPI = 6

0%   10   20   30   40   50   60   70   80   90   100%
|----|----|----|----|----|----|----|----|----|----|
***************************************************
change patienceM
time = 417782362
area = 688
delay = 15.7
write_blif appntk/ksa32_110_0.0275879_688_15.7.blif

round 111
seed = 1567412211 patienceN = 0 patienceM = 1 frameNumber = 64 nLocalPI = 6

0%   10   20   30   40   50   60   70   80   90   100%
|----|----|----|----|----|----|----|----|----|----|
***************************************************
change patienceM
time = 419533511
area = 688
delay = 15.7
write_blif appntk/ksa32_111_0.0275879_688_15.7.blif

round 112
seed = 1567412213 patienceN = 0 patienceM = 2 frameNumber = 64 nLocalPI = 6

0%   10   20   30   40   50   60   70   80   90   100%
|----|----|----|----|----|----|----|----|----|----|
***************************************************
change patienceM
time = 421041423
area = 688
delay = 15.7
write_blif appntk/ksa32_112_0.0275879_688_15.7.blif

round 113
seed = 1567412215 patienceN = 0 patienceM = 0 frameNumber = 64 nLocalPI = 5

0%   10   20   30   40   50   60   70   80   90   100%
|----|----|----|----|----|----|----|----|----|----|
***************************************************
best node n322 best error 0.0305078
time = 422508803
