Entered genlib library with 23 gates from file "data/genlib/mcnc.genlib".
Line 7: Skipping line ".default_input_arrival 0.00 0.00 ".
Line 8: Skipping line ".default_output_required 0.00 0.00 ".
Line 9: Skipping line ".default_input_drive 0.10 0.10 ".
Line 10: Skipping line ".default_output_load 2.00 ".
Line 11: Skipping line ".default_max_input_load 999.00 ".
Original area = 1069, original delay = 37.8

round 0
seed = 0 patienceN = 0 patienceM = 0 frameNumber = 64 nLocalPI = 16

0%   10   20   30   40   50   60   70   80   90   100%
|----|----|----|----|----|----|----|----|----|----|
***************************************************
best node [167126] best error 0
time = 5885523
area = 1053
delay = 37
write_blif appntk/mtp8_0_0_1053_37.blif

round 1
seed = 1567411795 patienceN = 0 patienceM = 0 frameNumber = 64 nLocalPI = 16

0%   10   20   30   40   50   60   70   80   90   100%
|----|----|----|----|----|----|----|----|----|----|
***************************************************
best node n197 best error 0.0118945
time = 8802547
area = 1045
delay = 34.3
write_blif appntk/mtp8_1_0.0118945_1045_34.3.blif

round 2
seed = 1567411801 patienceN = 0 patienceM = 0 frameNumber = 64 nLocalPI = 16

0%   10   20   30   40   50   60   70   80   90   100%
|----|----|----|----|----|----|----|----|----|----|
***************************************************
best node n202 best error 0.0118945
time = 11565496
area = 1033
delay = 33.4
write_blif appntk/mtp8_2_0.0118945_1033_33.4.blif

round 3
seed = 1567411804 patienceN = 0 patienceM = 0 frameNumber = 64 nLocalPI = 16

0%   10   20   30   40   50   60   70   80   90   100%
|----|----|----|----|----|----|----|----|----|----|
***************************************************
best node n85 best error 0.0241797
time = 14281582
area = 1028
delay = 33.4
write_blif appntk/mtp8_3_0.0241797_1028_33.4.blif

round 4
seed = 1567411807 patienceN = 0 patienceM = 0 frameNumber = 64 nLocalPI = 16

0%   10   20   30   40   50   60   70   80   90   100%
|----|----|----|----|----|----|----|----|----|----|
***************************************************
change patienceM
time = 16969984
area = 1029
delay = 33.4
write_blif appntk/mtp8_4_0.0241797_1029_33.4.blif

round 5
seed = 1567411810 patienceN = 0 patienceM = 1 frameNumber = 64 nLocalPI = 16

0%   10   20   30   40   50   60   70   80   90   100%
|----|----|----|----|----|----|----|----|----|----|
***************************************************
change patienceM
time = 19666246
area = 1027
delay = 33.4
write_blif appntk/mtp8_5_0.0241797_1027_33.4.blif

round 6
seed = 1567411812 patienceN = 0 patienceM = 2 frameNumber = 64 nLocalPI = 16

0%   10   20   30   40   50   60   70   80   90   100%
|----|----|----|----|----|----|----|----|----|----|
***************************************************
change patienceN
time = 22307334
area = 1022
delay = 33
write_blif appntk/mtp8_6_0.0241797_1022_33.blif

round 7
seed = 1567411815 patienceN = 1 patienceM = 2 frameNumber = 64 nLocalPI = 16

0%   10   20   30   40   50   60   70   80   90   100%
|----|----|----|----|----|----|----|----|----|----|
***************************************************
change patienceM
time = 24986010
area = 1020
delay = 33
write_blif appntk/mtp8_7_0.0241797_1020_33.blif

round 8
seed = 1567411818 patienceN = 0 patienceM = 0 frameNumber = 64 nLocalPI = 15

0%   10   20   30   40   50   60   70   80   90   100%
|----|----|----|----|----|----|----|----|----|----|
***************************************************
change patienceN
time = 27581203
area = 1022
delay = 33
write_blif appntk/mtp8_8_0.0241797_1022_33.blif

round 9
seed = 1567411820 patienceN = 1 patienceM = 0 frameNumber = 64 nLocalPI = 15

0%   10   20   30   40   50   60   70   80   90   100%
|----|----|----|----|----|----|----|----|----|----|
***************************************************
change patienceM
time = 30177765
area = 1020
delay = 33
write_blif appntk/mtp8_9_0.0241797_1020_33.blif

round 10
seed = 1567411823 patienceN = 1 patienceM = 1 frameNumber = 64 nLocalPI = 15

0%   10   20   30   40   50   60   70   80   90   100%
|----|----|----|----|----|----|----|----|----|----|
***************************************************
change patienceM
time = 32760074
area = 1022
delay = 33
write_blif appntk/mtp8_10_0.0241797_1022_33.blif

round 11
seed = 1567411826 patienceN = 1 patienceM = 2 frameNumber = 64 nLocalPI = 15

0%   10   20   30   40   50   60   70   80   90   100%
|----|----|----|----|----|----|----|----|----|----|
***************************************************
change patienceN
time = 35451355
area = 1020
delay = 33
write_blif appntk/mtp8_11_0.0241797_1020_33.blif

round 12
seed = 1567411828 patienceN = 2 patienceM = 2 frameNumber = 64 nLocalPI = 15

0%   10   20   30   40   50   60   70   80   90   100%
|----|----|----|----|----|----|----|----|----|----|
***************************************************
change patienceM
time = 39096418
area = 1022
delay = 33
write_blif appntk/mtp8_12_0.0241797_1022_33.blif

round 13
seed = 1567411831 patienceN = 0 patienceM = 0 frameNumber = 64 nLocalPI = 14

0%   10   20   30   40   50   60   70   80   90   100%
|----|----|----|----|----|----|----|----|----|----|
***************************************************
change patienceM
time = 41853431
area = 1020
delay = 33
write_blif appntk/mtp8_13_0.0241797_1020_33.blif

round 14
seed = 1567411835 patienceN = 0 patienceM = 1 frameNumber = 64 nLocalPI = 14

0%   10   20   30   40   50   60   70   80   90   100%
|----|----|----|----|----|----|----|----|----|----|
***************************************************
change patienceM
time = 44423305
area = 1022
delay = 33
write_blif appntk/mtp8_14_0.0241797_1022_33.blif

round 15
seed = 1567411837 patienceN = 0 patienceM = 2 frameNumber = 64 nLocalPI = 14

0%   10   20   30   40   50   60   70   80   90   100%
|----|----|----|----|----|----|----|----|----|----|
***************************************************
change patienceM
time = 47347251
area = 1020
delay = 33
write_blif appntk/mtp8_15_0.0241797_1020_33.blif

round 16
seed = 1567411840 patienceN = 0 patienceM = 0 frameNumber = 64 nLocalPI = 13

0%   10   20   30   40   50   60   70   80   90   100%
|----|----|----|----|----|----|----|----|----|----|
***************************************************
change patienceM
time = 50676498
area = 1022
delay = 33
write_blif appntk/mtp8_16_0.0241797_1022_33.blif

round 17
seed = 1567411843 patienceN = 0 patienceM = 1 frameNumber = 64 nLocalPI = 13

0%   10   20   30   40   50   60   70   80   90   100%
|----|----|----|----|----|----|----|----|----|----|
***************************************************
change patienceM
time = 53161593
area = 1020
delay = 33
write_blif appntk/mtp8_17_0.0241797_1020_33.blif

round 18
seed = 1567411846 patienceN = 0 patienceM = 2 frameNumber = 64 nLocalPI = 13

0%   10   20   30   40   50   60   70   80   90   100%
|----|----|----|----|----|----|----|----|----|----|
***************************************************
change patienceM
time = 56486114
area = 1022
delay = 33
write_blif appntk/mtp8_18_0.0241797_1022_33.blif

round 19
seed = 1567411849 patienceN = 0 patienceM = 0 frameNumber = 64 nLocalPI = 12

0%   10   20   30   40   50   60   70   80   90   100%
|----|----|----|----|----|----|----|----|----|----|
***************************************************
change patienceM
time = 59393655
area = 1020
delay = 33
write_blif appntk/mtp8_19_0.0241797_1020_33.blif

round 20
seed = 1567411852 patienceN = 0 patienceM = 1 frameNumber = 64 nLocalPI = 12

0%   10   20   30   40   50   60   70   80   90   100%
|----|----|----|----|----|----|----|----|----|----|
***************************************************
change patienceM
time = 61823674
area = 1022
delay = 33
write_blif appntk/mtp8_20_0.0241797_1022_33.blif

round 21
seed = 1567411855 patienceN = 0 patienceM = 2 frameNumber = 64 nLocalPI = 12

0%   10   20   30   40   50   60   70   80   90   100%
|----|----|----|----|----|----|----|----|----|----|
***************************************************
change patienceM
time = 64306888
area = 1020
delay = 33
write_blif appntk/mtp8_21_0.0241797_1020_33.blif

round 22
seed = 1567411857 patienceN = 0 patienceM = 0 frameNumber = 64 nLocalPI = 11

0%   10   20   30   40   50   60   70   80   90   100%
|----|----|----|----|----|----|----|----|----|----|
***************************************************
change patienceM
time = 66657780
area = 1022
delay = 33
write_blif appntk/mtp8_22_0.0241797_1022_33.blif

round 23
seed = 1567411860 patienceN = 0 patienceM = 1 frameNumber = 64 nLocalPI = 11

0%   10   20   30   40   50   60   70   80   90   100%
|----|----|----|----|----|----|----|----|----|----|
***************************************************
change patienceM
time = 69503976
area = 1020
delay = 33
write_blif appntk/mtp8_23_0.0241797_1020_33.blif

round 24
seed = 1567411862 patienceN = 0 patienceM = 2 frameNumber = 64 nLocalPI = 11

0%   10   20   30   40   50   60   70   80   90   100%
|----|----|----|----|----|----|----|----|----|----|
***************************************************
change patienceN
time = 72747054
area = 1022
delay = 33
write_blif appntk/mtp8_24_0.0241797_1022_33.blif

round 25
seed = 1567411865 patienceN = 1 patienceM = 2 frameNumber = 64 nLocalPI = 11

0%   10   20   30   40   50   60   70   80   90   100%
|----|----|----|----|----|----|----|----|----|----|
***************************************************
change patienceM
time = 75999780
area = 1020
delay = 33
write_blif appntk/mtp8_25_0.0241797_1020_33.blif

round 26
seed = 1567411868 patienceN = 0 patienceM = 0 frameNumber = 64 nLocalPI = 10

0%   10   20   30   40   50   60   70   80   90   100%
|----|----|----|----|----|----|----|----|----|----|
***************************************************
change patienceM
time = 79147865
area = 1022
delay = 33
write_blif appntk/mtp8_26_0.0241797_1022_33.blif

round 27
seed = 1567411872 patienceN = 0 patienceM = 1 frameNumber = 64 nLocalPI = 10

0%   10   20   30   40   50   60   70   80   90   100%
|----|----|----|----|----|----|----|----|----|----|
***************************************************
change patienceN
time = 82288924
area = 1020
delay = 33
write_blif appntk/mtp8_27_0.0241797_1020_33.blif

round 28
seed = 1567411875 patienceN = 1 patienceM = 1 frameNumber = 64 nLocalPI = 10

0%   10   20   30   40   50   60   70   80   90   100%
|----|----|----|----|----|----|----|----|----|----|
***************************************************
change patienceM
time = 85519310
area = 1022
delay = 33
write_blif appntk/mtp8_28_0.0241797_1022_33.blif

round 29
seed = 1567411878 patienceN = 1 patienceM = 2 frameNumber = 64 nLocalPI = 10

0%   10   20   30   40   50   60   70   80   90   100%
|----|----|----|----|----|----|----|----|----|----|
***************************************************
change patienceM
time = 88771390
area = 1020
delay = 33
write_blif appntk/mtp8_29_0.0241797_1020_33.blif

round 30
seed = 1567411881 patienceN = 0 patienceM = 0 frameNumber = 64 nLocalPI = 9

0%   10   20   30   40   50   60   70   80   90   100%
|----|----|----|----|----|----|----|----|----|----|
***************************************************
change patienceN
time = 91907789
area = 1022
delay = 33
write_blif appntk/mtp8_30_0.0241797_1022_33.blif

round 31
seed = 1567411885 patienceN = 1 patienceM = 0 frameNumber = 64 nLocalPI = 9

0%   10   20   30   40   50   60   70   80   90   100%
|----|----|----|----|----|----|----|----|----|----|
***************************************************
change patienceM
time = 95456693
area = 1020
delay = 33
write_blif appntk/mtp8_31_0.0241797_1020_33.blif

round 32
seed = 1567411888 patienceN = 1 patienceM = 1 frameNumber = 64 nLocalPI = 9

0%   10   20   30   40   50   60   70   80   90   100%
|----|----|----|----|----|----|----|----|----|----|
***************************************************
change patienceN
time = 98588631
area = 1022
delay = 33
write_blif appntk/mtp8_32_0.0241797_1022_33.blif

round 33
seed = 1567411891 patienceN = 2 patienceM = 1 frameNumber = 64 nLocalPI = 9

0%   10   20   30   40   50   60   70   80   90   100%
|----|----|----|----|----|----|----|----|----|----|
***************************************************
change patienceN
time = 101752513
area = 1020
delay = 33
write_blif appntk/mtp8_33_0.0241797_1020_33.blif

round 34
seed = 1567411894 patienceN = 0 patienceM = 0 frameNumber = 32 nLocalPI = 9

0%   10   20   30   40   50   60   70   80   90   100%
|----|----|----|----|----|----|----|----|----|----|
***************************************************
change patienceM
time = 104518525
area = 1022
delay = 33
write_blif appntk/mtp8_34_0.0241797_1022_33.blif

round 35
seed = 1567411898 patienceN = 0 patienceM = 1 frameNumber = 32 nLocalPI = 9

0%   10   20   30   40   50   60   70   80   90   100%
|----|----|----|----|----|----|----|----|----|----|
***************************************************
change patienceM
time = 107463046
area = 1020
delay = 33
write_blif appntk/mtp8_35_0.0241797_1020_33.blif

round 36
seed = 1567411900 patienceN = 0 patienceM = 2 frameNumber = 32 nLocalPI = 9

0%   10   20   30   40   50   60   70   80   90   100%
|----|----|----|----|----|----|----|----|----|----|
***************************************************
change patienceM
time = 110325163
area = 1022
delay = 33
write_blif appntk/mtp8_36_0.0241797_1022_33.blif

round 37
seed = 1567411903 patienceN = 0 patienceM = 0 frameNumber = 32 nLocalPI = 8

0%   10   20   30   40   50   60   70   80   90   100%
|----|----|----|----|----|----|----|----|----|----|
***************************************************
change patienceM
time = 112948512
area = 1020
delay = 33
write_blif appntk/mtp8_37_0.0241797_1020_33.blif

round 38
seed = 1567411906 patienceN = 0 patienceM = 1 frameNumber = 32 nLocalPI = 8

0%   10   20   30   40   50   60   70   80   90   100%
|----|----|----|----|----|----|----|----|----|----|
***************************************************
change patienceM
time = 115927834
area = 1022
delay = 33
write_blif appntk/mtp8_38_0.0241797_1022_33.blif

round 39
seed = 1567411909 patienceN = 0 patienceM = 2 frameNumber = 32 nLocalPI = 8

0%   10   20   30   40   50   60   70   80   90   100%
|----|----|----|----|----|----|----|----|----|----|
***************************************************
change patienceM
time = 119434551
area = 1020
delay = 33
write_blif appntk/mtp8_39_0.0241797_1020_33.blif

round 40
seed = 1567411912 patienceN = 0 patienceM = 0 frameNumber = 32 nLocalPI = 7

0%   10   20   30   40   50   60   70   80   90   100%
|----|----|----|----|----|----|----|----|----|----|
***************************************************
change patienceM
time = 122065847
area = 1022
delay = 33
write_blif appntk/mtp8_40_0.0241797_1022_33.blif

round 41
seed = 1567411915 patienceN = 0 patienceM = 1 frameNumber = 32 nLocalPI = 7

0%   10   20   30   40   50   60   70   80   90   100%
|----|----|----|----|----|----|----|----|----|----|
***************************************************
change patienceM
time = 124969472
area = 1020
delay = 33
write_blif appntk/mtp8_41_0.0241797_1020_33.blif

round 42
seed = 1567411918 patienceN = 0 patienceM = 2 frameNumber = 32 nLocalPI = 7

0%   10   20   30   40   50   60   70   80   90   100%
|----|----|----|----|----|----|----|----|----|----|
***************************************************
change patienceM
time = 127878281
area = 1022
delay = 33
write_blif appntk/mtp8_42_0.0241797_1022_33.blif

round 43
seed = 1567411921 patienceN = 0 patienceM = 0 frameNumber = 32 nLocalPI = 6

0%   10   20   30   40   50   60   70   80   90   100%
|----|----|----|----|----|----|----|----|----|----|
***************************************************
change patienceM
time = 130727924
area = 1020
delay = 33
write_blif appntk/mtp8_43_0.0241797_1020_33.blif

round 44
seed = 1567411924 patienceN = 0 patienceM = 1 frameNumber = 32 nLocalPI = 6

0%   10   20   30   40   50   60   70   80   90   100%
|----|----|----|----|----|----|----|----|----|----|
***************************************************
change patienceM
time = 133470342
area = 1022
delay = 33
write_blif appntk/mtp8_44_0.0241797_1022_33.blif

round 45
seed = 1567411927 patienceN = 0 patienceM = 2 frameNumber = 32 nLocalPI = 6

0%   10   20   30   40   50   60   70   80   90   100%
|----|----|----|----|----|----|----|----|----|----|
***************************************************
change patienceM
time = 136126691
area = 1020
delay = 33
write_blif appntk/mtp8_45_0.0241797_1020_33.blif

round 46
seed = 1567411929 patienceN = 0 patienceM = 0 frameNumber = 32 nLocalPI = 5

0%   10   20   30   40   50   60   70   80   90   100%
|----|----|----|----|----|----|----|----|----|----|
***************************************************
best node n155 best error 0.0352246
time = 138913539
