Entered genlib library with 23 gates from file "data/genlib/mcnc.genlib".
Original area = 666, original delay = 16.1

round 0
seed = 0 patienceN = 0 patienceM = 0 frameNumber = 64 nLocalPI = 30

0%   10   20   30   40   50   60   70   80   90   100%
|----|----|----|----|----|----|----|----|----|----|
***************************************************
best node n102 best error 0
time = 6972646
area = 713
delay = 16.1
write_blif appntk/rca32_0_0_713_16.1.blif

round 1
seed = 1567411795 patienceN = 0 patienceM = 0 frameNumber = 64 nLocalPI = 30

0%   10   20   30   40   50   60   70   80   90   100%
|----|----|----|----|----|----|----|----|----|----|
***************************************************
best node n370 best error 0.000117187
time = 9959226
area = 641
delay = 16
write_blif appntk/rca32_1_0.000117187_641_16.blif

round 2
seed = 1567411802 patienceN = 0 patienceM = 0 frameNumber = 64 nLocalPI = 30

0%   10   20   30   40   50   60   70   80   90   100%
|----|----|----|----|----|----|----|----|----|----|
***************************************************
best node n249 best error 0.00102539
time = 13099427
area = 634
delay = 16
write_blif appntk/rca32_2_0.00102539_634_16.blif

round 3
seed = 1567411805 patienceN = 0 patienceM = 0 frameNumber = 64 nLocalPI = 30

0%   10   20   30   40   50   60   70   80   90   100%
|----|----|----|----|----|----|----|----|----|----|
***************************************************
best node n244 best error 0.00210938
time = 16461391
area = 642
delay = 16.1
write_blif appntk/rca32_3_0.00210938_642_16.1.blif

round 4
seed = 1567411808 patienceN = 0 patienceM = 0 frameNumber = 64 nLocalPI = 30

0%   10   20   30   40   50   60   70   80   90   100%
|----|----|----|----|----|----|----|----|----|----|
***************************************************
best node n330 best error 0.00401367
time = 18833922
area = 609
delay = 15.9
write_blif appntk/rca32_4_0.00401367_609_15.9.blif

round 5
seed = 1567411811 patienceN = 0 patienceM = 0 frameNumber = 64 nLocalPI = 30

0%   10   20   30   40   50   60   70   80   90   100%
|----|----|----|----|----|----|----|----|----|----|
***************************************************
best node n164 best error 0.0190918
time = 20541533
area = 625
delay = 16
write_blif appntk/rca32_5_0.0190918_625_16.blif

round 6
seed = 1567411814 patienceN = 0 patienceM = 0 frameNumber = 64 nLocalPI = 30

0%   10   20   30   40   50   60   70   80   90   100%
|----|----|----|----|----|----|----|----|----|----|
***************************************************
change patienceM
time = 22443663
area = 625
delay = 16
write_blif appntk/rca32_6_0.0190918_625_16.blif

round 7
seed = 1567411815 patienceN = 0 patienceM = 1 frameNumber = 64 nLocalPI = 30

0%   10   20   30   40   50   60   70   80   90   100%
|----|----|----|----|----|----|----|----|----|----|
***************************************************
change patienceM
time = 24440835
area = 625
delay = 16
write_blif appntk/rca32_7_0.0190918_625_16.blif

round 8
seed = 1567411817 patienceN = 0 patienceM = 2 frameNumber = 64 nLocalPI = 30

0%   10   20   30   40   50   60   70   80   90   100%
|----|----|----|----|----|----|----|----|----|----|
***************************************************
change patienceM
time = 25947229
area = 625
delay = 16
write_blif appntk/rca32_8_0.0190918_625_16.blif

round 9
seed = 1567411819 patienceN = 0 patienceM = 0 frameNumber = 64 nLocalPI = 29

0%   10   20   30   40   50   60   70   80   90   100%
|----|----|----|----|----|----|----|----|----|----|
***************************************************
change patienceM
time = 27849677
area = 625
delay = 16
write_blif appntk/rca32_9_0.0190918_625_16.blif

round 10
seed = 1567411821 patienceN = 0 patienceM = 1 frameNumber = 64 nLocalPI = 29

0%   10   20   30   40   50   60   70   80   90   100%
|----|----|----|----|----|----|----|----|----|----|
***************************************************
change patienceM
time = 29498300
area = 625
delay = 16
write_blif appntk/rca32_10_0.0190918_625_16.blif

round 11
seed = 1567411823 patienceN = 0 patienceM = 2 frameNumber = 64 nLocalPI = 29

0%   10   20   30   40   50   60   70   80   90   100%
|----|----|----|----|----|----|----|----|----|----|
***************************************************
change patienceM
time = 31061895
area = 625
delay = 16
write_blif appntk/rca32_11_0.0190918_625_16.blif

round 12
seed = 1567411824 patienceN = 0 patienceM = 0 frameNumber = 64 nLocalPI = 28

0%   10   20   30   40   50   60   70   80   90   100%
|----|----|----|----|----|----|----|----|----|----|
***************************************************
change patienceM
time = 32925547
area = 625
delay = 16
write_blif appntk/rca32_12_0.0190918_625_16.blif

round 13
seed = 1567411826 patienceN = 0 patienceM = 1 frameNumber = 64 nLocalPI = 28

0%   10   20   30   40   50   60   70   80   90   100%
|----|----|----|----|----|----|----|----|----|----|
***************************************************
change patienceM
time = 34578535
area = 625
delay = 16
write_blif appntk/rca32_13_0.0190918_625_16.blif

round 14
seed = 1567411828 patienceN = 0 patienceM = 2 frameNumber = 64 nLocalPI = 28

0%   10   20   30   40   50   60   70   80   90   100%
|----|----|----|----|----|----|----|----|----|----|
***************************************************
change patienceM
time = 36382344
area = 625
delay = 16
write_blif appntk/rca32_14_0.0190918_625_16.blif

round 15
seed = 1567411830 patienceN = 0 patienceM = 0 frameNumber = 64 nLocalPI = 27

0%   10   20   30   40   50   60   70   80   90   100%
|----|----|----|----|----|----|----|----|----|----|
***************************************************
change patienceM
time = 38013904
area = 625
delay = 16
write_blif appntk/rca32_15_0.0190918_625_16.blif

round 16
seed = 1567411831 patienceN = 0 patienceM = 1 frameNumber = 64 nLocalPI = 27

0%   10   20   30   40   50   60   70   80   90   100%
|----|----|----|----|----|----|----|----|----|----|
***************************************************
change patienceM
time = 39916754
area = 625
delay = 16
write_blif appntk/rca32_16_0.0190918_625_16.blif

round 17
seed = 1567411833 patienceN = 0 patienceM = 2 frameNumber = 64 nLocalPI = 27

0%   10   20   30   40   50   60   70   80   90   100%
|----|----|----|----|----|----|----|----|----|----|
***************************************************
change patienceM
time = 41899955
area = 625
delay = 16
write_blif appntk/rca32_17_0.0190918_625_16.blif

round 18
seed = 1567411835 patienceN = 0 patienceM = 0 frameNumber = 64 nLocalPI = 26

0%   10   20   30   40   50   60   70   80   90   100%
|----|----|----|----|----|----|----|----|----|----|
***************************************************
change patienceM
time = 43990510
area = 625
delay = 16
write_blif appntk/rca32_18_0.0190918_625_16.blif

round 19
seed = 1567411837 patienceN = 0 patienceM = 1 frameNumber = 64 nLocalPI = 26

0%   10   20   30   40   50   60   70   80   90   100%
|----|----|----|----|----|----|----|----|----|----|
***************************************************
change patienceM
time = 46084273
area = 625
delay = 16
write_blif appntk/rca32_19_0.0190918_625_16.blif

round 20
seed = 1567411839 patienceN = 0 patienceM = 2 frameNumber = 64 nLocalPI = 26

0%   10   20   30   40   50   60   70   80   90   100%
|----|----|----|----|----|----|----|----|----|----|
***************************************************
change patienceM
time = 48562967
area = 625
delay = 16
write_blif appntk/rca32_20_0.0190918_625_16.blif

round 21
seed = 1567411841 patienceN = 0 patienceM = 0 frameNumber = 64 nLocalPI = 25

0%   10   20   30   40   50   60   70   80   90   100%
|----|----|----|----|----|----|----|----|----|----|
***************************************************
change patienceM
time = 50664938
area = 625
delay = 16
write_blif appntk/rca32_21_0.0190918_625_16.blif

round 22
seed = 1567411844 patienceN = 0 patienceM = 1 frameNumber = 64 nLocalPI = 25

0%   10   20   30   40   50   60   70   80   90   100%
|----|----|----|----|----|----|----|----|----|----|
***************************************************
change patienceM
time = 52885814
area = 625
delay = 16
write_blif appntk/rca32_22_0.0190918_625_16.blif

round 23
seed = 1567411846 patienceN = 0 patienceM = 2 frameNumber = 64 nLocalPI = 25

0%   10   20   30   40   50   60   70   80   90   100%
|----|----|----|----|----|----|----|----|----|----|
***************************************************
change patienceM
time = 55080192
area = 625
delay = 16
write_blif appntk/rca32_23_0.0190918_625_16.blif

round 24
seed = 1567411848 patienceN = 0 patienceM = 0 frameNumber = 64 nLocalPI = 24

0%   10   20   30   40   50   60   70   80   90   100%
|----|----|----|----|----|----|----|----|----|----|
***************************************************
change patienceM
time = 57115760
area = 625
delay = 16
write_blif appntk/rca32_24_0.0190918_625_16.blif

round 25
seed = 1567411850 patienceN = 0 patienceM = 1 frameNumber = 64 nLocalPI = 24

0%   10   20   30   40   50   60   70   80   90   100%
|----|----|----|----|----|----|----|----|----|----|
***************************************************
change patienceM
time = 59021255
area = 625
delay = 16
write_blif appntk/rca32_25_0.0190918_625_16.blif

round 26
seed = 1567411852 patienceN = 0 patienceM = 2 frameNumber = 64 nLocalPI = 24

0%   10   20   30   40   50   60   70   80   90   100%
|----|----|----|----|----|----|----|----|----|----|
***************************************************
change patienceM
time = 61098545
area = 625
delay = 16
write_blif appntk/rca32_26_0.0190918_625_16.blif

round 27
seed = 1567411854 patienceN = 0 patienceM = 0 frameNumber = 64 nLocalPI = 23

0%   10   20   30   40   50   60   70   80   90   100%
|----|----|----|----|----|----|----|----|----|----|
***************************************************
change patienceM
time = 63029256
area = 625
delay = 16
write_blif appntk/rca32_27_0.0190918_625_16.blif

round 28
seed = 1567411856 patienceN = 0 patienceM = 1 frameNumber = 64 nLocalPI = 23

0%   10   20   30   40   50   60   70   80   90   100%
|----|----|----|----|----|----|----|----|----|----|
***************************************************
change patienceM
time = 64729321
area = 625
delay = 16
write_blif appntk/rca32_28_0.0190918_625_16.blif

round 29
seed = 1567411858 patienceN = 0 patienceM = 2 frameNumber = 64 nLocalPI = 23

0%   10   20   30   40   50   60   70   80   90   100%
|----|----|----|----|----|----|----|----|----|----|
***************************************************
change patienceM
time = 66221262
area = 625
delay = 16
write_blif appntk/rca32_29_0.0190918_625_16.blif

round 30
seed = 1567411860 patienceN = 0 patienceM = 0 frameNumber = 64 nLocalPI = 22

0%   10   20   30   40   50   60   70   80   90   100%
|----|----|----|----|----|----|----|----|----|----|
***************************************************
change patienceM
time = 67703841
area = 625
delay = 16
write_blif appntk/rca32_30_0.0190918_625_16.blif

round 31
seed = 1567411861 patienceN = 0 patienceM = 1 frameNumber = 64 nLocalPI = 22

0%   10   20   30   40   50   60   70   80   90   100%
|----|----|----|----|----|----|----|----|----|----|
***************************************************
change patienceM
time = 69014081
area = 625
delay = 16
write_blif appntk/rca32_31_0.0190918_625_16.blif

round 32
seed = 1567411863 patienceN = 0 patienceM = 2 frameNumber = 64 nLocalPI = 22

0%   10   20   30   40   50   60   70   80   90   100%
|----|----|----|----|----|----|----|----|----|----|
***************************************************
change patienceM
time = 70417350
area = 625
delay = 16
write_blif appntk/rca32_32_0.0190918_625_16.blif

round 33
seed = 1567411864 patienceN = 0 patienceM = 0 frameNumber = 64 nLocalPI = 21

0%   10   20   30   40   50   60   70   80   90   100%
|----|----|----|----|----|----|----|----|----|----|
***************************************************
change patienceM
time = 71689870
area = 625
delay = 16
write_blif appntk/rca32_33_0.0190918_625_16.blif

round 34
seed = 1567411865 patienceN = 0 patienceM = 1 frameNumber = 64 nLocalPI = 21

0%   10   20   30   40   50   60   70   80   90   100%
|----|----|----|----|----|----|----|----|----|----|
***************************************************
change patienceM
time = 73578448
area = 625
delay = 16
write_blif appntk/rca32_34_0.0190918_625_16.blif

round 35
seed = 1567411867 patienceN = 0 patienceM = 2 frameNumber = 64 nLocalPI = 21

0%   10   20   30   40   50   60   70   80   90   100%
|----|----|----|----|----|----|----|----|----|----|
***************************************************
change patienceM
time = 74934327
area = 625
delay = 16
write_blif appntk/rca32_35_0.0190918_625_16.blif

round 36
seed = 1567411869 patienceN = 0 patienceM = 0 frameNumber = 64 nLocalPI = 20

0%   10   20   30   40   50   60   70   80   90   100%
|----|----|----|----|----|----|----|----|----|----|
***************************************************
change patienceN
time = 76022733
area = 625
delay = 16
write_blif appntk/rca32_36_0.0190918_625_16.blif

round 37
seed = 1567411870 patienceN = 1 patienceM = 0 frameNumber = 64 nLocalPI = 20

0%   10   20   30   40   50   60   70   80   90   100%
|----|----|----|----|----|----|----|----|----|----|
***************************************************
change patienceM
time = 77196153
area = 625
delay = 16
write_blif appntk/rca32_37_0.0190918_625_16.blif

round 38
seed = 1567411871 patienceN = 1 patienceM = 1 frameNumber = 64 nLocalPI = 20

0%   10   20   30   40   50   60   70   80   90   100%
|----|----|----|----|----|----|----|----|----|----|
***************************************************
change patienceM
time = 78535711
area = 625
delay = 16
write_blif appntk/rca32_38_0.0190918_625_16.blif

round 39
seed = 1567411872 patienceN = 1 patienceM = 2 frameNumber = 64 nLocalPI = 20

0%   10   20   30   40   50   60   70   80   90   100%
|----|----|----|----|----|----|----|----|----|----|
***************************************************
change patienceM
time = 79704586
area = 625
delay = 16
write_blif appntk/rca32_39_0.0190918_625_16.blif

round 40
seed = 1567411874 patienceN = 0 patienceM = 0 frameNumber = 64 nLocalPI = 19

0%   10   20   30   40   50   60   70   80   90   100%
|----|----|----|----|----|----|----|----|----|----|
***************************************************
change patienceM
time = 81199625
area = 625
delay = 16
write_blif appntk/rca32_40_0.0190918_625_16.blif

round 41
seed = 1567411875 patienceN = 0 patienceM = 1 frameNumber = 64 nLocalPI = 19

0%   10   20   30   40   50   60   70   80   90   100%
|----|----|----|----|----|----|----|----|----|----|
***************************************************
change patienceM
time = 82563966
area = 625
delay = 16
write_blif appntk/rca32_41_0.0190918_625_16.blif

round 42
seed = 1567411876 patienceN = 0 patienceM = 2 frameNumber = 64 nLocalPI = 19

0%   10   20   30   40   50   60   70   80   90   100%
|----|----|----|----|----|----|----|----|----|----|
***************************************************
change patienceM
time = 84265996
area = 625
delay = 16
write_blif appntk/rca32_42_0.0190918_625_16.blif

round 43
seed = 1567411878 patienceN = 0 patienceM = 0 frameNumber = 64 nLocalPI = 18

0%   10   20   30   40   50   60   70   80   90   100%
|----|----|----|----|----|----|----|----|----|----|
***************************************************
change patienceM
time = 86148047
area = 625
delay = 16
write_blif appntk/rca32_43_0.0190918_625_16.blif

round 44
seed = 1567411879 patienceN = 0 patienceM = 1 frameNumber = 64 nLocalPI = 18

0%   10   20   30   40   50   60   70   80   90   100%
|----|----|----|----|----|----|----|----|----|----|
***************************************************
change patienceM
time = 88243691
area = 625
delay = 16
write_blif appntk/rca32_44_0.0190918_625_16.blif

round 45
seed = 1567411881 patienceN = 0 patienceM = 2 frameNumber = 64 nLocalPI = 18

0%   10   20   30   40   50   60   70   80   90   100%
|----|----|----|----|----|----|----|----|----|----|
***************************************************
change patienceM
time = 90097543
area = 625
delay = 16
write_blif appntk/rca32_45_0.0190918_625_16.blif

round 46
seed = 1567411883 patienceN = 0 patienceM = 0 frameNumber = 64 nLocalPI = 17

0%   10   20   30   40   50   60   70   80   90   100%
|----|----|----|----|----|----|----|----|----|----|
***************************************************
change patienceM
time = 91758749
area = 625
delay = 16
write_blif appntk/rca32_46_0.0190918_625_16.blif

round 47
seed = 1567411885 patienceN = 0 patienceM = 1 frameNumber = 64 nLocalPI = 17

0%   10   20   30   40   50   60   70   80   90   100%
|----|----|----|----|----|----|----|----|----|----|
***************************************************
change patienceM
time = 94027336
area = 625
delay = 16
write_blif appntk/rca32_47_0.0190918_625_16.blif

round 48
seed = 1567411887 patienceN = 0 patienceM = 2 frameNumber = 64 nLocalPI = 17

0%   10   20   30   40   50   60   70   80   90   100%
|----|----|----|----|----|----|----|----|----|----|
***************************************************
change patienceM
time = 95511301
area = 625
delay = 16
write_blif appntk/rca32_48_0.0190918_625_16.blif

round 49
seed = 1567411889 patienceN = 0 patienceM = 0 frameNumber = 64 nLocalPI = 16

0%   10   20   30   40   50   60   70   80   90   100%
|----|----|----|----|----|----|----|----|----|----|
***************************************************
change patienceM
time = 96551952
area = 625
delay = 16
write_blif appntk/rca32_49_0.0190918_625_16.blif

round 50
seed = 1567411891 patienceN = 0 patienceM = 1 frameNumber = 64 nLocalPI = 16

0%   10   20   30   40   50   60   70   80   90   100%
|----|----|----|----|----|----|----|----|----|----|
***************************************************
change patienceM
time = 98157482
area = 625
delay = 16
write_blif appntk/rca32_50_0.0190918_625_16.blif

round 51
seed = 1567411892 patienceN = 0 patienceM = 2 frameNumber = 64 nLocalPI = 16

0%   10   20   30   40   50   60   70   80   90   100%
|----|----|----|----|----|----|----|----|----|----|
***************************************************
change patienceN
time = 99566485
area = 625
delay = 16
write_blif appntk/rca32_51_0.0190918_625_16.blif

round 52
seed = 1567411893 patienceN = 1 patienceM = 2 frameNumber = 64 nLocalPI = 16

0%   10   20   30   40   50   60   70   80   90   100%
|----|----|----|----|----|----|----|----|----|----|
***************************************************
change patienceN
time = 100946958
area = 625
delay = 16
write_blif appntk/rca32_52_0.0190918_625_16.blif

round 53
seed = 1567411895 patienceN = 2 patienceM = 2 frameNumber = 64 nLocalPI = 16

0%   10   20   30   40   50   60   70   80   90   100%
|----|----|----|----|----|----|----|----|----|----|
***************************************************
change patienceM
time = 102542610
area = 625
delay = 16
write_blif appntk/rca32_53_0.0190918_625_16.blif

round 54
seed = 1567411896 patienceN = 0 patienceM = 0 frameNumber = 64 nLocalPI = 15

0%   10   20   30   40   50   60   70   80   90   100%
|----|----|----|----|----|----|----|----|----|----|
***************************************************
change patienceM
time = 103962338
area = 625
delay = 16
write_blif appntk/rca32_54_0.0190918_625_16.blif

round 55
seed = 1567411898 patienceN = 0 patienceM = 1 frameNumber = 64 nLocalPI = 15

0%   10   20   30   40   50   60   70   80   90   100%
|----|----|----|----|----|----|----|----|----|----|
***************************************************
change patienceM
time = 105505623
area = 625
delay = 16
write_blif appntk/rca32_55_0.0190918_625_16.blif

round 56
seed = 1567411899 patienceN = 0 patienceM = 2 frameNumber = 64 nLocalPI = 15

0%   10   20   30   40   50   60   70   80   90   100%
|----|----|----|----|----|----|----|----|----|----|
***************************************************
change patienceM
time = 107212491
area = 625
delay = 16
write_blif appntk/rca32_56_0.0190918_625_16.blif

round 57
seed = 1567411901 patienceN = 0 patienceM = 0 frameNumber = 64 nLocalPI = 14

0%   10   20   30   40   50   60   70   80   90   100%
|----|----|----|----|----|----|----|----|----|----|
***************************************************
change patienceM
time = 108593626
area = 625
delay = 16
write_blif appntk/rca32_57_0.0190918_625_16.blif

round 58
seed = 1567411902 patienceN = 0 patienceM = 1 frameNumber = 64 nLocalPI = 14

0%   10   20   30   40   50   60   70   80   90   100%
|----|----|----|----|----|----|----|----|----|----|
***************************************************
change patienceM
time = 109910700
area = 625
delay = 16
write_blif appntk/rca32_58_0.0190918_625_16.blif

round 59
seed = 1567411904 patienceN = 0 patienceM = 2 frameNumber = 64 nLocalPI = 14

0%   10   20   30   40   50   60   70   80   90   100%
|----|----|----|----|----|----|----|----|----|----|
***************************************************
change patienceM
time = 110880245
area = 625
delay = 16
write_blif appntk/rca32_59_0.0190918_625_16.blif

round 60
seed = 1567411905 patienceN = 0 patienceM = 0 frameNumber = 64 nLocalPI = 13

0%   10   20   30   40   50   60   70   80   90   100%
|----|----|----|----|----|----|----|----|----|----|
***************************************************
change patienceM
time = 112130318
area = 625
delay = 16
write_blif appntk/rca32_60_0.0190918_625_16.blif

round 61
seed = 1567411906 patienceN = 0 patienceM = 1 frameNumber = 64 nLocalPI = 13

0%   10   20   30   40   50   60   70   80   90   100%
|----|----|----|----|----|----|----|----|----|----|
***************************************************
change patienceM
time = 113378592
area = 625
delay = 16
write_blif appntk/rca32_61_0.0190918_625_16.blif

round 62
seed = 1567411907 patienceN = 0 patienceM = 2 frameNumber = 64 nLocalPI = 13

0%   10   20   30   40   50   60   70   80   90   100%
|----|----|----|----|----|----|----|----|----|----|
***************************************************
change patienceM
time = 114628635
area = 625
delay = 16
write_blif appntk/rca32_62_0.0190918_625_16.blif

round 63
seed = 1567411908 patienceN = 0 patienceM = 0 frameNumber = 64 nLocalPI = 12

0%   10   20   30   40   50   60   70   80   90   100%
|----|----|----|----|----|----|----|----|----|----|
***************************************************
change patienceN
time = 115460569
area = 625
delay = 16
write_blif appntk/rca32_63_0.0190918_625_16.blif

round 64
seed = 1567411910 patienceN = 1 patienceM = 0 frameNumber = 64 nLocalPI = 12

0%   10   20   30   40   50   60   70   80   90   100%
|----|----|----|----|----|----|----|----|----|----|
***************************************************
change patienceM
time = 116453287
area = 625
delay = 16
write_blif appntk/rca32_64_0.0190918_625_16.blif

round 65
seed = 1567411911 patienceN = 1 patienceM = 1 frameNumber = 64 nLocalPI = 12

0%   10   20   30   40   50   60   70   80   90   100%
|----|----|----|----|----|----|----|----|----|----|
***************************************************
change patienceM
time = 117692780
area = 625
delay = 16
write_blif appntk/rca32_65_0.0190918_625_16.blif

round 66
seed = 1567411912 patienceN = 1 patienceM = 2 frameNumber = 64 nLocalPI = 12

0%   10   20   30   40   50   60   70   80   90   100%
|----|----|----|----|----|----|----|----|----|----|
***************************************************
change patienceM
time = 118927573
area = 625
delay = 16
write_blif appntk/rca32_66_0.0190918_625_16.blif

round 67
seed = 1567411913 patienceN = 0 patienceM = 0 frameNumber = 64 nLocalPI = 11

0%   10   20   30   40   50   60   70   80   90   100%
|----|----|----|----|----|----|----|----|----|----|
***************************************************
change patienceM
time = 119784470
area = 625
delay = 16
write_blif appntk/rca32_67_0.0190918_625_16.blif

round 68
seed = 1567411914 patienceN = 0 patienceM = 1 frameNumber = 64 nLocalPI = 11

0%   10   20   30   40   50   60   70   80   90   100%
|----|----|----|----|----|----|----|----|----|----|
***************************************************
change patienceM
time = 120968913
area = 625
delay = 16
write_blif appntk/rca32_68_0.0190918_625_16.blif

round 69
seed = 1567411915 patienceN = 0 patienceM = 2 frameNumber = 64 nLocalPI = 11

0%   10   20   30   40   50   60   70   80   90   100%
|----|----|----|----|----|----|----|----|----|----|
***************************************************
change patienceM
time = 121904470
area = 625
delay = 16
write_blif appntk/rca32_69_0.0190918_625_16.blif

round 70
seed = 1567411916 patienceN = 0 patienceM = 0 frameNumber = 64 nLocalPI = 10

0%   10   20   30   40   50   60   70   80   90   100%
|----|----|----|----|----|----|----|----|----|----|
***************************************************
change patienceM
time = 123006742
area = 625
delay = 16
write_blif appntk/rca32_70_0.0190918_625_16.blif

round 71
seed = 1567411917 patienceN = 0 patienceM = 1 frameNumber = 64 nLocalPI = 10

0%   10   20   30   40   50   60   70   80   90   100%
|----|----|----|----|----|----|----|----|----|----|
***************************************************
change patienceM
time = 124027041
area = 625
delay = 16
write_blif appntk/rca32_71_0.0190918_625_16.blif

round 72
seed = 1567411918 patienceN = 0 patienceM = 2 frameNumber = 64 nLocalPI = 10

0%   10   20   30   40   50   60   70   80   90   100%
|----|----|----|----|----|----|----|----|----|----|
***************************************************
change patienceM
time = 125214494
area = 625
delay = 16
write_blif appntk/rca32_72_0.0190918_625_16.blif

round 73
seed = 1567411919 patienceN = 0 patienceM = 0 frameNumber = 64 nLocalPI = 9

0%   10   20   30   40   50   60   70   80   90   100%
|----|----|----|----|----|----|----|----|----|----|
***************************************************
change patienceM
time = 126036486
area = 625
delay = 16
write_blif appntk/rca32_73_0.0190918_625_16.blif

round 74
seed = 1567411920 patienceN = 0 patienceM = 1 frameNumber = 64 nLocalPI = 9

0%   10   20   30   40   50   60   70   80   90   100%
|----|----|----|----|----|----|----|----|----|----|
***************************************************
change patienceM
time = 127106137
area = 625
delay = 16
write_blif appntk/rca32_74_0.0190918_625_16.blif

round 75
seed = 1567411921 patienceN = 0 patienceM = 2 frameNumber = 64 nLocalPI = 9

0%   10   20   30   40   50   60   70   80   90   100%
|----|----|----|----|----|----|----|----|----|----|
***************************************************
change patienceM
time = 127926040
area = 625
delay = 16
write_blif appntk/rca32_75_0.0190918_625_16.blif

round 76
seed = 1567411922 patienceN = 0 patienceM = 0 frameNumber = 64 nLocalPI = 8

0%   10   20   30   40   50   60   70   80   90   100%
|----|----|----|----|----|----|----|----|----|----|
***************************************************
change patienceM
time = 128919359
area = 625
delay = 16
write_blif appntk/rca32_76_0.0190918_625_16.blif

round 77
seed = 1567411923 patienceN = 0 patienceM = 1 frameNumber = 64 nLocalPI = 8

0%   10   20   30   40   50   60   70   80   90   100%
|----|----|----|----|----|----|----|----|----|----|
***************************************************
change patienceM
time = 129915198
area = 625
delay = 16
write_blif appntk/rca32_77_0.0190918_625_16.blif

round 78
seed = 1567411924 patienceN = 0 patienceM = 2 frameNumber = 64 nLocalPI = 8

0%   10   20   30   40   50   60   70   80   90   100%
|----|----|----|----|----|----|----|----|----|----|
***************************************************
change patienceM
time = 130829460
area = 625
delay = 16
write_blif appntk/rca32_78_0.0190918_625_16.blif

round 79
seed = 1567411925 patienceN = 0 patienceM = 0 frameNumber = 64 nLocalPI = 7

0%   10   20   30   40   50   60   70   80   90   100%
|----|----|----|----|----|----|----|----|----|----|
***************************************************
change patienceM
time = 131613831
area = 625
delay = 16
write_blif appntk/rca32_79_0.0190918_625_16.blif

round 80
seed = 1567411926 patienceN = 0 patienceM = 1 frameNumber = 64 nLocalPI = 7

0%   10   20   30   40   50   60   70   80   90   100%
|----|----|----|----|----|----|----|----|----|----|
***************************************************
change patienceN
time = 132316864
area = 625
delay = 16
write_blif appntk/rca32_80_0.0190918_625_16.blif

round 81
seed = 1567411927 patienceN = 1 patienceM = 1 frameNumber = 64 nLocalPI = 7

0%   10   20   30   40   50   60   70   80   90   100%
|----|----|----|----|----|----|----|----|----|----|
***************************************************
change patienceN
time = 133018677
area = 625
delay = 16
write_blif appntk/rca32_81_0.0190918_625_16.blif

round 82
seed = 1567411927 patienceN = 2 patienceM = 1 frameNumber = 64 nLocalPI = 7

0%   10   20   30   40   50   60   70   80   90   100%
|----|----|----|----|----|----|----|----|----|----|
***************************************************
change patienceM
time = 134228586
area = 625
delay = 16
write_blif appntk/rca32_82_0.0190918_625_16.blif

round 83
seed = 1567411928 patienceN = 2 patienceM = 2 frameNumber = 64 nLocalPI = 7

0%   10   20   30   40   50   60   70   80   90   100%
|----|----|----|----|----|----|----|----|----|----|
***************************************************
change patienceM
time = 135013967
area = 625
delay = 16
write_blif appntk/rca32_83_0.0190918_625_16.blif

round 84
seed = 1567411929 patienceN = 0 patienceM = 0 frameNumber = 64 nLocalPI = 6

0%   10   20   30   40   50   60   70   80   90   100%
|----|----|----|----|----|----|----|----|----|----|
***************************************************
change patienceM
time = 135809085
area = 625
delay = 16
write_blif appntk/rca32_84_0.0190918_625_16.blif

round 85
seed = 1567411930 patienceN = 0 patienceM = 1 frameNumber = 64 nLocalPI = 6

0%   10   20   30   40   50   60   70   80   90   100%
|----|----|----|----|----|----|----|----|----|----|
***************************************************
change patienceM
time = 136684763
area = 625
delay = 16
write_blif appntk/rca32_85_0.0190918_625_16.blif

round 86
seed = 1567411931 patienceN = 0 patienceM = 2 frameNumber = 64 nLocalPI = 6

0%   10   20   30   40   50   60   70   80   90   100%
|----|----|----|----|----|----|----|----|----|----|
***************************************************
change patienceM
time = 137561611
area = 625
delay = 16
write_blif appntk/rca32_86_0.0190918_625_16.blif

round 87
seed = 1567411932 patienceN = 0 patienceM = 0 frameNumber = 64 nLocalPI = 5

0%   10   20   30   40   50   60   70   80   90   100%
|----|----|----|----|----|----|----|----|----|----|
***************************************************
best node n248 best error 0.0480859
time = 138321526
