Entered genlib library with 23 gates from file "data/genlib/mcnc.genlib".
Line 9: Skipping line ".default_input_arrival 0.00 0.00 ".
Line 10: Skipping line ".default_output_required 0.00 0.00 ".
Line 11: Skipping line ".default_input_drive 0.10 0.10 ".
Line 12: Skipping line ".default_output_load 2.00 ".
Line 13: Skipping line ".default_max_input_load 999.00 ".
Original area = 1081, original delay = 45.3

round 0
seed = 0 patienceN = 0 patienceM = 0 frameNumber = 64 nLocalPI = 16

0%   10   20   30   40   50   60   70   80   90   100%
|----|----|----|----|----|----|----|----|----|----|
***************************************************
best node product[0] best error 0
time = 5312049
area = 908
delay = 43.5
write_blif appntk/wal8_0_0_908_43.5.blif

round 1
seed = 1567411795 patienceN = 0 patienceM = 0 frameNumber = 64 nLocalPI = 16

0%   10   20   30   40   50   60   70   80   90   100%
|----|----|----|----|----|----|----|----|----|----|
***************************************************
best node n244 best error 0.00266602
time = 8404715
area = 900
delay = 45
write_blif appntk/wal8_1_0.00266602_900_45.blif

round 2
seed = 1567411801 patienceN = 0 patienceM = 0 frameNumber = 64 nLocalPI = 16

0%   10   20   30   40   50   60   70   80   90   100%
|----|----|----|----|----|----|----|----|----|----|
***************************************************
best node n97 best error 0.00987305
time = 12060049
area = 892
delay = 43.6
write_blif appntk/wal8_2_0.00987305_892_43.6.blif

round 3
seed = 1567411804 patienceN = 0 patienceM = 0 frameNumber = 64 nLocalPI = 16

0%   10   20   30   40   50   60   70   80   90   100%
|----|----|----|----|----|----|----|----|----|----|
***************************************************
best node n179 best error 0.0123633
time = 15724021
area = 889
delay = 43.6
write_blif appntk/wal8_3_0.0123633_889_43.6.blif

round 4
seed = 1567411808 patienceN = 0 patienceM = 0 frameNumber = 64 nLocalPI = 16

0%   10   20   30   40   50   60   70   80   90   100%
|----|----|----|----|----|----|----|----|----|----|
***************************************************
best node n129 best error 0.0123633
time = 18306802
area = 883
delay = 44.9
write_blif appntk/wal8_4_0.0123633_883_44.9.blif

round 5
seed = 1567411811 patienceN = 0 patienceM = 0 frameNumber = 64 nLocalPI = 16

0%   10   20   30   40   50   60   70   80   90   100%
|----|----|----|----|----|----|----|----|----|----|
***************************************************
best node n68 best error 0.0200391
time = 21817186
area = 874
delay = 44.3
write_blif appntk/wal8_5_0.0200391_874_44.3.blif

round 6
seed = 1567411814 patienceN = 0 patienceM = 0 frameNumber = 64 nLocalPI = 16

0%   10   20   30   40   50   60   70   80   90   100%
|----|----|----|----|----|----|----|----|----|----|
***************************************************
change patienceM
time = 24969243
area = 878
delay = 44.9
write_blif appntk/wal8_6_0.0200391_878_44.9.blif

round 7
seed = 1567411817 patienceN = 0 patienceM = 1 frameNumber = 64 nLocalPI = 16

0%   10   20   30   40   50   60   70   80   90   100%
|----|----|----|----|----|----|----|----|----|----|
***************************************************
change patienceM
time = 28427042
area = 874
delay = 44.3
write_blif appntk/wal8_7_0.0200391_874_44.3.blif

round 8
seed = 1567411821 patienceN = 0 patienceM = 2 frameNumber = 64 nLocalPI = 16

0%   10   20   30   40   50   60   70   80   90   100%
|----|----|----|----|----|----|----|----|----|----|
***************************************************
change patienceM
time = 31697906
area = 878
delay = 44.9
write_blif appntk/wal8_8_0.0200391_878_44.9.blif

round 9
seed = 1567411824 patienceN = 0 patienceM = 0 frameNumber = 64 nLocalPI = 15

0%   10   20   30   40   50   60   70   80   90   100%
|----|----|----|----|----|----|----|----|----|----|
***************************************************
change patienceM
time = 34057747
area = 874
delay = 44.3
write_blif appntk/wal8_9_0.0200391_874_44.3.blif

round 10
seed = 1567411827 patienceN = 0 patienceM = 1 frameNumber = 64 nLocalPI = 15

0%   10   20   30   40   50   60   70   80   90   100%
|----|----|----|----|----|----|----|----|----|----|
***************************************************
change patienceM
time = 37018034
area = 878
delay = 44.9
write_blif appntk/wal8_10_0.0200391_878_44.9.blif

round 11
seed = 1567411829 patienceN = 0 patienceM = 2 frameNumber = 64 nLocalPI = 15

0%   10   20   30   40   50   60   70   80   90   100%
|----|----|----|----|----|----|----|----|----|----|
***************************************************
change patienceM
time = 39910444
area = 874
delay = 44.3
write_blif appntk/wal8_11_0.0200391_874_44.3.blif

round 12
seed = 1567411832 patienceN = 0 patienceM = 0 frameNumber = 64 nLocalPI = 14

0%   10   20   30   40   50   60   70   80   90   100%
|----|----|----|----|----|----|----|----|----|----|
***************************************************
change patienceM
time = 42678084
area = 878
delay = 44.9
write_blif appntk/wal8_12_0.0200391_878_44.9.blif

round 13
seed = 1567411836 patienceN = 0 patienceM = 1 frameNumber = 64 nLocalPI = 14

0%   10   20   30   40   50   60   70   80   90   100%
|----|----|----|----|----|----|----|----|----|----|
***************************************************
change patienceM
time = 45502224
area = 874
delay = 44.3
write_blif appntk/wal8_13_0.0200391_874_44.3.blif

round 14
seed = 1567411838 patienceN = 0 patienceM = 2 frameNumber = 64 nLocalPI = 14

0%   10   20   30   40   50   60   70   80   90   100%
|----|----|----|----|----|----|----|----|----|----|
***************************************************
change patienceM
time = 49014046
area = 878
delay = 44.9
write_blif appntk/wal8_14_0.0200391_878_44.9.blif

round 15
seed = 1567411841 patienceN = 0 patienceM = 0 frameNumber = 64 nLocalPI = 13

0%   10   20   30   40   50   60   70   80   90   100%
|----|----|----|----|----|----|----|----|----|----|
***************************************************
change patienceM
time = 52096724
area = 874
delay = 44.3
write_blif appntk/wal8_15_0.0200391_874_44.3.blif

round 16
seed = 1567411845 patienceN = 0 patienceM = 1 frameNumber = 64 nLocalPI = 13

0%   10   20   30   40   50   60   70   80   90   100%
|----|----|----|----|----|----|----|----|----|----|
***************************************************
change patienceM
time = 54650930
area = 878
delay = 44.9
write_blif appntk/wal8_16_0.0200391_878_44.9.blif

round 17
seed = 1567411848 patienceN = 0 patienceM = 2 frameNumber = 64 nLocalPI = 13

0%   10   20   30   40   50   60   70   80   90   100%
|----|----|----|----|----|----|----|----|----|----|
***************************************************
change patienceM
time = 57391789
area = 874
delay = 44.3
write_blif appntk/wal8_17_0.0200391_874_44.3.blif

round 18
seed = 1567411850 patienceN = 0 patienceM = 0 frameNumber = 64 nLocalPI = 12

0%   10   20   30   40   50   60   70   80   90   100%
|----|----|----|----|----|----|----|----|----|----|
***************************************************
change patienceM
time = 60454795
area = 878
delay = 44.9
write_blif appntk/wal8_18_0.0200391_878_44.9.blif

round 19
seed = 1567411853 patienceN = 0 patienceM = 1 frameNumber = 64 nLocalPI = 12

0%   10   20   30   40   50   60   70   80   90   100%
|----|----|----|----|----|----|----|----|----|----|
***************************************************
change patienceM
time = 63219717
area = 874
delay = 44.3
write_blif appntk/wal8_19_0.0200391_874_44.3.blif

round 20
seed = 1567411856 patienceN = 0 patienceM = 2 frameNumber = 64 nLocalPI = 12

0%   10   20   30   40   50   60   70   80   90   100%
|----|----|----|----|----|----|----|----|----|----|
***************************************************
change patienceM
time = 65313344
area = 878
delay = 44.9
write_blif appntk/wal8_20_0.0200391_878_44.9.blif

round 21
seed = 1567411859 patienceN = 0 patienceM = 0 frameNumber = 64 nLocalPI = 11

0%   10   20   30   40   50   60   70   80   90   100%
|----|----|----|----|----|----|----|----|----|----|
***************************************************
change patienceM
time = 67710653
area = 874
delay = 44.3
write_blif appntk/wal8_21_0.0200391_874_44.3.blif

round 22
seed = 1567411861 patienceN = 0 patienceM = 1 frameNumber = 64 nLocalPI = 11

0%   10   20   30   40   50   60   70   80   90   100%
|----|----|----|----|----|----|----|----|----|----|
***************************************************
change patienceM
time = 69989553
area = 878
delay = 44.9
write_blif appntk/wal8_22_0.0200391_878_44.9.blif

round 23
seed = 1567411863 patienceN = 0 patienceM = 2 frameNumber = 64 nLocalPI = 11

0%   10   20   30   40   50   60   70   80   90   100%
|----|----|----|----|----|----|----|----|----|----|
***************************************************
change patienceM
time = 72800962
area = 874
delay = 44.3
write_blif appntk/wal8_23_0.0200391_874_44.3.blif

round 24
seed = 1567411865 patienceN = 0 patienceM = 0 frameNumber = 64 nLocalPI = 10

0%   10   20   30   40   50   60   70   80   90   100%
|----|----|----|----|----|----|----|----|----|----|
***************************************************
change patienceM
time = 75842524
area = 878
delay = 44.9
write_blif appntk/wal8_24_0.0200391_878_44.9.blif

round 25
seed = 1567411868 patienceN = 0 patienceM = 1 frameNumber = 64 nLocalPI = 10

0%   10   20   30   40   50   60   70   80   90   100%
|----|----|----|----|----|----|----|----|----|----|
***************************************************
change patienceM
time = 79081073
area = 874
delay = 44.3
write_blif appntk/wal8_25_0.0200391_874_44.3.blif

round 26
seed = 1567411872 patienceN = 0 patienceM = 2 frameNumber = 64 nLocalPI = 10

0%   10   20   30   40   50   60   70   80   90   100%
|----|----|----|----|----|----|----|----|----|----|
***************************************************
change patienceM
time = 81944179
area = 878
delay = 44.9
write_blif appntk/wal8_26_0.0200391_878_44.9.blif

round 27
seed = 1567411875 patienceN = 0 patienceM = 0 frameNumber = 64 nLocalPI = 9

0%   10   20   30   40   50   60   70   80   90   100%
|----|----|----|----|----|----|----|----|----|----|
***************************************************
change patienceM
time = 84650476
area = 874
delay = 44.3
write_blif appntk/wal8_27_0.0200391_874_44.3.blif

round 28
seed = 1567411878 patienceN = 0 patienceM = 1 frameNumber = 64 nLocalPI = 9

0%   10   20   30   40   50   60   70   80   90   100%
|----|----|----|----|----|----|----|----|----|----|
***************************************************
change patienceM
time = 88123751
area = 878
delay = 44.9
write_blif appntk/wal8_28_0.0200391_878_44.9.blif

round 29
seed = 1567411880 patienceN = 0 patienceM = 2 frameNumber = 64 nLocalPI = 9

0%   10   20   30   40   50   60   70   80   90   100%
|----|----|----|----|----|----|----|----|----|----|
***************************************************
change patienceM
time = 90497362
area = 874
delay = 44.3
write_blif appntk/wal8_29_0.0200391_874_44.3.blif

round 30
seed = 1567411884 patienceN = 0 patienceM = 0 frameNumber = 64 nLocalPI = 8

0%   10   20   30   40   50   60   70   80   90   100%
|----|----|----|----|----|----|----|----|----|----|
***************************************************
change patienceM
time = 92514270
area = 878
delay = 44.9
write_blif appntk/wal8_30_0.0200391_878_44.9.blif

round 31
seed = 1567411886 patienceN = 0 patienceM = 1 frameNumber = 64 nLocalPI = 8

0%   10   20   30   40   50   60   70   80   90   100%
|----|----|----|----|----|----|----|----|----|----|
***************************************************
change patienceM
time = 94798704
area = 874
delay = 44.3
write_blif appntk/wal8_31_0.0200391_874_44.3.blif

round 32
seed = 1567411888 patienceN = 0 patienceM = 2 frameNumber = 64 nLocalPI = 8

0%   10   20   30   40   50   60   70   80   90   100%
|----|----|----|----|----|----|----|----|----|----|
***************************************************
change patienceM
time = 98025787
area = 878
delay = 44.9
write_blif appntk/wal8_32_0.0200391_878_44.9.blif

round 33
seed = 1567411890 patienceN = 0 patienceM = 0 frameNumber = 64 nLocalPI = 7

0%   10   20   30   40   50   60   70   80   90   100%
|----|----|----|----|----|----|----|----|----|----|
***************************************************
change patienceM
time = 101181649
area = 874
delay = 44.3
write_blif appntk/wal8_33_0.0200391_874_44.3.blif

round 34
seed = 1567411894 patienceN = 0 patienceM = 1 frameNumber = 64 nLocalPI = 7

0%   10   20   30   40   50   60   70   80   90   100%
|----|----|----|----|----|----|----|----|----|----|
***************************************************
change patienceM
time = 104172517
area = 878
delay = 44.9
write_blif appntk/wal8_34_0.0200391_878_44.9.blif

round 35
seed = 1567411897 patienceN = 0 patienceM = 2 frameNumber = 64 nLocalPI = 7

0%   10   20   30   40   50   60   70   80   90   100%
|----|----|----|----|----|----|----|----|----|----|
***************************************************
change patienceM
time = 106963276
area = 874
delay = 44.3
write_blif appntk/wal8_35_0.0200391_874_44.3.blif

round 36
seed = 1567411900 patienceN = 0 patienceM = 0 frameNumber = 64 nLocalPI = 6

0%   10   20   30   40   50   60   70   80   90   100%
|----|----|----|----|----|----|----|----|----|----|
***************************************************
change patienceM
time = 109605506
area = 878
delay = 44.9
write_blif appntk/wal8_36_0.0200391_878_44.9.blif

round 37
seed = 1567411903 patienceN = 0 patienceM = 1 frameNumber = 64 nLocalPI = 6

0%   10   20   30   40   50   60   70   80   90   100%
|----|----|----|----|----|----|----|----|----|----|
***************************************************
change patienceM
time = 112369493
area = 874
delay = 44.3
write_blif appntk/wal8_37_0.0200391_874_44.3.blif

round 38
seed = 1567411905 patienceN = 0 patienceM = 2 frameNumber = 64 nLocalPI = 6

0%   10   20   30   40   50   60   70   80   90   100%
|----|----|----|----|----|----|----|----|----|----|
***************************************************
change patienceM
time = 114919247
area = 878
delay = 44.9
write_blif appntk/wal8_38_0.0200391_878_44.9.blif

round 39
seed = 1567411908 patienceN = 0 patienceM = 0 frameNumber = 64 nLocalPI = 5

0%   10   20   30   40   50   60   70   80   90   100%
|----|----|----|----|----|----|----|----|----|----|
***************************************************
best node n227 best error 0.0302441
time = 117122789
