Entered genlib library with 23 gates from file "data/genlib/mcnc.genlib".
Nodes = 6. Try = 6. Resub = 0. Div = 14. SAT calls = 14. Timeouts = 0. MaxDivs = 0.
Attempts :   Remove      0 out of     12 (  0.00 %)   Resub       0 out of      2 (  0.00 %)   
Reduction:   Nodes       0 out of      6 (  0.00 %)   Edges       0 out of     12 (  0.00 %)   
Win =     0.00 sec (  0.29 %)
Div =     0.00 sec (  0.57 %)
Aig =     0.00 sec (  1.26 %)
Gia =     0.00 sec (  0.00 %)
Cnf =     0.00 sec (  0.29 %)
Sat =     0.00 sec ( 35.92 %)
Int =     0.00 sec (  0.00 %)
ALL =     0.00 sec (100.00 %)
round 0

0%   10   20   30   40   50   60   70   80   90   100%
|----|----|----|----|----|----|----|----|----|----|
seed = 1566954025 patience = 0
***************************************************
time = 79275
c17_0_0
area = 12
delay = 3
write_blif appntk/c17_0_0_12_3.blif
sis -x -c "read_library data/genlib/mcnc.genlib;read_blif appntk/c17_0_0_12_3.blif;print_map_stats" | grep -e "Most Negative Slack" -e "Total Area"
"appntk/c17_0_0_12_3.blif", line 6: .and_gate_delay 1.9
Total Area		=  12.00
Most Negative Slack	=  -3.80
Nodes = 6. Try = 6. Resub = 0. Div = 14. SAT calls = 14. Timeouts = 0. MaxDivs = 0.
Attempts :   Remove      0 out of     12 (  0.00 %)   Resub       0 out of      2 (  0.00 %)   
Reduction:   Nodes       0 out of      6 (  0.00 %)   Edges       0 out of     12 (  0.00 %)   
Win =     0.00 sec (  0.31 %)
Div =     0.00 sec (  0.51 %)
Aig =     0.00 sec (  1.02 %)
Gia =     0.00 sec (  0.00 %)
Cnf =     0.00 sec (  0.36 %)
Sat =     0.00 sec ( 24.94 %)
Int =     0.00 sec (  0.00 %)
ALL =     0.00 sec (100.00 %)
round 1

0%   10   20   30   40   50   60   70   80   90   100%
|----|----|----|----|----|----|----|----|----|----|
seed = 1566954026 patience = 1
***************************************************
time = 153939
c17_1_0
area = 12
delay = 3
write_blif appntk/c17_1_0_12_3.blif
sis -x -c "read_library data/genlib/mcnc.genlib;read_blif appntk/c17_1_0_12_3.blif;print_map_stats" | grep -e "Most Negative Slack" -e "Total Area"
"appntk/c17_1_0_12_3.blif", line 6: .and_gate_delay 1.9
Total Area		=  12.00
Most Negative Slack	=  -3.80
Nodes = 6. Try = 6. Resub = 0. Div = 14. SAT calls = 14. Timeouts = 0. MaxDivs = 0.
Attempts :   Remove      0 out of     12 (  0.00 %)   Resub       0 out of      2 (  0.00 %)   
Reduction:   Nodes       0 out of      6 (  0.00 %)   Edges       0 out of     12 (  0.00 %)   
Win =     0.00 sec (  0.37 %)
Div =     0.00 sec (  0.46 %)
Aig =     0.00 sec (  0.96 %)
Gia =     0.00 sec (  0.00 %)
Cnf =     0.00 sec (  0.23 %)
Sat =     0.00 sec ( 25.02 %)
Int =     0.00 sec (  0.00 %)
ALL =     0.00 sec (100.00 %)
round 2

0%   10   20   30   40   50   60   70   80   90   100%
|----|----|----|----|----|----|----|----|----|----|
seed = 1566954026 patience = 2
***************************************************
time = 228526
c17_2_0
area = 12
delay = 3
write_blif appntk/c17_2_0_12_3.blif
sis -x -c "read_library data/genlib/mcnc.genlib;read_blif appntk/c17_2_0_12_3.blif;print_map_stats" | grep -e "Most Negative Slack" -e "Total Area"
"appntk/c17_2_0_12_3.blif", line 6: .and_gate_delay 1.9
Total Area		=  12.00
Most Negative Slack	=  -3.80
Nodes = 6. Try = 6. Resub = 0. Div = 14. SAT calls = 14. Timeouts = 0. MaxDivs = 0.
Attempts :   Remove      0 out of     12 (  0.00 %)   Resub       0 out of      2 (  0.00 %)   
Reduction:   Nodes       0 out of      6 (  0.00 %)   Edges       0 out of     12 (  0.00 %)   
Win =     0.00 sec (  0.32 %)
Div =     0.00 sec (  0.48 %)
Aig =     0.00 sec (  0.92 %)
Gia =     0.00 sec (  0.00 %)
Cnf =     0.00 sec (  0.20 %)
Sat =     0.00 sec ( 22.64 %)
Int =     0.00 sec (  0.00 %)
ALL =     0.00 sec (100.00 %)
round 3

0%   10   20   30   40   50   60   70   80   90   100%
|----|----|----|----|----|----|----|----|----|----|
seed = 1566954026 patience = 3
***************************************************
time = 306499
c17_3_0
area = 12
delay = 3
write_blif appntk/c17_3_0_12_3.blif
sis -x -c "read_library data/genlib/mcnc.genlib;read_blif appntk/c17_3_0_12_3.blif;print_map_stats" | grep -e "Most Negative Slack" -e "Total Area"
"appntk/c17_3_0_12_3.blif", line 6: .and_gate_delay 1.9
Total Area		=  12.00
Most Negative Slack	=  -3.80
Nodes = 6. Try = 6. Resub = 0. Div = 14. SAT calls = 14. Timeouts = 0. MaxDivs = 0.
Attempts :   Remove      0 out of     12 (  0.00 %)   Resub       0 out of      2 (  0.00 %)   
Reduction:   Nodes       0 out of      6 (  0.00 %)   Edges       0 out of     12 (  0.00 %)   
Win =     0.00 sec (  0.41 %)
Div =     0.00 sec (  0.52 %)
Aig =     0.00 sec (  1.09 %)
Gia =     0.00 sec (  0.00 %)
Cnf =     0.00 sec (  0.26 %)
Sat =     0.00 sec ( 28.40 %)
Int =     0.00 sec (  0.00 %)
ALL =     0.00 sec (100.00 %)
round 4

0%   10   20   30   40   50   60   70   80   90   100%
|----|----|----|----|----|----|----|----|----|----|
seed = 1566954026 patience = 4
***************************************************
Network does not change, frame number changes to 32
time = 388678
c17_4_0
area = 12
delay = 3
write_blif appntk/c17_4_0_12_3.blif
sis -x -c "read_library data/genlib/mcnc.genlib;read_blif appntk/c17_4_0_12_3.blif;print_map_stats" | grep -e "Most Negative Slack" -e "Total Area"
"appntk/c17_4_0_12_3.blif", line 6: .and_gate_delay 1.9
Total Area		=  12.00
Most Negative Slack	=  -3.80
Nodes = 6. Try = 6. Resub = 0. Div = 14. SAT calls = 14. Timeouts = 0. MaxDivs = 0.
Attempts :   Remove      0 out of     12 (  0.00 %)   Resub       0 out of      2 (  0.00 %)   
Reduction:   Nodes       0 out of      6 (  0.00 %)   Edges       0 out of     12 (  0.00 %)   
Win =     0.00 sec (  0.30 %)
Div =     0.00 sec (  0.39 %)
Aig =     0.00 sec (  1.00 %)
Gia =     0.00 sec (  0.00 %)
Cnf =     0.00 sec (  0.30 %)
Sat =     0.00 sec ( 23.78 %)
Int =     0.00 sec (  0.00 %)
ALL =     0.00 sec (100.00 %)
round 5

0%   10   20   30   40   50   60   70   80   90   100%
|----|----|----|----|----|----|----|----|----|----|
seed = 1566954026 patience = 0
***************************************************
time = 465880
c17_5_0
area = 12
delay = 3
write_blif appntk/c17_5_0_12_3.blif
sis -x -c "read_library data/genlib/mcnc.genlib;read_blif appntk/c17_5_0_12_3.blif;print_map_stats" | grep -e "Most Negative Slack" -e "Total Area"
"appntk/c17_5_0_12_3.blif", line 6: .and_gate_delay 1.9
Total Area		=  12.00
Most Negative Slack	=  -3.80
Nodes = 6. Try = 6. Resub = 0. Div = 14. SAT calls = 14. Timeouts = 0. MaxDivs = 0.
Attempts :   Remove      0 out of     12 (  0.00 %)   Resub       0 out of      2 (  0.00 %)   
Reduction:   Nodes       0 out of      6 (  0.00 %)   Edges       0 out of     12 (  0.00 %)   
Win =     0.00 sec (  0.32 %)
Div =     0.00 sec (  0.44 %)
Aig =     0.00 sec (  0.88 %)
Gia =     0.00 sec (  0.00 %)
Cnf =     0.00 sec (  0.24 %)
Sat =     0.00 sec ( 28.53 %)
Int =     0.00 sec (  0.00 %)
ALL =     0.00 sec (100.00 %)
round 6

0%   10   20   30   40   50   60   70   80   90   100%
|----|----|----|----|----|----|----|----|----|----|
seed = 1566954026 patience = 1
***************************************************
time = 544060
c17_6_0
area = 12
delay = 3
write_blif appntk/c17_6_0_12_3.blif
sis -x -c "read_library data/genlib/mcnc.genlib;read_blif appntk/c17_6_0_12_3.blif;print_map_stats" | grep -e "Most Negative Slack" -e "Total Area"
"appntk/c17_6_0_12_3.blif", line 6: .and_gate_delay 1.9
Total Area		=  12.00
Most Negative Slack	=  -3.80
Nodes = 6. Try = 6. Resub = 0. Div = 14. SAT calls = 14. Timeouts = 0. MaxDivs = 0.
Attempts :   Remove      0 out of     12 (  0.00 %)   Resub       0 out of      2 (  0.00 %)   
Reduction:   Nodes       0 out of      6 (  0.00 %)   Edges       0 out of     12 (  0.00 %)   
Win =     0.00 sec (  0.28 %)
Div =     0.00 sec (  0.46 %)
Aig =     0.00 sec (  1.07 %)
Gia =     0.00 sec (  0.00 %)
Cnf =     0.00 sec (  0.23 %)
Sat =     0.00 sec ( 22.06 %)
Int =     0.00 sec (  0.00 %)
ALL =     0.00 sec (100.00 %)
round 7

0%   10   20   30   40   50   60   70   80   90   100%
|----|----|----|----|----|----|----|----|----|----|
seed = 1566954026 patience = 2
***************************************************
time = 617921
c17_7_0
area = 12
delay = 3
write_blif appntk/c17_7_0_12_3.blif
sis -x -c "read_library data/genlib/mcnc.genlib;read_blif appntk/c17_7_0_12_3.blif;print_map_stats" | grep -e "Most Negative Slack" -e "Total Area"
"appntk/c17_7_0_12_3.blif", line 6: .and_gate_delay 1.9
Total Area		=  12.00
Most Negative Slack	=  -3.80
Nodes = 6. Try = 6. Resub = 0. Div = 14. SAT calls = 14. Timeouts = 0. MaxDivs = 0.
Attempts :   Remove      0 out of     12 (  0.00 %)   Resub       0 out of      2 (  0.00 %)   
Reduction:   Nodes       0 out of      6 (  0.00 %)   Edges       0 out of     12 (  0.00 %)   
Win =     0.00 sec (  0.42 %)
Div =     0.00 sec (  0.48 %)
Aig =     0.00 sec (  1.01 %)
Gia =     0.00 sec (  0.00 %)
Cnf =     0.00 sec (  0.37 %)
Sat =     0.00 sec ( 26.96 %)
Int =     0.00 sec (  0.00 %)
ALL =     0.00 sec (100.00 %)
round 8

0%   10   20   30   40   50   60   70   80   90   100%
|----|----|----|----|----|----|----|----|----|----|
seed = 1566954026 patience = 3
***************************************************
time = 692047
c17_8_0
area = 12
delay = 3
write_blif appntk/c17_8_0_12_3.blif
sis -x -c "read_library data/genlib/mcnc.genlib;read_blif appntk/c17_8_0_12_3.blif;print_map_stats" | grep -e "Most Negative Slack" -e "Total Area"
"appntk/c17_8_0_12_3.blif", line 6: .and_gate_delay 1.9
Total Area		=  12.00
Most Negative Slack	=  -3.80
Nodes = 6. Try = 6. Resub = 0. Div = 14. SAT calls = 14. Timeouts = 0. MaxDivs = 0.
Attempts :   Remove      0 out of     12 (  0.00 %)   Resub       0 out of      2 (  0.00 %)   
Reduction:   Nodes       0 out of      6 (  0.00 %)   Edges       0 out of     12 (  0.00 %)   
Win =     0.00 sec (  0.43 %)
Div =     0.00 sec (  0.59 %)
Aig =     0.00 sec (  1.13 %)
Gia =     0.00 sec (  0.00 %)
Cnf =     0.00 sec (  0.27 %)
Sat =     0.00 sec ( 27.35 %)
Int =     0.00 sec (  0.00 %)
ALL =     0.00 sec (100.00 %)
round 9

0%   10   20   30   40   50   60   70   80   90   100%
|----|----|----|----|----|----|----|----|----|----|
seed = 1566954026 patience = 4
***************************************************
Network does not change, frame number changes to 16
time = 764874
c17_9_0
area = 12
delay = 3
write_blif appntk/c17_9_0_12_3.blif
sis -x -c "read_library data/genlib/mcnc.genlib;read_blif appntk/c17_9_0_12_3.blif;print_map_stats" | grep -e "Most Negative Slack" -e "Total Area"
"appntk/c17_9_0_12_3.blif", line 6: .and_gate_delay 1.9
Total Area		=  12.00
Most Negative Slack	=  -3.80
Nodes = 6. Try = 6. Resub = 0. Div = 14. SAT calls = 14. Timeouts = 0. MaxDivs = 0.
Attempts :   Remove      0 out of     12 (  0.00 %)   Resub       0 out of      2 (  0.00 %)   
Reduction:   Nodes       0 out of      6 (  0.00 %)   Edges       0 out of     12 (  0.00 %)   
Win =     0.00 sec (  0.31 %)
Div =     0.00 sec (  0.44 %)
Aig =     0.00 sec (  0.98 %)
Gia =     0.00 sec (  0.00 %)
Cnf =     0.00 sec (  0.22 %)
Sat =     0.00 sec ( 30.15 %)
Int =     0.00 sec (  0.00 %)
ALL =     0.00 sec (100.00 %)
round 10

0%   10   20   30   40   50   60   70   80   90   100%
|----|----|----|----|----|----|----|----|----|----|
seed = 1566954026 patience = 0
***************************************************
time = 841248
c17_10_0
area = 12
delay = 3
write_blif appntk/c17_10_0_12_3.blif
sis -x -c "read_library data/genlib/mcnc.genlib;read_blif appntk/c17_10_0_12_3.blif;print_map_stats" | grep -e "Most Negative Slack" -e "Total Area"
"appntk/c17_10_0_12_3.blif", line 6: .and_gate_delay 1.9
Total Area		=  12.00
Most Negative Slack	=  -3.80
Nodes = 6. Try = 6. Resub = 0. Div = 14. SAT calls = 14. Timeouts = 0. MaxDivs = 0.
Attempts :   Remove      0 out of     12 (  0.00 %)   Resub       0 out of      2 (  0.00 %)   
Reduction:   Nodes       0 out of      6 (  0.00 %)   Edges       0 out of     12 (  0.00 %)   
Win =     0.00 sec (  0.33 %)
Div =     0.00 sec (  0.49 %)
Aig =     0.00 sec (  1.15 %)
Gia =     0.00 sec (  0.00 %)
Cnf =     0.00 sec (  0.33 %)
Sat =     0.00 sec ( 33.84 %)
Int =     0.00 sec (  0.00 %)
ALL =     0.00 sec (100.00 %)
round 11

0%   10   20   30   40   50   60   70   80   90   100%
|----|----|----|----|----|----|----|----|----|----|
seed = 1566954026 patience = 1
***************************************************
time = 915326
c17_11_0
area = 12
delay = 3
write_blif appntk/c17_11_0_12_3.blif
sis -x -c "read_library data/genlib/mcnc.genlib;read_blif appntk/c17_11_0_12_3.blif;print_map_stats" | grep -e "Most Negative Slack" -e "Total Area"
"appntk/c17_11_0_12_3.blif", line 6: .and_gate_delay 1.9
Total Area		=  12.00
Most Negative Slack	=  -3.80
Nodes = 6. Try = 6. Resub = 0. Div = 14. SAT calls = 14. Timeouts = 0. MaxDivs = 0.
Attempts :   Remove      0 out of     12 (  0.00 %)   Resub       0 out of      2 (  0.00 %)   
Reduction:   Nodes       0 out of      6 (  0.00 %)   Edges       0 out of     12 (  0.00 %)   
Win =     0.00 sec (  0.40 %)
Div =     0.00 sec (  0.58 %)
Aig =     0.00 sec (  1.09 %)
Gia =     0.00 sec (  0.00 %)
Cnf =     0.00 sec (  0.23 %)
Sat =     0.00 sec ( 27.66 %)
Int =     0.00 sec (  0.00 %)
ALL =     0.00 sec (100.00 %)
round 12

0%   10   20   30   40   50   60   70   80   90   100%
|----|----|----|----|----|----|----|----|----|----|
seed = 1566954027 patience = 2
***************************************************
best node n11 best error 0.185186
time = 1045208
