Entered genlib library with 23 gates from file "data/genlib/mcnc.genlib".
Nodes = 683. Try = 580. Resub = 2. Div = 17062. SAT calls = 2527. Timeouts = 0. MaxDivs = 6.
Attempts :   Remove      1 out of   1154 (  0.09 %)   Resub       1 out of    443 (  0.23 %)   
Reduction:   Nodes       1 out of    683 (  0.15 %)   Edges       2 out of   1261 (  0.16 %)   
Win =     0.00 sec (  1.21 %)
Div =     0.00 sec (  2.02 %)
Aig =     0.00 sec (  2.74 %)
Gia =     0.00 sec (  0.00 %)
Cnf =     0.00 sec (  0.51 %)
Sat =     0.09 sec ( 52.71 %)
Int =     0.00 sec (  0.83 %)
ALL =     0.16 sec (100.00 %)
round 0

0%   10   20   30   40   50   60   70   80   90   100%
|----|----|----|----|----|----|----|----|----|----|
seed = 1566954026 patience = 0
***************************************************
best node n754 best error 0
time = 18717740
c2670_0_0
area = 1129
delay = 20.2
write_blif appntk/c2670_0_0_1129_20.2.blif
sis -x -c "read_library data/genlib/mcnc.genlib;read_blif appntk/c2670_0_0_1129_20.2.blif;print_map_stats" | grep -e "Most Negative Slack" -e "Total Area"
"appntk/c2670_0_0_1129_20.2.blif", line 33: .and_gate_delay 1.9
Total Area		= 1129.00
Most Negative Slack	= -39.80
Nodes = 670. Try = 567. Resub = 1. Div = 16064. SAT calls = 2409. Timeouts = 0. MaxDivs = 5.
Attempts :   Remove      0 out of   1129 (  0.00 %)   Resub       1 out of    437 (  0.23 %)   
Reduction:   Nodes       1 out of    670 (  0.15 %)   Edges       2 out of   1235 (  0.16 %)   
Win =     0.00 sec (  1.22 %)
Div =     0.00 sec (  2.19 %)
Aig =     0.00 sec (  2.65 %)
Gia =     0.00 sec (  0.00 %)
Cnf =     0.00 sec (  0.54 %)
Sat =     0.07 sec ( 58.07 %)
Int =     0.00 sec (  0.42 %)
ALL =     0.11 sec (100.00 %)
round 1

0%   10   20   30   40   50   60   70   80   90   100%
|----|----|----|----|----|----|----|----|----|----|
seed = 1566954045 patience = 0
***************************************************
best node n726 best error 0
time = 34435112
c2670_1_0
area = 1101
delay = 22.9
write_blif appntk/c2670_1_0_1101_22.9.blif
sis -x -c "read_library data/genlib/mcnc.genlib;read_blif appntk/c2670_1_0_1101_22.9.blif;print_map_stats" | grep -e "Most Negative Slack" -e "Total Area"
"appntk/c2670_1_0_1101_22.9.blif", line 33: .and_gate_delay 1.9
Total Area		= 1101.00
Most Negative Slack	= -42.90
Nodes = 664. Try = 560. Resub = 0. Div = 15607. SAT calls = 2486. Timeouts = 0. MaxDivs = 6.
Attempts :   Remove      0 out of   1116 (  0.00 %)   Resub       0 out of    433 (  0.00 %)   
Reduction:   Nodes       0 out of    664 (  0.00 %)   Edges       0 out of   1223 (  0.00 %)   
Win =     0.00 sec (  1.26 %)
Div =     0.00 sec (  2.28 %)
Aig =     0.00 sec (  2.68 %)
Gia =     0.00 sec (  0.00 %)
Cnf =     0.00 sec (  0.57 %)
Sat =     0.06 sec ( 57.87 %)
Int =     0.00 sec (  0.00 %)
ALL =     0.11 sec (100.00 %)
round 2

0%   10   20   30   40   50   60   70   80   90   100%
|----|----|----|----|----|----|----|----|----|----|
seed = 1566954060 patience = 0
***************************************************
best node n724 best error 0
time = 46459025
c2670_2_0
area = 1106
delay = 20.5
write_blif appntk/c2670_2_0_1106_20.5.blif
sis -x -c "read_library data/genlib/mcnc.genlib;read_blif appntk/c2670_2_0_1106_20.5.blif;print_map_stats" | grep -e "Most Negative Slack" -e "Total Area"
"appntk/c2670_2_0_1106_20.5.blif", line 33: .and_gate_delay 1.9
Total Area		= 1106.00
Most Negative Slack	= -39.20
Nodes = 661. Try = 557. Resub = 0. Div = 15850. SAT calls = 2375. Timeouts = 0. MaxDivs = 5.
Attempts :   Remove      0 out of   1110 (  0.00 %)   Resub       0 out of    430 (  0.00 %)   
Reduction:   Nodes       0 out of    661 (  0.00 %)   Edges       0 out of   1217 (  0.00 %)   
Win =     0.00 sec (  1.21 %)
Div =     0.00 sec (  2.11 %)
Aig =     0.00 sec (  2.66 %)
Gia =     0.00 sec (  0.00 %)
Cnf =     0.00 sec (  0.54 %)
Sat =     0.08 sec ( 53.22 %)
Int =     0.00 sec (  0.00 %)
ALL =     0.15 sec (100.00 %)
round 3

0%   10   20   30   40   50   60   70   80   90   100%
|----|----|----|----|----|----|----|----|----|----|
seed = 1566954072 patience = 0
***************************************************
best node n718 best error 0
time = 64788660
c2670_3_0
area = 1093
delay = 22.9
write_blif appntk/c2670_3_0_1093_22.9.blif
sis -x -c "read_library data/genlib/mcnc.genlib;read_blif appntk/c2670_3_0_1093_22.9.blif;print_map_stats" | grep -e "Most Negative Slack" -e "Total Area"
"appntk/c2670_3_0_1093_22.9.blif", line 33: .and_gate_delay 1.9
Warning: network `c2670', node "G5" does not fanout
Total Area		= 1093.00
Most Negative Slack	= -43.50
Nodes = 659. Try = 555. Resub = 0. Div = 15515. SAT calls = 2413. Timeouts = 0. MaxDivs = 5.
Attempts :   Remove      0 out of   1106 (  0.00 %)   Resub       0 out of    428 (  0.00 %)   
Reduction:   Nodes       0 out of    659 (  0.00 %)   Edges       0 out of   1213 (  0.00 %)   
Win =     0.00 sec (  1.25 %)
Div =     0.00 sec (  2.18 %)
Aig =     0.00 sec (  2.80 %)
Gia =     0.00 sec (  0.00 %)
Cnf =     0.00 sec (  0.58 %)
Sat =     0.08 sec ( 53.49 %)
Int =     0.00 sec (  0.00 %)
ALL =     0.15 sec (100.00 %)
round 4

0%   10   20   30   40   50   60   70   80   90   100%
|----|----|----|----|----|----|----|----|----|----|
seed = 1566954091 patience = 0
***************************************************
best node n720 best error 0
time = 77318572
c2670_4_0
area = 1095
delay = 20.5
write_blif appntk/c2670_4_0_1095_20.5.blif
sis -x -c "read_library data/genlib/mcnc.genlib;read_blif appntk/c2670_4_0_1095_20.5.blif;print_map_stats" | grep -e "Most Negative Slack" -e "Total Area"
"appntk/c2670_4_0_1095_20.5.blif", line 33: .and_gate_delay 1.9
Warning: network `c2670', node "G5" does not fanout
Warning: network `c2670', node "G27" does not fanout
Warning: network `c2670', node "G28" does not fanout
Warning: network `c2670', node "G33" does not fanout
Warning: network `c2670', node "G35" does not fanout
Total Area		= 1095.00
Most Negative Slack	= -39.20
Nodes = 654. Try = 550. Resub = 0. Div = 15464. SAT calls = 2353. Timeouts = 0. MaxDivs = 5.
Attempts :   Remove      0 out of   1096 (  0.00 %)   Resub       0 out of    423 (  0.00 %)   
Reduction:   Nodes       0 out of    654 (  0.00 %)   Edges       0 out of   1203 (  0.00 %)   
Win =     0.00 sec (  1.23 %)
Div =     0.00 sec (  2.19 %)
Aig =     0.00 sec (  2.62 %)
Gia =     0.00 sec (  0.00 %)
Cnf =     0.00 sec (  0.55 %)
Sat =     0.06 sec ( 57.80 %)
Int =     0.00 sec (  0.00 %)
ALL =     0.11 sec (100.00 %)
round 5

0%   10   20   30   40   50   60   70   80   90   100%
|----|----|----|----|----|----|----|----|----|----|
seed = 1566954103 patience = 0
***************************************************
best node n717 best error 0
time = 88125989
c2670_5_0
area = 1055
delay = 22.9
write_blif appntk/c2670_5_0_1055_22.9.blif
sis -x -c "read_library data/genlib/mcnc.genlib;read_blif appntk/c2670_5_0_1055_22.9.blif;print_map_stats" | grep -e "Most Negative Slack" -e "Total Area"
"appntk/c2670_5_0_1055_22.9.blif", line 33: .and_gate_delay 1.9
Warning: network `c2670', node "G5" does not fanout
Warning: network `c2670', node "G6" does not fanout
Warning: network `c2670', node "G26" does not fanout
Warning: network `c2670', node "G27" does not fanout
Warning: network `c2670', node "G28" does not fanout
Warning: network `c2670', node "G33" does not fanout
Warning: network `c2670', node "G34" does not fanout
Warning: network `c2670', node "G35" does not fanout
Total Area		= 1055.00
Most Negative Slack	= -45.10
Nodes = 645. Try = 541. Resub = 0. Div = 15056. SAT calls = 2392. Timeouts = 0. MaxDivs = 5.
Attempts :   Remove      0 out of   1078 (  0.00 %)   Resub       0 out of    415 (  0.00 %)   
Reduction:   Nodes       0 out of    645 (  0.00 %)   Edges       0 out of   1185 (  0.00 %)   
Win =     0.00 sec (  1.19 %)
Div =     0.00 sec (  2.26 %)
Aig =     0.00 sec (  2.60 %)
Gia =     0.00 sec (  0.00 %)
Cnf =     0.00 sec (  0.57 %)
Sat =     0.06 sec ( 57.19 %)
Int =     0.00 sec (  0.00 %)
ALL =     0.10 sec (100.00 %)
round 6

0%   10   20   30   40   50   60   70   80   90   100%
|----|----|----|----|----|----|----|----|----|----|
seed = 1566954114 patience = 0
***************************************************
best node n711 best error 0
time = 103922636
c2670_6_0
area = 1074
delay = 20.3
write_blif appntk/c2670_6_0_1074_20.3.blif
sis -x -c "read_library data/genlib/mcnc.genlib;read_blif appntk/c2670_6_0_1074_20.3.blif;print_map_stats" | grep -e "Most Negative Slack" -e "Total Area"
"appntk/c2670_6_0_1074_20.3.blif", line 33: .and_gate_delay 1.9
Warning: network `c2670', node "G5" does not fanout
Warning: network `c2670', node "G6" does not fanout
Warning: network `c2670', node "G25" does not fanout
Warning: network `c2670', node "G26" does not fanout
Warning: network `c2670', node "G27" does not fanout
Warning: network `c2670', node "G28" does not fanout
Warning: network `c2670', node "G35" does not fanout
Total Area		= 1074.00
Most Negative Slack	= -38.20
Nodes = 642. Try = 538. Resub = 0. Div = 15014. SAT calls = 2285. Timeouts = 0. MaxDivs = 5.
Attempts :   Remove      0 out of   1072 (  0.00 %)   Resub       0 out of    411 (  0.00 %)   
Reduction:   Nodes       0 out of    642 (  0.00 %)   Edges       0 out of   1179 (  0.00 %)   
Win =     0.00 sec (  1.23 %)
Div =     0.00 sec (  2.23 %)
Aig =     0.00 sec (  2.60 %)
Gia =     0.00 sec (  0.00 %)
Cnf =     0.00 sec (  0.57 %)
Sat =     0.06 sec ( 58.24 %)
Int =     0.00 sec (  0.00 %)
ALL =     0.10 sec (100.00 %)
round 7

0%   10   20   30   40   50   60   70   80   90   100%
|----|----|----|----|----|----|----|----|----|----|
seed = 1566954130 patience = 0
***************************************************
best node n708 best error 0
time = 119085835
c2670_7_0
area = 905
delay = 22.4
write_blif appntk/c2670_7_0_905_22.4.blif
sis -x -c "read_library data/genlib/mcnc.genlib;read_blif appntk/c2670_7_0_905_22.4.blif;print_map_stats" | grep -e "Most Negative Slack" -e "Total Area"
"appntk/c2670_7_0_905_22.4.blif", line 33: .and_gate_delay 1.9
Warning: network `c2670', node "G4" does not fanout
Warning: network `c2670', node "G5" does not fanout
Warning: network `c2670', node "G6" does not fanout
Warning: network `c2670', node "G11" does not fanout
Warning: network `c2670', node "G16" does not fanout
Warning: network `c2670', node "G19" does not fanout
Warning: network `c2670', node "G20" does not fanout
Warning: network `c2670', node "G21" does not fanout
Warning: network `c2670', node "G22" does not fanout
Warning: network `c2670', node "G23" does not fanout
Warning: network `c2670', node "G24" does not fanout
Warning: network `c2670', node "G25" does not fanout
Warning: network `c2670', node "G26" does not fanout
Warning: network `c2670', node "G27" does not fanout
Warning: network `c2670', node "G28" does not fanout
Warning: network `c2670', node "G29" does not fanout
Warning: network `c2670', node "G32" does not fanout
Warning: network `c2670', node "G33" does not fanout
Warning: network `c2670', node "G34" does not fanout
Warning: network `c2670', node "G35" does not fanout
Total Area		= 905.00
Most Negative Slack	= -41.60
Nodes = 558. Try = 453. Resub = 0. Div = 12325. SAT calls = 2005. Timeouts = 0. MaxDivs = 4.
Attempts :   Remove      0 out of    902 (  0.00 %)   Resub       0 out of    339 (  0.00 %)   
Reduction:   Nodes       0 out of    558 (  0.00 %)   Edges       0 out of   1008 (  0.00 %)   
Win =     0.00 sec (  1.17 %)
Div =     0.00 sec (  2.25 %)
Aig =     0.00 sec (  2.58 %)
Gia =     0.00 sec (  0.00 %)
Cnf =     0.00 sec (  0.58 %)
Sat =     0.05 sec ( 56.14 %)
Int =     0.00 sec (  0.00 %)
ALL =     0.08 sec (100.00 %)
round 8

0%   10   20   30   40   50   60   70   80   90   100%
|----|----|----|----|----|----|----|----|----|----|
seed = 1566954145 patience = 0
***************************************************
best node n781 best error 0.000546875
time = 129936740
c2670_8_0.000546875
area = 930
delay = 20.5
write_blif appntk/c2670_8_0.000546875_930_20.5.blif
sis -x -c "read_library data/genlib/mcnc.genlib;read_blif appntk/c2670_8_0.000546875_930_20.5.blif;print_map_stats" | grep -e "Most Negative Slack" -e "Total Area"
"appntk/c2670_8_0.000546875_930_20.5.blif", line 33: .and_gate_delay 1.9
Warning: network `c2670', node "G4" does not fanout
Warning: network `c2670', node "G5" does not fanout
Warning: network `c2670', node "G6" does not fanout
Warning: network `c2670', node "G11" does not fanout
Warning: network `c2670', node "G16" does not fanout
Warning: network `c2670', node "G19" does not fanout
Warning: network `c2670', node "G20" does not fanout
Warning: network `c2670', node "G21" does not fanout
Warning: network `c2670', node "G22" does not fanout
Warning: network `c2670', node "G23" does not fanout
Warning: network `c2670', node "G24" does not fanout
Warning: network `c2670', node "G25" does not fanout
Warning: network `c2670', node "G26" does not fanout
Warning: network `c2670', node "G27" does not fanout
Warning: network `c2670', node "G28" does not fanout
Warning: network `c2670', node "G29" does not fanout
Warning: network `c2670', node "G32" does not fanout
Warning: network `c2670', node "G33" does not fanout
Warning: network `c2670', node "G34" does not fanout
Warning: network `c2670', node "G35" does not fanout
Total Area		= 930.00
Most Negative Slack	= -38.00
Nodes = 557. Try = 452. Resub = 0. Div = 12249. SAT calls = 1909. Timeouts = 0. MaxDivs = 4.
Attempts :   Remove      0 out of    900 (  0.00 %)   Resub       0 out of    338 (  0.00 %)   
Reduction:   Nodes       0 out of    557 (  0.00 %)   Edges       0 out of   1006 (  0.00 %)   
Win =     0.00 sec (  1.14 %)
Div =     0.00 sec (  2.21 %)
Aig =     0.00 sec (  2.55 %)
Gia =     0.00 sec (  0.00 %)
Cnf =     0.00 sec (  0.56 %)
Sat =     0.05 sec ( 56.32 %)
Int =     0.00 sec (  0.00 %)
ALL =     0.09 sec (100.00 %)
round 9

0%   10   20   30   40   50   60   70   80   90   100%
|----|----|----|----|----|----|----|----|----|----|
seed = 1566954156 patience = 0
***************************************************
best node n817 best error 0.000546875
time = 139875749
c2670_9_0.000546875
area = 904
delay = 21.3
write_blif appntk/c2670_9_0.000546875_904_21.3.blif
sis -x -c "read_library data/genlib/mcnc.genlib;read_blif appntk/c2670_9_0.000546875_904_21.3.blif;print_map_stats" | grep -e "Most Negative Slack" -e "Total Area"
"appntk/c2670_9_0.000546875_904_21.3.blif", line 33: .and_gate_delay 1.9
Warning: network `c2670', node "G4" does not fanout
Warning: network `c2670', node "G5" does not fanout
Warning: network `c2670', node "G6" does not fanout
Warning: network `c2670', node "G11" does not fanout
Warning: network `c2670', node "G16" does not fanout
Warning: network `c2670', node "G19" does not fanout
Warning: network `c2670', node "G20" does not fanout
Warning: network `c2670', node "G21" does not fanout
Warning: network `c2670', node "G22" does not fanout
Warning: network `c2670', node "G23" does not fanout
Warning: network `c2670', node "G24" does not fanout
Warning: network `c2670', node "G25" does not fanout
Warning: network `c2670', node "G26" does not fanout
Warning: network `c2670', node "G27" does not fanout
Warning: network `c2670', node "G28" does not fanout
Warning: network `c2670', node "G29" does not fanout
Warning: network `c2670', node "G32" does not fanout
Warning: network `c2670', node "G33" does not fanout
Warning: network `c2670', node "G34" does not fanout
Warning: network `c2670', node "G35" does not fanout
Total Area		= 904.00
Most Negative Slack	= -41.20
Nodes = 556. Try = 451. Resub = 0. Div = 12180. SAT calls = 1955. Timeouts = 0. MaxDivs = 4.
Attempts :   Remove      0 out of    898 (  0.00 %)   Resub       0 out of    338 (  0.00 %)   
Reduction:   Nodes       0 out of    556 (  0.00 %)   Edges       0 out of   1004 (  0.00 %)   
Win =     0.00 sec (  1.16 %)
Div =     0.00 sec (  2.27 %)
Aig =     0.00 sec (  2.51 %)
Gia =     0.00 sec (  0.00 %)
Cnf =     0.00 sec (  0.57 %)
Sat =     0.05 sec ( 55.24 %)
Int =     0.00 sec (  0.00 %)
ALL =     0.08 sec (100.00 %)
round 10

0%   10   20   30   40   50   60   70   80   90   100%
|----|----|----|----|----|----|----|----|----|----|
seed = 1566954166 patience = 0
***************************************************
best node n782 best error 0.00107422
time = 149489592
c2670_10_0.00107422
area = 922
delay = 20.6
write_blif appntk/c2670_10_0.00107422_922_20.6.blif
sis -x -c "read_library data/genlib/mcnc.genlib;read_blif appntk/c2670_10_0.00107422_922_20.6.blif;print_map_stats" | grep -e "Most Negative Slack" -e "Total Area"
"appntk/c2670_10_0.00107422_922_20.6.blif", line 33: .and_gate_delay 1.9
Warning: network `c2670', node "G4" does not fanout
Warning: network `c2670', node "G5" does not fanout
Warning: network `c2670', node "G6" does not fanout
Warning: network `c2670', node "G11" does not fanout
Warning: network `c2670', node "G16" does not fanout
Warning: network `c2670', node "G19" does not fanout
Warning: network `c2670', node "G20" does not fanout
Warning: network `c2670', node "G21" does not fanout
Warning: network `c2670', node "G22" does not fanout
Warning: network `c2670', node "G23" does not fanout
Warning: network `c2670', node "G24" does not fanout
Warning: network `c2670', node "G25" does not fanout
Warning: network `c2670', node "G26" does not fanout
Warning: network `c2670', node "G27" does not fanout
Warning: network `c2670', node "G28" does not fanout
Warning: network `c2670', node "G29" does not fanout
Warning: network `c2670', node "G32" does not fanout
Warning: network `c2670', node "G33" does not fanout
Warning: network `c2670', node "G34" does not fanout
Warning: network `c2670', node "G35" does not fanout
Total Area		= 922.00
Most Negative Slack	= -36.40
Nodes = 554. Try = 449. Resub = 0. Div = 11944. SAT calls = 1886. Timeouts = 0. MaxDivs = 4.
Attempts :   Remove      0 out of    894 (  0.00 %)   Resub       0 out of    338 (  0.00 %)   
Reduction:   Nodes       0 out of    554 (  0.00 %)   Edges       0 out of   1000 (  0.00 %)   
Win =     0.00 sec (  1.16 %)
Div =     0.00 sec (  2.13 %)
Aig =     0.00 sec (  2.49 %)
Gia =     0.00 sec (  0.00 %)
Cnf =     0.00 sec (  0.56 %)
Sat =     0.05 sec ( 56.40 %)
Int =     0.00 sec (  0.00 %)
ALL =     0.08 sec (100.00 %)
round 11

0%   10   20   30   40   50   60   70   80   90   100%
|----|----|----|----|----|----|----|----|----|----|
seed = 1566954175 patience = 0
***************************************************
best node n758 best error 0.00250977
time = 159384711
c2670_11_0.00250977
area = 902
delay = 22.3
write_blif appntk/c2670_11_0.00250977_902_22.3.blif
sis -x -c "read_library data/genlib/mcnc.genlib;read_blif appntk/c2670_11_0.00250977_902_22.3.blif;print_map_stats" | grep -e "Most Negative Slack" -e "Total Area"
"appntk/c2670_11_0.00250977_902_22.3.blif", line 33: .and_gate_delay 1.9
Warning: network `c2670', node "G4" does not fanout
Warning: network `c2670', node "G5" does not fanout
Warning: network `c2670', node "G6" does not fanout
Warning: network `c2670', node "G11" does not fanout
Warning: network `c2670', node "G16" does not fanout
Warning: network `c2670', node "G19" does not fanout
Warning: network `c2670', node "G20" does not fanout
Warning: network `c2670', node "G21" does not fanout
Warning: network `c2670', node "G22" does not fanout
Warning: network `c2670', node "G23" does not fanout
Warning: network `c2670', node "G24" does not fanout
Warning: network `c2670', node "G25" does not fanout
Warning: network `c2670', node "G26" does not fanout
Warning: network `c2670', node "G27" does not fanout
Warning: network `c2670', node "G28" does not fanout
Warning: network `c2670', node "G29" does not fanout
Warning: network `c2670', node "G32" does not fanout
Warning: network `c2670', node "G33" does not fanout
Warning: network `c2670', node "G34" does not fanout
Warning: network `c2670', node "G35" does not fanout
Total Area		= 902.00
Most Negative Slack	= -41.40
Nodes = 552. Try = 447. Resub = 0. Div = 11760. SAT calls = 1964. Timeouts = 0. MaxDivs = 4.
Attempts :   Remove      0 out of    890 (  0.00 %)   Resub       0 out of    336 (  0.00 %)   
Reduction:   Nodes       0 out of    552 (  0.00 %)   Edges       0 out of    996 (  0.00 %)   
Win =     0.00 sec (  1.12 %)
Div =     0.00 sec (  2.13 %)
Aig =     0.00 sec (  2.45 %)
Gia =     0.00 sec (  0.00 %)
Cnf =     0.00 sec (  0.53 %)
Sat =     0.05 sec ( 55.79 %)
Int =     0.00 sec (  0.00 %)
ALL =     0.08 sec (100.00 %)
round 12

0%   10   20   30   40   50   60   70   80   90   100%
|----|----|----|----|----|----|----|----|----|----|
seed = 1566954185 patience = 0
***************************************************
best node n796 best error 0.00608398
time = 168081902
c2670_12_0.00608398
area = 911
delay = 21.1
write_blif appntk/c2670_12_0.00608398_911_21.1.blif
sis -x -c "read_library data/genlib/mcnc.genlib;read_blif appntk/c2670_12_0.00608398_911_21.1.blif;print_map_stats" | grep -e "Most Negative Slack" -e "Total Area"
"appntk/c2670_12_0.00608398_911_21.1.blif", line 33: .and_gate_delay 1.9
Warning: network `c2670', node "G4" does not fanout
Warning: network `c2670', node "G5" does not fanout
Warning: network `c2670', node "G6" does not fanout
Warning: network `c2670', node "G11" does not fanout
Warning: network `c2670', node "G16" does not fanout
Warning: network `c2670', node "G19" does not fanout
Warning: network `c2670', node "G20" does not fanout
Warning: network `c2670', node "G21" does not fanout
Warning: network `c2670', node "G22" does not fanout
Warning: network `c2670', node "G23" does not fanout
Warning: network `c2670', node "G24" does not fanout
Warning: network `c2670', node "G25" does not fanout
Warning: network `c2670', node "G26" does not fanout
Warning: network `c2670', node "G27" does not fanout
Warning: network `c2670', node "G28" does not fanout
Warning: network `c2670', node "G29" does not fanout
Warning: network `c2670', node "G32" does not fanout
Warning: network `c2670', node "G33" does not fanout
Warning: network `c2670', node "G34" does not fanout
Warning: network `c2670', node "G35" does not fanout
Total Area		= 911.00
Most Negative Slack	= -36.60
Nodes = 549. Try = 445. Resub = 1. Div = 11368. SAT calls = 1892. Timeouts = 0. MaxDivs = 4.
Attempts :   Remove      0 out of    885 (  0.00 %)   Resub       1 out of    336 (  0.30 %)   
Reduction:   Nodes       1 out of    549 (  0.18 %)   Edges       2 out of    990 (  0.20 %)   
Win =     0.00 sec (  1.10 %)
Div =     0.00 sec (  2.16 %)
Aig =     0.00 sec (  2.44 %)
Gia =     0.00 sec (  0.00 %)
Cnf =     0.00 sec (  0.55 %)
Sat =     0.05 sec ( 55.36 %)
Int =     0.00 sec (  0.73 %)
ALL =     0.08 sec (100.00 %)
round 13

0%   10   20   30   40   50   60   70   80   90   100%
|----|----|----|----|----|----|----|----|----|----|
seed = 1566954194 patience = 0
***************************************************
best node n762 best error 0.00701172
time = 179679419
c2670_13_0.00701172
area = 898
delay = 23.1
write_blif appntk/c2670_13_0.00701172_898_23.1.blif
sis -x -c "read_library data/genlib/mcnc.genlib;read_blif appntk/c2670_13_0.00701172_898_23.1.blif;print_map_stats" | grep -e "Most Negative Slack" -e "Total Area"
"appntk/c2670_13_0.00701172_898_23.1.blif", line 33: .and_gate_delay 1.9
Warning: network `c2670', node "G4" does not fanout
Warning: network `c2670', node "G5" does not fanout
Warning: network `c2670', node "G6" does not fanout
Warning: network `c2670', node "G11" does not fanout
Warning: network `c2670', node "G16" does not fanout
Warning: network `c2670', node "G19" does not fanout
Warning: network `c2670', node "G20" does not fanout
Warning: network `c2670', node "G21" does not fanout
Warning: network `c2670', node "G22" does not fanout
Warning: network `c2670', node "G23" does not fanout
Warning: network `c2670', node "G24" does not fanout
Warning: network `c2670', node "G25" does not fanout
Warning: network `c2670', node "G26" does not fanout
Warning: network `c2670', node "G27" does not fanout
Warning: network `c2670', node "G28" does not fanout
Warning: network `c2670', node "G29" does not fanout
Warning: network `c2670', node "G32" does not fanout
Warning: network `c2670', node "G33" does not fanout
Warning: network `c2670', node "G34" does not fanout
Warning: network `c2670', node "G35" does not fanout
Total Area		= 898.00
Most Negative Slack	= -40.90
Nodes = 547. Try = 442. Resub = 0. Div = 11125. SAT calls = 1921. Timeouts = 0. MaxDivs = 4.
Attempts :   Remove      0 out of    880 (  0.00 %)   Resub       0 out of    333 (  0.00 %)   
Reduction:   Nodes       0 out of    547 (  0.00 %)   Edges       0 out of    986 (  0.00 %)   
Win =     0.00 sec (  1.08 %)
Div =     0.00 sec (  2.15 %)
Aig =     0.00 sec (  2.39 %)
Gia =     0.00 sec (  0.00 %)
Cnf =     0.00 sec (  0.54 %)
Sat =     0.04 sec ( 54.45 %)
Int =     0.00 sec (  0.00 %)
ALL =     0.08 sec (100.00 %)
round 14

0%   10   20   30   40   50   60   70   80   90   100%
|----|----|----|----|----|----|----|----|----|----|
seed = 1566954206 patience = 0
***************************************************
best node n748 best error 0.00768555
time = 189505336
c2670_14_0.00768555
area = 908
delay = 20.4
write_blif appntk/c2670_14_0.00768555_908_20.4.blif
sis -x -c "read_library data/genlib/mcnc.genlib;read_blif appntk/c2670_14_0.00768555_908_20.4.blif;print_map_stats" | grep -e "Most Negative Slack" -e "Total Area"
"appntk/c2670_14_0.00768555_908_20.4.blif", line 33: .and_gate_delay 1.9
Warning: network `c2670', node "G4" does not fanout
Warning: network `c2670', node "G5" does not fanout
Warning: network `c2670', node "G6" does not fanout
Warning: network `c2670', node "G11" does not fanout
Warning: network `c2670', node "G16" does not fanout
Warning: network `c2670', node "G19" does not fanout
Warning: network `c2670', node "G20" does not fanout
Warning: network `c2670', node "G21" does not fanout
Warning: network `c2670', node "G22" does not fanout
Warning: network `c2670', node "G23" does not fanout
Warning: network `c2670', node "G24" does not fanout
Warning: network `c2670', node "G25" does not fanout
Warning: network `c2670', node "G26" does not fanout
Warning: network `c2670', node "G27" does not fanout
Warning: network `c2670', node "G28" does not fanout
Warning: network `c2670', node "G29" does not fanout
Warning: network `c2670', node "G32" does not fanout
Warning: network `c2670', node "G33" does not fanout
Warning: network `c2670', node "G34" does not fanout
Warning: network `c2670', node "G35" does not fanout
Total Area		= 908.00
Most Negative Slack	= -35.90
Nodes = 546. Try = 441. Resub = 0. Div = 11049. SAT calls = 1837. Timeouts = 0. MaxDivs = 4.
Attempts :   Remove      0 out of    878 (  0.00 %)   Resub       0 out of    332 (  0.00 %)   
Reduction:   Nodes       0 out of    546 (  0.00 %)   Edges       0 out of    984 (  0.00 %)   
Win =     0.00 sec (  1.10 %)
Div =     0.00 sec (  2.18 %)
Aig =     0.00 sec (  2.41 %)
Gia =     0.00 sec (  0.00 %)
Cnf =     0.00 sec (  0.55 %)
Sat =     0.04 sec ( 54.69 %)
Int =     0.00 sec (  0.00 %)
ALL =     0.08 sec (100.00 %)
round 15

0%   10   20   30   40   50   60   70   80   90   100%
|----|----|----|----|----|----|----|----|----|----|
seed = 1566954216 patience = 0
***************************************************
best node n742 best error 0.010752
time = 194824171
c2670_15_0.010752
area = 897
delay = 22.2
write_blif appntk/c2670_15_0.010752_897_22.2.blif
sis -x -c "read_library data/genlib/mcnc.genlib;read_blif appntk/c2670_15_0.010752_897_22.2.blif;print_map_stats" | grep -e "Most Negative Slack" -e "Total Area"
"appntk/c2670_15_0.010752_897_22.2.blif", line 33: .and_gate_delay 1.9
Warning: network `c2670', node "G4" does not fanout
Warning: network `c2670', node "G5" does not fanout
Warning: network `c2670', node "G6" does not fanout
Warning: network `c2670', node "G11" does not fanout
Warning: network `c2670', node "G16" does not fanout
Warning: network `c2670', node "G19" does not fanout
Warning: network `c2670', node "G20" does not fanout
Warning: network `c2670', node "G21" does not fanout
Warning: network `c2670', node "G22" does not fanout
Warning: network `c2670', node "G23" does not fanout
Warning: network `c2670', node "G24" does not fanout
Warning: network `c2670', node "G25" does not fanout
Warning: network `c2670', node "G26" does not fanout
Warning: network `c2670', node "G27" does not fanout
Warning: network `c2670', node "G28" does not fanout
Warning: network `c2670', node "G29" does not fanout
Warning: network `c2670', node "G32" does not fanout
Warning: network `c2670', node "G33" does not fanout
Warning: network `c2670', node "G34" does not fanout
Warning: network `c2670', node "G35" does not fanout
Total Area		= 897.00
Most Negative Slack	= -41.10
Nodes = 544. Try = 439. Resub = 0. Div = 10877. SAT calls = 1918. Timeouts = 0. MaxDivs = 4.
Attempts :   Remove      0 out of    874 (  0.00 %)   Resub       0 out of    331 (  0.00 %)   
Reduction:   Nodes       0 out of    544 (  0.00 %)   Edges       0 out of    980 (  0.00 %)   
Win =     0.00 sec (  1.09 %)
Div =     0.00 sec (  2.21 %)
Aig =     0.00 sec (  2.45 %)
Gia =     0.00 sec (  0.00 %)
Cnf =     0.00 sec (  0.56 %)
Sat =     0.04 sec ( 55.30 %)
Int =     0.00 sec (  0.00 %)
ALL =     0.08 sec (100.00 %)
round 16

0%   10   20   30   40   50   60   70   80   90   100%
|----|----|----|----|----|----|----|----|----|----|
seed = 1566954221 patience = 0
***************************************************
best node n759 best error 0.0126758
time = 202192452
c2670_16_0.0126758
area = 907
delay = 20.4
write_blif appntk/c2670_16_0.0126758_907_20.4.blif
sis -x -c "read_library data/genlib/mcnc.genlib;read_blif appntk/c2670_16_0.0126758_907_20.4.blif;print_map_stats" | grep -e "Most Negative Slack" -e "Total Area"
"appntk/c2670_16_0.0126758_907_20.4.blif", line 33: .and_gate_delay 1.9
Warning: network `c2670', node "G4" does not fanout
Warning: network `c2670', node "G5" does not fanout
Warning: network `c2670', node "G6" does not fanout
Warning: network `c2670', node "G11" does not fanout
Warning: network `c2670', node "G16" does not fanout
Warning: network `c2670', node "G19" does not fanout
Warning: network `c2670', node "G20" does not fanout
Warning: network `c2670', node "G21" does not fanout
Warning: network `c2670', node "G22" does not fanout
Warning: network `c2670', node "G23" does not fanout
Warning: network `c2670', node "G24" does not fanout
Warning: network `c2670', node "G25" does not fanout
Warning: network `c2670', node "G26" does not fanout
Warning: network `c2670', node "G27" does not fanout
Warning: network `c2670', node "G28" does not fanout
Warning: network `c2670', node "G29" does not fanout
Warning: network `c2670', node "G32" does not fanout
Warning: network `c2670', node "G33" does not fanout
Warning: network `c2670', node "G34" does not fanout
Warning: network `c2670', node "G35" does not fanout
Total Area		= 907.00
Most Negative Slack	= -35.90
Nodes = 543. Try = 438. Resub = 0. Div = 10739. SAT calls = 1850. Timeouts = 0. MaxDivs = 4.
Attempts :   Remove      0 out of    872 (  0.00 %)   Resub       0 out of    330 (  0.00 %)   
Reduction:   Nodes       0 out of    543 (  0.00 %)   Edges       0 out of    978 (  0.00 %)   
Win =     0.00 sec (  1.06 %)
Div =     0.00 sec (  2.17 %)
Aig =     0.00 sec (  2.40 %)
Gia =     0.00 sec (  0.00 %)
Cnf =     0.00 sec (  0.54 %)
Sat =     0.04 sec ( 55.42 %)
Int =     0.00 sec (  0.00 %)
ALL =     0.08 sec (100.00 %)
round 17

0%   10   20   30   40   50   60   70   80   90   100%
|----|----|----|----|----|----|----|----|----|----|
seed = 1566954228 patience = 0
***************************************************
best node n758 best error 0.0127344
time = 210454364
c2670_17_0.0127344
area = 894
delay = 22.2
write_blif appntk/c2670_17_0.0127344_894_22.2.blif
sis -x -c "read_library data/genlib/mcnc.genlib;read_blif appntk/c2670_17_0.0127344_894_22.2.blif;print_map_stats" | grep -e "Most Negative Slack" -e "Total Area"
"appntk/c2670_17_0.0127344_894_22.2.blif", line 33: .and_gate_delay 1.9
Warning: network `c2670', node "G4" does not fanout
Warning: network `c2670', node "G5" does not fanout
Warning: network `c2670', node "G6" does not fanout
Warning: network `c2670', node "G11" does not fanout
Warning: network `c2670', node "G16" does not fanout
Warning: network `c2670', node "G19" does not fanout
Warning: network `c2670', node "G20" does not fanout
Warning: network `c2670', node "G21" does not fanout
Warning: network `c2670', node "G22" does not fanout
Warning: network `c2670', node "G23" does not fanout
Warning: network `c2670', node "G24" does not fanout
Warning: network `c2670', node "G25" does not fanout
Warning: network `c2670', node "G26" does not fanout
Warning: network `c2670', node "G27" does not fanout
Warning: network `c2670', node "G28" does not fanout
Warning: network `c2670', node "G29" does not fanout
Warning: network `c2670', node "G32" does not fanout
Warning: network `c2670', node "G33" does not fanout
Warning: network `c2670', node "G34" does not fanout
Warning: network `c2670', node "G35" does not fanout
Total Area		= 894.00
Most Negative Slack	= -40.40
Nodes = 542. Try = 437. Resub = 0. Div = 10585. SAT calls = 1928. Timeouts = 0. MaxDivs = 4.
Attempts :   Remove      0 out of    870 (  0.00 %)   Resub       0 out of    330 (  0.00 %)   
Reduction:   Nodes       0 out of    542 (  0.00 %)   Edges       0 out of    976 (  0.00 %)   
Win =     0.00 sec (  1.07 %)
Div =     0.00 sec (  2.08 %)
Aig =     0.00 sec (  2.36 %)
Gia =     0.00 sec (  0.00 %)
Cnf =     0.00 sec (  0.52 %)
Sat =     0.04 sec ( 55.24 %)
Int =     0.00 sec (  0.00 %)
ALL =     0.08 sec (100.00 %)
round 18

0%   10   20   30   40   50   60   70   80   90   100%
|----|----|----|----|----|----|----|----|----|----|
seed = 1566954237 patience = 0
***************************************************
best node n797 best error 0.0150781
time = 218650385
c2670_18_0.0150781
area = 900
delay = 20
write_blif appntk/c2670_18_0.0150781_900_20.blif
sis -x -c "read_library data/genlib/mcnc.genlib;read_blif appntk/c2670_18_0.0150781_900_20.blif;print_map_stats" | grep -e "Most Negative Slack" -e "Total Area"
"appntk/c2670_18_0.0150781_900_20.blif", line 33: .and_gate_delay 1.9
Warning: network `c2670', node "G4" does not fanout
Warning: network `c2670', node "G5" does not fanout
Warning: network `c2670', node "G6" does not fanout
Warning: network `c2670', node "G11" does not fanout
Warning: network `c2670', node "G16" does not fanout
Warning: network `c2670', node "G19" does not fanout
Warning: network `c2670', node "G20" does not fanout
Warning: network `c2670', node "G21" does not fanout
Warning: network `c2670', node "G22" does not fanout
Warning: network `c2670', node "G23" does not fanout
Warning: network `c2670', node "G24" does not fanout
Warning: network `c2670', node "G25" does not fanout
Warning: network `c2670', node "G26" does not fanout
Warning: network `c2670', node "G27" does not fanout
Warning: network `c2670', node "G28" does not fanout
Warning: network `c2670', node "G29" does not fanout
Warning: network `c2670', node "G32" does not fanout
Warning: network `c2670', node "G33" does not fanout
Warning: network `c2670', node "G34" does not fanout
Warning: network `c2670', node "G35" does not fanout
Total Area		= 900.00
Most Negative Slack	= -35.00
Nodes = 540. Try = 435. Resub = 0. Div = 10335. SAT calls = 1825. Timeouts = 0. MaxDivs = 3.
Attempts :   Remove      0 out of    866 (  0.00 %)   Resub       0 out of    329 (  0.00 %)   
Reduction:   Nodes       0 out of    540 (  0.00 %)   Edges       0 out of    972 (  0.00 %)   
Win =     0.00 sec (  1.08 %)
Div =     0.00 sec (  2.13 %)
Aig =     0.00 sec (  2.37 %)
Gia =     0.00 sec (  0.00 %)
Cnf =     0.00 sec (  0.53 %)
Sat =     0.04 sec ( 55.44 %)
Int =     0.00 sec (  0.00 %)
ALL =     0.08 sec (100.00 %)
round 19

0%   10   20   30   40   50   60   70   80   90   100%
|----|----|----|----|----|----|----|----|----|----|
seed = 1566954245 patience = 0
***************************************************
best node n730 best error 0.0166699
time = 223535854
c2670_19_0.0166699
area = 886
delay = 21.6
write_blif appntk/c2670_19_0.0166699_886_21.6.blif
sis -x -c "read_library data/genlib/mcnc.genlib;read_blif appntk/c2670_19_0.0166699_886_21.6.blif;print_map_stats" | grep -e "Most Negative Slack" -e "Total Area"
"appntk/c2670_19_0.0166699_886_21.6.blif", line 33: .and_gate_delay 1.9
Warning: network `c2670', node "G4" does not fanout
Warning: network `c2670', node "G5" does not fanout
Warning: network `c2670', node "G6" does not fanout
Warning: network `c2670', node "G11" does not fanout
Warning: network `c2670', node "G16" does not fanout
Warning: network `c2670', node "G19" does not fanout
Warning: network `c2670', node "G20" does not fanout
Warning: network `c2670', node "G21" does not fanout
Warning: network `c2670', node "G22" does not fanout
Warning: network `c2670', node "G23" does not fanout
Warning: network `c2670', node "G24" does not fanout
Warning: network `c2670', node "G25" does not fanout
Warning: network `c2670', node "G26" does not fanout
Warning: network `c2670', node "G27" does not fanout
Warning: network `c2670', node "G28" does not fanout
Warning: network `c2670', node "G29" does not fanout
Warning: network `c2670', node "G32" does not fanout
Warning: network `c2670', node "G33" does not fanout
Warning: network `c2670', node "G34" does not fanout
Warning: network `c2670', node "G35" does not fanout
Total Area		= 886.00
Most Negative Slack	= -39.10
Nodes = 539. Try = 434. Resub = 0. Div = 10288. SAT calls = 1893. Timeouts = 0. MaxDivs = 3.
Attempts :   Remove      0 out of    864 (  0.00 %)   Resub       0 out of    328 (  0.00 %)   
Reduction:   Nodes       0 out of    539 (  0.00 %)   Edges       0 out of    970 (  0.00 %)   
Win =     0.00 sec (  1.09 %)
Div =     0.00 sec (  2.12 %)
Aig =     0.00 sec (  2.42 %)
Gia =     0.00 sec (  0.00 %)
Cnf =     0.00 sec (  0.56 %)
Sat =     0.04 sec ( 54.75 %)
Int =     0.00 sec (  0.00 %)
ALL =     0.08 sec (100.00 %)
round 20

0%   10   20   30   40   50   60   70   80   90   100%
|----|----|----|----|----|----|----|----|----|----|
seed = 1566954250 patience = 0
***************************************************
best node n794 best error 0.0202051
time = 228745044
c2670_20_0.0202051
area = 886
delay = 20
write_blif appntk/c2670_20_0.0202051_886_20.blif
sis -x -c "read_library data/genlib/mcnc.genlib;read_blif appntk/c2670_20_0.0202051_886_20.blif;print_map_stats" | grep -e "Most Negative Slack" -e "Total Area"
"appntk/c2670_20_0.0202051_886_20.blif", line 33: .and_gate_delay 1.9
Warning: network `c2670', node "G4" does not fanout
Warning: network `c2670', node "G5" does not fanout
Warning: network `c2670', node "G6" does not fanout
Warning: network `c2670', node "G11" does not fanout
Warning: network `c2670', node "G16" does not fanout
Warning: network `c2670', node "G19" does not fanout
Warning: network `c2670', node "G20" does not fanout
Warning: network `c2670', node "G21" does not fanout
Warning: network `c2670', node "G22" does not fanout
Warning: network `c2670', node "G23" does not fanout
Warning: network `c2670', node "G24" does not fanout
Warning: network `c2670', node "G25" does not fanout
Warning: network `c2670', node "G26" does not fanout
Warning: network `c2670', node "G27" does not fanout
Warning: network `c2670', node "G28" does not fanout
Warning: network `c2670', node "G29" does not fanout
Warning: network `c2670', node "G32" does not fanout
Warning: network `c2670', node "G33" does not fanout
Warning: network `c2670', node "G34" does not fanout
Warning: network `c2670', node "G35" does not fanout
Total Area		= 886.00
Most Negative Slack	= -34.10
Nodes = 533. Try = 428. Resub = 0. Div = 9923. SAT calls = 1792. Timeouts = 0. MaxDivs = 3.
Attempts :   Remove      0 out of    852 (  0.00 %)   Resub       0 out of    324 (  0.00 %)   
Reduction:   Nodes       0 out of    533 (  0.00 %)   Edges       0 out of    958 (  0.00 %)   
Win =     0.00 sec (  1.12 %)
Div =     0.00 sec (  2.14 %)
Aig =     0.00 sec (  2.40 %)
Gia =     0.00 sec (  0.00 %)
Cnf =     0.00 sec (  0.55 %)
Sat =     0.04 sec ( 53.89 %)
Int =     0.00 sec (  0.00 %)
ALL =     0.07 sec (100.00 %)
round 21

0%   10   20   30   40   50   60   70   80   90   100%
|----|----|----|----|----|----|----|----|----|----|
seed = 1566954255 patience = 0
***************************************************
best node n730 best error 0.0219629
time = 234426305
c2670_21_0.0219629
area = 869
delay = 23.2
write_blif appntk/c2670_21_0.0219629_869_23.2.blif
sis -x -c "read_library data/genlib/mcnc.genlib;read_blif appntk/c2670_21_0.0219629_869_23.2.blif;print_map_stats" | grep -e "Most Negative Slack" -e "Total Area"
"appntk/c2670_21_0.0219629_869_23.2.blif", line 33: .and_gate_delay 1.9
Warning: network `c2670', node "G4" does not fanout
Warning: network `c2670', node "G5" does not fanout
Warning: network `c2670', node "G6" does not fanout
Warning: network `c2670', node "G11" does not fanout
Warning: network `c2670', node "G16" does not fanout
Warning: network `c2670', node "G19" does not fanout
Warning: network `c2670', node "G20" does not fanout
Warning: network `c2670', node "G21" does not fanout
Warning: network `c2670', node "G22" does not fanout
Warning: network `c2670', node "G23" does not fanout
Warning: network `c2670', node "G24" does not fanout
Warning: network `c2670', node "G25" does not fanout
Warning: network `c2670', node "G26" does not fanout
Warning: network `c2670', node "G27" does not fanout
Warning: network `c2670', node "G28" does not fanout
Warning: network `c2670', node "G29" does not fanout
Warning: network `c2670', node "G32" does not fanout
Warning: network `c2670', node "G33" does not fanout
Warning: network `c2670', node "G34" does not fanout
Warning: network `c2670', node "G35" does not fanout
Total Area		= 869.00
Most Negative Slack	= -39.70
Nodes = 532. Try = 427. Resub = 0. Div = 9863. SAT calls = 1859. Timeouts = 0. MaxDivs = 3.
Attempts :   Remove      0 out of    850 (  0.00 %)   Resub       0 out of    323 (  0.00 %)   
Reduction:   Nodes       0 out of    532 (  0.00 %)   Edges       0 out of    956 (  0.00 %)   
Win =     0.00 sec (  1.08 %)
Div =     0.00 sec (  2.11 %)
Aig =     0.00 sec (  2.41 %)
Gia =     0.00 sec (  0.00 %)
Cnf =     0.00 sec (  0.58 %)
Sat =     0.04 sec ( 54.10 %)
Int =     0.00 sec (  0.00 %)
ALL =     0.07 sec (100.00 %)
round 22

0%   10   20   30   40   50   60   70   80   90   100%
|----|----|----|----|----|----|----|----|----|----|
seed = 1566954261 patience = 0
***************************************************
best node n763 best error 0.0383105
time = 239496377
c2670_22_0.0383105
area = 873
delay = 19.9
write_blif appntk/c2670_22_0.0383105_873_19.9.blif
sis -x -c "read_library data/genlib/mcnc.genlib;read_blif appntk/c2670_22_0.0383105_873_19.9.blif;print_map_stats" | grep -e "Most Negative Slack" -e "Total Area"
"appntk/c2670_22_0.0383105_873_19.9.blif", line 33: .and_gate_delay 1.9
Warning: network `c2670', node "G4" does not fanout
Warning: network `c2670', node "G5" does not fanout
Warning: network `c2670', node "G6" does not fanout
Warning: network `c2670', node "G11" does not fanout
Warning: network `c2670', node "G16" does not fanout
Warning: network `c2670', node "G19" does not fanout
Warning: network `c2670', node "G20" does not fanout
Warning: network `c2670', node "G21" does not fanout
Warning: network `c2670', node "G22" does not fanout
Warning: network `c2670', node "G23" does not fanout
Warning: network `c2670', node "G24" does not fanout
Warning: network `c2670', node "G25" does not fanout
Warning: network `c2670', node "G26" does not fanout
Warning: network `c2670', node "G27" does not fanout
Warning: network `c2670', node "G28" does not fanout
Warning: network `c2670', node "G29" does not fanout
Warning: network `c2670', node "G32" does not fanout
Warning: network `c2670', node "G33" does not fanout
Warning: network `c2670', node "G34" does not fanout
Warning: network `c2670', node "G35" does not fanout
Total Area		= 873.00
Most Negative Slack	= -34.20
Nodes = 527. Try = 422. Resub = 0. Div = 9683. SAT calls = 1773. Timeouts = 0. MaxDivs = 3.
Attempts :   Remove      0 out of    840 (  0.00 %)   Resub       0 out of    318 (  0.00 %)   
Reduction:   Nodes       0 out of    527 (  0.00 %)   Edges       0 out of    946 (  0.00 %)   
Win =     0.00 sec (  1.12 %)
Div =     0.00 sec (  2.05 %)
Aig =     0.00 sec (  2.41 %)
Gia =     0.00 sec (  0.00 %)
Cnf =     0.00 sec (  0.55 %)
Sat =     0.04 sec ( 54.07 %)
Int =     0.00 sec (  0.00 %)
ALL =     0.07 sec (100.00 %)
round 23

0%   10   20   30   40   50   60   70   80   90   100%
|----|----|----|----|----|----|----|----|----|----|
seed = 1566954266 patience = 0
***************************************************
best node n733 best error 0.0413184
time = 243949693
c2670_23_0.0413184
area = 861
delay = 20.7
write_blif appntk/c2670_23_0.0413184_861_20.7.blif
sis -x -c "read_library data/genlib/mcnc.genlib;read_blif appntk/c2670_23_0.0413184_861_20.7.blif;print_map_stats" | grep -e "Most Negative Slack" -e "Total Area"
"appntk/c2670_23_0.0413184_861_20.7.blif", line 33: .and_gate_delay 1.9
Warning: network `c2670', node "G4" does not fanout
Warning: network `c2670', node "G5" does not fanout
Warning: network `c2670', node "G6" does not fanout
Warning: network `c2670', node "G11" does not fanout
Warning: network `c2670', node "G16" does not fanout
Warning: network `c2670', node "G19" does not fanout
Warning: network `c2670', node "G20" does not fanout
Warning: network `c2670', node "G21" does not fanout
Warning: network `c2670', node "G22" does not fanout
Warning: network `c2670', node "G23" does not fanout
Warning: network `c2670', node "G24" does not fanout
Warning: network `c2670', node "G25" does not fanout
Warning: network `c2670', node "G26" does not fanout
Warning: network `c2670', node "G27" does not fanout
Warning: network `c2670', node "G28" does not fanout
Warning: network `c2670', node "G29" does not fanout
Warning: network `c2670', node "G32" does not fanout
Warning: network `c2670', node "G33" does not fanout
Warning: network `c2670', node "G34" does not fanout
Warning: network `c2670', node "G35" does not fanout
Total Area		= 861.00
Most Negative Slack	= -36.40
Nodes = 526. Try = 421. Resub = 0. Div = 9653. SAT calls = 1836. Timeouts = 0. MaxDivs = 3.
Attempts :   Remove      0 out of    838 (  0.00 %)   Resub       0 out of    317 (  0.00 %)   
Reduction:   Nodes       0 out of    526 (  0.00 %)   Edges       0 out of    944 (  0.00 %)   
Win =     0.00 sec (  1.07 %)
Div =     0.00 sec (  2.14 %)
Aig =     0.00 sec (  2.39 %)
Gia =     0.00 sec (  0.00 %)
Cnf =     0.00 sec (  0.56 %)
Sat =     0.04 sec ( 53.71 %)
Int =     0.00 sec (  0.00 %)
ALL =     0.07 sec (100.00 %)
round 24

0%   10   20   30   40   50   60   70   80   90   100%
|----|----|----|----|----|----|----|----|----|----|
seed = 1566954270 patience = 0
***************************************************
best node n773 best error 0.0465527
time = 248104712
c2670_24_0.0465527
area = 855
delay = 20
write_blif appntk/c2670_24_0.0465527_855_20.blif
sis -x -c "read_library data/genlib/mcnc.genlib;read_blif appntk/c2670_24_0.0465527_855_20.blif;print_map_stats" | grep -e "Most Negative Slack" -e "Total Area"
"appntk/c2670_24_0.0465527_855_20.blif", line 33: .and_gate_delay 1.9
Warning: network `c2670', node "G4" does not fanout
Warning: network `c2670', node "G5" does not fanout
Warning: network `c2670', node "G6" does not fanout
Warning: network `c2670', node "G11" does not fanout
Warning: network `c2670', node "G16" does not fanout
Warning: network `c2670', node "G19" does not fanout
Warning: network `c2670', node "G20" does not fanout
Warning: network `c2670', node "G21" does not fanout
Warning: network `c2670', node "G22" does not fanout
Warning: network `c2670', node "G23" does not fanout
Warning: network `c2670', node "G24" does not fanout
Warning: network `c2670', node "G25" does not fanout
Warning: network `c2670', node "G26" does not fanout
Warning: network `c2670', node "G27" does not fanout
Warning: network `c2670', node "G28" does not fanout
Warning: network `c2670', node "G29" does not fanout
Warning: network `c2670', node "G32" does not fanout
Warning: network `c2670', node "G33" does not fanout
Warning: network `c2670', node "G34" does not fanout
Warning: network `c2670', node "G35" does not fanout
Total Area		= 855.00
Most Negative Slack	= -33.30
Nodes = 520. Try = 415. Resub = 0. Div = 9294. SAT calls = 1736. Timeouts = 0. MaxDivs = 2.
Attempts :   Remove      0 out of    826 (  0.00 %)   Resub       0 out of    314 (  0.00 %)   
Reduction:   Nodes       0 out of    520 (  0.00 %)   Edges       0 out of    932 (  0.00 %)   
Win =     0.00 sec (  1.10 %)
Div =     0.00 sec (  2.08 %)
Aig =     0.00 sec (  2.39 %)
Gia =     0.00 sec (  0.00 %)
Cnf =     0.00 sec (  0.56 %)
Sat =     0.04 sec ( 53.68 %)
Int =     0.00 sec (  0.00 %)
ALL =     0.07 sec (100.00 %)
round 25

0%   10   20   30   40   50   60   70   80   90   100%
|----|----|----|----|----|----|----|----|----|----|
seed = 1566954274 patience = 0
***************************************************
best node n783 best error 0.0609375
time = 251578514
