Entered genlib library with 23 gates from file "data/genlib/mcnc.genlib".
Nodes = 136. Try = 113. Resub = 10. Div = 7322. SAT calls = 375. Timeouts = 0. MaxDivs = 0.
Attempts :   Remove      4 out of    214 (  1.87 %)   Resub       6 out of     72 (  8.33 %)   
Reduction:   Nodes       8 out of    136 (  5.88 %)   Edges      16 out of    272 (  5.88 %)   
Win =     0.00 sec (  1.11 %)
Div =     0.00 sec (  2.61 %)
Aig =     0.00 sec (  3.11 %)
Gia =     0.00 sec (  0.00 %)
Cnf =     0.00 sec (  0.64 %)
Sat =     0.02 sec ( 48.47 %)
Int =     0.00 sec (  9.86 %)
ALL =     0.04 sec (100.00 %)
round 0

0%   10   20   30   40   50   60   70   80   90   100%
|----|----|----|----|----|----|----|----|----|----|
seed = 1566954026 patience = 0
***************************************************
best node n158 best error 0
time = 1621957
c432_0_0
area = 228
delay = 28.3
write_blif appntk/c432_0_0_228_28.3.blif
sis -x -c "read_library data/genlib/mcnc.genlib;read_blif appntk/c432_0_0_228_28.3.blif;print_map_stats" | grep -e "Most Negative Slack" -e "Total Area"
"appntk/c432_0_0_228_28.3.blif", line 9: .and_gate_delay 1.9
Total Area		= 228.00
Most Negative Slack	= -47.80
Nodes = 124. Try = 96. Resub = 0. Div = 6037. SAT calls = 329. Timeouts = 0. MaxDivs = 0.
Attempts :   Remove      0 out of    192 (  0.00 %)   Resub       0 out of     65 (  0.00 %)   
Reduction:   Nodes       0 out of    124 (  0.00 %)   Edges       0 out of    248 (  0.00 %)   
Win =     0.00 sec (  1.11 %)
Div =     0.00 sec (  2.74 %)
Aig =     0.00 sec (  3.22 %)
Gia =     0.00 sec (  0.00 %)
Cnf =     0.00 sec (  0.70 %)
Sat =     0.02 sec ( 52.61 %)
Int =     0.00 sec (  0.00 %)
ALL =     0.03 sec (100.00 %)
round 1

0%   10   20   30   40   50   60   70   80   90   100%
|----|----|----|----|----|----|----|----|----|----|
seed = 1566954027 patience = 0
***************************************************
best node n154 best error 0.00207031
time = 3126313
c432_1_0.00207031
area = 215
delay = 27.3
write_blif appntk/c432_1_0.00207031_215_27.3.blif
sis -x -c "read_library data/genlib/mcnc.genlib;read_blif appntk/c432_1_0.00207031_215_27.3.blif;print_map_stats" | grep -e "Most Negative Slack" -e "Total Area"
"appntk/c432_1_0.00207031_215_27.3.blif", line 9: .and_gate_delay 1.9
Total Area		= 215.00
Most Negative Slack	= -46.20
Nodes = 118. Try = 95. Resub = 0. Div = 5867. SAT calls = 338. Timeouts = 0. MaxDivs = 0.
Attempts :   Remove      0 out of    190 (  0.00 %)   Resub       0 out of     67 (  0.00 %)   
Reduction:   Nodes       0 out of    118 (  0.00 %)   Edges       0 out of    236 (  0.00 %)   
Win =     0.00 sec (  1.09 %)
Div =     0.00 sec (  2.68 %)
Aig =     0.00 sec (  3.04 %)
Gia =     0.00 sec (  0.00 %)
Cnf =     0.00 sec (  0.69 %)
Sat =     0.01 sec ( 52.39 %)
Int =     0.00 sec (  0.00 %)
ALL =     0.03 sec (100.00 %)
round 2

0%   10   20   30   40   50   60   70   80   90   100%
|----|----|----|----|----|----|----|----|----|----|
seed = 1566954029 patience = 0
***************************************************
best node n156 best error 0.00207031
time = 4508508
c432_2_0.00207031
area = 216
delay = 26.9
write_blif appntk/c432_2_0.00207031_216_26.9.blif
sis -x -c "read_library data/genlib/mcnc.genlib;read_blif appntk/c432_2_0.00207031_216_26.9.blif;print_map_stats" | grep -e "Most Negative Slack" -e "Total Area"
"appntk/c432_2_0.00207031_216_26.9.blif", line 9: .and_gate_delay 1.9
Total Area		= 216.00
Most Negative Slack	= -44.50
Nodes = 117. Try = 95. Resub = 0. Div = 5867. SAT calls = 351. Timeouts = 0. MaxDivs = 0.
Attempts :   Remove      0 out of    190 (  0.00 %)   Resub       0 out of     67 (  0.00 %)   
Reduction:   Nodes       0 out of    117 (  0.00 %)   Edges       0 out of    234 (  0.00 %)   
Win =     0.00 sec (  1.02 %)
Div =     0.00 sec (  2.63 %)
Aig =     0.00 sec (  3.03 %)
Gia =     0.00 sec (  0.00 %)
Cnf =     0.00 sec (  0.64 %)
Sat =     0.02 sec ( 52.36 %)
Int =     0.00 sec (  0.00 %)
ALL =     0.03 sec (100.00 %)
round 3

0%   10   20   30   40   50   60   70   80   90   100%
|----|----|----|----|----|----|----|----|----|----|
seed = 1566954030 patience = 0
***************************************************
best node n70 best error 0.00730469
time = 6139582
c432_3_0.00730469
area = 222
delay = 28.4
write_blif appntk/c432_3_0.00730469_222_28.4.blif
sis -x -c "read_library data/genlib/mcnc.genlib;read_blif appntk/c432_3_0.00730469_222_28.4.blif;print_map_stats" | grep -e "Most Negative Slack" -e "Total Area"
"appntk/c432_3_0.00730469_222_28.4.blif", line 9: .and_gate_delay 1.9
Total Area		= 222.00
Most Negative Slack	= -46.00
Nodes = 115. Try = 93. Resub = 0. Div = 5556. SAT calls = 341. Timeouts = 0. MaxDivs = 0.
Attempts :   Remove      0 out of    186 (  0.00 %)   Resub       0 out of     65 (  0.00 %)   
Reduction:   Nodes       0 out of    115 (  0.00 %)   Edges       0 out of    230 (  0.00 %)   
Win =     0.00 sec (  1.08 %)
Div =     0.00 sec (  2.73 %)
Aig =     0.00 sec (  3.02 %)
Gia =     0.00 sec (  0.00 %)
Cnf =     0.00 sec (  0.69 %)
Sat =     0.01 sec ( 53.47 %)
Int =     0.00 sec (  0.00 %)
ALL =     0.03 sec (100.00 %)
round 4

0%   10   20   30   40   50   60   70   80   90   100%
|----|----|----|----|----|----|----|----|----|----|
seed = 1566954032 patience = 0
***************************************************
best node n144 best error 0.0154688
time = 7452175
c432_4_0.0154688
area = 224
delay = 27.2
write_blif appntk/c432_4_0.0154688_224_27.2.blif
sis -x -c "read_library data/genlib/mcnc.genlib;read_blif appntk/c432_4_0.0154688_224_27.2.blif;print_map_stats" | grep -e "Most Negative Slack" -e "Total Area"
"appntk/c432_4_0.0154688_224_27.2.blif", line 9: .and_gate_delay 1.9
Total Area		= 224.00
Most Negative Slack	= -44.50
Nodes = 113. Try = 93. Resub = 0. Div = 5556. SAT calls = 351. Timeouts = 0. MaxDivs = 0.
Attempts :   Remove      0 out of    186 (  0.00 %)   Resub       0 out of     65 (  0.00 %)   
Reduction:   Nodes       0 out of    113 (  0.00 %)   Edges       0 out of    226 (  0.00 %)   
Win =     0.00 sec (  1.10 %)
Div =     0.00 sec (  2.77 %)
Aig =     0.00 sec (  3.23 %)
Gia =     0.00 sec (  0.00 %)
Cnf =     0.00 sec (  0.71 %)
Sat =     0.02 sec ( 53.86 %)
Int =     0.00 sec (  0.00 %)
ALL =     0.03 sec (100.00 %)
round 5

0%   10   20   30   40   50   60   70   80   90   100%
|----|----|----|----|----|----|----|----|----|----|
seed = 1566954033 patience = 0
***************************************************
best node n83 best error 0.0244238
time = 8919088
c432_5_0.0244238
area = 225
delay = 26
write_blif appntk/c432_5_0.0244238_225_26.blif
sis -x -c "read_library data/genlib/mcnc.genlib;read_blif appntk/c432_5_0.0244238_225_26.blif;print_map_stats" | grep -e "Most Negative Slack" -e "Total Area"
"appntk/c432_5_0.0244238_225_26.blif", line 9: .and_gate_delay 1.9
Total Area		= 225.00
Most Negative Slack	= -41.70
Nodes = 111. Try = 99. Resub = 0. Div = 6284. SAT calls = 364. Timeouts = 0. MaxDivs = 0.
Attempts :   Remove      0 out of    198 (  0.00 %)   Resub       0 out of     71 (  0.00 %)   
Reduction:   Nodes       0 out of    111 (  0.00 %)   Edges       0 out of    222 (  0.00 %)   
Win =     0.00 sec (  1.18 %)
Div =     0.00 sec (  2.99 %)
Aig =     0.00 sec (  2.94 %)
Gia =     0.00 sec (  0.00 %)
Cnf =     0.00 sec (  0.74 %)
Sat =     0.01 sec ( 56.20 %)
Int =     0.00 sec (  0.00 %)
ALL =     0.02 sec (100.00 %)
round 6

0%   10   20   30   40   50   60   70   80   90   100%
|----|----|----|----|----|----|----|----|----|----|
seed = 1566954034 patience = 0
***************************************************
best node n67 best error 0.0315625
time = 10124374
c432_6_0.0315625
area = 220
delay = 26.6
write_blif appntk/c432_6_0.0315625_220_26.6.blif
sis -x -c "read_library data/genlib/mcnc.genlib;read_blif appntk/c432_6_0.0315625_220_26.6.blif;print_map_stats" | grep -e "Most Negative Slack" -e "Total Area"
"appntk/c432_6_0.0315625_220_26.6.blif", line 9: .and_gate_delay 1.9
Total Area		= 220.00
Most Negative Slack	= -43.30
Nodes = 109. Try = 97. Resub = 0. Div = 6006. SAT calls = 356. Timeouts = 0. MaxDivs = 0.
Attempts :   Remove      0 out of    194 (  0.00 %)   Resub       0 out of     69 (  0.00 %)   
Reduction:   Nodes       0 out of    109 (  0.00 %)   Edges       0 out of    218 (  0.00 %)   
Win =     0.00 sec (  1.09 %)
Div =     0.00 sec (  2.80 %)
Aig =     0.00 sec (  2.97 %)
Gia =     0.00 sec (  0.00 %)
Cnf =     0.00 sec (  0.65 %)
Sat =     0.02 sec ( 52.81 %)
Int =     0.00 sec (  0.00 %)
ALL =     0.03 sec (100.00 %)
round 7

0%   10   20   30   40   50   60   70   80   90   100%
|----|----|----|----|----|----|----|----|----|----|
seed = 1566954036 patience = 0
***************************************************
best node n79 best error 0.0432324
time = 10955617
c432_7_0.0432324
area = 211
delay = 26.2
write_blif appntk/c432_7_0.0432324_211_26.2.blif
sis -x -c "read_library data/genlib/mcnc.genlib;read_blif appntk/c432_7_0.0432324_211_26.2.blif;print_map_stats" | grep -e "Most Negative Slack" -e "Total Area"
"appntk/c432_7_0.0432324_211_26.2.blif", line 9: .and_gate_delay 1.9
Total Area		= 211.00
Most Negative Slack	= -40.90
Nodes = 107. Try = 95. Resub = 0. Div = 5725. SAT calls = 361. Timeouts = 0. MaxDivs = 0.
Attempts :   Remove      0 out of    190 (  0.00 %)   Resub       0 out of     67 (  0.00 %)   
Reduction:   Nodes       0 out of    107 (  0.00 %)   Edges       0 out of    214 (  0.00 %)   
Win =     0.00 sec (  1.15 %)
Div =     0.00 sec (  2.78 %)
Aig =     0.00 sec (  3.09 %)
Gia =     0.00 sec (  0.00 %)
Cnf =     0.00 sec (  0.70 %)
Sat =     0.02 sec ( 54.57 %)
Int =     0.00 sec (  0.00 %)
ALL =     0.03 sec (100.00 %)
round 8

0%   10   20   30   40   50   60   70   80   90   100%
|----|----|----|----|----|----|----|----|----|----|
seed = 1566954037 patience = 0
***************************************************
best node n146 best error 0.0502344
time = 11823699
