Entered genlib library with 23 gates from file "data/genlib/mcnc.genlib".
Nodes = 1870. Try = 754. Resub = 0. Div = 32723. SAT calls = 2062. Timeouts = 0. MaxDivs = 0.
Attempts :   Remove      0 out of   1508 (  0.00 %)   Resub       0 out of    152 (  0.00 %)   
Reduction:   Nodes       0 out of   1870 (  0.00 %)   Edges       0 out of   3740 (  0.00 %)   
Win =     0.00 sec (  1.14 %)
Div =     0.01 sec (  3.38 %)
Aig =     0.01 sec (  3.35 %)
Gia =     0.00 sec (  0.00 %)
Cnf =     0.00 sec (  0.61 %)
Sat =     0.11 sec ( 51.31 %)
Int =     0.00 sec (  0.00 %)
ALL =     0.22 sec (100.00 %)
round 0

0%   10   20   30   40   50   60   70   80   90   100%
|----|----|----|----|----|----|----|----|----|----|
seed = 1566954026 patience = 0
***************************************************
best node n92 best error 0.0313086
time = 21590786
c6288_0_0.0313086
area = 4294
delay = 148.1
write_blif appntk/c6288_0_0.0313086_4294_148.1.blif
sis -x -c "read_library data/genlib/mcnc.genlib;read_blif appntk/c6288_0_0.0313086_4294_148.1.blif;print_map_stats" | grep -e "Most Negative Slack" -e "Total Area"
"appntk/c6288_0_0.0313086_4294_148.1.blif", line 13: .and_gate_delay 1.9
Total Area		= 4294.00
Most Negative Slack	= -201.10
Nodes = 1868. Try = 754. Resub = 0. Div = 32772. SAT calls = 2045. Timeouts = 0. MaxDivs = 0.
Attempts :   Remove      0 out of   1508 (  0.00 %)   Resub       0 out of    155 (  0.00 %)   
Reduction:   Nodes       0 out of   1868 (  0.00 %)   Edges       0 out of   3736 (  0.00 %)   
Win =     0.00 sec (  1.24 %)
Div =     0.01 sec (  3.60 %)
Aig =     0.01 sec (  3.33 %)
Gia =     0.00 sec (  0.00 %)
Cnf =     0.00 sec (  0.63 %)
Sat =     0.08 sec ( 54.03 %)
Int =     0.00 sec (  0.00 %)
ALL =     0.15 sec (100.00 %)
round 1

0%   10   20   30   40   50   60   70   80   90   100%
|----|----|----|----|----|----|----|----|----|----|
seed = 1566954050 patience = 0
***************************************************
best node n112 best error 0.0474512
time = 47829776
c6288_1_0.0474512
area = 4260
delay = 144.5
write_blif appntk/c6288_1_0.0474512_4260_144.5.blif
sis -x -c "read_library data/genlib/mcnc.genlib;read_blif appntk/c6288_1_0.0474512_4260_144.5.blif;print_map_stats" | grep -e "Most Negative Slack" -e "Total Area"
"appntk/c6288_1_0.0474512_4260_144.5.blif", line 13: .and_gate_delay 1.9
Total Area		= 4260.00
Most Negative Slack	= -197.60
Nodes = 1866. Try = 752. Resub = 0. Div = 32606. SAT calls = 2035. Timeouts = 0. MaxDivs = 0.
Attempts :   Remove      0 out of   1504 (  0.00 %)   Resub       0 out of    153 (  0.00 %)   
Reduction:   Nodes       0 out of   1866 (  0.00 %)   Edges       0 out of   3732 (  0.00 %)   
Win =     0.00 sec (  1.25 %)
Div =     0.01 sec (  3.69 %)
Aig =     0.00 sec (  3.30 %)
Gia =     0.00 sec (  0.00 %)
Cnf =     0.00 sec (  0.65 %)
Sat =     0.08 sec ( 54.80 %)
Int =     0.00 sec (  0.00 %)
ALL =     0.15 sec (100.00 %)
round 2

0%   10   20   30   40   50   60   70   80   90   100%
|----|----|----|----|----|----|----|----|----|----|
seed = 1566954076 patience = 0
***************************************************
best node n78 best error 0.0710352
time = 70566379
