Entered genlib library with 23 gates from file "data/genlib/mcnc.genlib".
Nodes = 1464. Try = 1267. Resub = 8. Div = 45007. SAT calls = 5159. Timeouts = 0. MaxDivs = 15.
Attempts :   Remove      0 out of   2516 (  0.00 %)   Resub       8 out of    724 (  1.10 %)   
Reduction:   Nodes       8 out of   1464 (  0.55 %)   Edges      16 out of   2873 (  0.56 %)   
Win =     0.00 sec (  1.13 %)
Div =     0.01 sec (  2.87 %)
Aig =     0.01 sec (  2.75 %)
Gia =     0.00 sec (  0.00 %)
Cnf =     0.00 sec (  0.53 %)
Sat =     0.20 sec ( 55.91 %)
Int =     0.00 sec (  1.04 %)
ALL =     0.36 sec (100.00 %)
round 0

0%   10   20   30   40   50   60   70   80   90   100%
|----|----|----|----|----|----|----|----|----|----|
seed = 1566954026 patience = 0
***************************************************
best node n822 best error 0
time = 26637149
c7552_0_0
area = 2539
delay = 51.3
write_blif appntk/c7552_0_0_2539_51.3.blif
sis -x -c "read_library data/genlib/mcnc.genlib;read_blif appntk/c7552_0_0_2539_51.3.blif;print_map_stats" | grep -e "Most Negative Slack" -e "Total Area"
"appntk/c7552_0_0_2539_51.3.blif", line 23: .and_gate_delay 1.9
Total Area		= 2539.00
Most Negative Slack	= -101.50
Nodes = 1431. Try = 1221. Resub = 1. Div = 41943. SAT calls = 4987. Timeouts = 0. MaxDivs = 11.
Attempts :   Remove      0 out of   2431 (  0.00 %)   Resub       1 out of    697 (  0.14 %)   
Reduction:   Nodes       1 out of   1431 (  0.07 %)   Edges       2 out of   2807 (  0.07 %)   
Win =     0.00 sec (  0.97 %)
Div =     0.01 sec (  2.60 %)
Aig =     0.01 sec (  2.62 %)
Gia =     0.00 sec (  0.00 %)
Cnf =     0.00 sec (  0.49 %)
Sat =     0.19 sec ( 55.14 %)
Int =     0.00 sec (  0.14 %)
ALL =     0.35 sec (100.00 %)
round 1

0%   10   20   30   40   50   60   70   80   90   100%
|----|----|----|----|----|----|----|----|----|----|
seed = 1566954054 patience = 0
***************************************************
best node n501 best error 0
time = 47718327
c7552_1_0
area = 2558
delay = 54
write_blif appntk/c7552_1_0_2558_54.blif
sis -x -c "read_library data/genlib/mcnc.genlib;read_blif appntk/c7552_1_0_2558_54.blif;print_map_stats" | grep -e "Most Negative Slack" -e "Total Area"
"appntk/c7552_1_0_2558_54.blif", line 23: .and_gate_delay 1.9
Total Area		= 2558.00
Most Negative Slack	= -122.30
Nodes = 1423. Try = 1212. Resub = 0. Div = 41346. SAT calls = 4880. Timeouts = 0. MaxDivs = 12.
Attempts :   Remove      0 out of   2418 (  0.00 %)   Resub       0 out of    692 (  0.00 %)   
Reduction:   Nodes       0 out of   1423 (  0.00 %)   Edges       0 out of   2791 (  0.00 %)   
Win =     0.00 sec (  1.05 %)
Div =     0.01 sec (  2.84 %)
Aig =     0.01 sec (  2.54 %)
Gia =     0.00 sec (  0.00 %)
Cnf =     0.00 sec (  0.55 %)
Sat =     0.15 sec ( 59.15 %)
Int =     0.00 sec (  0.00 %)
ALL =     0.26 sec (100.00 %)
round 2

0%   10   20   30   40   50   60   70   80   90   100%
|----|----|----|----|----|----|----|----|----|----|
seed = 1566954075 patience = 0
***************************************************
best node n852 best error 9.76562e-06
time = 71346860
c7552_2_9.76562e-06
area = 2526
delay = 55.2
write_blif appntk/c7552_2_9.76562e-06_2526_55.2.blif
sis -x -c "read_library data/genlib/mcnc.genlib;read_blif appntk/c7552_2_9.76562e-06_2526_55.2.blif;print_map_stats" | grep -e "Most Negative Slack" -e "Total Area"
"appntk/c7552_2_9.76562e-06_2526_55.2.blif", line 23: .and_gate_delay 1.9
Total Area		= 2526.00
Most Negative Slack	= -108.80
Nodes = 1411. Try = 1208. Resub = 1. Div = 42028. SAT calls = 5008. Timeouts = 0. MaxDivs = 11.
Attempts :   Remove      0 out of   2409 (  0.00 %)   Resub       1 out of    706 (  0.14 %)   
Reduction:   Nodes       1 out of   1411 (  0.07 %)   Edges       2 out of   2767 (  0.07 %)   
Win =     0.00 sec (  1.05 %)
Div =     0.01 sec (  2.82 %)
Aig =     0.01 sec (  2.53 %)
Gia =     0.00 sec (  0.00 %)
Cnf =     0.00 sec (  0.54 %)
Sat =     0.16 sec ( 60.43 %)
Int =     0.00 sec (  0.14 %)
ALL =     0.26 sec (100.00 %)
round 3

0%   10   20   30   40   50   60   70   80   90   100%
|----|----|----|----|----|----|----|----|----|----|
seed = 1566954098 patience = 0
***************************************************
best node n1230 best error 9.76562e-06
time = 89738297
c7552_3_9.76562e-06
area = 2527
delay = 50.4
write_blif appntk/c7552_3_9.76562e-06_2527_50.4.blif
sis -x -c "read_library data/genlib/mcnc.genlib;read_blif appntk/c7552_3_9.76562e-06_2527_50.4.blif;print_map_stats" | grep -e "Most Negative Slack" -e "Total Area"
"appntk/c7552_3_9.76562e-06_2527_50.4.blif", line 23: .and_gate_delay 1.9
Total Area		= 2527.00
Most Negative Slack	= -115.50
Nodes = 1406. Try = 1202. Resub = 0. Div = 41074. SAT calls = 4894. Timeouts = 0. MaxDivs = 10.
Attempts :   Remove      0 out of   2398 (  0.00 %)   Resub       0 out of    704 (  0.00 %)   
Reduction:   Nodes       0 out of   1406 (  0.00 %)   Edges       0 out of   2757 (  0.00 %)   
Win =     0.00 sec (  1.03 %)
Div =     0.01 sec (  2.73 %)
Aig =     0.01 sec (  2.50 %)
Gia =     0.00 sec (  0.00 %)
Cnf =     0.00 sec (  0.54 %)
Sat =     0.16 sec ( 60.06 %)
Int =     0.00 sec (  0.00 %)
ALL =     0.26 sec (100.00 %)
round 4

0%   10   20   30   40   50   60   70   80   90   100%
|----|----|----|----|----|----|----|----|----|----|
seed = 1566954117 patience = 0
***************************************************
best node n1228 best error 9.76562e-06
time = 107847527
c7552_4_9.76562e-06
area = 2512
delay = 47.9
write_blif appntk/c7552_4_9.76562e-06_2512_47.9.blif
sis -x -c "read_library data/genlib/mcnc.genlib;read_blif appntk/c7552_4_9.76562e-06_2512_47.9.blif;print_map_stats" | grep -e "Most Negative Slack" -e "Total Area"
"appntk/c7552_4_9.76562e-06_2512_47.9.blif", line 23: .and_gate_delay 1.9
Total Area		= 2512.00
Most Negative Slack	= -96.40
Nodes = 1402. Try = 1198. Resub = 0. Div = 41250. SAT calls = 5007. Timeouts = 0. MaxDivs = 10.
Attempts :   Remove      0 out of   2390 (  0.00 %)   Resub       0 out of    701 (  0.00 %)   
Reduction:   Nodes       0 out of   1402 (  0.00 %)   Edges       0 out of   2749 (  0.00 %)   
Win =     0.00 sec (  1.05 %)
Div =     0.01 sec (  2.78 %)
Aig =     0.01 sec (  2.51 %)
Gia =     0.00 sec (  0.00 %)
Cnf =     0.00 sec (  0.51 %)
Sat =     0.16 sec ( 60.12 %)
Int =     0.00 sec (  0.00 %)
ALL =     0.27 sec (100.00 %)
round 5

0%   10   20   30   40   50   60   70   80   90   100%
|----|----|----|----|----|----|----|----|----|----|
seed = 1566954135 patience = 0
***************************************************
best node n1231 best error 9.76562e-06
time = 126676154
c7552_5_9.76562e-06
area = 2521
delay = 49.6
write_blif appntk/c7552_5_9.76562e-06_2521_49.6.blif
sis -x -c "read_library data/genlib/mcnc.genlib;read_blif appntk/c7552_5_9.76562e-06_2521_49.6.blif;print_map_stats" | grep -e "Most Negative Slack" -e "Total Area"
"appntk/c7552_5_9.76562e-06_2521_49.6.blif", line 23: .and_gate_delay 1.9
Total Area		= 2521.00
Most Negative Slack	= -114.50
Nodes = 1399. Try = 1196. Resub = 1. Div = 40875. SAT calls = 4815. Timeouts = 0. MaxDivs = 10.
Attempts :   Remove      0 out of   2385 (  0.00 %)   Resub       1 out of    701 (  0.14 %)   
Reduction:   Nodes       1 out of   1399 (  0.07 %)   Edges       2 out of   2743 (  0.07 %)   
Win =     0.00 sec (  1.04 %)
Div =     0.01 sec (  2.81 %)
Aig =     0.01 sec (  2.55 %)
Gia =     0.00 sec (  0.00 %)
Cnf =     0.00 sec (  0.54 %)
Sat =     0.15 sec ( 59.56 %)
Int =     0.00 sec (  0.18 %)
ALL =     0.25 sec (100.00 %)
round 6

0%   10   20   30   40   50   60   70   80   90   100%
|----|----|----|----|----|----|----|----|----|----|
seed = 1566954154 patience = 0
***************************************************
best node n1594 best error 9.76562e-06
time = 145676799
c7552_6_9.76562e-06
area = 2469
delay = 48.8
write_blif appntk/c7552_6_9.76562e-06_2469_48.8.blif
sis -x -c "read_library data/genlib/mcnc.genlib;read_blif appntk/c7552_6_9.76562e-06_2469_48.8.blif;print_map_stats" | grep -e "Most Negative Slack" -e "Total Area"
"appntk/c7552_6_9.76562e-06_2469_48.8.blif", line 23: .and_gate_delay 1.9
Total Area		= 2469.00
Most Negative Slack	= -99.80
Nodes = 1395. Try = 1191. Resub = 0. Div = 40871. SAT calls = 4879. Timeouts = 0. MaxDivs = 10.
Attempts :   Remove      0 out of   2376 (  0.00 %)   Resub       0 out of    698 (  0.00 %)   
Reduction:   Nodes       0 out of   1395 (  0.00 %)   Edges       0 out of   2735 (  0.00 %)   
Win =     0.00 sec (  1.03 %)
Div =     0.01 sec (  2.80 %)
Aig =     0.01 sec (  2.53 %)
Gia =     0.00 sec (  0.00 %)
Cnf =     0.00 sec (  0.53 %)
Sat =     0.15 sec ( 59.85 %)
Int =     0.00 sec (  0.00 %)
ALL =     0.26 sec (100.00 %)
round 7

0%   10   20   30   40   50   60   70   80   90   100%
|----|----|----|----|----|----|----|----|----|----|
seed = 1566954173 patience = 0
***************************************************
best node n684 best error 0.000195313
time = 162739119
c7552_7_0.000195313
area = 2490
delay = 52.1
write_blif appntk/c7552_7_0.000195313_2490_52.1.blif
sis -x -c "read_library data/genlib/mcnc.genlib;read_blif appntk/c7552_7_0.000195313_2490_52.1.blif;print_map_stats" | grep -e "Most Negative Slack" -e "Total Area"
"appntk/c7552_7_0.000195313_2490_52.1.blif", line 23: .and_gate_delay 1.9
Total Area		= 2490.00
Most Negative Slack	= -119.60
Nodes = 1391. Try = 1187. Resub = 0. Div = 40978. SAT calls = 4776. Timeouts = 0. MaxDivs = 10.
Attempts :   Remove      0 out of   2370 (  0.00 %)   Resub       0 out of    699 (  0.00 %)   
Reduction:   Nodes       0 out of   1391 (  0.00 %)   Edges       0 out of   2727 (  0.00 %)   
Win =     0.00 sec (  1.01 %)
Div =     0.01 sec (  2.82 %)
Aig =     0.01 sec (  2.56 %)
Gia =     0.00 sec (  0.00 %)
Cnf =     0.00 sec (  0.53 %)
Sat =     0.15 sec ( 59.60 %)
Int =     0.00 sec (  0.00 %)
ALL =     0.25 sec (100.00 %)
round 8

0%   10   20   30   40   50   60   70   80   90   100%
|----|----|----|----|----|----|----|----|----|----|
seed = 1566954190 patience = 0
***************************************************
best node n704 best error 0.00111328
time = 181901319
c7552_8_0.00111328
area = 2406
delay = 47.2
write_blif appntk/c7552_8_0.00111328_2406_47.2.blif
sis -x -c "read_library data/genlib/mcnc.genlib;read_blif appntk/c7552_8_0.00111328_2406_47.2.blif;print_map_stats" | grep -e "Most Negative Slack" -e "Total Area"
"appntk/c7552_8_0.00111328_2406_47.2.blif", line 23: .and_gate_delay 1.9
Total Area		= 2406.00
Most Negative Slack	= -96.60
Nodes = 1343. Try = 1138. Resub = 0. Div = 37414. SAT calls = 4615. Timeouts = 0. MaxDivs = 8.
Attempts :   Remove      0 out of   2272 (  0.00 %)   Resub       0 out of    663 (  0.00 %)   
Reduction:   Nodes       0 out of   1343 (  0.00 %)   Edges       0 out of   2631 (  0.00 %)   
Win =     0.00 sec (  1.00 %)
Div =     0.01 sec (  2.79 %)
Aig =     0.01 sec (  2.50 %)
Gia =     0.00 sec (  0.00 %)
Cnf =     0.00 sec (  0.52 %)
Sat =     0.14 sec ( 59.87 %)
Int =     0.00 sec (  0.00 %)
ALL =     0.24 sec (100.00 %)
round 9

0%   10   20   30   40   50   60   70   80   90   100%
|----|----|----|----|----|----|----|----|----|----|
seed = 1566954209 patience = 0
***************************************************
best node n629 best error 0.00204102
time = 198964769
c7552_9_0.00204102
area = 2400
delay = 49
write_blif appntk/c7552_9_0.00204102_2400_49.blif
sis -x -c "read_library data/genlib/mcnc.genlib;read_blif appntk/c7552_9_0.00204102_2400_49.blif;print_map_stats" | grep -e "Most Negative Slack" -e "Total Area"
"appntk/c7552_9_0.00204102_2400_49.blif", line 23: .and_gate_delay 1.9
Total Area		= 2400.00
Most Negative Slack	= -106.10
Nodes = 1339. Try = 1136. Resub = 0. Div = 37711. SAT calls = 4521. Timeouts = 0. MaxDivs = 11.
Attempts :   Remove      0 out of   2266 (  0.00 %)   Resub       0 out of    662 (  0.00 %)   
Reduction:   Nodes       0 out of   1339 (  0.00 %)   Edges       0 out of   2623 (  0.00 %)   
Win =     0.00 sec (  1.05 %)
Div =     0.01 sec (  2.84 %)
Aig =     0.01 sec (  2.55 %)
Gia =     0.00 sec (  0.00 %)
Cnf =     0.00 sec (  0.55 %)
Sat =     0.14 sec ( 58.56 %)
Int =     0.00 sec (  0.00 %)
ALL =     0.23 sec (100.00 %)
round 10

0%   10   20   30   40   50   60   70   80   90   100%
|----|----|----|----|----|----|----|----|----|----|
seed = 1566954226 patience = 0
***************************************************
best node n622 best error 0.00540039
time = 212504528
c7552_10_0.00540039
area = 2399
delay = 48.4
write_blif appntk/c7552_10_0.00540039_2399_48.4.blif
sis -x -c "read_library data/genlib/mcnc.genlib;read_blif appntk/c7552_10_0.00540039_2399_48.4.blif;print_map_stats" | grep -e "Most Negative Slack" -e "Total Area"
"appntk/c7552_10_0.00540039_2399_48.4.blif", line 23: .and_gate_delay 1.9
Total Area		= 2399.00
Most Negative Slack	= -98.60
Nodes = 1336. Try = 1133. Resub = 0. Div = 38031. SAT calls = 4557. Timeouts = 0. MaxDivs = 10.
Attempts :   Remove      0 out of   2260 (  0.00 %)   Resub       0 out of    661 (  0.00 %)   
Reduction:   Nodes       0 out of   1336 (  0.00 %)   Edges       0 out of   2617 (  0.00 %)   
Win =     0.00 sec (  1.01 %)
Div =     0.01 sec (  2.85 %)
Aig =     0.01 sec (  2.55 %)
Gia =     0.00 sec (  0.00 %)
Cnf =     0.00 sec (  0.52 %)
Sat =     0.14 sec ( 59.29 %)
Int =     0.00 sec (  0.00 %)
ALL =     0.24 sec (100.00 %)
round 11

0%   10   20   30   40   50   60   70   80   90   100%
|----|----|----|----|----|----|----|----|----|----|
seed = 1566954239 patience = 0
***************************************************
best node n621 best error 0.00749023
time = 227284924
c7552_11_0.00749023
area = 2384
delay = 49
write_blif appntk/c7552_11_0.00749023_2384_49.blif
sis -x -c "read_library data/genlib/mcnc.genlib;read_blif appntk/c7552_11_0.00749023_2384_49.blif;print_map_stats" | grep -e "Most Negative Slack" -e "Total Area"
"appntk/c7552_11_0.00749023_2384_49.blif", line 23: .and_gate_delay 1.9
Total Area		= 2384.00
Most Negative Slack	= -107.10
Nodes = 1332. Try = 1129. Resub = 0. Div = 37312. SAT calls = 4529. Timeouts = 0. MaxDivs = 9.
Attempts :   Remove      0 out of   2252 (  0.00 %)   Resub       0 out of    659 (  0.00 %)   
Reduction:   Nodes       0 out of   1332 (  0.00 %)   Edges       0 out of   2609 (  0.00 %)   
Win =     0.00 sec (  1.03 %)
Div =     0.01 sec (  2.81 %)
Aig =     0.01 sec (  2.57 %)
Gia =     0.00 sec (  0.00 %)
Cnf =     0.00 sec (  0.52 %)
Sat =     0.14 sec ( 58.81 %)
Int =     0.00 sec (  0.00 %)
ALL =     0.24 sec (100.00 %)
round 12

0%   10   20   30   40   50   60   70   80   90   100%
|----|----|----|----|----|----|----|----|----|----|
seed = 1566954254 patience = 0
***************************************************
best node n1192 best error 0.00789062
time = 244478215
c7552_12_0.00789062
area = 2336
delay = 48.3
write_blif appntk/c7552_12_0.00789062_2336_48.3.blif
sis -x -c "read_library data/genlib/mcnc.genlib;read_blif appntk/c7552_12_0.00789062_2336_48.3.blif;print_map_stats" | grep -e "Most Negative Slack" -e "Total Area"
"appntk/c7552_12_0.00789062_2336_48.3.blif", line 23: .and_gate_delay 1.9
Warning: network `c7552', node "89" does not fanout
Total Area		= 2336.00
Most Negative Slack	= -98.00
Nodes = 1301. Try = 1099. Resub = 2. Div = 36206. SAT calls = 4302. Timeouts = 0. MaxDivs = 7.
Attempts :   Remove      1 out of   2192 (  0.05 %)   Resub       1 out of    634 (  0.16 %)   
Reduction:   Nodes       1 out of   1301 (  0.08 %)   Edges       2 out of   2547 (  0.08 %)   
Win =     0.00 sec (  1.02 %)
Div =     0.01 sec (  2.75 %)
Aig =     0.01 sec (  2.53 %)
Gia =     0.00 sec (  0.00 %)
Cnf =     0.00 sec (  0.52 %)
Sat =     0.14 sec ( 58.28 %)
Int =     0.00 sec (  0.37 %)
ALL =     0.23 sec (100.00 %)
round 13

0%   10   20   30   40   50   60   70   80   90   100%
|----|----|----|----|----|----|----|----|----|----|
seed = 1566954271 patience = 0
***************************************************
best node n626 best error 0.012207
time = 259495105
c7552_13_0.012207
area = 2344
delay = 47.4
write_blif appntk/c7552_13_0.012207_2344_47.4.blif
sis -x -c "read_library data/genlib/mcnc.genlib;read_blif appntk/c7552_13_0.012207_2344_47.4.blif;print_map_stats" | grep -e "Most Negative Slack" -e "Total Area"
"appntk/c7552_13_0.012207_2344_47.4.blif", line 23: .and_gate_delay 1.9
Warning: network `c7552', node "89" does not fanout
Total Area		= 2344.00
Most Negative Slack	= -101.00
Nodes = 1297. Try = 1094. Resub = 0. Div = 35516. SAT calls = 4365. Timeouts = 0. MaxDivs = 9.
Attempts :   Remove      0 out of   2182 (  0.00 %)   Resub       0 out of    634 (  0.00 %)   
Reduction:   Nodes       0 out of   1297 (  0.00 %)   Edges       0 out of   2539 (  0.00 %)   
Win =     0.00 sec (  1.00 %)
Div =     0.01 sec (  2.81 %)
Aig =     0.01 sec (  2.54 %)
Gia =     0.00 sec (  0.00 %)
Cnf =     0.00 sec (  0.52 %)
Sat =     0.13 sec ( 58.63 %)
Int =     0.00 sec (  0.00 %)
ALL =     0.22 sec (100.00 %)
round 14

0%   10   20   30   40   50   60   70   80   90   100%
|----|----|----|----|----|----|----|----|----|----|
seed = 1566954286 patience = 0
***************************************************
best node n621 best error 0.0161133
time = 272424793
c7552_14_0.0161133
area = 2318
delay = 49.6
write_blif appntk/c7552_14_0.0161133_2318_49.6.blif
sis -x -c "read_library data/genlib/mcnc.genlib;read_blif appntk/c7552_14_0.0161133_2318_49.6.blif;print_map_stats" | grep -e "Most Negative Slack" -e "Total Area"
"appntk/c7552_14_0.0161133_2318_49.6.blif", line 23: .and_gate_delay 1.9
Warning: network `c7552', node "89" does not fanout
Total Area		= 2318.00
Most Negative Slack	= -99.20
Nodes = 1290. Try = 1080. Resub = 0. Div = 34886. SAT calls = 4309. Timeouts = 0. MaxDivs = 8.
Attempts :   Remove      0 out of   2154 (  0.00 %)   Resub       0 out of    625 (  0.00 %)   
Reduction:   Nodes       0 out of   1290 (  0.00 %)   Edges       0 out of   2525 (  0.00 %)   
Win =     0.00 sec (  1.03 %)
Div =     0.01 sec (  2.79 %)
Aig =     0.01 sec (  2.52 %)
Gia =     0.00 sec (  0.00 %)
Cnf =     0.00 sec (  0.53 %)
Sat =     0.13 sec ( 58.55 %)
Int =     0.00 sec (  0.00 %)
ALL =     0.22 sec (100.00 %)
round 15

0%   10   20   30   40   50   60   70   80   90   100%
|----|----|----|----|----|----|----|----|----|----|
seed = 1566954299 patience = 0
***************************************************
best node n1167 best error 0.0172363
time = 286464671
c7552_15_0.0172363
area = 2328
delay = 50.6
write_blif appntk/c7552_15_0.0172363_2328_50.6.blif
sis -x -c "read_library data/genlib/mcnc.genlib;read_blif appntk/c7552_15_0.0172363_2328_50.6.blif;print_map_stats" | grep -e "Most Negative Slack" -e "Total Area"
"appntk/c7552_15_0.0172363_2328_50.6.blif", line 23: .and_gate_delay 1.9
Warning: network `c7552', node "89" does not fanout
Total Area		= 2328.00
Most Negative Slack	= -109.20
Nodes = 1282. Try = 1073. Resub = 0. Div = 35204. SAT calls = 4215. Timeouts = 0. MaxDivs = 9.
Attempts :   Remove      0 out of   2140 (  0.00 %)   Resub       0 out of    622 (  0.00 %)   
Reduction:   Nodes       0 out of   1282 (  0.00 %)   Edges       0 out of   2509 (  0.00 %)   
Win =     0.00 sec (  1.05 %)
Div =     0.01 sec (  2.79 %)
Aig =     0.01 sec (  2.56 %)
Gia =     0.00 sec (  0.00 %)
Cnf =     0.00 sec (  0.56 %)
Sat =     0.13 sec ( 58.49 %)
Int =     0.00 sec (  0.00 %)
ALL =     0.22 sec (100.00 %)
round 16

0%   10   20   30   40   50   60   70   80   90   100%
|----|----|----|----|----|----|----|----|----|----|
seed = 1566954313 patience = 0
***************************************************
best node n1493 best error 0.0328223
time = 300718926
c7552_16_0.0328223
area = 2318
delay = 50.9
write_blif appntk/c7552_16_0.0328223_2318_50.9.blif
sis -x -c "read_library data/genlib/mcnc.genlib;read_blif appntk/c7552_16_0.0328223_2318_50.9.blif;print_map_stats" | grep -e "Most Negative Slack" -e "Total Area"
"appntk/c7552_16_0.0328223_2318_50.9.blif", line 23: .and_gate_delay 1.9
Warning: network `c7552', node "89" does not fanout
Total Area		= 2318.00
Most Negative Slack	= -98.50
Nodes = 1281. Try = 1072. Resub = 0. Div = 35101. SAT calls = 4255. Timeouts = 0. MaxDivs = 8.
Attempts :   Remove      0 out of   2138 (  0.00 %)   Resub       0 out of    619 (  0.00 %)   
Reduction:   Nodes       0 out of   1281 (  0.00 %)   Edges       0 out of   2507 (  0.00 %)   
Win =     0.00 sec (  0.99 %)
Div =     0.01 sec (  2.78 %)
Aig =     0.01 sec (  2.53 %)
Gia =     0.00 sec (  0.00 %)
Cnf =     0.00 sec (  0.52 %)
Sat =     0.13 sec ( 58.81 %)
Int =     0.00 sec (  0.00 %)
ALL =     0.22 sec (100.00 %)
round 17

0%   10   20   30   40   50   60   70   80   90   100%
|----|----|----|----|----|----|----|----|----|----|
seed = 1566954328 patience = 0
***************************************************
best node n1159 best error 0.0333398
time = 317016270
c7552_17_0.0333398
area = 2319
delay = 48.6
write_blif appntk/c7552_17_0.0333398_2319_48.6.blif
sis -x -c "read_library data/genlib/mcnc.genlib;read_blif appntk/c7552_17_0.0333398_2319_48.6.blif;print_map_stats" | grep -e "Most Negative Slack" -e "Total Area"
"appntk/c7552_17_0.0333398_2319_48.6.blif", line 23: .and_gate_delay 1.9
Warning: network `c7552', node "89" does not fanout
Total Area		= 2319.00
Most Negative Slack	= -106.50
Nodes = 1280. Try = 1071. Resub = 0. Div = 34240. SAT calls = 4155. Timeouts = 0. MaxDivs = 9.
Attempts :   Remove      0 out of   2136 (  0.00 %)   Resub       0 out of    619 (  0.00 %)   
Reduction:   Nodes       0 out of   1280 (  0.00 %)   Edges       0 out of   2505 (  0.00 %)   
Win =     0.00 sec (  1.03 %)
Div =     0.01 sec (  2.86 %)
Aig =     0.01 sec (  2.58 %)
Gia =     0.00 sec (  0.00 %)
Cnf =     0.00 sec (  0.54 %)
Sat =     0.12 sec ( 57.50 %)
Int =     0.00 sec (  0.00 %)
ALL =     0.21 sec (100.00 %)
round 18

0%   10   20   30   40   50   60   70   80   90   100%
|----|----|----|----|----|----|----|----|----|----|
seed = 1566954344 patience = 0
***************************************************
best node n615 best error 0.0425195
time = 331825789
c7552_18_0.0425195
area = 2312
delay = 50.9
write_blif appntk/c7552_18_0.0425195_2312_50.9.blif
sis -x -c "read_library data/genlib/mcnc.genlib;read_blif appntk/c7552_18_0.0425195_2312_50.9.blif;print_map_stats" | grep -e "Most Negative Slack" -e "Total Area"
"appntk/c7552_18_0.0425195_2312_50.9.blif", line 23: .and_gate_delay 1.9
Warning: network `c7552', node "89" does not fanout
Total Area		= 2312.00
Most Negative Slack	= -100.80
Nodes = 1274. Try = 1066. Resub = 1. Div = 33807. SAT calls = 4248. Timeouts = 0. MaxDivs = 8.
Attempts :   Remove      0 out of   2125 (  0.00 %)   Resub       1 out of    617 (  0.16 %)   
Reduction:   Nodes       1 out of   1274 (  0.08 %)   Edges       2 out of   2493 (  0.08 %)   
Win =     0.00 sec (  1.01 %)
Div =     0.01 sec (  2.75 %)
Aig =     0.01 sec (  2.50 %)
Gia =     0.00 sec (  0.00 %)
Cnf =     0.00 sec (  0.53 %)
Sat =     0.13 sec ( 58.67 %)
Int =     0.00 sec (  0.28 %)
ALL =     0.22 sec (100.00 %)
round 19

0%   10   20   30   40   50   60   70   80   90   100%
|----|----|----|----|----|----|----|----|----|----|
seed = 1566954359 patience = 0
***************************************************
best node n690 best error 0.0464551
time = 344657578
c7552_19_0.0464551
area = 2313
delay = 47.6
write_blif appntk/c7552_19_0.0464551_2313_47.6.blif
sis -x -c "read_library data/genlib/mcnc.genlib;read_blif appntk/c7552_19_0.0464551_2313_47.6.blif;print_map_stats" | grep -e "Most Negative Slack" -e "Total Area"
"appntk/c7552_19_0.0464551_2313_47.6.blif", line 23: .and_gate_delay 1.9
Warning: network `c7552', node "89" does not fanout
Total Area		= 2313.00
Most Negative Slack	= -101.90
Nodes = 1272. Try = 1063. Resub = 0. Div = 33733. SAT calls = 4086. Timeouts = 0. MaxDivs = 9.
Attempts :   Remove      0 out of   2120 (  0.00 %)   Resub       0 out of    615 (  0.00 %)   
Reduction:   Nodes       0 out of   1272 (  0.00 %)   Edges       0 out of   2489 (  0.00 %)   
Win =     0.00 sec (  1.05 %)
Div =     0.01 sec (  2.81 %)
Aig =     0.01 sec (  2.57 %)
Gia =     0.00 sec (  0.00 %)
Cnf =     0.00 sec (  0.55 %)
Sat =     0.12 sec ( 56.75 %)
Int =     0.00 sec (  0.00 %)
ALL =     0.22 sec (100.00 %)
round 20

0%   10   20   30   40   50   60   70   80   90   100%
|----|----|----|----|----|----|----|----|----|----|
seed = 1566954372 patience = 0
***************************************************
best node n756 best error 0.0572949
time = 358295145
