Entered genlib library with 23 gates from file "data/genlib/mcnc.genlib".
Nodes = 418. Try = 365. Resub = 5. Div = 19755. SAT calls = 1441. Timeouts = 0. MaxDivs = 5.
Attempts :   Remove      0 out of    726 (  0.00 %)   Resub       5 out of    149 (  3.36 %)   
Reduction:   Nodes       7 out of    418 (  1.67 %)   Edges      14 out of    836 (  1.67 %)   
Win =     0.00 sec (  0.98 %)
Div =     0.00 sec (  2.57 %)
Aig =     0.00 sec (  2.73 %)
Gia =     0.00 sec (  0.00 %)
Cnf =     0.00 sec (  0.51 %)
Sat =     0.09 sec ( 60.79 %)
Int =     0.00 sec (  2.72 %)
ALL =     0.16 sec (100.00 %)
round 0

0%   10   20   30   40   50   60   70   80   90   100%
|----|----|----|----|----|----|----|----|----|----|
seed = 1566954026 patience = 0
***************************************************
best node n504 best error 0
time = 5715824
cla32_0_0
area = 790
delay = 33.4
write_blif appntk/cla32_0_0_790_33.4.blif
sis -x -c "read_library data/genlib/mcnc.genlib;read_blif appntk/cla32_0_0_790_33.4.blif;print_map_stats" | grep -e "Most Negative Slack" -e "Total Area"
"appntk/cla32_0_0_790_33.4.blif", line 14: .and_gate_delay 1.9
Total Area		= 790.00
Most Negative Slack	= -49.70
Nodes = 401. Try = 343. Resub = 3. Div = 16709. SAT calls = 1155. Timeouts = 0. MaxDivs = 1.
Attempts :   Remove      3 out of    683 (  0.44 %)   Resub       0 out of    134 (  0.00 %)   
Reduction:   Nodes       3 out of    401 (  0.75 %)   Edges       7 out of    802 (  0.87 %)   
Win =     0.00 sec (  0.91 %)
Div =     0.00 sec (  2.94 %)
Aig =     0.00 sec (  2.75 %)
Gia =     0.00 sec (  0.00 %)
Cnf =     0.00 sec (  0.59 %)
Sat =     0.05 sec ( 60.19 %)
Int =     0.00 sec (  1.31 %)
ALL =     0.08 sec (100.00 %)
round 1

0%   10   20   30   40   50   60   70   80   90   100%
|----|----|----|----|----|----|----|----|----|----|
seed = 1566954031 patience = 0
***************************************************
best node n195 best error 0
time = 10671911
cla32_1_0
area = 766
delay = 30.3
write_blif appntk/cla32_1_0_766_30.3.blif
sis -x -c "read_library data/genlib/mcnc.genlib;read_blif appntk/cla32_1_0_766_30.3.blif;print_map_stats" | grep -e "Most Negative Slack" -e "Total Area"
"appntk/cla32_1_0_766_30.3.blif", line 14: .and_gate_delay 1.9
Total Area		= 766.00
Most Negative Slack	= -46.70
Nodes = 395. Try = 341. Resub = 0. Div = 16969. SAT calls = 1140. Timeouts = 0. MaxDivs = 2.
Attempts :   Remove      0 out of    682 (  0.00 %)   Resub       0 out of    136 (  0.00 %)   
Reduction:   Nodes       0 out of    395 (  0.00 %)   Edges       0 out of    790 (  0.00 %)   
Win =     0.00 sec (  0.88 %)
Div =     0.00 sec (  2.88 %)
Aig =     0.00 sec (  2.89 %)
Gia =     0.00 sec (  0.00 %)
Cnf =     0.00 sec (  0.56 %)
Sat =     0.06 sec ( 57.04 %)
Int =     0.00 sec (  0.00 %)
ALL =     0.11 sec (100.00 %)
round 2

0%   10   20   30   40   50   60   70   80   90   100%
|----|----|----|----|----|----|----|----|----|----|
seed = 1566954037 patience = 0
***************************************************
best node n227 best error 0
time = 14823639
cla32_2_0
area = 752
delay = 29
write_blif appntk/cla32_2_0_752_29.blif
sis -x -c "read_library data/genlib/mcnc.genlib;read_blif appntk/cla32_2_0_752_29.blif;print_map_stats" | grep -e "Most Negative Slack" -e "Total Area"
"appntk/cla32_2_0_752_29.blif", line 14: .and_gate_delay 1.9
Total Area		= 752.00
Most Negative Slack	= -45.30
Nodes = 390. Try = 336. Resub = 0. Div = 16452. SAT calls = 1133. Timeouts = 0. MaxDivs = 2.
Attempts :   Remove      0 out of    672 (  0.00 %)   Resub       0 out of    134 (  0.00 %)   
Reduction:   Nodes       0 out of    390 (  0.00 %)   Edges       0 out of    780 (  0.00 %)   
Win =     0.00 sec (  0.93 %)
Div =     0.00 sec (  3.02 %)
Aig =     0.00 sec (  2.75 %)
Gia =     0.00 sec (  0.00 %)
Cnf =     0.00 sec (  0.60 %)
Sat =     0.05 sec ( 60.11 %)
Int =     0.00 sec (  0.00 %)
ALL =     0.08 sec (100.00 %)
round 3

0%   10   20   30   40   50   60   70   80   90   100%
|----|----|----|----|----|----|----|----|----|----|
seed = 1566954041 patience = 0
***************************************************
best node n200 best error 0
time = 19417980
cla32_3_0
area = 752
delay = 30.8
write_blif appntk/cla32_3_0_752_30.8.blif
sis -x -c "read_library data/genlib/mcnc.genlib;read_blif appntk/cla32_3_0_752_30.8.blif;print_map_stats" | grep -e "Most Negative Slack" -e "Total Area"
"appntk/cla32_3_0_752_30.8.blif", line 14: .and_gate_delay 1.9
Total Area		= 752.00
Most Negative Slack	= -47.80
Nodes = 384. Try = 330. Resub = 0. Div = 15799. SAT calls = 1124. Timeouts = 0. MaxDivs = 2.
Attempts :   Remove      0 out of    660 (  0.00 %)   Resub       0 out of    131 (  0.00 %)   
Reduction:   Nodes       0 out of    384 (  0.00 %)   Edges       0 out of    768 (  0.00 %)   
Win =     0.00 sec (  0.87 %)
Div =     0.00 sec (  2.84 %)
Aig =     0.00 sec (  2.91 %)
Gia =     0.00 sec (  0.00 %)
Cnf =     0.00 sec (  0.55 %)
Sat =     0.06 sec ( 58.12 %)
Int =     0.00 sec (  0.00 %)
ALL =     0.11 sec (100.00 %)
round 4

0%   10   20   30   40   50   60   70   80   90   100%
|----|----|----|----|----|----|----|----|----|----|
seed = 1566954045 patience = 0
***************************************************
best node n383 best error 0
time = 23995656
cla32_4_0
area = 748
delay = 30.8
write_blif appntk/cla32_4_0_748_30.8.blif
sis -x -c "read_library data/genlib/mcnc.genlib;read_blif appntk/cla32_4_0_748_30.8.blif;print_map_stats" | grep -e "Most Negative Slack" -e "Total Area"
"appntk/cla32_4_0_748_30.8.blif", line 14: .and_gate_delay 1.9
Total Area		= 748.00
Most Negative Slack	= -47.80
Nodes = 383. Try = 329. Resub = 0. Div = 15760. SAT calls = 1131. Timeouts = 0. MaxDivs = 2.
Attempts :   Remove      0 out of    658 (  0.00 %)   Resub       0 out of    131 (  0.00 %)   
Reduction:   Nodes       0 out of    383 (  0.00 %)   Edges       0 out of    766 (  0.00 %)   
Win =     0.00 sec (  0.88 %)
Div =     0.00 sec (  2.91 %)
Aig =     0.00 sec (  2.70 %)
Gia =     0.00 sec (  0.00 %)
Cnf =     0.00 sec (  0.59 %)
Sat =     0.05 sec ( 59.49 %)
Int =     0.00 sec (  0.00 %)
ALL =     0.08 sec (100.00 %)
round 5

0%   10   20   30   40   50   60   70   80   90   100%
|----|----|----|----|----|----|----|----|----|----|
seed = 1566954050 patience = 0
***************************************************
best node n413 best error 8.78906e-05
time = 27529148
cla32_5_8.78906e-05
area = 727
delay = 28.5
write_blif appntk/cla32_5_8.78906e-05_727_28.5.blif
sis -x -c "read_library data/genlib/mcnc.genlib;read_blif appntk/cla32_5_8.78906e-05_727_28.5.blif;print_map_stats" | grep -e "Most Negative Slack" -e "Total Area"
"appntk/cla32_5_8.78906e-05_727_28.5.blif", line 14: .and_gate_delay 1.9
Total Area		= 727.00
Most Negative Slack	= -43.50
Nodes = 372. Try = 324. Resub = 5. Div = 14943. SAT calls = 1132. Timeouts = 0. MaxDivs = 0.
Attempts :   Remove      0 out of    644 (  0.00 %)   Resub       5 out of    124 (  4.03 %)   
Reduction:   Nodes       5 out of    372 (  1.34 %)   Edges      10 out of    744 (  1.34 %)   
Win =     0.00 sec (  0.90 %)
Div =     0.00 sec (  2.81 %)
Aig =     0.00 sec (  2.66 %)
Gia =     0.00 sec (  0.00 %)
Cnf =     0.00 sec (  0.59 %)
Sat =     0.04 sec ( 59.40 %)
Int =     0.00 sec (  2.04 %)
ALL =     0.08 sec (100.00 %)
round 6

0%   10   20   30   40   50   60   70   80   90   100%
|----|----|----|----|----|----|----|----|----|----|
seed = 1566954053 patience = 0
***************************************************
best node n390 best error 0.00015625
time = 30661403
cla32_6_0.00015625
area = 723
delay = 28.2
write_blif appntk/cla32_6_0.00015625_723_28.2.blif
sis -x -c "read_library data/genlib/mcnc.genlib;read_blif appntk/cla32_6_0.00015625_723_28.2.blif;print_map_stats" | grep -e "Most Negative Slack" -e "Total Area"
"appntk/cla32_6_0.00015625_723_28.2.blif", line 14: .and_gate_delay 1.9
Total Area		= 723.00
Most Negative Slack	= -43.50
Nodes = 365. Try = 318. Resub = 2. Div = 14690. SAT calls = 1027. Timeouts = 0. MaxDivs = 0.
Attempts :   Remove      0 out of    635 (  0.00 %)   Resub       2 out of    117 (  1.71 %)   
Reduction:   Nodes       2 out of    365 (  0.55 %)   Edges       4 out of    730 (  0.55 %)   
Win =     0.00 sec (  0.94 %)
Div =     0.00 sec (  3.03 %)
Aig =     0.00 sec (  2.89 %)
Gia =     0.00 sec (  0.00 %)
Cnf =     0.00 sec (  0.62 %)
Sat =     0.04 sec ( 57.52 %)
Int =     0.00 sec (  1.20 %)
ALL =     0.07 sec (100.00 %)
round 7

0%   10   20   30   40   50   60   70   80   90   100%
|----|----|----|----|----|----|----|----|----|----|
seed = 1566954056 patience = 0
***************************************************
best node n270 best error 0.000332031
time = 33993783
cla32_7_0.000332031
area = 723
delay = 27.6
write_blif appntk/cla32_7_0.000332031_723_27.6.blif
sis -x -c "read_library data/genlib/mcnc.genlib;read_blif appntk/cla32_7_0.000332031_723_27.6.blif;print_map_stats" | grep -e "Most Negative Slack" -e "Total Area"
"appntk/cla32_7_0.000332031_723_27.6.blif", line 14: .and_gate_delay 1.9
Total Area		= 723.00
Most Negative Slack	= -43.30
Nodes = 361. Try = 310. Resub = 1. Div = 13614. SAT calls = 985. Timeouts = 0. MaxDivs = 0.
Attempts :   Remove      0 out of    619 (  0.00 %)   Resub       1 out of    110 (  0.91 %)   
Reduction:   Nodes       1 out of    361 (  0.28 %)   Edges       2 out of    722 (  0.28 %)   
Win =     0.00 sec (  0.87 %)
Div =     0.00 sec (  2.83 %)
Aig =     0.00 sec (  2.89 %)
Gia =     0.00 sec (  0.00 %)
Cnf =     0.00 sec (  0.57 %)
Sat =     0.05 sec ( 52.44 %)
Int =     0.00 sec (  0.99 %)
ALL =     0.09 sec (100.00 %)
round 8

0%   10   20   30   40   50   60   70   80   90   100%
|----|----|----|----|----|----|----|----|----|----|
seed = 1566954060 patience = 0
***************************************************
best node n264 best error 0.000332031
time = 38220352
cla32_8_0.000332031
area = 717
delay = 28.3
write_blif appntk/cla32_8_0.000332031_717_28.3.blif
sis -x -c "read_library data/genlib/mcnc.genlib;read_blif appntk/cla32_8_0.000332031_717_28.3.blif;print_map_stats" | grep -e "Most Negative Slack" -e "Total Area"
"appntk/cla32_8_0.000332031_717_28.3.blif", line 14: .and_gate_delay 1.9
Total Area		= 717.00
Most Negative Slack	= -44.60
Nodes = 358. Try = 305. Resub = 1. Div = 13032. SAT calls = 966. Timeouts = 0. MaxDivs = 0.
Attempts :   Remove      0 out of    609 (  0.00 %)   Resub       1 out of    112 (  0.89 %)   
Reduction:   Nodes       1 out of    358 (  0.28 %)   Edges       2 out of    716 (  0.28 %)   
Win =     0.00 sec (  0.91 %)
Div =     0.00 sec (  2.82 %)
Aig =     0.00 sec (  2.96 %)
Gia =     0.00 sec (  0.00 %)
Cnf =     0.00 sec (  0.61 %)
Sat =     0.04 sec ( 51.39 %)
Int =     0.00 sec (  0.72 %)
ALL =     0.09 sec (100.00 %)
round 9

0%   10   20   30   40   50   60   70   80   90   100%
|----|----|----|----|----|----|----|----|----|----|
seed = 1566954064 patience = 0
***************************************************
best node n388 best error 0.000332031
time = 41804701
cla32_9_0.000332031
area = 707
delay = 28.5
write_blif appntk/cla32_9_0.000332031_707_28.5.blif
sis -x -c "read_library data/genlib/mcnc.genlib;read_blif appntk/cla32_9_0.000332031_707_28.5.blif;print_map_stats" | grep -e "Most Negative Slack" -e "Total Area"
"appntk/cla32_9_0.000332031_707_28.5.blif", line 14: .and_gate_delay 1.9
Total Area		= 707.00
Most Negative Slack	= -44.80
Nodes = 352. Try = 304. Resub = 7. Div = 13272. SAT calls = 994. Timeouts = 0. MaxDivs = 0.
Attempts :   Remove      0 out of    601 (  0.00 %)   Resub       7 out of    113 (  6.19 %)   
Reduction:   Nodes      10 out of    352 (  2.84 %)   Edges      20 out of    704 (  2.84 %)   
Win =     0.00 sec (  0.89 %)
Div =     0.00 sec (  2.94 %)
Aig =     0.00 sec (  2.76 %)
Gia =     0.00 sec (  0.00 %)
Cnf =     0.00 sec (  0.63 %)
Sat =     0.03 sec ( 53.36 %)
Int =     0.00 sec (  4.35 %)
ALL =     0.06 sec (100.00 %)
round 10

0%   10   20   30   40   50   60   70   80   90   100%
|----|----|----|----|----|----|----|----|----|----|
seed = 1566954068 patience = 0
***************************************************
best node n202 best error 0.000332031
time = 44761620
cla32_10_0.000332031
area = 690
delay = 30.3
write_blif appntk/cla32_10_0.000332031_690_30.3.blif
sis -x -c "read_library data/genlib/mcnc.genlib;read_blif appntk/cla32_10_0.000332031_690_30.3.blif;print_map_stats" | grep -e "Most Negative Slack" -e "Total Area"
"appntk/cla32_10_0.000332031_690_30.3.blif", line 14: .and_gate_delay 1.9
Total Area		= 690.00
Most Negative Slack	= -46.50
Nodes = 339. Try = 283. Resub = 1. Div = 10714. SAT calls = 887. Timeouts = 0. MaxDivs = 0.
Attempts :   Remove      0 out of    566 (  0.00 %)   Resub       1 out of    101 (  0.99 %)   
Reduction:   Nodes       2 out of    339 (  0.59 %)   Edges       4 out of    678 (  0.59 %)   
Win =     0.00 sec (  0.92 %)
Div =     0.00 sec (  2.94 %)
Aig =     0.00 sec (  2.83 %)
Gia =     0.00 sec (  0.00 %)
Cnf =     0.00 sec (  0.65 %)
Sat =     0.03 sec ( 52.20 %)
Int =     0.00 sec (  0.69 %)
ALL =     0.05 sec (100.00 %)
round 11

0%   10   20   30   40   50   60   70   80   90   100%
|----|----|----|----|----|----|----|----|----|----|
seed = 1566954071 patience = 0
***************************************************
best node n308 best error 0.000332031
time = 47348591
cla32_11_0.000332031
area = 683
delay = 27.9
write_blif appntk/cla32_11_0.000332031_683_27.9.blif
sis -x -c "read_library data/genlib/mcnc.genlib;read_blif appntk/cla32_11_0.000332031_683_27.9.blif;print_map_stats" | grep -e "Most Negative Slack" -e "Total Area"
"appntk/cla32_11_0.000332031_683_27.9.blif", line 14: .and_gate_delay 1.9
Total Area		= 683.00
Most Negative Slack	= -44.30
Nodes = 335. Try = 278. Resub = 0. Div = 10548. SAT calls = 859. Timeouts = 0. MaxDivs = 0.
Attempts :   Remove      0 out of    556 (  0.00 %)   Resub       0 out of     97 (  0.00 %)   
Reduction:   Nodes       0 out of    335 (  0.00 %)   Edges       0 out of    670 (  0.00 %)   
Win =     0.00 sec (  0.93 %)
Div =     0.00 sec (  2.98 %)
Aig =     0.00 sec (  2.93 %)
Gia =     0.00 sec (  0.00 %)
Cnf =     0.00 sec (  0.66 %)
Sat =     0.03 sec ( 52.14 %)
Int =     0.00 sec (  0.00 %)
ALL =     0.05 sec (100.00 %)
round 12

0%   10   20   30   40   50   60   70   80   90   100%
|----|----|----|----|----|----|----|----|----|----|
seed = 1566954073 patience = 0
***************************************************
best node n303 best error 0.000332031
time = 50143672
cla32_12_0.000332031
area = 673
delay = 28.3
write_blif appntk/cla32_12_0.000332031_673_28.3.blif
sis -x -c "read_library data/genlib/mcnc.genlib;read_blif appntk/cla32_12_0.000332031_673_28.3.blif;print_map_stats" | grep -e "Most Negative Slack" -e "Total Area"
"appntk/cla32_12_0.000332031_673_28.3.blif", line 14: .and_gate_delay 1.9
Total Area		= 673.00
Most Negative Slack	= -44.70
Nodes = 332. Try = 275. Resub = 1. Div = 10534. SAT calls = 837. Timeouts = 0. MaxDivs = 0.
Attempts :   Remove      0 out of    549 (  0.00 %)   Resub       1 out of     93 (  1.08 %)   
Reduction:   Nodes       2 out of    332 (  0.60 %)   Edges       4 out of    664 (  0.60 %)   
Win =     0.00 sec (  0.94 %)
Div =     0.00 sec (  2.99 %)
Aig =     0.00 sec (  2.91 %)
Gia =     0.00 sec (  0.00 %)
Cnf =     0.00 sec (  0.62 %)
Sat =     0.03 sec ( 51.99 %)
Int =     0.00 sec (  1.26 %)
ALL =     0.05 sec (100.00 %)
round 13

0%   10   20   30   40   50   60   70   80   90   100%
|----|----|----|----|----|----|----|----|----|----|
seed = 1566954076 patience = 0
***************************************************
best node n311 best error 0.000332031
time = 52661367
cla32_13_0.000332031
area = 667
delay = 28.2
write_blif appntk/cla32_13_0.000332031_667_28.2.blif
sis -x -c "read_library data/genlib/mcnc.genlib;read_blif appntk/cla32_13_0.000332031_667_28.2.blif;print_map_stats" | grep -e "Most Negative Slack" -e "Total Area"
"appntk/cla32_13_0.000332031_667_28.2.blif", line 14: .and_gate_delay 1.9
Total Area		= 667.00
Most Negative Slack	= -43.90
Nodes = 326. Try = 269. Resub = 1. Div = 9963. SAT calls = 828. Timeouts = 0. MaxDivs = 0.
Attempts :   Remove      0 out of    537 (  0.00 %)   Resub       1 out of     93 (  1.08 %)   
Reduction:   Nodes       2 out of    326 (  0.61 %)   Edges       4 out of    652 (  0.61 %)   
Win =     0.00 sec (  0.92 %)
Div =     0.00 sec (  2.91 %)
Aig =     0.00 sec (  2.86 %)
Gia =     0.00 sec (  0.00 %)
Cnf =     0.00 sec (  0.69 %)
Sat =     0.03 sec ( 51.63 %)
Int =     0.00 sec (  0.97 %)
ALL =     0.05 sec (100.00 %)
round 14

0%   10   20   30   40   50   60   70   80   90   100%
|----|----|----|----|----|----|----|----|----|----|
seed = 1566954079 patience = 0
***************************************************
best node n261 best error 0.000332031
time = 55520299
cla32_14_0.000332031
area = 663
delay = 28.2
write_blif appntk/cla32_14_0.000332031_663_28.2.blif
sis -x -c "read_library data/genlib/mcnc.genlib;read_blif appntk/cla32_14_0.000332031_663_28.2.blif;print_map_stats" | grep -e "Most Negative Slack" -e "Total Area"
"appntk/cla32_14_0.000332031_663_28.2.blif", line 14: .and_gate_delay 1.9
Total Area		= 663.00
Most Negative Slack	= -44.00
Nodes = 323. Try = 266. Resub = 0. Div = 9673. SAT calls = 822. Timeouts = 0. MaxDivs = 0.
Attempts :   Remove      0 out of    532 (  0.00 %)   Resub       0 out of     92 (  0.00 %)   
Reduction:   Nodes       0 out of    323 (  0.00 %)   Edges       0 out of    646 (  0.00 %)   
Win =     0.00 sec (  0.85 %)
Div =     0.00 sec (  2.63 %)
Aig =     0.00 sec (  2.85 %)
Gia =     0.00 sec (  0.00 %)
Cnf =     0.00 sec (  0.60 %)
Sat =     0.03 sec ( 47.85 %)
Int =     0.00 sec (  0.00 %)
ALL =     0.07 sec (100.00 %)
round 15

0%   10   20   30   40   50   60   70   80   90   100%
|----|----|----|----|----|----|----|----|----|----|
seed = 1566954081 patience = 0
***************************************************
best node n314 best error 0.000332031
time = 59037115
cla32_15_0.000332031
area = 663
delay = 29.9
write_blif appntk/cla32_15_0.000332031_663_29.9.blif
sis -x -c "read_library data/genlib/mcnc.genlib;read_blif appntk/cla32_15_0.000332031_663_29.9.blif;print_map_stats" | grep -e "Most Negative Slack" -e "Total Area"
"appntk/cla32_15_0.000332031_663_29.9.blif", line 14: .and_gate_delay 1.9
Total Area		= 663.00
Most Negative Slack	= -46.40
Nodes = 322. Try = 266. Resub = 0. Div = 9674. SAT calls = 820. Timeouts = 0. MaxDivs = 0.
Attempts :   Remove      0 out of    532 (  0.00 %)   Resub       0 out of     92 (  0.00 %)   
Reduction:   Nodes       0 out of    322 (  0.00 %)   Edges       0 out of    644 (  0.00 %)   
Win =     0.00 sec (  0.86 %)
Div =     0.00 sec (  2.60 %)
Aig =     0.00 sec (  2.85 %)
Gia =     0.00 sec (  0.00 %)
Cnf =     0.00 sec (  0.60 %)
Sat =     0.03 sec ( 48.29 %)
Int =     0.00 sec (  0.00 %)
ALL =     0.07 sec (100.00 %)
round 16

0%   10   20   30   40   50   60   70   80   90   100%
|----|----|----|----|----|----|----|----|----|----|
seed = 1566954085 patience = 0
***************************************************
best node n351 best error 0.000625
time = 61981001
cla32_16_0.000625
area = 656
delay = 28.3
write_blif appntk/cla32_16_0.000625_656_28.3.blif
sis -x -c "read_library data/genlib/mcnc.genlib;read_blif appntk/cla32_16_0.000625_656_28.3.blif;print_map_stats" | grep -e "Most Negative Slack" -e "Total Area"
"appntk/cla32_16_0.000625_656_28.3.blif", line 14: .and_gate_delay 1.9
Total Area		= 656.00
Most Negative Slack	= -44.30
Nodes = 319. Try = 264. Resub = 0. Div = 9622. SAT calls = 824. Timeouts = 0. MaxDivs = 0.
Attempts :   Remove      0 out of    528 (  0.00 %)   Resub       0 out of     94 (  0.00 %)   
Reduction:   Nodes       0 out of    319 (  0.00 %)   Edges       0 out of    638 (  0.00 %)   
Win =     0.00 sec (  0.90 %)
Div =     0.00 sec (  2.68 %)
Aig =     0.00 sec (  2.89 %)
Gia =     0.00 sec (  0.00 %)
Cnf =     0.00 sec (  0.63 %)
Sat =     0.04 sec ( 49.20 %)
Int =     0.00 sec (  0.00 %)
ALL =     0.07 sec (100.00 %)
round 17

0%   10   20   30   40   50   60   70   80   90   100%
|----|----|----|----|----|----|----|----|----|----|
seed = 1566954088 patience = 0
***************************************************
best node n330 best error 0.000625
time = 64834782
cla32_17_0.000625
area = 647
delay = 28.4
write_blif appntk/cla32_17_0.000625_647_28.4.blif
sis -x -c "read_library data/genlib/mcnc.genlib;read_blif appntk/cla32_17_0.000625_647_28.4.blif;print_map_stats" | grep -e "Most Negative Slack" -e "Total Area"
"appntk/cla32_17_0.000625_647_28.4.blif", line 14: .and_gate_delay 1.9
Total Area		= 647.00
Most Negative Slack	= -44.90
Nodes = 316. Try = 261. Resub = 0. Div = 9527. SAT calls = 809. Timeouts = 0. MaxDivs = 0.
Attempts :   Remove      0 out of    522 (  0.00 %)   Resub       0 out of     92 (  0.00 %)   
Reduction:   Nodes       0 out of    316 (  0.00 %)   Edges       0 out of    632 (  0.00 %)   
Win =     0.00 sec (  0.94 %)
Div =     0.00 sec (  2.88 %)
Aig =     0.00 sec (  2.74 %)
Gia =     0.00 sec (  0.00 %)
Cnf =     0.00 sec (  0.66 %)
Sat =     0.02 sec ( 52.13 %)
Int =     0.00 sec (  0.00 %)
ALL =     0.05 sec (100.00 %)
round 18

0%   10   20   30   40   50   60   70   80   90   100%
|----|----|----|----|----|----|----|----|----|----|
seed = 1566954091 patience = 0
***************************************************
best node n328 best error 0.00112305
time = 67355254
cla32_18_0.00112305
area = 646
delay = 28.7
write_blif appntk/cla32_18_0.00112305_646_28.7.blif
sis -x -c "read_library data/genlib/mcnc.genlib;read_blif appntk/cla32_18_0.00112305_646_28.7.blif;print_map_stats" | grep -e "Most Negative Slack" -e "Total Area"
"appntk/cla32_18_0.00112305_646_28.7.blif", line 14: .and_gate_delay 1.9
Total Area		= 646.00
Most Negative Slack	= -40.90
Nodes = 314. Try = 273. Resub = 7. Div = 10772. SAT calls = 856. Timeouts = 0. MaxDivs = 0.
Attempts :   Remove      0 out of    539 (  0.00 %)   Resub       7 out of     97 (  7.22 %)   
Reduction:   Nodes      15 out of    314 (  4.78 %)   Edges      30 out of    628 (  4.78 %)   
Win =     0.00 sec (  0.85 %)
Div =     0.00 sec (  2.67 %)
Aig =     0.00 sec (  2.77 %)
Gia =     0.00 sec (  0.00 %)
Cnf =     0.00 sec (  0.58 %)
Sat =     0.03 sec ( 47.28 %)
Int =     0.00 sec (  3.89 %)
ALL =     0.07 sec (100.00 %)
round 19

0%   10   20   30   40   50   60   70   80   90   100%
|----|----|----|----|----|----|----|----|----|----|
seed = 1566954093 patience = 0
***************************************************
best node n304 best error 0.00112305
time = 69659306
cla32_19_0.00112305
area = 617
delay = 27.4
write_blif appntk/cla32_19_0.00112305_617_27.4.blif
sis -x -c "read_library data/genlib/mcnc.genlib;read_blif appntk/cla32_19_0.00112305_617_27.4.blif;print_map_stats" | grep -e "Most Negative Slack" -e "Total Area"
"appntk/cla32_19_0.00112305_617_27.4.blif", line 14: .and_gate_delay 1.9
Total Area		= 617.00
Most Negative Slack	= -41.30
Nodes = 297. Try = 250. Resub = 0. Div = 9573. SAT calls = 760. Timeouts = 0. MaxDivs = 0.
Attempts :   Remove      0 out of    500 (  0.00 %)   Resub       0 out of     85 (  0.00 %)   
Reduction:   Nodes       0 out of    297 (  0.00 %)   Edges       0 out of    594 (  0.00 %)   
Win =     0.00 sec (  0.91 %)
Div =     0.00 sec (  2.72 %)
Aig =     0.00 sec (  3.03 %)
Gia =     0.00 sec (  0.00 %)
Cnf =     0.00 sec (  0.61 %)
Sat =     0.03 sec ( 49.23 %)
Int =     0.00 sec (  0.00 %)
ALL =     0.07 sec (100.00 %)
round 20

0%   10   20   30   40   50   60   70   80   90   100%
|----|----|----|----|----|----|----|----|----|----|
seed = 1566954096 patience = 0
***************************************************
best node n320 best error 0.00217773
time = 71877624
cla32_20_0.00217773
area = 611
delay = 27.4
write_blif appntk/cla32_20_0.00217773_611_27.4.blif
sis -x -c "read_library data/genlib/mcnc.genlib;read_blif appntk/cla32_20_0.00217773_611_27.4.blif;print_map_stats" | grep -e "Most Negative Slack" -e "Total Area"
"appntk/cla32_20_0.00217773_611_27.4.blif", line 14: .and_gate_delay 1.9
Total Area		= 611.00
Most Negative Slack	= -42.90
Nodes = 295. Try = 253. Resub = 0. Div = 9844. SAT calls = 785. Timeouts = 0. MaxDivs = 0.
Attempts :   Remove      0 out of    506 (  0.00 %)   Resub       0 out of     88 (  0.00 %)   
Reduction:   Nodes       0 out of    295 (  0.00 %)   Edges       0 out of    590 (  0.00 %)   
Win =     0.00 sec (  0.88 %)
Div =     0.00 sec (  2.69 %)
Aig =     0.00 sec (  2.88 %)
Gia =     0.00 sec (  0.00 %)
Cnf =     0.00 sec (  0.58 %)
Sat =     0.03 sec ( 48.35 %)
Int =     0.00 sec (  0.00 %)
ALL =     0.06 sec (100.00 %)
round 21

0%   10   20   30   40   50   60   70   80   90   100%
|----|----|----|----|----|----|----|----|----|----|
seed = 1566954098 patience = 0
***************************************************
best node n283 best error 0.0160254
time = 73931056
cla32_21_0.0160254
area = 605
delay = 29.9
write_blif appntk/cla32_21_0.0160254_605_29.9.blif
sis -x -c "read_library data/genlib/mcnc.genlib;read_blif appntk/cla32_21_0.0160254_605_29.9.blif;print_map_stats" | grep -e "Most Negative Slack" -e "Total Area"
"appntk/cla32_21_0.0160254_605_29.9.blif", line 14: .and_gate_delay 1.9
Total Area		= 605.00
Most Negative Slack	= -45.80
Nodes = 291. Try = 253. Resub = 2. Div = 8966. SAT calls = 776. Timeouts = 0. MaxDivs = 0.
Attempts :   Remove      1 out of    502 (  0.20 %)   Resub       1 out of     84 (  1.19 %)   
Reduction:   Nodes       3 out of    291 (  1.03 %)   Edges       6 out of    582 (  1.03 %)   
Win =     0.00 sec (  0.88 %)
Div =     0.00 sec (  2.59 %)
Aig =     0.00 sec (  2.87 %)
Gia =     0.00 sec (  0.00 %)
Cnf =     0.00 sec (  0.61 %)
Sat =     0.03 sec ( 48.12 %)
Int =     0.00 sec (  1.61 %)
ALL =     0.06 sec (100.00 %)
round 22

0%   10   20   30   40   50   60   70   80   90   100%
|----|----|----|----|----|----|----|----|----|----|
seed = 1566954100 patience = 0
***************************************************
best node n254 best error 0.0160254
time = 76017515
cla32_22_0.0160254
area = 600
delay = 29.9
write_blif appntk/cla32_22_0.0160254_600_29.9.blif
sis -x -c "read_library data/genlib/mcnc.genlib;read_blif appntk/cla32_22_0.0160254_600_29.9.blif;print_map_stats" | grep -e "Most Negative Slack" -e "Total Area"
"appntk/cla32_22_0.0160254_600_29.9.blif", line 14: .and_gate_delay 1.9
Total Area		= 600.00
Most Negative Slack	= -45.80
Nodes = 285. Try = 246. Resub = 0. Div = 8701. SAT calls = 731. Timeouts = 0. MaxDivs = 0.
Attempts :   Remove      0 out of    492 (  0.00 %)   Resub       0 out of     81 (  0.00 %)   
Reduction:   Nodes       0 out of    285 (  0.00 %)   Edges       0 out of    570 (  0.00 %)   
Win =     0.00 sec (  0.87 %)
Div =     0.00 sec (  2.60 %)
Aig =     0.00 sec (  2.90 %)
Gia =     0.00 sec (  0.00 %)
Cnf =     0.00 sec (  0.61 %)
Sat =     0.03 sec ( 47.51 %)
Int =     0.00 sec (  0.00 %)
ALL =     0.06 sec (100.00 %)
round 23

0%   10   20   30   40   50   60   70   80   90   100%
|----|----|----|----|----|----|----|----|----|----|
seed = 1566954102 patience = 0
***************************************************
best node n207 best error 0.0196582
time = 77656886
cla32_23_0.0196582
area = 590
delay = 30.7
write_blif appntk/cla32_23_0.0196582_590_30.7.blif
sis -x -c "read_library data/genlib/mcnc.genlib;read_blif appntk/cla32_23_0.0196582_590_30.7.blif;print_map_stats" | grep -e "Most Negative Slack" -e "Total Area"
"appntk/cla32_23_0.0196582_590_30.7.blif", line 14: .and_gate_delay 1.9
Total Area		= 590.00
Most Negative Slack	= -47.30
Nodes = 282. Try = 244. Resub = 4. Div = 8470. SAT calls = 720. Timeouts = 0. MaxDivs = 0.
Attempts :   Remove      1 out of    485 (  0.21 %)   Resub       3 out of     80 (  3.75 %)   
Reduction:   Nodes       5 out of    282 (  1.77 %)   Edges      10 out of    564 (  1.77 %)   
Win =     0.00 sec (  0.86 %)
Div =     0.00 sec (  2.56 %)
Aig =     0.00 sec (  2.86 %)
Gia =     0.00 sec (  0.00 %)
Cnf =     0.00 sec (  0.60 %)
Sat =     0.03 sec ( 45.55 %)
Int =     0.00 sec (  2.96 %)
ALL =     0.06 sec (100.00 %)
round 24

0%   10   20   30   40   50   60   70   80   90   100%
|----|----|----|----|----|----|----|----|----|----|
seed = 1566954104 patience = 0
***************************************************
best node n379 best error 0.0196582
time = 79356043
cla32_24_0.0196582
area = 564
delay = 30.7
write_blif appntk/cla32_24_0.0196582_564_30.7.blif
sis -x -c "read_library data/genlib/mcnc.genlib;read_blif appntk/cla32_24_0.0196582_564_30.7.blif;print_map_stats" | grep -e "Most Negative Slack" -e "Total Area"
"appntk/cla32_24_0.0196582_564_30.7.blif", line 14: .and_gate_delay 1.9
Total Area		= 564.00
Most Negative Slack	= -47.20
Nodes = 271. Try = 229. Resub = 0. Div = 7889. SAT calls = 670. Timeouts = 0. MaxDivs = 0.
Attempts :   Remove      0 out of    458 (  0.00 %)   Resub       0 out of     74 (  0.00 %)   
Reduction:   Nodes       0 out of    271 (  0.00 %)   Edges       0 out of    542 (  0.00 %)   
Win =     0.00 sec (  0.88 %)
Div =     0.00 sec (  2.63 %)
Aig =     0.00 sec (  2.83 %)
Gia =     0.00 sec (  0.00 %)
Cnf =     0.00 sec (  0.64 %)
Sat =     0.02 sec ( 45.85 %)
Int =     0.00 sec (  0.00 %)
ALL =     0.05 sec (100.00 %)
round 25

0%   10   20   30   40   50   60   70   80   90   100%
|----|----|----|----|----|----|----|----|----|----|
seed = 1566954105 patience = 0
***************************************************
best node n298 best error 0.0504883
time = 80680638
