Entered genlib library with 23 gates from file "data/genlib/mcnc.genlib".
Nodes = 506. Try = 506. Resub = 0. Div = 43839. SAT calls = 2076. Timeouts = 0. MaxDivs = 62.
Attempts :   Remove      0 out of   1012 (  0.00 %)   Resub       0 out of    223 (  0.00 %)   
Reduction:   Nodes       0 out of    506 (  0.00 %)   Edges       0 out of   1012 (  0.00 %)   
Win =     0.00 sec (  1.10 %)
Div =     0.01 sec (  3.34 %)
Aig =     0.01 sec (  3.45 %)
Gia =     0.00 sec (  0.00 %)
Cnf =     0.00 sec (  0.59 %)
Sat =     0.16 sec ( 66.43 %)
Int =     0.00 sec (  0.00 %)
ALL =     0.24 sec (100.00 %)
round 0

0%   10   20   30   40   50   60   70   80   90   100%
|----|----|----|----|----|----|----|----|----|----|
seed = 1566954026 patience = 0
***************************************************
best node n467 best error 0
time = 10041266
ksa32_0_0
area = 974
delay = 17.7
write_blif appntk/ksa32_0_0_974_17.7.blif
sis -x -c "read_library data/genlib/mcnc.genlib;read_blif appntk/ksa32_0_0_974_17.7.blif;print_map_stats" | grep -e "Most Negative Slack" -e "Total Area"
"appntk/ksa32_0_0_974_17.7.blif", line 14: .and_gate_delay 1.9
Total Area		= 974.00
Most Negative Slack	= -28.30
Nodes = 502. Try = 502. Resub = 0. Div = 42943. SAT calls = 1989. Timeouts = 0. MaxDivs = 57.
Attempts :   Remove      0 out of   1004 (  0.00 %)   Resub       0 out of    221 (  0.00 %)   
Reduction:   Nodes       0 out of    502 (  0.00 %)   Edges       0 out of   1004 (  0.00 %)   
Win =     0.00 sec (  0.96 %)
Div =     0.01 sec (  3.41 %)
Aig =     0.01 sec (  3.43 %)
Gia =     0.00 sec (  0.00 %)
Cnf =     0.00 sec (  0.59 %)
Sat =     0.15 sec ( 65.28 %)
Int =     0.00 sec (  0.00 %)
ALL =     0.23 sec (100.00 %)
round 1

0%   10   20   30   40   50   60   70   80   90   100%
|----|----|----|----|----|----|----|----|----|----|
seed = 1566954036 patience = 0
***************************************************
best node n500 best error 0
time = 18360604
ksa32_1_0
area = 964
delay = 17.7
write_blif appntk/ksa32_1_0_964_17.7.blif
sis -x -c "read_library data/genlib/mcnc.genlib;read_blif appntk/ksa32_1_0_964_17.7.blif;print_map_stats" | grep -e "Most Negative Slack" -e "Total Area"
"appntk/ksa32_1_0_964_17.7.blif", line 14: .and_gate_delay 1.9
Total Area		= 964.00
Most Negative Slack	= -28.30
Nodes = 498. Try = 498. Resub = 0. Div = 41857. SAT calls = 2013. Timeouts = 0. MaxDivs = 52.
Attempts :   Remove      0 out of    996 (  0.00 %)   Resub       0 out of    219 (  0.00 %)   
Reduction:   Nodes       0 out of    498 (  0.00 %)   Edges       0 out of    996 (  0.00 %)   
Win =     0.00 sec (  0.95 %)
Div =     0.01 sec (  3.36 %)
Aig =     0.01 sec (  3.13 %)
Gia =     0.00 sec (  0.00 %)
Cnf =     0.00 sec (  0.62 %)
Sat =     0.11 sec ( 68.03 %)
Int =     0.00 sec (  0.00 %)
ALL =     0.16 sec (100.00 %)
round 2

0%   10   20   30   40   50   60   70   80   90   100%
|----|----|----|----|----|----|----|----|----|----|
seed = 1566954044 patience = 0
***************************************************
best node n516 best error 0
time = 25718559
ksa32_2_0
area = 960
delay = 17.6
write_blif appntk/ksa32_2_0_960_17.6.blif
sis -x -c "read_library data/genlib/mcnc.genlib;read_blif appntk/ksa32_2_0_960_17.6.blif;print_map_stats" | grep -e "Most Negative Slack" -e "Total Area"
"appntk/ksa32_2_0_960_17.6.blif", line 14: .and_gate_delay 1.9
Total Area		= 960.00
Most Negative Slack	= -28.30
Nodes = 494. Try = 494. Resub = 0. Div = 40774. SAT calls = 1956. Timeouts = 0. MaxDivs = 47.
Attempts :   Remove      0 out of    988 (  0.00 %)   Resub       0 out of    217 (  0.00 %)   
Reduction:   Nodes       0 out of    494 (  0.00 %)   Edges       0 out of    988 (  0.00 %)   
Win =     0.00 sec (  0.97 %)
Div =     0.01 sec (  3.42 %)
Aig =     0.01 sec (  3.17 %)
Gia =     0.00 sec (  0.00 %)
Cnf =     0.00 sec (  0.62 %)
Sat =     0.11 sec ( 67.54 %)
Int =     0.00 sec (  0.00 %)
ALL =     0.16 sec (100.00 %)
round 3

0%   10   20   30   40   50   60   70   80   90   100%
|----|----|----|----|----|----|----|----|----|----|
seed = 1566954052 patience = 0
***************************************************
best node n445 best error 9.76562e-06
time = 33646571
ksa32_3_9.76562e-06
area = 953
delay = 16.2
write_blif appntk/ksa32_3_9.76562e-06_953_16.2.blif
sis -x -c "read_library data/genlib/mcnc.genlib;read_blif appntk/ksa32_3_9.76562e-06_953_16.2.blif;print_map_stats" | grep -e "Most Negative Slack" -e "Total Area"
"appntk/ksa32_3_9.76562e-06_953_16.2.blif", line 14: .and_gate_delay 1.9
Total Area		= 953.00
Most Negative Slack	= -25.90
Nodes = 492. Try = 493. Resub = 1. Div = 40084. SAT calls = 1923. Timeouts = 0. MaxDivs = 40.
Attempts :   Remove      0 out of    985 (  0.00 %)   Resub       1 out of    216 (  0.46 %)   
Reduction:   Nodes       2 out of    492 (  0.41 %)   Edges       4 out of    984 (  0.41 %)   
Win =     0.00 sec (  0.95 %)
Div =     0.01 sec (  3.39 %)
Aig =     0.01 sec (  3.34 %)
Gia =     0.00 sec (  0.00 %)
Cnf =     0.00 sec (  0.59 %)
Sat =     0.14 sec ( 63.84 %)
Int =     0.00 sec (  0.55 %)
ALL =     0.21 sec (100.00 %)
round 4

0%   10   20   30   40   50   60   70   80   90   100%
|----|----|----|----|----|----|----|----|----|----|
seed = 1566954060 patience = 0
***************************************************
best node n589 best error 9.76562e-06
time = 43767288
ksa32_4_9.76562e-06
area = 949
delay = 16.2
write_blif appntk/ksa32_4_9.76562e-06_949_16.2.blif
sis -x -c "read_library data/genlib/mcnc.genlib;read_blif appntk/ksa32_4_9.76562e-06_949_16.2.blif;print_map_stats" | grep -e "Most Negative Slack" -e "Total Area"
"appntk/ksa32_4_9.76562e-06_949_16.2.blif", line 14: .and_gate_delay 1.9
Total Area		= 949.00
Most Negative Slack	= -24.80
Nodes = 487. Try = 487. Resub = 0. Div = 38761. SAT calls = 1872. Timeouts = 0. MaxDivs = 38.
Attempts :   Remove      0 out of    974 (  0.00 %)   Resub       0 out of    212 (  0.00 %)   
Reduction:   Nodes       0 out of    487 (  0.00 %)   Edges       0 out of    974 (  0.00 %)   
Win =     0.00 sec (  0.97 %)
Div =     0.01 sec (  3.50 %)
Aig =     0.00 sec (  3.20 %)
Gia =     0.00 sec (  0.00 %)
Cnf =     0.00 sec (  0.64 %)
Sat =     0.10 sec ( 66.58 %)
Int =     0.00 sec (  0.00 %)
ALL =     0.15 sec (100.00 %)
round 5

0%   10   20   30   40   50   60   70   80   90   100%
|----|----|----|----|----|----|----|----|----|----|
seed = 1566954070 patience = 0
***************************************************
best node n476 best error 1.95312e-05
time = 51249018
ksa32_5_1.95312e-05
area = 944
delay = 16.2
write_blif appntk/ksa32_5_1.95312e-05_944_16.2.blif
sis -x -c "read_library data/genlib/mcnc.genlib;read_blif appntk/ksa32_5_1.95312e-05_944_16.2.blif;print_map_stats" | grep -e "Most Negative Slack" -e "Total Area"
"appntk/ksa32_5_1.95312e-05_944_16.2.blif", line 14: .and_gate_delay 1.9
Total Area		= 944.00
Most Negative Slack	= -24.80
Nodes = 484. Try = 484. Resub = 0. Div = 37875. SAT calls = 1861. Timeouts = 0. MaxDivs = 33.
Attempts :   Remove      0 out of    968 (  0.00 %)   Resub       0 out of    212 (  0.00 %)   
Reduction:   Nodes       0 out of    484 (  0.00 %)   Edges       0 out of    968 (  0.00 %)   
Win =     0.00 sec (  0.98 %)
Div =     0.01 sec (  3.48 %)
Aig =     0.00 sec (  3.21 %)
Gia =     0.00 sec (  0.00 %)
Cnf =     0.00 sec (  0.64 %)
Sat =     0.10 sec ( 66.43 %)
Int =     0.00 sec (  0.00 %)
ALL =     0.15 sec (100.00 %)
round 6

0%   10   20   30   40   50   60   70   80   90   100%
|----|----|----|----|----|----|----|----|----|----|
seed = 1566954077 patience = 0
***************************************************
best node n525 best error 2.92969e-05
time = 58502691
ksa32_6_2.92969e-05
area = 932
delay = 16.2
write_blif appntk/ksa32_6_2.92969e-05_932_16.2.blif
sis -x -c "read_library data/genlib/mcnc.genlib;read_blif appntk/ksa32_6_2.92969e-05_932_16.2.blif;print_map_stats" | grep -e "Most Negative Slack" -e "Total Area"
"appntk/ksa32_6_2.92969e-05_932_16.2.blif", line 14: .and_gate_delay 1.9
Total Area		= 932.00
Most Negative Slack	= -24.50
Nodes = 481. Try = 481. Resub = 0. Div = 36777. SAT calls = 1833. Timeouts = 0. MaxDivs = 28.
Attempts :   Remove      0 out of    962 (  0.00 %)   Resub       0 out of    211 (  0.00 %)   
Reduction:   Nodes       0 out of    481 (  0.00 %)   Edges       0 out of    962 (  0.00 %)   
Win =     0.00 sec (  0.96 %)
Div =     0.01 sec (  3.50 %)
Aig =     0.00 sec (  3.18 %)
Gia =     0.00 sec (  0.00 %)
Cnf =     0.00 sec (  0.66 %)
Sat =     0.09 sec ( 65.96 %)
Int =     0.00 sec (  0.00 %)
ALL =     0.14 sec (100.00 %)
round 7

0%   10   20   30   40   50   60   70   80   90   100%
|----|----|----|----|----|----|----|----|----|----|
seed = 1566954084 patience = 0
***************************************************
best node n542 best error 3.90625e-05
time = 65000480
ksa32_7_3.90625e-05
area = 923
delay = 17
write_blif appntk/ksa32_7_3.90625e-05_923_17.blif
sis -x -c "read_library data/genlib/mcnc.genlib;read_blif appntk/ksa32_7_3.90625e-05_923_17.blif;print_map_stats" | grep -e "Most Negative Slack" -e "Total Area"
"appntk/ksa32_7_3.90625e-05_923_17.blif", line 14: .and_gate_delay 1.9
Total Area		= 923.00
Most Negative Slack	= -26.60
Nodes = 478. Try = 478. Resub = 0. Div = 35684. SAT calls = 1825. Timeouts = 0. MaxDivs = 23.
Attempts :   Remove      0 out of    956 (  0.00 %)   Resub       0 out of    210 (  0.00 %)   
Reduction:   Nodes       0 out of    478 (  0.00 %)   Edges       0 out of    956 (  0.00 %)   
Win =     0.00 sec (  0.95 %)
Div =     0.00 sec (  3.45 %)
Aig =     0.00 sec (  3.14 %)
Gia =     0.00 sec (  0.00 %)
Cnf =     0.00 sec (  0.64 %)
Sat =     0.09 sec ( 65.60 %)
Int =     0.00 sec (  0.00 %)
ALL =     0.14 sec (100.00 %)
round 8

0%   10   20   30   40   50   60   70   80   90   100%
|----|----|----|----|----|----|----|----|----|----|
seed = 1566954091 patience = 0
***************************************************
best node n559 best error 4.88281e-05
time = 72891559
ksa32_8_4.88281e-05
area = 918
delay = 17
write_blif appntk/ksa32_8_4.88281e-05_918_17.blif
sis -x -c "read_library data/genlib/mcnc.genlib;read_blif appntk/ksa32_8_4.88281e-05_918_17.blif;print_map_stats" | grep -e "Most Negative Slack" -e "Total Area"
"appntk/ksa32_8_4.88281e-05_918_17.blif", line 14: .and_gate_delay 1.9
Total Area		= 918.00
Most Negative Slack	= -26.60
Nodes = 475. Try = 475. Resub = 0. Div = 34584. SAT calls = 1807. Timeouts = 0. MaxDivs = 18.
Attempts :   Remove      0 out of    950 (  0.00 %)   Resub       0 out of    209 (  0.00 %)   
Reduction:   Nodes       0 out of    475 (  0.00 %)   Edges       0 out of    950 (  0.00 %)   
Win =     0.00 sec (  0.89 %)
Div =     0.01 sec (  3.36 %)
Aig =     0.01 sec (  3.19 %)
Gia =     0.00 sec (  0.00 %)
Cnf =     0.00 sec (  0.61 %)
Sat =     0.10 sec ( 63.52 %)
Int =     0.00 sec (  0.00 %)
ALL =     0.16 sec (100.00 %)
round 9

0%   10   20   30   40   50   60   70   80   90   100%
|----|----|----|----|----|----|----|----|----|----|
seed = 1566954099 patience = 0
***************************************************
best node n481 best error 0.000166016
time = 79688874
ksa32_9_0.000166016
area = 908
delay = 17
write_blif appntk/ksa32_9_0.000166016_908_17.blif
sis -x -c "read_library data/genlib/mcnc.genlib;read_blif appntk/ksa32_9_0.000166016_908_17.blif;print_map_stats" | grep -e "Most Negative Slack" -e "Total Area"
"appntk/ksa32_9_0.000166016_908_17.blif", line 14: .and_gate_delay 1.9
Total Area		= 908.00
Most Negative Slack	= -26.60
Nodes = 470. Try = 471. Resub = 1. Div = 33906. SAT calls = 1863. Timeouts = 0. MaxDivs = 18.
Attempts :   Remove      0 out of    942 (  0.00 %)   Resub       1 out of    210 (  0.48 %)   
Reduction:   Nodes       2 out of    470 (  0.43 %)   Edges       4 out of    940 (  0.43 %)   
Win =     0.00 sec (  0.88 %)
Div =     0.01 sec (  3.27 %)
Aig =     0.01 sec (  3.11 %)
Gia =     0.00 sec (  0.00 %)
Cnf =     0.00 sec (  0.63 %)
Sat =     0.11 sec ( 64.30 %)
Int =     0.00 sec (  0.30 %)
ALL =     0.16 sec (100.00 %)
round 10

0%   10   20   30   40   50   60   70   80   90   100%
|----|----|----|----|----|----|----|----|----|----|
seed = 1566954106 patience = 0
***************************************************
best node n503 best error 0.000166016
time = 85768174
ksa32_10_0.000166016
area = 902
delay = 17
write_blif appntk/ksa32_10_0.000166016_902_17.blif
sis -x -c "read_library data/genlib/mcnc.genlib;read_blif appntk/ksa32_10_0.000166016_902_17.blif;print_map_stats" | grep -e "Most Negative Slack" -e "Total Area"
"appntk/ksa32_10_0.000166016_902_17.blif", line 14: .and_gate_delay 1.9
Total Area		= 902.00
Most Negative Slack	= -26.40
Nodes = 465. Try = 465. Resub = 0. Div = 33060. SAT calls = 1830. Timeouts = 0. MaxDivs = 18.
Attempts :   Remove      0 out of    930 (  0.00 %)   Resub       0 out of    207 (  0.00 %)   
Reduction:   Nodes       0 out of    465 (  0.00 %)   Edges       0 out of    930 (  0.00 %)   
Win =     0.00 sec (  0.88 %)
Div =     0.00 sec (  3.31 %)
Aig =     0.00 sec (  3.01 %)
Gia =     0.00 sec (  0.00 %)
Cnf =     0.00 sec (  0.63 %)
Sat =     0.09 sec ( 65.75 %)
Int =     0.00 sec (  0.00 %)
ALL =     0.14 sec (100.00 %)
round 11

0%   10   20   30   40   50   60   70   80   90   100%
|----|----|----|----|----|----|----|----|----|----|
seed = 1566954112 patience = 0
***************************************************
best node n449 best error 0.000292969
time = 91851742
ksa32_11_0.000292969
area = 899
delay = 17
write_blif appntk/ksa32_11_0.000292969_899_17.blif
sis -x -c "read_library data/genlib/mcnc.genlib;read_blif appntk/ksa32_11_0.000292969_899_17.blif;print_map_stats" | grep -e "Most Negative Slack" -e "Total Area"
"appntk/ksa32_11_0.000292969_899_17.blif", line 14: .and_gate_delay 1.9
Total Area		= 899.00
Most Negative Slack	= -26.40
Nodes = 462. Try = 462. Resub = 0. Div = 32431. SAT calls = 1815. Timeouts = 0. MaxDivs = 18.
Attempts :   Remove      0 out of    924 (  0.00 %)   Resub       0 out of    206 (  0.00 %)   
Reduction:   Nodes       0 out of    462 (  0.00 %)   Edges       0 out of    924 (  0.00 %)   
Win =     0.00 sec (  0.89 %)
Div =     0.00 sec (  3.27 %)
Aig =     0.00 sec (  3.03 %)
Gia =     0.00 sec (  0.00 %)
Cnf =     0.00 sec (  0.62 %)
Sat =     0.09 sec ( 66.27 %)
Int =     0.00 sec (  0.00 %)
ALL =     0.14 sec (100.00 %)
round 12

0%   10   20   30   40   50   60   70   80   90   100%
|----|----|----|----|----|----|----|----|----|----|
seed = 1566954118 patience = 0
***************************************************
best node n463 best error 0.000302734
time = 98653532
ksa32_12_0.000302734
area = 893
delay = 17
write_blif appntk/ksa32_12_0.000302734_893_17.blif
sis -x -c "read_library data/genlib/mcnc.genlib;read_blif appntk/ksa32_12_0.000302734_893_17.blif;print_map_stats" | grep -e "Most Negative Slack" -e "Total Area"
"appntk/ksa32_12_0.000302734_893_17.blif", line 14: .and_gate_delay 1.9
Total Area		= 893.00
Most Negative Slack	= -26.40
Nodes = 459. Try = 459. Resub = 0. Div = 31848. SAT calls = 1813. Timeouts = 0. MaxDivs = 18.
Attempts :   Remove      0 out of    918 (  0.00 %)   Resub       0 out of    204 (  0.00 %)   
Reduction:   Nodes       0 out of    459 (  0.00 %)   Edges       0 out of    918 (  0.00 %)   
Win =     0.00 sec (  0.89 %)
Div =     0.00 sec (  3.30 %)
Aig =     0.00 sec (  3.01 %)
Gia =     0.00 sec (  0.00 %)
Cnf =     0.00 sec (  0.62 %)
Sat =     0.09 sec ( 65.81 %)
Int =     0.00 sec (  0.00 %)
ALL =     0.13 sec (100.00 %)
round 13

0%   10   20   30   40   50   60   70   80   90   100%
|----|----|----|----|----|----|----|----|----|----|
seed = 1566954125 patience = 0
***************************************************
best node n304 best error 0.000351563
time = 105057778
ksa32_13_0.000351563
area = 887
delay = 17
write_blif appntk/ksa32_13_0.000351563_887_17.blif
sis -x -c "read_library data/genlib/mcnc.genlib;read_blif appntk/ksa32_13_0.000351563_887_17.blif;print_map_stats" | grep -e "Most Negative Slack" -e "Total Area"
"appntk/ksa32_13_0.000351563_887_17.blif", line 14: .and_gate_delay 1.9
Total Area		= 887.00
Most Negative Slack	= -26.40
Nodes = 456. Try = 456. Resub = 0. Div = 31282. SAT calls = 1820. Timeouts = 0. MaxDivs = 18.
Attempts :   Remove      0 out of    912 (  0.00 %)   Resub       0 out of    204 (  0.00 %)   
Reduction:   Nodes       0 out of    456 (  0.00 %)   Edges       0 out of    912 (  0.00 %)   
Win =     0.00 sec (  0.89 %)
Div =     0.00 sec (  3.28 %)
Aig =     0.00 sec (  3.01 %)
Gia =     0.00 sec (  0.00 %)
Cnf =     0.00 sec (  0.61 %)
Sat =     0.09 sec ( 66.21 %)
Int =     0.00 sec (  0.00 %)
ALL =     0.13 sec (100.00 %)
round 14

0%   10   20   30   40   50   60   70   80   90   100%
|----|----|----|----|----|----|----|----|----|----|
seed = 1566954131 patience = 0
***************************************************
best node n438 best error 0.00203125
time = 110359633
ksa32_14_0.00203125
area = 881
delay = 17
write_blif appntk/ksa32_14_0.00203125_881_17.blif
sis -x -c "read_library data/genlib/mcnc.genlib;read_blif appntk/ksa32_14_0.00203125_881_17.blif;print_map_stats" | grep -e "Most Negative Slack" -e "Total Area"
"appntk/ksa32_14_0.00203125_881_17.blif", line 14: .and_gate_delay 1.9
Total Area		= 881.00
Most Negative Slack	= -26.40
Nodes = 453. Try = 454. Resub = 1. Div = 30867. SAT calls = 1728. Timeouts = 0. MaxDivs = 18.
Attempts :   Remove      0 out of    908 (  0.00 %)   Resub       1 out of    204 (  0.49 %)   
Reduction:   Nodes       2 out of    453 (  0.44 %)   Edges       4 out of    906 (  0.44 %)   
Win =     0.00 sec (  0.92 %)
Div =     0.00 sec (  3.39 %)
Aig =     0.00 sec (  3.08 %)
Gia =     0.00 sec (  0.00 %)
Cnf =     0.00 sec (  0.62 %)
Sat =     0.08 sec ( 64.90 %)
Int =     0.00 sec (  0.32 %)
ALL =     0.13 sec (100.00 %)
round 15

0%   10   20   30   40   50   60   70   80   90   100%
|----|----|----|----|----|----|----|----|----|----|
seed = 1566954136 patience = 0
***************************************************
best node n422 best error 0.00304687
time = 116399100
ksa32_15_0.00304687
area = 880
delay = 19.6
write_blif appntk/ksa32_15_0.00304687_880_19.6.blif
sis -x -c "read_library data/genlib/mcnc.genlib;read_blif appntk/ksa32_15_0.00304687_880_19.6.blif;print_map_stats" | grep -e "Most Negative Slack" -e "Total Area"
"appntk/ksa32_15_0.00304687_880_19.6.blif", line 14: .and_gate_delay 1.9
Total Area		= 880.00
Most Negative Slack	= -30.80
Nodes = 448. Try = 448. Resub = 0. Div = 29451. SAT calls = 1734. Timeouts = 0. MaxDivs = 13.
Attempts :   Remove      0 out of    896 (  0.00 %)   Resub       0 out of    201 (  0.00 %)   
Reduction:   Nodes       0 out of    448 (  0.00 %)   Edges       0 out of    896 (  0.00 %)   
Win =     0.00 sec (  0.88 %)
Div =     0.00 sec (  3.27 %)
Aig =     0.00 sec (  2.96 %)
Gia =     0.00 sec (  0.00 %)
Cnf =     0.00 sec (  0.64 %)
Sat =     0.08 sec ( 65.17 %)
Int =     0.00 sec (  0.00 %)
ALL =     0.13 sec (100.00 %)
round 16

0%   10   20   30   40   50   60   70   80   90   100%
|----|----|----|----|----|----|----|----|----|----|
seed = 1566954142 patience = 0
***************************************************
best node n397 best error 0.00400391
time = 121810842
ksa32_16_0.00400391
area = 870
delay = 19.6
write_blif appntk/ksa32_16_0.00400391_870_19.6.blif
sis -x -c "read_library data/genlib/mcnc.genlib;read_blif appntk/ksa32_16_0.00400391_870_19.6.blif;print_map_stats" | grep -e "Most Negative Slack" -e "Total Area"
"appntk/ksa32_16_0.00400391_870_19.6.blif", line 14: .and_gate_delay 1.9
Total Area		= 870.00
Most Negative Slack	= -30.80
Nodes = 442. Try = 443. Resub = 1. Div = 27973. SAT calls = 1769. Timeouts = 0. MaxDivs = 7.
Attempts :   Remove      0 out of    885 (  0.00 %)   Resub       1 out of    200 (  0.50 %)   
Reduction:   Nodes       1 out of    442 (  0.23 %)   Edges       2 out of    884 (  0.23 %)   
Win =     0.00 sec (  0.84 %)
Div =     0.00 sec (  3.12 %)
Aig =     0.00 sec (  2.84 %)
Gia =     0.00 sec (  0.00 %)
Cnf =     0.00 sec (  0.58 %)
Sat =     0.08 sec ( 65.55 %)
Int =     0.00 sec (  0.58 %)
ALL =     0.13 sec (100.00 %)
round 17

0%   10   20   30   40   50   60   70   80   90   100%
|----|----|----|----|----|----|----|----|----|----|
seed = 1566954148 patience = 0
***************************************************
best node n368 best error 0.00556641
time = 127329918
ksa32_17_0.00556641
area = 855
delay = 19.6
write_blif appntk/ksa32_17_0.00556641_855_19.6.blif
sis -x -c "read_library data/genlib/mcnc.genlib;read_blif appntk/ksa32_17_0.00556641_855_19.6.blif;print_map_stats" | grep -e "Most Negative Slack" -e "Total Area"
"appntk/ksa32_17_0.00556641_855_19.6.blif", line 14: .and_gate_delay 1.9
Total Area		= 855.00
Most Negative Slack	= -30.90
Nodes = 435. Try = 439. Resub = 4. Div = 26265. SAT calls = 1648. Timeouts = 0. MaxDivs = 3.
Attempts :   Remove      0 out of    874 (  0.00 %)   Resub       4 out of    196 (  2.04 %)   
Reduction:   Nodes       8 out of    435 (  1.84 %)   Edges      16 out of    870 (  1.84 %)   
Win =     0.00 sec (  0.91 %)
Div =     0.00 sec (  3.25 %)
Aig =     0.00 sec (  2.95 %)
Gia =     0.00 sec (  0.00 %)
Cnf =     0.00 sec (  0.63 %)
Sat =     0.07 sec ( 62.05 %)
Int =     0.00 sec (  1.40 %)
ALL =     0.12 sec (100.00 %)
round 18

0%   10   20   30   40   50   60   70   80   90   100%
|----|----|----|----|----|----|----|----|----|----|
seed = 1566954153 patience = 0
***************************************************
best node n370 best error 0.00600586
time = 132191639
ksa32_18_0.00600586
area = 841
delay = 19.6
write_blif appntk/ksa32_18_0.00600586_841_19.6.blif
sis -x -c "read_library data/genlib/mcnc.genlib;read_blif appntk/ksa32_18_0.00600586_841_19.6.blif;print_map_stats" | grep -e "Most Negative Slack" -e "Total Area"
"appntk/ksa32_18_0.00600586_841_19.6.blif", line 14: .and_gate_delay 1.9
Total Area		= 841.00
Most Negative Slack	= -29.90
Nodes = 424. Try = 424. Resub = 0. Div = 23883. SAT calls = 1668. Timeouts = 0. MaxDivs = 0.
Attempts :   Remove      0 out of    848 (  0.00 %)   Resub       0 out of    192 (  0.00 %)   
Reduction:   Nodes       0 out of    424 (  0.00 %)   Edges       0 out of    848 (  0.00 %)   
Win =     0.00 sec (  0.87 %)
Div =     0.00 sec (  3.09 %)
Aig =     0.00 sec (  2.80 %)
Gia =     0.00 sec (  0.00 %)
Cnf =     0.00 sec (  0.60 %)
Sat =     0.07 sec ( 64.00 %)
Int =     0.00 sec (  0.00 %)
ALL =     0.11 sec (100.00 %)
round 19

0%   10   20   30   40   50   60   70   80   90   100%
|----|----|----|----|----|----|----|----|----|----|
seed = 1566954158 patience = 0
***************************************************
best node n339 best error 0.00685547
time = 136848259
ksa32_19_0.00685547
area = 831
delay = 18.8
write_blif appntk/ksa32_19_0.00685547_831_18.8.blif
sis -x -c "read_library data/genlib/mcnc.genlib;read_blif appntk/ksa32_19_0.00685547_831_18.8.blif;print_map_stats" | grep -e "Most Negative Slack" -e "Total Area"
"appntk/ksa32_19_0.00685547_831_18.8.blif", line 14: .and_gate_delay 1.9
Total Area		= 831.00
Most Negative Slack	= -29.30
Nodes = 421. Try = 421. Resub = 0. Div = 22735. SAT calls = 1615. Timeouts = 0. MaxDivs = 0.
Attempts :   Remove      0 out of    842 (  0.00 %)   Resub       0 out of    190 (  0.00 %)   
Reduction:   Nodes       0 out of    421 (  0.00 %)   Edges       0 out of    842 (  0.00 %)   
Win =     0.00 sec (  0.89 %)
Div =     0.00 sec (  3.15 %)
Aig =     0.00 sec (  2.84 %)
Gia =     0.00 sec (  0.00 %)
Cnf =     0.00 sec (  0.64 %)
Sat =     0.07 sec ( 62.39 %)
Int =     0.00 sec (  0.00 %)
ALL =     0.11 sec (100.00 %)
round 20

0%   10   20   30   40   50   60   70   80   90   100%
|----|----|----|----|----|----|----|----|----|----|
seed = 1566954163 patience = 0
***************************************************
best node n322 best error 0.00780273
time = 141362475
ksa32_20_0.00780273
area = 818
delay = 18.8
write_blif appntk/ksa32_20_0.00780273_818_18.8.blif
sis -x -c "read_library data/genlib/mcnc.genlib;read_blif appntk/ksa32_20_0.00780273_818_18.8.blif;print_map_stats" | grep -e "Most Negative Slack" -e "Total Area"
"appntk/ksa32_20_0.00780273_818_18.8.blif", line 14: .and_gate_delay 1.9
Total Area		= 818.00
Most Negative Slack	= -28.90
Nodes = 412. Try = 416. Resub = 6. Div = 21312. SAT calls = 1562. Timeouts = 0. MaxDivs = 0.
Attempts :   Remove      0 out of    826 (  0.00 %)   Resub       6 out of    185 (  3.24 %)   
Reduction:   Nodes      14 out of    412 (  3.40 %)   Edges      28 out of    824 (  3.40 %)   
Win =     0.00 sec (  0.90 %)
Div =     0.00 sec (  3.13 %)
Aig =     0.00 sec (  2.87 %)
Gia =     0.00 sec (  0.00 %)
Cnf =     0.00 sec (  0.64 %)
Sat =     0.06 sec ( 59.31 %)
Int =     0.00 sec (  1.86 %)
ALL =     0.10 sec (100.00 %)
round 21

0%   10   20   30   40   50   60   70   80   90   100%
|----|----|----|----|----|----|----|----|----|----|
seed = 1566954167 patience = 0
***************************************************
best node n302 best error 0.00871094
time = 145325439
ksa32_21_0.00871094
area = 787
delay = 18.8
write_blif appntk/ksa32_21_0.00871094_787_18.8.blif
sis -x -c "read_library data/genlib/mcnc.genlib;read_blif appntk/ksa32_21_0.00871094_787_18.8.blif;print_map_stats" | grep -e "Most Negative Slack" -e "Total Area"
"appntk/ksa32_21_0.00871094_787_18.8.blif", line 14: .and_gate_delay 1.9
Total Area		= 787.00
Most Negative Slack	= -28.90
Nodes = 395. Try = 395. Resub = 0. Div = 19326. SAT calls = 1460. Timeouts = 0. MaxDivs = 0.
Attempts :   Remove      0 out of    790 (  0.00 %)   Resub       0 out of    170 (  0.00 %)   
Reduction:   Nodes       0 out of    395 (  0.00 %)   Edges       0 out of    790 (  0.00 %)   
Win =     0.00 sec (  0.92 %)
Div =     0.00 sec (  3.07 %)
Aig =     0.00 sec (  2.92 %)
Gia =     0.00 sec (  0.00 %)
Cnf =     0.00 sec (  0.65 %)
Sat =     0.05 sec ( 59.39 %)
Int =     0.00 sec (  0.00 %)
ALL =     0.09 sec (100.00 %)
round 22

0%   10   20   30   40   50   60   70   80   90   100%
|----|----|----|----|----|----|----|----|----|----|
seed = 1566954171 patience = 0
***************************************************
best node n256 best error 0.0101465
time = 148633077
ksa32_22_0.0101465
area = 781
delay = 18.8
write_blif appntk/ksa32_22_0.0101465_781_18.8.blif
sis -x -c "read_library data/genlib/mcnc.genlib;read_blif appntk/ksa32_22_0.0101465_781_18.8.blif;print_map_stats" | grep -e "Most Negative Slack" -e "Total Area"
"appntk/ksa32_22_0.0101465_781_18.8.blif", line 14: .and_gate_delay 1.9
Total Area		= 781.00
Most Negative Slack	= -28.90
Nodes = 392. Try = 392. Resub = 0. Div = 18187. SAT calls = 1423. Timeouts = 0. MaxDivs = 0.
Attempts :   Remove      0 out of    784 (  0.00 %)   Resub       0 out of    169 (  0.00 %)   
Reduction:   Nodes       0 out of    392 (  0.00 %)   Edges       0 out of    784 (  0.00 %)   
Win =     0.00 sec (  0.92 %)
Div =     0.00 sec (  3.12 %)
Aig =     0.00 sec (  2.89 %)
Gia =     0.00 sec (  0.00 %)
Cnf =     0.00 sec (  0.66 %)
Sat =     0.05 sec ( 58.96 %)
Int =     0.00 sec (  0.00 %)
ALL =     0.08 sec (100.00 %)
round 23

0%   10   20   30   40   50   60   70   80   90   100%
|----|----|----|----|----|----|----|----|----|----|
seed = 1566954175 patience = 0
***************************************************
best node n225 best error 0.0117676
time = 152087641
ksa32_23_0.0117676
area = 766
delay = 18.8
write_blif appntk/ksa32_23_0.0117676_766_18.8.blif
sis -x -c "read_library data/genlib/mcnc.genlib;read_blif appntk/ksa32_23_0.0117676_766_18.8.blif;print_map_stats" | grep -e "Most Negative Slack" -e "Total Area"
"appntk/ksa32_23_0.0117676_766_18.8.blif", line 14: .and_gate_delay 1.9
Total Area		= 766.00
Most Negative Slack	= -28.90
Nodes = 387. Try = 388. Resub = 2. Div = 17102. SAT calls = 1398. Timeouts = 0. MaxDivs = 0.
Attempts :   Remove      0 out of    774 (  0.00 %)   Resub       2 out of    168 (  1.19 %)   
Reduction:   Nodes       2 out of    387 (  0.52 %)   Edges       4 out of    774 (  0.52 %)   
Win =     0.00 sec (  0.92 %)
Div =     0.00 sec (  3.01 %)
Aig =     0.00 sec (  2.83 %)
Gia =     0.00 sec (  0.00 %)
Cnf =     0.00 sec (  0.67 %)
Sat =     0.05 sec ( 57.37 %)
Int =     0.00 sec (  1.03 %)
ALL =     0.08 sec (100.00 %)
round 24

0%   10   20   30   40   50   60   70   80   90   100%
|----|----|----|----|----|----|----|----|----|----|
seed = 1566954178 patience = 0
***************************************************
best node n437 best error 0.0135156
time = 155642636
ksa32_24_0.0135156
area = 758
delay = 17.3
write_blif appntk/ksa32_24_0.0135156_758_17.3.blif
sis -x -c "read_library data/genlib/mcnc.genlib;read_blif appntk/ksa32_24_0.0135156_758_17.3.blif;print_map_stats" | grep -e "Most Negative Slack" -e "Total Area"
"appntk/ksa32_24_0.0135156_758_17.3.blif", line 14: .and_gate_delay 1.9
Total Area		= 758.00
Most Negative Slack	= -27.40
Nodes = 381. Try = 381. Resub = 0. Div = 16158. SAT calls = 1374. Timeouts = 0. MaxDivs = 0.
Attempts :   Remove      0 out of    762 (  0.00 %)   Resub       0 out of    163 (  0.00 %)   
Reduction:   Nodes       0 out of    381 (  0.00 %)   Edges       0 out of    762 (  0.00 %)   
Win =     0.00 sec (  0.90 %)
Div =     0.00 sec (  2.95 %)
Aig =     0.00 sec (  2.77 %)
Gia =     0.00 sec (  0.00 %)
Cnf =     0.00 sec (  0.63 %)
Sat =     0.05 sec ( 57.74 %)
Int =     0.00 sec (  0.00 %)
ALL =     0.08 sec (100.00 %)
round 25

0%   10   20   30   40   50   60   70   80   90   100%
|----|----|----|----|----|----|----|----|----|----|
seed = 1566954182 patience = 0
***************************************************
best node n448 best error 0.0144336
time = 159219691
ksa32_25_0.0144336
area = 750
delay = 16.1
write_blif appntk/ksa32_25_0.0144336_750_16.1.blif
sis -x -c "read_library data/genlib/mcnc.genlib;read_blif appntk/ksa32_25_0.0144336_750_16.1.blif;print_map_stats" | grep -e "Most Negative Slack" -e "Total Area"
"appntk/ksa32_25_0.0144336_750_16.1.blif", line 14: .and_gate_delay 1.9
Total Area		= 750.00
Most Negative Slack	= -25.60
Nodes = 379. Try = 379. Resub = 0. Div = 15381. SAT calls = 1340. Timeouts = 0. MaxDivs = 0.
Attempts :   Remove      0 out of    758 (  0.00 %)   Resub       0 out of    163 (  0.00 %)   
Reduction:   Nodes       0 out of    379 (  0.00 %)   Edges       0 out of    758 (  0.00 %)   
Win =     0.00 sec (  0.89 %)
Div =     0.00 sec (  2.95 %)
Aig =     0.00 sec (  2.78 %)
Gia =     0.00 sec (  0.00 %)
Cnf =     0.00 sec (  0.64 %)
Sat =     0.04 sec ( 56.56 %)
Int =     0.00 sec (  0.00 %)
ALL =     0.08 sec (100.00 %)
round 26

0%   10   20   30   40   50   60   70   80   90   100%
|----|----|----|----|----|----|----|----|----|----|
seed = 1566954185 patience = 0
***************************************************
best node n380 best error 0.0144336
time = 162110865
ksa32_26_0.0144336
area = 747
delay = 17.1
write_blif appntk/ksa32_26_0.0144336_747_17.1.blif
sis -x -c "read_library data/genlib/mcnc.genlib;read_blif appntk/ksa32_26_0.0144336_747_17.1.blif;print_map_stats" | grep -e "Most Negative Slack" -e "Total Area"
"appntk/ksa32_26_0.0144336_747_17.1.blif", line 14: .and_gate_delay 1.9
Total Area		= 747.00
Most Negative Slack	= -27.20
Nodes = 377. Try = 377. Resub = 0. Div = 15010. SAT calls = 1314. Timeouts = 0. MaxDivs = 0.
Attempts :   Remove      0 out of    754 (  0.00 %)   Resub       0 out of    160 (  0.00 %)   
Reduction:   Nodes       0 out of    377 (  0.00 %)   Edges       0 out of    754 (  0.00 %)   
Win =     0.00 sec (  0.92 %)
Div =     0.00 sec (  2.92 %)
Aig =     0.00 sec (  2.79 %)
Gia =     0.00 sec (  0.00 %)
Cnf =     0.00 sec (  0.65 %)
Sat =     0.04 sec ( 56.62 %)
Int =     0.00 sec (  0.00 %)
ALL =     0.07 sec (100.00 %)
round 27

0%   10   20   30   40   50   60   70   80   90   100%
|----|----|----|----|----|----|----|----|----|----|
seed = 1566954188 patience = 0
***************************************************
best node n472 best error 0.015918
time = 165499260
ksa32_27_0.015918
area = 736
delay = 17.5
write_blif appntk/ksa32_27_0.015918_736_17.5.blif
sis -x -c "read_library data/genlib/mcnc.genlib;read_blif appntk/ksa32_27_0.015918_736_17.5.blif;print_map_stats" | grep -e "Most Negative Slack" -e "Total Area"
"appntk/ksa32_27_0.015918_736_17.5.blif", line 14: .and_gate_delay 1.9
Total Area		= 736.00
Most Negative Slack	= -27.40
Nodes = 371. Try = 371. Resub = 0. Div = 14519. SAT calls = 1267. Timeouts = 0. MaxDivs = 0.
Attempts :   Remove      0 out of    742 (  0.00 %)   Resub       0 out of    154 (  0.00 %)   
Reduction:   Nodes       0 out of    371 (  0.00 %)   Edges       0 out of    742 (  0.00 %)   
Win =     0.00 sec (  0.93 %)
Div =     0.00 sec (  2.77 %)
Aig =     0.00 sec (  2.87 %)
Gia =     0.00 sec (  0.00 %)
Cnf =     0.00 sec (  0.63 %)
Sat =     0.05 sec ( 53.15 %)
Int =     0.00 sec (  0.00 %)
ALL =     0.08 sec (100.00 %)
round 28

0%   10   20   30   40   50   60   70   80   90   100%
|----|----|----|----|----|----|----|----|----|----|
seed = 1566954192 patience = 0
***************************************************
best node n456 best error 0.0173828
time = 169503236
ksa32_28_0.0173828
area = 729
delay = 17.3
write_blif appntk/ksa32_28_0.0173828_729_17.3.blif
sis -x -c "read_library data/genlib/mcnc.genlib;read_blif appntk/ksa32_28_0.0173828_729_17.3.blif;print_map_stats" | grep -e "Most Negative Slack" -e "Total Area"
"appntk/ksa32_28_0.0173828_729_17.3.blif", line 14: .and_gate_delay 1.9
Total Area		= 729.00
Most Negative Slack	= -27.00
Nodes = 368. Try = 369. Resub = 1. Div = 13849. SAT calls = 1226. Timeouts = 0. MaxDivs = 0.
Attempts :   Remove      0 out of    737 (  0.00 %)   Resub       1 out of    151 (  0.66 %)   
Reduction:   Nodes       4 out of    368 (  1.09 %)   Edges       8 out of    736 (  1.09 %)   
Win =     0.00 sec (  0.92 %)
Div =     0.00 sec (  2.86 %)
Aig =     0.00 sec (  2.81 %)
Gia =     0.00 sec (  0.00 %)
Cnf =     0.00 sec (  0.66 %)
Sat =     0.04 sec ( 53.65 %)
Int =     0.00 sec (  0.62 %)
ALL =     0.07 sec (100.00 %)
round 29

0%   10   20   30   40   50   60   70   80   90   100%
|----|----|----|----|----|----|----|----|----|----|
seed = 1566954196 patience = 0
***************************************************
best node n229 best error 0.018418
time = 172226584
ksa32_29_0.018418
area = 716
delay = 17.3
write_blif appntk/ksa32_29_0.018418_716_17.3.blif
sis -x -c "read_library data/genlib/mcnc.genlib;read_blif appntk/ksa32_29_0.018418_716_17.3.blif;print_map_stats" | grep -e "Most Negative Slack" -e "Total Area"
"appntk/ksa32_29_0.018418_716_17.3.blif", line 14: .and_gate_delay 1.9
Total Area		= 716.00
Most Negative Slack	= -27.50
Nodes = 359. Try = 360. Resub = 2. Div = 13596. SAT calls = 1196. Timeouts = 0. MaxDivs = 0.
Attempts :   Remove      0 out of    718 (  0.00 %)   Resub       2 out of    146 (  1.37 %)   
Reduction:   Nodes       2 out of    359 (  0.56 %)   Edges       4 out of    718 (  0.56 %)   
Win =     0.00 sec (  0.90 %)
Div =     0.00 sec (  2.84 %)
Aig =     0.00 sec (  2.81 %)
Gia =     0.00 sec (  0.00 %)
Cnf =     0.00 sec (  0.64 %)
Sat =     0.04 sec ( 53.19 %)
Int =     0.00 sec (  1.45 %)
ALL =     0.07 sec (100.00 %)
round 30

0%   10   20   30   40   50   60   70   80   90   100%
|----|----|----|----|----|----|----|----|----|----|
seed = 1566954198 patience = 0
***************************************************
best node n435 best error 0.0211035
time = 175575961
ksa32_30_0.0211035
area = 700
delay = 17.3
write_blif appntk/ksa32_30_0.0211035_700_17.3.blif
sis -x -c "read_library data/genlib/mcnc.genlib;read_blif appntk/ksa32_30_0.0211035_700_17.3.blif;print_map_stats" | grep -e "Most Negative Slack" -e "Total Area"
"appntk/ksa32_30_0.0211035_700_17.3.blif", line 14: .and_gate_delay 1.9
Total Area		= 700.00
Most Negative Slack	= -27.50
Nodes = 351. Try = 351. Resub = 0. Div = 13042. SAT calls = 1168. Timeouts = 0. MaxDivs = 0.
Attempts :   Remove      0 out of    702 (  0.00 %)   Resub       0 out of    143 (  0.00 %)   
Reduction:   Nodes       0 out of    351 (  0.00 %)   Edges       0 out of    702 (  0.00 %)   
Win =     0.00 sec (  0.88 %)
Div =     0.00 sec (  2.88 %)
Aig =     0.00 sec (  2.82 %)
Gia =     0.00 sec (  0.00 %)
Cnf =     0.00 sec (  0.66 %)
Sat =     0.03 sec ( 53.48 %)
Int =     0.00 sec (  0.00 %)
ALL =     0.06 sec (100.00 %)
round 31

0%   10   20   30   40   50   60   70   80   90   100%
|----|----|----|----|----|----|----|----|----|----|
seed = 1566954202 patience = 0
***************************************************
best node n316 best error 0.0248926
time = 178606331
ksa32_31_0.0248926
area = 697
delay = 17.3
write_blif appntk/ksa32_31_0.0248926_697_17.3.blif
sis -x -c "read_library data/genlib/mcnc.genlib;read_blif appntk/ksa32_31_0.0248926_697_17.3.blif;print_map_stats" | grep -e "Most Negative Slack" -e "Total Area"
"appntk/ksa32_31_0.0248926_697_17.3.blif", line 14: .and_gate_delay 1.9
Total Area		= 697.00
Most Negative Slack	= -27.40
Nodes = 348. Try = 348. Resub = 0. Div = 12876. SAT calls = 1174. Timeouts = 0. MaxDivs = 0.
Attempts :   Remove      0 out of    696 (  0.00 %)   Resub       0 out of    144 (  0.00 %)   
Reduction:   Nodes       0 out of    348 (  0.00 %)   Edges       0 out of    696 (  0.00 %)   
Win =     0.00 sec (  0.90 %)
Div =     0.00 sec (  2.87 %)
Aig =     0.00 sec (  2.77 %)
Gia =     0.00 sec (  0.00 %)
Cnf =     0.00 sec (  0.66 %)
Sat =     0.03 sec ( 53.70 %)
Int =     0.00 sec (  0.00 %)
ALL =     0.06 sec (100.00 %)
round 32

0%   10   20   30   40   50   60   70   80   90   100%
|----|----|----|----|----|----|----|----|----|----|
seed = 1566954205 patience = 0
***************************************************
best node n335 best error 0.0278027
time = 180703459
ksa32_32_0.0278027
area = 683
delay = 16.9
write_blif appntk/ksa32_32_0.0278027_683_16.9.blif
sis -x -c "read_library data/genlib/mcnc.genlib;read_blif appntk/ksa32_32_0.0278027_683_16.9.blif;print_map_stats" | grep -e "Most Negative Slack" -e "Total Area"
"appntk/ksa32_32_0.0278027_683_16.9.blif", line 14: .and_gate_delay 1.9
Total Area		= 683.00
Most Negative Slack	= -26.10
Nodes = 341. Try = 341. Resub = 0. Div = 12323. SAT calls = 1155. Timeouts = 0. MaxDivs = 0.
Attempts :   Remove      0 out of    682 (  0.00 %)   Resub       0 out of    143 (  0.00 %)   
Reduction:   Nodes       0 out of    341 (  0.00 %)   Edges       0 out of    682 (  0.00 %)   
Win =     0.00 sec (  0.89 %)
Div =     0.00 sec (  2.84 %)
Aig =     0.00 sec (  2.78 %)
Gia =     0.00 sec (  0.00 %)
Cnf =     0.00 sec (  0.63 %)
Sat =     0.03 sec ( 52.96 %)
Int =     0.00 sec (  0.00 %)
ALL =     0.06 sec (100.00 %)
round 33

0%   10   20   30   40   50   60   70   80   90   100%
|----|----|----|----|----|----|----|----|----|----|
seed = 1566954207 patience = 0
***************************************************
best node n269 best error 0.0305371
time = 182762986
ksa32_33_0.0305371
area = 677
delay = 15.6
write_blif appntk/ksa32_33_0.0305371_677_15.6.blif
sis -x -c "read_library data/genlib/mcnc.genlib;read_blif appntk/ksa32_33_0.0305371_677_15.6.blif;print_map_stats" | grep -e "Most Negative Slack" -e "Total Area"
"appntk/ksa32_33_0.0305371_677_15.6.blif", line 14: .and_gate_delay 1.9
Total Area		= 677.00
Most Negative Slack	= -22.80
Nodes = 338. Try = 339. Resub = 1. Div = 12149. SAT calls = 1142. Timeouts = 0. MaxDivs = 0.
Attempts :   Remove      0 out of    677 (  0.00 %)   Resub       1 out of    142 (  0.70 %)   
Reduction:   Nodes       1 out of    338 (  0.30 %)   Edges       2 out of    676 (  0.30 %)   
Win =     0.00 sec (  0.89 %)
Div =     0.00 sec (  2.79 %)
Aig =     0.00 sec (  2.74 %)
Gia =     0.00 sec (  0.00 %)
Cnf =     0.00 sec (  0.66 %)
Sat =     0.03 sec ( 52.61 %)
Int =     0.00 sec (  0.65 %)
ALL =     0.06 sec (100.00 %)
round 34

0%   10   20   30   40   50   60   70   80   90   100%
|----|----|----|----|----|----|----|----|----|----|
seed = 1566954209 patience = 0
***************************************************
best node n217 best error 0.0346973
time = 184965820
ksa32_34_0.0346973
area = 666
delay = 15.6
write_blif appntk/ksa32_34_0.0346973_666_15.6.blif
sis -x -c "read_library data/genlib/mcnc.genlib;read_blif appntk/ksa32_34_0.0346973_666_15.6.blif;print_map_stats" | grep -e "Most Negative Slack" -e "Total Area"
"appntk/ksa32_34_0.0346973_666_15.6.blif", line 14: .and_gate_delay 1.9
Total Area		= 666.00
Most Negative Slack	= -22.80
Nodes = 333. Try = 333. Resub = 0. Div = 11779. SAT calls = 1131. Timeouts = 0. MaxDivs = 0.
Attempts :   Remove      0 out of    666 (  0.00 %)   Resub       0 out of    140 (  0.00 %)   
Reduction:   Nodes       0 out of    333 (  0.00 %)   Edges       0 out of    666 (  0.00 %)   
Win =     0.00 sec (  0.89 %)
Div =     0.00 sec (  2.85 %)
Aig =     0.00 sec (  2.74 %)
Gia =     0.00 sec (  0.00 %)
Cnf =     0.00 sec (  0.64 %)
Sat =     0.03 sec ( 53.23 %)
Int =     0.00 sec (  0.00 %)
ALL =     0.06 sec (100.00 %)
round 35

0%   10   20   30   40   50   60   70   80   90   100%
|----|----|----|----|----|----|----|----|----|----|
seed = 1566954211 patience = 0
***************************************************
best node n377 best error 0.040332
time = 187119910
ksa32_35_0.040332
area = 654
delay = 15.7
write_blif appntk/ksa32_35_0.040332_654_15.7.blif
sis -x -c "read_library data/genlib/mcnc.genlib;read_blif appntk/ksa32_35_0.040332_654_15.7.blif;print_map_stats" | grep -e "Most Negative Slack" -e "Total Area"
"appntk/ksa32_35_0.040332_654_15.7.blif", line 14: .and_gate_delay 1.9
Total Area		= 654.00
Most Negative Slack	= -22.70
Nodes = 324. Try = 325. Resub = 1. Div = 10769. SAT calls = 1084. Timeouts = 0. MaxDivs = 0.
Attempts :   Remove      0 out of    649 (  0.00 %)   Resub       1 out of    136 (  0.74 %)   
Reduction:   Nodes       1 out of    324 (  0.31 %)   Edges       2 out of    648 (  0.31 %)   
Win =     0.00 sec (  0.87 %)
Div =     0.00 sec (  2.70 %)
Aig =     0.00 sec (  2.64 %)
Gia =     0.00 sec (  0.00 %)
Cnf =     0.00 sec (  0.63 %)
Sat =     0.03 sec ( 50.78 %)
Int =     0.00 sec (  0.72 %)
ALL =     0.06 sec (100.00 %)
round 36

0%   10   20   30   40   50   60   70   80   90   100%
|----|----|----|----|----|----|----|----|----|----|
seed = 1566954213 patience = 0
***************************************************
best node n247 best error 0.0413867
time = 188827270
ksa32_36_0.0413867
area = 647
delay = 16.7
write_blif appntk/ksa32_36_0.0413867_647_16.7.blif
sis -x -c "read_library data/genlib/mcnc.genlib;read_blif appntk/ksa32_36_0.0413867_647_16.7.blif;print_map_stats" | grep -e "Most Negative Slack" -e "Total Area"
"appntk/ksa32_36_0.0413867_647_16.7.blif", line 14: .and_gate_delay 1.9
Total Area		= 647.00
Most Negative Slack	= -26.10
Nodes = 321. Try = 323. Resub = 2. Div = 10551. SAT calls = 1070. Timeouts = 0. MaxDivs = 0.
Attempts :   Remove      0 out of    645 (  0.00 %)   Resub       2 out of    134 (  1.49 %)   
Reduction:   Nodes       3 out of    321 (  0.93 %)   Edges       6 out of    642 (  0.93 %)   
Win =     0.00 sec (  0.87 %)
Div =     0.00 sec (  2.74 %)
Aig =     0.00 sec (  2.64 %)
Gia =     0.00 sec (  0.00 %)
Cnf =     0.00 sec (  0.63 %)
Sat =     0.03 sec ( 50.62 %)
Int =     0.00 sec (  1.22 %)
ALL =     0.06 sec (100.00 %)
round 37

0%   10   20   30   40   50   60   70   80   90   100%
|----|----|----|----|----|----|----|----|----|----|
seed = 1566954215 patience = 0
***************************************************
best node n257 best error 0.0529688
time = 190675290
