Entered genlib library with 23 gates from file "data/genlib/mcnc.genlib".
Nodes = 516. Try = 484. Resub = 2. Div = 44080. SAT calls = 1545. Timeouts = 0. MaxDivs = 53.
Attempts :   Remove      0 out of    966 (  0.00 %)   Resub       2 out of    209 (  0.96 %)   
Reduction:   Nodes       2 out of    516 (  0.39 %)   Edges       4 out of   1032 (  0.39 %)   
Win =     0.00 sec (  0.87 %)
Div =     0.01 sec (  3.44 %)
Aig =     0.01 sec (  2.94 %)
Gia =     0.00 sec (  0.00 %)
Cnf =     0.00 sec (  0.51 %)
Sat =     0.15 sec ( 72.77 %)
Int =     0.00 sec (  0.43 %)
ALL =     0.20 sec (100.00 %)
round 0

0%   10   20   30   40   50   60   70   80   90   100%
|----|----|----|----|----|----|----|----|----|----|
seed = 1566958102 patience = 0
***************************************************
best node n90 best error 0.0122852
time = 2575364
mtp8_0_0.0122852
area = 1017
delay = 32.2
write_blif appntk/mtp8_0_0.0122852_1017_32.2.blif
sis -x -c "read_library data/genlib/mcnc.genlib;read_blif appntk/mtp8_0_0.0122852_1017_32.2.blif;print_map_stats" | grep -e "Most Negative Slack" -e "Total Area"
"appntk/mtp8_0_0.0122852_1017_32.2.blif", line 9: .and_gate_delay 1.9
Total Area		= 1017.00
Most Negative Slack	= -55.60
Nodes = 506. Try = 474. Resub = 2. Div = 43262. SAT calls = 1544. Timeouts = 0. MaxDivs = 53.
Attempts :   Remove      0 out of    946 (  0.00 %)   Resub       2 out of    207 (  0.97 %)   
Reduction:   Nodes       2 out of    506 (  0.40 %)   Edges       4 out of   1012 (  0.40 %)   
Win =     0.00 sec (  0.86 %)
Div =     0.01 sec (  3.31 %)
Aig =     0.01 sec (  2.78 %)
Gia =     0.00 sec (  0.00 %)
Cnf =     0.00 sec (  0.51 %)
Sat =     0.15 sec ( 73.94 %)
Int =     0.00 sec (  0.30 %)
ALL =     0.20 sec (100.00 %)
round 1

0%   10   20   30   40   50   60   70   80   90   100%
|----|----|----|----|----|----|----|----|----|----|
seed = 1566958105 patience = 0
***************************************************
time = 5417405
mtp8_1_0.0122852
area = 1019
delay = 30.1
write_blif appntk/mtp8_1_0.0122852_1019_30.1.blif
sis -x -c "read_library data/genlib/mcnc.genlib;read_blif appntk/mtp8_1_0.0122852_1019_30.1.blif;print_map_stats" | grep -e "Most Negative Slack" -e "Total Area"
"appntk/mtp8_1_0.0122852_1019_30.1.blif", line 9: .and_gate_delay 1.9
Total Area		= 1019.00
Most Negative Slack	= -54.50
Nodes = 504. Try = 470. Resub = 0. Div = 43205. SAT calls = 1553. Timeouts = 0. MaxDivs = 53.
Attempts :   Remove      0 out of    940 (  0.00 %)   Resub       0 out of    207 (  0.00 %)   
Reduction:   Nodes       0 out of    504 (  0.00 %)   Edges       0 out of   1008 (  0.00 %)   
Win =     0.00 sec (  0.84 %)
Div =     0.01 sec (  3.33 %)
Aig =     0.01 sec (  2.80 %)
Gia =     0.00 sec (  0.00 %)
Cnf =     0.00 sec (  0.50 %)
Sat =     0.15 sec ( 74.68 %)
Int =     0.00 sec (  0.00 %)
ALL =     0.20 sec (100.00 %)
round 2

0%   10   20   30   40   50   60   70   80   90   100%
|----|----|----|----|----|----|----|----|----|----|
seed = 1566958108 patience = 1
***************************************************
best node n186 best error 0.0241797
time = 8374933
mtp8_2_0.0241797
area = 1012
delay = 31.8
write_blif appntk/mtp8_2_0.0241797_1012_31.8.blif
sis -x -c "read_library data/genlib/mcnc.genlib;read_blif appntk/mtp8_2_0.0241797_1012_31.8.blif;print_map_stats" | grep -e "Most Negative Slack" -e "Total Area"
"appntk/mtp8_2_0.0241797_1012_31.8.blif", line 9: .and_gate_delay 1.9
Total Area		= 1012.00
Most Negative Slack	= -54.60
Nodes = 500. Try = 466. Resub = 0. Div = 42713. SAT calls = 1522. Timeouts = 0. MaxDivs = 53.
Attempts :   Remove      0 out of    932 (  0.00 %)   Resub       0 out of    204 (  0.00 %)   
Reduction:   Nodes       0 out of    500 (  0.00 %)   Edges       0 out of   1000 (  0.00 %)   
Win =     0.00 sec (  0.83 %)
Div =     0.01 sec (  3.27 %)
Aig =     0.01 sec (  2.72 %)
Gia =     0.00 sec (  0.00 %)
Cnf =     0.00 sec (  0.49 %)
Sat =     0.15 sec ( 74.56 %)
Int =     0.00 sec (  0.00 %)
ALL =     0.20 sec (100.00 %)
round 3

0%   10   20   30   40   50   60   70   80   90   100%
|----|----|----|----|----|----|----|----|----|----|
seed = 1566958111 patience = 0
***************************************************
time = 11189302
mtp8_3_0.0241797
area = 1016
delay = 31.8
write_blif appntk/mtp8_3_0.0241797_1016_31.8.blif
sis -x -c "read_library data/genlib/mcnc.genlib;read_blif appntk/mtp8_3_0.0241797_1016_31.8.blif;print_map_stats" | grep -e "Most Negative Slack" -e "Total Area"
"appntk/mtp8_3_0.0241797_1016_31.8.blif", line 9: .and_gate_delay 1.9
Total Area		= 1016.00
Most Negative Slack	= -55.80
Nodes = 500. Try = 466. Resub = 0. Div = 42717. SAT calls = 1554. Timeouts = 0. MaxDivs = 53.
Attempts :   Remove      0 out of    932 (  0.00 %)   Resub       0 out of    204 (  0.00 %)   
Reduction:   Nodes       0 out of    500 (  0.00 %)   Edges       0 out of   1000 (  0.00 %)   
Win =     0.00 sec (  0.82 %)
Div =     0.01 sec (  3.24 %)
Aig =     0.01 sec (  2.72 %)
Gia =     0.00 sec (  0.00 %)
Cnf =     0.00 sec (  0.49 %)
Sat =     0.15 sec ( 75.24 %)
Int =     0.00 sec (  0.00 %)
ALL =     0.20 sec (100.00 %)
round 4

0%   10   20   30   40   50   60   70   80   90   100%
|----|----|----|----|----|----|----|----|----|----|
seed = 1566958114 patience = 1
***************************************************
best node n529 best error 0.0702539
time = 14023582
