Entered genlib library with 23 gates from file "data/genlib/mcnc.genlib".
Nodes = 314. Try = 314. Resub = 0. Div = 28543. SAT calls = 1181. Timeouts = 0. MaxDivs = 26.
Attempts :   Remove      0 out of    628 (  0.00 %)   Resub       0 out of    143 (  0.00 %)   
Reduction:   Nodes       0 out of    314 (  0.00 %)   Edges       0 out of    628 (  0.00 %)   
Win =     0.00 sec (  1.08 %)
Div =     0.00 sec (  3.98 %)
Aig =     0.00 sec (  3.81 %)
Gia =     0.00 sec (  0.00 %)
Cnf =     0.00 sec (  0.67 %)
Sat =     0.08 sec ( 62.55 %)
Int =     0.00 sec (  0.00 %)
ALL =     0.12 sec (100.00 %)
round 0

0%   10   20   30   40   50   60   70   80   90   100%
|----|----|----|----|----|----|----|----|----|----|
seed = 1566954026 patience = 0
***************************************************
best node n379 best error 0.000117187
time = 2788256
rca32_0_0.000117187
area = 599
delay = 21.4
write_blif appntk/rca32_0_0.000117187_599_21.4.blif
sis -x -c "read_library data/genlib/mcnc.genlib;read_blif appntk/rca32_0_0.000117187_599_21.4.blif;print_map_stats" | grep -e "Most Negative Slack" -e "Total Area"
"appntk/rca32_0_0.000117187_599_21.4.blif", line 13: .and_gate_delay 1.9
Total Area		= 599.00
Most Negative Slack	= -34.20
Nodes = 309. Try = 309. Resub = 0. Div = 23974. SAT calls = 1152. Timeouts = 0. MaxDivs = 8.
Attempts :   Remove      0 out of    618 (  0.00 %)   Resub       0 out of    140 (  0.00 %)   
Reduction:   Nodes       0 out of    309 (  0.00 %)   Edges       0 out of    618 (  0.00 %)   
Win =     0.00 sec (  0.97 %)
Div =     0.00 sec (  3.73 %)
Aig =     0.00 sec (  3.60 %)
Gia =     0.00 sec (  0.00 %)
Cnf =     0.00 sec (  0.65 %)
Sat =     0.07 sec ( 59.56 %)
Int =     0.00 sec (  0.00 %)
ALL =     0.11 sec (100.00 %)
round 1

0%   10   20   30   40   50   60   70   80   90   100%
|----|----|----|----|----|----|----|----|----|----|
seed = 1566954029 patience = 0
***************************************************
best node n249 best error 0.00102539
time = 4748830
rca32_1_0.00102539
area = 599
delay = 20.1
write_blif appntk/rca32_1_0.00102539_599_20.1.blif
sis -x -c "read_library data/genlib/mcnc.genlib;read_blif appntk/rca32_1_0.00102539_599_20.1.blif;print_map_stats" | grep -e "Most Negative Slack" -e "Total Area"
"appntk/rca32_1_0.00102539_599_20.1.blif", line 13: .and_gate_delay 1.9
Total Area		= 599.00
Most Negative Slack	= -33.80
Nodes = 308. Try = 308. Resub = 0. Div = 23856. SAT calls = 1136. Timeouts = 0. MaxDivs = 8.
Attempts :   Remove      0 out of    616 (  0.00 %)   Resub       0 out of    139 (  0.00 %)   
Reduction:   Nodes       0 out of    308 (  0.00 %)   Edges       0 out of    616 (  0.00 %)   
Win =     0.00 sec (  0.94 %)
Div =     0.00 sec (  3.76 %)
Aig =     0.00 sec (  3.52 %)
Gia =     0.00 sec (  0.00 %)
Cnf =     0.00 sec (  0.68 %)
Sat =     0.06 sec ( 59.72 %)
Int =     0.00 sec (  0.00 %)
ALL =     0.10 sec (100.00 %)
round 2

0%   10   20   30   40   50   60   70   80   90   100%
|----|----|----|----|----|----|----|----|----|----|
seed = 1566954031 patience = 0
***************************************************
best node n252 best error 0.00210938
time = 6583946
rca32_2_0.00210938
area = 593
delay = 21.9
write_blif appntk/rca32_2_0.00210938_593_21.9.blif
sis -x -c "read_library data/genlib/mcnc.genlib;read_blif appntk/rca32_2_0.00210938_593_21.9.blif;print_map_stats" | grep -e "Most Negative Slack" -e "Total Area"
"appntk/rca32_2_0.00210938_593_21.9.blif", line 13: .and_gate_delay 1.9
Total Area		= 593.00
Most Negative Slack	= -33.00
Nodes = 304. Try = 304. Resub = 0. Div = 16617. SAT calls = 1114. Timeouts = 0. MaxDivs = 0.
Attempts :   Remove      0 out of    608 (  0.00 %)   Resub       0 out of    136 (  0.00 %)   
Reduction:   Nodes       0 out of    304 (  0.00 %)   Edges       0 out of    608 (  0.00 %)   
Win =     0.00 sec (  0.97 %)
Div =     0.00 sec (  3.32 %)
Aig =     0.00 sec (  3.16 %)
Gia =     0.00 sec (  0.00 %)
Cnf =     0.00 sec (  0.68 %)
Sat =     0.04 sec ( 57.09 %)
Int =     0.00 sec (  0.00 %)
ALL =     0.07 sec (100.00 %)
round 3

0%   10   20   30   40   50   60   70   80   90   100%
|----|----|----|----|----|----|----|----|----|----|
seed = 1566954032 patience = 0
***************************************************
best node n331 best error 0.00401367
time = 8523292
rca32_3_0.00401367
area = 590
delay = 21.1
write_blif appntk/rca32_3_0.00401367_590_21.1.blif
sis -x -c "read_library data/genlib/mcnc.genlib;read_blif appntk/rca32_3_0.00401367_590_21.1.blif;print_map_stats" | grep -e "Most Negative Slack" -e "Total Area"
"appntk/rca32_3_0.00401367_590_21.1.blif", line 13: .and_gate_delay 1.9
Total Area		= 590.00
Most Negative Slack	= -32.40
Nodes = 299. Try = 299. Resub = 0. Div = 14875. SAT calls = 1083. Timeouts = 0. MaxDivs = 0.
Attempts :   Remove      0 out of    598 (  0.00 %)   Resub       0 out of    131 (  0.00 %)   
Reduction:   Nodes       0 out of    299 (  0.00 %)   Edges       0 out of    598 (  0.00 %)   
Win =     0.00 sec (  0.88 %)
Div =     0.00 sec (  2.98 %)
Aig =     0.00 sec (  3.16 %)
Gia =     0.00 sec (  0.00 %)
Cnf =     0.00 sec (  0.61 %)
Sat =     0.05 sec ( 54.49 %)
Int =     0.00 sec (  0.00 %)
ALL =     0.08 sec (100.00 %)
round 4

0%   10   20   30   40   50   60   70   80   90   100%
|----|----|----|----|----|----|----|----|----|----|
seed = 1566954034 patience = 0
***************************************************
best node n322 best error 0.0203711
time = 10889980
rca32_4_0.0203711
area = 591
delay = 21.1
write_blif appntk/rca32_4_0.0203711_591_21.1.blif
sis -x -c "read_library data/genlib/mcnc.genlib;read_blif appntk/rca32_4_0.0203711_591_21.1.blif;print_map_stats" | grep -e "Most Negative Slack" -e "Total Area"
"appntk/rca32_4_0.0203711_591_21.1.blif", line 13: .and_gate_delay 1.9
Total Area		= 591.00
Most Negative Slack	= -32.40
Nodes = 298. Try = 298. Resub = 0. Div = 14807. SAT calls = 1078. Timeouts = 0. MaxDivs = 0.
Attempts :   Remove      0 out of    596 (  0.00 %)   Resub       0 out of    130 (  0.00 %)   
Reduction:   Nodes       0 out of    298 (  0.00 %)   Edges       0 out of    596 (  0.00 %)   
Win =     0.00 sec (  0.89 %)
Div =     0.00 sec (  2.93 %)
Aig =     0.00 sec (  2.99 %)
Gia =     0.00 sec (  0.00 %)
Cnf =     0.00 sec (  0.60 %)
Sat =     0.04 sec ( 52.31 %)
Int =     0.00 sec (  0.00 %)
ALL =     0.08 sec (100.00 %)
round 5

0%   10   20   30   40   50   60   70   80   90   100%
|----|----|----|----|----|----|----|----|----|----|
seed = 1566954037 patience = 0
***************************************************
best node n247 best error 0.0497852
time = 12733961
rca32_5_0.0497852
area = 588
delay = 21.1
write_blif appntk/rca32_5_0.0497852_588_21.1.blif
sis -x -c "read_library data/genlib/mcnc.genlib;read_blif appntk/rca32_5_0.0497852_588_21.1.blif;print_map_stats" | grep -e "Most Negative Slack" -e "Total Area"
"appntk/rca32_5_0.0497852_588_21.1.blif", line 13: .and_gate_delay 1.9
Total Area		= 588.00
Most Negative Slack	= -32.40
Nodes = 294. Try = 294. Resub = 0. Div = 13487. SAT calls = 1050. Timeouts = 0. MaxDivs = 0.
Attempts :   Remove      0 out of    588 (  0.00 %)   Resub       0 out of    128 (  0.00 %)   
Reduction:   Nodes       0 out of    294 (  0.00 %)   Edges       0 out of    588 (  0.00 %)   
Win =     0.00 sec (  0.85 %)
Div =     0.00 sec (  2.84 %)
Aig =     0.00 sec (  3.01 %)
Gia =     0.00 sec (  0.00 %)
Cnf =     0.00 sec (  0.60 %)
Sat =     0.04 sec ( 52.23 %)
Int =     0.00 sec (  0.00 %)
ALL =     0.08 sec (100.00 %)
round 6

0%   10   20   30   40   50   60   70   80   90   100%
|----|----|----|----|----|----|----|----|----|----|
seed = 1566954039 patience = 0
***************************************************
time = 14197953
rca32_6_0.0497852
area = 584
delay = 21.1
write_blif appntk/rca32_6_0.0497852_584_21.1.blif
sis -x -c "read_library data/genlib/mcnc.genlib;read_blif appntk/rca32_6_0.0497852_584_21.1.blif;print_map_stats" | grep -e "Most Negative Slack" -e "Total Area"
"appntk/rca32_6_0.0497852_584_21.1.blif", line 13: .and_gate_delay 1.9
Total Area		= 584.00
Most Negative Slack	= -32.40
Nodes = 294. Try = 294. Resub = 0. Div = 13487. SAT calls = 1058. Timeouts = 0. MaxDivs = 0.
Attempts :   Remove      0 out of    588 (  0.00 %)   Resub       0 out of    128 (  0.00 %)   
Reduction:   Nodes       0 out of    294 (  0.00 %)   Edges       0 out of    588 (  0.00 %)   
Win =     0.00 sec (  0.82 %)
Div =     0.00 sec (  2.89 %)
Aig =     0.00 sec (  2.91 %)
Gia =     0.00 sec (  0.00 %)
Cnf =     0.00 sec (  0.61 %)
Sat =     0.04 sec ( 53.06 %)
Int =     0.00 sec (  0.00 %)
ALL =     0.07 sec (100.00 %)
round 7

0%   10   20   30   40   50   60   70   80   90   100%
|----|----|----|----|----|----|----|----|----|----|
seed = 1566954040 patience = 1
***************************************************
best node n280 best error 0.0662012
time = 15805084
