Entered genlib library with 23 gates from file "data/genlib/mcnc.genlib".
Nodes = 462. Try = 434. Resub = 5. Div = 39880. SAT calls = 1385. Timeouts = 0. MaxDivs = 48.
Attempts :   Remove      3 out of    863 (  0.35 %)   Resub       2 out of    119 (  1.68 %)   
Reduction:   Nodes       4 out of    462 (  0.87 %)   Edges       9 out of    924 (  0.97 %)   
Win =     0.00 sec (  0.68 %)
Div =     0.01 sec (  2.71 %)
Aig =     0.01 sec (  2.50 %)
Gia =     0.00 sec (  0.00 %)
Cnf =     0.00 sec (  0.42 %)
Sat =     0.23 sec ( 74.32 %)
Int =     0.00 sec (  1.11 %)
ALL =     0.31 sec (100.00 %)
round 0

0%   10   20   30   40   50   60   70   80   90   100%
|----|----|----|----|----|----|----|----|----|----|
seed = 1566954026 patience = 0
***************************************************
best node n244 best error 0.00266602
time = 3809614
wal8_0_0.00266602
area = 970
delay = 36.4
write_blif appntk/wal8_0_0.00266602_970_36.4.blif
sis -x -c "read_library data/genlib/mcnc.genlib;read_blif appntk/wal8_0_0.00266602_970_36.4.blif;print_map_stats" | grep -e "Most Negative Slack" -e "Total Area"
"appntk/wal8_0_0.00266602_970_36.4.blif", line 11: .and_gate_delay 1.9
Total Area		= 970.00
Most Negative Slack	= -53.90
Nodes = 455. Try = 425. Resub = 0. Div = 38219. SAT calls = 1330. Timeouts = 0. MaxDivs = 47.
Attempts :   Remove      0 out of    850 (  0.00 %)   Resub       0 out of    116 (  0.00 %)   
Reduction:   Nodes       0 out of    455 (  0.00 %)   Edges       0 out of    910 (  0.00 %)   
Win =     0.00 sec (  0.60 %)
Div =     0.01 sec (  2.73 %)
Aig =     0.01 sec (  2.51 %)
Gia =     0.00 sec (  0.00 %)
Cnf =     0.00 sec (  0.41 %)
Sat =     0.21 sec ( 75.60 %)
Int =     0.00 sec (  0.00 %)
ALL =     0.28 sec (100.00 %)
round 1

0%   10   20   30   40   50   60   70   80   90   100%
|----|----|----|----|----|----|----|----|----|----|
seed = 1566954030 patience = 0
***************************************************
best node n182 best error 0.0053125
time = 7826467
wal8_1_0.0053125
area = 965
delay = 36.2
write_blif appntk/wal8_1_0.0053125_965_36.2.blif
sis -x -c "read_library data/genlib/mcnc.genlib;read_blif appntk/wal8_1_0.0053125_965_36.2.blif;print_map_stats" | grep -e "Most Negative Slack" -e "Total Area"
"appntk/wal8_1_0.0053125_965_36.2.blif", line 11: .and_gate_delay 1.9
Total Area		= 965.00
Most Negative Slack	= -52.90
Nodes = 452. Try = 423. Resub = 2. Div = 37718. SAT calls = 1344. Timeouts = 0. MaxDivs = 46.
Attempts :   Remove      0 out of    844 (  0.00 %)   Resub       2 out of    114 (  1.75 %)   
Reduction:   Nodes       2 out of    452 (  0.44 %)   Edges       4 out of    904 (  0.44 %)   
Win =     0.00 sec (  0.59 %)
Div =     0.01 sec (  2.71 %)
Aig =     0.01 sec (  2.39 %)
Gia =     0.00 sec (  0.00 %)
Cnf =     0.00 sec (  0.40 %)
Sat =     0.21 sec ( 75.19 %)
Int =     0.00 sec (  0.60 %)
ALL =     0.29 sec (100.00 %)
round 2

0%   10   20   30   40   50   60   70   80   90   100%
|----|----|----|----|----|----|----|----|----|----|
seed = 1566954034 patience = 0
***************************************************
best node n287 best error 0.0053125
time = 11828271
wal8_2_0.0053125
area = 959
delay = 36.9
write_blif appntk/wal8_2_0.0053125_959_36.9.blif
sis -x -c "read_library data/genlib/mcnc.genlib;read_blif appntk/wal8_2_0.0053125_959_36.9.blif;print_map_stats" | grep -e "Most Negative Slack" -e "Total Area"
"appntk/wal8_2_0.0053125_959_36.9.blif", line 11: .and_gate_delay 1.9
Total Area		= 959.00
Most Negative Slack	= -56.10
Nodes = 449. Try = 418. Resub = 0. Div = 36404. SAT calls = 1289. Timeouts = 0. MaxDivs = 43.
Attempts :   Remove      0 out of    836 (  0.00 %)   Resub       0 out of    113 (  0.00 %)   
Reduction:   Nodes       0 out of    449 (  0.00 %)   Edges       0 out of    898 (  0.00 %)   
Win =     0.00 sec (  0.60 %)
Div =     0.01 sec (  2.81 %)
Aig =     0.01 sec (  2.53 %)
Gia =     0.00 sec (  0.00 %)
Cnf =     0.00 sec (  0.41 %)
Sat =     0.19 sec ( 74.09 %)
Int =     0.00 sec (  0.00 %)
ALL =     0.26 sec (100.00 %)
round 3

0%   10   20   30   40   50   60   70   80   90   100%
|----|----|----|----|----|----|----|----|----|----|
seed = 1566954038 patience = 0
***************************************************
best node n98 best error 0.0129883
time = 15253559
wal8_3_0.0129883
area = 956
delay = 36.9
write_blif appntk/wal8_3_0.0129883_956_36.9.blif
sis -x -c "read_library data/genlib/mcnc.genlib;read_blif appntk/wal8_3_0.0129883_956_36.9.blif;print_map_stats" | grep -e "Most Negative Slack" -e "Total Area"
"appntk/wal8_3_0.0129883_956_36.9.blif", line 11: .and_gate_delay 1.9
Total Area		= 956.00
Most Negative Slack	= -54.70
Nodes = 448. Try = 417. Resub = 0. Div = 36313. SAT calls = 1297. Timeouts = 0. MaxDivs = 43.
Attempts :   Remove      0 out of    834 (  0.00 %)   Resub       0 out of    113 (  0.00 %)   
Reduction:   Nodes       0 out of    448 (  0.00 %)   Edges       0 out of    896 (  0.00 %)   
Win =     0.00 sec (  0.61 %)
Div =     0.01 sec (  2.73 %)
Aig =     0.01 sec (  2.42 %)
Gia =     0.00 sec (  0.00 %)
Cnf =     0.00 sec (  0.41 %)
Sat =     0.20 sec ( 75.04 %)
Int =     0.00 sec (  0.00 %)
ALL =     0.27 sec (100.00 %)
round 4

0%   10   20   30   40   50   60   70   80   90   100%
|----|----|----|----|----|----|----|----|----|----|
seed = 1566954042 patience = 0
***************************************************
best node n129 best error 0.0129883
time = 19209257
wal8_4_0.0129883
area = 953
delay = 36.9
write_blif appntk/wal8_4_0.0129883_953_36.9.blif
sis -x -c "read_library data/genlib/mcnc.genlib;read_blif appntk/wal8_4_0.0129883_953_36.9.blif;print_map_stats" | grep -e "Most Negative Slack" -e "Total Area"
"appntk/wal8_4_0.0129883_953_36.9.blif", line 11: .and_gate_delay 1.9
Total Area		= 953.00
Most Negative Slack	= -55.00
Nodes = 446. Try = 415. Resub = 0. Div = 36099. SAT calls = 1287. Timeouts = 0. MaxDivs = 43.
Attempts :   Remove      0 out of    830 (  0.00 %)   Resub       0 out of    113 (  0.00 %)   
Reduction:   Nodes       0 out of    446 (  0.00 %)   Edges       0 out of    892 (  0.00 %)   
Win =     0.00 sec (  0.59 %)
Div =     0.01 sec (  2.81 %)
Aig =     0.01 sec (  2.55 %)
Gia =     0.00 sec (  0.00 %)
Cnf =     0.00 sec (  0.43 %)
Sat =     0.20 sec ( 75.13 %)
Int =     0.00 sec (  0.00 %)
ALL =     0.27 sec (100.00 %)
round 5

0%   10   20   30   40   50   60   70   80   90   100%
|----|----|----|----|----|----|----|----|----|----|
seed = 1566954046 patience = 0
***************************************************
best node n173 best error 0.0340918
time = 23061750
wal8_5_0.0340918
area = 950
delay = 37.1
write_blif appntk/wal8_5_0.0340918_950_37.1.blif
sis -x -c "read_library data/genlib/mcnc.genlib;read_blif appntk/wal8_5_0.0340918_950_37.1.blif;print_map_stats" | grep -e "Most Negative Slack" -e "Total Area"
"appntk/wal8_5_0.0340918_950_37.1.blif", line 11: .and_gate_delay 1.9
Total Area		= 950.00
Most Negative Slack	= -53.10
Nodes = 444. Try = 413. Resub = 0. Div = 35702. SAT calls = 1293. Timeouts = 0. MaxDivs = 43.
Attempts :   Remove      0 out of    826 (  0.00 %)   Resub       0 out of    113 (  0.00 %)   
Reduction:   Nodes       0 out of    444 (  0.00 %)   Edges       0 out of    888 (  0.00 %)   
Win =     0.00 sec (  0.58 %)
Div =     0.01 sec (  2.69 %)
Aig =     0.01 sec (  2.38 %)
Gia =     0.00 sec (  0.00 %)
Cnf =     0.00 sec (  0.39 %)
Sat =     0.20 sec ( 75.21 %)
Int =     0.00 sec (  0.00 %)
ALL =     0.27 sec (100.00 %)
round 6

0%   10   20   30   40   50   60   70   80   90   100%
|----|----|----|----|----|----|----|----|----|----|
seed = 1566954050 patience = 0
***************************************************
best node n68 best error 0.040791
time = 26890069
wal8_6_0.040791
area = 946
delay = 37.1
write_blif appntk/wal8_6_0.040791_946_37.1.blif
sis -x -c "read_library data/genlib/mcnc.genlib;read_blif appntk/wal8_6_0.040791_946_37.1.blif;print_map_stats" | grep -e "Most Negative Slack" -e "Total Area"
"appntk/wal8_6_0.040791_946_37.1.blif", line 11: .and_gate_delay 1.9
Total Area		= 946.00
Most Negative Slack	= -55.10
Nodes = 441. Try = 410. Resub = 0. Div = 35452. SAT calls = 1278. Timeouts = 0. MaxDivs = 43.
Attempts :   Remove      0 out of    820 (  0.00 %)   Resub       0 out of    112 (  0.00 %)   
Reduction:   Nodes       0 out of    441 (  0.00 %)   Edges       0 out of    882 (  0.00 %)   
Win =     0.00 sec (  0.61 %)
Div =     0.01 sec (  2.82 %)
Aig =     0.01 sec (  2.48 %)
Gia =     0.00 sec (  0.00 %)
Cnf =     0.00 sec (  0.42 %)
Sat =     0.18 sec ( 75.56 %)
Int =     0.00 sec (  0.00 %)
ALL =     0.24 sec (100.00 %)
round 7

0%   10   20   30   40   50   60   70   80   90   100%
|----|----|----|----|----|----|----|----|----|----|
seed = 1566954053 patience = 0
***************************************************
best node n413 best error 0.0704297
time = 29714028
