Entered genlib library with 23 gates from file "data/genlib/mcnc.genlib".
Line 7: Skipping line ".default_input_arrival 0.00 0.00 ".
Line 8: Skipping line ".default_output_required 0.00 0.00 ".
Line 9: Skipping line ".default_input_drive 0.10 0.10 ".
Line 10: Skipping line ".default_output_load 2.00 ".
Line 11: Skipping line ".default_max_input_load 999.00 ".
Original area = 758, original delay = 37.3
round 0

0%   10   20   30   40   50   60   70   80   90   100%
|----|----|----|----|----|----|----|----|----|----|
seed = 1567257324 patience = 0
***************************************************
best node [95923] best error 0
time = 10071591
c1908_0_0
area = 675
delay = 31.8
write_blif appntk/c1908_0_0_675_31.8.blif
round 1

0%   10   20   30   40   50   60   70   80   90   100%
|----|----|----|----|----|----|----|----|----|----|
seed = 1567257334 patience = 0
***************************************************
best node n407 best error 0
time = 24018000
c1908_1_0
area = 681
delay = 33
write_blif appntk/c1908_1_0_681_33.blif
round 2

0%   10   20   30   40   50   60   70   80   90   100%
|----|----|----|----|----|----|----|----|----|----|
seed = 1567257348 patience = 0
***************************************************
best node n270 best error 0.000664063
time = 37768202
c1908_2_0.000664063
area = 659
delay = 32.9
write_blif appntk/c1908_2_0.000664063_659_32.9.blif
round 3

0%   10   20   30   40   50   60   70   80   90   100%
|----|----|----|----|----|----|----|----|----|----|
seed = 1567257362 patience = 0
***************************************************
best node n294 best error 0.00131836
time = 51796957
c1908_3_0.00131836
area = 670
delay = 32.4
write_blif appntk/c1908_3_0.00131836_670_32.4.blif
round 4

0%   10   20   30   40   50   60   70   80   90   100%
|----|----|----|----|----|----|----|----|----|----|
seed = 1567257376 patience = 0
***************************************************
best node n331 best error 0.00195312
time = 63235579
c1908_4_0.00195312
area = 661
delay = 29
write_blif appntk/c1908_4_0.00195312_661_29.blif
round 5

0%   10   20   30   40   50   60   70   80   90   100%
|----|----|----|----|----|----|----|----|----|----|
seed = 1567257388 patience = 0
***************************************************
best node n275 best error 0.00269531
time = 76848873
c1908_5_0.00269531
area = 667
delay = 30.3
write_blif appntk/c1908_5_0.00269531_667_30.3.blif
round 6

0%   10   20   30   40   50   60   70   80   90   100%
|----|----|----|----|----|----|----|----|----|----|
seed = 1567257401 patience = 0
***************************************************
best node n292 best error 0.00335938
time = 90145368
c1908_6_0.00335938
area = 659
delay = 31.7
write_blif appntk/c1908_6_0.00335938_659_31.7.blif
round 7

0%   10   20   30   40   50   60   70   80   90   100%
|----|----|----|----|----|----|----|----|----|----|
seed = 1567257414 patience = 0
***************************************************
best node n323 best error 0.00335938
time = 100623313
c1908_7_0.00335938
area = 656
delay = 33.2
write_blif appntk/c1908_7_0.00335938_656_33.2.blif
round 8

0%   10   20   30   40   50   60   70   80   90   100%
|----|----|----|----|----|----|----|----|----|----|
seed = 1567257425 patience = 0
***************************************************
best node n307 best error 0.0040332
time = 110619701
c1908_8_0.0040332
area = 637
delay = 32.3
write_blif appntk/c1908_8_0.0040332_637_32.3.blif
round 9

0%   10   20   30   40   50   60   70   80   90   100%
|----|----|----|----|----|----|----|----|----|----|
seed = 1567257435 patience = 0
***************************************************
best node n284 best error 0.00479492
time = 122381756
c1908_9_0.00479492
area = 651
delay = 32.3
write_blif appntk/c1908_9_0.00479492_651_32.3.blif
round 10

0%   10   20   30   40   50   60   70   80   90   100%
|----|----|----|----|----|----|----|----|----|----|
seed = 1567257447 patience = 0
***************************************************
best node n318 best error 0.00550781
time = 132355899
c1908_10_0.00550781
area = 639
delay = 33.8
write_blif appntk/c1908_10_0.00550781_639_33.8.blif
round 11

0%   10   20   30   40   50   60   70   80   90   100%
|----|----|----|----|----|----|----|----|----|----|
seed = 1567257457 patience = 0
***************************************************
best node n289 best error 0.00620117
time = 142183873
c1908_11_0.00620117
area = 639
delay = 32.2
write_blif appntk/c1908_11_0.00620117_639_32.2.blif
round 12

0%   10   20   30   40   50   60   70   80   90   100%
|----|----|----|----|----|----|----|----|----|----|
seed = 1567257466 patience = 0
***************************************************
best node n268 best error 0.0062793
time = 153086895
c1908_12_0.0062793
area = 631
delay = 28.8
write_blif appntk/c1908_12_0.0062793_631_28.8.blif
round 13

0%   10   20   30   40   50   60   70   80   90   100%
|----|----|----|----|----|----|----|----|----|----|
seed = 1567257477 patience = 0
***************************************************
best node n232 best error 0.00706055
time = 165629353
c1908_13_0.00706055
area = 635
delay = 33
write_blif appntk/c1908_13_0.00706055_635_33.blif
round 14

0%   10   20   30   40   50   60   70   80   90   100%
|----|----|----|----|----|----|----|----|----|----|
seed = 1567257490 patience = 0
***************************************************
best node n315 best error 0.00773438
time = 178024500
c1908_14_0.00773438
area = 629
delay = 33.1
write_blif appntk/c1908_14_0.00773438_629_33.1.blif
round 15

0%   10   20   30   40   50   60   70   80   90   100%
|----|----|----|----|----|----|----|----|----|----|
seed = 1567257502 patience = 0
***************************************************
best node n317 best error 0.0084375
time = 186418193
c1908_15_0.0084375
area = 620
delay = 30.9
write_blif appntk/c1908_15_0.0084375_620_30.9.blif
round 16

0%   10   20   30   40   50   60   70   80   90   100%
|----|----|----|----|----|----|----|----|----|----|
seed = 1567257511 patience = 0
***************************************************
best node n231 best error 0.00852539
time = 195182919
c1908_16_0.00852539
area = 626
delay = 28.9
write_blif appntk/c1908_16_0.00852539_626_28.9.blif
round 17

0%   10   20   30   40   50   60   70   80   90   100%
|----|----|----|----|----|----|----|----|----|----|
seed = 1567257519 patience = 0
***************************************************
best node n270 best error 0.00861328
time = 203571179
c1908_17_0.00861328
area = 626
delay = 32.5
write_blif appntk/c1908_17_0.00861328_626_32.5.blif
round 18

0%   10   20   30   40   50   60   70   80   90   100%
|----|----|----|----|----|----|----|----|----|----|
seed = 1567257528 patience = 0
***************************************************
best node n238 best error 0.00936523
time = 212723277
c1908_18_0.00936523
area = 614
delay = 30.5
write_blif appntk/c1908_18_0.00936523_614_30.5.blif
round 19

0%   10   20   30   40   50   60   70   80   90   100%
|----|----|----|----|----|----|----|----|----|----|
seed = 1567257537 patience = 0
***************************************************
best node n353 best error 0.00996094
time = 221057002
c1908_19_0.00996094
area = 601
delay = 31.8
write_blif appntk/c1908_19_0.00996094_601_31.8.blif
round 20

0%   10   20   30   40   50   60   70   80   90   100%
|----|----|----|----|----|----|----|----|----|----|
seed = 1567257545 patience = 0
***************************************************
best node n238 best error 0.0105957
time = 228772179
c1908_20_0.0105957
area = 605
delay = 34.2
write_blif appntk/c1908_20_0.0105957_605_34.2.blif
round 21

0%   10   20   30   40   50   60   70   80   90   100%
|----|----|----|----|----|----|----|----|----|----|
seed = 1567257553 patience = 0
***************************************************
best node n321 best error 0.0105957
time = 237468749
c1908_21_0.0105957
area = 606
delay = 31.7
write_blif appntk/c1908_21_0.0105957_606_31.7.blif
round 22

0%   10   20   30   40   50   60   70   80   90   100%
|----|----|----|----|----|----|----|----|----|----|
seed = 1567257562 patience = 0
***************************************************
best node n351 best error 0.011084
time = 245791468
c1908_22_0.011084
area = 605
delay = 32.2
write_blif appntk/c1908_22_0.011084_605_32.2.blif
round 23

0%   10   20   30   40   50   60   70   80   90   100%
|----|----|----|----|----|----|----|----|----|----|
seed = 1567257570 patience = 0
***************************************************
best node n315 best error 0.0114746
time = 254201791
c1908_23_0.0114746
area = 589
delay = 28.9
write_blif appntk/c1908_23_0.0114746_589_28.9.blif
round 24

0%   10   20   30   40   50   60   70   80   90   100%
|----|----|----|----|----|----|----|----|----|----|
seed = 1567257578 patience = 0
***************************************************
best node n252 best error 0.0115723
time = 261830110
c1908_24_0.0115723
area = 598
delay = 32.7
write_blif appntk/c1908_24_0.0115723_598_32.7.blif
round 25

0%   10   20   30   40   50   60   70   80   90   100%
|----|----|----|----|----|----|----|----|----|----|
seed = 1567257586 patience = 0
***************************************************
best node n265 best error 0.012168
time = 269853868
c1908_25_0.012168
area = 586
delay = 31.5
write_blif appntk/c1908_25_0.012168_586_31.5.blif
round 26

0%   10   20   30   40   50   60   70   80   90   100%
|----|----|----|----|----|----|----|----|----|----|
seed = 1567257594 patience = 0
***************************************************
best node n310 best error 0.0127148
time = 277921291
c1908_26_0.0127148
area = 591
delay = 31.7
write_blif appntk/c1908_26_0.0127148_591_31.7.blif
round 27

0%   10   20   30   40   50   60   70   80   90   100%
|----|----|----|----|----|----|----|----|----|----|
seed = 1567257602 patience = 0
***************************************************
best node n275 best error 0.0128125
time = 285178988
c1908_27_0.0128125
area = 568
delay = 30.2
write_blif appntk/c1908_27_0.0128125_568_30.2.blif
round 28

0%   10   20   30   40   50   60   70   80   90   100%
|----|----|----|----|----|----|----|----|----|----|
seed = 1567257609 patience = 0
***************************************************
best node n270 best error 0.0135645
time = 292048663
c1908_28_0.0135645
area = 555
delay = 27.5
write_blif appntk/c1908_28_0.0135645_555_27.5.blif
round 29

0%   10   20   30   40   50   60   70   80   90   100%
|----|----|----|----|----|----|----|----|----|----|
seed = 1567257616 patience = 0
***************************************************
best node n251 best error 0.0143359
time = 299313504
c1908_29_0.0143359
area = 563
delay = 30.2
write_blif appntk/c1908_29_0.0143359_563_30.2.blif
round 30

0%   10   20   30   40   50   60   70   80   90   100%
|----|----|----|----|----|----|----|----|----|----|
seed = 1567257624 patience = 0
***************************************************
best node n302 best error 0.0150586
time = 305741738
c1908_30_0.0150586
area = 559
delay = 34.6
write_blif appntk/c1908_30_0.0150586_559_34.6.blif
round 31

0%   10   20   30   40   50   60   70   80   90   100%
|----|----|----|----|----|----|----|----|----|----|
seed = 1567257630 patience = 0
***************************************************
best node n352 best error 0.0157422
time = 312881546
c1908_31_0.0157422
area = 563
delay = 30
write_blif appntk/c1908_31_0.0157422_563_30.blif
round 32

0%   10   20   30   40   50   60   70   80   90   100%
|----|----|----|----|----|----|----|----|----|----|
seed = 1567257637 patience = 0
***************************************************
best node n249 best error 0.0158203
time = 319841418
c1908_32_0.0158203
area = 548
delay = 35.4
write_blif appntk/c1908_32_0.0158203_548_35.4.blif
round 33

0%   10   20   30   40   50   60   70   80   90   100%
|----|----|----|----|----|----|----|----|----|----|
seed = 1567257644 patience = 0
***************************************************
best node n248 best error 0.0164551
time = 327027852
c1908_33_0.0164551
area = 553
delay = 37
write_blif appntk/c1908_33_0.0164551_553_37.blif
round 34

0%   10   20   30   40   50   60   70   80   90   100%
|----|----|----|----|----|----|----|----|----|----|
seed = 1567257651 patience = 0
***************************************************
best node n267 best error 0.017041
time = 333662840
c1908_34_0.017041
area = 545
delay = 35.9
write_blif appntk/c1908_34_0.017041_545_35.9.blif
round 35

0%   10   20   30   40   50   60   70   80   90   100%
|----|----|----|----|----|----|----|----|----|----|
seed = 1567257658 patience = 0
***************************************************
best node n347 best error 0.0175293
time = 340525967
c1908_35_0.0175293
area = 547
delay = 35
write_blif appntk/c1908_35_0.0175293_547_35.blif
round 36

0%   10   20   30   40   50   60   70   80   90   100%
|----|----|----|----|----|----|----|----|----|----|
seed = 1567257665 patience = 0
***************************************************
best node n247 best error 0.0181055
time = 346404838
c1908_36_0.0181055
area = 536
delay = 36.7
write_blif appntk/c1908_36_0.0181055_536_36.7.blif
round 37

0%   10   20   30   40   50   60   70   80   90   100%
|----|----|----|----|----|----|----|----|----|----|
seed = 1567257671 patience = 0
***************************************************
best node n290 best error 0.0185254
time = 352228541
c1908_37_0.0185254
area = 533
delay = 37
write_blif appntk/c1908_37_0.0185254_533_37.blif
round 38

0%   10   20   30   40   50   60   70   80   90   100%
|----|----|----|----|----|----|----|----|----|----|
seed = 1567257676 patience = 0
***************************************************
best node n263 best error 0.0186426
time = 358347981
c1908_38_0.0186426
area = 521
delay = 35.9
write_blif appntk/c1908_38_0.0186426_521_35.9.blif
round 39

0%   10   20   30   40   50   60   70   80   90   100%
|----|----|----|----|----|----|----|----|----|----|
seed = 1567257683 patience = 0
***************************************************
best node n300 best error 0.0191602
time = 364504851
c1908_39_0.0191602
area = 521
delay = 36.5
write_blif appntk/c1908_39_0.0191602_521_36.5.blif
round 40

0%   10   20   30   40   50   60   70   80   90   100%
|----|----|----|----|----|----|----|----|----|----|
seed = 1567257689 patience = 0
***************************************************
best node n262 best error 0.019668
time = 370657018
c1908_40_0.019668
area = 517
delay = 36.1
write_blif appntk/c1908_40_0.019668_517_36.1.blif
round 41

0%   10   20   30   40   50   60   70   80   90   100%
|----|----|----|----|----|----|----|----|----|----|
seed = 1567257695 patience = 0
***************************************************
best node n308 best error 0.0201855
time = 376462149
c1908_41_0.0201855
area = 514
delay = 36.2
write_blif appntk/c1908_41_0.0201855_514_36.2.blif
round 42

0%   10   20   30   40   50   60   70   80   90   100%
|----|----|----|----|----|----|----|----|----|----|
seed = 1567257701 patience = 0
***************************************************
best node n311 best error 0.0205176
time = 381816442
c1908_42_0.0205176
area = 509
delay = 33.8
write_blif appntk/c1908_42_0.0205176_509_33.8.blif
round 43

0%   10   20   30   40   50   60   70   80   90   100%
|----|----|----|----|----|----|----|----|----|----|
seed = 1567257706 patience = 0
***************************************************
best node n314 best error 0.0208008
time = 387279415
c1908_43_0.0208008
area = 516
delay = 36.9
write_blif appntk/c1908_43_0.0208008_516_36.9.blif
round 44

0%   10   20   30   40   50   60   70   80   90   100%
|----|----|----|----|----|----|----|----|----|----|
seed = 1567257712 patience = 0
***************************************************
best node n302 best error 0.020957
time = 392557704
c1908_44_0.020957
area = 506
delay = 36.5
write_blif appntk/c1908_44_0.020957_506_36.5.blif
round 45

0%   10   20   30   40   50   60   70   80   90   100%
|----|----|----|----|----|----|----|----|----|----|
seed = 1567257717 patience = 0
***************************************************
best node n308 best error 0.0211426
time = 397046125
c1908_45_0.0211426
area = 509
delay = 34.9
write_blif appntk/c1908_45_0.0211426_509_34.9.blif
round 46

0%   10   20   30   40   50   60   70   80   90   100%
|----|----|----|----|----|----|----|----|----|----|
seed = 1567257721 patience = 0
***************************************************
best node n307 best error 0.0211426
time = 402370953
c1908_46_0.0211426
area = 504
delay = 35.9
write_blif appntk/c1908_46_0.0211426_504_35.9.blif
round 47

0%   10   20   30   40   50   60   70   80   90   100%
|----|----|----|----|----|----|----|----|----|----|
seed = 1567257727 patience = 0
***************************************************
best node n304 best error 0.0213379
time = 407451071
c1908_47_0.0213379
area = 502
delay = 36.1
write_blif appntk/c1908_47_0.0213379_502_36.1.blif
round 48

0%   10   20   30   40   50   60   70   80   90   100%
|----|----|----|----|----|----|----|----|----|----|
seed = 1567257732 patience = 0
***************************************************
best node n297 best error 0.0214551
time = 412446738
c1908_48_0.0214551
area = 493
delay = 26.6
write_blif appntk/c1908_48_0.0214551_493_26.6.blif
round 49

0%   10   20   30   40   50   60   70   80   90   100%
|----|----|----|----|----|----|----|----|----|----|
seed = 1567257737 patience = 0
***************************************************
best node n299 best error 0.0215723
time = 416832810
c1908_49_0.0215723
area = 489
delay = 34
write_blif appntk/c1908_49_0.0215723_489_34.blif
round 50

0%   10   20   30   40   50   60   70   80   90   100%
|----|----|----|----|----|----|----|----|----|----|
seed = 1567257741 patience = 0
***************************************************
best node n298 best error 0.0215723
time = 421075876
c1908_50_0.0215723
area = 492
delay = 25.4
write_blif appntk/c1908_50_0.0215723_492_25.4.blif
round 51

0%   10   20   30   40   50   60   70   80   90   100%
|----|----|----|----|----|----|----|----|----|----|
seed = 1567257745 patience = 0
***************************************************
best node n229 best error 0.0221094
time = 425319142
c1908_51_0.0221094
area = 485
delay = 25
write_blif appntk/c1908_51_0.0221094_485_25.blif
round 52

0%   10   20   30   40   50   60   70   80   90   100%
|----|----|----|----|----|----|----|----|----|----|
seed = 1567257750 patience = 0
***************************************************
best node n295 best error 0.0221094
time = 429773886
c1908_52_0.0221094
area = 482
delay = 26.2
write_blif appntk/c1908_52_0.0221094_482_26.2.blif
round 53

0%   10   20   30   40   50   60   70   80   90   100%
|----|----|----|----|----|----|----|----|----|----|
seed = 1567257754 patience = 0
***************************************************
best node n277 best error 0.0226074
time = 434074185
c1908_53_0.0226074
area = 479
delay = 26
write_blif appntk/c1908_53_0.0226074_479_26.blif
round 54

0%   10   20   30   40   50   60   70   80   90   100%
|----|----|----|----|----|----|----|----|----|----|
seed = 1567257758 patience = 0
***************************************************
best node n228 best error 0.0227539
time = 438174701
c1908_54_0.0227539
area = 472
delay = 36.5
write_blif appntk/c1908_54_0.0227539_472_36.5.blif
round 55

0%   10   20   30   40   50   60   70   80   90   100%
|----|----|----|----|----|----|----|----|----|----|
seed = 1567257762 patience = 0
***************************************************
best node n275 best error 0.0233203
time = 441968075
c1908_55_0.0233203
area = 464
delay = 35.6
write_blif appntk/c1908_55_0.0233203_464_35.6.blif
round 56

0%   10   20   30   40   50   60   70   80   90   100%
|----|----|----|----|----|----|----|----|----|----|
seed = 1567257766 patience = 0
***************************************************
best node n250 best error 0.0233789
time = 445732691
c1908_56_0.0233789
area = 461
delay = 23.3
write_blif appntk/c1908_56_0.0233789_461_23.3.blif
round 57

0%   10   20   30   40   50   60   70   80   90   100%
|----|----|----|----|----|----|----|----|----|----|
seed = 1567257770 patience = 0
***************************************************
best node n241 best error 0.0238867
time = 449548629
c1908_57_0.0238867
area = 456
delay = 36.2
write_blif appntk/c1908_57_0.0238867_456_36.2.blif
round 58

0%   10   20   30   40   50   60   70   80   90   100%
|----|----|----|----|----|----|----|----|----|----|
seed = 1567257774 patience = 0
***************************************************
best node n270 best error 0.0243359
time = 453199156
c1908_58_0.0243359
area = 455
delay = 22.6
write_blif appntk/c1908_58_0.0243359_455_22.6.blif
round 59

0%   10   20   30   40   50   60   70   80   90   100%
|----|----|----|----|----|----|----|----|----|----|
seed = 1567257777 patience = 0
***************************************************
best node n240 best error 0.0244434
time = 456631711
c1908_59_0.0244434
area = 442
delay = 31.5
write_blif appntk/c1908_59_0.0244434_442_31.5.blif
round 60

0%   10   20   30   40   50   60   70   80   90   100%
|----|----|----|----|----|----|----|----|----|----|
seed = 1567257781 patience = 0
***************************************************
best node n287 best error 0.0249219
time = 459948433
c1908_60_0.0249219
area = 442
delay = 35.4
write_blif appntk/c1908_60_0.0249219_442_35.4.blif
round 61

0%   10   20   30   40   50   60   70   80   90   100%
|----|----|----|----|----|----|----|----|----|----|
seed = 1567257784 patience = 0
***************************************************
best node n239 best error 0.0250195
time = 463130381
c1908_61_0.0250195
area = 425
delay = 30.7
write_blif appntk/c1908_61_0.0250195_425_30.7.blif
round 62

0%   10   20   30   40   50   60   70   80   90   100%
|----|----|----|----|----|----|----|----|----|----|
seed = 1567257787 patience = 0
***************************************************
best node n228 best error 0.0255859
time = 466166366
c1908_62_0.0255859
area = 425
delay = 34.9
write_blif appntk/c1908_62_0.0255859_425_34.9.blif
round 63

0%   10   20   30   40   50   60   70   80   90   100%
|----|----|----|----|----|----|----|----|----|----|
seed = 1567257790 patience = 0
***************************************************
best node n238 best error 0.0255859
time = 469046878
c1908_63_0.0255859
area = 420
delay = 31.3
write_blif appntk/c1908_63_0.0255859_420_31.3.blif
round 64

0%   10   20   30   40   50   60   70   80   90   100%
|----|----|----|----|----|----|----|----|----|----|
seed = 1567257793 patience = 0
***************************************************
best node n254 best error 0.0260547
time = 471850984
c1908_64_0.0260547
area = 419
delay = 33.6
write_blif appntk/c1908_64_0.0260547_419_33.6.blif
round 65

0%   10   20   30   40   50   60   70   80   90   100%
|----|----|----|----|----|----|----|----|----|----|
seed = 1567257796 patience = 0
***************************************************
best node n268 best error 0.0260547
time = 474364730
c1908_65_0.0260547
area = 414
delay = 31.8
write_blif appntk/c1908_65_0.0260547_414_31.8.blif
round 66

0%   10   20   30   40   50   60   70   80   90   100%
|----|----|----|----|----|----|----|----|----|----|
seed = 1567257799 patience = 0
***************************************************
best node n227 best error 0.0261914
time = 476870342
c1908_66_0.0261914
area = 396
delay = 31.4
write_blif appntk/c1908_66_0.0261914_396_31.4.blif
round 67

0%   10   20   30   40   50   60   70   80   90   100%
|----|----|----|----|----|----|----|----|----|----|
seed = 1567257801 patience = 0
***************************************************
best node n227 best error 0.0270508
time = 479093807
c1908_67_0.0270508
area = 397
delay = 31.8
write_blif appntk/c1908_67_0.0270508_397_31.8.blif
round 68

0%   10   20   30   40   50   60   70   80   90   100%
|----|----|----|----|----|----|----|----|----|----|
seed = 1567257803 patience = 0
***************************************************
best node n232 best error 0.0278027
time = 481214423
c1908_68_0.0278027
area = 378
delay = 29.8
write_blif appntk/c1908_68_0.0278027_378_29.8.blif
round 69

0%   10   20   30   40   50   60   70   80   90   100%
|----|----|----|----|----|----|----|----|----|----|
seed = 1567257805 patience = 0
***************************************************
best node n222 best error 0.0275195
time = 483226257
c1908_69_0.0275195
area = 374
delay = 30.2
write_blif appntk/c1908_69_0.0275195_374_30.2.blif
round 70

0%   10   20   30   40   50   60   70   80   90   100%
|----|----|----|----|----|----|----|----|----|----|
seed = 1567257807 patience = 0
***************************************************
best node n233 best error 0.0290039
time = 485162122
c1908_70_0.0290039
area = 371
delay = 28.8
write_blif appntk/c1908_70_0.0290039_371_28.8.blif
round 71

0%   10   20   30   40   50   60   70   80   90   100%
|----|----|----|----|----|----|----|----|----|----|
seed = 1567257809 patience = 0
***************************************************
best node n231 best error 0.029541
time = 487003467
c1908_71_0.029541
area = 369
delay = 27.8
write_blif appntk/c1908_71_0.029541_369_27.8.blif
round 72

0%   10   20   30   40   50   60   70   80   90   100%
|----|----|----|----|----|----|----|----|----|----|
seed = 1567257811 patience = 0
***************************************************
time = 488636206
c1908_72_0.029541
area = 373
delay = 28.4
write_blif appntk/c1908_72_0.029541_373_28.4.blif
round 73

0%   10   20   30   40   50   60   70   80   90   100%
|----|----|----|----|----|----|----|----|----|----|
seed = 1567257813 patience = 1
***************************************************
best node n228 best error 0.0333203
time = 490302912
c1908_73_0.0333203
area = 356
delay = 27.9
write_blif appntk/c1908_73_0.0333203_356_27.9.blif
round 74

0%   10   20   30   40   50   60   70   80   90   100%
|----|----|----|----|----|----|----|----|----|----|
seed = 1567257815 patience = 0
***************************************************
best node n225 best error 0.0347754
time = 491840948
c1908_74_0.0347754
area = 335
delay = 22.9
write_blif appntk/c1908_74_0.0347754_335_22.9.blif
round 75

0%   10   20   30   40   50   60   70   80   90   100%
|----|----|----|----|----|----|----|----|----|----|
seed = 1567257816 patience = 0
***************************************************
best node n205 best error 0.0360352
time = 493147032
c1908_75_0.0360352
area = 330
delay = 25.3
write_blif appntk/c1908_75_0.0360352_330_25.3.blif
round 76

0%   10   20   30   40   50   60   70   80   90   100%
|----|----|----|----|----|----|----|----|----|----|
seed = 1567257817 patience = 0
***************************************************
best node n175 best error 0.0373535
time = 494305512
c1908_76_0.0373535
area = 325
delay = 21.7
write_blif appntk/c1908_76_0.0373535_325_21.7.blif
round 77

0%   10   20   30   40   50   60   70   80   90   100%
|----|----|----|----|----|----|----|----|----|----|
seed = 1567257819 patience = 0
***************************************************
time = 495424318
c1908_77_0.0373535
area = 323
delay = 21.7
write_blif appntk/c1908_77_0.0373535_323_21.7.blif
round 78

0%   10   20   30   40   50   60   70   80   90   100%
|----|----|----|----|----|----|----|----|----|----|
seed = 1567257820 patience = 1
***************************************************
time = 496530364
c1908_78_0.0373535
area = 325
delay = 21.7
write_blif appntk/c1908_78_0.0373535_325_21.7.blif
round 79

0%   10   20   30   40   50   60   70   80   90   100%
|----|----|----|----|----|----|----|----|----|----|
seed = 1567257821 patience = 2
***************************************************
time = 497646702
c1908_79_0.0373535
area = 324
delay = 21.7
write_blif appntk/c1908_79_0.0373535_324_21.7.blif
round 80

0%   10   20   30   40   50   60   70   80   90   100%
|----|----|----|----|----|----|----|----|----|----|
seed = 1567257822 patience = 3
***************************************************
best node n174 best error 0.0371289
time = 498830875
c1908_80_0.0371289
area = 275
delay = 16.6
write_blif appntk/c1908_80_0.0371289_275_16.6.blif
round 81

0%   10   20   30   40   50   60   70   80   90   100%
|----|----|----|----|----|----|----|----|----|----|
seed = 1567257823 patience = 0
***************************************************
time = 499548348
c1908_81_0.0371289
area = 279
delay = 16.6
write_blif appntk/c1908_81_0.0371289_279_16.6.blif
round 82

0%   10   20   30   40   50   60   70   80   90   100%
|----|----|----|----|----|----|----|----|----|----|
seed = 1567257824 patience = 1
***************************************************
time = 500264304
c1908_82_0.0371289
area = 275
delay = 16.6
write_blif appntk/c1908_82_0.0371289_275_16.6.blif
round 83

0%   10   20   30   40   50   60   70   80   90   100%
|----|----|----|----|----|----|----|----|----|----|
seed = 1567257824 patience = 2
***************************************************
time = 500987559
c1908_83_0.0371289
area = 275
delay = 16
write_blif appntk/c1908_83_0.0371289_275_16.blif
round 84

0%   10   20   30   40   50   60   70   80   90   100%
|----|----|----|----|----|----|----|----|----|----|
seed = 1567257825 patience = 3
***************************************************
time = 501719500
c1908_84_0.0371289
area = 274
delay = 16.6
write_blif appntk/c1908_84_0.0371289_274_16.6.blif
round 85

0%   10   20   30   40   50   60   70   80   90   100%
|----|----|----|----|----|----|----|----|----|----|
seed = 1567257826 patience = 4
***************************************************
Network does not change, frame number changes to 128
time = 502440814
c1908_85_0.0371289
area = 279
delay = 16
write_blif appntk/c1908_85_0.0371289_279_16.blif
round 86

0%   10   20   30   40   50   60   70   80   90   100%
|----|----|----|----|----|----|----|----|----|----|
seed = 1567257827 patience = 0
***************************************************
time = 502933409
c1908_86_0.0371289
area = 274
delay = 16.6
write_blif appntk/c1908_86_0.0371289_274_16.6.blif
round 87

0%   10   20   30   40   50   60   70   80   90   100%
|----|----|----|----|----|----|----|----|----|----|
seed = 1567257827 patience = 1
***************************************************
time = 503421767
c1908_87_0.0371289
area = 279
delay = 16
write_blif appntk/c1908_87_0.0371289_279_16.blif
round 88

0%   10   20   30   40   50   60   70   80   90   100%
|----|----|----|----|----|----|----|----|----|----|
seed = 1567257828 patience = 2
***************************************************
time = 503916336
c1908_88_0.0371289
area = 274
delay = 16.6
write_blif appntk/c1908_88_0.0371289_274_16.6.blif
round 89

0%   10   20   30   40   50   60   70   80   90   100%
|----|----|----|----|----|----|----|----|----|----|
seed = 1567257828 patience = 3
***************************************************
time = 504407490
c1908_89_0.0371289
area = 279
delay = 16
write_blif appntk/c1908_89_0.0371289_279_16.blif
round 90

0%   10   20   30   40   50   60   70   80   90   100%
|----|----|----|----|----|----|----|----|----|----|
seed = 1567257829 patience = 4
***************************************************
Network does not change, frame number changes to 64
time = 504929770
c1908_90_0.0371289
area = 274
delay = 16.6
write_blif appntk/c1908_90_0.0371289_274_16.6.blif
round 91

0%   10   20   30   40   50   60   70   80   90   100%
|----|----|----|----|----|----|----|----|----|----|
seed = 1567257829 patience = 0
***************************************************
time = 505319088
c1908_91_0.0371289
area = 279
delay = 16
write_blif appntk/c1908_91_0.0371289_279_16.blif
round 92

0%   10   20   30   40   50   60   70   80   90   100%
|----|----|----|----|----|----|----|----|----|----|
seed = 1567257829 patience = 1
***************************************************
time = 505691631
c1908_92_0.0371289
area = 274
delay = 16.6
write_blif appntk/c1908_92_0.0371289_274_16.6.blif
round 93

0%   10   20   30   40   50   60   70   80   90   100%
|----|----|----|----|----|----|----|----|----|----|
seed = 1567257830 patience = 2
***************************************************
time = 506068278
c1908_93_0.0371289
area = 279
delay = 16
write_blif appntk/c1908_93_0.0371289_279_16.blif
round 94

0%   10   20   30   40   50   60   70   80   90   100%
|----|----|----|----|----|----|----|----|----|----|
seed = 1567257830 patience = 3
***************************************************
time = 506442467
c1908_94_0.0371289
area = 274
delay = 16.6
write_blif appntk/c1908_94_0.0371289_274_16.6.blif
round 95

0%   10   20   30   40   50   60   70   80   90   100%
|----|----|----|----|----|----|----|----|----|----|
seed = 1567257831 patience = 4
***************************************************
Network does not change, frame number changes to 32
time = 506816611
c1908_95_0.0371289
area = 279
delay = 16
write_blif appntk/c1908_95_0.0371289_279_16.blif
round 96

0%   10   20   30   40   50   60   70   80   90   100%
|----|----|----|----|----|----|----|----|----|----|
seed = 1567257831 patience = 0
***************************************************
best node n114 best error 0.154951
time = 507257503
