Entered genlib library with 23 gates from file "data/genlib/mcnc.genlib".
Line 30: Skipping line ".default_input_arrival 0.00 0.00 ".
Line 31: Skipping line ".default_output_required 0.00 0.00 ".
Line 32: Skipping line ".default_input_drive 0.10 0.10 ".
Line 33: Skipping line ".default_output_load 2.00 ".
Line 34: Skipping line ".default_max_input_load 999.00 ".
Original area = 1262, original delay = 21.9
round 0

0%   10   20   30   40   50   60   70   80   90   100%
|----|----|----|----|----|----|----|----|----|----|
seed = 1567257324 patience = 0
***************************************************
best node [100726] best error 0
time = 60308919
c2670_0_0
area = 1093
delay = 20.7
write_blif appntk/c2670_0_0_1093_20.7.blif
round 1

0%   10   20   30   40   50   60   70   80   90   100%
|----|----|----|----|----|----|----|----|----|----|
seed = 1567257385 patience = 0
***************************************************
best node n729 best error 0
time = 76147717
c2670_1_0
area = 1022
delay = 20.7
write_blif appntk/c2670_1_0_1022_20.7.blif
round 2

0%   10   20   30   40   50   60   70   80   90   100%
|----|----|----|----|----|----|----|----|----|----|
seed = 1567257400 patience = 0
***************************************************
best node n719 best error 0
time = 90454457
c2670_2_0
area = 849
delay = 19.9
write_blif appntk/c2670_2_0_849_19.9.blif
round 3

0%   10   20   30   40   50   60   70   80   90   100%
|----|----|----|----|----|----|----|----|----|----|
seed = 1567257415 patience = 0
***************************************************
best node n753 best error 0.00359375
time = 101712109
c2670_3_0.00359375
area = 850
delay = 20.7
write_blif appntk/c2670_3_0.00359375_850_20.7.blif
round 4

0%   10   20   30   40   50   60   70   80   90   100%
|----|----|----|----|----|----|----|----|----|----|
seed = 1567257426 patience = 0
***************************************************
time = 112366025
c2670_4_0.00359375
area = 850
delay = 20.7
write_blif appntk/c2670_4_0.00359375_850_20.7.blif
round 5

0%   10   20   30   40   50   60   70   80   90   100%
|----|----|----|----|----|----|----|----|----|----|
seed = 1567257437 patience = 1
***************************************************
best node n758 best error 0.00359375
time = 125215840
c2670_5_0.00359375
area = 845
delay = 20.5
write_blif appntk/c2670_5_0.00359375_845_20.5.blif
round 6

0%   10   20   30   40   50   60   70   80   90   100%
|----|----|----|----|----|----|----|----|----|----|
seed = 1567257450 patience = 0
***************************************************
best node n763 best error 0.00475586
time = 137211524
c2670_6_0.00475586
area = 836
delay = 20.7
write_blif appntk/c2670_6_0.00475586_836_20.7.blif
round 7

0%   10   20   30   40   50   60   70   80   90   100%
|----|----|----|----|----|----|----|----|----|----|
seed = 1567257461 patience = 0
***************************************************
time = 149297224
c2670_7_0.00475586
area = 836
delay = 20.7
write_blif appntk/c2670_7_0.00475586_836_20.7.blif
round 8

0%   10   20   30   40   50   60   70   80   90   100%
|----|----|----|----|----|----|----|----|----|----|
seed = 1567257474 patience = 1
***************************************************
best node n724 best error 0.0052832
time = 165515044
c2670_8_0.0052832
area = 827
delay = 19.3
write_blif appntk/c2670_8_0.0052832_827_19.3.blif
round 9

0%   10   20   30   40   50   60   70   80   90   100%
|----|----|----|----|----|----|----|----|----|----|
seed = 1567257490 patience = 0
***************************************************
best node n720 best error 0.00636719
time = 177997855
c2670_9_0.00636719
area = 829
delay = 20.4
write_blif appntk/c2670_9_0.00636719_829_20.4.blif
round 10

0%   10   20   30   40   50   60   70   80   90   100%
|----|----|----|----|----|----|----|----|----|----|
seed = 1567257502 patience = 0
***************************************************
best node n722 best error 0.00685547
time = 195196413
c2670_10_0.00685547
area = 824
delay = 20.1
write_blif appntk/c2670_10_0.00685547_824_20.1.blif
round 11

0%   10   20   30   40   50   60   70   80   90   100%
|----|----|----|----|----|----|----|----|----|----|
seed = 1567257519 patience = 0
***************************************************
best node n783 best error 0.01375
time = 205726576
c2670_11_0.01375
area = 823
delay = 19.8
write_blif appntk/c2670_11_0.01375_823_19.8.blif
round 12

0%   10   20   30   40   50   60   70   80   90   100%
|----|----|----|----|----|----|----|----|----|----|
seed = 1567257530 patience = 0
***************************************************
time = 215667678
c2670_12_0.01375
area = 816
delay = 20.4
write_blif appntk/c2670_12_0.01375_816_20.4.blif
round 13

0%   10   20   30   40   50   60   70   80   90   100%
|----|----|----|----|----|----|----|----|----|----|
seed = 1567257540 patience = 1
***************************************************
time = 225660727
c2670_13_0.01375
area = 824
delay = 20.1
write_blif appntk/c2670_13_0.01375_824_20.1.blif
round 14

0%   10   20   30   40   50   60   70   80   90   100%
|----|----|----|----|----|----|----|----|----|----|
seed = 1567257550 patience = 2
***************************************************
time = 235559571
c2670_14_0.01375
area = 816
delay = 19.8
write_blif appntk/c2670_14_0.01375_816_19.8.blif
round 15

0%   10   20   30   40   50   60   70   80   90   100%
|----|----|----|----|----|----|----|----|----|----|
seed = 1567257560 patience = 3
***************************************************
best node n753 best error 0.0216602
time = 246044990
c2670_15_0.0216602
area = 821
delay = 20.4
write_blif appntk/c2670_15_0.0216602_821_20.4.blif
round 16

0%   10   20   30   40   50   60   70   80   90   100%
|----|----|----|----|----|----|----|----|----|----|
seed = 1567257570 patience = 0
***************************************************
best node n773 best error 0.0275586
time = 256496902
c2670_16_0.0275586
area = 813
delay = 20.4
write_blif appntk/c2670_16_0.0275586_813_20.4.blif
round 17

0%   10   20   30   40   50   60   70   80   90   100%
|----|----|----|----|----|----|----|----|----|----|
seed = 1567257581 patience = 0
***************************************************
best node n731 best error 0.0255176
time = 266910664
c2670_17_0.0255176
area = 813
delay = 18.8
write_blif appntk/c2670_17_0.0255176_813_18.8.blif
round 18

0%   10   20   30   40   50   60   70   80   90   100%
|----|----|----|----|----|----|----|----|----|----|
seed = 1567257591 patience = 0
***************************************************
time = 276264857
c2670_18_0.0255176
area = 811
delay = 20
write_blif appntk/c2670_18_0.0255176_811_20.blif
round 19

0%   10   20   30   40   50   60   70   80   90   100%
|----|----|----|----|----|----|----|----|----|----|
seed = 1567257601 patience = 1
***************************************************
best node n736 best error 0.0264063
time = 286694363
c2670_19_0.0264063
area = 809
delay = 19.3
write_blif appntk/c2670_19_0.0264063_809_19.3.blif
round 20

0%   10   20   30   40   50   60   70   80   90   100%
|----|----|----|----|----|----|----|----|----|----|
seed = 1567257611 patience = 0
***************************************************
best node n709 best error 0.0284375
time = 296434473
c2670_20_0.0284375
area = 799
delay = 18.7
write_blif appntk/c2670_20_0.0284375_799_18.7.blif
round 21

0%   10   20   30   40   50   60   70   80   90   100%
|----|----|----|----|----|----|----|----|----|----|
seed = 1567257621 patience = 0
***************************************************
time = 305908765
c2670_21_0.0284375
area = 806
delay = 19.3
write_blif appntk/c2670_21_0.0284375_806_19.3.blif
round 22

0%   10   20   30   40   50   60   70   80   90   100%
|----|----|----|----|----|----|----|----|----|----|
seed = 1567257630 patience = 1
***************************************************
best node n731 best error 0.0257715
time = 316053387
c2670_22_0.0257715
area = 804
delay = 19.4
write_blif appntk/c2670_22_0.0257715_804_19.4.blif
round 23

0%   10   20   30   40   50   60   70   80   90   100%
|----|----|----|----|----|----|----|----|----|----|
seed = 1567257640 patience = 0
***************************************************
time = 325262483
c2670_23_0.0257715
area = 804
delay = 18.8
write_blif appntk/c2670_23_0.0257715_804_18.8.blif
round 24

0%   10   20   30   40   50   60   70   80   90   100%
|----|----|----|----|----|----|----|----|----|----|
seed = 1567257650 patience = 1
***************************************************
time = 334578894
c2670_24_0.0257715
area = 803
delay = 19.3
write_blif appntk/c2670_24_0.0257715_803_19.3.blif
round 25

0%   10   20   30   40   50   60   70   80   90   100%
|----|----|----|----|----|----|----|----|----|----|
seed = 1567257659 patience = 2
***************************************************
best node n767 best error 0.038584
time = 344758407
c2670_25_0.038584
area = 800
delay = 19.3
write_blif appntk/c2670_25_0.038584_800_19.3.blif
round 26

0%   10   20   30   40   50   60   70   80   90   100%
|----|----|----|----|----|----|----|----|----|----|
seed = 1567257669 patience = 0
***************************************************
time = 353899369
c2670_26_0.038584
area = 796
delay = 18.9
write_blif appntk/c2670_26_0.038584_796_18.9.blif
round 27

0%   10   20   30   40   50   60   70   80   90   100%
|----|----|----|----|----|----|----|----|----|----|
seed = 1567257678 patience = 1
***************************************************
time = 363228995
c2670_27_0.038584
area = 800
delay = 19.4
write_blif appntk/c2670_27_0.038584_800_19.4.blif
round 28

0%   10   20   30   40   50   60   70   80   90   100%
|----|----|----|----|----|----|----|----|----|----|
seed = 1567257688 patience = 2
***************************************************
time = 372875397
c2670_28_0.038584
area = 799
delay = 19.3
write_blif appntk/c2670_28_0.038584_799_19.3.blif
round 29

0%   10   20   30   40   50   60   70   80   90   100%
|----|----|----|----|----|----|----|----|----|----|
seed = 1567257697 patience = 3
***************************************************
best node n748 best error 0.0503125
time = 382572335
