Entered genlib library with 23 gates from file "data/genlib/mcnc.genlib".
Line 7: Skipping line ".default_input_arrival 0.00 0.00 ".
Line 8: Skipping line ".default_output_required 0.00 0.00 ".
Line 9: Skipping line ".default_input_drive 0.10 0.10 ".
Line 10: Skipping line ".default_output_load 2.00 ".
Line 11: Skipping line ".default_max_input_load 999.00 ".
Original area = 1604, original delay = 55
round 0

0%   10   20   30   40   50   60   70   80   90   100%
|----|----|----|----|----|----|----|----|----|----|
seed = 1567257324 patience = 0
***************************************************
best node [140489] best error 0
time = 17187642
c3540_0_0
area = 1583
delay = 51.1
write_blif appntk/c3540_0_0_1583_51.1.blif
round 1

0%   10   20   30   40   50   60   70   80   90   100%
|----|----|----|----|----|----|----|----|----|----|
seed = 1567257342 patience = 0
***************************************************
best node n741 best error 0.000166016
time = 35913873
c3540_1_0.000166016
area = 1571
delay = 51
write_blif appntk/c3540_1_0.000166016_1571_51.blif
round 2

0%   10   20   30   40   50   60   70   80   90   100%
|----|----|----|----|----|----|----|----|----|----|
seed = 1567257361 patience = 0
***************************************************
best node n852 best error 0.000166016
time = 56650979
c3540_2_0.000166016
area = 1569
delay = 50.9
write_blif appntk/c3540_2_0.000166016_1569_50.9.blif
round 3

0%   10   20   30   40   50   60   70   80   90   100%
|----|----|----|----|----|----|----|----|----|----|
seed = 1567257382 patience = 0
***************************************************
best node n732 best error 0.000595703
time = 78275448
c3540_3_0.000595703
area = 1567
delay = 51.2
write_blif appntk/c3540_3_0.000595703_1567_51.2.blif
round 4

0%   10   20   30   40   50   60   70   80   90   100%
|----|----|----|----|----|----|----|----|----|----|
seed = 1567257403 patience = 0
***************************************************
best node n421 best error 0.000917969
time = 95115315
c3540_4_0.000917969
area = 1560
delay = 50.5
write_blif appntk/c3540_4_0.000917969_1560_50.5.blif
round 5

0%   10   20   30   40   50   60   70   80   90   100%
|----|----|----|----|----|----|----|----|----|----|
seed = 1567257420 patience = 0
***************************************************
best node n733 best error 0.00157227
time = 113555961
c3540_5_0.00157227
area = 1572
delay = 50.4
write_blif appntk/c3540_5_0.00157227_1572_50.4.blif
round 6

0%   10   20   30   40   50   60   70   80   90   100%
|----|----|----|----|----|----|----|----|----|----|
seed = 1567257438 patience = 0
***************************************************
best node n730 best error 0.00265625
time = 135677422
c3540_6_0.00265625
area = 1556
delay = 50.6
write_blif appntk/c3540_6_0.00265625_1556_50.6.blif
round 7

0%   10   20   30   40   50   60   70   80   90   100%
|----|----|----|----|----|----|----|----|----|----|
seed = 1567257460 patience = 0
***************************************************
best node n675 best error 0.00383789
time = 155519869
c3540_7_0.00383789
area = 1548
delay = 49.1
write_blif appntk/c3540_7_0.00383789_1548_49.1.blif
round 8

0%   10   20   30   40   50   60   70   80   90   100%
|----|----|----|----|----|----|----|----|----|----|
seed = 1567257480 patience = 0
***************************************************
best node n866 best error 0.00470703
time = 172250382
c3540_8_0.00470703
area = 1550
delay = 50.4
write_blif appntk/c3540_8_0.00470703_1550_50.4.blif
round 9

0%   10   20   30   40   50   60   70   80   90   100%
|----|----|----|----|----|----|----|----|----|----|
seed = 1567257497 patience = 0
***************************************************
best node n621 best error 0.00660156
time = 187492820
c3540_9_0.00660156
area = 1548
delay = 49.2
write_blif appntk/c3540_9_0.00660156_1548_49.2.blif
round 10

0%   10   20   30   40   50   60   70   80   90   100%
|----|----|----|----|----|----|----|----|----|----|
seed = 1567257512 patience = 0
***************************************************
best node n858 best error 0.00749023
time = 203660479
c3540_10_0.00749023
area = 1545
delay = 50.5
write_blif appntk/c3540_10_0.00749023_1545_50.5.blif
round 11

0%   10   20   30   40   50   60   70   80   90   100%
|----|----|----|----|----|----|----|----|----|----|
seed = 1567257528 patience = 0
***************************************************
best node n878 best error 0.0084375
time = 219266083
c3540_11_0.0084375
area = 1546
delay = 50.4
write_blif appntk/c3540_11_0.0084375_1546_50.4.blif
round 12

0%   10   20   30   40   50   60   70   80   90   100%
|----|----|----|----|----|----|----|----|----|----|
seed = 1567257544 patience = 0
***************************************************
best node n426 best error 0.00896484
time = 234633837
c3540_12_0.00896484
area = 1547
delay = 50.6
write_blif appntk/c3540_12_0.00896484_1547_50.6.blif
round 13

0%   10   20   30   40   50   60   70   80   90   100%
|----|----|----|----|----|----|----|----|----|----|
seed = 1567257559 patience = 0
***************************************************
best node n426 best error 0.0101758
time = 250045936
c3540_13_0.0101758
area = 1532
delay = 49.5
write_blif appntk/c3540_13_0.0101758_1532_49.5.blif
round 14

0%   10   20   30   40   50   60   70   80   90   100%
|----|----|----|----|----|----|----|----|----|----|
seed = 1567257575 patience = 0
***************************************************
best node n425 best error 0.0106055
time = 265691210
c3540_14_0.0106055
area = 1541
delay = 49.5
write_blif appntk/c3540_14_0.0106055_1541_49.5.blif
round 15

0%   10   20   30   40   50   60   70   80   90   100%
|----|----|----|----|----|----|----|----|----|----|
seed = 1567257590 patience = 0
***************************************************
best node n526 best error 0.0116797
time = 281443445
c3540_15_0.0116797
area = 1532
delay = 49.8
write_blif appntk/c3540_15_0.0116797_1532_49.8.blif
round 16

0%   10   20   30   40   50   60   70   80   90   100%
|----|----|----|----|----|----|----|----|----|----|
seed = 1567257606 patience = 0
***************************************************
best node n424 best error 0.0118848
time = 297440271
c3540_16_0.0118848
area = 1533
delay = 49.5
write_blif appntk/c3540_16_0.0118848_1533_49.5.blif
round 17

0%   10   20   30   40   50   60   70   80   90   100%
|----|----|----|----|----|----|----|----|----|----|
seed = 1567257622 patience = 0
***************************************************
best node n424 best error 0.0120312
time = 313322861
c3540_17_0.0120312
area = 1527
delay = 49.5
write_blif appntk/c3540_17_0.0120312_1527_49.5.blif
round 18

0%   10   20   30   40   50   60   70   80   90   100%
|----|----|----|----|----|----|----|----|----|----|
seed = 1567257638 patience = 0
***************************************************
best node n627 best error 0.0118652
time = 329634972
c3540_18_0.0118652
area = 1528
delay = 48.4
write_blif appntk/c3540_18_0.0118652_1528_48.4.blif
round 19

0%   10   20   30   40   50   60   70   80   90   100%
|----|----|----|----|----|----|----|----|----|----|
seed = 1567257654 patience = 0
***************************************************
best node n892 best error 0.0132422
time = 345608972
c3540_19_0.0132422
area = 1517
delay = 49.5
write_blif appntk/c3540_19_0.0132422_1517_49.5.blif
round 20

0%   10   20   30   40   50   60   70   80   90   100%
|----|----|----|----|----|----|----|----|----|----|
seed = 1567257670 patience = 0
***************************************************
best node n814 best error 0.0143262
time = 362586525
c3540_20_0.0143262
area = 1518
delay = 49.5
write_blif appntk/c3540_20_0.0143262_1518_49.5.blif
round 21

0%   10   20   30   40   50   60   70   80   90   100%
|----|----|----|----|----|----|----|----|----|----|
seed = 1567257687 patience = 0
***************************************************
best node n818 best error 0.0141211
time = 377997012
c3540_21_0.0141211
area = 1518
delay = 48.4
write_blif appntk/c3540_21_0.0141211_1518_48.4.blif
round 22

0%   10   20   30   40   50   60   70   80   90   100%
|----|----|----|----|----|----|----|----|----|----|
seed = 1567257703 patience = 0
***************************************************
best node n575 best error 0.0153906
time = 393186994
c3540_22_0.0153906
area = 1509
delay = 48.1
write_blif appntk/c3540_22_0.0153906_1509_48.1.blif
round 23

0%   10   20   30   40   50   60   70   80   90   100%
|----|----|----|----|----|----|----|----|----|----|
seed = 1567257718 patience = 0
***************************************************
best node n467 best error 0.0159473
time = 408648950
c3540_23_0.0159473
area = 1508
delay = 48.1
write_blif appntk/c3540_23_0.0159473_1508_48.1.blif
round 24

0%   10   20   30   40   50   60   70   80   90   100%
|----|----|----|----|----|----|----|----|----|----|
seed = 1567257733 patience = 0
***************************************************
best node n482 best error 0.016377
time = 423830382
c3540_24_0.016377
area = 1507
delay = 48.4
write_blif appntk/c3540_24_0.016377_1507_48.4.blif
round 25

0%   10   20   30   40   50   60   70   80   90   100%
|----|----|----|----|----|----|----|----|----|----|
seed = 1567257749 patience = 0
***************************************************
best node n622 best error 0.0180078
time = 439338107
c3540_25_0.0180078
area = 1502
delay = 48.1
write_blif appntk/c3540_25_0.0180078_1502_48.1.blif
round 26

0%   10   20   30   40   50   60   70   80   90   100%
|----|----|----|----|----|----|----|----|----|----|
seed = 1567257764 patience = 0
***************************************************
best node n616 best error 0.0196777
time = 454386971
c3540_26_0.0196777
area = 1496
delay = 48.1
write_blif appntk/c3540_26_0.0196777_1496_48.1.blif
round 27

0%   10   20   30   40   50   60   70   80   90   100%
|----|----|----|----|----|----|----|----|----|----|
seed = 1567257779 patience = 0
***************************************************
best node n521 best error 0.0206348
time = 469258821
c3540_27_0.0206348
area = 1495
delay = 48.4
write_blif appntk/c3540_27_0.0206348_1495_48.4.blif
round 28

0%   10   20   30   40   50   60   70   80   90   100%
|----|----|----|----|----|----|----|----|----|----|
seed = 1567257794 patience = 0
***************************************************
best node n848 best error 0.0218164
time = 484527305
c3540_28_0.0218164
area = 1497
delay = 48.1
write_blif appntk/c3540_28_0.0218164_1497_48.1.blif
round 29

0%   10   20   30   40   50   60   70   80   90   100%
|----|----|----|----|----|----|----|----|----|----|
seed = 1567257809 patience = 0
***************************************************
best node n724 best error 0.0220801
time = 499356230
c3540_29_0.0220801
area = 1491
delay = 48.1
write_blif appntk/c3540_29_0.0220801_1491_48.1.blif
round 30

0%   10   20   30   40   50   60   70   80   90   100%
|----|----|----|----|----|----|----|----|----|----|
seed = 1567257824 patience = 0
***************************************************
best node n613 best error 0.0236426
time = 513776706
c3540_30_0.0236426
area = 1490
delay = 48.4
write_blif appntk/c3540_30_0.0236426_1490_48.4.blif
round 31

0%   10   20   30   40   50   60   70   80   90   100%
|----|----|----|----|----|----|----|----|----|----|
seed = 1567257839 patience = 0
***************************************************
best node n639 best error 0.0256348
time = 529176680
c3540_31_0.0256348
area = 1484
delay = 49.5
write_blif appntk/c3540_31_0.0256348_1484_49.5.blif
round 32

0%   10   20   30   40   50   60   70   80   90   100%
|----|----|----|----|----|----|----|----|----|----|
seed = 1567257854 patience = 0
***************************************************
best node n656 best error 0.0279004
time = 543317199
c3540_32_0.0279004
area = 1488
delay = 48.1
write_blif appntk/c3540_32_0.0279004_1488_48.1.blif
round 33

0%   10   20   30   40   50   60   70   80   90   100%
|----|----|----|----|----|----|----|----|----|----|
seed = 1567257868 patience = 0
***************************************************
best node n676 best error 0.0280371
time = 557706128
c3540_33_0.0280371
area = 1488
delay = 48.4
write_blif appntk/c3540_33_0.0280371_1488_48.4.blif
round 34

0%   10   20   30   40   50   60   70   80   90   100%
|----|----|----|----|----|----|----|----|----|----|
seed = 1567257883 patience = 0
***************************************************
best node n834 best error 0.0290332
time = 572068113
c3540_34_0.0290332
area = 1481
delay = 49.5
write_blif appntk/c3540_34_0.0290332_1481_49.5.blif
round 35

0%   10   20   30   40   50   60   70   80   90   100%
|----|----|----|----|----|----|----|----|----|----|
seed = 1567257897 patience = 0
***************************************************
best node n871 best error 0.029082
time = 586832225
c3540_35_0.029082
area = 1480
delay = 48.1
write_blif appntk/c3540_35_0.029082_1480_48.1.blif
round 36

0%   10   20   30   40   50   60   70   80   90   100%
|----|----|----|----|----|----|----|----|----|----|
seed = 1567257912 patience = 0
***************************************************
best node n879 best error 0.0296387
time = 601695938
c3540_36_0.0296387
area = 1477
delay = 48.4
write_blif appntk/c3540_36_0.0296387_1477_48.4.blif
round 37

0%   10   20   30   40   50   60   70   80   90   100%
|----|----|----|----|----|----|----|----|----|----|
seed = 1567257927 patience = 0
***************************************************
best node n635 best error 0.0311816
time = 615812172
c3540_37_0.0311816
area = 1477
delay = 47.8
write_blif appntk/c3540_37_0.0311816_1477_47.8.blif
round 38

0%   10   20   30   40   50   60   70   80   90   100%
|----|----|----|----|----|----|----|----|----|----|
seed = 1567257941 patience = 0
***************************************************
best node n408 best error 0.0344434
time = 629372933
c3540_38_0.0344434
area = 1471
delay = 49.1
write_blif appntk/c3540_38_0.0344434_1471_49.1.blif
round 39

0%   10   20   30   40   50   60   70   80   90   100%
|----|----|----|----|----|----|----|----|----|----|
seed = 1567257954 patience = 0
***************************************************
best node n404 best error 0.0353809
time = 643436194
c3540_39_0.0353809
area = 1469
delay = 47.8
write_blif appntk/c3540_39_0.0353809_1469_47.8.blif
round 40

0%   10   20   30   40   50   60   70   80   90   100%
|----|----|----|----|----|----|----|----|----|----|
seed = 1567257969 patience = 0
***************************************************
best node n404 best error 0.036709
time = 657397562
c3540_40_0.036709
area = 1470
delay = 47.8
write_blif appntk/c3540_40_0.036709_1470_47.8.blif
round 41

0%   10   20   30   40   50   60   70   80   90   100%
|----|----|----|----|----|----|----|----|----|----|
seed = 1567257982 patience = 0
***************************************************
best node n728 best error 0.0384473
time = 670911230
c3540_41_0.0384473
area = 1467
delay = 47.8
write_blif appntk/c3540_41_0.0384473_1467_47.8.blif
round 42

0%   10   20   30   40   50   60   70   80   90   100%
|----|----|----|----|----|----|----|----|----|----|
seed = 1567257996 patience = 0
***************************************************
best node n821 best error 0.0384961
time = 684289721
c3540_42_0.0384961
area = 1465
delay = 49.3
write_blif appntk/c3540_42_0.0384961_1465_49.3.blif
round 43

0%   10   20   30   40   50   60   70   80   90   100%
|----|----|----|----|----|----|----|----|----|----|
seed = 1567258009 patience = 0
***************************************************
best node n416 best error 0.0384961
time = 698298658
c3540_43_0.0384961
area = 1461
delay = 49.5
write_blif appntk/c3540_43_0.0384961_1461_49.5.blif
round 44

0%   10   20   30   40   50   60   70   80   90   100%
|----|----|----|----|----|----|----|----|----|----|
seed = 1567258023 patience = 0
***************************************************
best node n416 best error 0.040166
time = 712453901
c3540_44_0.040166
area = 1460
delay = 47.7
write_blif appntk/c3540_44_0.040166_1460_47.7.blif
round 45

0%   10   20   30   40   50   60   70   80   90   100%
|----|----|----|----|----|----|----|----|----|----|
seed = 1567258038 patience = 0
***************************************************
best node n679 best error 0.0403516
time = 725781117
c3540_45_0.0403516
area = 1459
delay = 47.9
write_blif appntk/c3540_45_0.0403516_1459_47.9.blif
round 46

0%   10   20   30   40   50   60   70   80   90   100%
|----|----|----|----|----|----|----|----|----|----|
seed = 1567258051 patience = 0
***************************************************
best node n614 best error 0.0409961
time = 739652836
c3540_46_0.0409961
area = 1453
delay = 51.8
write_blif appntk/c3540_46_0.0409961_1453_51.8.blif
round 47

0%   10   20   30   40   50   60   70   80   90   100%
|----|----|----|----|----|----|----|----|----|----|
seed = 1567258065 patience = 0
***************************************************
best node n614 best error 0.0414355
time = 752854813
c3540_47_0.0414355
area = 1449
delay = 49.2
write_blif appntk/c3540_47_0.0414355_1449_49.2.blif
round 48

0%   10   20   30   40   50   60   70   80   90   100%
|----|----|----|----|----|----|----|----|----|----|
seed = 1567258078 patience = 0
***************************************************
best node n865 best error 0.0436035
time = 766080499
c3540_48_0.0436035
area = 1446
delay = 49.5
write_blif appntk/c3540_48_0.0436035_1446_49.5.blif
round 49

0%   10   20   30   40   50   60   70   80   90   100%
|----|----|----|----|----|----|----|----|----|----|
seed = 1567258091 patience = 0
***************************************************
best node n407 best error 0.0439941
time = 779539724
c3540_49_0.0439941
area = 1431
delay = 48.6
write_blif appntk/c3540_49_0.0439941_1431_48.6.blif
round 50

0%   10   20   30   40   50   60   70   80   90   100%
|----|----|----|----|----|----|----|----|----|----|
seed = 1567258105 patience = 0
***************************************************
best node n562 best error 0.046416
time = 792424151
c3540_50_0.046416
area = 1424
delay = 47.1
write_blif appntk/c3540_50_0.046416_1424_47.1.blif
round 51

0%   10   20   30   40   50   60   70   80   90   100%
|----|----|----|----|----|----|----|----|----|----|
seed = 1567258118 patience = 0
***************************************************
best node n567 best error 0.046416
time = 806791997
c3540_51_0.046416
area = 1415
delay = 49
write_blif appntk/c3540_51_0.046416_1415_49.blif
round 52

0%   10   20   30   40   50   60   70   80   90   100%
|----|----|----|----|----|----|----|----|----|----|
seed = 1567258132 patience = 0
***************************************************
best node n411 best error 0.0464453
time = 820377184
c3540_52_0.0464453
area = 1420
delay = 47.5
write_blif appntk/c3540_52_0.0464453_1420_47.5.blif
round 53

0%   10   20   30   40   50   60   70   80   90   100%
|----|----|----|----|----|----|----|----|----|----|
seed = 1567258145 patience = 0
***************************************************
best node n406 best error 0.0464551
time = 833781162
c3540_53_0.0464551
area = 1414
delay = 50.5
write_blif appntk/c3540_53_0.0464551_1414_50.5.blif
round 54

0%   10   20   30   40   50   60   70   80   90   100%
|----|----|----|----|----|----|----|----|----|----|
seed = 1567258159 patience = 0
***************************************************
best node n750 best error 0.0472363
time = 847108940
c3540_54_0.0472363
area = 1412
delay = 52.3
write_blif appntk/c3540_54_0.0472363_1412_52.3.blif
round 55

0%   10   20   30   40   50   60   70   80   90   100%
|----|----|----|----|----|----|----|----|----|----|
seed = 1567258172 patience = 0
***************************************************
best node n577 best error 0.0489746
time = 860186353
c3540_55_0.0489746
area = 1406
delay = 50.5
write_blif appntk/c3540_55_0.0489746_1406_50.5.blif
round 56

0%   10   20   30   40   50   60   70   80   90   100%
|----|----|----|----|----|----|----|----|----|----|
seed = 1567258185 patience = 0
***************************************************
best node n447 best error 0.0495996
time = 873057095
c3540_56_0.0495996
area = 1404
delay = 50.5
write_blif appntk/c3540_56_0.0495996_1404_50.5.blif
round 57

0%   10   20   30   40   50   60   70   80   90   100%
|----|----|----|----|----|----|----|----|----|----|
seed = 1567258198 patience = 0
***************************************************
best node n462 best error 0.0516504
time = 885644471
