Entered genlib library with 23 gates from file "data/genlib/mcnc.genlib".
Line 20: Skipping line ".default_input_arrival 0.00 0.00 ".
Line 21: Skipping line ".default_output_required 0.00 0.00 ".
Line 22: Skipping line ".default_input_drive 0.10 0.10 ".
Line 23: Skipping line ".default_output_load 2.00 ".
Line 24: Skipping line ".default_max_input_load 999.00 ".
Original area = 2451, original delay = 47.5
round 0

0%   10   20   30   40   50   60   70   80   90   100%
|----|----|----|----|----|----|----|----|----|----|
seed = 1567257324 patience = 0
***************************************************
best node 2054 best error 0
time = 128031781
c5315_0_0
area = 2230
delay = 32.4
write_blif appntk/c5315_0_0_2230_32.4.blif
round 1

0%   10   20   30   40   50   60   70   80   90   100%
|----|----|----|----|----|----|----|----|----|----|
seed = 1567257453 patience = 0
***************************************************
best node n725 best error 0.000947266
time = 181406515
c5315_1_0.000947266
area = 2215
delay = 36.4
write_blif appntk/c5315_1_0.000947266_2215_36.4.blif
round 2

0%   10   20   30   40   50   60   70   80   90   100%
|----|----|----|----|----|----|----|----|----|----|
seed = 1567257506 patience = 0
***************************************************
best node n1097 best error 0.00176758
time = 228508196
c5315_2_0.00176758
area = 2205
delay = 35.8
write_blif appntk/c5315_2_0.00176758_2205_35.8.blif
round 3

0%   10   20   30   40   50   60   70   80   90   100%
|----|----|----|----|----|----|----|----|----|----|
seed = 1567257553 patience = 0
***************************************************
best node n1096 best error 0.00272461
time = 271857642
c5315_3_0.00272461
area = 2207
delay = 34.6
write_blif appntk/c5315_3_0.00272461_2207_34.6.blif
round 4

0%   10   20   30   40   50   60   70   80   90   100%
|----|----|----|----|----|----|----|----|----|----|
seed = 1567257597 patience = 0
***************************************************
best node n910 best error 0.00368164
time = 316868503
c5315_4_0.00368164
area = 2185
delay = 35.6
write_blif appntk/c5315_4_0.00368164_2185_35.6.blif
round 5

0%   10   20   30   40   50   60   70   80   90   100%
|----|----|----|----|----|----|----|----|----|----|
seed = 1567257642 patience = 0
***************************************************
best node n1086 best error 0.00416016
time = 359277269
c5315_5_0.00416016
area = 2171
delay = 34.5
write_blif appntk/c5315_5_0.00416016_2171_34.5.blif
round 6

0%   10   20   30   40   50   60   70   80   90   100%
|----|----|----|----|----|----|----|----|----|----|
seed = 1567257684 patience = 0
***************************************************
best node n605 best error 0.00514648
time = 401249380
c5315_6_0.00514648
area = 2165
delay = 36.4
write_blif appntk/c5315_6_0.00514648_2165_36.4.blif
round 7

0%   10   20   30   40   50   60   70   80   90   100%
|----|----|----|----|----|----|----|----|----|----|
seed = 1567257726 patience = 0
***************************************************
best node n554 best error 0.00705078
time = 442897979
c5315_7_0.00705078
area = 2165
delay = 34.9
write_blif appntk/c5315_7_0.00705078_2165_34.9.blif
round 8

0%   10   20   30   40   50   60   70   80   90   100%
|----|----|----|----|----|----|----|----|----|----|
seed = 1567257768 patience = 0
***************************************************
best node n884 best error 0.00904297
time = 485905364
c5315_8_0.00904297
area = 2161
delay = 36.4
write_blif appntk/c5315_8_0.00904297_2161_36.4.blif
round 9

0%   10   20   30   40   50   60   70   80   90   100%
|----|----|----|----|----|----|----|----|----|----|
seed = 1567257811 patience = 0
***************************************************
best node n881 best error 0.00824219
time = 528578352
c5315_9_0.00824219
area = 2156
delay = 34.9
write_blif appntk/c5315_9_0.00824219_2156_34.9.blif
round 10

0%   10   20   30   40   50   60   70   80   90   100%
|----|----|----|----|----|----|----|----|----|----|
seed = 1567257854 patience = 0
***************************************************
best node n491 best error 0.0132227
time = 569637656
c5315_10_0.0132227
area = 2161
delay = 36.4
write_blif appntk/c5315_10_0.0132227_2161_36.4.blif
round 11

0%   10   20   30   40   50   60   70   80   90   100%
|----|----|----|----|----|----|----|----|----|----|
seed = 1567257895 patience = 0
***************************************************
time = 610144914
c5315_11_0.0132227
area = 2153
delay = 34.9
write_blif appntk/c5315_11_0.0132227_2153_34.9.blif
round 12

0%   10   20   30   40   50   60   70   80   90   100%
|----|----|----|----|----|----|----|----|----|----|
seed = 1567257935 patience = 1
***************************************************
time = 650203063
c5315_12_0.0132227
area = 2155
delay = 36.4
write_blif appntk/c5315_12_0.0132227_2155_36.4.blif
round 13

0%   10   20   30   40   50   60   70   80   90   100%
|----|----|----|----|----|----|----|----|----|----|
seed = 1567257975 patience = 2
***************************************************
best node n403 best error 0.0235547
time = 691136231
c5315_13_0.0235547
area = 2154
delay = 34.9
write_blif appntk/c5315_13_0.0235547_2154_34.9.blif
round 14

0%   10   20   30   40   50   60   70   80   90   100%
|----|----|----|----|----|----|----|----|----|----|
seed = 1567258016 patience = 0
***************************************************
time = 731279550
c5315_14_0.0235547
area = 2157
delay = 36.4
write_blif appntk/c5315_14_0.0235547_2157_36.4.blif
round 15

0%   10   20   30   40   50   60   70   80   90   100%
|----|----|----|----|----|----|----|----|----|----|
seed = 1567258056 patience = 1
***************************************************
time = 771442003
c5315_15_0.0235547
area = 2153
delay = 34.9
write_blif appntk/c5315_15_0.0235547_2153_34.9.blif
round 16

0%   10   20   30   40   50   60   70   80   90   100%
|----|----|----|----|----|----|----|----|----|----|
seed = 1567258096 patience = 2
***************************************************
best node n1443 best error 0.0247559
time = 811917116
c5315_16_0.0247559
area = 2159
delay = 36.4
write_blif appntk/c5315_16_0.0247559_2159_36.4.blif
round 17

0%   10   20   30   40   50   60   70   80   90   100%
|----|----|----|----|----|----|----|----|----|----|
seed = 1567258137 patience = 0
***************************************************
time = 851885787
c5315_17_0.0247559
area = 2145
delay = 37.2
write_blif appntk/c5315_17_0.0247559_2145_37.2.blif
round 18

0%   10   20   30   40   50   60   70   80   90   100%
|----|----|----|----|----|----|----|----|----|----|
seed = 1567258177 patience = 1
***************************************************
time = 891889062
c5315_18_0.0247559
area = 2148
delay = 36.4
write_blif appntk/c5315_18_0.0247559_2148_36.4.blif
round 19

0%   10   20   30   40   50   60   70   80   90   100%
|----|----|----|----|----|----|----|----|----|----|
seed = 1567258217 patience = 2
***************************************************
time = 932132197
c5315_19_0.0247559
area = 2148
delay = 35.4
write_blif appntk/c5315_19_0.0247559_2148_35.4.blif
round 20

0%   10   20   30   40   50   60   70   80   90   100%
|----|----|----|----|----|----|----|----|----|----|
seed = 1567258257 patience = 3
***************************************************
time = 972259567
c5315_20_0.0247559
area = 2156
delay = 36.4
write_blif appntk/c5315_20_0.0247559_2156_36.4.blif
round 21

0%   10   20   30   40   50   60   70   80   90   100%
|----|----|----|----|----|----|----|----|----|----|
seed = 1567258297 patience = 4
***************************************************
Network does not change, frame number changes to 128
time = 1012630930
c5315_21_0.0247559
area = 2142
delay = 35.4
write_blif appntk/c5315_21_0.0247559_2142_35.4.blif
round 22

0%   10   20   30   40   50   60   70   80   90   100%
|----|----|----|----|----|----|----|----|----|----|
seed = 1567258338 patience = 0
***************************************************
best node n1442 best error 0.0261133
time = 1035882962
c5315_22_0.0261133
area = 2147
delay = 36.4
write_blif appntk/c5315_22_0.0261133_2147_36.4.blif
round 23

0%   10   20   30   40   50   60   70   80   90   100%
|----|----|----|----|----|----|----|----|----|----|
seed = 1567258361 patience = 0
***************************************************
best node n1282 best error 0.027373
time = 1058634187
c5315_23_0.027373
area = 2141
delay = 37
write_blif appntk/c5315_23_0.027373_2141_37.blif
round 24

0%   10   20   30   40   50   60   70   80   90   100%
|----|----|----|----|----|----|----|----|----|----|
seed = 1567258384 patience = 0
***************************************************
best node n468 best error 0.0443066
time = 1080943135
c5315_24_0.0443066
area = 2143
delay = 36.4
write_blif appntk/c5315_24_0.0443066_2143_36.4.blif
round 25

0%   10   20   30   40   50   60   70   80   90   100%
|----|----|----|----|----|----|----|----|----|----|
seed = 1567258406 patience = 0
***************************************************
best node n699 best error 0.0516406
time = 1103007952
