Entered genlib library with 23 gates from file "data/genlib/mcnc.genlib".
Line 21: Skipping line ".default_input_arrival 0.00 0.00 ".
Line 22: Skipping line ".default_output_required 0.00 0.00 ".
Line 23: Skipping line ".default_input_drive 0.10 0.10 ".
Line 24: Skipping line ".default_output_load 2.00 ".
Line 25: Skipping line ".default_max_input_load 999.00 ".
Original area = 2756, original delay = 69.4
round 0

0%   10   20   30   40   50   60   70   80   90   100%
|----|----|----|----|----|----|----|----|----|----|
seed = 1567257324 patience = 0
***************************************************
best node [122536] best error 0
time = 152672218
c7552_0_0
area = 2453
delay = 62.1
write_blif appntk/c7552_0_0_2453_62.1.blif
round 1

0%   10   20   30   40   50   60   70   80   90   100%
|----|----|----|----|----|----|----|----|----|----|
seed = 1567257478 patience = 0
***************************************************
best node n895 best error 1.95312e-05
time = 206967696
c7552_1_1.95312e-05
area = 2427
delay = 60.2
write_blif appntk/c7552_1_1.95312e-05_2427_60.2.blif
round 2

0%   10   20   30   40   50   60   70   80   90   100%
|----|----|----|----|----|----|----|----|----|----|
seed = 1567257532 patience = 0
***************************************************
best node n501 best error 1.95312e-05
time = 253237833
c7552_2_1.95312e-05
area = 2407
delay = 58.4
write_blif appntk/c7552_2_1.95312e-05_2407_58.4.blif
round 3

0%   10   20   30   40   50   60   70   80   90   100%
|----|----|----|----|----|----|----|----|----|----|
seed = 1567257578 patience = 0
***************************************************
time = 298789850
c7552_3_1.95312e-05
area = 2419
delay = 59.2
write_blif appntk/c7552_3_1.95312e-05_2419_59.2.blif
round 4

0%   10   20   30   40   50   60   70   80   90   100%
|----|----|----|----|----|----|----|----|----|----|
seed = 1567257624 patience = 1
***************************************************
best node n892 best error 0.00921875
time = 345278082
c7552_4_0.00921875
area = 2388
delay = 58.9
write_blif appntk/c7552_4_0.00921875_2388_58.9.blif
round 5

0%   10   20   30   40   50   60   70   80   90   100%
|----|----|----|----|----|----|----|----|----|----|
seed = 1567257670 patience = 0
***************************************************
best node n1453 best error 0.00921875
time = 389401589
c7552_5_0.00921875
area = 2398
delay = 59.9
write_blif appntk/c7552_5_0.00921875_2398_59.9.blif
round 6

0%   10   20   30   40   50   60   70   80   90   100%
|----|----|----|----|----|----|----|----|----|----|
seed = 1567257715 patience = 0
***************************************************
best node n856 best error 0.00922852
time = 433794656
c7552_6_0.00922852
area = 2402
delay = 58.2
write_blif appntk/c7552_6_0.00922852_2402_58.2.blif
round 7

0%   10   20   30   40   50   60   70   80   90   100%
|----|----|----|----|----|----|----|----|----|----|
seed = 1567257759 patience = 0
***************************************************
best node n531 best error 0.0163965
time = 477818376
c7552_7_0.0163965
area = 2392
delay = 57.1
write_blif appntk/c7552_7_0.0163965_2392_57.1.blif
round 8

0%   10   20   30   40   50   60   70   80   90   100%
|----|----|----|----|----|----|----|----|----|----|
seed = 1567257803 patience = 0
***************************************************
best node n703 best error 0.0174805
time = 521366796
c7552_8_0.0174805
area = 2317
delay = 58.8
write_blif appntk/c7552_8_0.0174805_2317_58.8.blif
round 9

0%   10   20   30   40   50   60   70   80   90   100%
|----|----|----|----|----|----|----|----|----|----|
seed = 1567257847 patience = 0
***************************************************
time = 562185789
c7552_9_0.0174805
area = 2321
delay = 56.2
write_blif appntk/c7552_9_0.0174805_2321_56.2.blif
round 10

0%   10   20   30   40   50   60   70   80   90   100%
|----|----|----|----|----|----|----|----|----|----|
seed = 1567257887 patience = 1
***************************************************
time = 602102215
c7552_10_0.0174805
area = 2335
delay = 58.5
write_blif appntk/c7552_10_0.0174805_2335_58.5.blif
round 11

0%   10   20   30   40   50   60   70   80   90   100%
|----|----|----|----|----|----|----|----|----|----|
seed = 1567257928 patience = 2
***************************************************
best node n1536 best error 0.0174805
time = 642602029
c7552_11_0.0174805
area = 2316
delay = 59.5
write_blif appntk/c7552_11_0.0174805_2316_59.5.blif
round 12

0%   10   20   30   40   50   60   70   80   90   100%
|----|----|----|----|----|----|----|----|----|----|
seed = 1567257968 patience = 0
***************************************************
best node n1517 best error 0.0213574
time = 683456326
c7552_12_0.0213574
area = 2306
delay = 60.3
write_blif appntk/c7552_12_0.0213574_2306_60.3.blif
round 13

0%   10   20   30   40   50   60   70   80   90   100%
|----|----|----|----|----|----|----|----|----|----|
seed = 1567258009 patience = 0
***************************************************
time = 723167511
c7552_13_0.0213574
area = 2316
delay = 56.4
write_blif appntk/c7552_13_0.0213574_2316_56.4.blif
round 14

0%   10   20   30   40   50   60   70   80   90   100%
|----|----|----|----|----|----|----|----|----|----|
seed = 1567258049 patience = 1
***************************************************
time = 763624706
c7552_14_0.0213574
area = 2315
delay = 55.7
write_blif appntk/c7552_14_0.0213574_2315_55.7.blif
round 15

0%   10   20   30   40   50   60   70   80   90   100%
|----|----|----|----|----|----|----|----|----|----|
seed = 1567258090 patience = 2
***************************************************
time = 803609535
c7552_15_0.0213574
area = 2312
delay = 56.4
write_blif appntk/c7552_15_0.0213574_2312_56.4.blif
round 16

0%   10   20   30   40   50   60   70   80   90   100%
|----|----|----|----|----|----|----|----|----|----|
seed = 1567258130 patience = 3
***************************************************
time = 843766354
c7552_16_0.0213574
area = 2316
delay = 58.5
write_blif appntk/c7552_16_0.0213574_2316_58.5.blif
round 17

0%   10   20   30   40   50   60   70   80   90   100%
|----|----|----|----|----|----|----|----|----|----|
seed = 1567258170 patience = 4
***************************************************
best node n1211 best error 0.02875
time = 884387398
c7552_17_0.02875
area = 2240
delay = 56.4
write_blif appntk/c7552_17_0.02875_2240_56.4.blif
round 18

0%   10   20   30   40   50   60   70   80   90   100%
|----|----|----|----|----|----|----|----|----|----|
seed = 1567258211 patience = 0
***************************************************
time = 921489318
c7552_18_0.02875
area = 2234
delay = 57.4
write_blif appntk/c7552_18_0.02875_2234_57.4.blif
round 19

0%   10   20   30   40   50   60   70   80   90   100%
|----|----|----|----|----|----|----|----|----|----|
seed = 1567258248 patience = 1
***************************************************
time = 959011469
c7552_19_0.02875
area = 2237
delay = 57.1
write_blif appntk/c7552_19_0.02875_2237_57.1.blif
round 20

0%   10   20   30   40   50   60   70   80   90   100%
|----|----|----|----|----|----|----|----|----|----|
seed = 1567258285 patience = 2
***************************************************
time = 996785853
c7552_20_0.02875
area = 2238
delay = 57.7
write_blif appntk/c7552_20_0.02875_2238_57.7.blif
round 21

0%   10   20   30   40   50   60   70   80   90   100%
|----|----|----|----|----|----|----|----|----|----|
seed = 1567258323 patience = 3
***************************************************
time = 1033971966
c7552_21_0.02875
area = 2232
delay = 57
write_blif appntk/c7552_21_0.02875_2232_57.blif
round 22

0%   10   20   30   40   50   60   70   80   90   100%
|----|----|----|----|----|----|----|----|----|----|
seed = 1567258360 patience = 4
***************************************************
Network does not change, frame number changes to 128
time = 1071492596
c7552_22_0.02875
area = 2236
delay = 59.3
write_blif appntk/c7552_22_0.02875_2236_59.3.blif
round 23

0%   10   20   30   40   50   60   70   80   90   100%
|----|----|----|----|----|----|----|----|----|----|
seed = 1567258398 patience = 0
***************************************************
best node n538 best error 0.0366797
time = 1093028017
c7552_23_0.0366797
area = 2232
delay = 44.9
write_blif appntk/c7552_23_0.0366797_2232_44.9.blif
round 24

0%   10   20   30   40   50   60   70   80   90   100%
|----|----|----|----|----|----|----|----|----|----|
seed = 1567258419 patience = 0
***************************************************
best node n498 best error 0.0436523
time = 1116475023
c7552_24_0.0436523
area = 2219
delay = 43.5
write_blif appntk/c7552_24_0.0436523_2219_43.5.blif
round 25

0%   10   20   30   40   50   60   70   80   90   100%
|----|----|----|----|----|----|----|----|----|----|
seed = 1567258443 patience = 0
***************************************************
best node n451 best error 0.0699023
time = 1139653855
