Entered genlib library with 23 gates from file "data/genlib/mcnc.genlib".
Line 11: Skipping line ".default_input_arrival 0.00 0.00 ".
Line 12: Skipping line ".default_output_required 0.00 0.00 ".
Line 13: Skipping line ".default_input_drive 0.10 0.10 ".
Line 14: Skipping line ".default_output_load 2.00 ".
Line 15: Skipping line ".default_max_input_load 999.00 ".
Original area = 958, original delay = 38.5
round 0

0%   10   20   30   40   50   60   70   80   90   100%
|----|----|----|----|----|----|----|----|----|----|
seed = 1567257324 patience = 0
***************************************************
best node sum[0] best error 0
time = 14936787
cla32_0_0
area = 797
delay = 38.2
write_blif appntk/cla32_0_0_797_38.2.blif
round 1

0%   10   20   30   40   50   60   70   80   90   100%
|----|----|----|----|----|----|----|----|----|----|
seed = 1567257339 patience = 0
***************************************************
best node n159 best error 0
time = 22770057
cla32_1_0
area = 850
delay = 29
write_blif appntk/cla32_1_0_850_29.blif
round 2

0%   10   20   30   40   50   60   70   80   90   100%
|----|----|----|----|----|----|----|----|----|----|
seed = 1567257347 patience = 0
***************************************************
best node n254 best error 0
time = 30535752
cla32_2_0
area = 835
delay = 31.6
write_blif appntk/cla32_2_0_835_31.6.blif
round 3

0%   10   20   30   40   50   60   70   80   90   100%
|----|----|----|----|----|----|----|----|----|----|
seed = 1567257355 patience = 0
***************************************************
best node n485 best error 0
time = 39538986
cla32_3_0
area = 810
delay = 28.6
write_blif appntk/cla32_3_0_810_28.6.blif
round 4

0%   10   20   30   40   50   60   70   80   90   100%
|----|----|----|----|----|----|----|----|----|----|
seed = 1567257364 patience = 0
***************************************************
best node n442 best error 1.95312e-05
time = 45853838
cla32_4_1.95312e-05
area = 776
delay = 28.7
write_blif appntk/cla32_4_1.95312e-05_776_28.7.blif
round 5

0%   10   20   30   40   50   60   70   80   90   100%
|----|----|----|----|----|----|----|----|----|----|
seed = 1567257370 patience = 0
***************************************************
best node n411 best error 5.85937e-05
time = 53640628
cla32_5_5.85937e-05
area = 764
delay = 27
write_blif appntk/cla32_5_5.85937e-05_764_27.blif
round 6

0%   10   20   30   40   50   60   70   80   90   100%
|----|----|----|----|----|----|----|----|----|----|
seed = 1567257378 patience = 0
***************************************************
best node n407 best error 8.78906e-05
time = 61509230
cla32_6_8.78906e-05
area = 747
delay = 27
write_blif appntk/cla32_6_8.78906e-05_747_27.blif
round 7

0%   10   20   30   40   50   60   70   80   90   100%
|----|----|----|----|----|----|----|----|----|----|
seed = 1567257386 patience = 0
***************************************************
best node n431 best error 8.78906e-05
time = 68207437
cla32_7_8.78906e-05
area = 746
delay = 28.7
write_blif appntk/cla32_7_8.78906e-05_746_28.7.blif
round 8

0%   10   20   30   40   50   60   70   80   90   100%
|----|----|----|----|----|----|----|----|----|----|
seed = 1567257392 patience = 0
***************************************************
best node n304 best error 8.78906e-05
time = 74997624
cla32_8_8.78906e-05
area = 746
delay = 30.7
write_blif appntk/cla32_8_8.78906e-05_746_30.7.blif
round 9

0%   10   20   30   40   50   60   70   80   90   100%
|----|----|----|----|----|----|----|----|----|----|
seed = 1567257399 patience = 0
***************************************************
best node n325 best error 8.78906e-05
time = 82204178
cla32_9_8.78906e-05
area = 720
delay = 26.3
write_blif appntk/cla32_9_8.78906e-05_720_26.3.blif
round 10

0%   10   20   30   40   50   60   70   80   90   100%
|----|----|----|----|----|----|----|----|----|----|
seed = 1567257406 patience = 0
***************************************************
best node n430 best error 8.78906e-05
time = 87402713
cla32_10_8.78906e-05
area = 723
delay = 26.5
write_blif appntk/cla32_10_8.78906e-05_723_26.5.blif
round 11

0%   10   20   30   40   50   60   70   80   90   100%
|----|----|----|----|----|----|----|----|----|----|
seed = 1567257411 patience = 0
***************************************************
best node n311 best error 0.000107422
time = 92776195
cla32_11_0.000107422
area = 720
delay = 28.1
write_blif appntk/cla32_11_0.000107422_720_28.1.blif
round 12

0%   10   20   30   40   50   60   70   80   90   100%
|----|----|----|----|----|----|----|----|----|----|
seed = 1567257417 patience = 0
***************************************************
best node n306 best error 0.000107422
time = 97828912
cla32_12_0.000107422
area = 721
delay = 28.1
write_blif appntk/cla32_12_0.000107422_721_28.1.blif
round 13

0%   10   20   30   40   50   60   70   80   90   100%
|----|----|----|----|----|----|----|----|----|----|
seed = 1567257422 patience = 0
***************************************************
best node n365 best error 0.000175781
time = 102826194
cla32_13_0.000175781
area = 711
delay = 28.1
write_blif appntk/cla32_13_0.000175781_711_28.1.blif
round 14

0%   10   20   30   40   50   60   70   80   90   100%
|----|----|----|----|----|----|----|----|----|----|
seed = 1567257427 patience = 0
***************************************************
best node n367 best error 0.000175781
time = 108852192
cla32_14_0.000175781
area = 705
delay = 26.2
write_blif appntk/cla32_14_0.000175781_705_26.2.blif
round 15

0%   10   20   30   40   50   60   70   80   90   100%
|----|----|----|----|----|----|----|----|----|----|
seed = 1567257433 patience = 0
***************************************************
best node n258 best error 0.000332031
time = 115133263
cla32_15_0.000332031
area = 694
delay = 28.5
write_blif appntk/cla32_15_0.000332031_694_28.5.blif
round 16

0%   10   20   30   40   50   60   70   80   90   100%
|----|----|----|----|----|----|----|----|----|----|
seed = 1567257439 patience = 0
***************************************************
best node n256 best error 0.000332031
time = 119884606
cla32_16_0.000332031
area = 693
delay = 27.1
write_blif appntk/cla32_16_0.000332031_693_27.1.blif
round 17

0%   10   20   30   40   50   60   70   80   90   100%
|----|----|----|----|----|----|----|----|----|----|
seed = 1567257444 patience = 0
***************************************************
best node n357 best error 0.000625
time = 124409566
cla32_17_0.000625
area = 632
delay = 36.4
write_blif appntk/cla32_17_0.000625_632_36.4.blif
round 18

0%   10   20   30   40   50   60   70   80   90   100%
|----|----|----|----|----|----|----|----|----|----|
seed = 1567257449 patience = 0
***************************************************
best node n326 best error 0.00217773
time = 130664178
cla32_18_0.00217773
area = 656
delay = 27.4
write_blif appntk/cla32_18_0.00217773_656_27.4.blif
round 19

0%   10   20   30   40   50   60   70   80   90   100%
|----|----|----|----|----|----|----|----|----|----|
seed = 1567257455 patience = 0
***************************************************
best node n327 best error 0.00217773
time = 136565375
cla32_19_0.00217773
area = 653
delay = 27.4
write_blif appntk/cla32_19_0.00217773_653_27.4.blif
round 20

0%   10   20   30   40   50   60   70   80   90   100%
|----|----|----|----|----|----|----|----|----|----|
seed = 1567257461 patience = 0
***************************************************
best node n325 best error 0.00217773
time = 142344250
cla32_20_0.00217773
area = 634
delay = 30.4
write_blif appntk/cla32_20_0.00217773_634_30.4.blif
round 21

0%   10   20   30   40   50   60   70   80   90   100%
|----|----|----|----|----|----|----|----|----|----|
seed = 1567257467 patience = 0
***************************************************
best node n409 best error 0.00217773
time = 147445509
cla32_21_0.00217773
area = 611
delay = 26.9
write_blif appntk/cla32_21_0.00217773_611_26.9.blif
round 22

0%   10   20   30   40   50   60   70   80   90   100%
|----|----|----|----|----|----|----|----|----|----|
seed = 1567257472 patience = 0
***************************************************
time = 150929893
cla32_22_0.00217773
area = 611
delay = 26.9
write_blif appntk/cla32_22_0.00217773_611_26.9.blif
round 23

0%   10   20   30   40   50   60   70   80   90   100%
|----|----|----|----|----|----|----|----|----|----|
seed = 1567257475 patience = 1
***************************************************
time = 154445522
cla32_23_0.00217773
area = 611
delay = 26.9
write_blif appntk/cla32_23_0.00217773_611_26.9.blif
round 24

0%   10   20   30   40   50   60   70   80   90   100%
|----|----|----|----|----|----|----|----|----|----|
seed = 1567257479 patience = 2
***************************************************
time = 159287995
cla32_24_0.00217773
area = 611
delay = 26.9
write_blif appntk/cla32_24_0.00217773_611_26.9.blif
round 25

0%   10   20   30   40   50   60   70   80   90   100%
|----|----|----|----|----|----|----|----|----|----|
seed = 1567257483 patience = 3
***************************************************
time = 164070054
cla32_25_0.00217773
area = 611
delay = 26.9
write_blif appntk/cla32_25_0.00217773_611_26.9.blif
round 26

0%   10   20   30   40   50   60   70   80   90   100%
|----|----|----|----|----|----|----|----|----|----|
seed = 1567257488 patience = 4
***************************************************
Network does not change, frame number changes to 128
time = 168117962
cla32_26_0.00217773
area = 611
delay = 26.9
write_blif appntk/cla32_26_0.00217773_611_26.9.blif
round 27

0%   10   20   30   40   50   60   70   80   90   100%
|----|----|----|----|----|----|----|----|----|----|
seed = 1567257492 patience = 0
***************************************************
best node n213 best error 0.00588867
time = 171129538
cla32_27_0.00588867
area = 614
delay = 26.9
write_blif appntk/cla32_27_0.00588867_614_26.9.blif
round 28

0%   10   20   30   40   50   60   70   80   90   100%
|----|----|----|----|----|----|----|----|----|----|
seed = 1567257495 patience = 0
***************************************************
best node n211 best error 0.00588867
time = 174139808
cla32_28_0.00588867
area = 603
delay = 26.9
write_blif appntk/cla32_28_0.00588867_603_26.9.blif
round 29

0%   10   20   30   40   50   60   70   80   90   100%
|----|----|----|----|----|----|----|----|----|----|
seed = 1567257498 patience = 0
***************************************************
time = 176962963
cla32_29_0.00588867
area = 603
delay = 26.9
write_blif appntk/cla32_29_0.00588867_603_26.9.blif
round 30

0%   10   20   30   40   50   60   70   80   90   100%
|----|----|----|----|----|----|----|----|----|----|
seed = 1567257501 patience = 1
***************************************************
time = 179812652
cla32_30_0.00588867
area = 603
delay = 26.9
write_blif appntk/cla32_30_0.00588867_603_26.9.blif
round 31

0%   10   20   30   40   50   60   70   80   90   100%
|----|----|----|----|----|----|----|----|----|----|
seed = 1567257504 patience = 2
***************************************************
best node n176 best error 0.021377
time = 182779515
cla32_31_0.021377
area = 600
delay = 26.2
write_blif appntk/cla32_31_0.021377_600_26.2.blif
round 32

0%   10   20   30   40   50   60   70   80   90   100%
|----|----|----|----|----|----|----|----|----|----|
seed = 1567257507 patience = 0
***************************************************
time = 185646764
cla32_32_0.021377
area = 600
delay = 26.2
write_blif appntk/cla32_32_0.021377_600_26.2.blif
round 33

0%   10   20   30   40   50   60   70   80   90   100%
|----|----|----|----|----|----|----|----|----|----|
seed = 1567257510 patience = 1
***************************************************
time = 188488575
cla32_33_0.021377
area = 600
delay = 26.2
write_blif appntk/cla32_33_0.021377_600_26.2.blif
round 34

0%   10   20   30   40   50   60   70   80   90   100%
|----|----|----|----|----|----|----|----|----|----|
seed = 1567257513 patience = 2
***************************************************
time = 191291039
cla32_34_0.021377
area = 600
delay = 26.2
write_blif appntk/cla32_34_0.021377_600_26.2.blif
round 35

0%   10   20   30   40   50   60   70   80   90   100%
|----|----|----|----|----|----|----|----|----|----|
seed = 1567257515 patience = 3
***************************************************
time = 194081612
cla32_35_0.021377
area = 600
delay = 26.2
write_blif appntk/cla32_35_0.021377_600_26.2.blif
round 36

0%   10   20   30   40   50   60   70   80   90   100%
|----|----|----|----|----|----|----|----|----|----|
seed = 1567257518 patience = 4
***************************************************
Network does not change, frame number changes to 64
time = 196865394
cla32_36_0.021377
area = 600
delay = 26.2
write_blif appntk/cla32_36_0.021377_600_26.2.blif
round 37

0%   10   20   30   40   50   60   70   80   90   100%
|----|----|----|----|----|----|----|----|----|----|
seed = 1567257521 patience = 0
***************************************************
best node n209 best error 0.0369629
time = 198492007
cla32_37_0.0369629
area = 599
delay = 26.2
write_blif appntk/cla32_37_0.0369629_599_26.2.blif
round 38

0%   10   20   30   40   50   60   70   80   90   100%
|----|----|----|----|----|----|----|----|----|----|
seed = 1567257523 patience = 0
***************************************************
best node n245 best error 0.068584
time = 200070569
