Entered genlib library with 23 gates from file "data/genlib/mcnc.genlib".
Line 11: Skipping line ".default_input_arrival 0.00 0.00 ".
Line 12: Skipping line ".default_output_required 0.00 0.00 ".
Line 13: Skipping line ".default_input_drive 0.10 0.10 ".
Line 14: Skipping line ".default_output_load 2.00 ".
Line 15: Skipping line ".default_max_input_load 999.00 ".
Original area = 1128, original delay = 17.8
round 0

0%   10   20   30   40   50   60   70   80   90   100%
|----|----|----|----|----|----|----|----|----|----|
seed = 1567257324 patience = 0
***************************************************
best node sum[0] best error 0
time = 22112961
ksa32_0_0
area = 1012
delay = 17
write_blif appntk/ksa32_0_0_1012_17.blif
round 1

0%   10   20   30   40   50   60   70   80   90   100%
|----|----|----|----|----|----|----|----|----|----|
seed = 1567257347 patience = 0
***************************************************
best node n467 best error 0
time = 41287417
ksa32_1_0
area = 1014
delay = 16.6
write_blif appntk/ksa32_1_0_1014_16.6.blif
round 2

0%   10   20   30   40   50   60   70   80   90   100%
|----|----|----|----|----|----|----|----|----|----|
seed = 1567257366 patience = 0
***************************************************
best node n500 best error 0
time = 60227408
ksa32_2_0
area = 1002
delay = 16.6
write_blif appntk/ksa32_2_0_1002_16.6.blif
round 3

0%   10   20   30   40   50   60   70   80   90   100%
|----|----|----|----|----|----|----|----|----|----|
seed = 1567257385 patience = 0
***************************************************
best node n516 best error 0
time = 76538233
ksa32_3_0
area = 994
delay = 17.4
write_blif appntk/ksa32_3_0_994_17.4.blif
round 4

0%   10   20   30   40   50   60   70   80   90   100%
|----|----|----|----|----|----|----|----|----|----|
seed = 1567257401 patience = 0
***************************************************
best node n445 best error 9.76562e-06
time = 95428139
ksa32_4_9.76562e-06
area = 994
delay = 16.6
write_blif appntk/ksa32_4_9.76562e-06_994_16.6.blif
round 5

0%   10   20   30   40   50   60   70   80   90   100%
|----|----|----|----|----|----|----|----|----|----|
seed = 1567257420 patience = 0
***************************************************
best node n589 best error 9.76562e-06
time = 114724200
ksa32_5_9.76562e-06
area = 972
delay = 17.2
write_blif appntk/ksa32_5_9.76562e-06_972_17.2.blif
round 6

0%   10   20   30   40   50   60   70   80   90   100%
|----|----|----|----|----|----|----|----|----|----|
seed = 1567257439 patience = 0
***************************************************
best node n476 best error 1.95312e-05
time = 133108395
ksa32_6_1.95312e-05
area = 966
delay = 17.2
write_blif appntk/ksa32_6_1.95312e-05_966_17.2.blif
round 7

0%   10   20   30   40   50   60   70   80   90   100%
|----|----|----|----|----|----|----|----|----|----|
seed = 1567257458 patience = 0
***************************************************
best node n525 best error 2.92969e-05
time = 149607206
ksa32_7_2.92969e-05
area = 957
delay = 17.2
write_blif appntk/ksa32_7_2.92969e-05_957_17.2.blif
round 8

0%   10   20   30   40   50   60   70   80   90   100%
|----|----|----|----|----|----|----|----|----|----|
seed = 1567257474 patience = 0
***************************************************
best node n542 best error 3.90625e-05
time = 162942365
ksa32_8_3.90625e-05
area = 980
delay = 17.2
write_blif appntk/ksa32_8_3.90625e-05_980_17.2.blif
round 9

0%   10   20   30   40   50   60   70   80   90   100%
|----|----|----|----|----|----|----|----|----|----|
seed = 1567257487 patience = 0
***************************************************
best node n559 best error 4.88281e-05
time = 175412524
ksa32_9_4.88281e-05
area = 981
delay = 17
write_blif appntk/ksa32_9_4.88281e-05_981_17.blif
round 10

0%   10   20   30   40   50   60   70   80   90   100%
|----|----|----|----|----|----|----|----|----|----|
seed = 1567257500 patience = 0
***************************************************
best node n383 best error 9.76563e-05
time = 187713864
ksa32_10_9.76563e-05
area = 975
delay = 17
write_blif appntk/ksa32_10_9.76563e-05_975_17.blif
round 11

0%   10   20   30   40   50   60   70   80   90   100%
|----|----|----|----|----|----|----|----|----|----|
seed = 1567257512 patience = 0
***************************************************
best node n496 best error 0.000185547
time = 199813607
ksa32_11_0.000185547
area = 932
delay = 16.7
write_blif appntk/ksa32_11_0.000185547_932_16.7.blif
round 12

0%   10   20   30   40   50   60   70   80   90   100%
|----|----|----|----|----|----|----|----|----|----|
seed = 1567257524 patience = 0
***************************************************
best node n473 best error 0.000263672
time = 210866911
ksa32_12_0.000263672
area = 933
delay = 15.5
write_blif appntk/ksa32_12_0.000263672_933_15.5.blif
round 13

0%   10   20   30   40   50   60   70   80   90   100%
|----|----|----|----|----|----|----|----|----|----|
seed = 1567257535 patience = 0
***************************************************
best node n456 best error 0.0003125
time = 222011764
ksa32_13_0.0003125
area = 914
delay = 15.5
write_blif appntk/ksa32_13_0.0003125_914_15.5.blif
round 14

0%   10   20   30   40   50   60   70   80   90   100%
|----|----|----|----|----|----|----|----|----|----|
seed = 1567257546 patience = 0
***************************************************
best node n314 best error 0.00207031
time = 232046648
ksa32_14_0.00207031
area = 904
delay = 15.5
write_blif appntk/ksa32_14_0.00207031_904_15.5.blif
round 15

0%   10   20   30   40   50   60   70   80   90   100%
|----|----|----|----|----|----|----|----|----|----|
seed = 1567257556 patience = 0
***************************************************
best node n138 best error 0.00207031
time = 241648263
ksa32_15_0.00207031
area = 901
delay = 15.5
write_blif appntk/ksa32_15_0.00207031_901_15.5.blif
round 16

0%   10   20   30   40   50   60   70   80   90   100%
|----|----|----|----|----|----|----|----|----|----|
seed = 1567257566 patience = 0
***************************************************
best node n499 best error 0.00207031
time = 251850312
ksa32_16_0.00207031
area = 895
delay = 15.5
write_blif appntk/ksa32_16_0.00207031_895_15.5.blif
round 17

0%   10   20   30   40   50   60   70   80   90   100%
|----|----|----|----|----|----|----|----|----|----|
seed = 1567257576 patience = 0
***************************************************
best node n325 best error 0.00207031
time = 261290618
ksa32_17_0.00207031
area = 883
delay = 15.1
write_blif appntk/ksa32_17_0.00207031_883_15.1.blif
round 18

0%   10   20   30   40   50   60   70   80   90   100%
|----|----|----|----|----|----|----|----|----|----|
seed = 1567257586 patience = 0
***************************************************
best node n424 best error 0.0025
time = 270187195
ksa32_18_0.0025
area = 882
delay = 16.8
write_blif appntk/ksa32_18_0.0025_882_16.8.blif
round 19

0%   10   20   30   40   50   60   70   80   90   100%
|----|----|----|----|----|----|----|----|----|----|
seed = 1567257595 patience = 0
***************************************************
best node n293 best error 0.0025
time = 279486285
ksa32_19_0.0025
area = 863
delay = 16.2
write_blif appntk/ksa32_19_0.0025_863_16.2.blif
round 20

0%   10   20   30   40   50   60   70   80   90   100%
|----|----|----|----|----|----|----|----|----|----|
seed = 1567257604 patience = 0
***************************************************
best node n430 best error 0.0025
time = 288094500
ksa32_20_0.0025
area = 860
delay = 16.5
write_blif appntk/ksa32_20_0.0025_860_16.5.blif
round 21

0%   10   20   30   40   50   60   70   80   90   100%
|----|----|----|----|----|----|----|----|----|----|
seed = 1567257612 patience = 0
***************************************************
best node n380 best error 0.0034082
time = 296270700
ksa32_21_0.0034082
area = 856
delay = 16.8
write_blif appntk/ksa32_21_0.0034082_856_16.8.blif
round 22

0%   10   20   30   40   50   60   70   80   90   100%
|----|----|----|----|----|----|----|----|----|----|
seed = 1567257621 patience = 0
***************************************************
best node n414 best error 0.00474609
time = 305295277
ksa32_22_0.00474609
area = 849
delay = 16.8
write_blif appntk/ksa32_22_0.00474609_849_16.8.blif
round 23

0%   10   20   30   40   50   60   70   80   90   100%
|----|----|----|----|----|----|----|----|----|----|
seed = 1567257630 patience = 0
***************************************************
best node n438 best error 0.00474609
time = 313634852
ksa32_23_0.00474609
area = 850
delay = 16.4
write_blif appntk/ksa32_23_0.00474609_850_16.4.blif
round 24

0%   10   20   30   40   50   60   70   80   90   100%
|----|----|----|----|----|----|----|----|----|----|
seed = 1567257638 patience = 0
***************************************************
best node n376 best error 0.00536133
time = 321592219
ksa32_24_0.00536133
area = 844
delay = 16.1
write_blif appntk/ksa32_24_0.00536133_844_16.1.blif
round 25

0%   10   20   30   40   50   60   70   80   90   100%
|----|----|----|----|----|----|----|----|----|----|
seed = 1567257646 patience = 0
***************************************************
best node n389 best error 0.00620117
time = 329922442
ksa32_25_0.00620117
area = 849
delay = 17.6
write_blif appntk/ksa32_25_0.00620117_849_17.6.blif
round 26

0%   10   20   30   40   50   60   70   80   90   100%
|----|----|----|----|----|----|----|----|----|----|
seed = 1567257654 patience = 0
***************************************************
best node n322 best error 0.0074707
time = 337517621
ksa32_26_0.0074707
area = 839
delay = 17.6
write_blif appntk/ksa32_26_0.0074707_839_17.6.blif
round 27

0%   10   20   30   40   50   60   70   80   90   100%
|----|----|----|----|----|----|----|----|----|----|
seed = 1567257662 patience = 0
***************************************************
best node n376 best error 0.00797852
time = 345487830
ksa32_27_0.00797852
area = 821
delay = 17.6
write_blif appntk/ksa32_27_0.00797852_821_17.6.blif
round 28

0%   10   20   30   40   50   60   70   80   90   100%
|----|----|----|----|----|----|----|----|----|----|
seed = 1567257670 patience = 0
***************************************************
best node n339 best error 0.00879883
time = 352725644
ksa32_28_0.00879883
area = 814
delay = 17.6
write_blif appntk/ksa32_28_0.00879883_814_17.6.blif
round 29

0%   10   20   30   40   50   60   70   80   90   100%
|----|----|----|----|----|----|----|----|----|----|
seed = 1567257677 patience = 0
***************************************************
best node n345 best error 0.00879883
time = 359629157
ksa32_29_0.00879883
area = 811
delay = 17.6
write_blif appntk/ksa32_29_0.00879883_811_17.6.blif
round 30

0%   10   20   30   40   50   60   70   80   90   100%
|----|----|----|----|----|----|----|----|----|----|
seed = 1567257684 patience = 0
***************************************************
best node n271 best error 0.00983398
time = 366406226
ksa32_30_0.00983398
area = 804
delay = 17.6
write_blif appntk/ksa32_30_0.00983398_804_17.6.blif
round 31

0%   10   20   30   40   50   60   70   80   90   100%
|----|----|----|----|----|----|----|----|----|----|
seed = 1567257691 patience = 0
***************************************************
best node n491 best error 0.0107324
time = 372777338
ksa32_31_0.0107324
area = 803
delay = 17.6
write_blif appntk/ksa32_31_0.0107324_803_17.6.blif
round 32

0%   10   20   30   40   50   60   70   80   90   100%
|----|----|----|----|----|----|----|----|----|----|
seed = 1567257697 patience = 0
***************************************************
best node n486 best error 0.00983398
time = 379092105
ksa32_32_0.00983398
area = 794
delay = 16.4
write_blif appntk/ksa32_32_0.00983398_794_16.4.blif
round 33

0%   10   20   30   40   50   60   70   80   90   100%
|----|----|----|----|----|----|----|----|----|----|
seed = 1567257703 patience = 0
***************************************************
best node n265 best error 0.0102344
time = 385288048
ksa32_33_0.0102344
area = 785
delay = 16
write_blif appntk/ksa32_33_0.0102344_785_16.blif
round 34

0%   10   20   30   40   50   60   70   80   90   100%
|----|----|----|----|----|----|----|----|----|----|
seed = 1567257710 patience = 0
***************************************************
best node n135 best error 0.0102344
time = 391338266
ksa32_34_0.0102344
area = 774
delay = 16.4
write_blif appntk/ksa32_34_0.0102344_774_16.4.blif
round 35

0%   10   20   30   40   50   60   70   80   90   100%
|----|----|----|----|----|----|----|----|----|----|
seed = 1567257716 patience = 0
***************************************************
best node n211 best error 0.0118164
time = 396734305
ksa32_35_0.0118164
area = 771
delay = 16
write_blif appntk/ksa32_35_0.0118164_771_16.blif
round 36

0%   10   20   30   40   50   60   70   80   90   100%
|----|----|----|----|----|----|----|----|----|----|
seed = 1567257721 patience = 0
***************************************************
best node n458 best error 0.0118164
time = 402172312
ksa32_36_0.0118164
area = 759
delay = 16.4
write_blif appntk/ksa32_36_0.0118164_759_16.4.blif
round 37

0%   10   20   30   40   50   60   70   80   90   100%
|----|----|----|----|----|----|----|----|----|----|
seed = 1567257726 patience = 0
***************************************************
best node n437 best error 0.0135938
time = 407152431
ksa32_37_0.0135938
area = 751
delay = 17.6
write_blif appntk/ksa32_37_0.0135938_751_17.6.blif
round 38

0%   10   20   30   40   50   60   70   80   90   100%
|----|----|----|----|----|----|----|----|----|----|
seed = 1567257731 patience = 0
***************************************************
best node n255 best error 0.0183203
time = 412036946
ksa32_38_0.0183203
area = 747
delay = 17.6
write_blif appntk/ksa32_38_0.0183203_747_17.6.blif
round 39

0%   10   20   30   40   50   60   70   80   90   100%
|----|----|----|----|----|----|----|----|----|----|
seed = 1567257736 patience = 0
***************************************************
best node n176 best error 0.0183203
time = 416706771
ksa32_39_0.0183203
area = 733
delay = 17.6
write_blif appntk/ksa32_39_0.0183203_733_17.6.blif
round 40

0%   10   20   30   40   50   60   70   80   90   100%
|----|----|----|----|----|----|----|----|----|----|
seed = 1567257741 patience = 0
***************************************************
best node n322 best error 0.0212598
time = 421723510
ksa32_40_0.0212598
area = 730
delay = 15.9
write_blif appntk/ksa32_40_0.0212598_730_15.9.blif
round 41

0%   10   20   30   40   50   60   70   80   90   100%
|----|----|----|----|----|----|----|----|----|----|
seed = 1567257746 patience = 0
***************************************************
best node n309 best error 0.025459
time = 426603914
ksa32_41_0.025459
area = 728
delay = 15.9
write_blif appntk/ksa32_41_0.025459_728_15.9.blif
round 42

0%   10   20   30   40   50   60   70   80   90   100%
|----|----|----|----|----|----|----|----|----|----|
seed = 1567257751 patience = 0
***************************************************
best node n387 best error 0.0319824
time = 431229319
ksa32_42_0.0319824
area = 724
delay = 16.2
write_blif appntk/ksa32_42_0.0319824_724_16.2.blif
round 43

0%   10   20   30   40   50   60   70   80   90   100%
|----|----|----|----|----|----|----|----|----|----|
seed = 1567257756 patience = 0
***************************************************
time = 435316069
ksa32_43_0.0319824
area = 723
delay = 15.9
write_blif appntk/ksa32_43_0.0319824_723_15.9.blif
round 44

0%   10   20   30   40   50   60   70   80   90   100%
|----|----|----|----|----|----|----|----|----|----|
seed = 1567257760 patience = 1
***************************************************
best node n292 best error 0.037666
time = 439788135
ksa32_44_0.037666
area = 722
delay = 15.9
write_blif appntk/ksa32_44_0.037666_722_15.9.blif
round 45

0%   10   20   30   40   50   60   70   80   90   100%
|----|----|----|----|----|----|----|----|----|----|
seed = 1567257764 patience = 0
***************************************************
best node n394 best error 0.0406445
time = 444249197
ksa32_45_0.0406445
area = 698
delay = 15.9
write_blif appntk/ksa32_45_0.0406445_698_15.9.blif
round 46

0%   10   20   30   40   50   60   70   80   90   100%
|----|----|----|----|----|----|----|----|----|----|
seed = 1567257769 patience = 0
***************************************************
best node n337 best error 0.0406445
time = 447951923
ksa32_46_0.0406445
area = 691
delay = 15.9
write_blif appntk/ksa32_46_0.0406445_691_15.9.blif
round 47

0%   10   20   30   40   50   60   70   80   90   100%
|----|----|----|----|----|----|----|----|----|----|
seed = 1567257772 patience = 0
***************************************************
time = 451460878
ksa32_47_0.0406445
area = 689
delay = 15.9
write_blif appntk/ksa32_47_0.0406445_689_15.9.blif
round 48

0%   10   20   30   40   50   60   70   80   90   100%
|----|----|----|----|----|----|----|----|----|----|
seed = 1567257776 patience = 1
***************************************************
time = 454971280
ksa32_48_0.0406445
area = 689
delay = 15.9
write_blif appntk/ksa32_48_0.0406445_689_15.9.blif
round 49

0%   10   20   30   40   50   60   70   80   90   100%
|----|----|----|----|----|----|----|----|----|----|
seed = 1567257779 patience = 2
***************************************************
best node n289 best error 0.0477637
time = 458611597
ksa32_49_0.0477637
area = 677
delay = 15.9
write_blif appntk/ksa32_49_0.0477637_677_15.9.blif
round 50

0%   10   20   30   40   50   60   70   80   90   100%
|----|----|----|----|----|----|----|----|----|----|
seed = 1567257783 patience = 0
***************************************************
best node n260 best error 0.0477637
time = 462279626
ksa32_50_0.0477637
area = 673
delay = 15.9
write_blif appntk/ksa32_50_0.0477637_673_15.9.blif
round 51

0%   10   20   30   40   50   60   70   80   90   100%
|----|----|----|----|----|----|----|----|----|----|
seed = 1567257787 patience = 0
***************************************************
time = 465728491
ksa32_51_0.0477637
area = 673
delay = 15.9
write_blif appntk/ksa32_51_0.0477637_673_15.9.blif
round 52

0%   10   20   30   40   50   60   70   80   90   100%
|----|----|----|----|----|----|----|----|----|----|
seed = 1567257790 patience = 1
***************************************************
time = 469464173
ksa32_52_0.0477637
area = 673
delay = 15.9
write_blif appntk/ksa32_52_0.0477637_673_15.9.blif
round 53

0%   10   20   30   40   50   60   70   80   90   100%
|----|----|----|----|----|----|----|----|----|----|
seed = 1567257794 patience = 2
***************************************************
best node n141 best error 0.0694238
time = 473378456
