Entered genlib library with 23 gates from file "data/genlib/mcnc.genlib".
Line 7: Skipping line ".default_input_arrival 0.00 0.00 ".
Line 8: Skipping line ".default_output_required 0.00 0.00 ".
Line 9: Skipping line ".default_input_drive 0.10 0.10 ".
Line 10: Skipping line ".default_output_load 2.00 ".
Line 11: Skipping line ".default_max_input_load 999.00 ".
Original area = 1069, original delay = 37.8
round 0

0%   10   20   30   40   50   60   70   80   90   100%
|----|----|----|----|----|----|----|----|----|----|
seed = 1567257324 patience = 0
***************************************************
best node [167126] best error 0
time = 11510543
mtp8_0_0
area = 1053
delay = 37
write_blif appntk/mtp8_0_0_1053_37.blif
round 1

0%   10   20   30   40   50   60   70   80   90   100%
|----|----|----|----|----|----|----|----|----|----|
seed = 1567257336 patience = 0
***************************************************
time = 21047597
mtp8_1_0
area = 1046
delay = 34.3
write_blif appntk/mtp8_1_0_1046_34.3.blif
round 2

0%   10   20   30   40   50   60   70   80   90   100%
|----|----|----|----|----|----|----|----|----|----|
seed = 1567257346 patience = 1
***************************************************
best node n85 best error 0.0122852
time = 31546074
mtp8_2_0.0122852
area = 1047
delay = 35.5
write_blif appntk/mtp8_2_0.0122852_1047_35.5.blif
round 3

0%   10   20   30   40   50   60   70   80   90   100%
|----|----|----|----|----|----|----|----|----|----|
seed = 1567257356 patience = 0
***************************************************
time = 43340478
mtp8_3_0.0122852
area = 1046
delay = 35.5
write_blif appntk/mtp8_3_0.0122852_1046_35.5.blif
round 4

0%   10   20   30   40   50   60   70   80   90   100%
|----|----|----|----|----|----|----|----|----|----|
seed = 1567257368 patience = 1
***************************************************
time = 55857067
mtp8_4_0.0122852
area = 1046
delay = 35.5
write_blif appntk/mtp8_4_0.0122852_1046_35.5.blif
round 5

0%   10   20   30   40   50   60   70   80   90   100%
|----|----|----|----|----|----|----|----|----|----|
seed = 1567257381 patience = 2
***************************************************
time = 67689623
mtp8_5_0.0122852
area = 1042
delay = 34.3
write_blif appntk/mtp8_5_0.0122852_1042_34.3.blif
round 6

0%   10   20   30   40   50   60   70   80   90   100%
|----|----|----|----|----|----|----|----|----|----|
seed = 1567257392 patience = 3
***************************************************
time = 80541937
mtp8_6_0.0122852
area = 1043
delay = 34.3
write_blif appntk/mtp8_6_0.0122852_1043_34.3.blif
round 7

0%   10   20   30   40   50   60   70   80   90   100%
|----|----|----|----|----|----|----|----|----|----|
seed = 1567257405 patience = 4
***************************************************
Network does not change, frame number changes to 128
time = 93935905
mtp8_7_0.0122852
area = 1042
delay = 34.3
write_blif appntk/mtp8_7_0.0122852_1042_34.3.blif
round 8

0%   10   20   30   40   50   60   70   80   90   100%
|----|----|----|----|----|----|----|----|----|----|
seed = 1567257419 patience = 0
***************************************************
time = 101640009
mtp8_8_0.0122852
area = 1043
delay = 34.3
write_blif appntk/mtp8_8_0.0122852_1043_34.3.blif
round 9

0%   10   20   30   40   50   60   70   80   90   100%
|----|----|----|----|----|----|----|----|----|----|
seed = 1567257427 patience = 1
***************************************************
best node n190 best error 0.0241797
time = 109569873
mtp8_9_0.0241797
area = 1039
delay = 34.3
write_blif appntk/mtp8_9_0.0241797_1039_34.3.blif
round 10

0%   10   20   30   40   50   60   70   80   90   100%
|----|----|----|----|----|----|----|----|----|----|
seed = 1567257434 patience = 0
***************************************************
time = 116092443
mtp8_10_0.0241797
area = 1040
delay = 34.3
write_blif appntk/mtp8_10_0.0241797_1040_34.3.blif
round 11

0%   10   20   30   40   50   60   70   80   90   100%
|----|----|----|----|----|----|----|----|----|----|
seed = 1567257441 patience = 1
***************************************************
time = 121450344
mtp8_11_0.0241797
area = 1039
delay = 34.3
write_blif appntk/mtp8_11_0.0241797_1039_34.3.blif
round 12

0%   10   20   30   40   50   60   70   80   90   100%
|----|----|----|----|----|----|----|----|----|----|
seed = 1567257446 patience = 2
***************************************************
best node n200 best error 0.0241797
time = 126877522
mtp8_12_0.0241797
area = 1022
delay = 33
write_blif appntk/mtp8_12_0.0241797_1022_33.blif
round 13

0%   10   20   30   40   50   60   70   80   90   100%
|----|----|----|----|----|----|----|----|----|----|
seed = 1567257451 patience = 0
***************************************************
time = 134503872
mtp8_13_0.0241797
area = 1020
delay = 33
write_blif appntk/mtp8_13_0.0241797_1020_33.blif
round 14

0%   10   20   30   40   50   60   70   80   90   100%
|----|----|----|----|----|----|----|----|----|----|
seed = 1567257459 patience = 1
***************************************************
time = 142396134
mtp8_14_0.0241797
area = 1022
delay = 33
write_blif appntk/mtp8_14_0.0241797_1022_33.blif
round 15

0%   10   20   30   40   50   60   70   80   90   100%
|----|----|----|----|----|----|----|----|----|----|
seed = 1567257467 patience = 2
***************************************************
time = 148129941
mtp8_15_0.0241797
area = 1020
delay = 33
write_blif appntk/mtp8_15_0.0241797_1020_33.blif
round 16

0%   10   20   30   40   50   60   70   80   90   100%
|----|----|----|----|----|----|----|----|----|----|
seed = 1567257473 patience = 3
***************************************************
time = 155545933
mtp8_16_0.0241797
area = 1022
delay = 33
write_blif appntk/mtp8_16_0.0241797_1022_33.blif
round 17

0%   10   20   30   40   50   60   70   80   90   100%
|----|----|----|----|----|----|----|----|----|----|
seed = 1567257480 patience = 4
***************************************************
Network does not change, frame number changes to 64
time = 162027026
mtp8_17_0.0241797
area = 1020
delay = 33
write_blif appntk/mtp8_17_0.0241797_1020_33.blif
round 18

0%   10   20   30   40   50   60   70   80   90   100%
|----|----|----|----|----|----|----|----|----|----|
seed = 1567257487 patience = 0
***************************************************
time = 166978232
mtp8_18_0.0241797
area = 1022
delay = 33
write_blif appntk/mtp8_18_0.0241797_1022_33.blif
round 19

0%   10   20   30   40   50   60   70   80   90   100%
|----|----|----|----|----|----|----|----|----|----|
seed = 1567257492 patience = 1
***************************************************
time = 171876174
mtp8_19_0.0241797
area = 1020
delay = 33
write_blif appntk/mtp8_19_0.0241797_1020_33.blif
round 20

0%   10   20   30   40   50   60   70   80   90   100%
|----|----|----|----|----|----|----|----|----|----|
seed = 1567257497 patience = 2
***************************************************
best node n259 best error 0.0577734
time = 176890906
