Entered genlib library with 23 gates from file "data/genlib/mcnc.genlib".
Original area = 666, original delay = 16.1
round 0

0%   10   20   30   40   50   60   70   80   90   100%
|----|----|----|----|----|----|----|----|----|----|
seed = 1567257324 patience = 0
***************************************************
best node n102 best error 0
time = 9207584
rca32_0_0
area = 713
delay = 16.1
write_blif appntk/rca32_0_0_713_16.1.blif
round 1

0%   10   20   30   40   50   60   70   80   90   100%
|----|----|----|----|----|----|----|----|----|----|
seed = 1567257333 patience = 0
***************************************************
best node n380 best error 0.000117187
time = 14157350
rca32_1_0.000117187
area = 641
delay = 16
write_blif appntk/rca32_1_0.000117187_641_16.blif
round 2

0%   10   20   30   40   50   60   70   80   90   100%
|----|----|----|----|----|----|----|----|----|----|
seed = 1567257338 patience = 0
***************************************************
best node n253 best error 0.00197266
time = 20331947
rca32_2_0.00197266
area = 616
delay = 16.1
write_blif appntk/rca32_2_0.00197266_616_16.1.blif
round 3

0%   10   20   30   40   50   60   70   80   90   100%
|----|----|----|----|----|----|----|----|----|----|
seed = 1567257344 patience = 0
***************************************************
best node n249 best error 0.00210938
time = 26364208
rca32_3_0.00210938
area = 642
delay = 16.1
write_blif appntk/rca32_3_0.00210938_642_16.1.blif
round 4

0%   10   20   30   40   50   60   70   80   90   100%
|----|----|----|----|----|----|----|----|----|----|
seed = 1567257350 patience = 0
***************************************************
time = 30784642
rca32_4_0.00210938
area = 642
delay = 16.1
write_blif appntk/rca32_4_0.00210938_642_16.1.blif
round 5

0%   10   20   30   40   50   60   70   80   90   100%
|----|----|----|----|----|----|----|----|----|----|
seed = 1567257355 patience = 1
***************************************************
best node n323 best error 0.00401367
time = 34935955
rca32_5_0.00401367
area = 609
delay = 15.9
write_blif appntk/rca32_5_0.00401367_609_15.9.blif
round 6

0%   10   20   30   40   50   60   70   80   90   100%
|----|----|----|----|----|----|----|----|----|----|
seed = 1567257359 patience = 0
***************************************************
time = 38877980
rca32_6_0.00401367
area = 609
delay = 15.9
write_blif appntk/rca32_6_0.00401367_609_15.9.blif
round 7

0%   10   20   30   40   50   60   70   80   90   100%
|----|----|----|----|----|----|----|----|----|----|
seed = 1567257363 patience = 1
***************************************************
time = 43352765
rca32_7_0.00401367
area = 609
delay = 15.9
write_blif appntk/rca32_7_0.00401367_609_15.9.blif
round 8

0%   10   20   30   40   50   60   70   80   90   100%
|----|----|----|----|----|----|----|----|----|----|
seed = 1567257367 patience = 2
***************************************************
time = 46881155
rca32_8_0.00401367
area = 609
delay = 15.9
write_blif appntk/rca32_8_0.00401367_609_15.9.blif
round 9

0%   10   20   30   40   50   60   70   80   90   100%
|----|----|----|----|----|----|----|----|----|----|
seed = 1567257371 patience = 3
***************************************************
time = 50410925
rca32_9_0.00401367
area = 609
delay = 15.9
write_blif appntk/rca32_9_0.00401367_609_15.9.blif
round 10

0%   10   20   30   40   50   60   70   80   90   100%
|----|----|----|----|----|----|----|----|----|----|
seed = 1567257374 patience = 4
***************************************************
Network does not change, frame number changes to 128
time = 54756725
rca32_10_0.00401367
area = 609
delay = 15.9
write_blif appntk/rca32_10_0.00401367_609_15.9.blif
round 11

0%   10   20   30   40   50   60   70   80   90   100%
|----|----|----|----|----|----|----|----|----|----|
seed = 1567257379 patience = 0
***************************************************
best node n284 best error 0.020752
time = 57285102
rca32_11_0.020752
area = 603
delay = 15.9
write_blif appntk/rca32_11_0.020752_603_15.9.blif
round 12

0%   10   20   30   40   50   60   70   80   90   100%
|----|----|----|----|----|----|----|----|----|----|
seed = 1567257381 patience = 0
***************************************************
time = 59359492
rca32_12_0.020752
area = 603
delay = 15.9
write_blif appntk/rca32_12_0.020752_603_15.9.blif
round 13

0%   10   20   30   40   50   60   70   80   90   100%
|----|----|----|----|----|----|----|----|----|----|
seed = 1567257383 patience = 1
***************************************************
time = 61442827
rca32_13_0.020752
area = 603
delay = 15.9
write_blif appntk/rca32_13_0.020752_603_15.9.blif
round 14

0%   10   20   30   40   50   60   70   80   90   100%
|----|----|----|----|----|----|----|----|----|----|
seed = 1567257385 patience = 2
***************************************************
best node n164 best error 0.0355664
time = 63786505
rca32_14_0.0355664
area = 609
delay = 16
write_blif appntk/rca32_14_0.0355664_609_16.blif
round 15

0%   10   20   30   40   50   60   70   80   90   100%
|----|----|----|----|----|----|----|----|----|----|
seed = 1567257388 patience = 0
***************************************************
time = 65850670
rca32_15_0.0355664
area = 609
delay = 16
write_blif appntk/rca32_15_0.0355664_609_16.blif
round 16

0%   10   20   30   40   50   60   70   80   90   100%
|----|----|----|----|----|----|----|----|----|----|
seed = 1567257390 patience = 1
***************************************************
time = 67932911
rca32_16_0.0355664
area = 609
delay = 16
write_blif appntk/rca32_16_0.0355664_609_16.blif
round 17

0%   10   20   30   40   50   60   70   80   90   100%
|----|----|----|----|----|----|----|----|----|----|
seed = 1567257392 patience = 2
***************************************************
time = 70004766
rca32_17_0.0355664
area = 609
delay = 16
write_blif appntk/rca32_17_0.0355664_609_16.blif
round 18

0%   10   20   30   40   50   60   70   80   90   100%
|----|----|----|----|----|----|----|----|----|----|
seed = 1567257394 patience = 3
***************************************************
time = 72053612
rca32_18_0.0355664
area = 609
delay = 16
write_blif appntk/rca32_18_0.0355664_609_16.blif
round 19

0%   10   20   30   40   50   60   70   80   90   100%
|----|----|----|----|----|----|----|----|----|----|
seed = 1567257396 patience = 4
***************************************************
best node n242 best error 0.0503418
time = 74274515
