Entered genlib library with 23 gates from file "data/genlib/mcnc.genlib".
Line 9: Skipping line ".default_input_arrival 0.00 0.00 ".
Line 10: Skipping line ".default_output_required 0.00 0.00 ".
Line 11: Skipping line ".default_input_drive 0.10 0.10 ".
Line 12: Skipping line ".default_output_load 2.00 ".
Line 13: Skipping line ".default_max_input_load 999.00 ".
Original area = 1081, original delay = 45.3
round 0

0%   10   20   30   40   50   60   70   80   90   100%
|----|----|----|----|----|----|----|----|----|----|
seed = 1567257324 patience = 0
***************************************************
best node product[0] best error 0
time = 12340785
wal8_0_0
area = 908
delay = 43.5
write_blif appntk/wal8_0_0_908_43.5.blif
round 1

0%   10   20   30   40   50   60   70   80   90   100%
|----|----|----|----|----|----|----|----|----|----|
seed = 1567257337 patience = 0
***************************************************
best node n244 best error 0.00266602
time = 24165593
wal8_1_0.00266602
area = 900
delay = 45
write_blif appntk/wal8_1_0.00266602_900_45.blif
round 2

0%   10   20   30   40   50   60   70   80   90   100%
|----|----|----|----|----|----|----|----|----|----|
seed = 1567257349 patience = 0
***************************************************
time = 32987966
wal8_2_0.00266602
area = 896
delay = 43.6
write_blif appntk/wal8_2_0.00266602_896_43.6.blif
round 3

0%   10   20   30   40   50   60   70   80   90   100%
|----|----|----|----|----|----|----|----|----|----|
seed = 1567257357 patience = 1
***************************************************
best node n96 best error 0.00987305
time = 43506815
wal8_3_0.00987305
area = 889
delay = 43.6
write_blif appntk/wal8_3_0.00987305_889_43.6.blif
round 4

0%   10   20   30   40   50   60   70   80   90   100%
|----|----|----|----|----|----|----|----|----|----|
seed = 1567257368 patience = 0
***************************************************
best node n288 best error 0.00988281
time = 55097290
wal8_4_0.00988281
area = 882
delay = 42.6
write_blif appntk/wal8_4_0.00988281_882_42.6.blif
round 5

0%   10   20   30   40   50   60   70   80   90   100%
|----|----|----|----|----|----|----|----|----|----|
seed = 1567257380 patience = 0
***************************************************
time = 65765646
wal8_5_0.00988281
area = 884
delay = 42.6
write_blif appntk/wal8_5_0.00988281_884_42.6.blif
round 6

0%   10   20   30   40   50   60   70   80   90   100%
|----|----|----|----|----|----|----|----|----|----|
seed = 1567257391 patience = 1
***************************************************
time = 76363434
wal8_6_0.00988281
area = 882
delay = 42.6
write_blif appntk/wal8_6_0.00988281_882_42.6.blif
round 7

0%   10   20   30   40   50   60   70   80   90   100%
|----|----|----|----|----|----|----|----|----|----|
seed = 1567257401 patience = 2
***************************************************
time = 87112061
wal8_7_0.00988281
area = 884
delay = 42.6
write_blif appntk/wal8_7_0.00988281_884_42.6.blif
round 8

0%   10   20   30   40   50   60   70   80   90   100%
|----|----|----|----|----|----|----|----|----|----|
seed = 1567257412 patience = 3
***************************************************
time = 94909179
wal8_8_0.00988281
area = 882
delay = 42.6
write_blif appntk/wal8_8_0.00988281_882_42.6.blif
round 9

0%   10   20   30   40   50   60   70   80   90   100%
|----|----|----|----|----|----|----|----|----|----|
seed = 1567257419 patience = 4
***************************************************
best node n229 best error 0.0223535
time = 105218042
wal8_9_0.0223535
area = 879
delay = 41.1
write_blif appntk/wal8_9_0.0223535_879_41.1.blif
round 10

0%   10   20   30   40   50   60   70   80   90   100%
|----|----|----|----|----|----|----|----|----|----|
seed = 1567257430 patience = 0
***************************************************
time = 112997674
wal8_10_0.0223535
area = 877
delay = 41.1
write_blif appntk/wal8_10_0.0223535_877_41.1.blif
round 11

0%   10   20   30   40   50   60   70   80   90   100%
|----|----|----|----|----|----|----|----|----|----|
seed = 1567257438 patience = 1
***************************************************
time = 121291121
wal8_11_0.0223535
area = 879
delay = 41.1
write_blif appntk/wal8_11_0.0223535_879_41.1.blif
round 12

0%   10   20   30   40   50   60   70   80   90   100%
|----|----|----|----|----|----|----|----|----|----|
seed = 1567257446 patience = 2
***************************************************
best node n226 best error 0.024834
time = 129665578
wal8_12_0.024834
area = 874
delay = 39.1
write_blif appntk/wal8_12_0.024834_874_39.1.blif
round 13

0%   10   20   30   40   50   60   70   80   90   100%
|----|----|----|----|----|----|----|----|----|----|
seed = 1567257454 patience = 0
***************************************************
best node n224 best error 0.024834
time = 138882465
wal8_13_0.024834
area = 872
delay = 39.5
write_blif appntk/wal8_13_0.024834_872_39.5.blif
round 14

0%   10   20   30   40   50   60   70   80   90   100%
|----|----|----|----|----|----|----|----|----|----|
seed = 1567257464 patience = 0
***************************************************
best node n329 best error 0.0261328
time = 149590364
wal8_14_0.0261328
area = 863
delay = 40.8
write_blif appntk/wal8_14_0.0261328_863_40.8.blif
round 15

0%   10   20   30   40   50   60   70   80   90   100%
|----|----|----|----|----|----|----|----|----|----|
seed = 1567257474 patience = 0
***************************************************
time = 159569256
wal8_15_0.0261328
area = 865
delay = 40.8
write_blif appntk/wal8_15_0.0261328_865_40.8.blif
round 16

0%   10   20   30   40   50   60   70   80   90   100%
|----|----|----|----|----|----|----|----|----|----|
seed = 1567257484 patience = 1
***************************************************
time = 167270068
wal8_16_0.0261328
area = 863
delay = 40.8
write_blif appntk/wal8_16_0.0261328_863_40.8.blif
round 17

0%   10   20   30   40   50   60   70   80   90   100%
|----|----|----|----|----|----|----|----|----|----|
seed = 1567257492 patience = 2
***************************************************
time = 174464951
wal8_17_0.0261328
area = 865
delay = 40.8
write_blif appntk/wal8_17_0.0261328_865_40.8.blif
round 18

0%   10   20   30   40   50   60   70   80   90   100%
|----|----|----|----|----|----|----|----|----|----|
seed = 1567257499 patience = 3
***************************************************
time = 181698132
wal8_18_0.0261328
area = 863
delay = 40.8
write_blif appntk/wal8_18_0.0261328_863_40.8.blif
round 19

0%   10   20   30   40   50   60   70   80   90   100%
|----|----|----|----|----|----|----|----|----|----|
seed = 1567257506 patience = 4
***************************************************
Network does not change, frame number changes to 128
time = 188846470
wal8_19_0.0261328
area = 865
delay = 40.8
write_blif appntk/wal8_19_0.0261328_865_40.8.blif
round 20

0%   10   20   30   40   50   60   70   80   90   100%
|----|----|----|----|----|----|----|----|----|----|
seed = 1567257514 patience = 0
***************************************************
best node n95 best error 0.0327246
time = 193279028
wal8_20_0.0327246
area = 863
delay = 40.8
write_blif appntk/wal8_20_0.0327246_863_40.8.blif
round 21

0%   10   20   30   40   50   60   70   80   90   100%
|----|----|----|----|----|----|----|----|----|----|
seed = 1567257518 patience = 0
***************************************************
best node n319 best error 0.042334
time = 197667599
wal8_21_0.042334
area = 860
delay = 40.4
write_blif appntk/wal8_21_0.042334_860_40.4.blif
round 22

0%   10   20   30   40   50   60   70   80   90   100%
|----|----|----|----|----|----|----|----|----|----|
seed = 1567257522 patience = 0
***************************************************
best node n321 best error 0.0506543
time = 202241019
