Entered genlib library with 23 gates from file "data/genlib/mcnc.genlib".
Line 30: Skipping line ".default_input_arrival 0.00 0.00 ".
Line 31: Skipping line ".default_output_required 0.00 0.00 ".
Line 32: Skipping line ".default_input_drive 0.10 0.10 ".
Line 33: Skipping line ".default_output_load 2.00 ".
Line 34: Skipping line ".default_max_input_load 999.00 ".
Original area = 1262, original delay = 21.9
round 0

0%   10   20   30   40   50   60   70   80   90   100%
|----|----|----|----|----|----|----|----|----|----|
seed = 1567261067 patience = 0
***************************************************
best node [100726] best error 0
time = 50647516
c2670_0_0
area = 1093
delay = 20.7
write_blif appntk/c2670_0_0_1093_20.7.blif
round 1

0%   10   20   30   40   50   60   70   80   90   100%
|----|----|----|----|----|----|----|----|----|----|
seed = 1567261118 patience = 0
***************************************************
best node n723 best error 0
time = 65037948
c2670_1_0
area = 1055
delay = 20.9
write_blif appntk/c2670_1_0_1055_20.9.blif
round 2

0%   10   20   30   40   50   60   70   80   90   100%
|----|----|----|----|----|----|----|----|----|----|
seed = 1567261133 patience = 0
***************************************************
best node n701 best error 0
time = 81189041
c2670_2_0
area = 1040
delay = 20.7
write_blif appntk/c2670_2_0_1040_20.7.blif
round 3

0%   10   20   30   40   50   60   70   80   90   100%
|----|----|----|----|----|----|----|----|----|----|
seed = 1567261149 patience = 0
***************************************************
best node n694 best error 0
time = 93798619
c2670_3_0
area = 1027
delay = 20.7
write_blif appntk/c2670_3_0_1027_20.7.blif
round 4

0%   10   20   30   40   50   60   70   80   90   100%
|----|----|----|----|----|----|----|----|----|----|
seed = 1567261161 patience = 0
***************************************************
best node n693 best error 0
time = 108706858
c2670_4_0
area = 1031
delay = 19.3
write_blif appntk/c2670_4_0_1031_19.3.blif
round 5

0%   10   20   30   40   50   60   70   80   90   100%
|----|----|----|----|----|----|----|----|----|----|
seed = 1567261176 patience = 0
***************************************************
best node n691 best error 0
time = 124488751
c2670_5_0
area = 1021
delay = 20.8
write_blif appntk/c2670_5_0_1021_20.8.blif
round 6

0%   10   20   30   40   50   60   70   80   90   100%
|----|----|----|----|----|----|----|----|----|----|
seed = 1567261192 patience = 0
***************************************************
best node n688 best error 0
time = 137494966
c2670_6_0
area = 1031
delay = 19.6
write_blif appntk/c2670_6_0_1031_19.6.blif
round 7

0%   10   20   30   40   50   60   70   80   90   100%
|----|----|----|----|----|----|----|----|----|----|
seed = 1567261205 patience = 0
***************************************************
best node n700 best error 0
time = 149551121
c2670_7_0
area = 1006
delay = 20.9
write_blif appntk/c2670_7_0_1006_20.9.blif
round 8

0%   10   20   30   40   50   60   70   80   90   100%
|----|----|----|----|----|----|----|----|----|----|
seed = 1567261217 patience = 0
***************************************************
best node n619 best error 0
time = 165834691
c2670_8_0
area = 1005
delay = 20.7
write_blif appntk/c2670_8_0_1005_20.7.blif
round 9

0%   10   20   30   40   50   60   70   80   90   100%
|----|----|----|----|----|----|----|----|----|----|
seed = 1567261233 patience = 0
***************************************************
best node n599 best error 0
time = 178790039
c2670_9_0
area = 1003
delay = 20.7
write_blif appntk/c2670_9_0_1003_20.7.blif
round 10

0%   10   20   30   40   50   60   70   80   90   100%
|----|----|----|----|----|----|----|----|----|----|
seed = 1567261246 patience = 0
***************************************************
best node n676 best error 0
time = 194933310
c2670_10_0
area = 981
delay = 20.7
write_blif appntk/c2670_10_0_981_20.7.blif
round 11

0%   10   20   30   40   50   60   70   80   90   100%
|----|----|----|----|----|----|----|----|----|----|
seed = 1567261263 patience = 0
***************************************************
best node n695 best error 0
time = 212549823
c2670_11_0
area = 855
delay = 18.8
write_blif appntk/c2670_11_0_855_18.8.blif
round 12

0%   10   20   30   40   50   60   70   80   90   100%
|----|----|----|----|----|----|----|----|----|----|
seed = 1567261280 patience = 0
***************************************************
best node n708 best error 0.000546875
time = 224934597
c2670_12_0.000546875
area = 851
delay = 21.2
write_blif appntk/c2670_12_0.000546875_851_21.2.blif
round 13

0%   10   20   30   40   50   60   70   80   90   100%
|----|----|----|----|----|----|----|----|----|----|
seed = 1567261292 patience = 0
***************************************************
best node n730 best error 0.00107422
time = 233771088
c2670_13_0.00107422
area = 847
delay = 20.2
write_blif appntk/c2670_13_0.00107422_847_20.2.blif
round 14

0%   10   20   30   40   50   60   70   80   90   100%
|----|----|----|----|----|----|----|----|----|----|
seed = 1567261301 patience = 0
***************************************************
best node n743 best error 0.00523438
time = 241895138
c2670_14_0.00523438
area = 843
delay = 21.2
write_blif appntk/c2670_14_0.00523438_843_21.2.blif
round 15

0%   10   20   30   40   50   60   70   80   90   100%
|----|----|----|----|----|----|----|----|----|----|
seed = 1567261309 patience = 0
***************************************************
best node n720 best error 0.00616211
time = 248512002
c2670_15_0.00616211
area = 844
delay = 21.2
write_blif appntk/c2670_15_0.00616211_844_21.2.blif
round 16

0%   10   20   30   40   50   60   70   80   90   100%
|----|----|----|----|----|----|----|----|----|----|
seed = 1567261316 patience = 0
***************************************************
best node n718 best error 0.00704102
time = 259747766
c2670_16_0.00704102
area = 839
delay = 21.2
write_blif appntk/c2670_16_0.00704102_839_21.2.blif
round 17

0%   10   20   30   40   50   60   70   80   90   100%
|----|----|----|----|----|----|----|----|----|----|
seed = 1567261327 patience = 0
***************************************************
best node n711 best error 0.00959961
time = 267716409
c2670_17_0.00959961
area = 835
delay = 20.5
write_blif appntk/c2670_17_0.00959961_835_20.5.blif
round 18

0%   10   20   30   40   50   60   70   80   90   100%
|----|----|----|----|----|----|----|----|----|----|
seed = 1567261335 patience = 0
***************************************************
best node n718 best error 0.0115332
time = 277339295
c2670_18_0.0115332
area = 837
delay = 21.8
write_blif appntk/c2670_18_0.0115332_837_21.8.blif
round 19

0%   10   20   30   40   50   60   70   80   90   100%
|----|----|----|----|----|----|----|----|----|----|
seed = 1567261345 patience = 0
***************************************************
best node n704 best error 0.0137793
time = 285751223
c2670_19_0.0137793
area = 832
delay = 19.2
write_blif appntk/c2670_19_0.0137793_832_19.2.blif
round 20

0%   10   20   30   40   50   60   70   80   90   100%
|----|----|----|----|----|----|----|----|----|----|
seed = 1567261353 patience = 0
***************************************************
best node n731 best error 0.0130859
time = 293519102
c2670_20_0.0130859
area = 824
delay = 20.4
write_blif appntk/c2670_20_0.0130859_824_20.4.blif
round 21

0%   10   20   30   40   50   60   70   80   90   100%
|----|----|----|----|----|----|----|----|----|----|
seed = 1567261361 patience = 0
***************************************************
best node n715 best error 0.0144043
time = 301909529
c2670_21_0.0144043
area = 831
delay = 20.2
write_blif appntk/c2670_21_0.0144043_831_20.2.blif
round 22

0%   10   20   30   40   50   60   70   80   90   100%
|----|----|----|----|----|----|----|----|----|----|
seed = 1567261369 patience = 0
***************************************************
best node n715 best error 0.0183691
time = 308198821
c2670_22_0.0183691
area = 831
delay = 20.4
write_blif appntk/c2670_22_0.0183691_831_20.4.blif
round 23

0%   10   20   30   40   50   60   70   80   90   100%
|----|----|----|----|----|----|----|----|----|----|
seed = 1567261376 patience = 0
***************************************************
best node n701 best error 0.020293
time = 316558459
c2670_23_0.020293
area = 827
delay = 20.4
write_blif appntk/c2670_23_0.020293_827_20.4.blif
round 24

0%   10   20   30   40   50   60   70   80   90   100%
|----|----|----|----|----|----|----|----|----|----|
seed = 1567261384 patience = 0
***************************************************
best node n763 best error 0.0230566
time = 322791261
c2670_24_0.0230566
area = 821
delay = 20.4
write_blif appntk/c2670_24_0.0230566_821_20.4.blif
round 25

0%   10   20   30   40   50   60   70   80   90   100%
|----|----|----|----|----|----|----|----|----|----|
seed = 1567261390 patience = 0
***************************************************
best node n707 best error 0.0252539
time = 327513725
c2670_25_0.0252539
area = 800
delay = 20.4
write_blif appntk/c2670_25_0.0252539_800_20.4.blif
round 26

0%   10   20   30   40   50   60   70   80   90   100%
|----|----|----|----|----|----|----|----|----|----|
seed = 1567261395 patience = 0
***************************************************
best node n713 best error 0.0283203
time = 332686200
c2670_26_0.0283203
area = 805
delay = 20.4
write_blif appntk/c2670_26_0.0283203_805_20.4.blif
round 27

0%   10   20   30   40   50   60   70   80   90   100%
|----|----|----|----|----|----|----|----|----|----|
seed = 1567261400 patience = 0
***************************************************
best node n761 best error 0.0315234
time = 338460357
c2670_27_0.0315234
area = 792
delay = 18.8
write_blif appntk/c2670_27_0.0315234_792_18.8.blif
round 28

0%   10   20   30   40   50   60   70   80   90   100%
|----|----|----|----|----|----|----|----|----|----|
seed = 1567261406 patience = 0
***************************************************
best node n732 best error 0.0349512
time = 344136159
c2670_28_0.0349512
area = 795
delay = 20.4
write_blif appntk/c2670_28_0.0349512_795_20.4.blif
round 29

0%   10   20   30   40   50   60   70   80   90   100%
|----|----|----|----|----|----|----|----|----|----|
seed = 1567261412 patience = 0
***************************************************
best node n760 best error 0.0453027
time = 348934063
c2670_29_0.0453027
area = 791
delay = 18.8
write_blif appntk/c2670_29_0.0453027_791_18.8.blif
round 30

0%   10   20   30   40   50   60   70   80   90   100%
|----|----|----|----|----|----|----|----|----|----|
seed = 1567261417 patience = 0
***************************************************
best node n761 best error 0.0542871
time = 353650482
