Entered genlib library with 23 gates from file "data/genlib/mcnc.genlib".
Line 7: Skipping line ".default_input_arrival 0.00 0.00 ".
Line 8: Skipping line ".default_output_required 0.00 0.00 ".
Line 9: Skipping line ".default_input_drive 0.10 0.10 ".
Line 10: Skipping line ".default_output_load 2.00 ".
Line 11: Skipping line ".default_max_input_load 999.00 ".
Original area = 1604, original delay = 55
round 0

0%   10   20   30   40   50   60   70   80   90   100%
|----|----|----|----|----|----|----|----|----|----|
seed = 1567261067 patience = 0
***************************************************
best node [140489] best error 0
time = 17317710
c3540_0_0
area = 1583
delay = 51.1
write_blif appntk/c3540_0_0_1583_51.1.blif
round 1

0%   10   20   30   40   50   60   70   80   90   100%
|----|----|----|----|----|----|----|----|----|----|
seed = 1567261085 patience = 0
***************************************************
best node n423 best error 0.000341797
time = 33936428
c3540_1_0.000341797
area = 1574
delay = 51
write_blif appntk/c3540_1_0.000341797_1574_51.blif
round 2

0%   10   20   30   40   50   60   70   80   90   100%
|----|----|----|----|----|----|----|----|----|----|
seed = 1567261102 patience = 0
***************************************************
best node n854 best error 0.000341797
time = 52114167
c3540_2_0.000341797
area = 1569
delay = 51
write_blif appntk/c3540_2_0.000341797_1569_51.blif
round 3

0%   10   20   30   40   50   60   70   80   90   100%
|----|----|----|----|----|----|----|----|----|----|
seed = 1567261120 patience = 0
***************************************************
best node n730 best error 0.000507812
time = 69950448
c3540_3_0.000507812
area = 1567
delay = 51.2
write_blif appntk/c3540_3_0.000507812_1567_51.2.blif
round 4

0%   10   20   30   40   50   60   70   80   90   100%
|----|----|----|----|----|----|----|----|----|----|
seed = 1567261138 patience = 0
***************************************************
best node n733 best error 0.00116211
time = 86598550
c3540_4_0.00116211
area = 1557
delay = 50.9
write_blif appntk/c3540_4_0.00116211_1557_50.9.blif
round 5

0%   10   20   30   40   50   60   70   80   90   100%
|----|----|----|----|----|----|----|----|----|----|
seed = 1567261154 patience = 0
***************************************************
best node n861 best error 0.00204102
time = 103919622
c3540_5_0.00204102
area = 1557
delay = 50.9
write_blif appntk/c3540_5_0.00204102_1557_50.9.blif
round 6

0%   10   20   30   40   50   60   70   80   90   100%
|----|----|----|----|----|----|----|----|----|----|
seed = 1567261172 patience = 0
***************************************************
best node n421 best error 0.0024707
time = 122651965
c3540_6_0.0024707
area = 1564
delay = 49.8
write_blif appntk/c3540_6_0.0024707_1564_49.8.blif
round 7

0%   10   20   30   40   50   60   70   80   90   100%
|----|----|----|----|----|----|----|----|----|----|
seed = 1567261191 patience = 0
***************************************************
best node n727 best error 0.00290039
time = 141485234
c3540_7_0.00290039
area = 1551
delay = 49.5
write_blif appntk/c3540_7_0.00290039_1551_49.5.blif
round 8

0%   10   20   30   40   50   60   70   80   90   100%
|----|----|----|----|----|----|----|----|----|----|
seed = 1567261209 patience = 0
***************************************************
best node n859 best error 0.00379883
time = 159498528
c3540_8_0.00379883
area = 1549
delay = 49.5
write_blif appntk/c3540_8_0.00379883_1549_49.5.blif
round 9

0%   10   20   30   40   50   60   70   80   90   100%
|----|----|----|----|----|----|----|----|----|----|
seed = 1567261227 patience = 0
***************************************************
best node n874 best error 0.00462891
time = 176309658
c3540_9_0.00462891
area = 1556
delay = 49.8
write_blif appntk/c3540_9_0.00462891_1556_49.8.blif
round 10

0%   10   20   30   40   50   60   70   80   90   100%
|----|----|----|----|----|----|----|----|----|----|
seed = 1567261244 patience = 0
***************************************************
best node n864 best error 0.00553711
time = 194459983
c3540_10_0.00553711
area = 1557
delay = 49.5
write_blif appntk/c3540_10_0.00553711_1557_49.5.blif
round 11

0%   10   20   30   40   50   60   70   80   90   100%
|----|----|----|----|----|----|----|----|----|----|
seed = 1567261262 patience = 0
***************************************************
best node n857 best error 0.00558594
time = 210612643
c3540_11_0.00558594
area = 1552
delay = 50.9
write_blif appntk/c3540_11_0.00558594_1552_50.9.blif
round 12

0%   10   20   30   40   50   60   70   80   90   100%
|----|----|----|----|----|----|----|----|----|----|
seed = 1567261279 patience = 0
***************************************************
best node n859 best error 0.0065332
time = 228512711
c3540_12_0.0065332
area = 1540
delay = 51.2
write_blif appntk/c3540_12_0.0065332_1540_51.2.blif
round 13

0%   10   20   30   40   50   60   70   80   90   100%
|----|----|----|----|----|----|----|----|----|----|
seed = 1567261296 patience = 0
***************************************************
best node n858 best error 0.00732422
time = 250615911
c3540_13_0.00732422
area = 1536
delay = 50.9
write_blif appntk/c3540_13_0.00732422_1536_50.9.blif
round 14

0%   10   20   30   40   50   60   70   80   90   100%
|----|----|----|----|----|----|----|----|----|----|
seed = 1567261319 patience = 0
***************************************************
best node n872 best error 0.00827148
time = 267164796
c3540_14_0.00827148
area = 1542
delay = 50.9
write_blif appntk/c3540_14_0.00827148_1542_50.9.blif
round 15

0%   10   20   30   40   50   60   70   80   90   100%
|----|----|----|----|----|----|----|----|----|----|
seed = 1567261335 patience = 0
***************************************************
best node n857 best error 0.00922852
time = 283211229
c3540_15_0.00922852
area = 1535
delay = 51.2
write_blif appntk/c3540_15_0.00922852_1535_51.2.blif
round 16

0%   10   20   30   40   50   60   70   80   90   100%
|----|----|----|----|----|----|----|----|----|----|
seed = 1567261351 patience = 0
***************************************************
best node n868 best error 0.0102246
time = 299336253
c3540_16_0.0102246
area = 1539
delay = 50.9
write_blif appntk/c3540_16_0.0102246_1539_50.9.blif
round 17

0%   10   20   30   40   50   60   70   80   90   100%
|----|----|----|----|----|----|----|----|----|----|
seed = 1567261367 patience = 0
***************************************************
best node n423 best error 0.0111914
time = 314379348
c3540_17_0.0111914
area = 1524
delay = 50.9
write_blif appntk/c3540_17_0.0111914_1524_50.9.blif
round 18

0%   10   20   30   40   50   60   70   80   90   100%
|----|----|----|----|----|----|----|----|----|----|
seed = 1567261382 patience = 0
***************************************************
best node n422 best error 0.0119629
time = 332902846
c3540_18_0.0119629
area = 1535
delay = 49.8
write_blif appntk/c3540_18_0.0119629_1535_49.8.blif
round 19

0%   10   20   30   40   50   60   70   80   90   100%
|----|----|----|----|----|----|----|----|----|----|
seed = 1567261401 patience = 0
***************************************************
best node n858 best error 0.0129004
time = 349759738
c3540_19_0.0129004
area = 1522
delay = 50.9
write_blif appntk/c3540_19_0.0129004_1522_50.9.blif
round 20

0%   10   20   30   40   50   60   70   80   90   100%
|----|----|----|----|----|----|----|----|----|----|
seed = 1567261418 patience = 0
***************************************************
best node n421 best error 0.0132324
time = 367437893
c3540_20_0.0132324
area = 1521
delay = 49.5
write_blif appntk/c3540_20_0.0132324_1521_49.5.blif
round 21

0%   10   20   30   40   50   60   70   80   90   100%
|----|----|----|----|----|----|----|----|----|----|
seed = 1567261436 patience = 0
***************************************************
best node n854 best error 0.0141406
time = 382831247
c3540_21_0.0141406
area = 1512
delay = 49.8
write_blif appntk/c3540_21_0.0141406_1512_49.8.blif
round 22

0%   10   20   30   40   50   60   70   80   90   100%
|----|----|----|----|----|----|----|----|----|----|
seed = 1567261451 patience = 0
***************************************************
best node n848 best error 0.0150098
time = 400353720
c3540_22_0.0150098
area = 1503
delay = 49.5
write_blif appntk/c3540_22_0.0150098_1503_49.5.blif
round 23

0%   10   20   30   40   50   60   70   80   90   100%
|----|----|----|----|----|----|----|----|----|----|
seed = 1567261468 patience = 0
***************************************************
best node n849 best error 0.0158984
time = 417759939
c3540_23_0.0158984
area = 1508
delay = 49.5
write_blif appntk/c3540_23_0.0158984_1508_49.5.blif
round 24

0%   10   20   30   40   50   60   70   80   90   100%
|----|----|----|----|----|----|----|----|----|----|
seed = 1567261486 patience = 0
***************************************************
best node n723 best error 0.0169824
time = 432740304
c3540_24_0.0169824
area = 1504
delay = 49.8
write_blif appntk/c3540_24_0.0169824_1504_49.8.blif
round 25

0%   10   20   30   40   50   60   70   80   90   100%
|----|----|----|----|----|----|----|----|----|----|
seed = 1567261501 patience = 0
***************************************************
best node n851 best error 0.0180957
time = 447880207
c3540_25_0.0180957
area = 1500
delay = 49.5
write_blif appntk/c3540_25_0.0180957_1500_49.5.blif
round 26

0%   10   20   30   40   50   60   70   80   90   100%
|----|----|----|----|----|----|----|----|----|----|
seed = 1567261516 patience = 0
***************************************************
best node n668 best error 0.0192773
time = 462969985
c3540_26_0.0192773
area = 1489
delay = 49.5
write_blif appntk/c3540_26_0.0192773_1489_49.5.blif
round 27

0%   10   20   30   40   50   60   70   80   90   100%
|----|----|----|----|----|----|----|----|----|----|
seed = 1567261531 patience = 0
***************************************************
best node n821 best error 0.0205664
time = 478065644
c3540_27_0.0205664
area = 1495
delay = 48.4
write_blif appntk/c3540_27_0.0205664_1495_48.4.blif
round 28

0%   10   20   30   40   50   60   70   80   90   100%
|----|----|----|----|----|----|----|----|----|----|
seed = 1567261546 patience = 0
***************************************************
best node n633 best error 0.0213574
time = 494549700
c3540_28_0.0213574
area = 1487
delay = 48.1
write_blif appntk/c3540_28_0.0213574_1487_48.1.blif
round 29

0%   10   20   30   40   50   60   70   80   90   100%
|----|----|----|----|----|----|----|----|----|----|
seed = 1567261563 patience = 0
***************************************************
best node n756 best error 0.0217187
time = 510304763
c3540_29_0.0217187
area = 1490
delay = 48.1
write_blif appntk/c3540_29_0.0217187_1490_48.1.blif
round 30

0%   10   20   30   40   50   60   70   80   90   100%
|----|----|----|----|----|----|----|----|----|----|
seed = 1567261578 patience = 0
***************************************************
best node n607 best error 0.0229785
time = 525978708
c3540_30_0.0229785
area = 1482
delay = 48.4
write_blif appntk/c3540_30_0.0229785_1482_48.4.blif
round 31

0%   10   20   30   40   50   60   70   80   90   100%
|----|----|----|----|----|----|----|----|----|----|
seed = 1567261594 patience = 0
***************************************************
best node n529 best error 0.0237988
time = 541583660
c3540_31_0.0237988
area = 1483
delay = 48.1
write_blif appntk/c3540_31_0.0237988_1483_48.1.blif
round 32

0%   10   20   30   40   50   60   70   80   90   100%
|----|----|----|----|----|----|----|----|----|----|
seed = 1567261610 patience = 0
***************************************************
best node n469 best error 0.0240039
time = 556182734
c3540_32_0.0240039
area = 1478
delay = 48.1
write_blif appntk/c3540_32_0.0240039_1478_48.1.blif
round 33

0%   10   20   30   40   50   60   70   80   90   100%
|----|----|----|----|----|----|----|----|----|----|
seed = 1567261624 patience = 0
***************************************************
best node n691 best error 0.0241016
time = 570509746
c3540_33_0.0241016
area = 1482
delay = 48.4
write_blif appntk/c3540_33_0.0241016_1482_48.4.blif
round 34

0%   10   20   30   40   50   60   70   80   90   100%
|----|----|----|----|----|----|----|----|----|----|
seed = 1567261639 patience = 0
***************************************************
best node n864 best error 0.0241602
time = 586251419
c3540_34_0.0241602
area = 1475
delay = 49.5
write_blif appntk/c3540_34_0.0241602_1475_49.5.blif
round 35

0%   10   20   30   40   50   60   70   80   90   100%
|----|----|----|----|----|----|----|----|----|----|
seed = 1567261654 patience = 0
***************************************************
best node n874 best error 0.0245117
time = 601018900
c3540_35_0.0245117
area = 1469
delay = 49.5
write_blif appntk/c3540_35_0.0245117_1469_49.5.blif
round 36

0%   10   20   30   40   50   60   70   80   90   100%
|----|----|----|----|----|----|----|----|----|----|
seed = 1567261669 patience = 0
***************************************************
best node n625 best error 0.0245605
time = 616568405
c3540_36_0.0245605
area = 1474
delay = 48.4
write_blif appntk/c3540_36_0.0245605_1474_48.4.blif
round 37

0%   10   20   30   40   50   60   70   80   90   100%
|----|----|----|----|----|----|----|----|----|----|
seed = 1567261685 patience = 0
***************************************************
best node n682 best error 0.0247559
time = 632388339
c3540_37_0.0247559
area = 1473
delay = 48.1
write_blif appntk/c3540_37_0.0247559_1473_48.1.blif
round 38

0%   10   20   30   40   50   60   70   80   90   100%
|----|----|----|----|----|----|----|----|----|----|
seed = 1567261701 patience = 0
***************************************************
best node n520 best error 0.0247852
time = 646237691
c3540_38_0.0247852
area = 1472
delay = 49.5
write_blif appntk/c3540_38_0.0247852_1472_49.5.blif
round 39

0%   10   20   30   40   50   60   70   80   90   100%
|----|----|----|----|----|----|----|----|----|----|
seed = 1567261714 patience = 0
***************************************************
best node n722 best error 0.0248438
time = 662424590
c3540_39_0.0248438
area = 1463
delay = 49.8
write_blif appntk/c3540_39_0.0248438_1463_49.8.blif
round 40

0%   10   20   30   40   50   60   70   80   90   100%
|----|----|----|----|----|----|----|----|----|----|
seed = 1567261731 patience = 0
***************************************************
best node n462 best error 0.0248828
time = 674841225
c3540_40_0.0248828
area = 1463
delay = 48.1
write_blif appntk/c3540_40_0.0248828_1463_48.1.blif
round 41

0%   10   20   30   40   50   60   70   80   90   100%
|----|----|----|----|----|----|----|----|----|----|
seed = 1567261743 patience = 0
***************************************************
best node n796 best error 0.0249121
time = 689495988
c3540_41_0.0249121
area = 1454
delay = 48.1
write_blif appntk/c3540_41_0.0249121_1454_48.1.blif
round 42

0%   10   20   30   40   50   60   70   80   90   100%
|----|----|----|----|----|----|----|----|----|----|
seed = 1567261758 patience = 0
***************************************************
best node n463 best error 0.0249121
time = 705700200
c3540_42_0.0249121
area = 1453
delay = 48.4
write_blif appntk/c3540_42_0.0249121_1453_48.4.blif
round 43

0%   10   20   30   40   50   60   70   80   90   100%
|----|----|----|----|----|----|----|----|----|----|
seed = 1567261774 patience = 0
***************************************************
best node n522 best error 0.0259961
time = 722348887
c3540_43_0.0259961
area = 1450
delay = 48.1
write_blif appntk/c3540_43_0.0259961_1450_48.1.blif
round 44

0%   10   20   30   40   50   60   70   80   90   100%
|----|----|----|----|----|----|----|----|----|----|
seed = 1567261791 patience = 0
***************************************************
best node n720 best error 0.0266504
time = 736433928
c3540_44_0.0266504
area = 1449
delay = 48.1
write_blif appntk/c3540_44_0.0266504_1449_48.1.blif
round 45

0%   10   20   30   40   50   60   70   80   90   100%
|----|----|----|----|----|----|----|----|----|----|
seed = 1567261805 patience = 0
***************************************************
best node n472 best error 0.0278613
time = 753067871
c3540_45_0.0278613
area = 1449
delay = 48.4
write_blif appntk/c3540_45_0.0278613_1449_48.4.blif
round 46

0%   10   20   30   40   50   60   70   80   90   100%
|----|----|----|----|----|----|----|----|----|----|
seed = 1567261821 patience = 0
***************************************************
best node n787 best error 0.0282422
time = 770036351
c3540_46_0.0282422
area = 1446
delay = 48.1
write_blif appntk/c3540_46_0.0282422_1446_48.1.blif
round 47

0%   10   20   30   40   50   60   70   80   90   100%
|----|----|----|----|----|----|----|----|----|----|
seed = 1567261838 patience = 0
***************************************************
best node n720 best error 0.0283105
time = 786058852
c3540_47_0.0283105
area = 1444
delay = 48.1
write_blif appntk/c3540_47_0.0283105_1444_48.1.blif
round 48

0%   10   20   30   40   50   60   70   80   90   100%
|----|----|----|----|----|----|----|----|----|----|
seed = 1567261854 patience = 0
***************************************************
best node n568 best error 0.0295801
time = 799823036
c3540_48_0.0295801
area = 1439
delay = 48.4
write_blif appntk/c3540_48_0.0295801_1439_48.4.blif
round 49

0%   10   20   30   40   50   60   70   80   90   100%
|----|----|----|----|----|----|----|----|----|----|
seed = 1567261868 patience = 0
***************************************************
best node n519 best error 0.0302441
time = 816155619
c3540_49_0.0302441
area = 1432
delay = 48.1
write_blif appntk/c3540_49_0.0302441_1432_48.1.blif
round 50

0%   10   20   30   40   50   60   70   80   90   100%
|----|----|----|----|----|----|----|----|----|----|
seed = 1567261884 patience = 0
***************************************************
best node n847 best error 0.0304004
time = 828285825
c3540_50_0.0304004
area = 1432
delay = 48.1
write_blif appntk/c3540_50_0.0304004_1432_48.1.blif
round 51

0%   10   20   30   40   50   60   70   80   90   100%
|----|----|----|----|----|----|----|----|----|----|
seed = 1567261897 patience = 0
***************************************************
best node n594 best error 0.0317383
time = 843041708
c3540_51_0.0317383
area = 1433
delay = 48.4
write_blif appntk/c3540_51_0.0317383_1433_48.4.blif
round 52

0%   10   20   30   40   50   60   70   80   90   100%
|----|----|----|----|----|----|----|----|----|----|
seed = 1567261911 patience = 0
***************************************************
best node n465 best error 0.0317871
time = 854256196
c3540_52_0.0317871
area = 1428
delay = 48.1
write_blif appntk/c3540_52_0.0317871_1428_48.1.blif
round 53

0%   10   20   30   40   50   60   70   80   90   100%
|----|----|----|----|----|----|----|----|----|----|
seed = 1567261923 patience = 0
***************************************************
best node n598 best error 0.0318164
time = 867690394
c3540_53_0.0318164
area = 1425
delay = 48.1
write_blif appntk/c3540_53_0.0318164_1425_48.1.blif
round 54

0%   10   20   30   40   50   60   70   80   90   100%
|----|----|----|----|----|----|----|----|----|----|
seed = 1567261936 patience = 0
***************************************************
best node n676 best error 0.0318457
time = 880741730
c3540_54_0.0318457
area = 1421
delay = 48.4
write_blif appntk/c3540_54_0.0318457_1421_48.4.blif
round 55

0%   10   20   30   40   50   60   70   80   90   100%
|----|----|----|----|----|----|----|----|----|----|
seed = 1567261949 patience = 0
***************************************************
best node n464 best error 0.0318262
time = 894947837
c3540_55_0.0318262
area = 1418
delay = 48.1
write_blif appntk/c3540_55_0.0318262_1418_48.1.blif
round 56

0%   10   20   30   40   50   60   70   80   90   100%
|----|----|----|----|----|----|----|----|----|----|
seed = 1567261963 patience = 0
***************************************************
best node n594 best error 0.0321387
time = 908633327
c3540_56_0.0321387
area = 1413
delay = 48.1
write_blif appntk/c3540_56_0.0321387_1413_48.1.blif
round 57

0%   10   20   30   40   50   60   70   80   90   100%
|----|----|----|----|----|----|----|----|----|----|
seed = 1567261977 patience = 0
***************************************************
best node n473 best error 0.0322461
time = 922589470
c3540_57_0.0322461
area = 1413
delay = 48.4
write_blif appntk/c3540_57_0.0322461_1413_48.4.blif
round 58

0%   10   20   30   40   50   60   70   80   90   100%
|----|----|----|----|----|----|----|----|----|----|
seed = 1567261991 patience = 0
***************************************************
best node n818 best error 0.0323535
time = 940414810
c3540_58_0.0323535
area = 1412
delay = 48.1
write_blif appntk/c3540_58_0.0323535_1412_48.1.blif
round 59

0%   10   20   30   40   50   60   70   80   90   100%
|----|----|----|----|----|----|----|----|----|----|
seed = 1567262009 patience = 0
***************************************************
best node n837 best error 0.0330957
time = 954945855
c3540_59_0.0330957
area = 1408
delay = 48.1
write_blif appntk/c3540_59_0.0330957_1408_48.1.blif
round 60

0%   10   20   30   40   50   60   70   80   90   100%
|----|----|----|----|----|----|----|----|----|----|
seed = 1567262023 patience = 0
***************************************************
best node n667 best error 0.0332129
time = 967908001
c3540_60_0.0332129
area = 1406
delay = 48.4
write_blif appntk/c3540_60_0.0332129_1406_48.4.blif
round 61

0%   10   20   30   40   50   60   70   80   90   100%
|----|----|----|----|----|----|----|----|----|----|
seed = 1567262036 patience = 0
***************************************************
best node n694 best error 0.0335645
time = 982272720
c3540_61_0.0335645
area = 1405
delay = 48.1
write_blif appntk/c3540_61_0.0335645_1405_48.1.blif
round 62

0%   10   20   30   40   50   60   70   80   90   100%
|----|----|----|----|----|----|----|----|----|----|
seed = 1567262051 patience = 0
***************************************************
best node n476 best error 0.0337891
time = 997433252
c3540_62_0.0337891
area = 1405
delay = 48.1
write_blif appntk/c3540_62_0.0337891_1405_48.1.blif
round 63

0%   10   20   30   40   50   60   70   80   90   100%
|----|----|----|----|----|----|----|----|----|----|
seed = 1567262066 patience = 0
***************************************************
best node n759 best error 0.0338379
time = 1010144588
c3540_63_0.0338379
area = 1405
delay = 48.4
write_blif appntk/c3540_63_0.0338379_1405_48.4.blif
round 64

0%   10   20   30   40   50   60   70   80   90   100%
|----|----|----|----|----|----|----|----|----|----|
seed = 1567262078 patience = 0
***************************************************
best node n769 best error 0.0338867
time = 1023207309
c3540_64_0.0338867
area = 1405
delay = 48.1
write_blif appntk/c3540_64_0.0338867_1405_48.1.blif
round 65

0%   10   20   30   40   50   60   70   80   90   100%
|----|----|----|----|----|----|----|----|----|----|
seed = 1567262092 patience = 0
***************************************************
best node n695 best error 0.033877
time = 1036064760
c3540_65_0.033877
area = 1403
delay = 48.1
write_blif appntk/c3540_65_0.033877_1403_48.1.blif
round 66

0%   10   20   30   40   50   60   70   80   90   100%
|----|----|----|----|----|----|----|----|----|----|
seed = 1567262104 patience = 0
***************************************************
best node n665 best error 0.0338965
time = 1052043230
c3540_66_0.0338965
area = 1397
delay = 48.4
write_blif appntk/c3540_66_0.0338965_1397_48.4.blif
round 67

0%   10   20   30   40   50   60   70   80   90   100%
|----|----|----|----|----|----|----|----|----|----|
seed = 1567262120 patience = 0
***************************************************
best node n516 best error 0.0352246
time = 1066208481
c3540_67_0.0352246
area = 1396
delay = 48.1
write_blif appntk/c3540_67_0.0352246_1396_48.1.blif
round 68

0%   10   20   30   40   50   60   70   80   90   100%
|----|----|----|----|----|----|----|----|----|----|
seed = 1567262135 patience = 0
***************************************************
best node n653 best error 0.0352344
time = 1081967473
c3540_68_0.0352344
area = 1388
delay = 48.1
write_blif appntk/c3540_68_0.0352344_1388_48.1.blif
round 69

0%   10   20   30   40   50   60   70   80   90   100%
|----|----|----|----|----|----|----|----|----|----|
seed = 1567262150 patience = 0
***************************************************
best node n660 best error 0.0359277
time = 1096324269
c3540_69_0.0359277
area = 1392
delay = 48.4
write_blif appntk/c3540_69_0.0359277_1392_48.4.blif
round 70

0%   10   20   30   40   50   60   70   80   90   100%
|----|----|----|----|----|----|----|----|----|----|
seed = 1567262165 patience = 0
***************************************************
best node n702 best error 0.0359277
time = 1108281506
c3540_70_0.0359277
area = 1391
delay = 48.1
write_blif appntk/c3540_70_0.0359277_1391_48.1.blif
round 71

0%   10   20   30   40   50   60   70   80   90   100%
|----|----|----|----|----|----|----|----|----|----|
seed = 1567262177 patience = 0
***************************************************
best node n653 best error 0.0359961
time = 1123219619
c3540_71_0.0359961
area = 1388
delay = 48.1
write_blif appntk/c3540_71_0.0359961_1388_48.1.blif
round 72

0%   10   20   30   40   50   60   70   80   90   100%
|----|----|----|----|----|----|----|----|----|----|
seed = 1567262192 patience = 0
***************************************************
best node n518 best error 0.0367285
time = 1137113866
c3540_72_0.0367285
area = 1388
delay = 48.4
write_blif appntk/c3540_72_0.0367285_1388_48.4.blif
round 73

0%   10   20   30   40   50   60   70   80   90   100%
|----|----|----|----|----|----|----|----|----|----|
seed = 1567262205 patience = 0
***************************************************
best node n701 best error 0.0371973
time = 1150771692
c3540_73_0.0371973
area = 1387
delay = 48.1
write_blif appntk/c3540_73_0.0371973_1387_48.1.blif
round 74

0%   10   20   30   40   50   60   70   80   90   100%
|----|----|----|----|----|----|----|----|----|----|
seed = 1567262219 patience = 0
***************************************************
best node n808 best error 0.0374316
time = 1164765179
c3540_74_0.0374316
area = 1379
delay = 48.1
write_blif appntk/c3540_74_0.0374316_1379_48.1.blif
round 75

0%   10   20   30   40   50   60   70   80   90   100%
|----|----|----|----|----|----|----|----|----|----|
seed = 1567262233 patience = 0
***************************************************
best node n475 best error 0.0375977
time = 1178892470
c3540_75_0.0375977
area = 1375
delay = 48.4
write_blif appntk/c3540_75_0.0375977_1375_48.4.blif
round 76

0%   10   20   30   40   50   60   70   80   90   100%
|----|----|----|----|----|----|----|----|----|----|
seed = 1567262247 patience = 0
***************************************************
best node n746 best error 0.0376563
time = 1191096724
c3540_76_0.0376563
area = 1370
delay = 48.1
write_blif appntk/c3540_76_0.0376563_1370_48.1.blif
round 77

0%   10   20   30   40   50   60   70   80   90   100%
|----|----|----|----|----|----|----|----|----|----|
seed = 1567262259 patience = 0
***************************************************
best node n521 best error 0.0369336
time = 1204100307
c3540_77_0.0369336
area = 1372
delay = 48.1
write_blif appntk/c3540_77_0.0369336_1372_48.1.blif
round 78

0%   10   20   30   40   50   60   70   80   90   100%
|----|----|----|----|----|----|----|----|----|----|
seed = 1567262272 patience = 0
***************************************************
best node n660 best error 0.0382422
time = 1215761066
c3540_78_0.0382422
area = 1370
delay = 48.4
write_blif appntk/c3540_78_0.0382422_1370_48.4.blif
round 79

0%   10   20   30   40   50   60   70   80   90   100%
|----|----|----|----|----|----|----|----|----|----|
seed = 1567262284 patience = 0
***************************************************
best node n775 best error 0.0383691
time = 1228887831
c3540_79_0.0383691
area = 1368
delay = 48.1
write_blif appntk/c3540_79_0.0383691_1368_48.1.blif
round 80

0%   10   20   30   40   50   60   70   80   90   100%
|----|----|----|----|----|----|----|----|----|----|
seed = 1567262297 patience = 0
***************************************************
best node n743 best error 0.0390625
time = 1241398897
c3540_80_0.0390625
area = 1362
delay = 48.1
write_blif appntk/c3540_80_0.0390625_1362_48.1.blif
round 81

0%   10   20   30   40   50   60   70   80   90   100%
|----|----|----|----|----|----|----|----|----|----|
seed = 1567262310 patience = 0
***************************************************
best node n470 best error 0.0394434
time = 1254282981
c3540_81_0.0394434
area = 1366
delay = 48.4
write_blif appntk/c3540_81_0.0394434_1366_48.4.blif
round 82

0%   10   20   30   40   50   60   70   80   90   100%
|----|----|----|----|----|----|----|----|----|----|
seed = 1567262323 patience = 0
***************************************************
best node n504 best error 0.0394727
time = 1265042153
c3540_82_0.0394727
area = 1361
delay = 48.1
write_blif appntk/c3540_82_0.0394727_1361_48.1.blif
round 83

0%   10   20   30   40   50   60   70   80   90   100%
|----|----|----|----|----|----|----|----|----|----|
seed = 1567262333 patience = 0
***************************************************
best node n797 best error 0.0408594
time = 1276816335
c3540_83_0.0408594
area = 1356
delay = 48.1
write_blif appntk/c3540_83_0.0408594_1356_48.1.blif
round 84

0%   10   20   30   40   50   60   70   80   90   100%
|----|----|----|----|----|----|----|----|----|----|
seed = 1567262345 patience = 0
***************************************************
best node n506 best error 0.0410449
time = 1288770982
c3540_84_0.0410449
area = 1356
delay = 48.4
write_blif appntk/c3540_84_0.0410449_1356_48.4.blif
round 85

0%   10   20   30   40   50   60   70   80   90   100%
|----|----|----|----|----|----|----|----|----|----|
seed = 1567262357 patience = 0
***************************************************
best node n794 best error 0.0411719
time = 1300086388
c3540_85_0.0411719
area = 1356
delay = 49.5
write_blif appntk/c3540_85_0.0411719_1356_49.5.blif
round 86

0%   10   20   30   40   50   60   70   80   90   100%
|----|----|----|----|----|----|----|----|----|----|
seed = 1567262368 patience = 0
***************************************************
best node n770 best error 0.0411719
time = 1314025229
c3540_86_0.0411719
area = 1355
delay = 49.5
write_blif appntk/c3540_86_0.0411719_1355_49.5.blif
round 87

0%   10   20   30   40   50   60   70   80   90   100%
|----|----|----|----|----|----|----|----|----|----|
seed = 1567262382 patience = 0
***************************************************
best node n682 best error 0.0419824
time = 1327833856
c3540_87_0.0419824
area = 1353
delay = 49.8
write_blif appntk/c3540_87_0.0419824_1353_49.8.blif
round 88

0%   10   20   30   40   50   60   70   80   90   100%
|----|----|----|----|----|----|----|----|----|----|
seed = 1567262396 patience = 0
***************************************************
best node n730 best error 0.0433398
time = 1340741189
c3540_88_0.0433398
area = 1350
delay = 48.1
write_blif appntk/c3540_88_0.0433398_1350_48.1.blif
round 89

0%   10   20   30   40   50   60   70   80   90   100%
|----|----|----|----|----|----|----|----|----|----|
seed = 1567262409 patience = 0
***************************************************
best node n590 best error 0.0436914
time = 1352522251
c3540_89_0.0436914
area = 1346
delay = 48.1
write_blif appntk/c3540_89_0.0436914_1346_48.1.blif
round 90

0%   10   20   30   40   50   60   70   80   90   100%
|----|----|----|----|----|----|----|----|----|----|
seed = 1567262421 patience = 0
***************************************************
best node n728 best error 0.0439258
time = 1364881392
c3540_90_0.0439258
area = 1343
delay = 48.4
write_blif appntk/c3540_90_0.0439258_1343_48.4.blif
round 91

0%   10   20   30   40   50   60   70   80   90   100%
|----|----|----|----|----|----|----|----|----|----|
seed = 1567262433 patience = 0
***************************************************
best node n463 best error 0.0440332
time = 1377890079
c3540_91_0.0440332
area = 1334
delay = 48.1
write_blif appntk/c3540_91_0.0440332_1334_48.1.blif
round 92

0%   10   20   30   40   50   60   70   80   90   100%
|----|----|----|----|----|----|----|----|----|----|
seed = 1567262446 patience = 0
***************************************************
best node n642 best error 0.0441016
time = 1389731808
c3540_92_0.0441016
area = 1330
delay = 48.1
write_blif appntk/c3540_92_0.0441016_1330_48.1.blif
round 93

0%   10   20   30   40   50   60   70   80   90   100%
|----|----|----|----|----|----|----|----|----|----|
seed = 1567262458 patience = 0
***************************************************
best node n642 best error 0.0449512
time = 1401942360
c3540_93_0.0449512
area = 1330
delay = 48.4
write_blif appntk/c3540_93_0.0449512_1330_48.4.blif
round 94

0%   10   20   30   40   50   60   70   80   90   100%
|----|----|----|----|----|----|----|----|----|----|
seed = 1567262470 patience = 0
***************************************************
best node n514 best error 0.045
time = 1414300149
c3540_94_0.045
area = 1326
delay = 48.1
write_blif appntk/c3540_94_0.045_1326_48.1.blif
round 95

0%   10   20   30   40   50   60   70   80   90   100%
|----|----|----|----|----|----|----|----|----|----|
seed = 1567262483 patience = 0
***************************************************
best node n750 best error 0.045
time = 1426953772
c3540_95_0.045
area = 1321
delay = 48.1
write_blif appntk/c3540_95_0.045_1321_48.1.blif
round 96

0%   10   20   30   40   50   60   70   80   90   100%
|----|----|----|----|----|----|----|----|----|----|
seed = 1567262495 patience = 0
***************************************************
best node n464 best error 0.0454492
time = 1438829343
c3540_96_0.0454492
area = 1318
delay = 48.4
write_blif appntk/c3540_96_0.0454492_1318_48.4.blif
round 97

0%   10   20   30   40   50   60   70   80   90   100%
|----|----|----|----|----|----|----|----|----|----|
seed = 1567262507 patience = 0
***************************************************
best node n504 best error 0.0454297
time = 1451047858
c3540_97_0.0454297
area = 1317
delay = 48.1
write_blif appntk/c3540_97_0.0454297_1317_48.1.blif
round 98

0%   10   20   30   40   50   60   70   80   90   100%
|----|----|----|----|----|----|----|----|----|----|
seed = 1567262519 patience = 0
***************************************************
best node n673 best error 0.0454492
time = 1462313407
c3540_98_0.0454492
area = 1306
delay = 48.1
write_blif appntk/c3540_98_0.0454492_1306_48.1.blif
round 99

0%   10   20   30   40   50   60   70   80   90   100%
|----|----|----|----|----|----|----|----|----|----|
seed = 1567262531 patience = 0
***************************************************
best node n507 best error 0.0456738
time = 1474658661
c3540_99_0.0456738
area = 1310
delay = 48.4
write_blif appntk/c3540_99_0.0456738_1310_48.4.blif
round 100

0%   10   20   30   40   50   60   70   80   90   100%
|----|----|----|----|----|----|----|----|----|----|
seed = 1567262543 patience = 0
***************************************************
best node n463 best error 0.0457324
time = 1487150248
c3540_100_0.0457324
area = 1304
delay = 48.1
write_blif appntk/c3540_100_0.0457324_1304_48.1.blif
round 101

0%   10   20   30   40   50   60   70   80   90   100%
|----|----|----|----|----|----|----|----|----|----|
seed = 1567262556 patience = 0
***************************************************
best node n564 best error 0.0458594
time = 1499428804
c3540_101_0.0458594
area = 1299
delay = 48.1
write_blif appntk/c3540_101_0.0458594_1299_48.1.blif
round 102

0%   10   20   30   40   50   60   70   80   90   100%
|----|----|----|----|----|----|----|----|----|----|
seed = 1567262568 patience = 0
***************************************************
best node n658 best error 0.045918
time = 1511332190
c3540_102_0.045918
area = 1300
delay = 48.4
write_blif appntk/c3540_102_0.045918_1300_48.4.blif
round 103

0%   10   20   30   40   50   60   70   80   90   100%
|----|----|----|----|----|----|----|----|----|----|
seed = 1567262580 patience = 0
***************************************************
best node n665 best error 0.0459863
time = 1522523731
c3540_103_0.0459863
area = 1296
delay = 48.1
write_blif appntk/c3540_103_0.0459863_1296_48.1.blif
round 104

0%   10   20   30   40   50   60   70   80   90   100%
|----|----|----|----|----|----|----|----|----|----|
seed = 1567262591 patience = 0
***************************************************
best node n505 best error 0.0460156
time = 1536037856
c3540_104_0.0460156
area = 1295
delay = 48.1
write_blif appntk/c3540_104_0.0460156_1295_48.1.blif
round 105

0%   10   20   30   40   50   60   70   80   90   100%
|----|----|----|----|----|----|----|----|----|----|
seed = 1567262604 patience = 0
***************************************************
best node n666 best error 0.0474121
time = 1547922842
c3540_105_0.0474121
area = 1291
delay = 48.4
write_blif appntk/c3540_105_0.0474121_1291_48.4.blif
round 106

0%   10   20   30   40   50   60   70   80   90   100%
|----|----|----|----|----|----|----|----|----|----|
seed = 1567262616 patience = 0
***************************************************
best node n698 best error 0.0474121
time = 1559959109
c3540_106_0.0474121
area = 1287
delay = 48.1
write_blif appntk/c3540_106_0.0474121_1287_48.1.blif
round 107

0%   10   20   30   40   50   60   70   80   90   100%
|----|----|----|----|----|----|----|----|----|----|
seed = 1567262628 patience = 0
***************************************************
best node n702 best error 0.0481641
time = 1574284210
c3540_107_0.0481641
area = 1280
delay = 48.1
write_blif appntk/c3540_107_0.0481641_1280_48.1.blif
round 108

0%   10   20   30   40   50   60   70   80   90   100%
|----|----|----|----|----|----|----|----|----|----|
seed = 1567262643 patience = 0
***************************************************
best node n462 best error 0.0485645
time = 1585158924
c3540_108_0.0485645
area = 1282
delay = 48.4
write_blif appntk/c3540_108_0.0485645_1282_48.4.blif
round 109

0%   10   20   30   40   50   60   70   80   90   100%
|----|----|----|----|----|----|----|----|----|----|
seed = 1567262654 patience = 0
***************************************************
best node n653 best error 0.0485937
time = 1595552311
c3540_109_0.0485937
area = 1280
delay = 49.5
write_blif appntk/c3540_109_0.0485937_1280_49.5.blif
round 110

0%   10   20   30   40   50   60   70   80   90   100%
|----|----|----|----|----|----|----|----|----|----|
seed = 1567262664 patience = 0
***************************************************
best node n653 best error 0.0486035
time = 1608338456
c3540_110_0.0486035
area = 1278
delay = 48.1
write_blif appntk/c3540_110_0.0486035_1278_48.1.blif
round 111

0%   10   20   30   40   50   60   70   80   90   100%
|----|----|----|----|----|----|----|----|----|----|
seed = 1567262677 patience = 0
***************************************************
best node n621 best error 0.0487988
time = 1620175256
c3540_111_0.0487988
area = 1275
delay = 48.4
write_blif appntk/c3540_111_0.0487988_1275_48.4.blif
round 112

0%   10   20   30   40   50   60   70   80   90   100%
|----|----|----|----|----|----|----|----|----|----|
seed = 1567262689 patience = 0
***************************************************
best node n457 best error 0.0487793
time = 1630684846
c3540_112_0.0487793
area = 1272
delay = 48.1
write_blif appntk/c3540_112_0.0487793_1272_48.1.blif
round 113

0%   10   20   30   40   50   60   70   80   90   100%
|----|----|----|----|----|----|----|----|----|----|
seed = 1567262699 patience = 0
***************************************************
best node n502 best error 0.0488574
time = 1641450794
c3540_113_0.0488574
area = 1268
delay = 49.5
write_blif appntk/c3540_113_0.0488574_1268_49.5.blif
round 114

0%   10   20   30   40   50   60   70   80   90   100%
|----|----|----|----|----|----|----|----|----|----|
seed = 1567262710 patience = 0
***************************************************
best node n745 best error 0.0489258
time = 1652951953
c3540_114_0.0489258
area = 1264
delay = 48.4
write_blif appntk/c3540_114_0.0489258_1264_48.4.blif
round 115

0%   10   20   30   40   50   60   70   80   90   100%
|----|----|----|----|----|----|----|----|----|----|
seed = 1567262721 patience = 0
***************************************************
best node n556 best error 0.0489453
time = 1663889663
c3540_115_0.0489453
area = 1257
delay = 48.1
write_blif appntk/c3540_115_0.0489453_1257_48.1.blif
round 116

0%   10   20   30   40   50   60   70   80   90   100%
|----|----|----|----|----|----|----|----|----|----|
seed = 1567262732 patience = 0
***************************************************
best node n455 best error 0.0503027
time = 1675510260
