Entered genlib library with 23 gates from file "data/genlib/mcnc.genlib".
Line 20: Skipping line ".default_input_arrival 0.00 0.00 ".
Line 21: Skipping line ".default_output_required 0.00 0.00 ".
Line 22: Skipping line ".default_input_drive 0.10 0.10 ".
Line 23: Skipping line ".default_output_load 2.00 ".
Line 24: Skipping line ".default_max_input_load 999.00 ".
Original area = 2451, original delay = 47.5
round 0

0%   10   20   30   40   50   60   70   80   90   100%
|----|----|----|----|----|----|----|----|----|----|
seed = 1567261067 patience = 0
***************************************************
best node 2054 best error 0
time = 90730501
c5315_0_0
area = 2230
delay = 32.4
write_blif appntk/c5315_0_0_2230_32.4.blif
round 1

0%   10   20   30   40   50   60   70   80   90   100%
|----|----|----|----|----|----|----|----|----|----|
seed = 1567261159 patience = 0
***************************************************
best node n725 best error 0.000947266
time = 112008137
c5315_1_0.000947266
area = 2215
delay = 36.4
write_blif appntk/c5315_1_0.000947266_2215_36.4.blif
round 2

0%   10   20   30   40   50   60   70   80   90   100%
|----|----|----|----|----|----|----|----|----|----|
seed = 1567261180 patience = 0
***************************************************
best node n912 best error 0.0019043
time = 137017167
c5315_2_0.0019043
area = 2199
delay = 35.2
write_blif appntk/c5315_2_0.0019043_2199_35.2.blif
round 3

0%   10   20   30   40   50   60   70   80   90   100%
|----|----|----|----|----|----|----|----|----|----|
seed = 1567261205 patience = 0
***************************************************
best node n605 best error 0.00290039
time = 159488615
c5315_3_0.00290039
area = 2180
delay = 34.9
write_blif appntk/c5315_3_0.00290039_2180_34.9.blif
round 4

0%   10   20   30   40   50   60   70   80   90   100%
|----|----|----|----|----|----|----|----|----|----|
seed = 1567261228 patience = 0
***************************************************
best node n554 best error 0.00480469
time = 179463765
c5315_4_0.00480469
area = 2167
delay = 35.5
write_blif appntk/c5315_4_0.00480469_2167_35.5.blif
round 5

0%   10   20   30   40   50   60   70   80   90   100%
|----|----|----|----|----|----|----|----|----|----|
seed = 1567261248 patience = 0
***************************************************
best node n1075 best error 0.00548828
time = 199274086
c5315_5_0.00548828
area = 2175
delay = 34.9
write_blif appntk/c5315_5_0.00548828_2175_34.9.blif
round 6

0%   10   20   30   40   50   60   70   80   90   100%
|----|----|----|----|----|----|----|----|----|----|
seed = 1567261267 patience = 0
***************************************************
best node n885 best error 0.00668945
time = 221378402
c5315_6_0.00668945
area = 2165
delay = 35.5
write_blif appntk/c5315_6_0.00668945_2165_35.5.blif
round 7

0%   10   20   30   40   50   60   70   80   90   100%
|----|----|----|----|----|----|----|----|----|----|
seed = 1567261290 patience = 0
***************************************************
best node n1458 best error 0.0100391
time = 242226240
c5315_7_0.0100391
area = 2165
delay = 35.1
write_blif appntk/c5315_7_0.0100391_2165_35.1.blif
round 8

0%   10   20   30   40   50   60   70   80   90   100%
|----|----|----|----|----|----|----|----|----|----|
seed = 1567261310 patience = 0
***************************************************
best node n1303 best error 0.0123242
time = 263329810
c5315_8_0.0123242
area = 2161
delay = 35.5
write_blif appntk/c5315_8_0.0123242_2161_35.5.blif
round 9

0%   10   20   30   40   50   60   70   80   90   100%
|----|----|----|----|----|----|----|----|----|----|
seed = 1567261331 patience = 0
***************************************************
best node n492 best error 0.0171875
time = 282484291
c5315_9_0.0171875
area = 2163
delay = 34.9
write_blif appntk/c5315_9_0.0171875_2163_34.9.blif
round 10

0%   10   20   30   40   50   60   70   80   90   100%
|----|----|----|----|----|----|----|----|----|----|
seed = 1567261351 patience = 0
***************************************************
best node n1451 best error 0.0165137
time = 301712670
c5315_10_0.0165137
area = 2151
delay = 35.5
write_blif appntk/c5315_10_0.0165137_2151_35.5.blif
round 11

0%   10   20   30   40   50   60   70   80   90   100%
|----|----|----|----|----|----|----|----|----|----|
seed = 1567261370 patience = 0
***************************************************
best node n403 best error 0.034375
time = 318232984
c5315_11_0.034375
area = 2157
delay = 34.9
write_blif appntk/c5315_11_0.034375_2157_34.9.blif
round 12

0%   10   20   30   40   50   60   70   80   90   100%
|----|----|----|----|----|----|----|----|----|----|
seed = 1567261386 patience = 0
***************************************************
best node n461 best error 0.04125
time = 337427273
c5315_12_0.04125
area = 2147
delay = 35.9
write_blif appntk/c5315_12_0.04125_2147_35.9.blif
round 13

0%   10   20   30   40   50   60   70   80   90   100%
|----|----|----|----|----|----|----|----|----|----|
seed = 1567261406 patience = 0
***************************************************
best node n1039 best error 0.0421777
time = 355073760
c5315_13_0.0421777
area = 2157
delay = 34.9
write_blif appntk/c5315_13_0.0421777_2157_34.9.blif
round 14

0%   10   20   30   40   50   60   70   80   90   100%
|----|----|----|----|----|----|----|----|----|----|
seed = 1567261423 patience = 0
***************************************************
best node n1291 best error 0.049668
time = 372340790
c5315_14_0.049668
area = 2142
delay = 36.4
write_blif appntk/c5315_14_0.049668_2142_36.4.blif
round 15

0%   10   20   30   40   50   60   70   80   90   100%
|----|----|----|----|----|----|----|----|----|----|
seed = 1567261441 patience = 0
***************************************************
best node n361 best error 0.0663477
time = 388477426
