Entered genlib library with 23 gates from file "data/genlib/mcnc.genlib".
Line 21: Skipping line ".default_input_arrival 0.00 0.00 ".
Line 22: Skipping line ".default_output_required 0.00 0.00 ".
Line 23: Skipping line ".default_input_drive 0.10 0.10 ".
Line 24: Skipping line ".default_output_load 2.00 ".
Line 25: Skipping line ".default_max_input_load 999.00 ".
Original area = 2756, original delay = 69.4
round 0

0%   10   20   30   40   50   60   70   80   90   100%
|----|----|----|----|----|----|----|----|----|----|
seed = 1567261067 patience = 0
***************************************************
best node [122536] best error 0
time = 123155490
c7552_0_0
area = 2453
delay = 62.1
write_blif appntk/c7552_0_0_2453_62.1.blif
round 1

0%   10   20   30   40   50   60   70   80   90   100%
|----|----|----|----|----|----|----|----|----|----|
seed = 1567261191 patience = 0
***************************************************
best node n882 best error 0
time = 148107289
c7552_1_0
area = 2447
delay = 60.2
write_blif appntk/c7552_1_0_2447_60.2.blif
round 2

0%   10   20   30   40   50   60   70   80   90   100%
|----|----|----|----|----|----|----|----|----|----|
seed = 1567261216 patience = 0
***************************************************
best node n501 best error 0
time = 170709934
c7552_2_0
area = 2422
delay = 58.4
write_blif appntk/c7552_2_0_2422_58.4.blif
round 3

0%   10   20   30   40   50   60   70   80   90   100%
|----|----|----|----|----|----|----|----|----|----|
seed = 1567261239 patience = 0
***************************************************
best node n874 best error 9.76562e-06
time = 188988516
c7552_3_9.76562e-06
area = 2418
delay = 59.2
write_blif appntk/c7552_3_9.76562e-06_2418_59.2.blif
round 4

0%   10   20   30   40   50   60   70   80   90   100%
|----|----|----|----|----|----|----|----|----|----|
seed = 1567261257 patience = 0
***************************************************
best node n707 best error 0.000205078
time = 209586449
c7552_4_0.000205078
area = 2391
delay = 58.9
write_blif appntk/c7552_4_0.000205078_2391_58.9.blif
round 5

0%   10   20   30   40   50   60   70   80   90   100%
|----|----|----|----|----|----|----|----|----|----|
seed = 1567261278 patience = 0
***************************************************
best node n1452 best error 0.000205078
time = 231076729
c7552_5_0.000205078
area = 2402
delay = 59.9
write_blif appntk/c7552_5_0.000205078_2402_59.9.blif
round 6

0%   10   20   30   40   50   60   70   80   90   100%
|----|----|----|----|----|----|----|----|----|----|
seed = 1567261299 patience = 0
***************************************************
best node n672 best error 0.000351563
time = 251907266
c7552_6_0.000351563
area = 2407
delay = 58.2
write_blif appntk/c7552_6_0.000351563_2407_58.2.blif
round 7

0%   10   20   30   40   50   60   70   80   90   100%
|----|----|----|----|----|----|----|----|----|----|
seed = 1567261320 patience = 0
***************************************************
best node n1251 best error 0.000898438
time = 270908970
c7552_7_0.000898438
area = 2350
delay = 58.5
write_blif appntk/c7552_7_0.000898438_2350_58.5.blif
round 8

0%   10   20   30   40   50   60   70   80   90   100%
|----|----|----|----|----|----|----|----|----|----|
seed = 1567261339 patience = 0
***************************************************
best node n673 best error 0.00141602
time = 288973820
c7552_8_0.00141602
area = 2344
delay = 58.8
write_blif appntk/c7552_8_0.00141602_2344_58.8.blif
round 9

0%   10   20   30   40   50   60   70   80   90   100%
|----|----|----|----|----|----|----|----|----|----|
seed = 1567261357 patience = 0
***************************************************
best node n703 best error 0.00320312
time = 307276619
c7552_9_0.00320312
area = 2284
delay = 59.9
write_blif appntk/c7552_9_0.00320312_2284_59.9.blif
round 10

0%   10   20   30   40   50   60   70   80   90   100%
|----|----|----|----|----|----|----|----|----|----|
seed = 1567261376 patience = 0
***************************************************
best node n640 best error 0.00364258
time = 325152554
c7552_10_0.00364258
area = 2278
delay = 58.5
write_blif appntk/c7552_10_0.00364258_2278_58.5.blif
round 11

0%   10   20   30   40   50   60   70   80   90   100%
|----|----|----|----|----|----|----|----|----|----|
seed = 1567261393 patience = 0
***************************************************
best node n1507 best error 0.00364258
time = 342547655
c7552_11_0.00364258
area = 2269
delay = 56.6
write_blif appntk/c7552_11_0.00364258_2269_56.6.blif
round 12

0%   10   20   30   40   50   60   70   80   90   100%
|----|----|----|----|----|----|----|----|----|----|
seed = 1567261411 patience = 0
***************************************************
best node n1177 best error 0.00444336
time = 361141393
c7552_12_0.00444336
area = 2272
delay = 57.7
write_blif appntk/c7552_12_0.00444336_2272_57.7.blif
round 13

0%   10   20   30   40   50   60   70   80   90   100%
|----|----|----|----|----|----|----|----|----|----|
seed = 1567261429 patience = 0
***************************************************
best node n530 best error 0.0116016
time = 377570452
c7552_13_0.0116016
area = 2265
delay = 55.8
write_blif appntk/c7552_13_0.0116016_2265_55.8.blif
round 14

0%   10   20   30   40   50   60   70   80   90   100%
|----|----|----|----|----|----|----|----|----|----|
seed = 1567261446 patience = 0
***************************************************
best node n362 best error 0.0172168
time = 393373826
c7552_14_0.0172168
area = 2269
delay = 60.6
write_blif appntk/c7552_14_0.0172168_2269_60.6.blif
round 15

0%   10   20   30   40   50   60   70   80   90   100%
|----|----|----|----|----|----|----|----|----|----|
seed = 1567261462 patience = 0
***************************************************
best node n1514 best error 0.0400586
time = 407722125
c7552_15_0.0400586
area = 2268
delay = 61.6
write_blif appntk/c7552_15_0.0400586_2268_61.6.blif
round 16

0%   10   20   30   40   50   60   70   80   90   100%
|----|----|----|----|----|----|----|----|----|----|
seed = 1567261476 patience = 0
***************************************************
best node n629 best error 0.0437793
time = 423567417
c7552_16_0.0437793
area = 2257
delay = 61.7
write_blif appntk/c7552_16_0.0437793_2257_61.7.blif
round 17

0%   10   20   30   40   50   60   70   80   90   100%
|----|----|----|----|----|----|----|----|----|----|
seed = 1567261492 patience = 0
***************************************************
best node n1494 best error 0.0437793
time = 439795045
c7552_17_0.0437793
area = 2261
delay = 60.3
write_blif appntk/c7552_17_0.0437793_2261_60.3.blif
round 18

0%   10   20   30   40   50   60   70   80   90   100%
|----|----|----|----|----|----|----|----|----|----|
seed = 1567261508 patience = 0
***************************************************
best node n1174 best error 0.0497363
time = 456122327
c7552_18_0.0497363
area = 2234
delay = 60.7
write_blif appntk/c7552_18_0.0497363_2234_60.7.blif
round 19

0%   10   20   30   40   50   60   70   80   90   100%
|----|----|----|----|----|----|----|----|----|----|
seed = 1567261524 patience = 0
***************************************************
best node n1158 best error 0.053457
time = 471343440
