Entered genlib library with 23 gates from file "data/genlib/mcnc.genlib".
Line 11: Skipping line ".default_input_arrival 0.00 0.00 ".
Line 12: Skipping line ".default_output_required 0.00 0.00 ".
Line 13: Skipping line ".default_input_drive 0.10 0.10 ".
Line 14: Skipping line ".default_output_load 2.00 ".
Line 15: Skipping line ".default_max_input_load 999.00 ".
Original area = 958, original delay = 38.5
round 0

0%   10   20   30   40   50   60   70   80   90   100%
|----|----|----|----|----|----|----|----|----|----|
seed = 1567261067 patience = 0
***************************************************
best node sum[0] best error 0
time = 13499055
cla32_0_0
area = 797
delay = 38.2
write_blif appntk/cla32_0_0_797_38.2.blif
round 1

0%   10   20   30   40   50   60   70   80   90   100%
|----|----|----|----|----|----|----|----|----|----|
seed = 1567261081 patience = 0
***************************************************
best node n159 best error 0
time = 18905825
cla32_1_0
area = 850
delay = 29
write_blif appntk/cla32_1_0_850_29.blif
round 2

0%   10   20   30   40   50   60   70   80   90   100%
|----|----|----|----|----|----|----|----|----|----|
seed = 1567261086 patience = 0
***************************************************
best node n491 best error 0
time = 24975762
cla32_2_0
area = 826
delay = 30
write_blif appntk/cla32_2_0_826_30.blif
round 3

0%   10   20   30   40   50   60   70   80   90   100%
|----|----|----|----|----|----|----|----|----|----|
seed = 1567261092 patience = 0
***************************************************
best node n196 best error 0
time = 29201970
cla32_3_0
area = 806
delay = 26.9
write_blif appntk/cla32_3_0_806_26.9.blif
round 4

0%   10   20   30   40   50   60   70   80   90   100%
|----|----|----|----|----|----|----|----|----|----|
seed = 1567261097 patience = 0
***************************************************
best node n440 best error 1.95312e-05
time = 32694386
cla32_4_1.95312e-05
area = 775
delay = 28.7
write_blif appntk/cla32_4_1.95312e-05_775_28.7.blif
round 5

0%   10   20   30   40   50   60   70   80   90   100%
|----|----|----|----|----|----|----|----|----|----|
seed = 1567261100 patience = 0
***************************************************
best node n411 best error 5.85937e-05
time = 36209485
cla32_5_5.85937e-05
area = 763
delay = 27
write_blif appntk/cla32_5_5.85937e-05_763_27.blif
round 6

0%   10   20   30   40   50   60   70   80   90   100%
|----|----|----|----|----|----|----|----|----|----|
seed = 1567261104 patience = 0
***************************************************
best node n407 best error 8.78906e-05
time = 39830424
cla32_6_8.78906e-05
area = 745
delay = 27
write_blif appntk/cla32_6_8.78906e-05_745_27.blif
round 7

0%   10   20   30   40   50   60   70   80   90   100%
|----|----|----|----|----|----|----|----|----|----|
seed = 1567261107 patience = 0
***************************************************
best node n431 best error 8.78906e-05
time = 43626966
cla32_7_8.78906e-05
area = 748
delay = 28.7
write_blif appntk/cla32_7_8.78906e-05_748_28.7.blif
round 8

0%   10   20   30   40   50   60   70   80   90   100%
|----|----|----|----|----|----|----|----|----|----|
seed = 1567261111 patience = 0
***************************************************
best node n447 best error 8.78906e-05
time = 47334890
cla32_8_8.78906e-05
area = 740
delay = 27.5
write_blif appntk/cla32_8_8.78906e-05_740_27.5.blif
round 9

0%   10   20   30   40   50   60   70   80   90   100%
|----|----|----|----|----|----|----|----|----|----|
seed = 1567261115 patience = 0
***************************************************
best node n380 best error 0.00015625
time = 51193352
cla32_9_0.00015625
area = 742
delay = 28.7
write_blif appntk/cla32_9_0.00015625_742_28.7.blif
round 10

0%   10   20   30   40   50   60   70   80   90   100%
|----|----|----|----|----|----|----|----|----|----|
seed = 1567261118 patience = 0
***************************************************
best node n303 best error 0.00015625
time = 54318468
cla32_10_0.00015625
area = 739
delay = 26.1
write_blif appntk/cla32_10_0.00015625_739_26.1.blif
round 11

0%   10   20   30   40   50   60   70   80   90   100%
|----|----|----|----|----|----|----|----|----|----|
seed = 1567261122 patience = 0
***************************************************
best node n384 best error 0.00015625
time = 57695817
cla32_11_0.00015625
area = 712
delay = 26.9
write_blif appntk/cla32_11_0.00015625_712_26.9.blif
round 12

0%   10   20   30   40   50   60   70   80   90   100%
|----|----|----|----|----|----|----|----|----|----|
seed = 1567261125 patience = 0
***************************************************
best node n367 best error 0.000449219
time = 61187868
cla32_12_0.000449219
area = 675
delay = 27.3
write_blif appntk/cla32_12_0.000449219_675_27.3.blif
round 13

0%   10   20   30   40   50   60   70   80   90   100%
|----|----|----|----|----|----|----|----|----|----|
seed = 1567261128 patience = 0
***************************************************
best node n345 best error 0.000449219
time = 63920662
cla32_13_0.000449219
area = 673
delay = 27.4
write_blif appntk/cla32_13_0.000449219_673_27.4.blif
round 14

0%   10   20   30   40   50   60   70   80   90   100%
|----|----|----|----|----|----|----|----|----|----|
seed = 1567261131 patience = 0
***************************************************
best node n343 best error 0.000947266
time = 66865295
cla32_14_0.000947266
area = 668
delay = 28
write_blif appntk/cla32_14_0.000947266_668_28.blif
round 15

0%   10   20   30   40   50   60   70   80   90   100%
|----|----|----|----|----|----|----|----|----|----|
seed = 1567261134 patience = 0
***************************************************
best node n423 best error 0.000947266
time = 69224625
cla32_15_0.000947266
area = 629
delay = 26.3
write_blif appntk/cla32_15_0.000947266_629_26.3.blif
round 16

0%   10   20   30   40   50   60   70   80   90   100%
|----|----|----|----|----|----|----|----|----|----|
seed = 1567261137 patience = 0
***************************************************
best node n256 best error 0.00112305
time = 71540225
cla32_16_0.00112305
area = 623
delay = 26.5
write_blif appntk/cla32_16_0.00112305_623_26.5.blif
round 17

0%   10   20   30   40   50   60   70   80   90   100%
|----|----|----|----|----|----|----|----|----|----|
seed = 1567261139 patience = 0
***************************************************
best node n256 best error 0.00112305
time = 73926088
cla32_17_0.00112305
area = 635
delay = 27.2
write_blif appntk/cla32_17_0.00112305_635_27.2.blif
round 18

0%   10   20   30   40   50   60   70   80   90   100%
|----|----|----|----|----|----|----|----|----|----|
seed = 1567261141 patience = 0
***************************************************
best node n328 best error 0.00217773
time = 76523315
cla32_18_0.00217773
area = 617
delay = 28.6
write_blif appntk/cla32_18_0.00217773_617_28.6.blif
round 19

0%   10   20   30   40   50   60   70   80   90   100%
|----|----|----|----|----|----|----|----|----|----|
seed = 1567261144 patience = 0
***************************************************
best node n301 best error 0.00217773
time = 78284739
cla32_19_0.00217773
area = 611
delay = 25.9
write_blif appntk/cla32_19_0.00217773_611_25.9.blif
round 20

0%   10   20   30   40   50   60   70   80   90   100%
|----|----|----|----|----|----|----|----|----|----|
seed = 1567261146 patience = 0
***************************************************
best node n300 best error 0.00217773
time = 80210366
cla32_20_0.00217773
area = 608
delay = 26.1
write_blif appntk/cla32_20_0.00217773_608_26.1.blif
round 21

0%   10   20   30   40   50   60   70   80   90   100%
|----|----|----|----|----|----|----|----|----|----|
seed = 1567261148 patience = 0
***************************************************
best node n253 best error 0.0324414
time = 81761298
cla32_21_0.0324414
area = 595
delay = 26.4
write_blif appntk/cla32_21_0.0324414_595_26.4.blif
round 22

0%   10   20   30   40   50   60   70   80   90   100%
|----|----|----|----|----|----|----|----|----|----|
seed = 1567261149 patience = 0
***************************************************
best node n213 best error 0.0360937
time = 83264292
cla32_22_0.0360937
area = 597
delay = 27
write_blif appntk/cla32_22_0.0360937_597_27.blif
round 23

0%   10   20   30   40   50   60   70   80   90   100%
|----|----|----|----|----|----|----|----|----|----|
seed = 1567261151 patience = 0
***************************************************
best node n260 best error 0.067373
time = 84664995
