Entered genlib library with 23 gates from file "data/genlib/mcnc.genlib".
Line 11: Skipping line ".default_input_arrival 0.00 0.00 ".
Line 12: Skipping line ".default_output_required 0.00 0.00 ".
Line 13: Skipping line ".default_input_drive 0.10 0.10 ".
Line 14: Skipping line ".default_output_load 2.00 ".
Line 15: Skipping line ".default_max_input_load 999.00 ".
Original area = 1128, original delay = 17.8
round 0

0%   10   20   30   40   50   60   70   80   90   100%
|----|----|----|----|----|----|----|----|----|----|
seed = 1567261067 patience = 0
***************************************************
best node sum[0] best error 0
time = 17754695
ksa32_0_0
area = 1012
delay = 17
write_blif appntk/ksa32_0_0_1012_17.blif
round 1

0%   10   20   30   40   50   60   70   80   90   100%
|----|----|----|----|----|----|----|----|----|----|
seed = 1567261085 patience = 0
***************************************************
best node n467 best error 0
time = 30810946
ksa32_1_0
area = 1014
delay = 16.6
write_blif appntk/ksa32_1_0_1014_16.6.blif
round 2

0%   10   20   30   40   50   60   70   80   90   100%
|----|----|----|----|----|----|----|----|----|----|
seed = 1567261099 patience = 0
***************************************************
best node n500 best error 0
time = 42176644
ksa32_2_0
area = 1002
delay = 16.6
write_blif appntk/ksa32_2_0_1002_16.6.blif
round 3

0%   10   20   30   40   50   60   70   80   90   100%
|----|----|----|----|----|----|----|----|----|----|
seed = 1567261110 patience = 0
***************************************************
best node n516 best error 0
time = 51304725
ksa32_3_0
area = 994
delay = 17.4
write_blif appntk/ksa32_3_0_994_17.4.blif
round 4

0%   10   20   30   40   50   60   70   80   90   100%
|----|----|----|----|----|----|----|----|----|----|
seed = 1567261119 patience = 0
***************************************************
best node n560 best error 0
time = 59971176
ksa32_4_0
area = 991
delay = 17.4
write_blif appntk/ksa32_4_0_991_17.4.blif
round 5

0%   10   20   30   40   50   60   70   80   90   100%
|----|----|----|----|----|----|----|----|----|----|
seed = 1567261127 patience = 0
***************************************************
best node n445 best error 9.76562e-06
time = 69398592
ksa32_5_9.76562e-06
area = 991
delay = 16.6
write_blif appntk/ksa32_5_9.76562e-06_991_16.6.blif
round 6

0%   10   20   30   40   50   60   70   80   90   100%
|----|----|----|----|----|----|----|----|----|----|
seed = 1567261137 patience = 0
***************************************************
best node n588 best error 9.76562e-06
time = 78968389
ksa32_6_9.76562e-06
area = 969
delay = 17.2
write_blif appntk/ksa32_6_9.76562e-06_969_17.2.blif
round 7

0%   10   20   30   40   50   60   70   80   90   100%
|----|----|----|----|----|----|----|----|----|----|
seed = 1567261147 patience = 0
***************************************************
best node n476 best error 1.95312e-05
time = 87207028
ksa32_7_1.95312e-05
area = 963
delay = 17.2
write_blif appntk/ksa32_7_1.95312e-05_963_17.2.blif
round 8

0%   10   20   30   40   50   60   70   80   90   100%
|----|----|----|----|----|----|----|----|----|----|
seed = 1567261155 patience = 0
***************************************************
best node n525 best error 2.92969e-05
time = 96196818
ksa32_8_2.92969e-05
area = 956
delay = 17.2
write_blif appntk/ksa32_8_2.92969e-05_956_17.2.blif
round 9

0%   10   20   30   40   50   60   70   80   90   100%
|----|----|----|----|----|----|----|----|----|----|
seed = 1567261164 patience = 0
***************************************************
best node n542 best error 3.90625e-05
time = 106042413
ksa32_9_3.90625e-05
area = 979
delay = 17.2
write_blif appntk/ksa32_9_3.90625e-05_979_17.2.blif
round 10

0%   10   20   30   40   50   60   70   80   90   100%
|----|----|----|----|----|----|----|----|----|----|
seed = 1567261174 patience = 0
***************************************************
best node n558 best error 4.88281e-05
time = 114888730
ksa32_10_4.88281e-05
area = 980
delay = 17
write_blif appntk/ksa32_10_4.88281e-05_980_17.blif
round 11

0%   10   20   30   40   50   60   70   80   90   100%
|----|----|----|----|----|----|----|----|----|----|
seed = 1567261182 patience = 0
***************************************************
best node n497 best error 0.000136719
time = 123261378
ksa32_11_0.000136719
area = 972
delay = 17
write_blif appntk/ksa32_11_0.000136719_972_17.blif
round 12

0%   10   20   30   40   50   60   70   80   90   100%
|----|----|----|----|----|----|----|----|----|----|
seed = 1567261191 patience = 0
***************************************************
best node n481 best error 0.000214844
time = 130704855
ksa32_12_0.000214844
area = 957
delay = 17
write_blif appntk/ksa32_12_0.000214844_957_17.blif
round 13

0%   10   20   30   40   50   60   70   80   90   100%
|----|----|----|----|----|----|----|----|----|----|
seed = 1567261198 patience = 0
***************************************************
best node n299 best error 0.000341797
time = 139253906
ksa32_13_0.000341797
area = 933
delay = 16.4
write_blif appntk/ksa32_13_0.000341797_933_16.4.blif
round 14

0%   10   20   30   40   50   60   70   80   90   100%
|----|----|----|----|----|----|----|----|----|----|
seed = 1567261207 patience = 0
***************************************************
best node n462 best error 0.000371094
time = 146900109
ksa32_14_0.000371094
area = 932
delay = 16.4
write_blif appntk/ksa32_14_0.000371094_932_16.4.blif
round 15

0%   10   20   30   40   50   60   70   80   90   100%
|----|----|----|----|----|----|----|----|----|----|
seed = 1567261214 patience = 0
***************************************************
best node n454 best error 0.000371094
time = 153874891
ksa32_15_0.000371094
area = 922
delay = 16.4
write_blif appntk/ksa32_15_0.000371094_922_16.4.blif
round 16

0%   10   20   30   40   50   60   70   80   90   100%
|----|----|----|----|----|----|----|----|----|----|
seed = 1567261221 patience = 0
***************************************************
best node n507 best error 0.00213867
time = 161030219
ksa32_16_0.00213867
area = 915
delay = 16.4
write_blif appntk/ksa32_16_0.00213867_915_16.4.blif
round 17

0%   10   20   30   40   50   60   70   80   90   100%
|----|----|----|----|----|----|----|----|----|----|
seed = 1567261229 patience = 0
***************************************************
best node n519 best error 0.00306641
time = 169251191
ksa32_17_0.00306641
area = 912
delay = 16.4
write_blif appntk/ksa32_17_0.00306641_912_16.4.blif
round 18

0%   10   20   30   40   50   60   70   80   90   100%
|----|----|----|----|----|----|----|----|----|----|
seed = 1567261237 patience = 0
***************************************************
best node n542 best error 0.00470703
time = 175119259
ksa32_18_0.00470703
area = 912
delay = 16.4
write_blif appntk/ksa32_18_0.00470703_912_16.4.blif
round 19

0%   10   20   30   40   50   60   70   80   90   100%
|----|----|----|----|----|----|----|----|----|----|
seed = 1567261243 patience = 0
***************************************************
best node n430 best error 0.00636719
time = 181667912
ksa32_19_0.00636719
area = 913
delay = 16.4
write_blif appntk/ksa32_19_0.00636719_913_16.4.blif
round 20

0%   10   20   30   40   50   60   70   80   90   100%
|----|----|----|----|----|----|----|----|----|----|
seed = 1567261249 patience = 0
***************************************************
best node n421 best error 0.00738281
time = 187354325
ksa32_20_0.00738281
area = 916
delay = 17
write_blif appntk/ksa32_20_0.00738281_916_17.blif
round 21

0%   10   20   30   40   50   60   70   80   90   100%
|----|----|----|----|----|----|----|----|----|----|
seed = 1567261255 patience = 0
***************************************************
best node n396 best error 0.00833984
time = 193042736
ksa32_21_0.00833984
area = 903
delay = 16.4
write_blif appntk/ksa32_21_0.00833984_903_16.4.blif
round 22

0%   10   20   30   40   50   60   70   80   90   100%
|----|----|----|----|----|----|----|----|----|----|
seed = 1567261261 patience = 0
***************************************************
best node n531 best error 0.00819336
time = 199299947
ksa32_22_0.00819336
area = 890
delay = 17.4
write_blif appntk/ksa32_22_0.00819336_890_17.4.blif
round 23

0%   10   20   30   40   50   60   70   80   90   100%
|----|----|----|----|----|----|----|----|----|----|
seed = 1567261267 patience = 0
***************************************************
best node n514 best error 0.00819336
time = 204716411
ksa32_23_0.00819336
area = 876
delay = 15.5
write_blif appntk/ksa32_23_0.00819336_876_15.5.blif
round 24

0%   10   20   30   40   50   60   70   80   90   100%
|----|----|----|----|----|----|----|----|----|----|
seed = 1567261272 patience = 0
***************************************************
best node n375 best error 0.00911133
time = 211031958
ksa32_24_0.00911133
area = 863
delay = 15.4
write_blif appntk/ksa32_24_0.00911133_863_15.4.blif
round 25

0%   10   20   30   40   50   60   70   80   90   100%
|----|----|----|----|----|----|----|----|----|----|
seed = 1567261279 patience = 0
***************************************************
best node n357 best error 0.0101953
time = 216854412
ksa32_25_0.0101953
area = 847
delay = 15.4
write_blif appntk/ksa32_25_0.0101953_847_15.4.blif
round 26

0%   10   20   30   40   50   60   70   80   90   100%
|----|----|----|----|----|----|----|----|----|----|
seed = 1567261284 patience = 0
***************************************************
best node n339 best error 0.0110449
time = 222214659
ksa32_26_0.0110449
area = 823
delay = 15.4
write_blif appntk/ksa32_26_0.0110449_823_15.4.blif
round 27

0%   10   20   30   40   50   60   70   80   90   100%
|----|----|----|----|----|----|----|----|----|----|
seed = 1567261290 patience = 0
***************************************************
best node n322 best error 0.0119824
time = 227098038
ksa32_27_0.0119824
area = 814
delay = 15.4
write_blif appntk/ksa32_27_0.0119824_814_15.4.blif
round 28

0%   10   20   30   40   50   60   70   80   90   100%
|----|----|----|----|----|----|----|----|----|----|
seed = 1567261295 patience = 0
***************************************************
best node n299 best error 0.0128809
time = 231546002
ksa32_28_0.0128809
area = 793
delay = 15.5
write_blif appntk/ksa32_28_0.0128809_793_15.5.blif
round 29

0%   10   20   30   40   50   60   70   80   90   100%
|----|----|----|----|----|----|----|----|----|----|
seed = 1567261299 patience = 0
***************************************************
best node n256 best error 0.0147754
time = 235579313
ksa32_29_0.0147754
area = 790
delay = 17.3
write_blif appntk/ksa32_29_0.0147754_790_17.3.blif
round 30

0%   10   20   30   40   50   60   70   80   90   100%
|----|----|----|----|----|----|----|----|----|----|
seed = 1567261303 patience = 0
***************************************************
best node n254 best error 0.0143164
time = 239786119
ksa32_30_0.0143164
area = 786
delay = 15.5
write_blif appntk/ksa32_30_0.0143164_786_15.5.blif
round 31

0%   10   20   30   40   50   60   70   80   90   100%
|----|----|----|----|----|----|----|----|----|----|
seed = 1567261307 patience = 0
***************************************************
best node n218 best error 0.015918
time = 243796558
ksa32_31_0.015918
area = 770
delay = 15.2
write_blif appntk/ksa32_31_0.015918_770_15.2.blif
round 32

0%   10   20   30   40   50   60   70   80   90   100%
|----|----|----|----|----|----|----|----|----|----|
seed = 1567261311 patience = 0
***************************************************
best node n332 best error 0.0197266
time = 247149511
ksa32_32_0.0197266
area = 763
delay = 15.7
write_blif appntk/ksa32_32_0.0197266_763_15.7.blif
round 33

0%   10   20   30   40   50   60   70   80   90   100%
|----|----|----|----|----|----|----|----|----|----|
seed = 1567261315 patience = 0
***************************************************
best node n271 best error 0.0234961
time = 249851767
ksa32_33_0.0234961
area = 749
delay = 15.4
write_blif appntk/ksa32_33_0.0234961_749_15.4.blif
round 34

0%   10   20   30   40   50   60   70   80   90   100%
|----|----|----|----|----|----|----|----|----|----|
seed = 1567261317 patience = 0
***************************************************
best node n285 best error 0.0234961
time = 253255036
ksa32_34_0.0234961
area = 741
delay = 15.4
write_blif appntk/ksa32_34_0.0234961_741_15.4.blif
round 35

0%   10   20   30   40   50   60   70   80   90   100%
|----|----|----|----|----|----|----|----|----|----|
seed = 1567261321 patience = 0
***************************************************
best node n307 best error 0.026377
time = 256969468
ksa32_35_0.026377
area = 723
delay = 15.7
write_blif appntk/ksa32_35_0.026377_723_15.7.blif
round 36

0%   10   20   30   40   50   60   70   80   90   100%
|----|----|----|----|----|----|----|----|----|----|
seed = 1567261324 patience = 0
***************************************************
best node n320 best error 0.0293262
time = 259586392
ksa32_36_0.0293262
area = 704
delay = 15.7
write_blif appntk/ksa32_36_0.0293262_704_15.7.blif
round 37

0%   10   20   30   40   50   60   70   80   90   100%
|----|----|----|----|----|----|----|----|----|----|
seed = 1567261327 patience = 0
***************************************************
best node n328 best error 0.0293262
time = 262230327
ksa32_37_0.0293262
area = 698
delay = 15.7
write_blif appntk/ksa32_37_0.0293262_698_15.7.blif
round 38

0%   10   20   30   40   50   60   70   80   90   100%
|----|----|----|----|----|----|----|----|----|----|
seed = 1567261330 patience = 0
***************************************************
best node n411 best error 0.0333984
time = 264214144
ksa32_38_0.0333984
area = 680
delay = 15.7
write_blif appntk/ksa32_38_0.0333984_680_15.7.blif
round 39

0%   10   20   30   40   50   60   70   80   90   100%
|----|----|----|----|----|----|----|----|----|----|
seed = 1567261332 patience = 0
***************************************************
best node n284 best error 0.0371973
time = 266699275
ksa32_39_0.0371973
area = 677
delay = 15.9
write_blif appntk/ksa32_39_0.0371973_677_15.9.blif
round 40

0%   10   20   30   40   50   60   70   80   90   100%
|----|----|----|----|----|----|----|----|----|----|
seed = 1567261334 patience = 0
***************************************************
best node n380 best error 0.0389258
time = 269033002
ksa32_40_0.0389258
area = 670
delay = 15.9
write_blif appntk/ksa32_40_0.0389258_670_15.9.blif
round 41

0%   10   20   30   40   50   60   70   80   90   100%
|----|----|----|----|----|----|----|----|----|----|
seed = 1567261336 patience = 0
***************************************************
best node n292 best error 0.0389258
time = 271130277
ksa32_41_0.0389258
area = 660
delay = 15.9
write_blif appntk/ksa32_41_0.0389258_660_15.9.blif
round 42

0%   10   20   30   40   50   60   70   80   90   100%
|----|----|----|----|----|----|----|----|----|----|
seed = 1567261339 patience = 0
***************************************************
best node n214 best error 0.0430566
time = 273270200
ksa32_42_0.0430566
area = 650
delay = 16.1
write_blif appntk/ksa32_42_0.0430566_650_16.1.blif
round 43

0%   10   20   30   40   50   60   70   80   90   100%
|----|----|----|----|----|----|----|----|----|----|
seed = 1567261341 patience = 0
***************************************************
best node n372 best error 0.0508105
time = 274849031
