Entered genlib library with 23 gates from file "data/genlib/mcnc.genlib".
Line 7: Skipping line ".default_input_arrival 0.00 0.00 ".
Line 8: Skipping line ".default_output_required 0.00 0.00 ".
Line 9: Skipping line ".default_input_drive 0.10 0.10 ".
Line 10: Skipping line ".default_output_load 2.00 ".
Line 11: Skipping line ".default_max_input_load 999.00 ".
Original area = 1069, original delay = 37.8
round 0

0%   10   20   30   40   50   60   70   80   90   100%
|----|----|----|----|----|----|----|----|----|----|
seed = 1567261067 patience = 0
***************************************************
best node [167126] best error 0
time = 6415359
mtp8_0_0
area = 1053
delay = 37
write_blif appntk/mtp8_0_0_1053_37.blif
round 1

0%   10   20   30   40   50   60   70   80   90   100%
|----|----|----|----|----|----|----|----|----|----|
seed = 1567261074 patience = 0
***************************************************
best node n197 best error 0.0118945
time = 10852451
mtp8_1_0.0118945
area = 1045
delay = 34.3
write_blif appntk/mtp8_1_0.0118945_1045_34.3.blif
round 2

0%   10   20   30   40   50   60   70   80   90   100%
|----|----|----|----|----|----|----|----|----|----|
seed = 1567261079 patience = 0
***************************************************
best node n113 best error 0.0273926
time = 15791077
mtp8_2_0.0273926
area = 1046
delay = 35.5
write_blif appntk/mtp8_2_0.0273926_1046_35.5.blif
round 3

0%   10   20   30   40   50   60   70   80   90   100%
|----|----|----|----|----|----|----|----|----|----|
seed = 1567261084 patience = 0
***************************************************
best node n202 best error 0.0273926
time = 20460981
mtp8_3_0.0273926
area = 1028
delay = 33.4
write_blif appntk/mtp8_3_0.0273926_1028_33.4.blif
round 4

0%   10   20   30   40   50   60   70   80   90   100%
|----|----|----|----|----|----|----|----|----|----|
seed = 1567261088 patience = 0
***************************************************
time = 24014449
mtp8_4_0.0273926
area = 1029
delay = 33.4
write_blif appntk/mtp8_4_0.0273926_1029_33.4.blif
round 5

0%   10   20   30   40   50   60   70   80   90   100%
|----|----|----|----|----|----|----|----|----|----|
seed = 1567261092 patience = 1
***************************************************
best node n244 best error 0.0870703
time = 28139133
