Entered genlib library with 23 gates from file "data/genlib/mcnc.genlib".
Original area = 666, original delay = 16.1
round 0

0%   10   20   30   40   50   60   70   80   90   100%
|----|----|----|----|----|----|----|----|----|----|
seed = 1567261067 patience = 0
***************************************************
best node n102 best error 0
time = 6623092
rca32_0_0
area = 713
delay = 16.1
write_blif appntk/rca32_0_0_713_16.1.blif
round 1

0%   10   20   30   40   50   60   70   80   90   100%
|----|----|----|----|----|----|----|----|----|----|
seed = 1567261074 patience = 0
***************************************************
best node n371 best error 0.000117187
time = 9636288
rca32_1_0.000117187
area = 641
delay = 16
write_blif appntk/rca32_1_0.000117187_641_16.blif
round 2

0%   10   20   30   40   50   60   70   80   90   100%
|----|----|----|----|----|----|----|----|----|----|
seed = 1567261077 patience = 0
***************************************************
best node n328 best error 0.00203125
time = 12832405
rca32_2_0.00203125
area = 679
delay = 16
write_blif appntk/rca32_2_0.00203125_679_16.blif
round 3

0%   10   20   30   40   50   60   70   80   90   100%
|----|----|----|----|----|----|----|----|----|----|
seed = 1567261080 patience = 0
***************************************************
best node n250 best error 0.00401367
time = 15501700
rca32_3_0.00401367
area = 678
delay = 16.1
write_blif appntk/rca32_3_0.00401367_678_16.1.blif
round 4

0%   10   20   30   40   50   60   70   80   90   100%
|----|----|----|----|----|----|----|----|----|----|
seed = 1567261083 patience = 0
***************************************************
best node n166 best error 0.0205859
time = 17215160
rca32_4_0.0205859
area = 600
delay = 16.1
write_blif appntk/rca32_4_0.0205859_600_16.1.blif
round 5

0%   10   20   30   40   50   60   70   80   90   100%
|----|----|----|----|----|----|----|----|----|----|
seed = 1567261084 patience = 0
***************************************************
best node n242 best error 0.0375879
time = 18846119
rca32_5_0.0375879
area = 618
delay = 16
write_blif appntk/rca32_5_0.0375879_618_16.blif
round 6

0%   10   20   30   40   50   60   70   80   90   100%
|----|----|----|----|----|----|----|----|----|----|
seed = 1567261086 patience = 0
***************************************************
best node n201 best error 0.064502
time = 20903385
