Entered genlib library with 23 gates from file "data/genlib/mcnc.genlib".
Line 9: Skipping line ".default_input_arrival 0.00 0.00 ".
Line 10: Skipping line ".default_output_required 0.00 0.00 ".
Line 11: Skipping line ".default_input_drive 0.10 0.10 ".
Line 12: Skipping line ".default_output_load 2.00 ".
Line 13: Skipping line ".default_max_input_load 999.00 ".
Original area = 1081, original delay = 45.3
round 0

0%   10   20   30   40   50   60   70   80   90   100%
|----|----|----|----|----|----|----|----|----|----|
seed = 1567261067 patience = 0
***************************************************
best node product[0] best error 0
time = 5943104
wal8_0_0
area = 908
delay = 43.5
write_blif appntk/wal8_0_0_908_43.5.blif
round 1

0%   10   20   30   40   50   60   70   80   90   100%
|----|----|----|----|----|----|----|----|----|----|
seed = 1567261074 patience = 0
***************************************************
best node n97 best error 0.00743164
time = 10080327
wal8_1_0.00743164
area = 900
delay = 43.4
write_blif appntk/wal8_1_0.00743164_900_43.4.blif
round 2

0%   10   20   30   40   50   60   70   80   90   100%
|----|----|----|----|----|----|----|----|----|----|
seed = 1567261078 patience = 0
***************************************************
best node n237 best error 0.00987305
time = 14655586
wal8_2_0.00987305
area = 892
delay = 43.6
write_blif appntk/wal8_2_0.00987305_892_43.6.blif
round 3

0%   10   20   30   40   50   60   70   80   90   100%
|----|----|----|----|----|----|----|----|----|----|
seed = 1567261082 patience = 0
***************************************************
best node n129 best error 0.00987305
time = 18740573
wal8_3_0.00987305
area = 889
delay = 43.6
write_blif appntk/wal8_3_0.00987305_889_43.6.blif
round 4

0%   10   20   30   40   50   60   70   80   90   100%
|----|----|----|----|----|----|----|----|----|----|
seed = 1567261087 patience = 0
***************************************************
best node n288 best error 0.00988281
time = 23706771
wal8_4_0.00988281
area = 882
delay = 42.6
write_blif appntk/wal8_4_0.00988281_882_42.6.blif
round 5

0%   10   20   30   40   50   60   70   80   90   100%
|----|----|----|----|----|----|----|----|----|----|
seed = 1567261092 patience = 0
***************************************************
best node n177 best error 0.0123633
time = 28209207
wal8_5_0.0123633
area = 879
delay = 42.6
write_blif appntk/wal8_5_0.0123633_879_42.6.blif
round 6

0%   10   20   30   40   50   60   70   80   90   100%
|----|----|----|----|----|----|----|----|----|----|
seed = 1567261096 patience = 0
***************************************************
best node n327 best error 0.0225977
time = 31448467
wal8_6_0.0225977
area = 870
delay = 44.9
write_blif appntk/wal8_6_0.0225977_870_44.9.blif
round 7

0%   10   20   30   40   50   60   70   80   90   100%
|----|----|----|----|----|----|----|----|----|----|
seed = 1567261099 patience = 0
***************************************************
best node n68 best error 0.0370508
time = 34507116
wal8_7_0.0370508
area = 875
delay = 44.9
write_blif appntk/wal8_7_0.0370508_875_44.9.blif
round 8

0%   10   20   30   40   50   60   70   80   90   100%
|----|----|----|----|----|----|----|----|----|----|
seed = 1567261102 patience = 0
***************************************************
best node n276 best error 0.0465625
time = 37891180
wal8_8_0.0465625
area = 867
delay = 44.7
write_blif appntk/wal8_8_0.0465625_867_44.7.blif
round 9

0%   10   20   30   40   50   60   70   80   90   100%
|----|----|----|----|----|----|----|----|----|----|
seed = 1567261106 patience = 0
***************************************************
best node n67 best error 0.0537402
time = 40864968
