Entered genlib library with 23 gates from file "data/genlib/mcnc.genlib".
Nodes = 6. Try = 6. Resub = 0. Div = 14. SAT calls = 14. Timeouts = 0. MaxDivs = 0.
Attempts :   Remove      0 out of     12 (  0.00 %)   Resub       0 out of      2 (  0.00 %)   
Reduction:   Nodes       0 out of      6 (  0.00 %)   Edges       0 out of     12 (  0.00 %)   
Win =     0.00 sec (  0.53 %)
Div =     0.00 sec (  0.59 %)
Aig =     0.00 sec (  1.53 %)
Gia =     0.00 sec (  0.00 %)
Cnf =     0.00 sec (  0.41 %)
Sat =     0.00 sec ( 35.00 %)
Int =     0.00 sec (  0.00 %)
ALL =     0.00 sec (100.00 %)
round 0

0%   10   20   30   40   50   60   70   80   90   100%
|----|----|----|----|----|----|----|----|----|----|
seed = 1566910993 patience = 0
***************************************************
time = 104175
c17_0_0
area = 12
delay = 3
write_blif appntk/c17_0_0_12_3.blif
sis -x -c "read_library data/genlib/mcnc.genlib;read_blif appntk/c17_0_0_12_3.blif;print_map_stats" | grep -e "Most Negative Slack" -e "Total Area"
"appntk/c17_0_0_12_3.blif", line 6: .and_gate_delay 1.9
Total Area		=  12.00
Most Negative Slack	=  -3.80
Nodes = 6. Try = 6. Resub = 0. Div = 14. SAT calls = 14. Timeouts = 0. MaxDivs = 0.
Attempts :   Remove      0 out of     12 (  0.00 %)   Resub       0 out of      2 (  0.00 %)   
Reduction:   Nodes       0 out of      6 (  0.00 %)   Edges       0 out of     12 (  0.00 %)   
Win =     0.00 sec (  0.30 %)
Div =     0.00 sec (  0.45 %)
Aig =     0.00 sec (  1.16 %)
Gia =     0.00 sec (  0.00 %)
Cnf =     0.00 sec (  0.25 %)
Sat =     0.00 sec ( 25.48 %)
Int =     0.00 sec (  0.00 %)
ALL =     0.00 sec (100.00 %)
round 1

0%   10   20   30   40   50   60   70   80   90   100%
|----|----|----|----|----|----|----|----|----|----|
seed = 1566910994 patience = 1
***************************************************
time = 196581
c17_1_0
area = 12
delay = 3
write_blif appntk/c17_1_0_12_3.blif
sis -x -c "read_library data/genlib/mcnc.genlib;read_blif appntk/c17_1_0_12_3.blif;print_map_stats" | grep -e "Most Negative Slack" -e "Total Area"
"appntk/c17_1_0_12_3.blif", line 6: .and_gate_delay 1.9
Total Area		=  12.00
Most Negative Slack	=  -3.80
Nodes = 6. Try = 6. Resub = 0. Div = 14. SAT calls = 14. Timeouts = 0. MaxDivs = 0.
Attempts :   Remove      0 out of     12 (  0.00 %)   Resub       0 out of      2 (  0.00 %)   
Reduction:   Nodes       0 out of      6 (  0.00 %)   Edges       0 out of     12 (  0.00 %)   
Win =     0.00 sec (  0.27 %)
Div =     0.00 sec (  0.77 %)
Aig =     0.00 sec (  1.04 %)
Gia =     0.00 sec (  0.00 %)
Cnf =     0.00 sec (  0.23 %)
Sat =     0.00 sec ( 23.77 %)
Int =     0.00 sec (  0.00 %)
ALL =     0.00 sec (100.00 %)
round 2

0%   10   20   30   40   50   60   70   80   90   100%
|----|----|----|----|----|----|----|----|----|----|
seed = 1566910994 patience = 2
***************************************************
time = 292825
c17_2_0
area = 12
delay = 3
write_blif appntk/c17_2_0_12_3.blif
sis -x -c "read_library data/genlib/mcnc.genlib;read_blif appntk/c17_2_0_12_3.blif;print_map_stats" | grep -e "Most Negative Slack" -e "Total Area"
"appntk/c17_2_0_12_3.blif", line 6: .and_gate_delay 1.9
Total Area		=  12.00
Most Negative Slack	=  -3.80
Nodes = 6. Try = 6. Resub = 0. Div = 14. SAT calls = 14. Timeouts = 0. MaxDivs = 0.
Attempts :   Remove      0 out of     12 (  0.00 %)   Resub       0 out of      2 (  0.00 %)   
Reduction:   Nodes       0 out of      6 (  0.00 %)   Edges       0 out of     12 (  0.00 %)   
Win =     0.00 sec (  0.30 %)
Div =     0.00 sec (  0.39 %)
Aig =     0.00 sec (  0.94 %)
Gia =     0.00 sec (  0.00 %)
Cnf =     0.00 sec (  0.20 %)
Sat =     0.00 sec ( 26.29 %)
Int =     0.00 sec (  0.00 %)
ALL =     0.00 sec (100.00 %)
round 3

0%   10   20   30   40   50   60   70   80   90   100%
|----|----|----|----|----|----|----|----|----|----|
seed = 1566910994 patience = 3
***************************************************
time = 391238
c17_3_0
area = 12
delay = 3
write_blif appntk/c17_3_0_12_3.blif
sis -x -c "read_library data/genlib/mcnc.genlib;read_blif appntk/c17_3_0_12_3.blif;print_map_stats" | grep -e "Most Negative Slack" -e "Total Area"
"appntk/c17_3_0_12_3.blif", line 6: .and_gate_delay 1.9
Total Area		=  12.00
Most Negative Slack	=  -3.80
Nodes = 6. Try = 6. Resub = 0. Div = 14. SAT calls = 14. Timeouts = 0. MaxDivs = 0.
Attempts :   Remove      0 out of     12 (  0.00 %)   Resub       0 out of      2 (  0.00 %)   
Reduction:   Nodes       0 out of      6 (  0.00 %)   Edges       0 out of     12 (  0.00 %)   
Win =     0.00 sec (  0.34 %)
Div =     0.00 sec (  0.54 %)
Aig =     0.00 sec (  0.98 %)
Gia =     0.00 sec (  0.00 %)
Cnf =     0.00 sec (  0.20 %)
Sat =     0.00 sec ( 26.45 %)
Int =     0.00 sec (  0.00 %)
ALL =     0.00 sec (100.00 %)
round 4

0%   10   20   30   40   50   60   70   80   90   100%
|----|----|----|----|----|----|----|----|----|----|
seed = 1566910994 patience = 4
***************************************************
Network does not change, frame number changes to 4096
time = 488657
c17_4_0
area = 12
delay = 3
write_blif appntk/c17_4_0_12_3.blif
sis -x -c "read_library data/genlib/mcnc.genlib;read_blif appntk/c17_4_0_12_3.blif;print_map_stats" | grep -e "Most Negative Slack" -e "Total Area"
"appntk/c17_4_0_12_3.blif", line 6: .and_gate_delay 1.9
Total Area		=  12.00
Most Negative Slack	=  -3.80
Nodes = 6. Try = 6. Resub = 0. Div = 14. SAT calls = 14. Timeouts = 0. MaxDivs = 0.
Attempts :   Remove      0 out of     12 (  0.00 %)   Resub       0 out of      2 (  0.00 %)   
Reduction:   Nodes       0 out of      6 (  0.00 %)   Edges       0 out of     12 (  0.00 %)   
Win =     0.00 sec (  0.37 %)
Div =     0.00 sec (  0.53 %)
Aig =     0.00 sec (  1.05 %)
Gia =     0.00 sec (  0.00 %)
Cnf =     0.00 sec (  0.37 %)
Sat =     0.00 sec ( 26.47 %)
Int =     0.00 sec (  0.00 %)
ALL =     0.00 sec (100.00 %)
round 5

0%   10   20   30   40   50   60   70   80   90   100%
|----|----|----|----|----|----|----|----|----|----|
seed = 1566910994 patience = 0
***************************************************
time = 576809
c17_5_0
area = 12
delay = 3
write_blif appntk/c17_5_0_12_3.blif
sis -x -c "read_library data/genlib/mcnc.genlib;read_blif appntk/c17_5_0_12_3.blif;print_map_stats" | grep -e "Most Negative Slack" -e "Total Area"
"appntk/c17_5_0_12_3.blif", line 6: .and_gate_delay 1.9
Total Area		=  12.00
Most Negative Slack	=  -3.80
Nodes = 6. Try = 6. Resub = 0. Div = 14. SAT calls = 14. Timeouts = 0. MaxDivs = 0.
Attempts :   Remove      0 out of     12 (  0.00 %)   Resub       0 out of      2 (  0.00 %)   
Reduction:   Nodes       0 out of      6 (  0.00 %)   Edges       0 out of     12 (  0.00 %)   
Win =     0.00 sec (  0.31 %)
Div =     0.00 sec (  0.46 %)
Aig =     0.00 sec (  1.03 %)
Gia =     0.00 sec (  0.00 %)
Cnf =     0.00 sec (  0.15 %)
Sat =     0.00 sec ( 24.79 %)
Int =     0.00 sec (  0.00 %)
ALL =     0.00 sec (100.00 %)
round 6

0%   10   20   30   40   50   60   70   80   90   100%
|----|----|----|----|----|----|----|----|----|----|
seed = 1566910994 patience = 1
***************************************************
time = 660042
c17_6_0
area = 12
delay = 3
write_blif appntk/c17_6_0_12_3.blif
sis -x -c "read_library data/genlib/mcnc.genlib;read_blif appntk/c17_6_0_12_3.blif;print_map_stats" | grep -e "Most Negative Slack" -e "Total Area"
"appntk/c17_6_0_12_3.blif", line 6: .and_gate_delay 1.9
Total Area		=  12.00
Most Negative Slack	=  -3.80
Nodes = 6. Try = 6. Resub = 0. Div = 14. SAT calls = 14. Timeouts = 0. MaxDivs = 0.
Attempts :   Remove      0 out of     12 (  0.00 %)   Resub       0 out of      2 (  0.00 %)   
Reduction:   Nodes       0 out of      6 (  0.00 %)   Edges       0 out of     12 (  0.00 %)   
Win =     0.00 sec (  0.32 %)
Div =     0.00 sec (  0.41 %)
Aig =     0.00 sec (  0.87 %)
Gia =     0.00 sec (  0.00 %)
Cnf =     0.00 sec (  0.27 %)
Sat =     0.00 sec ( 22.38 %)
Int =     0.00 sec (  0.00 %)
ALL =     0.00 sec (100.00 %)
round 7

0%   10   20   30   40   50   60   70   80   90   100%
|----|----|----|----|----|----|----|----|----|----|
seed = 1566910994 patience = 2
***************************************************
time = 742655
c17_7_0
area = 12
delay = 3
write_blif appntk/c17_7_0_12_3.blif
sis -x -c "read_library data/genlib/mcnc.genlib;read_blif appntk/c17_7_0_12_3.blif;print_map_stats" | grep -e "Most Negative Slack" -e "Total Area"
"appntk/c17_7_0_12_3.blif", line 6: .and_gate_delay 1.9
Total Area		=  12.00
Most Negative Slack	=  -3.80
Nodes = 6. Try = 6. Resub = 0. Div = 14. SAT calls = 14. Timeouts = 0. MaxDivs = 0.
Attempts :   Remove      0 out of     12 (  0.00 %)   Resub       0 out of      2 (  0.00 %)   
Reduction:   Nodes       0 out of      6 (  0.00 %)   Edges       0 out of     12 (  0.00 %)   
Win =     0.00 sec (  0.17 %)
Div =     0.00 sec (  0.38 %)
Aig =     0.00 sec (  0.84 %)
Gia =     0.00 sec (  0.00 %)
Cnf =     0.00 sec (  0.21 %)
Sat =     0.00 sec ( 26.59 %)
Int =     0.00 sec (  0.00 %)
ALL =     0.00 sec (100.00 %)
round 8

0%   10   20   30   40   50   60   70   80   90   100%
|----|----|----|----|----|----|----|----|----|----|
seed = 1566910994 patience = 3
***************************************************
time = 825738
c17_8_0
area = 12
delay = 3
write_blif appntk/c17_8_0_12_3.blif
sis -x -c "read_library data/genlib/mcnc.genlib;read_blif appntk/c17_8_0_12_3.blif;print_map_stats" | grep -e "Most Negative Slack" -e "Total Area"
"appntk/c17_8_0_12_3.blif", line 6: .and_gate_delay 1.9
Total Area		=  12.00
Most Negative Slack	=  -3.80
Nodes = 6. Try = 6. Resub = 0. Div = 14. SAT calls = 14. Timeouts = 0. MaxDivs = 0.
Attempts :   Remove      0 out of     12 (  0.00 %)   Resub       0 out of      2 (  0.00 %)   
Reduction:   Nodes       0 out of      6 (  0.00 %)   Edges       0 out of     12 (  0.00 %)   
Win =     0.00 sec (  0.33 %)
Div =     0.00 sec (  0.60 %)
Aig =     0.00 sec (  1.25 %)
Gia =     0.00 sec (  0.00 %)
Cnf =     0.00 sec (  0.22 %)
Sat =     0.00 sec ( 29.36 %)
Int =     0.00 sec (  0.00 %)
ALL =     0.00 sec (100.00 %)
round 9

0%   10   20   30   40   50   60   70   80   90   100%
|----|----|----|----|----|----|----|----|----|----|
seed = 1566910994 patience = 4
***************************************************
Network does not change, frame number changes to 2048
time = 907662
c17_9_0
area = 12
delay = 3
write_blif appntk/c17_9_0_12_3.blif
sis -x -c "read_library data/genlib/mcnc.genlib;read_blif appntk/c17_9_0_12_3.blif;print_map_stats" | grep -e "Most Negative Slack" -e "Total Area"
"appntk/c17_9_0_12_3.blif", line 6: .and_gate_delay 1.9
Total Area		=  12.00
Most Negative Slack	=  -3.80
Nodes = 6. Try = 6. Resub = 0. Div = 14. SAT calls = 14. Timeouts = 0. MaxDivs = 0.
Attempts :   Remove      0 out of     12 (  0.00 %)   Resub       0 out of      2 (  0.00 %)   
Reduction:   Nodes       0 out of      6 (  0.00 %)   Edges       0 out of     12 (  0.00 %)   
Win =     0.00 sec (  1.15 %)
Div =     0.00 sec (  0.62 %)
Aig =     0.00 sec (  1.44 %)
Gia =     0.00 sec (  0.00 %)
Cnf =     0.00 sec (  0.38 %)
Sat =     0.00 sec ( 27.39 %)
Int =     0.00 sec (  0.00 %)
ALL =     0.00 sec (100.00 %)
round 10

0%   10   20   30   40   50   60   70   80   90   100%
|----|----|----|----|----|----|----|----|----|----|
seed = 1566910994 patience = 0
***************************************************
time = 982344
c17_10_0
area = 12
delay = 3
write_blif appntk/c17_10_0_12_3.blif
sis -x -c "read_library data/genlib/mcnc.genlib;read_blif appntk/c17_10_0_12_3.blif;print_map_stats" | grep -e "Most Negative Slack" -e "Total Area"
"appntk/c17_10_0_12_3.blif", line 6: .and_gate_delay 1.9
Total Area		=  12.00
Most Negative Slack	=  -3.80
Nodes = 6. Try = 6. Resub = 0. Div = 14. SAT calls = 14. Timeouts = 0. MaxDivs = 0.
Attempts :   Remove      0 out of     12 (  0.00 %)   Resub       0 out of      2 (  0.00 %)   
Reduction:   Nodes       0 out of      6 (  0.00 %)   Edges       0 out of     12 (  0.00 %)   
Win =     0.00 sec (  0.41 %)
Div =     0.00 sec (  0.70 %)
Aig =     0.00 sec (  1.22 %)
Gia =     0.00 sec (  0.00 %)
Cnf =     0.00 sec (  0.29 %)
Sat =     0.00 sec ( 26.92 %)
Int =     0.00 sec (  0.00 %)
ALL =     0.00 sec (100.00 %)
round 11

0%   10   20   30   40   50   60   70   80   90   100%
|----|----|----|----|----|----|----|----|----|----|
seed = 1566910995 patience = 1
***************************************************
time = 1056271
c17_11_0
area = 12
delay = 3
write_blif appntk/c17_11_0_12_3.blif
sis -x -c "read_library data/genlib/mcnc.genlib;read_blif appntk/c17_11_0_12_3.blif;print_map_stats" | grep -e "Most Negative Slack" -e "Total Area"
"appntk/c17_11_0_12_3.blif", line 6: .and_gate_delay 1.9
Total Area		=  12.00
Most Negative Slack	=  -3.80
Nodes = 6. Try = 6. Resub = 0. Div = 14. SAT calls = 14. Timeouts = 0. MaxDivs = 0.
Attempts :   Remove      0 out of     12 (  0.00 %)   Resub       0 out of      2 (  0.00 %)   
Reduction:   Nodes       0 out of      6 (  0.00 %)   Edges       0 out of     12 (  0.00 %)   
Win =     0.00 sec (  0.34 %)
Div =     0.00 sec (  0.63 %)
Aig =     0.00 sec (  1.26 %)
Gia =     0.00 sec (  0.00 %)
Cnf =     0.00 sec (  0.40 %)
Sat =     0.00 sec ( 27.84 %)
Int =     0.00 sec (  0.00 %)
ALL =     0.00 sec (100.00 %)
round 12

0%   10   20   30   40   50   60   70   80   90   100%
|----|----|----|----|----|----|----|----|----|----|
seed = 1566910995 patience = 2
***************************************************
time = 1131509
c17_12_0
area = 12
delay = 3
write_blif appntk/c17_12_0_12_3.blif
sis -x -c "read_library data/genlib/mcnc.genlib;read_blif appntk/c17_12_0_12_3.blif;print_map_stats" | grep -e "Most Negative Slack" -e "Total Area"
"appntk/c17_12_0_12_3.blif", line 6: .and_gate_delay 1.9
Total Area		=  12.00
Most Negative Slack	=  -3.80
Nodes = 6. Try = 6. Resub = 0. Div = 14. SAT calls = 14. Timeouts = 0. MaxDivs = 0.
Attempts :   Remove      0 out of     12 (  0.00 %)   Resub       0 out of      2 (  0.00 %)   
Reduction:   Nodes       0 out of      6 (  0.00 %)   Edges       0 out of     12 (  0.00 %)   
Win =     0.00 sec (  0.30 %)
Div =     0.00 sec (  0.73 %)
Aig =     0.00 sec (  1.33 %)
Gia =     0.00 sec (  0.00 %)
Cnf =     0.00 sec (  0.24 %)
Sat =     0.00 sec ( 27.93 %)
Int =     0.00 sec (  0.00 %)
ALL =     0.00 sec (100.00 %)
round 13

0%   10   20   30   40   50   60   70   80   90   100%
|----|----|----|----|----|----|----|----|----|----|
seed = 1566910995 patience = 3
***************************************************
time = 1205852
c17_13_0
area = 12
delay = 3
write_blif appntk/c17_13_0_12_3.blif
sis -x -c "read_library data/genlib/mcnc.genlib;read_blif appntk/c17_13_0_12_3.blif;print_map_stats" | grep -e "Most Negative Slack" -e "Total Area"
"appntk/c17_13_0_12_3.blif", line 6: .and_gate_delay 1.9
Total Area		=  12.00
Most Negative Slack	=  -3.80
Nodes = 6. Try = 6. Resub = 0. Div = 14. SAT calls = 14. Timeouts = 0. MaxDivs = 0.
Attempts :   Remove      0 out of     12 (  0.00 %)   Resub       0 out of      2 (  0.00 %)   
Reduction:   Nodes       0 out of      6 (  0.00 %)   Edges       0 out of     12 (  0.00 %)   
Win =     0.00 sec (  0.48 %)
Div =     0.00 sec (  0.64 %)
Aig =     0.00 sec (  1.01 %)
Gia =     0.00 sec (  0.00 %)
Cnf =     0.00 sec (  0.32 %)
Sat =     0.00 sec ( 26.84 %)
Int =     0.00 sec (  0.00 %)
ALL =     0.00 sec (100.00 %)
round 14

0%   10   20   30   40   50   60   70   80   90   100%
|----|----|----|----|----|----|----|----|----|----|
seed = 1566910995 patience = 4
***************************************************
Network does not change, frame number changes to 1024
time = 1281428
c17_14_0
area = 12
delay = 3
write_blif appntk/c17_14_0_12_3.blif
sis -x -c "read_library data/genlib/mcnc.genlib;read_blif appntk/c17_14_0_12_3.blif;print_map_stats" | grep -e "Most Negative Slack" -e "Total Area"
"appntk/c17_14_0_12_3.blif", line 6: .and_gate_delay 1.9
Total Area		=  12.00
Most Negative Slack	=  -3.80
Nodes = 6. Try = 6. Resub = 0. Div = 14. SAT calls = 14. Timeouts = 0. MaxDivs = 0.
Attempts :   Remove      0 out of     12 (  0.00 %)   Resub       0 out of      2 (  0.00 %)   
Reduction:   Nodes       0 out of      6 (  0.00 %)   Edges       0 out of     12 (  0.00 %)   
Win =     0.00 sec (  0.34 %)
Div =     0.00 sec (  0.63 %)
Aig =     0.00 sec (  1.14 %)
Gia =     0.00 sec (  0.00 %)
Cnf =     0.00 sec (  0.34 %)
Sat =     0.00 sec ( 26.58 %)
Int =     0.00 sec (  0.00 %)
ALL =     0.00 sec (100.00 %)
round 15

0%   10   20   30   40   50   60   70   80   90   100%
|----|----|----|----|----|----|----|----|----|----|
seed = 1566910995 patience = 0
***************************************************
time = 1354668
c17_15_0
area = 12
delay = 3
write_blif appntk/c17_15_0_12_3.blif
sis -x -c "read_library data/genlib/mcnc.genlib;read_blif appntk/c17_15_0_12_3.blif;print_map_stats" | grep -e "Most Negative Slack" -e "Total Area"
"appntk/c17_15_0_12_3.blif", line 6: .and_gate_delay 1.9
Total Area		=  12.00
Most Negative Slack	=  -3.80
Nodes = 6. Try = 6. Resub = 0. Div = 14. SAT calls = 14. Timeouts = 0. MaxDivs = 0.
Attempts :   Remove      0 out of     12 (  0.00 %)   Resub       0 out of      2 (  0.00 %)   
Reduction:   Nodes       0 out of      6 (  0.00 %)   Edges       0 out of     12 (  0.00 %)   
Win =     0.00 sec (  0.50 %)
Div =     0.00 sec (  0.62 %)
Aig =     0.00 sec (  1.11 %)
Gia =     0.00 sec (  0.00 %)
Cnf =     0.00 sec (  0.37 %)
Sat =     0.00 sec ( 36.28 %)
Int =     0.00 sec (  0.00 %)
ALL =     0.00 sec (100.00 %)
round 16

0%   10   20   30   40   50   60   70   80   90   100%
|----|----|----|----|----|----|----|----|----|----|
seed = 1566910995 patience = 1
***************************************************
time = 1428027
c17_16_0
area = 12
delay = 3
write_blif appntk/c17_16_0_12_3.blif
sis -x -c "read_library data/genlib/mcnc.genlib;read_blif appntk/c17_16_0_12_3.blif;print_map_stats" | grep -e "Most Negative Slack" -e "Total Area"
"appntk/c17_16_0_12_3.blif", line 6: .and_gate_delay 1.9
Total Area		=  12.00
Most Negative Slack	=  -3.80
Nodes = 6. Try = 6. Resub = 0. Div = 14. SAT calls = 14. Timeouts = 0. MaxDivs = 0.
Attempts :   Remove      0 out of     12 (  0.00 %)   Resub       0 out of      2 (  0.00 %)   
Reduction:   Nodes       0 out of      6 (  0.00 %)   Edges       0 out of     12 (  0.00 %)   
Win =     0.00 sec (  0.28 %)
Div =     0.00 sec (  0.61 %)
Aig =     0.00 sec (  1.17 %)
Gia =     0.00 sec (  0.00 %)
Cnf =     0.00 sec (  0.34 %)
Sat =     0.00 sec ( 26.54 %)
Int =     0.00 sec (  0.00 %)
ALL =     0.00 sec (100.00 %)
round 17

0%   10   20   30   40   50   60   70   80   90   100%
|----|----|----|----|----|----|----|----|----|----|
seed = 1566910995 patience = 2
***************************************************
time = 1501327
c17_17_0
area = 12
delay = 3
write_blif appntk/c17_17_0_12_3.blif
sis -x -c "read_library data/genlib/mcnc.genlib;read_blif appntk/c17_17_0_12_3.blif;print_map_stats" | grep -e "Most Negative Slack" -e "Total Area"
"appntk/c17_17_0_12_3.blif", line 6: .and_gate_delay 1.9
Total Area		=  12.00
Most Negative Slack	=  -3.80
Nodes = 6. Try = 6. Resub = 0. Div = 14. SAT calls = 14. Timeouts = 0. MaxDivs = 0.
Attempts :   Remove      0 out of     12 (  0.00 %)   Resub       0 out of      2 (  0.00 %)   
Reduction:   Nodes       0 out of      6 (  0.00 %)   Edges       0 out of     12 (  0.00 %)   
Win =     0.00 sec (  0.47 %)
Div =     0.00 sec (  0.59 %)
Aig =     0.00 sec (  1.24 %)
Gia =     0.00 sec (  0.00 %)
Cnf =     0.00 sec (  0.30 %)
Sat =     0.00 sec ( 27.47 %)
Int =     0.00 sec (  0.00 %)
ALL =     0.00 sec (100.00 %)
round 18

0%   10   20   30   40   50   60   70   80   90   100%
|----|----|----|----|----|----|----|----|----|----|
seed = 1566910995 patience = 3
***************************************************
time = 1574980
c17_18_0
area = 12
delay = 3
write_blif appntk/c17_18_0_12_3.blif
sis -x -c "read_library data/genlib/mcnc.genlib;read_blif appntk/c17_18_0_12_3.blif;print_map_stats" | grep -e "Most Negative Slack" -e "Total Area"
"appntk/c17_18_0_12_3.blif", line 6: .and_gate_delay 1.9
Total Area		=  12.00
Most Negative Slack	=  -3.80
Nodes = 6. Try = 6. Resub = 0. Div = 14. SAT calls = 14. Timeouts = 0. MaxDivs = 0.
Attempts :   Remove      0 out of     12 (  0.00 %)   Resub       0 out of      2 (  0.00 %)   
Reduction:   Nodes       0 out of      6 (  0.00 %)   Edges       0 out of     12 (  0.00 %)   
Win =     0.00 sec (  0.34 %)
Div =     0.00 sec (  0.57 %)
Aig =     0.00 sec (  1.25 %)
Gia =     0.00 sec (  0.00 %)
Cnf =     0.00 sec (  0.23 %)
Sat =     0.00 sec ( 27.19 %)
Int =     0.00 sec (  0.00 %)
ALL =     0.00 sec (100.00 %)
round 19

0%   10   20   30   40   50   60   70   80   90   100%
|----|----|----|----|----|----|----|----|----|----|
seed = 1566910995 patience = 4
***************************************************
Network does not change, frame number changes to 512
time = 1647584
c17_19_0
area = 12
delay = 3
write_blif appntk/c17_19_0_12_3.blif
sis -x -c "read_library data/genlib/mcnc.genlib;read_blif appntk/c17_19_0_12_3.blif;print_map_stats" | grep -e "Most Negative Slack" -e "Total Area"
"appntk/c17_19_0_12_3.blif", line 6: .and_gate_delay 1.9
Total Area		=  12.00
Most Negative Slack	=  -3.80
Nodes = 6. Try = 6. Resub = 0. Div = 14. SAT calls = 14. Timeouts = 0. MaxDivs = 0.
Attempts :   Remove      0 out of     12 (  0.00 %)   Resub       0 out of      2 (  0.00 %)   
Reduction:   Nodes       0 out of      6 (  0.00 %)   Edges       0 out of     12 (  0.00 %)   
Win =     0.00 sec (  0.40 %)
Div =     0.00 sec (  0.57 %)
Aig =     0.00 sec (  1.26 %)
Gia =     0.00 sec (  0.00 %)
Cnf =     0.00 sec (  0.40 %)
Sat =     0.00 sec ( 27.93 %)
Int =     0.00 sec (  0.00 %)
ALL =     0.00 sec (100.00 %)
round 20

0%   10   20   30   40   50   60   70   80   90   100%
|----|----|----|----|----|----|----|----|----|----|
seed = 1566910995 patience = 0
***************************************************
time = 1718530
c17_20_0
area = 12
delay = 3
write_blif appntk/c17_20_0_12_3.blif
sis -x -c "read_library data/genlib/mcnc.genlib;read_blif appntk/c17_20_0_12_3.blif;print_map_stats" | grep -e "Most Negative Slack" -e "Total Area"
"appntk/c17_20_0_12_3.blif", line 6: .and_gate_delay 1.9
Total Area		=  12.00
Most Negative Slack	=  -3.80
Nodes = 6. Try = 6. Resub = 0. Div = 14. SAT calls = 14. Timeouts = 0. MaxDivs = 0.
Attempts :   Remove      0 out of     12 (  0.00 %)   Resub       0 out of      2 (  0.00 %)   
Reduction:   Nodes       0 out of      6 (  0.00 %)   Edges       0 out of     12 (  0.00 %)   
Win =     0.00 sec (  0.36 %)
Div =     0.00 sec (  0.67 %)
Aig =     0.00 sec (  1.19 %)
Gia =     0.00 sec (  0.00 %)
Cnf =     0.00 sec (  0.36 %)
Sat =     0.00 sec ( 28.53 %)
Int =     0.00 sec (  0.00 %)
ALL =     0.00 sec (100.00 %)
round 21

0%   10   20   30   40   50   60   70   80   90   100%
|----|----|----|----|----|----|----|----|----|----|
seed = 1566910995 patience = 1
***************************************************
time = 1791921
c17_21_0
area = 12
delay = 3
write_blif appntk/c17_21_0_12_3.blif
sis -x -c "read_library data/genlib/mcnc.genlib;read_blif appntk/c17_21_0_12_3.blif;print_map_stats" | grep -e "Most Negative Slack" -e "Total Area"
"appntk/c17_21_0_12_3.blif", line 6: .and_gate_delay 1.9
Total Area		=  12.00
Most Negative Slack	=  -3.80
Nodes = 6. Try = 6. Resub = 0. Div = 14. SAT calls = 14. Timeouts = 0. MaxDivs = 0.
Attempts :   Remove      0 out of     12 (  0.00 %)   Resub       0 out of      2 (  0.00 %)   
Reduction:   Nodes       0 out of      6 (  0.00 %)   Edges       0 out of     12 (  0.00 %)   
Win =     0.00 sec (  0.46 %)
Div =     0.00 sec (  0.69 %)
Aig =     0.00 sec (  1.15 %)
Gia =     0.00 sec (  0.00 %)
Cnf =     0.00 sec (  0.35 %)
Sat =     0.00 sec ( 27.34 %)
Int =     0.00 sec (  0.00 %)
ALL =     0.00 sec (100.00 %)
round 22

0%   10   20   30   40   50   60   70   80   90   100%
|----|----|----|----|----|----|----|----|----|----|
seed = 1566910996 patience = 2
***************************************************
time = 1863102
c17_22_0
area = 12
delay = 3
write_blif appntk/c17_22_0_12_3.blif
sis -x -c "read_library data/genlib/mcnc.genlib;read_blif appntk/c17_22_0_12_3.blif;print_map_stats" | grep -e "Most Negative Slack" -e "Total Area"
"appntk/c17_22_0_12_3.blif", line 6: .and_gate_delay 1.9
Total Area		=  12.00
Most Negative Slack	=  -3.80
Nodes = 6. Try = 6. Resub = 0. Div = 14. SAT calls = 14. Timeouts = 0. MaxDivs = 0.
Attempts :   Remove      0 out of     12 (  0.00 %)   Resub       0 out of      2 (  0.00 %)   
Reduction:   Nodes       0 out of      6 (  0.00 %)   Edges       0 out of     12 (  0.00 %)   
Win =     0.00 sec (  0.40 %)
Div =     0.00 sec (  0.57 %)
Aig =     0.00 sec (  1.30 %)
Gia =     0.00 sec (  0.00 %)
Cnf =     0.00 sec (  0.40 %)
Sat =     0.00 sec ( 28.04 %)
Int =     0.00 sec (  0.00 %)
ALL =     0.00 sec (100.00 %)
round 23

0%   10   20   30   40   50   60   70   80   90   100%
|----|----|----|----|----|----|----|----|----|----|
seed = 1566910996 patience = 3
***************************************************
time = 1936576
c17_23_0
area = 12
delay = 3
write_blif appntk/c17_23_0_12_3.blif
sis -x -c "read_library data/genlib/mcnc.genlib;read_blif appntk/c17_23_0_12_3.blif;print_map_stats" | grep -e "Most Negative Slack" -e "Total Area"
"appntk/c17_23_0_12_3.blif", line 6: .and_gate_delay 1.9
Total Area		=  12.00
Most Negative Slack	=  -3.80
Nodes = 6. Try = 6. Resub = 0. Div = 14. SAT calls = 14. Timeouts = 0. MaxDivs = 0.
Attempts :   Remove      0 out of     12 (  0.00 %)   Resub       0 out of      2 (  0.00 %)   
Reduction:   Nodes       0 out of      6 (  0.00 %)   Edges       0 out of     12 (  0.00 %)   
Win =     0.00 sec (  0.45 %)
Div =     0.00 sec (  0.62 %)
Aig =     0.00 sec (  1.13 %)
Gia =     0.00 sec (  0.00 %)
Cnf =     0.00 sec (  0.34 %)
Sat =     0.00 sec ( 27.36 %)
Int =     0.00 sec (  0.00 %)
ALL =     0.00 sec (100.00 %)
round 24

0%   10   20   30   40   50   60   70   80   90   100%
|----|----|----|----|----|----|----|----|----|----|
seed = 1566910996 patience = 4
***************************************************
Network does not change, frame number changes to 256
time = 2009374
c17_24_0
area = 12
delay = 3
write_blif appntk/c17_24_0_12_3.blif
sis -x -c "read_library data/genlib/mcnc.genlib;read_blif appntk/c17_24_0_12_3.blif;print_map_stats" | grep -e "Most Negative Slack" -e "Total Area"
"appntk/c17_24_0_12_3.blif", line 6: .and_gate_delay 1.9
Total Area		=  12.00
Most Negative Slack	=  -3.80
Nodes = 6. Try = 6. Resub = 0. Div = 14. SAT calls = 14. Timeouts = 0. MaxDivs = 0.
Attempts :   Remove      0 out of     12 (  0.00 %)   Resub       0 out of      2 (  0.00 %)   
Reduction:   Nodes       0 out of      6 (  0.00 %)   Edges       0 out of     12 (  0.00 %)   
Win =     0.00 sec (  0.34 %)
Div =     0.00 sec (  0.50 %)
Aig =     0.00 sec (  1.12 %)
Gia =     0.00 sec (  0.00 %)
Cnf =     0.00 sec (  0.34 %)
Sat =     0.00 sec ( 26.77 %)
Int =     0.00 sec (  0.00 %)
ALL =     0.00 sec (100.00 %)
round 25

0%   10   20   30   40   50   60   70   80   90   100%
|----|----|----|----|----|----|----|----|----|----|
seed = 1566910996 patience = 0
***************************************************
time = 2082928
c17_25_0
area = 12
delay = 3
write_blif appntk/c17_25_0_12_3.blif
sis -x -c "read_library data/genlib/mcnc.genlib;read_blif appntk/c17_25_0_12_3.blif;print_map_stats" | grep -e "Most Negative Slack" -e "Total Area"
"appntk/c17_25_0_12_3.blif", line 6: .and_gate_delay 1.9
Total Area		=  12.00
Most Negative Slack	=  -3.80
Nodes = 6. Try = 6. Resub = 0. Div = 14. SAT calls = 14. Timeouts = 0. MaxDivs = 0.
Attempts :   Remove      0 out of     12 (  0.00 %)   Resub       0 out of      2 (  0.00 %)   
Reduction:   Nodes       0 out of      6 (  0.00 %)   Edges       0 out of     12 (  0.00 %)   
Win =     0.00 sec (  0.44 %)
Div =     0.00 sec (  0.61 %)
Aig =     0.00 sec (  1.32 %)
Gia =     0.00 sec (  0.00 %)
Cnf =     0.00 sec (  0.33 %)
Sat =     0.00 sec ( 27.49 %)
Int =     0.00 sec (  0.00 %)
ALL =     0.00 sec (100.00 %)
round 26

0%   10   20   30   40   50   60   70   80   90   100%
|----|----|----|----|----|----|----|----|----|----|
seed = 1566910996 patience = 1
***************************************************
time = 2156250
c17_26_0
area = 12
delay = 3
write_blif appntk/c17_26_0_12_3.blif
sis -x -c "read_library data/genlib/mcnc.genlib;read_blif appntk/c17_26_0_12_3.blif;print_map_stats" | grep -e "Most Negative Slack" -e "Total Area"
"appntk/c17_26_0_12_3.blif", line 6: .and_gate_delay 1.9
Total Area		=  12.00
Most Negative Slack	=  -3.80
Nodes = 6. Try = 6. Resub = 0. Div = 14. SAT calls = 14. Timeouts = 0. MaxDivs = 0.
Attempts :   Remove      0 out of     12 (  0.00 %)   Resub       0 out of      2 (  0.00 %)   
Reduction:   Nodes       0 out of      6 (  0.00 %)   Edges       0 out of     12 (  0.00 %)   
Win =     0.00 sec (  0.39 %)
Div =     0.00 sec (  0.61 %)
Aig =     0.00 sec (  1.05 %)
Gia =     0.00 sec (  0.00 %)
Cnf =     0.00 sec (  0.22 %)
Sat =     0.00 sec ( 27.63 %)
Int =     0.00 sec (  0.00 %)
ALL =     0.00 sec (100.00 %)
round 27

0%   10   20   30   40   50   60   70   80   90   100%
|----|----|----|----|----|----|----|----|----|----|
seed = 1566910996 patience = 2
***************************************************
time = 2229278
c17_27_0
area = 12
delay = 3
write_blif appntk/c17_27_0_12_3.blif
sis -x -c "read_library data/genlib/mcnc.genlib;read_blif appntk/c17_27_0_12_3.blif;print_map_stats" | grep -e "Most Negative Slack" -e "Total Area"
"appntk/c17_27_0_12_3.blif", line 6: .and_gate_delay 1.9
Total Area		=  12.00
Most Negative Slack	=  -3.80
Nodes = 6. Try = 6. Resub = 0. Div = 14. SAT calls = 14. Timeouts = 0. MaxDivs = 0.
Attempts :   Remove      0 out of     12 (  0.00 %)   Resub       0 out of      2 (  0.00 %)   
Reduction:   Nodes       0 out of      6 (  0.00 %)   Edges       0 out of     12 (  0.00 %)   
Win =     0.00 sec (  0.41 %)
Div =     0.00 sec (  0.62 %)
Aig =     0.00 sec (  1.39 %)
Gia =     0.00 sec (  0.00 %)
Cnf =     0.00 sec (  0.36 %)
Sat =     0.00 sec ( 28.37 %)
Int =     0.00 sec (  0.00 %)
ALL =     0.00 sec (100.00 %)
round 28

0%   10   20   30   40   50   60   70   80   90   100%
|----|----|----|----|----|----|----|----|----|----|
seed = 1566910996 patience = 3
***************************************************
time = 2304458
c17_28_0
area = 12
delay = 3
write_blif appntk/c17_28_0_12_3.blif
sis -x -c "read_library data/genlib/mcnc.genlib;read_blif appntk/c17_28_0_12_3.blif;print_map_stats" | grep -e "Most Negative Slack" -e "Total Area"
"appntk/c17_28_0_12_3.blif", line 6: .and_gate_delay 1.9
Total Area		=  12.00
Most Negative Slack	=  -3.80
Nodes = 6. Try = 6. Resub = 0. Div = 14. SAT calls = 14. Timeouts = 0. MaxDivs = 0.
Attempts :   Remove      0 out of     12 (  0.00 %)   Resub       0 out of      2 (  0.00 %)   
Reduction:   Nodes       0 out of      6 (  0.00 %)   Edges       0 out of     12 (  0.00 %)   
Win =     0.00 sec (  0.47 %)
Div =     0.00 sec (  0.76 %)
Aig =     0.00 sec (  1.76 %)
Gia =     0.00 sec (  0.00 %)
Cnf =     0.00 sec (  0.35 %)
Sat =     0.00 sec ( 31.24 %)
Int =     0.00 sec (  0.00 %)
ALL =     0.00 sec (100.00 %)
round 29

0%   10   20   30   40   50   60   70   80   90   100%
|----|----|----|----|----|----|----|----|----|----|
seed = 1566910996 patience = 4
***************************************************
Network does not change, frame number changes to 128
time = 2379015
c17_29_0
area = 12
delay = 3
write_blif appntk/c17_29_0_12_3.blif
sis -x -c "read_library data/genlib/mcnc.genlib;read_blif appntk/c17_29_0_12_3.blif;print_map_stats" | grep -e "Most Negative Slack" -e "Total Area"
"appntk/c17_29_0_12_3.blif", line 6: .and_gate_delay 1.9
Total Area		=  12.00
Most Negative Slack	=  -3.80
Nodes = 6. Try = 6. Resub = 0. Div = 14. SAT calls = 14. Timeouts = 0. MaxDivs = 0.
Attempts :   Remove      0 out of     12 (  0.00 %)   Resub       0 out of      2 (  0.00 %)   
Reduction:   Nodes       0 out of      6 (  0.00 %)   Edges       0 out of     12 (  0.00 %)   
Win =     0.00 sec (  0.34 %)
Div =     0.00 sec (  0.62 %)
Aig =     0.00 sec (  1.19 %)
Gia =     0.00 sec (  0.00 %)
Cnf =     0.00 sec (  0.34 %)
Sat =     0.00 sec ( 27.16 %)
Int =     0.00 sec (  0.00 %)
ALL =     0.00 sec (100.00 %)
round 30

0%   10   20   30   40   50   60   70   80   90   100%
|----|----|----|----|----|----|----|----|----|----|
seed = 1566910996 patience = 0
***************************************************
time = 2453717
c17_30_0
area = 12
delay = 3
write_blif appntk/c17_30_0_12_3.blif
sis -x -c "read_library data/genlib/mcnc.genlib;read_blif appntk/c17_30_0_12_3.blif;print_map_stats" | grep -e "Most Negative Slack" -e "Total Area"
"appntk/c17_30_0_12_3.blif", line 6: .and_gate_delay 1.9
Total Area		=  12.00
Most Negative Slack	=  -3.80
Nodes = 6. Try = 6. Resub = 0. Div = 14. SAT calls = 14. Timeouts = 0. MaxDivs = 0.
Attempts :   Remove      0 out of     12 (  0.00 %)   Resub       0 out of      2 (  0.00 %)   
Reduction:   Nodes       0 out of      6 (  0.00 %)   Edges       0 out of     12 (  0.00 %)   
Win =     0.00 sec (  0.41 %)
Div =     0.00 sec (  0.59 %)
Aig =     0.00 sec (  1.24 %)
Gia =     0.00 sec (  0.00 %)
Cnf =     0.00 sec (  0.29 %)
Sat =     0.00 sec ( 27.41 %)
Int =     0.00 sec (  0.00 %)
ALL =     0.00 sec (100.00 %)
round 31

0%   10   20   30   40   50   60   70   80   90   100%
|----|----|----|----|----|----|----|----|----|----|
seed = 1566910996 patience = 1
***************************************************
time = 2524370
c17_31_0
area = 12
delay = 3
write_blif appntk/c17_31_0_12_3.blif
sis -x -c "read_library data/genlib/mcnc.genlib;read_blif appntk/c17_31_0_12_3.blif;print_map_stats" | grep -e "Most Negative Slack" -e "Total Area"
"appntk/c17_31_0_12_3.blif", line 6: .and_gate_delay 1.9
Total Area		=  12.00
Most Negative Slack	=  -3.80
Nodes = 6. Try = 6. Resub = 0. Div = 14. SAT calls = 14. Timeouts = 0. MaxDivs = 0.
Attempts :   Remove      0 out of     12 (  0.00 %)   Resub       0 out of      2 (  0.00 %)   
Reduction:   Nodes       0 out of      6 (  0.00 %)   Edges       0 out of     12 (  0.00 %)   
Win =     0.00 sec (  0.39 %)
Div =     0.00 sec (  0.73 %)
Aig =     0.00 sec (  1.29 %)
Gia =     0.00 sec (  0.00 %)
Cnf =     0.00 sec (  0.34 %)
Sat =     0.00 sec ( 28.82 %)
Int =     0.00 sec (  0.00 %)
ALL =     0.00 sec (100.00 %)
round 32

0%   10   20   30   40   50   60   70   80   90   100%
|----|----|----|----|----|----|----|----|----|----|
seed = 1566910996 patience = 2
***************************************************
time = 2599808
c17_32_0
area = 12
delay = 3
write_blif appntk/c17_32_0_12_3.blif
sis -x -c "read_library data/genlib/mcnc.genlib;read_blif appntk/c17_32_0_12_3.blif;print_map_stats" | grep -e "Most Negative Slack" -e "Total Area"
"appntk/c17_32_0_12_3.blif", line 6: .and_gate_delay 1.9
Total Area		=  12.00
Most Negative Slack	=  -3.80
Nodes = 6. Try = 6. Resub = 0. Div = 14. SAT calls = 14. Timeouts = 0. MaxDivs = 0.
Attempts :   Remove      0 out of     12 (  0.00 %)   Resub       0 out of      2 (  0.00 %)   
Reduction:   Nodes       0 out of      6 (  0.00 %)   Edges       0 out of     12 (  0.00 %)   
Win =     0.00 sec (  0.41 %)
Div =     0.00 sec (  0.59 %)
Aig =     0.00 sec (  1.29 %)
Gia =     0.00 sec (  0.00 %)
Cnf =     0.00 sec (  0.47 %)
Sat =     0.00 sec ( 26.77 %)
Int =     0.00 sec (  0.00 %)
ALL =     0.00 sec (100.00 %)
round 33

0%   10   20   30   40   50   60   70   80   90   100%
|----|----|----|----|----|----|----|----|----|----|
seed = 1566910997 patience = 3
***************************************************
time = 2670464
c17_33_0
area = 12
delay = 3
write_blif appntk/c17_33_0_12_3.blif
sis -x -c "read_library data/genlib/mcnc.genlib;read_blif appntk/c17_33_0_12_3.blif;print_map_stats" | grep -e "Most Negative Slack" -e "Total Area"
"appntk/c17_33_0_12_3.blif", line 6: .and_gate_delay 1.9
Total Area		=  12.00
Most Negative Slack	=  -3.80
Nodes = 6. Try = 6. Resub = 0. Div = 14. SAT calls = 14. Timeouts = 0. MaxDivs = 0.
Attempts :   Remove      0 out of     12 (  0.00 %)   Resub       0 out of      2 (  0.00 %)   
Reduction:   Nodes       0 out of      6 (  0.00 %)   Edges       0 out of     12 (  0.00 %)   
Win =     0.00 sec (  0.34 %)
Div =     0.00 sec (  0.57 %)
Aig =     0.00 sec (  1.36 %)
Gia =     0.00 sec (  0.00 %)
Cnf =     0.00 sec (  0.45 %)
Sat =     0.00 sec ( 27.30 %)
Int =     0.00 sec (  0.00 %)
ALL =     0.00 sec (100.00 %)
round 34

0%   10   20   30   40   50   60   70   80   90   100%
|----|----|----|----|----|----|----|----|----|----|
seed = 1566910997 patience = 4
***************************************************
Network does not change, frame number changes to 64
time = 2743948
c17_34_0
area = 12
delay = 3
write_blif appntk/c17_34_0_12_3.blif
sis -x -c "read_library data/genlib/mcnc.genlib;read_blif appntk/c17_34_0_12_3.blif;print_map_stats" | grep -e "Most Negative Slack" -e "Total Area"
"appntk/c17_34_0_12_3.blif", line 6: .and_gate_delay 1.9
Total Area		=  12.00
Most Negative Slack	=  -3.80
Nodes = 6. Try = 6. Resub = 0. Div = 14. SAT calls = 14. Timeouts = 0. MaxDivs = 0.
Attempts :   Remove      0 out of     12 (  0.00 %)   Resub       0 out of      2 (  0.00 %)   
Reduction:   Nodes       0 out of      6 (  0.00 %)   Edges       0 out of     12 (  0.00 %)   
Win =     0.00 sec (  0.29 %)
Div =     0.00 sec (  0.64 %)
Aig =     0.00 sec (  1.22 %)
Gia =     0.00 sec (  0.00 %)
Cnf =     0.00 sec (  0.29 %)
Sat =     0.00 sec ( 27.50 %)
Int =     0.00 sec (  0.00 %)
ALL =     0.00 sec (100.00 %)
round 35

0%   10   20   30   40   50   60   70   80   90   100%
|----|----|----|----|----|----|----|----|----|----|
seed = 1566910997 patience = 0
***************************************************
time = 2817936
c17_35_0
area = 12
delay = 3
write_blif appntk/c17_35_0_12_3.blif
sis -x -c "read_library data/genlib/mcnc.genlib;read_blif appntk/c17_35_0_12_3.blif;print_map_stats" | grep -e "Most Negative Slack" -e "Total Area"
"appntk/c17_35_0_12_3.blif", line 6: .and_gate_delay 1.9
Total Area		=  12.00
Most Negative Slack	=  -3.80
Nodes = 6. Try = 6. Resub = 0. Div = 14. SAT calls = 14. Timeouts = 0. MaxDivs = 0.
Attempts :   Remove      0 out of     12 (  0.00 %)   Resub       0 out of      2 (  0.00 %)   
Reduction:   Nodes       0 out of      6 (  0.00 %)   Edges       0 out of     12 (  0.00 %)   
Win =     0.00 sec (  0.39 %)
Div =     0.00 sec (  0.62 %)
Aig =     0.00 sec (  1.24 %)
Gia =     0.00 sec (  0.00 %)
Cnf =     0.00 sec (  0.23 %)
Sat =     0.00 sec ( 26.90 %)
Int =     0.00 sec (  0.00 %)
ALL =     0.00 sec (100.00 %)
round 36

0%   10   20   30   40   50   60   70   80   90   100%
|----|----|----|----|----|----|----|----|----|----|
seed = 1566910997 patience = 1
***************************************************
time = 2890694
c17_36_0
area = 12
delay = 3
write_blif appntk/c17_36_0_12_3.blif
sis -x -c "read_library data/genlib/mcnc.genlib;read_blif appntk/c17_36_0_12_3.blif;print_map_stats" | grep -e "Most Negative Slack" -e "Total Area"
"appntk/c17_36_0_12_3.blif", line 6: .and_gate_delay 1.9
Total Area		=  12.00
Most Negative Slack	=  -3.80
Nodes = 6. Try = 6. Resub = 0. Div = 14. SAT calls = 14. Timeouts = 0. MaxDivs = 0.
Attempts :   Remove      0 out of     12 (  0.00 %)   Resub       0 out of      2 (  0.00 %)   
Reduction:   Nodes       0 out of      6 (  0.00 %)   Edges       0 out of     12 (  0.00 %)   
Win =     0.00 sec (  0.42 %)
Div =     0.00 sec (  0.71 %)
Aig =     0.00 sec (  1.31 %)
Gia =     0.00 sec (  0.00 %)
Cnf =     0.00 sec (  0.30 %)
Sat =     0.00 sec ( 27.14 %)
Int =     0.00 sec (  0.00 %)
ALL =     0.00 sec (100.00 %)
round 37

0%   10   20   30   40   50   60   70   80   90   100%
|----|----|----|----|----|----|----|----|----|----|
seed = 1566910997 patience = 2
***************************************************
time = 2964720
c17_37_0
area = 12
delay = 3
write_blif appntk/c17_37_0_12_3.blif
sis -x -c "read_library data/genlib/mcnc.genlib;read_blif appntk/c17_37_0_12_3.blif;print_map_stats" | grep -e "Most Negative Slack" -e "Total Area"
"appntk/c17_37_0_12_3.blif", line 6: .and_gate_delay 1.9
Total Area		=  12.00
Most Negative Slack	=  -3.80
Nodes = 6. Try = 6. Resub = 0. Div = 14. SAT calls = 14. Timeouts = 0. MaxDivs = 0.
Attempts :   Remove      0 out of     12 (  0.00 %)   Resub       0 out of      2 (  0.00 %)   
Reduction:   Nodes       0 out of      6 (  0.00 %)   Edges       0 out of     12 (  0.00 %)   
Win =     0.00 sec (  0.51 %)
Div =     0.00 sec (  0.73 %)
Aig =     0.00 sec (  1.12 %)
Gia =     0.00 sec (  0.00 %)
Cnf =     0.00 sec (  0.34 %)
Sat =     0.00 sec ( 27.13 %)
Int =     0.00 sec (  0.00 %)
ALL =     0.00 sec (100.00 %)
round 38

0%   10   20   30   40   50   60   70   80   90   100%
|----|----|----|----|----|----|----|----|----|----|
seed = 1566910997 patience = 3
***************************************************
time = 3038328
c17_38_0
area = 12
delay = 3
write_blif appntk/c17_38_0_12_3.blif
sis -x -c "read_library data/genlib/mcnc.genlib;read_blif appntk/c17_38_0_12_3.blif;print_map_stats" | grep -e "Most Negative Slack" -e "Total Area"
"appntk/c17_38_0_12_3.blif", line 6: .and_gate_delay 1.9
Total Area		=  12.00
Most Negative Slack	=  -3.80
Nodes = 6. Try = 6. Resub = 0. Div = 14. SAT calls = 14. Timeouts = 0. MaxDivs = 0.
Attempts :   Remove      0 out of     12 (  0.00 %)   Resub       0 out of      2 (  0.00 %)   
Reduction:   Nodes       0 out of      6 (  0.00 %)   Edges       0 out of     12 (  0.00 %)   
Win =     0.00 sec (  0.33 %)
Div =     0.00 sec (  0.55 %)
Aig =     0.00 sec (  1.22 %)
Gia =     0.00 sec (  0.00 %)
Cnf =     0.00 sec (  0.39 %)
Sat =     0.00 sec ( 27.01 %)
Int =     0.00 sec (  0.00 %)
ALL =     0.00 sec (100.00 %)
round 39

0%   10   20   30   40   50   60   70   80   90   100%
|----|----|----|----|----|----|----|----|----|----|
seed = 1566910997 patience = 4
***************************************************
Network does not change, frame number changes to 32
time = 3115714
c17_39_0
area = 12
delay = 3
write_blif appntk/c17_39_0_12_3.blif
sis -x -c "read_library data/genlib/mcnc.genlib;read_blif appntk/c17_39_0_12_3.blif;print_map_stats" | grep -e "Most Negative Slack" -e "Total Area"
"appntk/c17_39_0_12_3.blif", line 6: .and_gate_delay 1.9
Total Area		=  12.00
Most Negative Slack	=  -3.80
Nodes = 6. Try = 6. Resub = 0. Div = 14. SAT calls = 14. Timeouts = 0. MaxDivs = 0.
Attempts :   Remove      0 out of     12 (  0.00 %)   Resub       0 out of      2 (  0.00 %)   
Reduction:   Nodes       0 out of      6 (  0.00 %)   Edges       0 out of     12 (  0.00 %)   
Win =     0.00 sec (  0.47 %)
Div =     0.00 sec (  0.74 %)
Aig =     0.00 sec (  1.48 %)
Gia =     0.00 sec (  0.00 %)
Cnf =     0.00 sec (  0.27 %)
Sat =     0.00 sec ( 31.27 %)
Int =     0.00 sec (  0.00 %)
ALL =     0.00 sec (100.00 %)
round 40

0%   10   20   30   40   50   60   70   80   90   100%
|----|----|----|----|----|----|----|----|----|----|
seed = 1566910997 patience = 0
***************************************************
time = 3189888
c17_40_0
area = 12
delay = 3
write_blif appntk/c17_40_0_12_3.blif
sis -x -c "read_library data/genlib/mcnc.genlib;read_blif appntk/c17_40_0_12_3.blif;print_map_stats" | grep -e "Most Negative Slack" -e "Total Area"
"appntk/c17_40_0_12_3.blif", line 6: .and_gate_delay 1.9
Total Area		=  12.00
Most Negative Slack	=  -3.80
Nodes = 6. Try = 6. Resub = 0. Div = 14. SAT calls = 14. Timeouts = 0. MaxDivs = 0.
Attempts :   Remove      0 out of     12 (  0.00 %)   Resub       0 out of      2 (  0.00 %)   
Reduction:   Nodes       0 out of      6 (  0.00 %)   Edges       0 out of     12 (  0.00 %)   
Win =     0.00 sec (  0.47 %)
Div =     0.00 sec (  0.64 %)
Aig =     0.00 sec (  1.29 %)
Gia =     0.00 sec (  0.00 %)
Cnf =     0.00 sec (  0.35 %)
Sat =     0.00 sec ( 27.18 %)
Int =     0.00 sec (  0.00 %)
ALL =     0.00 sec (100.00 %)
round 41

0%   10   20   30   40   50   60   70   80   90   100%
|----|----|----|----|----|----|----|----|----|----|
seed = 1566910997 patience = 1
***************************************************
time = 3264387
c17_41_0
area = 12
delay = 3
write_blif appntk/c17_41_0_12_3.blif
sis -x -c "read_library data/genlib/mcnc.genlib;read_blif appntk/c17_41_0_12_3.blif;print_map_stats" | grep -e "Most Negative Slack" -e "Total Area"
"appntk/c17_41_0_12_3.blif", line 6: .and_gate_delay 1.9
Total Area		=  12.00
Most Negative Slack	=  -3.80
Nodes = 6. Try = 6. Resub = 0. Div = 14. SAT calls = 14. Timeouts = 0. MaxDivs = 0.
Attempts :   Remove      0 out of     12 (  0.00 %)   Resub       0 out of      2 (  0.00 %)   
Reduction:   Nodes       0 out of      6 (  0.00 %)   Edges       0 out of     12 (  0.00 %)   
Win =     0.00 sec (  0.45 %)
Div =     0.00 sec (  0.62 %)
Aig =     0.00 sec (  1.18 %)
Gia =     0.00 sec (  0.00 %)
Cnf =     0.00 sec (  0.51 %)
Sat =     0.00 sec ( 26.87 %)
Int =     0.00 sec (  0.00 %)
ALL =     0.00 sec (100.00 %)
round 42

0%   10   20   30   40   50   60   70   80   90   100%
|----|----|----|----|----|----|----|----|----|----|
seed = 1566910997 patience = 2
***************************************************
time = 3340186
c17_42_0
area = 12
delay = 3
write_blif appntk/c17_42_0_12_3.blif
sis -x -c "read_library data/genlib/mcnc.genlib;read_blif appntk/c17_42_0_12_3.blif;print_map_stats" | grep -e "Most Negative Slack" -e "Total Area"
"appntk/c17_42_0_12_3.blif", line 6: .and_gate_delay 1.9
Total Area		=  12.00
Most Negative Slack	=  -3.80
Nodes = 6. Try = 6. Resub = 0. Div = 14. SAT calls = 14. Timeouts = 0. MaxDivs = 0.
Attempts :   Remove      0 out of     12 (  0.00 %)   Resub       0 out of      2 (  0.00 %)   
Reduction:   Nodes       0 out of      6 (  0.00 %)   Edges       0 out of     12 (  0.00 %)   
Win =     0.00 sec (  0.44 %)
Div =     0.00 sec (  0.55 %)
Aig =     0.00 sec (  1.38 %)
Gia =     0.00 sec (  0.00 %)
Cnf =     0.00 sec (  0.28 %)
Sat =     0.00 sec ( 27.06 %)
Int =     0.00 sec (  0.00 %)
ALL =     0.00 sec (100.00 %)
round 43

0%   10   20   30   40   50   60   70   80   90   100%
|----|----|----|----|----|----|----|----|----|----|
seed = 1566910997 patience = 3
***************************************************
time = 3421462
c17_43_0
area = 12
delay = 3
write_blif appntk/c17_43_0_12_3.blif
sis -x -c "read_library data/genlib/mcnc.genlib;read_blif appntk/c17_43_0_12_3.blif;print_map_stats" | grep -e "Most Negative Slack" -e "Total Area"
"appntk/c17_43_0_12_3.blif", line 6: .and_gate_delay 1.9
Total Area		=  12.00
Most Negative Slack	=  -3.80
Nodes = 6. Try = 6. Resub = 0. Div = 14. SAT calls = 14. Timeouts = 0. MaxDivs = 0.
Attempts :   Remove      0 out of     12 (  0.00 %)   Resub       0 out of      2 (  0.00 %)   
Reduction:   Nodes       0 out of      6 (  0.00 %)   Edges       0 out of     12 (  0.00 %)   
Win =     0.00 sec (  0.34 %)
Div =     0.00 sec (  0.57 %)
Aig =     0.00 sec (  1.13 %)
Gia =     0.00 sec (  0.00 %)
Cnf =     0.00 sec (  0.45 %)
Sat =     0.00 sec ( 27.41 %)
Int =     0.00 sec (  0.00 %)
ALL =     0.00 sec (100.00 %)
round 44

0%   10   20   30   40   50   60   70   80   90   100%
|----|----|----|----|----|----|----|----|----|----|
seed = 1566910998 patience = 4
***************************************************
Network does not change, frame number changes to 16
time = 3506474
c17_44_0
area = 12
delay = 3
write_blif appntk/c17_44_0_12_3.blif
sis -x -c "read_library data/genlib/mcnc.genlib;read_blif appntk/c17_44_0_12_3.blif;print_map_stats" | grep -e "Most Negative Slack" -e "Total Area"
"appntk/c17_44_0_12_3.blif", line 6: .and_gate_delay 1.9
Total Area		=  12.00
Most Negative Slack	=  -3.80
Nodes = 6. Try = 6. Resub = 0. Div = 14. SAT calls = 14. Timeouts = 0. MaxDivs = 0.
Attempts :   Remove      0 out of     12 (  0.00 %)   Resub       0 out of      2 (  0.00 %)   
Reduction:   Nodes       0 out of      6 (  0.00 %)   Edges       0 out of     12 (  0.00 %)   
Win =     0.00 sec (  0.39 %)
Div =     0.00 sec (  0.73 %)
Aig =     0.00 sec (  1.35 %)
Gia =     0.00 sec (  0.00 %)
Cnf =     0.00 sec (  0.39 %)
Sat =     0.00 sec ( 26.70 %)
Int =     0.00 sec (  0.00 %)
ALL =     0.00 sec (100.00 %)
round 45

0%   10   20   30   40   50   60   70   80   90   100%
|----|----|----|----|----|----|----|----|----|----|
seed = 1566910998 patience = 0
***************************************************
time = 3585651
c17_45_0
area = 12
delay = 3
write_blif appntk/c17_45_0_12_3.blif
sis -x -c "read_library data/genlib/mcnc.genlib;read_blif appntk/c17_45_0_12_3.blif;print_map_stats" | grep -e "Most Negative Slack" -e "Total Area"
"appntk/c17_45_0_12_3.blif", line 6: .and_gate_delay 1.9
Total Area		=  12.00
Most Negative Slack	=  -3.80
Nodes = 6. Try = 6. Resub = 0. Div = 14. SAT calls = 14. Timeouts = 0. MaxDivs = 0.
Attempts :   Remove      0 out of     12 (  0.00 %)   Resub       0 out of      2 (  0.00 %)   
Reduction:   Nodes       0 out of      6 (  0.00 %)   Edges       0 out of     12 (  0.00 %)   
Win =     0.00 sec (  0.34 %)
Div =     0.00 sec (  0.51 %)
Aig =     0.00 sec (  1.26 %)
Gia =     0.00 sec (  0.00 %)
Cnf =     0.00 sec (  0.34 %)
Sat =     0.00 sec ( 26.72 %)
Int =     0.00 sec (  0.00 %)
ALL =     0.00 sec (100.00 %)
round 46

0%   10   20   30   40   50   60   70   80   90   100%
|----|----|----|----|----|----|----|----|----|----|
seed = 1566910998 patience = 1
***************************************************
time = 3666150
c17_46_0
area = 12
delay = 3
write_blif appntk/c17_46_0_12_3.blif
sis -x -c "read_library data/genlib/mcnc.genlib;read_blif appntk/c17_46_0_12_3.blif;print_map_stats" | grep -e "Most Negative Slack" -e "Total Area"
"appntk/c17_46_0_12_3.blif", line 6: .and_gate_delay 1.9
Total Area		=  12.00
Most Negative Slack	=  -3.80
Nodes = 6. Try = 6. Resub = 0. Div = 14. SAT calls = 14. Timeouts = 0. MaxDivs = 0.
Attempts :   Remove      0 out of     12 (  0.00 %)   Resub       0 out of      2 (  0.00 %)   
Reduction:   Nodes       0 out of      6 (  0.00 %)   Edges       0 out of     12 (  0.00 %)   
Win =     0.00 sec (  0.28 %)
Div =     0.00 sec (  0.56 %)
Aig =     0.00 sec (  1.18 %)
Gia =     0.00 sec (  0.00 %)
Cnf =     0.00 sec (  0.34 %)
Sat =     0.00 sec ( 28.20 %)
Int =     0.00 sec (  0.00 %)
ALL =     0.00 sec (100.00 %)
round 47

0%   10   20   30   40   50   60   70   80   90   100%
|----|----|----|----|----|----|----|----|----|----|
seed = 1566910998 patience = 2
***************************************************
time = 3742520
c17_47_0
area = 12
delay = 3
write_blif appntk/c17_47_0_12_3.blif
sis -x -c "read_library data/genlib/mcnc.genlib;read_blif appntk/c17_47_0_12_3.blif;print_map_stats" | grep -e "Most Negative Slack" -e "Total Area"
"appntk/c17_47_0_12_3.blif", line 6: .and_gate_delay 1.9
Total Area		=  12.00
Most Negative Slack	=  -3.80
Nodes = 6. Try = 6. Resub = 0. Div = 14. SAT calls = 14. Timeouts = 0. MaxDivs = 0.
Attempts :   Remove      0 out of     12 (  0.00 %)   Resub       0 out of      2 (  0.00 %)   
Reduction:   Nodes       0 out of      6 (  0.00 %)   Edges       0 out of     12 (  0.00 %)   
Win =     0.00 sec (  0.47 %)
Div =     0.00 sec (  0.68 %)
Aig =     0.00 sec (  1.16 %)
Gia =     0.00 sec (  0.00 %)
Cnf =     0.00 sec (  0.47 %)
Sat =     0.00 sec ( 27.22 %)
Int =     0.00 sec (  0.00 %)
ALL =     0.00 sec (100.00 %)
round 48

0%   10   20   30   40   50   60   70   80   90   100%
|----|----|----|----|----|----|----|----|----|----|
seed = 1566910998 patience = 3
***************************************************
time = 3824025
c17_48_0
area = 12
delay = 3
write_blif appntk/c17_48_0_12_3.blif
sis -x -c "read_library data/genlib/mcnc.genlib;read_blif appntk/c17_48_0_12_3.blif;print_map_stats" | grep -e "Most Negative Slack" -e "Total Area"
"appntk/c17_48_0_12_3.blif", line 6: .and_gate_delay 1.9
Total Area		=  12.00
Most Negative Slack	=  -3.80
Nodes = 6. Try = 6. Resub = 0. Div = 14. SAT calls = 14. Timeouts = 0. MaxDivs = 0.
Attempts :   Remove      0 out of     12 (  0.00 %)   Resub       0 out of      2 (  0.00 %)   
Reduction:   Nodes       0 out of      6 (  0.00 %)   Edges       0 out of     12 (  0.00 %)   
Win =     0.00 sec (  0.46 %)
Div =     0.00 sec (  0.64 %)
Aig =     0.00 sec (  1.28 %)
Gia =     0.00 sec (  0.00 %)
Cnf =     0.00 sec (  0.41 %)
Sat =     0.00 sec ( 28.23 %)
Int =     0.00 sec (  0.00 %)
ALL =     0.00 sec (100.00 %)
round 49

0%   10   20   30   40   50   60   70   80   90   100%
|----|----|----|----|----|----|----|----|----|----|
seed = 1566910998 patience = 4
***************************************************
Network does not change, frame number changes to 8
time = 3899999
c17_49_0
area = 12
delay = 3
write_blif appntk/c17_49_0_12_3.blif
sis -x -c "read_library data/genlib/mcnc.genlib;read_blif appntk/c17_49_0_12_3.blif;print_map_stats" | grep -e "Most Negative Slack" -e "Total Area"
"appntk/c17_49_0_12_3.blif", line 6: .and_gate_delay 1.9
Total Area		=  12.00
Most Negative Slack	=  -3.80
Nodes = 6. Try = 6. Resub = 0. Div = 14. SAT calls = 14. Timeouts = 0. MaxDivs = 0.
Attempts :   Remove      0 out of     12 (  0.00 %)   Resub       0 out of      2 (  0.00 %)   
Reduction:   Nodes       0 out of      6 (  0.00 %)   Edges       0 out of     12 (  0.00 %)   
Win =     0.00 sec (  0.35 %)
Div =     0.00 sec (  0.56 %)
Aig =     0.00 sec (  1.33 %)
Gia =     0.00 sec (  0.00 %)
Cnf =     0.00 sec (  0.42 %)
Sat =     0.00 sec ( 28.77 %)
Int =     0.00 sec (  0.00 %)
ALL =     0.00 sec (100.00 %)
round 50

0%   10   20   30   40   50   60   70   80   90   100%
|----|----|----|----|----|----|----|----|----|----|
seed = 1566910998 patience = 0
***************************************************
time = 3974843
c17_50_0
area = 12
delay = 3
write_blif appntk/c17_50_0_12_3.blif
sis -x -c "read_library data/genlib/mcnc.genlib;read_blif appntk/c17_50_0_12_3.blif;print_map_stats" | grep -e "Most Negative Slack" -e "Total Area"
"appntk/c17_50_0_12_3.blif", line 6: .and_gate_delay 1.9
Total Area		=  12.00
Most Negative Slack	=  -3.80
Nodes = 6. Try = 6. Resub = 0. Div = 14. SAT calls = 14. Timeouts = 0. MaxDivs = 0.
Attempts :   Remove      0 out of     12 (  0.00 %)   Resub       0 out of      2 (  0.00 %)   
Reduction:   Nodes       0 out of      6 (  0.00 %)   Edges       0 out of     12 (  0.00 %)   
Win =     0.00 sec (  0.57 %)
Div =     0.00 sec (  0.64 %)
Aig =     0.00 sec (  1.35 %)
Gia =     0.00 sec (  0.00 %)
Cnf =     0.00 sec (  0.35 %)
Sat =     0.00 sec ( 28.05 %)
Int =     0.00 sec (  0.00 %)
ALL =     0.00 sec (100.00 %)
round 51

0%   10   20   30   40   50   60   70   80   90   100%
|----|----|----|----|----|----|----|----|----|----|
seed = 1566910998 patience = 1
***************************************************
time = 4034632
c17_51_0
area = 12
delay = 3
write_blif appntk/c17_51_0_12_3.blif
sis -x -c "read_library data/genlib/mcnc.genlib;read_blif appntk/c17_51_0_12_3.blif;print_map_stats" | grep -e "Most Negative Slack" -e "Total Area"
"appntk/c17_51_0_12_3.blif", line 6: .and_gate_delay 1.9
Total Area		=  12.00
Most Negative Slack	=  -3.80
Nodes = 6. Try = 6. Resub = 0. Div = 14. SAT calls = 14. Timeouts = 0. MaxDivs = 0.
Attempts :   Remove      0 out of     12 (  0.00 %)   Resub       0 out of      2 (  0.00 %)   
Reduction:   Nodes       0 out of      6 (  0.00 %)   Edges       0 out of     12 (  0.00 %)   
Win =     0.00 sec (  0.29 %)
Div =     0.00 sec (  0.73 %)
Aig =     0.00 sec (  1.02 %)
Gia =     0.00 sec (  0.00 %)
Cnf =     0.00 sec (  0.51 %)
Sat =     0.00 sec ( 29.33 %)
Int =     0.00 sec (  0.00 %)
ALL =     0.00 sec (100.00 %)
round 52

0%   10   20   30   40   50   60   70   80   90   100%
|----|----|----|----|----|----|----|----|----|----|
seed = 1566910998 patience = 2
***************************************************
time = 4093855
c17_52_0
area = 12
delay = 3
write_blif appntk/c17_52_0_12_3.blif
sis -x -c "read_library data/genlib/mcnc.genlib;read_blif appntk/c17_52_0_12_3.blif;print_map_stats" | grep -e "Most Negative Slack" -e "Total Area"
"appntk/c17_52_0_12_3.blif", line 6: .and_gate_delay 1.9
Total Area		=  12.00
Most Negative Slack	=  -3.80
Nodes = 6. Try = 6. Resub = 0. Div = 14. SAT calls = 14. Timeouts = 0. MaxDivs = 0.
Attempts :   Remove      0 out of     12 (  0.00 %)   Resub       0 out of      2 (  0.00 %)   
Reduction:   Nodes       0 out of      6 (  0.00 %)   Edges       0 out of     12 (  0.00 %)   
Win =     0.00 sec (  0.35 %)
Div =     0.00 sec (  0.63 %)
Aig =     0.00 sec (  1.05 %)
Gia =     0.00 sec (  0.00 %)
Cnf =     0.00 sec (  0.35 %)
Sat =     0.00 sec ( 28.48 %)
Int =     0.00 sec (  0.00 %)
ALL =     0.00 sec (100.00 %)
round 53

0%   10   20   30   40   50   60   70   80   90   100%
|----|----|----|----|----|----|----|----|----|----|
seed = 1566910999 patience = 3
***************************************************
best node n11 best error 0.126504
time = 4197855
