Entered genlib library with 23 gates from file "data/genlib/mcnc.genlib".
Nodes = 918. Try = 840. Resub = 4. Div = 68815. SAT calls = 3695. Timeouts = 0. MaxDivs = 107.
Attempts :   Remove      1 out of   1672 (  0.06 %)   Resub       3 out of    628 (  0.48 %)   
Reduction:   Nodes       3 out of    918 (  0.33 %)   Edges       6 out of   1836 (  0.33 %)   
Win =     0.00 sec (  1.13 %)
Div =     0.02 sec (  4.68 %)
Aig =     0.01 sec (  3.65 %)
Gia =     0.00 sec (  0.00 %)
Cnf =     0.00 sec (  0.61 %)
Sat =     0.25 sec ( 63.18 %)
Int =     0.00 sec (  0.64 %)
ALL =     0.40 sec (100.00 %)
round 0

0%   10   20   30   40   50   60   70   80   90   100%
|----|----|----|----|----|----|----|----|----|----|
seed = 1566910994 patience = 0
***************************************************
time = 512866767
c3540_0_0
area = 1654
delay = 42.6
write_blif appntk/c3540_0_0_1654_42.6.blif
sis -x -c "read_library data/genlib/mcnc.genlib;read_blif appntk/c3540_0_0_1654_42.6.blif;print_map_stats" | grep -e "Most Negative Slack" -e "Total Area"
"appntk/c3540_0_0_1654_42.6.blif", line 9: .and_gate_delay 1.9
Total Area		= 1654.00
Most Negative Slack	= -72.60
Nodes = 911. Try = 833. Resub = 2. Div = 67528. SAT calls = 3639. Timeouts = 0. MaxDivs = 104.
Attempts :   Remove      1 out of   1659 (  0.06 %)   Resub       1 out of    623 (  0.16 %)   
Reduction:   Nodes       1 out of    911 (  0.11 %)   Edges       2 out of   1822 (  0.11 %)   
Win =     0.00 sec (  1.10 %)
Div =     0.02 sec (  4.65 %)
Aig =     0.01 sec (  3.67 %)
Gia =     0.00 sec (  0.00 %)
Cnf =     0.00 sec (  0.60 %)
Sat =     0.23 sec ( 64.22 %)
Int =     0.00 sec (  0.22 %)
ALL =     0.36 sec (100.00 %)
round 1

0%   10   20   30   40   50   60   70   80   90   100%
|----|----|----|----|----|----|----|----|----|----|
seed = 1566911509 patience = 1
***************************************************
time = 978572926
c3540_1_0
area = 1665
delay = 42
write_blif appntk/c3540_1_0_1665_42.blif
sis -x -c "read_library data/genlib/mcnc.genlib;read_blif appntk/c3540_1_0_1665_42.blif;print_map_stats" | grep -e "Most Negative Slack" -e "Total Area"
"appntk/c3540_1_0_1665_42.blif", line 9: .and_gate_delay 1.9
Total Area		= 1665.00
Most Negative Slack	= -71.80
Nodes = 910. Try = 831. Resub = 0. Div = 67304. SAT calls = 3648. Timeouts = 0. MaxDivs = 105.
Attempts :   Remove      0 out of   1656 (  0.00 %)   Resub       0 out of    622 (  0.00 %)   
Reduction:   Nodes       0 out of    910 (  0.00 %)   Edges       0 out of   1820 (  0.00 %)   
Win =     0.00 sec (  1.11 %)
Div =     0.02 sec (  4.66 %)
Aig =     0.01 sec (  3.69 %)
Gia =     0.00 sec (  0.00 %)
Cnf =     0.00 sec (  0.61 %)
Sat =     0.23 sec ( 63.91 %)
Int =     0.00 sec (  0.00 %)
ALL =     0.36 sec (100.00 %)
round 2

0%   10   20   30   40   50   60   70   80   90   100%
|----|----|----|----|----|----|----|----|----|----|
seed = 1566911975 patience = 2
***************************************************
time = 1460002215
c3540_2_0
area = 1657
delay = 41.2
write_blif appntk/c3540_2_0_1657_41.2.blif
sis -x -c "read_library data/genlib/mcnc.genlib;read_blif appntk/c3540_2_0_1657_41.2.blif;print_map_stats" | grep -e "Most Negative Slack" -e "Total Area"
"appntk/c3540_2_0_1657_41.2.blif", line 9: .and_gate_delay 1.9
Total Area		= 1657.00
Most Negative Slack	= -69.30
Nodes = 910. Try = 831. Resub = 0. Div = 67277. SAT calls = 3669. Timeouts = 0. MaxDivs = 104.
Attempts :   Remove      0 out of   1656 (  0.00 %)   Resub       0 out of    622 (  0.00 %)   
Reduction:   Nodes       0 out of    910 (  0.00 %)   Edges       0 out of   1820 (  0.00 %)   
Win =     0.00 sec (  1.09 %)
Div =     0.02 sec (  4.59 %)
Aig =     0.01 sec (  3.62 %)
Gia =     0.00 sec (  0.00 %)
Cnf =     0.00 sec (  0.58 %)
Sat =     0.24 sec ( 65.00 %)
Int =     0.00 sec (  0.00 %)
ALL =     0.37 sec (100.00 %)
round 3

0%   10   20   30   40   50   60   70   80   90   100%
|----|----|----|----|----|----|----|----|----|----|
seed = 1566912457 patience = 3
***************************************************
time = 1921289943
c3540_3_0
area = 1663
delay = 42.3
write_blif appntk/c3540_3_0_1663_42.3.blif
sis -x -c "read_library data/genlib/mcnc.genlib;read_blif appntk/c3540_3_0_1663_42.3.blif;print_map_stats" | grep -e "Most Negative Slack" -e "Total Area"
"appntk/c3540_3_0_1663_42.3.blif", line 9: .and_gate_delay 1.9
Total Area		= 1663.00
Most Negative Slack	= -72.20
Nodes = 910. Try = 831. Resub = 0. Div = 67313. SAT calls = 3619. Timeouts = 0. MaxDivs = 106.
Attempts :   Remove      0 out of   1656 (  0.00 %)   Resub       0 out of    621 (  0.00 %)   
Reduction:   Nodes       0 out of    910 (  0.00 %)   Edges       0 out of   1820 (  0.00 %)   
Win =     0.00 sec (  1.22 %)
Div =     0.01 sec (  4.78 %)
Aig =     0.01 sec (  3.43 %)
Gia =     0.00 sec (  0.00 %)
Cnf =     0.00 sec (  0.64 %)
Sat =     0.17 sec ( 65.71 %)
Int =     0.00 sec (  0.00 %)
ALL =     0.26 sec (100.00 %)
round 4

0%   10   20   30   40   50   60   70   80   90   100%
|----|----|----|----|----|----|----|----|----|----|
seed = 1566912918 patience = 4
***************************************************
Network does not change, frame number changes to 4096
time = 2348467884
c3540_4_0
area = 1655
delay = 41.4
write_blif appntk/c3540_4_0_1655_41.4.blif
sis -x -c "read_library data/genlib/mcnc.genlib;read_blif appntk/c3540_4_0_1655_41.4.blif;print_map_stats" | grep -e "Most Negative Slack" -e "Total Area"
"appntk/c3540_4_0_1655_41.4.blif", line 9: .and_gate_delay 1.9
Total Area		= 1655.00
Most Negative Slack	= -69.40
Nodes = 910. Try = 831. Resub = 0. Div = 67294. SAT calls = 3639. Timeouts = 0. MaxDivs = 104.
Attempts :   Remove      0 out of   1656 (  0.00 %)   Resub       0 out of    622 (  0.00 %)   
Reduction:   Nodes       0 out of    910 (  0.00 %)   Edges       0 out of   1820 (  0.00 %)   
Win =     0.00 sec (  1.19 %)
Div =     0.01 sec (  4.70 %)
Aig =     0.01 sec (  3.38 %)
Gia =     0.00 sec (  0.00 %)
Cnf =     0.00 sec (  0.63 %)
Sat =     0.18 sec ( 65.80 %)
Int =     0.00 sec (  0.00 %)
ALL =     0.27 sec (100.00 %)
round 5

0%   10   20   30   40   50   60   70   80   90   100%
|----|----|----|----|----|----|----|----|----|----|
seed = 1566913346 patience = 0
***************************************************
time = 2578898165
c3540_5_0
area = 1662
delay = 41.9
write_blif appntk/c3540_5_0_1662_41.9.blif
sis -x -c "read_library data/genlib/mcnc.genlib;read_blif appntk/c3540_5_0_1662_41.9.blif;print_map_stats" | grep -e "Most Negative Slack" -e "Total Area"
"appntk/c3540_5_0_1662_41.9.blif", line 9: .and_gate_delay 1.9
Total Area		= 1662.00
Most Negative Slack	= -71.70
Nodes = 910. Try = 831. Resub = 0. Div = 67247. SAT calls = 3645. Timeouts = 0. MaxDivs = 105.
Attempts :   Remove      0 out of   1656 (  0.00 %)   Resub       0 out of    622 (  0.00 %)   
Reduction:   Nodes       0 out of    910 (  0.00 %)   Edges       0 out of   1820 (  0.00 %)   
Win =     0.00 sec (  1.10 %)
Div =     0.02 sec (  4.64 %)
Aig =     0.01 sec (  3.66 %)
Gia =     0.00 sec (  0.00 %)
Cnf =     0.00 sec (  0.60 %)
Sat =     0.24 sec ( 64.42 %)
Int =     0.00 sec (  0.00 %)
ALL =     0.37 sec (100.00 %)
round 6

0%   10   20   30   40   50   60   70   80   90   100%
|----|----|----|----|----|----|----|----|----|----|
seed = 1566913576 patience = 1
***************************************************
time = 2802501084
c3540_6_0
area = 1655
delay = 41.4
write_blif appntk/c3540_6_0_1655_41.4.blif
sis -x -c "read_library data/genlib/mcnc.genlib;read_blif appntk/c3540_6_0_1655_41.4.blif;print_map_stats" | grep -e "Most Negative Slack" -e "Total Area"
"appntk/c3540_6_0_1655_41.4.blif", line 9: .and_gate_delay 1.9
Total Area		= 1655.00
Most Negative Slack	= -69.40
Nodes = 910. Try = 831. Resub = 0. Div = 67322. SAT calls = 3618. Timeouts = 0. MaxDivs = 104.
Attempts :   Remove      0 out of   1656 (  0.00 %)   Resub       0 out of    621 (  0.00 %)   
Reduction:   Nodes       0 out of    910 (  0.00 %)   Edges       0 out of   1820 (  0.00 %)   
Win =     0.00 sec (  1.10 %)
Div =     0.02 sec (  4.64 %)
Aig =     0.01 sec (  3.66 %)
Gia =     0.00 sec (  0.00 %)
Cnf =     0.00 sec (  0.61 %)
Sat =     0.24 sec ( 64.27 %)
Int =     0.00 sec (  0.00 %)
ALL =     0.37 sec (100.00 %)
round 7

0%   10   20   30   40   50   60   70   80   90   100%
|----|----|----|----|----|----|----|----|----|----|
seed = 1566913800 patience = 2
***************************************************
time = 3014171945
c3540_7_0
area = 1665
delay = 42
write_blif appntk/c3540_7_0_1665_42.blif
sis -x -c "read_library data/genlib/mcnc.genlib;read_blif appntk/c3540_7_0_1665_42.blif;print_map_stats" | grep -e "Most Negative Slack" -e "Total Area"
"appntk/c3540_7_0_1665_42.blif", line 9: .and_gate_delay 1.9
Total Area		= 1665.00
Most Negative Slack	= -71.80
Nodes = 910. Try = 831. Resub = 0. Div = 67347. SAT calls = 3612. Timeouts = 0. MaxDivs = 106.
Attempts :   Remove      0 out of   1656 (  0.00 %)   Resub       0 out of    622 (  0.00 %)   
Reduction:   Nodes       0 out of    910 (  0.00 %)   Edges       0 out of   1820 (  0.00 %)   
Win =     0.00 sec (  1.19 %)
Div =     0.01 sec (  4.74 %)
Aig =     0.01 sec (  3.48 %)
Gia =     0.00 sec (  0.00 %)
Cnf =     0.00 sec (  0.63 %)
Sat =     0.18 sec ( 66.05 %)
Int =     0.00 sec (  0.00 %)
ALL =     0.27 sec (100.00 %)
round 8

0%   10   20   30   40   50   60   70   80   90   100%
|----|----|----|----|----|----|----|----|----|----|
seed = 1566914012 patience = 3
***************************************************
time = 3230876527
c3540_8_0
area = 1665
delay = 41.9
write_blif appntk/c3540_8_0_1665_41.9.blif
sis -x -c "read_library data/genlib/mcnc.genlib;read_blif appntk/c3540_8_0_1665_41.9.blif;print_map_stats" | grep -e "Most Negative Slack" -e "Total Area"
"appntk/c3540_8_0_1665_41.9.blif", line 9: .and_gate_delay 1.9
Total Area		= 1665.00
Most Negative Slack	= -71.50
Nodes = 910. Try = 831. Resub = 0. Div = 67277. SAT calls = 3661. Timeouts = 0. MaxDivs = 104.
Attempts :   Remove      0 out of   1656 (  0.00 %)   Resub       0 out of    622 (  0.00 %)   
Reduction:   Nodes       0 out of    910 (  0.00 %)   Edges       0 out of   1820 (  0.00 %)   
Win =     0.00 sec (  1.11 %)
Div =     0.02 sec (  4.59 %)
Aig =     0.01 sec (  3.62 %)
Gia =     0.00 sec (  0.00 %)
Cnf =     0.00 sec (  0.60 %)
Sat =     0.24 sec ( 64.54 %)
Int =     0.00 sec (  0.00 %)
ALL =     0.38 sec (100.00 %)
round 9

0%   10   20   30   40   50   60   70   80   90   100%
|----|----|----|----|----|----|----|----|----|----|
seed = 1566914229 patience = 4
***************************************************
Network does not change, frame number changes to 2048
time = 3418006308
c3540_9_0
area = 1663
delay = 42.3
write_blif appntk/c3540_9_0_1663_42.3.blif
sis -x -c "read_library data/genlib/mcnc.genlib;read_blif appntk/c3540_9_0_1663_42.3.blif;print_map_stats" | grep -e "Most Negative Slack" -e "Total Area"
"appntk/c3540_9_0_1663_42.3.blif", line 9: .and_gate_delay 1.9
Total Area		= 1663.00
Most Negative Slack	= -72.20
Nodes = 910. Try = 831. Resub = 0. Div = 67303. SAT calls = 3624. Timeouts = 0. MaxDivs = 105.
Attempts :   Remove      0 out of   1656 (  0.00 %)   Resub       0 out of    621 (  0.00 %)   
Reduction:   Nodes       0 out of    910 (  0.00 %)   Edges       0 out of   1820 (  0.00 %)   
Win =     0.00 sec (  1.21 %)
Div =     0.01 sec (  4.67 %)
Aig =     0.01 sec (  3.43 %)
Gia =     0.00 sec (  0.00 %)
Cnf =     0.00 sec (  0.62 %)
Sat =     0.18 sec ( 64.59 %)
Int =     0.00 sec (  0.00 %)
ALL =     0.28 sec (100.00 %)
round 10

0%   10   20   30   40   50   60   70   80   90   100%
|----|----|----|----|----|----|----|----|----|----|
seed = 1566914416 patience = 0
***************************************************
time = 3508785882
c3540_10_0
area = 1655
delay = 41.4
write_blif appntk/c3540_10_0_1655_41.4.blif
sis -x -c "read_library data/genlib/mcnc.genlib;read_blif appntk/c3540_10_0_1655_41.4.blif;print_map_stats" | grep -e "Most Negative Slack" -e "Total Area"
"appntk/c3540_10_0_1655_41.4.blif", line 9: .and_gate_delay 1.9
Total Area		= 1655.00
Most Negative Slack	= -69.40
Nodes = 910. Try = 831. Resub = 0. Div = 67302. SAT calls = 3626. Timeouts = 0. MaxDivs = 104.
Attempts :   Remove      0 out of   1656 (  0.00 %)   Resub       0 out of    622 (  0.00 %)   
Reduction:   Nodes       0 out of    910 (  0.00 %)   Edges       0 out of   1820 (  0.00 %)   
Win =     0.00 sec (  1.19 %)
Div =     0.01 sec (  4.66 %)
Aig =     0.01 sec (  3.41 %)
Gia =     0.00 sec (  0.00 %)
Cnf =     0.00 sec (  0.62 %)
Sat =     0.18 sec ( 64.83 %)
Int =     0.00 sec (  0.00 %)
ALL =     0.28 sec (100.00 %)
round 11

0%   10   20   30   40   50   60   70   80   90   100%
|----|----|----|----|----|----|----|----|----|----|
seed = 1566914507 patience = 1
***************************************************
best node n431 best error 0.00130859
time = 3606331957
c3540_11_0.00130859
area = 1632
delay = 42.6
write_blif appntk/c3540_11_0.00130859_1632_42.6.blif
sis -x -c "read_library data/genlib/mcnc.genlib;read_blif appntk/c3540_11_0.00130859_1632_42.6.blif;print_map_stats" | grep -e "Most Negative Slack" -e "Total Area"
"appntk/c3540_11_0.00130859_1632_42.6.blif", line 9: .and_gate_delay 1.9
Total Area		= 1632.00
Most Negative Slack	= -70.40
Nodes = 905. Try = 826. Resub = 0. Div = 66788. SAT calls = 3639. Timeouts = 0. MaxDivs = 105.
Attempts :   Remove      0 out of   1646 (  0.00 %)   Resub       0 out of    617 (  0.00 %)   
Reduction:   Nodes       0 out of    905 (  0.00 %)   Edges       0 out of   1810 (  0.00 %)   
Win =     0.00 sec (  1.20 %)
Div =     0.01 sec (  4.72 %)
Aig =     0.01 sec (  3.35 %)
Gia =     0.00 sec (  0.00 %)
Cnf =     0.00 sec (  0.62 %)
Sat =     0.18 sec ( 66.13 %)
Int =     0.00 sec (  0.00 %)
ALL =     0.26 sec (100.00 %)
round 12

0%   10   20   30   40   50   60   70   80   90   100%
|----|----|----|----|----|----|----|----|----|----|
seed = 1566914604 patience = 0
***************************************************
best node n854 best error 0.00130859
time = 3715523416
c3540_12_0.00130859
area = 1627
delay = 42.6
write_blif appntk/c3540_12_0.00130859_1627_42.6.blif
sis -x -c "read_library data/genlib/mcnc.genlib;read_blif appntk/c3540_12_0.00130859_1627_42.6.blif;print_map_stats" | grep -e "Most Negative Slack" -e "Total Area"
"appntk/c3540_12_0.00130859_1627_42.6.blif", line 9: .and_gate_delay 1.9
Total Area		= 1627.00
Most Negative Slack	= -70.30
Nodes = 903. Try = 826. Resub = 0. Div = 66806. SAT calls = 3581. Timeouts = 0. MaxDivs = 104.
Attempts :   Remove      0 out of   1646 (  0.00 %)   Resub       0 out of    616 (  0.00 %)   
Reduction:   Nodes       0 out of    903 (  0.00 %)   Edges       0 out of   1806 (  0.00 %)   
Win =     0.00 sec (  1.21 %)
Div =     0.01 sec (  4.77 %)
Aig =     0.01 sec (  3.40 %)
Gia =     0.00 sec (  0.00 %)
Cnf =     0.00 sec (  0.63 %)
Sat =     0.17 sec ( 65.76 %)
Int =     0.00 sec (  0.00 %)
ALL =     0.26 sec (100.00 %)
round 13

0%   10   20   30   40   50   60   70   80   90   100%
|----|----|----|----|----|----|----|----|----|----|
seed = 1566914714 patience = 0
***************************************************
time = 3806526802
c3540_13_0.00130859
area = 1637
delay = 42.4
write_blif appntk/c3540_13_0.00130859_1637_42.4.blif
sis -x -c "read_library data/genlib/mcnc.genlib;read_blif appntk/c3540_13_0.00130859_1637_42.4.blif;print_map_stats" | grep -e "Most Negative Slack" -e "Total Area"
"appntk/c3540_13_0.00130859_1637_42.4.blif", line 9: .and_gate_delay 1.9
Total Area		= 1637.00
Most Negative Slack	= -70.10
Nodes = 903. Try = 826. Resub = 0. Div = 66820. SAT calls = 3597. Timeouts = 0. MaxDivs = 105.
Attempts :   Remove      0 out of   1646 (  0.00 %)   Resub       0 out of    617 (  0.00 %)   
Reduction:   Nodes       0 out of    903 (  0.00 %)   Edges       0 out of   1806 (  0.00 %)   
Win =     0.00 sec (  1.21 %)
Div =     0.01 sec (  4.76 %)
Aig =     0.01 sec (  3.43 %)
Gia =     0.00 sec (  0.00 %)
Cnf =     0.00 sec (  0.62 %)
Sat =     0.17 sec ( 65.73 %)
Int =     0.00 sec (  0.00 %)
ALL =     0.26 sec (100.00 %)
round 14

0%   10   20   30   40   50   60   70   80   90   100%
|----|----|----|----|----|----|----|----|----|----|
seed = 1566914805 patience = 1
***************************************************
best node n427 best error 0.00244141
time = 3898083183
c3540_14_0.00244141
area = 1640
delay = 42.5
write_blif appntk/c3540_14_0.00244141_1640_42.5.blif
sis -x -c "read_library data/genlib/mcnc.genlib;read_blif appntk/c3540_14_0.00244141_1640_42.5.blif;print_map_stats" | grep -e "Most Negative Slack" -e "Total Area"
"appntk/c3540_14_0.00244141_1640_42.5.blif", line 9: .and_gate_delay 1.9
Total Area		= 1640.00
Most Negative Slack	= -70.80
Nodes = 902. Try = 825. Resub = 0. Div = 66535. SAT calls = 3623. Timeouts = 0. MaxDivs = 104.
Attempts :   Remove      0 out of   1644 (  0.00 %)   Resub       0 out of    616 (  0.00 %)   
Reduction:   Nodes       0 out of    902 (  0.00 %)   Edges       0 out of   1804 (  0.00 %)   
Win =     0.00 sec (  1.19 %)
Div =     0.01 sec (  4.76 %)
Aig =     0.01 sec (  3.38 %)
Gia =     0.00 sec (  0.00 %)
Cnf =     0.00 sec (  0.62 %)
Sat =     0.17 sec ( 66.02 %)
Int =     0.00 sec (  0.00 %)
ALL =     0.26 sec (100.00 %)
round 15

0%   10   20   30   40   50   60   70   80   90   100%
|----|----|----|----|----|----|----|----|----|----|
seed = 1566914896 patience = 0
***************************************************
time = 3989640351
c3540_15_0.00244141
area = 1636
delay = 43.6
write_blif appntk/c3540_15_0.00244141_1636_43.6.blif
sis -x -c "read_library data/genlib/mcnc.genlib;read_blif appntk/c3540_15_0.00244141_1636_43.6.blif;print_map_stats" | grep -e "Most Negative Slack" -e "Total Area"
"appntk/c3540_15_0.00244141_1636_43.6.blif", line 9: .and_gate_delay 1.9
Total Area		= 1636.00
Most Negative Slack	= -71.70
Nodes = 902. Try = 825. Resub = 0. Div = 66573. SAT calls = 3579. Timeouts = 0. MaxDivs = 105.
Attempts :   Remove      0 out of   1644 (  0.00 %)   Resub       0 out of    615 (  0.00 %)   
Reduction:   Nodes       0 out of    902 (  0.00 %)   Edges       0 out of   1804 (  0.00 %)   
Win =     0.00 sec (  1.20 %)
Div =     0.01 sec (  4.73 %)
Aig =     0.01 sec (  3.39 %)
Gia =     0.00 sec (  0.00 %)
Cnf =     0.00 sec (  0.63 %)
Sat =     0.17 sec ( 65.38 %)
Int =     0.00 sec (  0.00 %)
ALL =     0.27 sec (100.00 %)
round 16

0%   10   20   30   40   50   60   70   80   90   100%
|----|----|----|----|----|----|----|----|----|----|
seed = 1566914988 patience = 1
***************************************************
best node n732 best error 0.00287109
time = 4081305386
c3540_16_0.00287109
area = 1640
delay = 42.7
write_blif appntk/c3540_16_0.00287109_1640_42.7.blif
sis -x -c "read_library data/genlib/mcnc.genlib;read_blif appntk/c3540_16_0.00287109_1640_42.7.blif;print_map_stats" | grep -e "Most Negative Slack" -e "Total Area"
"appntk/c3540_16_0.00287109_1640_42.7.blif", line 9: .and_gate_delay 1.9
Total Area		= 1640.00
Most Negative Slack	= -70.80
Nodes = 901. Try = 824. Resub = 0. Div = 66459. SAT calls = 3590. Timeouts = 0. MaxDivs = 103.
Attempts :   Remove      0 out of   1642 (  0.00 %)   Resub       0 out of    615 (  0.00 %)   
Reduction:   Nodes       0 out of    901 (  0.00 %)   Edges       0 out of   1802 (  0.00 %)   
Win =     0.00 sec (  1.21 %)
Div =     0.01 sec (  4.80 %)
Aig =     0.01 sec (  3.36 %)
Gia =     0.00 sec (  0.00 %)
Cnf =     0.00 sec (  0.62 %)
Sat =     0.17 sec ( 65.54 %)
Int =     0.00 sec (  0.00 %)
ALL =     0.26 sec (100.00 %)
round 17

0%   10   20   30   40   50   60   70   80   90   100%
|----|----|----|----|----|----|----|----|----|----|
seed = 1566915079 patience = 0
***************************************************
best node n735 best error 0.00369141
time = 4173081881
c3540_17_0.00369141
area = 1605
delay = 42.6
write_blif appntk/c3540_17_0.00369141_1605_42.6.blif
sis -x -c "read_library data/genlib/mcnc.genlib;read_blif appntk/c3540_17_0.00369141_1605_42.6.blif;print_map_stats" | grep -e "Most Negative Slack" -e "Total Area"
"appntk/c3540_17_0.00369141_1605_42.6.blif", line 9: .and_gate_delay 1.9
Total Area		= 1605.00
Most Negative Slack	= -70.70
Nodes = 897. Try = 820. Resub = 0. Div = 65896. SAT calls = 3567. Timeouts = 0. MaxDivs = 102.
Attempts :   Remove      0 out of   1634 (  0.00 %)   Resub       0 out of    614 (  0.00 %)   
Reduction:   Nodes       0 out of    897 (  0.00 %)   Edges       0 out of   1794 (  0.00 %)   
Win =     0.00 sec (  1.22 %)
Div =     0.01 sec (  4.82 %)
Aig =     0.01 sec (  3.40 %)
Gia =     0.00 sec (  0.00 %)
Cnf =     0.00 sec (  0.63 %)
Sat =     0.17 sec ( 65.51 %)
Int =     0.00 sec (  0.00 %)
ALL =     0.26 sec (100.00 %)
round 18

0%   10   20   30   40   50   60   70   80   90   100%
|----|----|----|----|----|----|----|----|----|----|
seed = 1566915171 patience = 0
***************************************************
time = 4264743192
c3540_18_0.00369141
area = 1613
delay = 43.6
write_blif appntk/c3540_18_0.00369141_1613_43.6.blif
sis -x -c "read_library data/genlib/mcnc.genlib;read_blif appntk/c3540_18_0.00369141_1613_43.6.blif;print_map_stats" | grep -e "Most Negative Slack" -e "Total Area"
"appntk/c3540_18_0.00369141_1613_43.6.blif", line 9: .and_gate_delay 1.9
Total Area		= 1613.00
Most Negative Slack	= -71.40
Nodes = 897. Try = 820. Resub = 0. Div = 65925. SAT calls = 3552. Timeouts = 0. MaxDivs = 103.
Attempts :   Remove      0 out of   1634 (  0.00 %)   Resub       0 out of    613 (  0.00 %)   
Reduction:   Nodes       0 out of    897 (  0.00 %)   Edges       0 out of   1794 (  0.00 %)   
Win =     0.00 sec (  1.20 %)
Div =     0.01 sec (  4.73 %)
Aig =     0.01 sec (  3.38 %)
Gia =     0.00 sec (  0.00 %)
Cnf =     0.00 sec (  0.62 %)
Sat =     0.17 sec ( 65.45 %)
Int =     0.00 sec (  0.00 %)
ALL =     0.27 sec (100.00 %)
round 19

0%   10   20   30   40   50   60   70   80   90   100%
|----|----|----|----|----|----|----|----|----|----|
seed = 1566915263 patience = 1
***************************************************
best node n682 best error 0.00487305
time = 4357065667
c3540_19_0.00487305
area = 1609
delay = 43
write_blif appntk/c3540_19_0.00487305_1609_43.blif
sis -x -c "read_library data/genlib/mcnc.genlib;read_blif appntk/c3540_19_0.00487305_1609_43.blif;print_map_stats" | grep -e "Most Negative Slack" -e "Total Area"
"appntk/c3540_19_0.00487305_1609_43.blif", line 9: .and_gate_delay 1.9
Total Area		= 1609.00
Most Negative Slack	= -70.60
Nodes = 895. Try = 818. Resub = 0. Div = 65345. SAT calls = 3503. Timeouts = 0. MaxDivs = 100.
Attempts :   Remove      0 out of   1630 (  0.00 %)   Resub       0 out of    614 (  0.00 %)   
Reduction:   Nodes       0 out of    895 (  0.00 %)   Edges       0 out of   1790 (  0.00 %)   
Win =     0.00 sec (  1.22 %)
Div =     0.01 sec (  4.82 %)
Aig =     0.01 sec (  3.41 %)
Gia =     0.00 sec (  0.00 %)
Cnf =     0.00 sec (  0.64 %)
Sat =     0.17 sec ( 65.09 %)
Int =     0.00 sec (  0.00 %)
ALL =     0.26 sec (100.00 %)
round 20

0%   10   20   30   40   50   60   70   80   90   100%
|----|----|----|----|----|----|----|----|----|----|
seed = 1566915355 patience = 0
***************************************************
time = 4447393658
c3540_20_0.00487305
area = 1608
delay = 42.8
write_blif appntk/c3540_20_0.00487305_1608_42.8.blif
sis -x -c "read_library data/genlib/mcnc.genlib;read_blif appntk/c3540_20_0.00487305_1608_42.8.blif;print_map_stats" | grep -e "Most Negative Slack" -e "Total Area"
"appntk/c3540_20_0.00487305_1608_42.8.blif", line 9: .and_gate_delay 1.9
Total Area		= 1608.00
Most Negative Slack	= -70.80
Nodes = 895. Try = 818. Resub = 0. Div = 65293. SAT calls = 3553. Timeouts = 0. MaxDivs = 101.
Attempts :   Remove      0 out of   1630 (  0.00 %)   Resub       0 out of    614 (  0.00 %)   
Reduction:   Nodes       0 out of    895 (  0.00 %)   Edges       0 out of   1790 (  0.00 %)   
Win =     0.00 sec (  1.19 %)
Div =     0.01 sec (  4.72 %)
Aig =     0.01 sec (  3.39 %)
Gia =     0.00 sec (  0.00 %)
Cnf =     0.00 sec (  0.62 %)
Sat =     0.17 sec ( 65.59 %)
Int =     0.00 sec (  0.00 %)
ALL =     0.26 sec (100.00 %)
round 21

0%   10   20   30   40   50   60   70   80   90   100%
|----|----|----|----|----|----|----|----|----|----|
seed = 1566915446 patience = 1
***************************************************
time = 4537893979
c3540_21_0.00487305
area = 1603
delay = 43.6
write_blif appntk/c3540_21_0.00487305_1603_43.6.blif
sis -x -c "read_library data/genlib/mcnc.genlib;read_blif appntk/c3540_21_0.00487305_1603_43.6.blif;print_map_stats" | grep -e "Most Negative Slack" -e "Total Area"
"appntk/c3540_21_0.00487305_1603_43.6.blif", line 9: .and_gate_delay 1.9
Total Area		= 1603.00
Most Negative Slack	= -71.90
Nodes = 895. Try = 818. Resub = 0. Div = 65334. SAT calls = 3541. Timeouts = 0. MaxDivs = 100.
Attempts :   Remove      0 out of   1630 (  0.00 %)   Resub       0 out of    613 (  0.00 %)   
Reduction:   Nodes       0 out of    895 (  0.00 %)   Edges       0 out of   1790 (  0.00 %)   
Win =     0.00 sec (  1.21 %)
Div =     0.01 sec (  4.80 %)
Aig =     0.01 sec (  3.38 %)
Gia =     0.00 sec (  0.00 %)
Cnf =     0.00 sec (  0.66 %)
Sat =     0.17 sec ( 65.32 %)
Int =     0.00 sec (  0.00 %)
ALL =     0.26 sec (100.00 %)
round 22

0%   10   20   30   40   50   60   70   80   90   100%
|----|----|----|----|----|----|----|----|----|----|
seed = 1566915536 patience = 2
***************************************************
time = 4628399270
c3540_22_0.00487305
area = 1611
delay = 43
write_blif appntk/c3540_22_0.00487305_1611_43.blif
sis -x -c "read_library data/genlib/mcnc.genlib;read_blif appntk/c3540_22_0.00487305_1611_43.blif;print_map_stats" | grep -e "Most Negative Slack" -e "Total Area"
"appntk/c3540_22_0.00487305_1611_43.blif", line 9: .and_gate_delay 1.9
Total Area		= 1611.00
Most Negative Slack	= -70.60
Nodes = 895. Try = 818. Resub = 0. Div = 65363. SAT calls = 3568. Timeouts = 0. MaxDivs = 101.
Attempts :   Remove      0 out of   1630 (  0.00 %)   Resub       0 out of    614 (  0.00 %)   
Reduction:   Nodes       0 out of    895 (  0.00 %)   Edges       0 out of   1790 (  0.00 %)   
Win =     0.00 sec (  1.20 %)
Div =     0.01 sec (  4.76 %)
Aig =     0.01 sec (  3.34 %)
Gia =     0.00 sec (  0.00 %)
Cnf =     0.00 sec (  0.62 %)
Sat =     0.17 sec ( 65.35 %)
Int =     0.00 sec (  0.00 %)
ALL =     0.26 sec (100.00 %)
round 23

0%   10   20   30   40   50   60   70   80   90   100%
|----|----|----|----|----|----|----|----|----|----|
seed = 1566915627 patience = 3
***************************************************
time = 4718935478
c3540_23_0.00487305
area = 1599
delay = 42.8
write_blif appntk/c3540_23_0.00487305_1599_42.8.blif
sis -x -c "read_library data/genlib/mcnc.genlib;read_blif appntk/c3540_23_0.00487305_1599_42.8.blif;print_map_stats" | grep -e "Most Negative Slack" -e "Total Area"
"appntk/c3540_23_0.00487305_1599_42.8.blif", line 9: .and_gate_delay 1.9
Total Area		= 1599.00
Most Negative Slack	= -71.10
Nodes = 895. Try = 818. Resub = 0. Div = 65343. SAT calls = 3560. Timeouts = 0. MaxDivs = 101.
Attempts :   Remove      0 out of   1630 (  0.00 %)   Resub       0 out of    614 (  0.00 %)   
Reduction:   Nodes       0 out of    895 (  0.00 %)   Edges       0 out of   1790 (  0.00 %)   
Win =     0.00 sec (  1.20 %)
Div =     0.01 sec (  4.76 %)
Aig =     0.01 sec (  3.37 %)
Gia =     0.00 sec (  0.00 %)
Cnf =     0.00 sec (  0.63 %)
Sat =     0.17 sec ( 65.50 %)
Int =     0.00 sec (  0.00 %)
ALL =     0.26 sec (100.00 %)
round 24

0%   10   20   30   40   50   60   70   80   90   100%
|----|----|----|----|----|----|----|----|----|----|
seed = 1566915717 patience = 4
***************************************************
Network does not change, frame number changes to 1024
time = 4810417050
c3540_24_0.00487305
area = 1609
delay = 43.6
write_blif appntk/c3540_24_0.00487305_1609_43.6.blif
sis -x -c "read_library data/genlib/mcnc.genlib;read_blif appntk/c3540_24_0.00487305_1609_43.6.blif;print_map_stats" | grep -e "Most Negative Slack" -e "Total Area"
"appntk/c3540_24_0.00487305_1609_43.6.blif", line 9: .and_gate_delay 1.9
Total Area		= 1609.00
Most Negative Slack	= -71.90
Nodes = 895. Try = 818. Resub = 0. Div = 65326. SAT calls = 3537. Timeouts = 0. MaxDivs = 101.
Attempts :   Remove      0 out of   1630 (  0.00 %)   Resub       0 out of    613 (  0.00 %)   
Reduction:   Nodes       0 out of    895 (  0.00 %)   Edges       0 out of   1790 (  0.00 %)   
Win =     0.00 sec (  1.20 %)
Div =     0.01 sec (  4.74 %)
Aig =     0.01 sec (  3.36 %)
Gia =     0.00 sec (  0.00 %)
Cnf =     0.00 sec (  0.64 %)
Sat =     0.17 sec ( 65.72 %)
Int =     0.00 sec (  0.00 %)
ALL =     0.26 sec (100.00 %)
round 25

0%   10   20   30   40   50   60   70   80   90   100%
|----|----|----|----|----|----|----|----|----|----|
seed = 1566915809 patience = 0
***************************************************
best node n425 best error 0.00527344
time = 4858013907
c3540_25_0.00527344
area = 1591
delay = 43.9
write_blif appntk/c3540_25_0.00527344_1591_43.9.blif
sis -x -c "read_library data/genlib/mcnc.genlib;read_blif appntk/c3540_25_0.00527344_1591_43.9.blif;print_map_stats" | grep -e "Most Negative Slack" -e "Total Area"
"appntk/c3540_25_0.00527344_1591_43.9.blif", line 9: .and_gate_delay 1.9
Total Area		= 1591.00
Most Negative Slack	= -71.70
Nodes = 891. Try = 816. Resub = 0. Div = 65451. SAT calls = 3510. Timeouts = 0. MaxDivs = 102.
Attempts :   Remove      0 out of   1626 (  0.00 %)   Resub       0 out of    615 (  0.00 %)   
Reduction:   Nodes       0 out of    891 (  0.00 %)   Edges       0 out of   1782 (  0.00 %)   
Win =     0.00 sec (  1.21 %)
Div =     0.01 sec (  4.78 %)
Aig =     0.01 sec (  3.36 %)
Gia =     0.00 sec (  0.00 %)
Cnf =     0.00 sec (  0.63 %)
Sat =     0.17 sec ( 65.38 %)
Int =     0.00 sec (  0.00 %)
ALL =     0.26 sec (100.00 %)
round 26

0%   10   20   30   40   50   60   70   80   90   100%
|----|----|----|----|----|----|----|----|----|----|
seed = 1566915857 patience = 0
***************************************************
best node n629 best error 0.00749023
time = 4905397504
c3540_26_0.00749023
area = 1589
delay = 42.9
write_blif appntk/c3540_26_0.00749023_1589_42.9.blif
sis -x -c "read_library data/genlib/mcnc.genlib;read_blif appntk/c3540_26_0.00749023_1589_42.9.blif;print_map_stats" | grep -e "Most Negative Slack" -e "Total Area"
"appntk/c3540_26_0.00749023_1589_42.9.blif", line 9: .and_gate_delay 1.9
Total Area		= 1589.00
Most Negative Slack	= -71.00
Nodes = 889. Try = 814. Resub = 0. Div = 65224. SAT calls = 3557. Timeouts = 0. MaxDivs = 101.
Attempts :   Remove      0 out of   1622 (  0.00 %)   Resub       0 out of    613 (  0.00 %)   
Reduction:   Nodes       0 out of    889 (  0.00 %)   Edges       0 out of   1778 (  0.00 %)   
Win =     0.00 sec (  1.19 %)
Div =     0.01 sec (  4.73 %)
Aig =     0.01 sec (  3.34 %)
Gia =     0.00 sec (  0.00 %)
Cnf =     0.00 sec (  0.62 %)
Sat =     0.17 sec ( 65.78 %)
Int =     0.00 sec (  0.00 %)
ALL =     0.26 sec (100.00 %)
round 27

0%   10   20   30   40   50   60   70   80   90   100%
|----|----|----|----|----|----|----|----|----|----|
seed = 1566915904 patience = 0
***************************************************
best node n614 best error 0.00959961
time = 4952943989
c3540_27_0.00959961
area = 1584
delay = 43.9
write_blif appntk/c3540_27_0.00959961_1584_43.9.blif
sis -x -c "read_library data/genlib/mcnc.genlib;read_blif appntk/c3540_27_0.00959961_1584_43.9.blif;print_map_stats" | grep -e "Most Negative Slack" -e "Total Area"
"appntk/c3540_27_0.00959961_1584_43.9.blif", line 9: .and_gate_delay 1.9
Total Area		= 1584.00
Most Negative Slack	= -72.00
Nodes = 888. Try = 813. Resub = 0. Div = 65167. SAT calls = 3524. Timeouts = 0. MaxDivs = 101.
Attempts :   Remove      0 out of   1620 (  0.00 %)   Resub       0 out of    611 (  0.00 %)   
Reduction:   Nodes       0 out of    888 (  0.00 %)   Edges       0 out of   1776 (  0.00 %)   
Win =     0.00 sec (  1.20 %)
Div =     0.01 sec (  4.66 %)
Aig =     0.01 sec (  3.31 %)
Gia =     0.00 sec (  0.00 %)
Cnf =     0.00 sec (  0.62 %)
Sat =     0.17 sec ( 65.56 %)
Int =     0.00 sec (  0.00 %)
ALL =     0.27 sec (100.00 %)
round 28

0%   10   20   30   40   50   60   70   80   90   100%
|----|----|----|----|----|----|----|----|----|----|
seed = 1566915952 patience = 0
***************************************************
best node n582 best error 0.0130566
time = 5000443782
c3540_28_0.0130566
area = 1561
delay = 42.1
write_blif appntk/c3540_28_0.0130566_1561_42.1.blif
sis -x -c "read_library data/genlib/mcnc.genlib;read_blif appntk/c3540_28_0.0130566_1561_42.1.blif;print_map_stats" | grep -e "Most Negative Slack" -e "Total Area"
"appntk/c3540_28_0.0130566_1561_42.1.blif", line 9: .and_gate_delay 1.9
Total Area		= 1561.00
Most Negative Slack	= -68.50
Nodes = 879. Try = 807. Resub = 0. Div = 63511. SAT calls = 3506. Timeouts = 0. MaxDivs = 96.
Attempts :   Remove      0 out of   1608 (  0.00 %)   Resub       0 out of    610 (  0.00 %)   
Reduction:   Nodes       0 out of    879 (  0.00 %)   Edges       0 out of   1758 (  0.00 %)   
Win =     0.00 sec (  1.20 %)
Div =     0.01 sec (  4.74 %)
Aig =     0.01 sec (  3.29 %)
Gia =     0.00 sec (  0.00 %)
Cnf =     0.00 sec (  0.64 %)
Sat =     0.17 sec ( 65.52 %)
Int =     0.00 sec (  0.00 %)
ALL =     0.26 sec (100.00 %)
round 29

0%   10   20   30   40   50   60   70   80   90   100%
|----|----|----|----|----|----|----|----|----|----|
seed = 1566915999 patience = 0
***************************************************
best node n586 best error 0.0161523
time = 5047025452
c3540_29_0.0161523
area = 1564
delay = 42.9
write_blif appntk/c3540_29_0.0161523_1564_42.9.blif
sis -x -c "read_library data/genlib/mcnc.genlib;read_blif appntk/c3540_29_0.0161523_1564_42.9.blif;print_map_stats" | grep -e "Most Negative Slack" -e "Total Area"
"appntk/c3540_29_0.0161523_1564_42.9.blif", line 9: .and_gate_delay 1.9
Total Area		= 1564.00
Most Negative Slack	= -71.90
Nodes = 877. Try = 805. Resub = 0. Div = 63193. SAT calls = 3478. Timeouts = 0. MaxDivs = 94.
Attempts :   Remove      0 out of   1606 (  0.00 %)   Resub       0 out of    608 (  0.00 %)   
Reduction:   Nodes       0 out of    877 (  0.00 %)   Edges       0 out of   1754 (  0.00 %)   
Win =     0.00 sec (  1.18 %)
Div =     0.01 sec (  4.69 %)
Aig =     0.01 sec (  3.35 %)
Gia =     0.00 sec (  0.00 %)
Cnf =     0.00 sec (  0.62 %)
Sat =     0.17 sec ( 64.31 %)
Int =     0.00 sec (  0.00 %)
ALL =     0.26 sec (100.00 %)
round 30

0%   10   20   30   40   50   60   70   80   90   100%
|----|----|----|----|----|----|----|----|----|----|
seed = 1566916046 patience = 0
***************************************************
best node n660 best error 0.0174609
time = 5094293874
c3540_30_0.0174609
area = 1560
delay = 44.6
write_blif appntk/c3540_30_0.0174609_1560_44.6.blif
sis -x -c "read_library data/genlib/mcnc.genlib;read_blif appntk/c3540_30_0.0174609_1560_44.6.blif;print_map_stats" | grep -e "Most Negative Slack" -e "Total Area"
"appntk/c3540_30_0.0174609_1560_44.6.blif", line 9: .and_gate_delay 1.9
Total Area		= 1560.00
Most Negative Slack	= -72.80
Nodes = 876. Try = 805. Resub = 0. Div = 63235. SAT calls = 3496. Timeouts = 0. MaxDivs = 94.
Attempts :   Remove      0 out of   1606 (  0.00 %)   Resub       0 out of    609 (  0.00 %)   
Reduction:   Nodes       0 out of    876 (  0.00 %)   Edges       0 out of   1752 (  0.00 %)   
Win =     0.00 sec (  1.21 %)
Div =     0.01 sec (  4.75 %)
Aig =     0.01 sec (  3.33 %)
Gia =     0.00 sec (  0.00 %)
Cnf =     0.00 sec (  0.63 %)
Sat =     0.17 sec ( 65.49 %)
Int =     0.00 sec (  0.00 %)
ALL =     0.26 sec (100.00 %)
round 31

0%   10   20   30   40   50   60   70   80   90   100%
|----|----|----|----|----|----|----|----|----|----|
seed = 1566916093 patience = 0
***************************************************
best node n645 best error 0.0189063
time = 5140507731
c3540_31_0.0189063
area = 1566
delay = 41.8
write_blif appntk/c3540_31_0.0189063_1566_41.8.blif
sis -x -c "read_library data/genlib/mcnc.genlib;read_blif appntk/c3540_31_0.0189063_1566_41.8.blif;print_map_stats" | grep -e "Most Negative Slack" -e "Total Area"
"appntk/c3540_31_0.0189063_1566_41.8.blif", line 9: .and_gate_delay 1.9
Total Area		= 1566.00
Most Negative Slack	= -68.70
Nodes = 875. Try = 804. Resub = 0. Div = 62971. SAT calls = 3474. Timeouts = 0. MaxDivs = 94.
Attempts :   Remove      0 out of   1604 (  0.00 %)   Resub       0 out of    609 (  0.00 %)   
Reduction:   Nodes       0 out of    875 (  0.00 %)   Edges       0 out of   1750 (  0.00 %)   
Win =     0.00 sec (  1.20 %)
Div =     0.01 sec (  4.76 %)
Aig =     0.01 sec (  3.31 %)
Gia =     0.00 sec (  0.00 %)
Cnf =     0.00 sec (  0.64 %)
Sat =     0.17 sec ( 66.06 %)
Int =     0.00 sec (  0.00 %)
ALL =     0.25 sec (100.00 %)
round 32

0%   10   20   30   40   50   60   70   80   90   100%
|----|----|----|----|----|----|----|----|----|----|
seed = 1566916139 patience = 0
***************************************************
best node n409 best error 0.0219434
time = 5186238824
c3540_32_0.0219434
area = 1554
delay = 41.9
write_blif appntk/c3540_32_0.0219434_1554_41.9.blif
sis -x -c "read_library data/genlib/mcnc.genlib;read_blif appntk/c3540_32_0.0219434_1554_41.9.blif;print_map_stats" | grep -e "Most Negative Slack" -e "Total Area"
"appntk/c3540_32_0.0219434_1554_41.9.blif", line 9: .and_gate_delay 1.9
Total Area		= 1554.00
Most Negative Slack	= -68.80
Nodes = 872. Try = 801. Resub = 0. Div = 62516. SAT calls = 3501. Timeouts = 0. MaxDivs = 91.
Attempts :   Remove      0 out of   1598 (  0.00 %)   Resub       0 out of    606 (  0.00 %)   
Reduction:   Nodes       0 out of    872 (  0.00 %)   Edges       0 out of   1744 (  0.00 %)   
Win =     0.00 sec (  1.18 %)
Div =     0.01 sec (  4.75 %)
Aig =     0.01 sec (  3.31 %)
Gia =     0.00 sec (  0.00 %)
Cnf =     0.00 sec (  0.63 %)
Sat =     0.17 sec ( 65.93 %)
Int =     0.00 sec (  0.00 %)
ALL =     0.25 sec (100.00 %)
round 33

0%   10   20   30   40   50   60   70   80   90   100%
|----|----|----|----|----|----|----|----|----|----|
seed = 1566916185 patience = 0
***************************************************
best node n580 best error 0.0234082
time = 5232447541
c3540_33_0.0234082
area = 1557
delay = 41.5
write_blif appntk/c3540_33_0.0234082_1557_41.5.blif
sis -x -c "read_library data/genlib/mcnc.genlib;read_blif appntk/c3540_33_0.0234082_1557_41.5.blif;print_map_stats" | grep -e "Most Negative Slack" -e "Total Area"
"appntk/c3540_33_0.0234082_1557_41.5.blif", line 9: .and_gate_delay 1.9
Total Area		= 1557.00
Most Negative Slack	= -68.00
Nodes = 871. Try = 802. Resub = 0. Div = 62863. SAT calls = 3457. Timeouts = 0. MaxDivs = 92.
Attempts :   Remove      0 out of   1600 (  0.00 %)   Resub       0 out of    606 (  0.00 %)   
Reduction:   Nodes       0 out of    871 (  0.00 %)   Edges       0 out of   1742 (  0.00 %)   
Win =     0.00 sec (  1.22 %)
Div =     0.01 sec (  4.76 %)
Aig =     0.01 sec (  3.35 %)
Gia =     0.00 sec (  0.00 %)
Cnf =     0.00 sec (  0.63 %)
Sat =     0.16 sec ( 65.39 %)
Int =     0.00 sec (  0.00 %)
ALL =     0.25 sec (100.00 %)
round 34

0%   10   20   30   40   50   60   70   80   90   100%
|----|----|----|----|----|----|----|----|----|----|
seed = 1566916231 patience = 0
***************************************************
time = 5277123550
c3540_34_0.0234082
area = 1553
delay = 41.5
write_blif appntk/c3540_34_0.0234082_1553_41.5.blif
sis -x -c "read_library data/genlib/mcnc.genlib;read_blif appntk/c3540_34_0.0234082_1553_41.5.blif;print_map_stats" | grep -e "Most Negative Slack" -e "Total Area"
"appntk/c3540_34_0.0234082_1553_41.5.blif", line 9: .and_gate_delay 1.9
Total Area		= 1553.00
Most Negative Slack	= -66.70
Nodes = 871. Try = 802. Resub = 0. Div = 62851. SAT calls = 3473. Timeouts = 0. MaxDivs = 92.
Attempts :   Remove      0 out of   1600 (  0.00 %)   Resub       0 out of    607 (  0.00 %)   
Reduction:   Nodes       0 out of    871 (  0.00 %)   Edges       0 out of   1742 (  0.00 %)   
Win =     0.00 sec (  1.20 %)
Div =     0.01 sec (  4.77 %)
Aig =     0.01 sec (  3.37 %)
Gia =     0.00 sec (  0.00 %)
Cnf =     0.00 sec (  0.63 %)
Sat =     0.17 sec ( 65.21 %)
Int =     0.00 sec (  0.00 %)
ALL =     0.26 sec (100.00 %)
round 35

0%   10   20   30   40   50   60   70   80   90   100%
|----|----|----|----|----|----|----|----|----|----|
seed = 1566916276 patience = 1
***************************************************
time = 5321635451
c3540_35_0.0234082
area = 1553
delay = 41.5
write_blif appntk/c3540_35_0.0234082_1553_41.5.blif
sis -x -c "read_library data/genlib/mcnc.genlib;read_blif appntk/c3540_35_0.0234082_1553_41.5.blif;print_map_stats" | grep -e "Most Negative Slack" -e "Total Area"
"appntk/c3540_35_0.0234082_1553_41.5.blif", line 9: .and_gate_delay 1.9
Total Area		= 1553.00
Most Negative Slack	= -68.60
Nodes = 871. Try = 802. Resub = 0. Div = 62841. SAT calls = 3489. Timeouts = 0. MaxDivs = 95.
Attempts :   Remove      0 out of   1600 (  0.00 %)   Resub       0 out of    607 (  0.00 %)   
Reduction:   Nodes       0 out of    871 (  0.00 %)   Edges       0 out of   1742 (  0.00 %)   
Win =     0.00 sec (  1.19 %)
Div =     0.01 sec (  4.71 %)
Aig =     0.01 sec (  3.30 %)
Gia =     0.00 sec (  0.00 %)
Cnf =     0.00 sec (  0.62 %)
Sat =     0.17 sec ( 65.77 %)
Int =     0.00 sec (  0.00 %)
ALL =     0.25 sec (100.00 %)
round 36

0%   10   20   30   40   50   60   70   80   90   100%
|----|----|----|----|----|----|----|----|----|----|
seed = 1566916321 patience = 2
***************************************************
time = 5366919512
c3540_36_0.0234082
area = 1554
delay = 40.5
write_blif appntk/c3540_36_0.0234082_1554_40.5.blif
sis -x -c "read_library data/genlib/mcnc.genlib;read_blif appntk/c3540_36_0.0234082_1554_40.5.blif;print_map_stats" | grep -e "Most Negative Slack" -e "Total Area"
"appntk/c3540_36_0.0234082_1554_40.5.blif", line 9: .and_gate_delay 1.9
Total Area		= 1554.00
Most Negative Slack	= -66.50
Nodes = 871. Try = 802. Resub = 0. Div = 62831. SAT calls = 3462. Timeouts = 0. MaxDivs = 92.
Attempts :   Remove      0 out of   1600 (  0.00 %)   Resub       0 out of    606 (  0.00 %)   
Reduction:   Nodes       0 out of    871 (  0.00 %)   Edges       0 out of   1742 (  0.00 %)   
Win =     0.00 sec (  1.20 %)
Div =     0.01 sec (  4.74 %)
Aig =     0.01 sec (  3.32 %)
Gia =     0.00 sec (  0.00 %)
Cnf =     0.00 sec (  0.63 %)
Sat =     0.17 sec ( 65.42 %)
Int =     0.00 sec (  0.00 %)
ALL =     0.25 sec (100.00 %)
round 37

0%   10   20   30   40   50   60   70   80   90   100%
|----|----|----|----|----|----|----|----|----|----|
seed = 1566916366 patience = 3
***************************************************
best node n596 best error 0.0254199
time = 5411575557
c3540_37_0.0254199
area = 1555
delay = 41.7
write_blif appntk/c3540_37_0.0254199_1555_41.7.blif
sis -x -c "read_library data/genlib/mcnc.genlib;read_blif appntk/c3540_37_0.0254199_1555_41.7.blif;print_map_stats" | grep -e "Most Negative Slack" -e "Total Area"
"appntk/c3540_37_0.0254199_1555_41.7.blif", line 9: .and_gate_delay 1.9
Total Area		= 1555.00
Most Negative Slack	= -68.20
Nodes = 869. Try = 800. Resub = 0. Div = 62685. SAT calls = 3500. Timeouts = 0. MaxDivs = 91.
Attempts :   Remove      0 out of   1596 (  0.00 %)   Resub       0 out of    605 (  0.00 %)   
Reduction:   Nodes       0 out of    869 (  0.00 %)   Edges       0 out of   1738 (  0.00 %)   
Win =     0.00 sec (  1.19 %)
Div =     0.01 sec (  4.69 %)
Aig =     0.01 sec (  3.32 %)
Gia =     0.00 sec (  0.00 %)
Cnf =     0.00 sec (  0.64 %)
Sat =     0.17 sec ( 65.39 %)
Int =     0.00 sec (  0.00 %)
ALL =     0.26 sec (100.00 %)
round 38

0%   10   20   30   40   50   60   70   80   90   100%
|----|----|----|----|----|----|----|----|----|----|
seed = 1566916411 patience = 0
***************************************************
best node n754 best error 0.0264844
time = 5456516585
c3540_38_0.0264844
area = 1545
delay = 40.4
write_blif appntk/c3540_38_0.0264844_1545_40.4.blif
sis -x -c "read_library data/genlib/mcnc.genlib;read_blif appntk/c3540_38_0.0264844_1545_40.4.blif;print_map_stats" | grep -e "Most Negative Slack" -e "Total Area"
"appntk/c3540_38_0.0264844_1545_40.4.blif", line 9: .and_gate_delay 1.9
Total Area		= 1545.00
Most Negative Slack	= -68.30
Nodes = 868. Try = 799. Resub = 0. Div = 62461. SAT calls = 3528. Timeouts = 0. MaxDivs = 91.
Attempts :   Remove      0 out of   1594 (  0.00 %)   Resub       0 out of    605 (  0.00 %)   
Reduction:   Nodes       0 out of    868 (  0.00 %)   Edges       0 out of   1736 (  0.00 %)   
Win =     0.00 sec (  1.19 %)
Div =     0.01 sec (  4.66 %)
Aig =     0.01 sec (  3.32 %)
Gia =     0.00 sec (  0.00 %)
Cnf =     0.00 sec (  0.63 %)
Sat =     0.17 sec ( 65.89 %)
Int =     0.00 sec (  0.00 %)
ALL =     0.26 sec (100.00 %)
round 39

0%   10   20   30   40   50   60   70   80   90   100%
|----|----|----|----|----|----|----|----|----|----|
seed = 1566916456 patience = 0
***************************************************
best node n405 best error 0.0277539
time = 5502063055
c3540_39_0.0277539
area = 1540
delay = 41.7
write_blif appntk/c3540_39_0.0277539_1540_41.7.blif
sis -x -c "read_library data/genlib/mcnc.genlib;read_blif appntk/c3540_39_0.0277539_1540_41.7.blif;print_map_stats" | grep -e "Most Negative Slack" -e "Total Area"
"appntk/c3540_39_0.0277539_1540_41.7.blif", line 9: .and_gate_delay 1.9
Total Area		= 1540.00
Most Negative Slack	= -69.10
Nodes = 867. Try = 798. Resub = 0. Div = 62408. SAT calls = 3454. Timeouts = 0. MaxDivs = 94.
Attempts :   Remove      0 out of   1592 (  0.00 %)   Resub       0 out of    603 (  0.00 %)   
Reduction:   Nodes       0 out of    867 (  0.00 %)   Edges       0 out of   1734 (  0.00 %)   
Win =     0.00 sec (  1.21 %)
Div =     0.01 sec (  4.73 %)
Aig =     0.01 sec (  3.28 %)
Gia =     0.00 sec (  0.00 %)
Cnf =     0.00 sec (  0.62 %)
Sat =     0.17 sec ( 65.59 %)
Int =     0.00 sec (  0.00 %)
ALL =     0.25 sec (100.00 %)
round 40

0%   10   20   30   40   50   60   70   80   90   100%
|----|----|----|----|----|----|----|----|----|----|
seed = 1566916501 patience = 0
***************************************************
time = 5546341380
c3540_40_0.0277539
area = 1537
delay = 42.1
write_blif appntk/c3540_40_0.0277539_1537_42.1.blif
sis -x -c "read_library data/genlib/mcnc.genlib;read_blif appntk/c3540_40_0.0277539_1537_42.1.blif;print_map_stats" | grep -e "Most Negative Slack" -e "Total Area"
"appntk/c3540_40_0.0277539_1537_42.1.blif", line 9: .and_gate_delay 1.9
Total Area		= 1537.00
Most Negative Slack	= -69.10
Nodes = 867. Try = 798. Resub = 0. Div = 62320. SAT calls = 3450. Timeouts = 0. MaxDivs = 90.
Attempts :   Remove      0 out of   1592 (  0.00 %)   Resub       0 out of    604 (  0.00 %)   
Reduction:   Nodes       0 out of    867 (  0.00 %)   Edges       0 out of   1734 (  0.00 %)   
Win =     0.00 sec (  1.21 %)
Div =     0.01 sec (  4.73 %)
Aig =     0.01 sec (  3.32 %)
Gia =     0.00 sec (  0.00 %)
Cnf =     0.00 sec (  0.63 %)
Sat =     0.16 sec ( 65.42 %)
Int =     0.00 sec (  0.00 %)
ALL =     0.25 sec (100.00 %)
round 41

0%   10   20   30   40   50   60   70   80   90   100%
|----|----|----|----|----|----|----|----|----|----|
seed = 1566916545 patience = 1
***************************************************
time = 5590520126
c3540_41_0.0277539
area = 1537
delay = 41.7
write_blif appntk/c3540_41_0.0277539_1537_41.7.blif
sis -x -c "read_library data/genlib/mcnc.genlib;read_blif appntk/c3540_41_0.0277539_1537_41.7.blif;print_map_stats" | grep -e "Most Negative Slack" -e "Total Area"
"appntk/c3540_41_0.0277539_1537_41.7.blif", line 9: .and_gate_delay 1.9
Total Area		= 1537.00
Most Negative Slack	= -69.40
Nodes = 867. Try = 798. Resub = 0. Div = 62313. SAT calls = 3479. Timeouts = 0. MaxDivs = 92.
Attempts :   Remove      0 out of   1592 (  0.00 %)   Resub       0 out of    604 (  0.00 %)   
Reduction:   Nodes       0 out of    867 (  0.00 %)   Edges       0 out of   1734 (  0.00 %)   
Win =     0.00 sec (  1.19 %)
Div =     0.01 sec (  4.71 %)
Aig =     0.01 sec (  3.28 %)
Gia =     0.00 sec (  0.00 %)
Cnf =     0.00 sec (  0.62 %)
Sat =     0.17 sec ( 65.67 %)
Int =     0.00 sec (  0.00 %)
ALL =     0.25 sec (100.00 %)
round 42

0%   10   20   30   40   50   60   70   80   90   100%
|----|----|----|----|----|----|----|----|----|----|
seed = 1566916590 patience = 2
***************************************************
time = 5635503113
c3540_42_0.0277539
area = 1539
delay = 41.4
write_blif appntk/c3540_42_0.0277539_1539_41.4.blif
sis -x -c "read_library data/genlib/mcnc.genlib;read_blif appntk/c3540_42_0.0277539_1539_41.4.blif;print_map_stats" | grep -e "Most Negative Slack" -e "Total Area"
"appntk/c3540_42_0.0277539_1539_41.4.blif", line 9: .and_gate_delay 1.9
Total Area		= 1539.00
Most Negative Slack	= -69.10
Nodes = 867. Try = 798. Resub = 0. Div = 62313. SAT calls = 3456. Timeouts = 0. MaxDivs = 91.
Attempts :   Remove      0 out of   1592 (  0.00 %)   Resub       0 out of    603 (  0.00 %)   
Reduction:   Nodes       0 out of    867 (  0.00 %)   Edges       0 out of   1734 (  0.00 %)   
Win =     0.00 sec (  1.19 %)
Div =     0.01 sec (  4.66 %)
Aig =     0.01 sec (  3.28 %)
Gia =     0.00 sec (  0.00 %)
Cnf =     0.00 sec (  0.61 %)
Sat =     0.17 sec ( 65.67 %)
Int =     0.00 sec (  0.00 %)
ALL =     0.26 sec (100.00 %)
round 43

0%   10   20   30   40   50   60   70   80   90   100%
|----|----|----|----|----|----|----|----|----|----|
seed = 1566916635 patience = 3
***************************************************
time = 5679912577
c3540_43_0.0277539
area = 1543
delay = 41.9
write_blif appntk/c3540_43_0.0277539_1543_41.9.blif
sis -x -c "read_library data/genlib/mcnc.genlib;read_blif appntk/c3540_43_0.0277539_1543_41.9.blif;print_map_stats" | grep -e "Most Negative Slack" -e "Total Area"
"appntk/c3540_43_0.0277539_1543_41.9.blif", line 9: .and_gate_delay 1.9
Total Area		= 1543.00
Most Negative Slack	= -68.70
Nodes = 867. Try = 798. Resub = 0. Div = 62362. SAT calls = 3479. Timeouts = 0. MaxDivs = 92.
Attempts :   Remove      0 out of   1592 (  0.00 %)   Resub       0 out of    604 (  0.00 %)   
Reduction:   Nodes       0 out of    867 (  0.00 %)   Edges       0 out of   1734 (  0.00 %)   
Win =     0.00 sec (  1.20 %)
Div =     0.01 sec (  4.73 %)
Aig =     0.01 sec (  3.35 %)
Gia =     0.00 sec (  0.00 %)
Cnf =     0.00 sec (  0.63 %)
Sat =     0.17 sec ( 65.89 %)
Int =     0.00 sec (  0.00 %)
ALL =     0.25 sec (100.00 %)
round 44

0%   10   20   30   40   50   60   70   80   90   100%
|----|----|----|----|----|----|----|----|----|----|
seed = 1566916679 patience = 4
***************************************************
Network does not change, frame number changes to 512
time = 5724220802
c3540_44_0.0277539
area = 1541
delay = 40.8
write_blif appntk/c3540_44_0.0277539_1541_40.8.blif
sis -x -c "read_library data/genlib/mcnc.genlib;read_blif appntk/c3540_44_0.0277539_1541_40.8.blif;print_map_stats" | grep -e "Most Negative Slack" -e "Total Area"
"appntk/c3540_44_0.0277539_1541_40.8.blif", line 9: .and_gate_delay 1.9
Total Area		= 1541.00
Most Negative Slack	= -69.40
Nodes = 867. Try = 798. Resub = 0. Div = 62273. SAT calls = 3493. Timeouts = 0. MaxDivs = 90.
Attempts :   Remove      0 out of   1592 (  0.00 %)   Resub       0 out of    604 (  0.00 %)   
Reduction:   Nodes       0 out of    867 (  0.00 %)   Edges       0 out of   1734 (  0.00 %)   
Win =     0.00 sec (  1.18 %)
Div =     0.01 sec (  4.70 %)
Aig =     0.01 sec (  3.27 %)
Gia =     0.00 sec (  0.00 %)
Cnf =     0.00 sec (  0.64 %)
Sat =     0.17 sec ( 65.95 %)
Int =     0.00 sec (  0.00 %)
ALL =     0.25 sec (100.00 %)
round 45

0%   10   20   30   40   50   60   70   80   90   100%
|----|----|----|----|----|----|----|----|----|----|
seed = 1566916723 patience = 0
***************************************************
best node n697 best error 0.0288379
time = 5748582831
c3540_45_0.0288379
area = 1538
delay = 41.7
write_blif appntk/c3540_45_0.0288379_1538_41.7.blif
sis -x -c "read_library data/genlib/mcnc.genlib;read_blif appntk/c3540_45_0.0288379_1538_41.7.blif;print_map_stats" | grep -e "Most Negative Slack" -e "Total Area"
"appntk/c3540_45_0.0288379_1538_41.7.blif", line 9: .and_gate_delay 1.9
Total Area		= 1538.00
Most Negative Slack	= -69.30
Nodes = 866. Try = 797. Resub = 0. Div = 62198. SAT calls = 3436. Timeouts = 0. MaxDivs = 92.
Attempts :   Remove      0 out of   1590 (  0.00 %)   Resub       0 out of    603 (  0.00 %)   
Reduction:   Nodes       0 out of    866 (  0.00 %)   Edges       0 out of   1732 (  0.00 %)   
Win =     0.00 sec (  1.21 %)
Div =     0.01 sec (  4.73 %)
Aig =     0.01 sec (  3.31 %)
Gia =     0.00 sec (  0.00 %)
Cnf =     0.00 sec (  0.63 %)
Sat =     0.17 sec ( 65.62 %)
Int =     0.00 sec (  0.00 %)
ALL =     0.26 sec (100.00 %)
round 46

0%   10   20   30   40   50   60   70   80   90   100%
|----|----|----|----|----|----|----|----|----|----|
seed = 1566916748 patience = 0
***************************************************
best node n412 best error 0.0292871
time = 5772614860
c3540_46_0.0292871
area = 1536
delay = 41.1
write_blif appntk/c3540_46_0.0292871_1536_41.1.blif
sis -x -c "read_library data/genlib/mcnc.genlib;read_blif appntk/c3540_46_0.0292871_1536_41.1.blif;print_map_stats" | grep -e "Most Negative Slack" -e "Total Area"
"appntk/c3540_46_0.0292871_1536_41.1.blif", line 9: .and_gate_delay 1.9
Total Area		= 1536.00
Most Negative Slack	= -68.70
Nodes = 864. Try = 795. Resub = 0. Div = 61849. SAT calls = 3460. Timeouts = 0. MaxDivs = 89.
Attempts :   Remove      0 out of   1586 (  0.00 %)   Resub       0 out of    603 (  0.00 %)   
Reduction:   Nodes       0 out of    864 (  0.00 %)   Edges       0 out of   1728 (  0.00 %)   
Win =     0.00 sec (  1.20 %)
Div =     0.01 sec (  4.68 %)
Aig =     0.01 sec (  3.34 %)
Gia =     0.00 sec (  0.00 %)
Cnf =     0.00 sec (  0.63 %)
Sat =     0.16 sec ( 65.53 %)
Int =     0.00 sec (  0.00 %)
ALL =     0.25 sec (100.00 %)
round 47

0%   10   20   30   40   50   60   70   80   90   100%
|----|----|----|----|----|----|----|----|----|----|
seed = 1566916772 patience = 0
***************************************************
best node n410 best error 0.0309375
time = 5796349063
c3540_47_0.0309375
area = 1536
delay = 42.4
write_blif appntk/c3540_47_0.0309375_1536_42.4.blif
sis -x -c "read_library data/genlib/mcnc.genlib;read_blif appntk/c3540_47_0.0309375_1536_42.4.blif;print_map_stats" | grep -e "Most Negative Slack" -e "Total Area"
"appntk/c3540_47_0.0309375_1536_42.4.blif", line 9: .and_gate_delay 1.9
Total Area		= 1536.00
Most Negative Slack	= -70.20
Nodes = 862. Try = 794. Resub = 0. Div = 61804. SAT calls = 3530. Timeouts = 0. MaxDivs = 91.
Attempts :   Remove      0 out of   1584 (  0.00 %)   Resub       0 out of    603 (  0.00 %)   
Reduction:   Nodes       0 out of    862 (  0.00 %)   Edges       0 out of   1724 (  0.00 %)   
Win =     0.00 sec (  1.17 %)
Div =     0.01 sec (  4.61 %)
Aig =     0.01 sec (  3.22 %)
Gia =     0.00 sec (  0.00 %)
Cnf =     0.00 sec (  0.62 %)
Sat =     0.17 sec ( 66.40 %)
Int =     0.00 sec (  0.00 %)
ALL =     0.26 sec (100.00 %)
round 48

0%   10   20   30   40   50   60   70   80   90   100%
|----|----|----|----|----|----|----|----|----|----|
seed = 1566916796 patience = 0
***************************************************
best node n637 best error 0.0329883
time = 5820390029
c3540_48_0.0329883
area = 1533
delay = 42.1
write_blif appntk/c3540_48_0.0329883_1533_42.1.blif
sis -x -c "read_library data/genlib/mcnc.genlib;read_blif appntk/c3540_48_0.0329883_1533_42.1.blif;print_map_stats" | grep -e "Most Negative Slack" -e "Total Area"
"appntk/c3540_48_0.0329883_1533_42.1.blif", line 9: .and_gate_delay 1.9
Total Area		= 1533.00
Most Negative Slack	= -70.50
Nodes = 861. Try = 793. Resub = 0. Div = 61530. SAT calls = 3447. Timeouts = 0. MaxDivs = 90.
Attempts :   Remove      0 out of   1582 (  0.00 %)   Resub       0 out of    601 (  0.00 %)   
Reduction:   Nodes       0 out of    861 (  0.00 %)   Edges       0 out of   1722 (  0.00 %)   
Win =     0.00 sec (  1.20 %)
Div =     0.01 sec (  4.70 %)
Aig =     0.01 sec (  3.32 %)
Gia =     0.00 sec (  0.00 %)
Cnf =     0.00 sec (  0.64 %)
Sat =     0.17 sec ( 65.72 %)
Int =     0.00 sec (  0.00 %)
ALL =     0.25 sec (100.00 %)
round 49

0%   10   20   30   40   50   60   70   80   90   100%
|----|----|----|----|----|----|----|----|----|----|
seed = 1566916820 patience = 0
***************************************************
best node n614 best error 0.0336035
time = 5843919918
c3540_49_0.0336035
area = 1533
delay = 44.3
write_blif appntk/c3540_49_0.0336035_1533_44.3.blif
sis -x -c "read_library data/genlib/mcnc.genlib;read_blif appntk/c3540_49_0.0336035_1533_44.3.blif;print_map_stats" | grep -e "Most Negative Slack" -e "Total Area"
"appntk/c3540_49_0.0336035_1533_44.3.blif", line 9: .and_gate_delay 1.9
Total Area		= 1533.00
Most Negative Slack	= -72.40
Nodes = 859. Try = 791. Resub = 0. Div = 61083. SAT calls = 3465. Timeouts = 0. MaxDivs = 91.
Attempts :   Remove      0 out of   1578 (  0.00 %)   Resub       0 out of    600 (  0.00 %)   
Reduction:   Nodes       0 out of    859 (  0.00 %)   Edges       0 out of   1718 (  0.00 %)   
Win =     0.00 sec (  1.21 %)
Div =     0.01 sec (  4.67 %)
Aig =     0.01 sec (  3.26 %)
Gia =     0.00 sec (  0.00 %)
Cnf =     0.00 sec (  0.64 %)
Sat =     0.16 sec ( 65.68 %)
Int =     0.00 sec (  0.00 %)
ALL =     0.25 sec (100.00 %)
round 50

0%   10   20   30   40   50   60   70   80   90   100%
|----|----|----|----|----|----|----|----|----|----|
seed = 1566916843 patience = 0
***************************************************
best node n623 best error 0.0342188
time = 5867207911
c3540_50_0.0342188
area = 1524
delay = 43.4
write_blif appntk/c3540_50_0.0342188_1524_43.4.blif
sis -x -c "read_library data/genlib/mcnc.genlib;read_blif appntk/c3540_50_0.0342188_1524_43.4.blif;print_map_stats" | grep -e "Most Negative Slack" -e "Total Area"
"appntk/c3540_50_0.0342188_1524_43.4.blif", line 9: .and_gate_delay 1.9
Total Area		= 1524.00
Most Negative Slack	= -70.30
Nodes = 857. Try = 790. Resub = 2. Div = 60758. SAT calls = 3469. Timeouts = 0. MaxDivs = 90.
Attempts :   Remove      1 out of   1574 (  0.06 %)   Resub       1 out of    601 (  0.17 %)   
Reduction:   Nodes       1 out of    857 (  0.12 %)   Edges       2 out of   1714 (  0.12 %)   
Win =     0.00 sec (  1.19 %)
Div =     0.01 sec (  4.65 %)
Aig =     0.01 sec (  3.24 %)
Gia =     0.00 sec (  0.00 %)
Cnf =     0.00 sec (  0.63 %)
Sat =     0.16 sec ( 65.70 %)
Int =     0.00 sec (  0.28 %)
ALL =     0.25 sec (100.00 %)
round 51

0%   10   20   30   40   50   60   70   80   90   100%
|----|----|----|----|----|----|----|----|----|----|
seed = 1566916867 patience = 0
***************************************************
time = 5890080439
c3540_51_0.0342188
area = 1533
delay = 44.4
write_blif appntk/c3540_51_0.0342188_1533_44.4.blif
sis -x -c "read_library data/genlib/mcnc.genlib;read_blif appntk/c3540_51_0.0342188_1533_44.4.blif;print_map_stats" | grep -e "Most Negative Slack" -e "Total Area"
"appntk/c3540_51_0.0342188_1533_44.4.blif", line 9: .and_gate_delay 1.9
Total Area		= 1533.00
Most Negative Slack	= -71.00
Nodes = 854. Try = 787. Resub = 1. Div = 60569. SAT calls = 3428. Timeouts = 0. MaxDivs = 91.
Attempts :   Remove      0 out of   1569 (  0.00 %)   Resub       1 out of    596 (  0.17 %)   
Reduction:   Nodes       1 out of    854 (  0.12 %)   Edges       2 out of   1708 (  0.12 %)   
Win =     0.00 sec (  1.20 %)
Div =     0.01 sec (  4.66 %)
Aig =     0.01 sec (  3.36 %)
Gia =     0.00 sec (  0.00 %)
Cnf =     0.00 sec (  0.66 %)
Sat =     0.16 sec ( 65.51 %)
Int =     0.00 sec (  0.26 %)
ALL =     0.25 sec (100.00 %)
round 52

0%   10   20   30   40   50   60   70   80   90   100%
|----|----|----|----|----|----|----|----|----|----|
seed = 1566916890 patience = 1
***************************************************
time = 5912640228
c3540_52_0.0342188
area = 1524
delay = 44
write_blif appntk/c3540_52_0.0342188_1524_44.blif
sis -x -c "read_library data/genlib/mcnc.genlib;read_blif appntk/c3540_52_0.0342188_1524_44.blif;print_map_stats" | grep -e "Most Negative Slack" -e "Total Area"
"appntk/c3540_52_0.0342188_1524_44.blif", line 9: .and_gate_delay 1.9
Total Area		= 1524.00
Most Negative Slack	= -70.90
Nodes = 853. Try = 785. Resub = 0. Div = 59986. SAT calls = 3398. Timeouts = 0. MaxDivs = 88.
Attempts :   Remove      0 out of   1566 (  0.00 %)   Resub       0 out of    596 (  0.00 %)   
Reduction:   Nodes       0 out of    853 (  0.00 %)   Edges       0 out of   1706 (  0.00 %)   
Win =     0.00 sec (  1.22 %)
Div =     0.01 sec (  4.70 %)
Aig =     0.01 sec (  3.41 %)
Gia =     0.00 sec (  0.00 %)
Cnf =     0.00 sec (  0.64 %)
Sat =     0.16 sec ( 64.88 %)
Int =     0.00 sec (  0.00 %)
ALL =     0.24 sec (100.00 %)
round 53

0%   10   20   30   40   50   60   70   80   90   100%
|----|----|----|----|----|----|----|----|----|----|
seed = 1566916912 patience = 2
***************************************************
best node n600 best error 0.0362402
time = 5935200045
c3540_53_0.0362402
area = 1525
delay = 43.4
write_blif appntk/c3540_53_0.0362402_1525_43.4.blif
sis -x -c "read_library data/genlib/mcnc.genlib;read_blif appntk/c3540_53_0.0362402_1525_43.4.blif;print_map_stats" | grep -e "Most Negative Slack" -e "Total Area"
"appntk/c3540_53_0.0362402_1525_43.4.blif", line 9: .and_gate_delay 1.9
Total Area		= 1525.00
Most Negative Slack	= -70.30
Nodes = 852. Try = 784. Resub = 0. Div = 59919. SAT calls = 3369. Timeouts = 0. MaxDivs = 89.
Attempts :   Remove      0 out of   1564 (  0.00 %)   Resub       0 out of    595 (  0.00 %)   
Reduction:   Nodes       0 out of    852 (  0.00 %)   Edges       0 out of   1704 (  0.00 %)   
Win =     0.00 sec (  1.22 %)
Div =     0.01 sec (  4.76 %)
Aig =     0.01 sec (  3.34 %)
Gia =     0.00 sec (  0.00 %)
Cnf =     0.00 sec (  0.63 %)
Sat =     0.16 sec ( 64.99 %)
Int =     0.00 sec (  0.00 %)
ALL =     0.24 sec (100.00 %)
round 54

0%   10   20   30   40   50   60   70   80   90   100%
|----|----|----|----|----|----|----|----|----|----|
seed = 1566916935 patience = 0
***************************************************
best node n405 best error 0.0366895
time = 5958291698
c3540_54_0.0366895
area = 1517
delay = 41.1
write_blif appntk/c3540_54_0.0366895_1517_41.1.blif
sis -x -c "read_library data/genlib/mcnc.genlib;read_blif appntk/c3540_54_0.0366895_1517_41.1.blif;print_map_stats" | grep -e "Most Negative Slack" -e "Total Area"
"appntk/c3540_54_0.0366895_1517_41.1.blif", line 9: .and_gate_delay 1.9
Total Area		= 1517.00
Most Negative Slack	= -69.90
Nodes = 850. Try = 782. Resub = 0. Div = 59599. SAT calls = 3398. Timeouts = 0. MaxDivs = 88.
Attempts :   Remove      0 out of   1560 (  0.00 %)   Resub       0 out of    595 (  0.00 %)   
Reduction:   Nodes       0 out of    850 (  0.00 %)   Edges       0 out of   1700 (  0.00 %)   
Win =     0.00 sec (  1.19 %)
Div =     0.01 sec (  4.66 %)
Aig =     0.01 sec (  3.27 %)
Gia =     0.00 sec (  0.00 %)
Cnf =     0.00 sec (  0.62 %)
Sat =     0.16 sec ( 65.52 %)
Int =     0.00 sec (  0.00 %)
ALL =     0.24 sec (100.00 %)
round 55

0%   10   20   30   40   50   60   70   80   90   100%
|----|----|----|----|----|----|----|----|----|----|
seed = 1566916958 patience = 0
***************************************************
best node n606 best error 0.0373633
time = 5980724036
c3540_55_0.0373633
area = 1509
delay = 41
write_blif appntk/c3540_55_0.0373633_1509_41.blif
sis -x -c "read_library data/genlib/mcnc.genlib;read_blif appntk/c3540_55_0.0373633_1509_41.blif;print_map_stats" | grep -e "Most Negative Slack" -e "Total Area"
"appntk/c3540_55_0.0373633_1509_41.blif", line 9: .and_gate_delay 1.9
Total Area		= 1509.00
Most Negative Slack	= -68.10
Nodes = 848. Try = 780. Resub = 0. Div = 59310. SAT calls = 3396. Timeouts = 0. MaxDivs = 89.
Attempts :   Remove      0 out of   1556 (  0.00 %)   Resub       0 out of    594 (  0.00 %)   
Reduction:   Nodes       0 out of    848 (  0.00 %)   Edges       0 out of   1696 (  0.00 %)   
Win =     0.00 sec (  1.21 %)
Div =     0.01 sec (  4.69 %)
Aig =     0.01 sec (  3.28 %)
Gia =     0.00 sec (  0.00 %)
Cnf =     0.00 sec (  0.65 %)
Sat =     0.16 sec ( 65.69 %)
Int =     0.00 sec (  0.00 %)
ALL =     0.24 sec (100.00 %)
round 56

0%   10   20   30   40   50   60   70   80   90   100%
|----|----|----|----|----|----|----|----|----|----|
seed = 1566916980 patience = 0
***************************************************
best node n727 best error 0.0409277
time = 6003193904
c3540_56_0.0409277
area = 1509
delay = 41.8
write_blif appntk/c3540_56_0.0409277_1509_41.8.blif
sis -x -c "read_library data/genlib/mcnc.genlib;read_blif appntk/c3540_56_0.0409277_1509_41.8.blif;print_map_stats" | grep -e "Most Negative Slack" -e "Total Area"
"appntk/c3540_56_0.0409277_1509_41.8.blif", line 9: .and_gate_delay 1.9
Total Area		= 1509.00
Most Negative Slack	= -69.10
Nodes = 847. Try = 779. Resub = 0. Div = 59075. SAT calls = 3443. Timeouts = 0. MaxDivs = 87.
Attempts :   Remove      0 out of   1554 (  0.00 %)   Resub       0 out of    592 (  0.00 %)   
Reduction:   Nodes       0 out of    847 (  0.00 %)   Edges       0 out of   1694 (  0.00 %)   
Win =     0.00 sec (  1.18 %)
Div =     0.01 sec (  4.60 %)
Aig =     0.01 sec (  3.21 %)
Gia =     0.00 sec (  0.00 %)
Cnf =     0.00 sec (  0.61 %)
Sat =     0.16 sec ( 65.86 %)
Int =     0.00 sec (  0.00 %)
ALL =     0.25 sec (100.00 %)
round 57

0%   10   20   30   40   50   60   70   80   90   100%
|----|----|----|----|----|----|----|----|----|----|
seed = 1566917003 patience = 0
***************************************************
time = 6025335789
c3540_57_0.0409277
area = 1508
delay = 41.4
write_blif appntk/c3540_57_0.0409277_1508_41.4.blif
sis -x -c "read_library data/genlib/mcnc.genlib;read_blif appntk/c3540_57_0.0409277_1508_41.4.blif;print_map_stats" | grep -e "Most Negative Slack" -e "Total Area"
"appntk/c3540_57_0.0409277_1508_41.4.blif", line 9: .and_gate_delay 1.9
Total Area		= 1508.00
Most Negative Slack	= -68.50
Nodes = 847. Try = 779. Resub = 0. Div = 58896. SAT calls = 3367. Timeouts = 0. MaxDivs = 88.
Attempts :   Remove      0 out of   1554 (  0.00 %)   Resub       0 out of    593 (  0.00 %)   
Reduction:   Nodes       0 out of    847 (  0.00 %)   Edges       0 out of   1694 (  0.00 %)   
Win =     0.00 sec (  1.20 %)
Div =     0.01 sec (  4.74 %)
Aig =     0.01 sec (  3.26 %)
Gia =     0.00 sec (  0.00 %)
Cnf =     0.00 sec (  0.63 %)
Sat =     0.16 sec ( 65.43 %)
Int =     0.00 sec (  0.00 %)
ALL =     0.24 sec (100.00 %)
round 58

0%   10   20   30   40   50   60   70   80   90   100%
|----|----|----|----|----|----|----|----|----|----|
seed = 1566917025 patience = 1
***************************************************
best node n669 best error 0.0420508
time = 6047798646
c3540_58_0.0420508
area = 1508
delay = 42.3
write_blif appntk/c3540_58_0.0420508_1508_42.3.blif
sis -x -c "read_library data/genlib/mcnc.genlib;read_blif appntk/c3540_58_0.0420508_1508_42.3.blif;print_map_stats" | grep -e "Most Negative Slack" -e "Total Area"
"appntk/c3540_58_0.0420508_1508_42.3.blif", line 9: .and_gate_delay 1.9
Total Area		= 1508.00
Most Negative Slack	= -70.20
Nodes = 846. Try = 778. Resub = 0. Div = 58963. SAT calls = 3393. Timeouts = 0. MaxDivs = 87.
Attempts :   Remove      0 out of   1552 (  0.00 %)   Resub       0 out of    592 (  0.00 %)   
Reduction:   Nodes       0 out of    846 (  0.00 %)   Edges       0 out of   1692 (  0.00 %)   
Win =     0.00 sec (  1.18 %)
Div =     0.01 sec (  4.64 %)
Aig =     0.01 sec (  3.24 %)
Gia =     0.00 sec (  0.00 %)
Cnf =     0.00 sec (  0.61 %)
Sat =     0.16 sec ( 65.66 %)
Int =     0.00 sec (  0.00 %)
ALL =     0.24 sec (100.00 %)
round 59

0%   10   20   30   40   50   60   70   80   90   100%
|----|----|----|----|----|----|----|----|----|----|
seed = 1566917047 patience = 0
***************************************************
time = 6069922850
c3540_59_0.0420508
area = 1521
delay = 42.3
write_blif appntk/c3540_59_0.0420508_1521_42.3.blif
sis -x -c "read_library data/genlib/mcnc.genlib;read_blif appntk/c3540_59_0.0420508_1521_42.3.blif;print_map_stats" | grep -e "Most Negative Slack" -e "Total Area"
"appntk/c3540_59_0.0420508_1521_42.3.blif", line 9: .and_gate_delay 1.9
Total Area		= 1521.00
Most Negative Slack	= -69.40
Nodes = 846. Try = 778. Resub = 0. Div = 58927. SAT calls = 3395. Timeouts = 0. MaxDivs = 88.
Attempts :   Remove      0 out of   1552 (  0.00 %)   Resub       0 out of    591 (  0.00 %)   
Reduction:   Nodes       0 out of    846 (  0.00 %)   Edges       0 out of   1692 (  0.00 %)   
Win =     0.00 sec (  1.19 %)
Div =     0.01 sec (  4.64 %)
Aig =     0.01 sec (  3.27 %)
Gia =     0.00 sec (  0.00 %)
Cnf =     0.00 sec (  0.63 %)
Sat =     0.16 sec ( 65.39 %)
Int =     0.00 sec (  0.00 %)
ALL =     0.24 sec (100.00 %)
round 60

0%   10   20   30   40   50   60   70   80   90   100%
|----|----|----|----|----|----|----|----|----|----|
seed = 1566917070 patience = 1
***************************************************
time = 6091974342
c3540_60_0.0420508
area = 1508
delay = 44.1
write_blif appntk/c3540_60_0.0420508_1508_44.1.blif
sis -x -c "read_library data/genlib/mcnc.genlib;read_blif appntk/c3540_60_0.0420508_1508_44.1.blif;print_map_stats" | grep -e "Most Negative Slack" -e "Total Area"
"appntk/c3540_60_0.0420508_1508_44.1.blif", line 9: .and_gate_delay 1.9
Total Area		= 1508.00
Most Negative Slack	= -71.60
Nodes = 846. Try = 778. Resub = 0. Div = 58890. SAT calls = 3394. Timeouts = 0. MaxDivs = 87.
Attempts :   Remove      0 out of   1552 (  0.00 %)   Resub       0 out of    592 (  0.00 %)   
Reduction:   Nodes       0 out of    846 (  0.00 %)   Edges       0 out of   1692 (  0.00 %)   
Win =     0.00 sec (  1.19 %)
Div =     0.01 sec (  4.63 %)
Aig =     0.01 sec (  3.25 %)
Gia =     0.00 sec (  0.00 %)
Cnf =     0.00 sec (  0.61 %)
Sat =     0.16 sec ( 65.54 %)
Int =     0.00 sec (  0.00 %)
ALL =     0.24 sec (100.00 %)
round 61

0%   10   20   30   40   50   60   70   80   90   100%
|----|----|----|----|----|----|----|----|----|----|
seed = 1566917092 patience = 2
***************************************************
time = 6114334499
c3540_61_0.0420508
area = 1521
delay = 41.3
write_blif appntk/c3540_61_0.0420508_1521_41.3.blif
sis -x -c "read_library data/genlib/mcnc.genlib;read_blif appntk/c3540_61_0.0420508_1521_41.3.blif;print_map_stats" | grep -e "Most Negative Slack" -e "Total Area"
"appntk/c3540_61_0.0420508_1521_41.3.blif", line 9: .and_gate_delay 1.9
Total Area		= 1521.00
Most Negative Slack	= -68.70
Nodes = 846. Try = 778. Resub = 0. Div = 58882. SAT calls = 3374. Timeouts = 0. MaxDivs = 87.
Attempts :   Remove      0 out of   1552 (  0.00 %)   Resub       0 out of    592 (  0.00 %)   
Reduction:   Nodes       0 out of    846 (  0.00 %)   Edges       0 out of   1692 (  0.00 %)   
Win =     0.00 sec (  1.19 %)
Div =     0.01 sec (  4.56 %)
Aig =     0.01 sec (  3.28 %)
Gia =     0.00 sec (  0.00 %)
Cnf =     0.00 sec (  0.63 %)
Sat =     0.16 sec ( 64.34 %)
Int =     0.00 sec (  0.00 %)
ALL =     0.25 sec (100.00 %)
round 62

0%   10   20   30   40   50   60   70   80   90   100%
|----|----|----|----|----|----|----|----|----|----|
seed = 1566917114 patience = 3
***************************************************
time = 6136170968
c3540_62_0.0420508
area = 1502
delay = 41.8
write_blif appntk/c3540_62_0.0420508_1502_41.8.blif
sis -x -c "read_library data/genlib/mcnc.genlib;read_blif appntk/c3540_62_0.0420508_1502_41.8.blif;print_map_stats" | grep -e "Most Negative Slack" -e "Total Area"
"appntk/c3540_62_0.0420508_1502_41.8.blif", line 9: .and_gate_delay 1.9
Total Area		= 1502.00
Most Negative Slack	= -69.10
Nodes = 846. Try = 778. Resub = 0. Div = 59030. SAT calls = 3401. Timeouts = 0. MaxDivs = 87.
Attempts :   Remove      0 out of   1552 (  0.00 %)   Resub       0 out of    591 (  0.00 %)   
Reduction:   Nodes       0 out of    846 (  0.00 %)   Edges       0 out of   1692 (  0.00 %)   
Win =     0.00 sec (  1.20 %)
Div =     0.01 sec (  4.63 %)
Aig =     0.01 sec (  3.26 %)
Gia =     0.00 sec (  0.00 %)
Cnf =     0.00 sec (  0.62 %)
Sat =     0.16 sec ( 65.64 %)
Int =     0.00 sec (  0.00 %)
ALL =     0.24 sec (100.00 %)
round 63

0%   10   20   30   40   50   60   70   80   90   100%
|----|----|----|----|----|----|----|----|----|----|
seed = 1566917136 patience = 4
***************************************************
best node n615 best error 0.0424316
time = 6158649375
c3540_63_0.0424316
area = 1515
delay = 42.2
write_blif appntk/c3540_63_0.0424316_1515_42.2.blif
sis -x -c "read_library data/genlib/mcnc.genlib;read_blif appntk/c3540_63_0.0424316_1515_42.2.blif;print_map_stats" | grep -e "Most Negative Slack" -e "Total Area"
"appntk/c3540_63_0.0424316_1515_42.2.blif", line 9: .and_gate_delay 1.9
Total Area		= 1515.00
Most Negative Slack	= -69.80
Nodes = 844. Try = 776. Resub = 0. Div = 58924. SAT calls = 3372. Timeouts = 0. MaxDivs = 88.
Attempts :   Remove      0 out of   1550 (  0.00 %)   Resub       0 out of    590 (  0.00 %)   
Reduction:   Nodes       0 out of    844 (  0.00 %)   Edges       0 out of   1688 (  0.00 %)   
Win =     0.00 sec (  1.18 %)
Div =     0.01 sec (  4.66 %)
Aig =     0.01 sec (  3.29 %)
Gia =     0.00 sec (  0.00 %)
Cnf =     0.00 sec (  0.62 %)
Sat =     0.16 sec ( 65.59 %)
Int =     0.00 sec (  0.00 %)
ALL =     0.24 sec (100.00 %)
round 64

0%   10   20   30   40   50   60   70   80   90   100%
|----|----|----|----|----|----|----|----|----|----|
seed = 1566917158 patience = 0
***************************************************
time = 6180408056
c3540_64_0.0424316
area = 1496
delay = 41.9
write_blif appntk/c3540_64_0.0424316_1496_41.9.blif
sis -x -c "read_library data/genlib/mcnc.genlib;read_blif appntk/c3540_64_0.0424316_1496_41.9.blif;print_map_stats" | grep -e "Most Negative Slack" -e "Total Area"
"appntk/c3540_64_0.0424316_1496_41.9.blif", line 9: .and_gate_delay 1.9
Total Area		= 1496.00
Most Negative Slack	= -69.20
Nodes = 844. Try = 776. Resub = 0. Div = 59058. SAT calls = 3384. Timeouts = 0. MaxDivs = 87.
Attempts :   Remove      0 out of   1550 (  0.00 %)   Resub       0 out of    590 (  0.00 %)   
Reduction:   Nodes       0 out of    844 (  0.00 %)   Edges       0 out of   1688 (  0.00 %)   
Win =     0.00 sec (  1.20 %)
Div =     0.01 sec (  4.62 %)
Aig =     0.01 sec (  3.26 %)
Gia =     0.00 sec (  0.00 %)
Cnf =     0.00 sec (  0.63 %)
Sat =     0.16 sec ( 65.19 %)
Int =     0.00 sec (  0.00 %)
ALL =     0.25 sec (100.00 %)
round 65

0%   10   20   30   40   50   60   70   80   90   100%
|----|----|----|----|----|----|----|----|----|----|
seed = 1566917180 patience = 1
***************************************************
best node n586 best error 0.0441699
time = 6202165942
c3540_65_0.0441699
area = 1512
delay = 40.8
write_blif appntk/c3540_65_0.0441699_1512_40.8.blif
sis -x -c "read_library data/genlib/mcnc.genlib;read_blif appntk/c3540_65_0.0441699_1512_40.8.blif;print_map_stats" | grep -e "Most Negative Slack" -e "Total Area"
"appntk/c3540_65_0.0441699_1512_40.8.blif", line 9: .and_gate_delay 1.9
Total Area		= 1512.00
Most Negative Slack	= -69.10
Nodes = 842. Try = 774. Resub = 0. Div = 58840. SAT calls = 3369. Timeouts = 0. MaxDivs = 88.
Attempts :   Remove      0 out of   1546 (  0.00 %)   Resub       0 out of    587 (  0.00 %)   
Reduction:   Nodes       0 out of    842 (  0.00 %)   Edges       0 out of   1684 (  0.00 %)   
Win =     0.00 sec (  1.19 %)
Div =     0.01 sec (  4.66 %)
Aig =     0.01 sec (  3.28 %)
Gia =     0.00 sec (  0.00 %)
Cnf =     0.00 sec (  0.61 %)
Sat =     0.16 sec ( 65.47 %)
Int =     0.00 sec (  0.00 %)
ALL =     0.24 sec (100.00 %)
round 66

0%   10   20   30   40   50   60   70   80   90   100%
|----|----|----|----|----|----|----|----|----|----|
seed = 1566917202 patience = 0
***************************************************
best node n601 best error 0.0462305
time = 6224051366
c3540_66_0.0462305
area = 1497
delay = 41.5
write_blif appntk/c3540_66_0.0462305_1497_41.5.blif
sis -x -c "read_library data/genlib/mcnc.genlib;read_blif appntk/c3540_66_0.0462305_1497_41.5.blif;print_map_stats" | grep -e "Most Negative Slack" -e "Total Area"
"appntk/c3540_66_0.0462305_1497_41.5.blif", line 9: .and_gate_delay 1.9
Total Area		= 1497.00
Most Negative Slack	= -69.30
Nodes = 840. Try = 772. Resub = 0. Div = 58749. SAT calls = 3376. Timeouts = 0. MaxDivs = 87.
Attempts :   Remove      0 out of   1542 (  0.00 %)   Resub       0 out of    586 (  0.00 %)   
Reduction:   Nodes       0 out of    840 (  0.00 %)   Edges       0 out of   1680 (  0.00 %)   
Win =     0.00 sec (  1.19 %)
Div =     0.01 sec (  4.64 %)
Aig =     0.01 sec (  3.26 %)
Gia =     0.00 sec (  0.00 %)
Cnf =     0.00 sec (  0.63 %)
Sat =     0.16 sec ( 65.77 %)
Int =     0.00 sec (  0.00 %)
ALL =     0.24 sec (100.00 %)
round 67

0%   10   20   30   40   50   60   70   80   90   100%
|----|----|----|----|----|----|----|----|----|----|
seed = 1566917224 patience = 0
***************************************************
time = 6245906174
c3540_67_0.0462305
area = 1510
delay = 42.2
write_blif appntk/c3540_67_0.0462305_1510_42.2.blif
sis -x -c "read_library data/genlib/mcnc.genlib;read_blif appntk/c3540_67_0.0462305_1510_42.2.blif;print_map_stats" | grep -e "Most Negative Slack" -e "Total Area"
"appntk/c3540_67_0.0462305_1510_42.2.blif", line 9: .and_gate_delay 1.9
Total Area		= 1510.00
Most Negative Slack	= -70.10
Nodes = 840. Try = 772. Resub = 0. Div = 58680. SAT calls = 3338. Timeouts = 0. MaxDivs = 88.
Attempts :   Remove      0 out of   1542 (  0.00 %)   Resub       0 out of    586 (  0.00 %)   
Reduction:   Nodes       0 out of    840 (  0.00 %)   Edges       0 out of   1680 (  0.00 %)   
Win =     0.00 sec (  1.22 %)
Div =     0.01 sec (  4.64 %)
Aig =     0.01 sec (  3.28 %)
Gia =     0.00 sec (  0.00 %)
Cnf =     0.00 sec (  0.66 %)
Sat =     0.16 sec ( 65.22 %)
Int =     0.00 sec (  0.00 %)
ALL =     0.25 sec (100.00 %)
round 68

0%   10   20   30   40   50   60   70   80   90   100%
|----|----|----|----|----|----|----|----|----|----|
seed = 1566917246 patience = 1
***************************************************
best node n597 best error 0.0483301
time = 6267702319
c3540_68_0.0483301
area = 1491
delay = 40.5
write_blif appntk/c3540_68_0.0483301_1491_40.5.blif
sis -x -c "read_library data/genlib/mcnc.genlib;read_blif appntk/c3540_68_0.0483301_1491_40.5.blif;print_map_stats" | grep -e "Most Negative Slack" -e "Total Area"
"appntk/c3540_68_0.0483301_1491_40.5.blif", line 9: .and_gate_delay 1.9
Total Area		= 1491.00
Most Negative Slack	= -68.30
Nodes = 839. Try = 771. Resub = 0. Div = 58716. SAT calls = 3382. Timeouts = 0. MaxDivs = 87.
Attempts :   Remove      0 out of   1540 (  0.00 %)   Resub       0 out of    585 (  0.00 %)   
Reduction:   Nodes       0 out of    839 (  0.00 %)   Edges       0 out of   1678 (  0.00 %)   
Win =     0.00 sec (  1.20 %)
Div =     0.01 sec (  4.60 %)
Aig =     0.01 sec (  3.23 %)
Gia =     0.00 sec (  0.00 %)
Cnf =     0.00 sec (  0.61 %)
Sat =     0.16 sec ( 66.14 %)
Int =     0.00 sec (  0.00 %)
ALL =     0.24 sec (100.00 %)
round 69

0%   10   20   30   40   50   60   70   80   90   100%
|----|----|----|----|----|----|----|----|----|----|
seed = 1566917268 patience = 0
***************************************************
best node n824 best error 0.049043
time = 6289538623
c3540_69_0.049043
area = 1490
delay = 41.7
write_blif appntk/c3540_69_0.049043_1490_41.7.blif
sis -x -c "read_library data/genlib/mcnc.genlib;read_blif appntk/c3540_69_0.049043_1490_41.7.blif;print_map_stats" | grep -e "Most Negative Slack" -e "Total Area"
"appntk/c3540_69_0.049043_1490_41.7.blif", line 9: .and_gate_delay 1.9
Total Area		= 1490.00
Most Negative Slack	= -69.20
Nodes = 838. Try = 770. Resub = 0. Div = 58165. SAT calls = 3377. Timeouts = 0. MaxDivs = 87.
Attempts :   Remove      0 out of   1538 (  0.00 %)   Resub       0 out of    586 (  0.00 %)   
Reduction:   Nodes       0 out of    838 (  0.00 %)   Edges       0 out of   1676 (  0.00 %)   
Win =     0.00 sec (  1.18 %)
Div =     0.01 sec (  4.60 %)
Aig =     0.01 sec (  3.23 %)
Gia =     0.00 sec (  0.00 %)
Cnf =     0.00 sec (  0.61 %)
Sat =     0.16 sec ( 65.85 %)
Int =     0.00 sec (  0.00 %)
ALL =     0.24 sec (100.00 %)
round 70

0%   10   20   30   40   50   60   70   80   90   100%
|----|----|----|----|----|----|----|----|----|----|
seed = 1566917289 patience = 0
***************************************************
time = 6311238337
c3540_70_0.049043
area = 1489
delay = 41.7
write_blif appntk/c3540_70_0.049043_1489_41.7.blif
sis -x -c "read_library data/genlib/mcnc.genlib;read_blif appntk/c3540_70_0.049043_1489_41.7.blif;print_map_stats" | grep -e "Most Negative Slack" -e "Total Area"
"appntk/c3540_70_0.049043_1489_41.7.blif", line 9: .and_gate_delay 1.9
Total Area		= 1489.00
Most Negative Slack	= -68.60
Nodes = 838. Try = 770. Resub = 0. Div = 58411. SAT calls = 3349. Timeouts = 0. MaxDivs = 86.
Attempts :   Remove      0 out of   1538 (  0.00 %)   Resub       0 out of    586 (  0.00 %)   
Reduction:   Nodes       0 out of    838 (  0.00 %)   Edges       0 out of   1676 (  0.00 %)   
Win =     0.00 sec (  1.20 %)
Div =     0.01 sec (  4.65 %)
Aig =     0.01 sec (  3.26 %)
Gia =     0.00 sec (  0.00 %)
Cnf =     0.00 sec (  0.63 %)
Sat =     0.16 sec ( 65.65 %)
Int =     0.00 sec (  0.00 %)
ALL =     0.24 sec (100.00 %)
round 71

0%   10   20   30   40   50   60   70   80   90   100%
|----|----|----|----|----|----|----|----|----|----|
seed = 1566917311 patience = 1
***************************************************
time = 6332692566
c3540_71_0.049043
area = 1489
delay = 40.9
write_blif appntk/c3540_71_0.049043_1489_40.9.blif
sis -x -c "read_library data/genlib/mcnc.genlib;read_blif appntk/c3540_71_0.049043_1489_40.9.blif;print_map_stats" | grep -e "Most Negative Slack" -e "Total Area"
"appntk/c3540_71_0.049043_1489_40.9.blif", line 9: .and_gate_delay 1.9
Total Area		= 1489.00
Most Negative Slack	= -68.50
Nodes = 838. Try = 770. Resub = 0. Div = 58303. SAT calls = 3361. Timeouts = 0. MaxDivs = 87.
Attempts :   Remove      0 out of   1538 (  0.00 %)   Resub       0 out of    585 (  0.00 %)   
Reduction:   Nodes       0 out of    838 (  0.00 %)   Edges       0 out of   1676 (  0.00 %)   
Win =     0.00 sec (  1.20 %)
Div =     0.01 sec (  4.59 %)
Aig =     0.01 sec (  3.23 %)
Gia =     0.00 sec (  0.00 %)
Cnf =     0.00 sec (  0.61 %)
Sat =     0.16 sec ( 65.60 %)
Int =     0.00 sec (  0.00 %)
ALL =     0.24 sec (100.00 %)
round 72

0%   10   20   30   40   50   60   70   80   90   100%
|----|----|----|----|----|----|----|----|----|----|
seed = 1566917333 patience = 2
***************************************************
time = 6354226046
c3540_72_0.049043
area = 1495
delay = 41.9
write_blif appntk/c3540_72_0.049043_1495_41.9.blif
sis -x -c "read_library data/genlib/mcnc.genlib;read_blif appntk/c3540_72_0.049043_1495_41.9.blif;print_map_stats" | grep -e "Most Negative Slack" -e "Total Area"
"appntk/c3540_72_0.049043_1495_41.9.blif", line 9: .and_gate_delay 1.9
Total Area		= 1495.00
Most Negative Slack	= -69.10
Nodes = 838. Try = 770. Resub = 0. Div = 58325. SAT calls = 3361. Timeouts = 0. MaxDivs = 86.
Attempts :   Remove      0 out of   1538 (  0.00 %)   Resub       0 out of    586 (  0.00 %)   
Reduction:   Nodes       0 out of    838 (  0.00 %)   Edges       0 out of   1676 (  0.00 %)   
Win =     0.00 sec (  1.17 %)
Div =     0.01 sec (  4.60 %)
Aig =     0.01 sec (  3.23 %)
Gia =     0.00 sec (  0.00 %)
Cnf =     0.00 sec (  0.61 %)
Sat =     0.16 sec ( 65.71 %)
Int =     0.00 sec (  0.00 %)
ALL =     0.24 sec (100.00 %)
round 73

0%   10   20   30   40   50   60   70   80   90   100%
|----|----|----|----|----|----|----|----|----|----|
seed = 1566917354 patience = 3
***************************************************
time = 6375823571
c3540_73_0.049043
area = 1491
delay = 41.7
write_blif appntk/c3540_73_0.049043_1491_41.7.blif
sis -x -c "read_library data/genlib/mcnc.genlib;read_blif appntk/c3540_73_0.049043_1491_41.7.blif;print_map_stats" | grep -e "Most Negative Slack" -e "Total Area"
"appntk/c3540_73_0.049043_1491_41.7.blif", line 9: .and_gate_delay 1.9
Total Area		= 1491.00
Most Negative Slack	= -69.50
Nodes = 838. Try = 770. Resub = 0. Div = 58227. SAT calls = 3350. Timeouts = 0. MaxDivs = 87.
Attempts :   Remove      0 out of   1538 (  0.00 %)   Resub       0 out of    586 (  0.00 %)   
Reduction:   Nodes       0 out of    838 (  0.00 %)   Edges       0 out of   1676 (  0.00 %)   
Win =     0.00 sec (  1.19 %)
Div =     0.01 sec (  4.59 %)
Aig =     0.01 sec (  3.24 %)
Gia =     0.00 sec (  0.00 %)
Cnf =     0.00 sec (  0.63 %)
Sat =     0.16 sec ( 65.61 %)
Int =     0.00 sec (  0.00 %)
ALL =     0.24 sec (100.00 %)
round 74

0%   10   20   30   40   50   60   70   80   90   100%
|----|----|----|----|----|----|----|----|----|----|
seed = 1566917376 patience = 4
***************************************************
Network does not change, frame number changes to 256
time = 6397330003
c3540_74_0.049043
area = 1489
delay = 40.9
write_blif appntk/c3540_74_0.049043_1489_40.9.blif
sis -x -c "read_library data/genlib/mcnc.genlib;read_blif appntk/c3540_74_0.049043_1489_40.9.blif;print_map_stats" | grep -e "Most Negative Slack" -e "Total Area"
"appntk/c3540_74_0.049043_1489_40.9.blif", line 9: .and_gate_delay 1.9
Total Area		= 1489.00
Most Negative Slack	= -68.30
Nodes = 838. Try = 770. Resub = 0. Div = 58426. SAT calls = 3375. Timeouts = 0. MaxDivs = 86.
Attempts :   Remove      0 out of   1538 (  0.00 %)   Resub       0 out of    585 (  0.00 %)   
Reduction:   Nodes       0 out of    838 (  0.00 %)   Edges       0 out of   1676 (  0.00 %)   
Win =     0.00 sec (  1.19 %)
Div =     0.01 sec (  4.58 %)
Aig =     0.01 sec (  3.27 %)
Gia =     0.00 sec (  0.00 %)
Cnf =     0.00 sec (  0.64 %)
Sat =     0.17 sec ( 65.99 %)
Int =     0.00 sec (  0.00 %)
ALL =     0.26 sec (100.00 %)
round 75

0%   10   20   30   40   50   60   70   80   90   100%
|----|----|----|----|----|----|----|----|----|----|
seed = 1566917397 patience = 0
***************************************************
best node n579 best error 0.0491113
time = 6410038567
c3540_75_0.0491113
area = 1489
delay = 41.7
write_blif appntk/c3540_75_0.0491113_1489_41.7.blif
sis -x -c "read_library data/genlib/mcnc.genlib;read_blif appntk/c3540_75_0.0491113_1489_41.7.blif;print_map_stats" | grep -e "Most Negative Slack" -e "Total Area"
"appntk/c3540_75_0.0491113_1489_41.7.blif", line 9: .and_gate_delay 1.9
Total Area		= 1489.00
Most Negative Slack	= -69.20
Nodes = 837. Try = 769. Resub = 0. Div = 58111. SAT calls = 3354. Timeouts = 0. MaxDivs = 87.
Attempts :   Remove      0 out of   1536 (  0.00 %)   Resub       0 out of    585 (  0.00 %)   
Reduction:   Nodes       0 out of    837 (  0.00 %)   Edges       0 out of   1674 (  0.00 %)   
Win =     0.00 sec (  1.18 %)
Div =     0.01 sec (  4.62 %)
Aig =     0.01 sec (  3.24 %)
Gia =     0.00 sec (  0.00 %)
Cnf =     0.00 sec (  0.62 %)
Sat =     0.16 sec ( 65.48 %)
Int =     0.00 sec (  0.00 %)
ALL =     0.24 sec (100.00 %)
round 76

0%   10   20   30   40   50   60   70   80   90   100%
|----|----|----|----|----|----|----|----|----|----|
seed = 1566917410 patience = 0
***************************************************
best node n822 best error 0.0502148
time = 6422326920
