Entered genlib library with 23 gates from file "data/genlib/mcnc.genlib".
Nodes = 1870. Try = 754. Resub = 0. Div = 32723. SAT calls = 2062. Timeouts = 0. MaxDivs = 0.
Attempts :   Remove      0 out of   1508 (  0.00 %)   Resub       0 out of    152 (  0.00 %)   
Reduction:   Nodes       0 out of   1870 (  0.00 %)   Edges       0 out of   3740 (  0.00 %)   
Win =     0.00 sec (  1.21 %)
Div =     0.01 sec (  3.54 %)
Aig =     0.01 sec (  3.29 %)
Gia =     0.00 sec (  0.00 %)
Cnf =     0.00 sec (  0.61 %)
Sat =     0.09 sec ( 54.99 %)
Int =     0.00 sec (  0.00 %)
ALL =     0.16 sec (100.00 %)
round 0

0%   10   20   30   40   50   60   70   80   90   100%
|----|----|----|----|----|----|----|----|----|----|
seed = 1566910994 patience = 0
***************************************************
time = 3386620782
c6288_0_0
area = 4300
delay = 146.5
write_blif appntk/c6288_0_0_4300_146.5.blif
sis -x -c "read_library data/genlib/mcnc.genlib;read_blif appntk/c6288_0_0_4300_146.5.blif;print_map_stats" | grep -e "Most Negative Slack" -e "Total Area"
"appntk/c6288_0_0_4300_146.5.blif", line 13: .and_gate_delay 1.9
Total Area		= 4300.00
Most Negative Slack	= -200.80
Nodes = 1870. Try = 756. Resub = 0. Div = 32922. SAT calls = 2073. Timeouts = 0. MaxDivs = 0.
Attempts :   Remove      0 out of   1512 (  0.00 %)   Resub       0 out of    157 (  0.00 %)   
Reduction:   Nodes       0 out of   1870 (  0.00 %)   Edges       0 out of   3740 (  0.00 %)   
Win =     0.00 sec (  1.18 %)
Div =     0.01 sec (  3.53 %)
Aig =     0.00 sec (  3.25 %)
Gia =     0.00 sec (  0.00 %)
Cnf =     0.00 sec (  0.62 %)
Sat =     0.08 sec ( 54.57 %)
Int =     0.00 sec (  0.00 %)
ALL =     0.15 sec (100.00 %)
round 1

0%   10   20   30   40   50   60   70   80   90   100%
|----|----|----|----|----|----|----|----|----|----|
seed = 1566914386 patience = 1
***************************************************
time = 6017877375
c6288_1_0
area = 4302
delay = 145.9
write_blif appntk/c6288_1_0_4302_145.9.blif
sis -x -c "read_library data/genlib/mcnc.genlib;read_blif appntk/c6288_1_0_4302_145.9.blif;print_map_stats" | grep -e "Most Negative Slack" -e "Total Area"
"appntk/c6288_1_0_4302_145.9.blif", line 13: .and_gate_delay 1.9
Total Area		= 4302.00
Most Negative Slack	= -199.60
Nodes = 1870. Try = 756. Resub = 0. Div = 32915. SAT calls = 2077. Timeouts = 0. MaxDivs = 0.
Attempts :   Remove      0 out of   1512 (  0.00 %)   Resub       0 out of    157 (  0.00 %)   
Reduction:   Nodes       0 out of   1870 (  0.00 %)   Edges       0 out of   3740 (  0.00 %)   
Win =     0.00 sec (  1.23 %)
Div =     0.01 sec (  3.59 %)
Aig =     0.01 sec (  3.30 %)
Gia =     0.00 sec (  0.00 %)
Cnf =     0.00 sec (  0.62 %)
Sat =     0.08 sec ( 54.50 %)
Int =     0.00 sec (  0.00 %)
ALL =     0.16 sec (100.00 %)
round 2

0%   10   20   30   40   50   60   70   80   90   100%
|----|----|----|----|----|----|----|----|----|----|
seed = 1566917018 patience = 2
***************************************************
time = 8588632548
c6288_2_0
area = 4302
delay = 145.9
write_blif appntk/c6288_2_0_4302_145.9.blif
sis -x -c "read_library data/genlib/mcnc.genlib;read_blif appntk/c6288_2_0_4302_145.9.blif;print_map_stats" | grep -e "Most Negative Slack" -e "Total Area"
"appntk/c6288_2_0_4302_145.9.blif", line 13: .and_gate_delay 1.9
Total Area		= 4302.00
Most Negative Slack	= -199.60
Nodes = 1870. Try = 756. Resub = 0. Div = 32915. SAT calls = 2077. Timeouts = 0. MaxDivs = 0.
Attempts :   Remove      0 out of   1512 (  0.00 %)   Resub       0 out of    157 (  0.00 %)   
Reduction:   Nodes       0 out of   1870 (  0.00 %)   Edges       0 out of   3740 (  0.00 %)   
Win =     0.00 sec (  1.20 %)
Div =     0.01 sec (  3.56 %)
Aig =     0.01 sec (  3.32 %)
Gia =     0.00 sec (  0.00 %)
Cnf =     0.00 sec (  0.61 %)
Sat =     0.08 sec ( 54.67 %)
Int =     0.00 sec (  0.00 %)
ALL =     0.15 sec (100.00 %)
round 3

0%   10   20   30   40   50   60   70   80   90   100%
|----|----|----|----|----|----|----|----|----|----|
seed = 1566919589 patience = 3
***************************************************
time = 11152035150
c6288_3_0
area = 4302
delay = 145.9
write_blif appntk/c6288_3_0_4302_145.9.blif
sis -x -c "read_library data/genlib/mcnc.genlib;read_blif appntk/c6288_3_0_4302_145.9.blif;print_map_stats" | grep -e "Most Negative Slack" -e "Total Area"
"appntk/c6288_3_0_4302_145.9.blif", line 13: .and_gate_delay 1.9
Total Area		= 4302.00
Most Negative Slack	= -199.60
Nodes = 1870. Try = 756. Resub = 0. Div = 32915. SAT calls = 2077. Timeouts = 0. MaxDivs = 0.
Attempts :   Remove      0 out of   1512 (  0.00 %)   Resub       0 out of    157 (  0.00 %)   
Reduction:   Nodes       0 out of   1870 (  0.00 %)   Edges       0 out of   3740 (  0.00 %)   
Win =     0.00 sec (  1.22 %)
Div =     0.01 sec (  3.58 %)
Aig =     0.01 sec (  3.25 %)
Gia =     0.00 sec (  0.00 %)
Cnf =     0.00 sec (  0.62 %)
Sat =     0.08 sec ( 54.32 %)
Int =     0.00 sec (  0.00 %)
ALL =     0.15 sec (100.00 %)
round 4

0%   10   20   30   40   50   60   70   80   90   100%
|----|----|----|----|----|----|----|----|----|----|
seed = 1566922153 patience = 4
***************************************************
Network does not change, frame number changes to 4096
time = 13729517849
c6288_4_0
area = 4302
delay = 145.9
write_blif appntk/c6288_4_0_4302_145.9.blif
sis -x -c "read_library data/genlib/mcnc.genlib;read_blif appntk/c6288_4_0_4302_145.9.blif;print_map_stats" | grep -e "Most Negative Slack" -e "Total Area"
"appntk/c6288_4_0_4302_145.9.blif", line 13: .and_gate_delay 1.9
Total Area		= 4302.00
Most Negative Slack	= -199.60
Nodes = 1870. Try = 756. Resub = 0. Div = 32915. SAT calls = 2077. Timeouts = 0. MaxDivs = 0.
Attempts :   Remove      0 out of   1512 (  0.00 %)   Resub       0 out of    157 (  0.00 %)   
Reduction:   Nodes       0 out of   1870 (  0.00 %)   Edges       0 out of   3740 (  0.00 %)   
Win =     0.00 sec (  1.23 %)
Div =     0.01 sec (  3.57 %)
Aig =     0.01 sec (  3.23 %)
Gia =     0.00 sec (  0.00 %)
Cnf =     0.00 sec (  0.62 %)
Sat =     0.08 sec ( 54.40 %)
Int =     0.00 sec (  0.00 %)
ALL =     0.16 sec (100.00 %)
round 5

0%   10   20   30   40   50   60   70   80   90   100%
|----|----|----|----|----|----|----|----|----|----|
seed = 1566924731 patience = 0
***************************************************
time = 15030039958
c6288_5_0
area = 4302
delay = 145.9
write_blif appntk/c6288_5_0_4302_145.9.blif
sis -x -c "read_library data/genlib/mcnc.genlib;read_blif appntk/c6288_5_0_4302_145.9.blif;print_map_stats" | grep -e "Most Negative Slack" -e "Total Area"
"appntk/c6288_5_0_4302_145.9.blif", line 13: .and_gate_delay 1.9
Total Area		= 4302.00
Most Negative Slack	= -199.60
Nodes = 1870. Try = 756. Resub = 0. Div = 32915. SAT calls = 2077. Timeouts = 0. MaxDivs = 0.
Attempts :   Remove      0 out of   1512 (  0.00 %)   Resub       0 out of    157 (  0.00 %)   
Reduction:   Nodes       0 out of   1870 (  0.00 %)   Edges       0 out of   3740 (  0.00 %)   
Win =     0.00 sec (  1.22 %)
Div =     0.01 sec (  3.58 %)
Aig =     0.00 sec (  3.30 %)
Gia =     0.00 sec (  0.00 %)
Cnf =     0.00 sec (  0.63 %)
Sat =     0.08 sec ( 54.98 %)
Int =     0.00 sec (  0.00 %)
ALL =     0.15 sec (100.00 %)
round 6

0%   10   20   30   40   50   60   70   80   90   100%
|----|----|----|----|----|----|----|----|----|----|
seed = 1566926032 patience = 1
***************************************************
time = 16324639557
c6288_6_0
area = 4302
delay = 145.9
write_blif appntk/c6288_6_0_4302_145.9.blif
sis -x -c "read_library data/genlib/mcnc.genlib;read_blif appntk/c6288_6_0_4302_145.9.blif;print_map_stats" | grep -e "Most Negative Slack" -e "Total Area"
"appntk/c6288_6_0_4302_145.9.blif", line 13: .and_gate_delay 1.9
Total Area		= 4302.00
Most Negative Slack	= -199.60
Nodes = 1870. Try = 756. Resub = 0. Div = 32915. SAT calls = 2077. Timeouts = 0. MaxDivs = 0.
Attempts :   Remove      0 out of   1512 (  0.00 %)   Resub       0 out of    157 (  0.00 %)   
Reduction:   Nodes       0 out of   1870 (  0.00 %)   Edges       0 out of   3740 (  0.00 %)   
Win =     0.00 sec (  1.23 %)
Div =     0.01 sec (  3.57 %)
Aig =     0.00 sec (  3.27 %)
Gia =     0.00 sec (  0.00 %)
Cnf =     0.00 sec (  0.63 %)
Sat =     0.08 sec ( 54.93 %)
Int =     0.00 sec (  0.00 %)
ALL =     0.15 sec (100.00 %)
round 7

0%   10   20   30   40   50   60   70   80   90   100%
|----|----|----|----|----|----|----|----|----|----|
seed = 1566927327 patience = 2
***************************************************
time = 17629216561
c6288_7_0
area = 4302
delay = 145.9
write_blif appntk/c6288_7_0_4302_145.9.blif
sis -x -c "read_library data/genlib/mcnc.genlib;read_blif appntk/c6288_7_0_4302_145.9.blif;print_map_stats" | grep -e "Most Negative Slack" -e "Total Area"
"appntk/c6288_7_0_4302_145.9.blif", line 13: .and_gate_delay 1.9
Total Area		= 4302.00
Most Negative Slack	= -199.60
Nodes = 1870. Try = 756. Resub = 0. Div = 32915. SAT calls = 2077. Timeouts = 0. MaxDivs = 0.
Attempts :   Remove      0 out of   1512 (  0.00 %)   Resub       0 out of    157 (  0.00 %)   
Reduction:   Nodes       0 out of   1870 (  0.00 %)   Edges       0 out of   3740 (  0.00 %)   
Win =     0.00 sec (  1.21 %)
Div =     0.01 sec (  3.56 %)
Aig =     0.00 sec (  3.26 %)
Gia =     0.00 sec (  0.00 %)
Cnf =     0.00 sec (  0.63 %)
Sat =     0.08 sec ( 54.53 %)
Int =     0.00 sec (  0.00 %)
ALL =     0.15 sec (100.00 %)
round 8

0%   10   20   30   40   50   60   70   80   90   100%
|----|----|----|----|----|----|----|----|----|----|
seed = 1566928632 patience = 3
***************************************************
time = 18928296274
c6288_8_0
area = 4302
delay = 145.9
write_blif appntk/c6288_8_0_4302_145.9.blif
sis -x -c "read_library data/genlib/mcnc.genlib;read_blif appntk/c6288_8_0_4302_145.9.blif;print_map_stats" | grep -e "Most Negative Slack" -e "Total Area"
"appntk/c6288_8_0_4302_145.9.blif", line 13: .and_gate_delay 1.9
Total Area		= 4302.00
Most Negative Slack	= -199.60
Nodes = 1870. Try = 756. Resub = 0. Div = 32915. SAT calls = 2077. Timeouts = 0. MaxDivs = 0.
Attempts :   Remove      0 out of   1512 (  0.00 %)   Resub       0 out of    157 (  0.00 %)   
Reduction:   Nodes       0 out of   1870 (  0.00 %)   Edges       0 out of   3740 (  0.00 %)   
Win =     0.00 sec (  1.22 %)
Div =     0.01 sec (  3.59 %)
Aig =     0.00 sec (  3.29 %)
Gia =     0.00 sec (  0.00 %)
Cnf =     0.00 sec (  0.64 %)
Sat =     0.08 sec ( 54.93 %)
Int =     0.00 sec (  0.00 %)
ALL =     0.15 sec (100.00 %)
round 9

0%   10   20   30   40   50   60   70   80   90   100%
|----|----|----|----|----|----|----|----|----|----|
seed = 1566929931 patience = 4
***************************************************
Network does not change, frame number changes to 2048
time = 20229024069
c6288_9_0
area = 4302
delay = 145.9
write_blif appntk/c6288_9_0_4302_145.9.blif
sis -x -c "read_library data/genlib/mcnc.genlib;read_blif appntk/c6288_9_0_4302_145.9.blif;print_map_stats" | grep -e "Most Negative Slack" -e "Total Area"
"appntk/c6288_9_0_4302_145.9.blif", line 13: .and_gate_delay 1.9
Total Area		= 4302.00
Most Negative Slack	= -199.60
Nodes = 1870. Try = 756. Resub = 0. Div = 32915. SAT calls = 2077. Timeouts = 0. MaxDivs = 0.
Attempts :   Remove      0 out of   1512 (  0.00 %)   Resub       0 out of    157 (  0.00 %)   
Reduction:   Nodes       0 out of   1870 (  0.00 %)   Edges       0 out of   3740 (  0.00 %)   
Win =     0.00 sec (  1.21 %)
Div =     0.01 sec (  3.56 %)
Aig =     0.00 sec (  3.25 %)
Gia =     0.00 sec (  0.00 %)
Cnf =     0.00 sec (  0.64 %)
Sat =     0.08 sec ( 55.21 %)
Int =     0.00 sec (  0.00 %)
ALL =     0.15 sec (100.00 %)
round 10

0%   10   20   30   40   50   60   70   80   90   100%
|----|----|----|----|----|----|----|----|----|----|
seed = 1566931232 patience = 0
***************************************************
time = 20882307855
c6288_10_0
area = 4302
delay = 145.9
write_blif appntk/c6288_10_0_4302_145.9.blif
sis -x -c "read_library data/genlib/mcnc.genlib;read_blif appntk/c6288_10_0_4302_145.9.blif;print_map_stats" | grep -e "Most Negative Slack" -e "Total Area"
"appntk/c6288_10_0_4302_145.9.blif", line 13: .and_gate_delay 1.9
Total Area		= 4302.00
Most Negative Slack	= -199.60
Nodes = 1870. Try = 756. Resub = 0. Div = 32915. SAT calls = 2077. Timeouts = 0. MaxDivs = 0.
Attempts :   Remove      0 out of   1512 (  0.00 %)   Resub       0 out of    157 (  0.00 %)   
Reduction:   Nodes       0 out of   1870 (  0.00 %)   Edges       0 out of   3740 (  0.00 %)   
Win =     0.00 sec (  1.20 %)
Div =     0.01 sec (  3.57 %)
Aig =     0.00 sec (  3.28 %)
Gia =     0.00 sec (  0.00 %)
Cnf =     0.00 sec (  0.62 %)
Sat =     0.08 sec ( 54.80 %)
Int =     0.00 sec (  0.00 %)
ALL =     0.15 sec (100.00 %)
round 11

0%   10   20   30   40   50   60   70   80   90   100%
|----|----|----|----|----|----|----|----|----|----|
seed = 1566931886 patience = 1
***************************************************
time = 21537666096
c6288_11_0
area = 4302
delay = 145.9
write_blif appntk/c6288_11_0_4302_145.9.blif
sis -x -c "read_library data/genlib/mcnc.genlib;read_blif appntk/c6288_11_0_4302_145.9.blif;print_map_stats" | grep -e "Most Negative Slack" -e "Total Area"
"appntk/c6288_11_0_4302_145.9.blif", line 13: .and_gate_delay 1.9
Total Area		= 4302.00
Most Negative Slack	= -199.60
Nodes = 1870. Try = 756. Resub = 0. Div = 32915. SAT calls = 2077. Timeouts = 0. MaxDivs = 0.
Attempts :   Remove      0 out of   1512 (  0.00 %)   Resub       0 out of    157 (  0.00 %)   
Reduction:   Nodes       0 out of   1870 (  0.00 %)   Edges       0 out of   3740 (  0.00 %)   
Win =     0.00 sec (  1.20 %)
Div =     0.01 sec (  3.58 %)
Aig =     0.00 sec (  3.26 %)
Gia =     0.00 sec (  0.00 %)
Cnf =     0.00 sec (  0.63 %)
Sat =     0.08 sec ( 54.46 %)
Int =     0.00 sec (  0.00 %)
ALL =     0.15 sec (100.00 %)
round 12

0%   10   20   30   40   50   60   70   80   90   100%
|----|----|----|----|----|----|----|----|----|----|
seed = 1566932541 patience = 2
***************************************************
time = 22194679932
c6288_12_0
area = 4302
delay = 145.9
write_blif appntk/c6288_12_0_4302_145.9.blif
sis -x -c "read_library data/genlib/mcnc.genlib;read_blif appntk/c6288_12_0_4302_145.9.blif;print_map_stats" | grep -e "Most Negative Slack" -e "Total Area"
"appntk/c6288_12_0_4302_145.9.blif", line 13: .and_gate_delay 1.9
Total Area		= 4302.00
Most Negative Slack	= -199.60
Nodes = 1870. Try = 756. Resub = 0. Div = 32915. SAT calls = 2077. Timeouts = 0. MaxDivs = 0.
Attempts :   Remove      0 out of   1512 (  0.00 %)   Resub       0 out of    157 (  0.00 %)   
Reduction:   Nodes       0 out of   1870 (  0.00 %)   Edges       0 out of   3740 (  0.00 %)   
Win =     0.00 sec (  1.23 %)
Div =     0.01 sec (  3.59 %)
Aig =     0.00 sec (  3.28 %)
Gia =     0.00 sec (  0.00 %)
Cnf =     0.00 sec (  0.66 %)
Sat =     0.08 sec ( 54.87 %)
Int =     0.00 sec (  0.00 %)
ALL =     0.15 sec (100.00 %)
round 13

0%   10   20   30   40   50   60   70   80   90   100%
|----|----|----|----|----|----|----|----|----|----|
seed = 1566933199 patience = 3
***************************************************
time = 22855997112
c6288_13_0
area = 4302
delay = 145.9
write_blif appntk/c6288_13_0_4302_145.9.blif
sis -x -c "read_library data/genlib/mcnc.genlib;read_blif appntk/c6288_13_0_4302_145.9.blif;print_map_stats" | grep -e "Most Negative Slack" -e "Total Area"
"appntk/c6288_13_0_4302_145.9.blif", line 13: .and_gate_delay 1.9
Total Area		= 4302.00
Most Negative Slack	= -199.60
Nodes = 1870. Try = 756. Resub = 0. Div = 32915. SAT calls = 2077. Timeouts = 0. MaxDivs = 0.
Attempts :   Remove      0 out of   1512 (  0.00 %)   Resub       0 out of    157 (  0.00 %)   
Reduction:   Nodes       0 out of   1870 (  0.00 %)   Edges       0 out of   3740 (  0.00 %)   
Win =     0.00 sec (  1.20 %)
Div =     0.01 sec (  3.61 %)
Aig =     0.00 sec (  3.23 %)
Gia =     0.00 sec (  0.00 %)
Cnf =     0.00 sec (  0.63 %)
Sat =     0.08 sec ( 55.01 %)
Int =     0.00 sec (  0.00 %)
ALL =     0.15 sec (100.00 %)
round 14

0%   10   20   30   40   50   60   70   80   90   100%
|----|----|----|----|----|----|----|----|----|----|
seed = 1566933860 patience = 4
***************************************************
Network does not change, frame number changes to 1024
time = 23515719318
c6288_14_0
area = 4302
delay = 145.9
write_blif appntk/c6288_14_0_4302_145.9.blif
sis -x -c "read_library data/genlib/mcnc.genlib;read_blif appntk/c6288_14_0_4302_145.9.blif;print_map_stats" | grep -e "Most Negative Slack" -e "Total Area"
"appntk/c6288_14_0_4302_145.9.blif", line 13: .and_gate_delay 1.9
Total Area		= 4302.00
Most Negative Slack	= -199.60
Nodes = 1870. Try = 756. Resub = 0. Div = 32915. SAT calls = 2077. Timeouts = 0. MaxDivs = 0.
Attempts :   Remove      0 out of   1512 (  0.00 %)   Resub       0 out of    157 (  0.00 %)   
Reduction:   Nodes       0 out of   1870 (  0.00 %)   Edges       0 out of   3740 (  0.00 %)   
Win =     0.00 sec (  1.22 %)
Div =     0.01 sec (  3.57 %)
Aig =     0.00 sec (  3.27 %)
Gia =     0.00 sec (  0.00 %)
Cnf =     0.00 sec (  0.63 %)
Sat =     0.08 sec ( 54.62 %)
Int =     0.00 sec (  0.00 %)
ALL =     0.15 sec (100.00 %)
round 15

0%   10   20   30   40   50   60   70   80   90   100%
|----|----|----|----|----|----|----|----|----|----|
seed = 1566934520 patience = 0
***************************************************
time = 23850264409
c6288_15_0
area = 4302
delay = 145.9
write_blif appntk/c6288_15_0_4302_145.9.blif
sis -x -c "read_library data/genlib/mcnc.genlib;read_blif appntk/c6288_15_0_4302_145.9.blif;print_map_stats" | grep -e "Most Negative Slack" -e "Total Area"
"appntk/c6288_15_0_4302_145.9.blif", line 13: .and_gate_delay 1.9
Total Area		= 4302.00
Most Negative Slack	= -199.60
Nodes = 1870. Try = 756. Resub = 0. Div = 32915. SAT calls = 2077. Timeouts = 0. MaxDivs = 0.
Attempts :   Remove      0 out of   1512 (  0.00 %)   Resub       0 out of    157 (  0.00 %)   
Reduction:   Nodes       0 out of   1870 (  0.00 %)   Edges       0 out of   3740 (  0.00 %)   
Win =     0.00 sec (  1.19 %)
Div =     0.01 sec (  3.45 %)
Aig =     0.01 sec (  3.36 %)
Gia =     0.00 sec (  0.00 %)
Cnf =     0.00 sec (  0.63 %)
Sat =     0.08 sec ( 54.42 %)
Int =     0.00 sec (  0.00 %)
ALL =     0.15 sec (100.00 %)
round 16

0%   10   20   30   40   50   60   70   80   90   100%
|----|----|----|----|----|----|----|----|----|----|
seed = 1566934855 patience = 1
***************************************************
time = 24183764947
c6288_16_0
area = 4302
delay = 145.9
write_blif appntk/c6288_16_0_4302_145.9.blif
sis -x -c "read_library data/genlib/mcnc.genlib;read_blif appntk/c6288_16_0_4302_145.9.blif;print_map_stats" | grep -e "Most Negative Slack" -e "Total Area"
"appntk/c6288_16_0_4302_145.9.blif", line 13: .and_gate_delay 1.9
Total Area		= 4302.00
Most Negative Slack	= -199.60
Nodes = 1870. Try = 756. Resub = 0. Div = 32915. SAT calls = 2077. Timeouts = 0. MaxDivs = 0.
Attempts :   Remove      0 out of   1512 (  0.00 %)   Resub       0 out of    157 (  0.00 %)   
Reduction:   Nodes       0 out of   1870 (  0.00 %)   Edges       0 out of   3740 (  0.00 %)   
Win =     0.00 sec (  1.24 %)
Div =     0.01 sec (  3.66 %)
Aig =     0.00 sec (  3.26 %)
Gia =     0.00 sec (  0.00 %)
Cnf =     0.00 sec (  0.64 %)
Sat =     0.08 sec ( 55.04 %)
Int =     0.00 sec (  0.00 %)
ALL =     0.15 sec (100.00 %)
round 17

0%   10   20   30   40   50   60   70   80   90   100%
|----|----|----|----|----|----|----|----|----|----|
seed = 1566935188 patience = 2
***************************************************
time = 24516376247
c6288_17_0
area = 4302
delay = 145.9
write_blif appntk/c6288_17_0_4302_145.9.blif
sis -x -c "read_library data/genlib/mcnc.genlib;read_blif appntk/c6288_17_0_4302_145.9.blif;print_map_stats" | grep -e "Most Negative Slack" -e "Total Area"
"appntk/c6288_17_0_4302_145.9.blif", line 13: .and_gate_delay 1.9
Total Area		= 4302.00
Most Negative Slack	= -199.60
Nodes = 1870. Try = 756. Resub = 0. Div = 32915. SAT calls = 2077. Timeouts = 0. MaxDivs = 0.
Attempts :   Remove      0 out of   1512 (  0.00 %)   Resub       0 out of    157 (  0.00 %)   
Reduction:   Nodes       0 out of   1870 (  0.00 %)   Edges       0 out of   3740 (  0.00 %)   
Win =     0.00 sec (  1.23 %)
Div =     0.01 sec (  3.62 %)
Aig =     0.01 sec (  3.30 %)
Gia =     0.00 sec (  0.00 %)
Cnf =     0.00 sec (  0.64 %)
Sat =     0.08 sec ( 54.86 %)
Int =     0.00 sec (  0.00 %)
ALL =     0.15 sec (100.00 %)
round 18

0%   10   20   30   40   50   60   70   80   90   100%
|----|----|----|----|----|----|----|----|----|----|
seed = 1566935521 patience = 3
***************************************************
time = 24849483587
c6288_18_0
area = 4302
delay = 145.9
write_blif appntk/c6288_18_0_4302_145.9.blif
sis -x -c "read_library data/genlib/mcnc.genlib;read_blif appntk/c6288_18_0_4302_145.9.blif;print_map_stats" | grep -e "Most Negative Slack" -e "Total Area"
"appntk/c6288_18_0_4302_145.9.blif", line 13: .and_gate_delay 1.9
Total Area		= 4302.00
Most Negative Slack	= -199.60
Nodes = 1870. Try = 756. Resub = 0. Div = 32915. SAT calls = 2077. Timeouts = 0. MaxDivs = 0.
Attempts :   Remove      0 out of   1512 (  0.00 %)   Resub       0 out of    157 (  0.00 %)   
Reduction:   Nodes       0 out of   1870 (  0.00 %)   Edges       0 out of   3740 (  0.00 %)   
Win =     0.00 sec (  1.23 %)
Div =     0.01 sec (  3.67 %)
Aig =     0.00 sec (  3.28 %)
Gia =     0.00 sec (  0.00 %)
Cnf =     0.00 sec (  0.63 %)
Sat =     0.08 sec ( 55.20 %)
Int =     0.00 sec (  0.00 %)
ALL =     0.15 sec (100.00 %)
round 19

0%   10   20   30   40   50   60   70   80   90   100%
|----|----|----|----|----|----|----|----|----|----|
seed = 1566935854 patience = 4
***************************************************
Network does not change, frame number changes to 512
time = 25182919593
c6288_19_0
area = 4302
delay = 145.9
write_blif appntk/c6288_19_0_4302_145.9.blif
sis -x -c "read_library data/genlib/mcnc.genlib;read_blif appntk/c6288_19_0_4302_145.9.blif;print_map_stats" | grep -e "Most Negative Slack" -e "Total Area"
"appntk/c6288_19_0_4302_145.9.blif", line 13: .and_gate_delay 1.9
Total Area		= 4302.00
Most Negative Slack	= -199.60
Nodes = 1870. Try = 756. Resub = 0. Div = 32915. SAT calls = 2077. Timeouts = 0. MaxDivs = 0.
Attempts :   Remove      0 out of   1512 (  0.00 %)   Resub       0 out of    157 (  0.00 %)   
Reduction:   Nodes       0 out of   1870 (  0.00 %)   Edges       0 out of   3740 (  0.00 %)   
Win =     0.00 sec (  1.21 %)
Div =     0.01 sec (  3.62 %)
Aig =     0.00 sec (  3.20 %)
Gia =     0.00 sec (  0.00 %)
Cnf =     0.00 sec (  0.64 %)
Sat =     0.08 sec ( 54.08 %)
Int =     0.00 sec (  0.00 %)
ALL =     0.15 sec (100.00 %)
round 20

0%   10   20   30   40   50   60   70   80   90   100%
|----|----|----|----|----|----|----|----|----|----|
seed = 1566936188 patience = 0
***************************************************
time = 25355736532
c6288_20_0
area = 4302
delay = 145.9
write_blif appntk/c6288_20_0_4302_145.9.blif
sis -x -c "read_library data/genlib/mcnc.genlib;read_blif appntk/c6288_20_0_4302_145.9.blif;print_map_stats" | grep -e "Most Negative Slack" -e "Total Area"
"appntk/c6288_20_0_4302_145.9.blif", line 13: .and_gate_delay 1.9
Total Area		= 4302.00
Most Negative Slack	= -199.60
Nodes = 1870. Try = 756. Resub = 0. Div = 32915. SAT calls = 2077. Timeouts = 0. MaxDivs = 0.
Attempts :   Remove      0 out of   1512 (  0.00 %)   Resub       0 out of    157 (  0.00 %)   
Reduction:   Nodes       0 out of   1870 (  0.00 %)   Edges       0 out of   3740 (  0.00 %)   
Win =     0.00 sec (  1.18 %)
Div =     0.01 sec (  3.76 %)
Aig =     0.00 sec (  3.27 %)
Gia =     0.00 sec (  0.00 %)
Cnf =     0.00 sec (  0.64 %)
Sat =     0.08 sec ( 55.41 %)
Int =     0.00 sec (  0.00 %)
ALL =     0.15 sec (100.00 %)
round 21

0%   10   20   30   40   50   60   70   80   90   100%
|----|----|----|----|----|----|----|----|----|----|
seed = 1566936361 patience = 1
***************************************************
time = 25527043049
c6288_21_0
area = 4302
delay = 145.9
write_blif appntk/c6288_21_0_4302_145.9.blif
sis -x -c "read_library data/genlib/mcnc.genlib;read_blif appntk/c6288_21_0_4302_145.9.blif;print_map_stats" | grep -e "Most Negative Slack" -e "Total Area"
"appntk/c6288_21_0_4302_145.9.blif", line 13: .and_gate_delay 1.9
Total Area		= 4302.00
Most Negative Slack	= -199.60
Nodes = 1870. Try = 756. Resub = 0. Div = 32915. SAT calls = 2077. Timeouts = 0. MaxDivs = 0.
Attempts :   Remove      0 out of   1512 (  0.00 %)   Resub       0 out of    157 (  0.00 %)   
Reduction:   Nodes       0 out of   1870 (  0.00 %)   Edges       0 out of   3740 (  0.00 %)   
Win =     0.00 sec (  1.24 %)
Div =     0.01 sec (  3.68 %)
Aig =     0.00 sec (  3.27 %)
Gia =     0.00 sec (  0.00 %)
Cnf =     0.00 sec (  0.65 %)
Sat =     0.08 sec ( 55.09 %)
Int =     0.00 sec (  0.00 %)
ALL =     0.15 sec (100.00 %)
round 22

0%   10   20   30   40   50   60   70   80   90   100%
|----|----|----|----|----|----|----|----|----|----|
seed = 1566936532 patience = 2
***************************************************
time = 25699362216
c6288_22_0
area = 4302
delay = 145.9
write_blif appntk/c6288_22_0_4302_145.9.blif
sis -x -c "read_library data/genlib/mcnc.genlib;read_blif appntk/c6288_22_0_4302_145.9.blif;print_map_stats" | grep -e "Most Negative Slack" -e "Total Area"
"appntk/c6288_22_0_4302_145.9.blif", line 13: .and_gate_delay 1.9
Total Area		= 4302.00
Most Negative Slack	= -199.60
Nodes = 1870. Try = 756. Resub = 0. Div = 32915. SAT calls = 2077. Timeouts = 0. MaxDivs = 0.
Attempts :   Remove      0 out of   1512 (  0.00 %)   Resub       0 out of    157 (  0.00 %)   
Reduction:   Nodes       0 out of   1870 (  0.00 %)   Edges       0 out of   3740 (  0.00 %)   
Win =     0.00 sec (  1.23 %)
Div =     0.01 sec (  3.69 %)
Aig =     0.00 sec (  3.23 %)
Gia =     0.00 sec (  0.00 %)
Cnf =     0.00 sec (  0.63 %)
Sat =     0.08 sec ( 54.76 %)
Int =     0.00 sec (  0.00 %)
ALL =     0.15 sec (100.00 %)
round 23

0%   10   20   30   40   50   60   70   80   90   100%
|----|----|----|----|----|----|----|----|----|----|
seed = 1566936704 patience = 3
***************************************************
time = 25869964389
c6288_23_0
area = 4302
delay = 145.9
write_blif appntk/c6288_23_0_4302_145.9.blif
sis -x -c "read_library data/genlib/mcnc.genlib;read_blif appntk/c6288_23_0_4302_145.9.blif;print_map_stats" | grep -e "Most Negative Slack" -e "Total Area"
"appntk/c6288_23_0_4302_145.9.blif", line 13: .and_gate_delay 1.9
Total Area		= 4302.00
Most Negative Slack	= -199.60
Nodes = 1870. Try = 756. Resub = 0. Div = 32915. SAT calls = 2077. Timeouts = 0. MaxDivs = 0.
Attempts :   Remove      0 out of   1512 (  0.00 %)   Resub       0 out of    157 (  0.00 %)   
Reduction:   Nodes       0 out of   1870 (  0.00 %)   Edges       0 out of   3740 (  0.00 %)   
Win =     0.00 sec (  1.25 %)
Div =     0.01 sec (  3.65 %)
Aig =     0.00 sec (  3.23 %)
Gia =     0.00 sec (  0.00 %)
Cnf =     0.00 sec (  0.63 %)
Sat =     0.08 sec ( 54.43 %)
Int =     0.00 sec (  0.00 %)
ALL =     0.15 sec (100.00 %)
round 24

0%   10   20   30   40   50   60   70   80   90   100%
|----|----|----|----|----|----|----|----|----|----|
seed = 1566936875 patience = 4
***************************************************
Network does not change, frame number changes to 256
time = 26041485356
c6288_24_0
area = 4302
delay = 145.9
write_blif appntk/c6288_24_0_4302_145.9.blif
sis -x -c "read_library data/genlib/mcnc.genlib;read_blif appntk/c6288_24_0_4302_145.9.blif;print_map_stats" | grep -e "Most Negative Slack" -e "Total Area"
"appntk/c6288_24_0_4302_145.9.blif", line 13: .and_gate_delay 1.9
Total Area		= 4302.00
Most Negative Slack	= -199.60
Nodes = 1870. Try = 756. Resub = 0. Div = 32915. SAT calls = 2077. Timeouts = 0. MaxDivs = 0.
Attempts :   Remove      0 out of   1512 (  0.00 %)   Resub       0 out of    157 (  0.00 %)   
Reduction:   Nodes       0 out of   1870 (  0.00 %)   Edges       0 out of   3740 (  0.00 %)   
Win =     0.00 sec (  1.24 %)
Div =     0.01 sec (  3.68 %)
Aig =     0.00 sec (  3.23 %)
Gia =     0.00 sec (  0.00 %)
Cnf =     0.00 sec (  0.64 %)
Sat =     0.08 sec ( 54.74 %)
Int =     0.00 sec (  0.00 %)
ALL =     0.15 sec (100.00 %)
round 25

0%   10   20   30   40   50   60   70   80   90   100%
|----|----|----|----|----|----|----|----|----|----|
seed = 1566937047 patience = 0
***************************************************
time = 26130874683
c6288_25_0
area = 4302
delay = 145.9
write_blif appntk/c6288_25_0_4302_145.9.blif
sis -x -c "read_library data/genlib/mcnc.genlib;read_blif appntk/c6288_25_0_4302_145.9.blif;print_map_stats" | grep -e "Most Negative Slack" -e "Total Area"
"appntk/c6288_25_0_4302_145.9.blif", line 13: .and_gate_delay 1.9
Total Area		= 4302.00
Most Negative Slack	= -199.60
Nodes = 1870. Try = 756. Resub = 0. Div = 32915. SAT calls = 2077. Timeouts = 0. MaxDivs = 0.
Attempts :   Remove      0 out of   1512 (  0.00 %)   Resub       0 out of    157 (  0.00 %)   
Reduction:   Nodes       0 out of   1870 (  0.00 %)   Edges       0 out of   3740 (  0.00 %)   
Win =     0.00 sec (  1.25 %)
Div =     0.01 sec (  3.69 %)
Aig =     0.00 sec (  3.24 %)
Gia =     0.00 sec (  0.00 %)
Cnf =     0.00 sec (  0.64 %)
Sat =     0.08 sec ( 54.83 %)
Int =     0.00 sec (  0.00 %)
ALL =     0.15 sec (100.00 %)
round 26

0%   10   20   30   40   50   60   70   80   90   100%
|----|----|----|----|----|----|----|----|----|----|
seed = 1566937136 patience = 1
***************************************************
time = 26220364962
c6288_26_0
area = 4302
delay = 145.9
write_blif appntk/c6288_26_0_4302_145.9.blif
sis -x -c "read_library data/genlib/mcnc.genlib;read_blif appntk/c6288_26_0_4302_145.9.blif;print_map_stats" | grep -e "Most Negative Slack" -e "Total Area"
"appntk/c6288_26_0_4302_145.9.blif", line 13: .and_gate_delay 1.9
Total Area		= 4302.00
Most Negative Slack	= -199.60
Nodes = 1870. Try = 756. Resub = 0. Div = 32915. SAT calls = 2077. Timeouts = 0. MaxDivs = 0.
Attempts :   Remove      0 out of   1512 (  0.00 %)   Resub       0 out of    157 (  0.00 %)   
Reduction:   Nodes       0 out of   1870 (  0.00 %)   Edges       0 out of   3740 (  0.00 %)   
Win =     0.00 sec (  1.26 %)
Div =     0.01 sec (  3.69 %)
Aig =     0.00 sec (  3.27 %)
Gia =     0.00 sec (  0.00 %)
Cnf =     0.00 sec (  0.64 %)
Sat =     0.08 sec ( 54.89 %)
Int =     0.00 sec (  0.00 %)
ALL =     0.15 sec (100.00 %)
round 27

0%   10   20   30   40   50   60   70   80   90   100%
|----|----|----|----|----|----|----|----|----|----|
seed = 1566937226 patience = 2
***************************************************
time = 26310466797
c6288_27_0
area = 4302
delay = 145.9
write_blif appntk/c6288_27_0_4302_145.9.blif
sis -x -c "read_library data/genlib/mcnc.genlib;read_blif appntk/c6288_27_0_4302_145.9.blif;print_map_stats" | grep -e "Most Negative Slack" -e "Total Area"
"appntk/c6288_27_0_4302_145.9.blif", line 13: .and_gate_delay 1.9
Total Area		= 4302.00
Most Negative Slack	= -199.60
Nodes = 1870. Try = 756. Resub = 0. Div = 32915. SAT calls = 2077. Timeouts = 0. MaxDivs = 0.
Attempts :   Remove      0 out of   1512 (  0.00 %)   Resub       0 out of    157 (  0.00 %)   
Reduction:   Nodes       0 out of   1870 (  0.00 %)   Edges       0 out of   3740 (  0.00 %)   
Win =     0.00 sec (  1.24 %)
Div =     0.01 sec (  3.65 %)
Aig =     0.00 sec (  3.26 %)
Gia =     0.00 sec (  0.00 %)
Cnf =     0.00 sec (  0.66 %)
Sat =     0.08 sec ( 54.71 %)
Int =     0.00 sec (  0.00 %)
ALL =     0.15 sec (100.00 %)
round 28

0%   10   20   30   40   50   60   70   80   90   100%
|----|----|----|----|----|----|----|----|----|----|
seed = 1566937316 patience = 3
***************************************************
time = 26399673760
c6288_28_0
area = 4302
delay = 145.9
write_blif appntk/c6288_28_0_4302_145.9.blif
sis -x -c "read_library data/genlib/mcnc.genlib;read_blif appntk/c6288_28_0_4302_145.9.blif;print_map_stats" | grep -e "Most Negative Slack" -e "Total Area"
"appntk/c6288_28_0_4302_145.9.blif", line 13: .and_gate_delay 1.9
Total Area		= 4302.00
Most Negative Slack	= -199.60
Nodes = 1870. Try = 756. Resub = 0. Div = 32915. SAT calls = 2077. Timeouts = 0. MaxDivs = 0.
Attempts :   Remove      0 out of   1512 (  0.00 %)   Resub       0 out of    157 (  0.00 %)   
Reduction:   Nodes       0 out of   1870 (  0.00 %)   Edges       0 out of   3740 (  0.00 %)   
Win =     0.00 sec (  1.25 %)
Div =     0.01 sec (  3.69 %)
Aig =     0.00 sec (  3.24 %)
Gia =     0.00 sec (  0.00 %)
Cnf =     0.00 sec (  0.64 %)
Sat =     0.08 sec ( 54.55 %)
Int =     0.00 sec (  0.00 %)
ALL =     0.15 sec (100.00 %)
round 29

0%   10   20   30   40   50   60   70   80   90   100%
|----|----|----|----|----|----|----|----|----|----|
seed = 1566937405 patience = 4
***************************************************
Network does not change, frame number changes to 128
time = 26488809331
c6288_29_0
area = 4302
delay = 145.9
write_blif appntk/c6288_29_0_4302_145.9.blif
sis -x -c "read_library data/genlib/mcnc.genlib;read_blif appntk/c6288_29_0_4302_145.9.blif;print_map_stats" | grep -e "Most Negative Slack" -e "Total Area"
"appntk/c6288_29_0_4302_145.9.blif", line 13: .and_gate_delay 1.9
Total Area		= 4302.00
Most Negative Slack	= -199.60
Nodes = 1870. Try = 756. Resub = 0. Div = 32915. SAT calls = 2077. Timeouts = 0. MaxDivs = 0.
Attempts :   Remove      0 out of   1512 (  0.00 %)   Resub       0 out of    157 (  0.00 %)   
Reduction:   Nodes       0 out of   1870 (  0.00 %)   Edges       0 out of   3740 (  0.00 %)   
Win =     0.00 sec (  1.25 %)
Div =     0.01 sec (  3.70 %)
Aig =     0.00 sec (  3.28 %)
Gia =     0.00 sec (  0.00 %)
Cnf =     0.00 sec (  0.64 %)
Sat =     0.08 sec ( 54.73 %)
Int =     0.00 sec (  0.00 %)
ALL =     0.15 sec (100.00 %)
round 30

0%   10   20   30   40   50   60   70   80   90   100%
|----|----|----|----|----|----|----|----|----|----|
seed = 1566937494 patience = 0
***************************************************
best node n146 best error 0.031377
time = 26537119135
c6288_30_0.031377
area = 4273
delay = 148.4
write_blif appntk/c6288_30_0.031377_4273_148.4.blif
sis -x -c "read_library data/genlib/mcnc.genlib;read_blif appntk/c6288_30_0.031377_4273_148.4.blif;print_map_stats" | grep -e "Most Negative Slack" -e "Total Area"
"appntk/c6288_30_0.031377_4273_148.4.blif", line 13: .and_gate_delay 1.9
Total Area		= 4273.00
Most Negative Slack	= -201.60
Nodes = 1867. Try = 753. Resub = 0. Div = 32642. SAT calls = 2045. Timeouts = 0. MaxDivs = 0.
Attempts :   Remove      0 out of   1506 (  0.00 %)   Resub       0 out of    156 (  0.00 %)   
Reduction:   Nodes       0 out of   1867 (  0.00 %)   Edges       0 out of   3734 (  0.00 %)   
Win =     0.00 sec (  1.26 %)
Div =     0.01 sec (  3.71 %)
Aig =     0.00 sec (  3.27 %)
Gia =     0.00 sec (  0.00 %)
Cnf =     0.00 sec (  0.65 %)
Sat =     0.08 sec ( 54.81 %)
Int =     0.00 sec (  0.00 %)
ALL =     0.15 sec (100.00 %)
round 31

0%   10   20   30   40   50   60   70   80   90   100%
|----|----|----|----|----|----|----|----|----|----|
seed = 1566937543 patience = 0
***************************************************
time = 26585320137
c6288_31_0.031377
area = 4273
delay = 148.4
write_blif appntk/c6288_31_0.031377_4273_148.4.blif
sis -x -c "read_library data/genlib/mcnc.genlib;read_blif appntk/c6288_31_0.031377_4273_148.4.blif;print_map_stats" | grep -e "Most Negative Slack" -e "Total Area"
"appntk/c6288_31_0.031377_4273_148.4.blif", line 13: .and_gate_delay 1.9
Total Area		= 4273.00
Most Negative Slack	= -201.60
Nodes = 1867. Try = 753. Resub = 0. Div = 32642. SAT calls = 2045. Timeouts = 0. MaxDivs = 0.
Attempts :   Remove      0 out of   1506 (  0.00 %)   Resub       0 out of    156 (  0.00 %)   
Reduction:   Nodes       0 out of   1867 (  0.00 %)   Edges       0 out of   3734 (  0.00 %)   
Win =     0.00 sec (  1.26 %)
Div =     0.01 sec (  3.67 %)
Aig =     0.00 sec (  3.29 %)
Gia =     0.00 sec (  0.00 %)
Cnf =     0.00 sec (  0.64 %)
Sat =     0.08 sec ( 55.01 %)
Int =     0.00 sec (  0.00 %)
ALL =     0.15 sec (100.00 %)
round 32

0%   10   20   30   40   50   60   70   80   90   100%
|----|----|----|----|----|----|----|----|----|----|
seed = 1566937591 patience = 1
***************************************************
time = 26633596464
c6288_32_0.031377
area = 4273
delay = 148.4
write_blif appntk/c6288_32_0.031377_4273_148.4.blif
sis -x -c "read_library data/genlib/mcnc.genlib;read_blif appntk/c6288_32_0.031377_4273_148.4.blif;print_map_stats" | grep -e "Most Negative Slack" -e "Total Area"
"appntk/c6288_32_0.031377_4273_148.4.blif", line 13: .and_gate_delay 1.9
Total Area		= 4273.00
Most Negative Slack	= -201.60
Nodes = 1867. Try = 753. Resub = 0. Div = 32642. SAT calls = 2045. Timeouts = 0. MaxDivs = 0.
Attempts :   Remove      0 out of   1506 (  0.00 %)   Resub       0 out of    156 (  0.00 %)   
Reduction:   Nodes       0 out of   1867 (  0.00 %)   Edges       0 out of   3734 (  0.00 %)   
Win =     0.00 sec (  1.27 %)
Div =     0.01 sec (  3.72 %)
Aig =     0.00 sec (  3.29 %)
Gia =     0.00 sec (  0.00 %)
Cnf =     0.00 sec (  0.64 %)
Sat =     0.08 sec ( 55.06 %)
Int =     0.00 sec (  0.00 %)
ALL =     0.15 sec (100.00 %)
round 33

0%   10   20   30   40   50   60   70   80   90   100%
|----|----|----|----|----|----|----|----|----|----|
seed = 1566937639 patience = 2
***************************************************
time = 26682159051
c6288_33_0.031377
area = 4273
delay = 148.4
write_blif appntk/c6288_33_0.031377_4273_148.4.blif
sis -x -c "read_library data/genlib/mcnc.genlib;read_blif appntk/c6288_33_0.031377_4273_148.4.blif;print_map_stats" | grep -e "Most Negative Slack" -e "Total Area"
"appntk/c6288_33_0.031377_4273_148.4.blif", line 13: .and_gate_delay 1.9
Total Area		= 4273.00
Most Negative Slack	= -201.60
Nodes = 1867. Try = 753. Resub = 0. Div = 32642. SAT calls = 2045. Timeouts = 0. MaxDivs = 0.
Attempts :   Remove      0 out of   1506 (  0.00 %)   Resub       0 out of    156 (  0.00 %)   
Reduction:   Nodes       0 out of   1867 (  0.00 %)   Edges       0 out of   3734 (  0.00 %)   
Win =     0.00 sec (  1.27 %)
Div =     0.01 sec (  3.68 %)
Aig =     0.00 sec (  3.28 %)
Gia =     0.00 sec (  0.00 %)
Cnf =     0.00 sec (  0.65 %)
Sat =     0.08 sec ( 54.67 %)
Int =     0.00 sec (  0.00 %)
ALL =     0.15 sec (100.00 %)
round 34

0%   10   20   30   40   50   60   70   80   90   100%
|----|----|----|----|----|----|----|----|----|----|
seed = 1566937688 patience = 3
***************************************************
time = 26730310838
c6288_34_0.031377
area = 4273
delay = 148.4
write_blif appntk/c6288_34_0.031377_4273_148.4.blif
sis -x -c "read_library data/genlib/mcnc.genlib;read_blif appntk/c6288_34_0.031377_4273_148.4.blif;print_map_stats" | grep -e "Most Negative Slack" -e "Total Area"
"appntk/c6288_34_0.031377_4273_148.4.blif", line 13: .and_gate_delay 1.9
Total Area		= 4273.00
Most Negative Slack	= -201.60
Nodes = 1867. Try = 753. Resub = 0. Div = 32642. SAT calls = 2045. Timeouts = 0. MaxDivs = 0.
Attempts :   Remove      0 out of   1506 (  0.00 %)   Resub       0 out of    156 (  0.00 %)   
Reduction:   Nodes       0 out of   1867 (  0.00 %)   Edges       0 out of   3734 (  0.00 %)   
Win =     0.00 sec (  1.25 %)
Div =     0.01 sec (  3.69 %)
Aig =     0.00 sec (  3.30 %)
Gia =     0.00 sec (  0.00 %)
Cnf =     0.00 sec (  0.63 %)
Sat =     0.08 sec ( 54.92 %)
Int =     0.00 sec (  0.00 %)
ALL =     0.15 sec (100.00 %)
round 35

0%   10   20   30   40   50   60   70   80   90   100%
|----|----|----|----|----|----|----|----|----|----|
seed = 1566937736 patience = 4
***************************************************
best node n669 best error 0.0583105
time = 26778639217
