Entered genlib library with 23 gates from file "data/genlib/mcnc.genlib".
Nodes = 418. Try = 365. Resub = 5. Div = 19755. SAT calls = 1441. Timeouts = 0. MaxDivs = 5.
Attempts :   Remove      0 out of    726 (  0.00 %)   Resub       5 out of    149 (  3.36 %)   
Reduction:   Nodes       7 out of    418 (  1.67 %)   Edges      14 out of    836 (  1.67 %)   
Win =     0.00 sec (  0.85 %)
Div =     0.00 sec (  2.55 %)
Aig =     0.00 sec (  2.72 %)
Gia =     0.00 sec (  0.00 %)
Cnf =     0.00 sec (  0.51 %)
Sat =     0.10 sec ( 61.66 %)
Int =     0.00 sec (  2.62 %)
ALL =     0.16 sec (100.00 %)
round 0

0%   10   20   30   40   50   60   70   80   90   100%
|----|----|----|----|----|----|----|----|----|----|
seed = 1566910994 patience = 0
***************************************************
best node n408 best error 0
time = 226759260
cla32_0_0
area = 805
delay = 33
write_blif appntk/cla32_0_0_805_33.blif
sis -x -c "read_library data/genlib/mcnc.genlib;read_blif appntk/cla32_0_0_805_33.blif;print_map_stats" | grep -e "Most Negative Slack" -e "Total Area"
"appntk/cla32_0_0_805_33.blif", line 14: .and_gate_delay 1.9
Total Area		= 805.00
Most Negative Slack	= -49.40
Nodes = 408. Try = 348. Resub = 0. Div = 17693. SAT calls = 1255. Timeouts = 0. MaxDivs = 3.
Attempts :   Remove      0 out of    696 (  0.00 %)   Resub       0 out of    137 (  0.00 %)   
Reduction:   Nodes       0 out of    408 (  0.00 %)   Edges       0 out of    816 (  0.00 %)   
Win =     0.00 sec (  0.95 %)
Div =     0.00 sec (  2.98 %)
Aig =     0.00 sec (  2.69 %)
Gia =     0.00 sec (  0.00 %)
Cnf =     0.00 sec (  0.54 %)
Sat =     0.06 sec ( 63.06 %)
Int =     0.00 sec (  0.00 %)
ALL =     0.09 sec (100.00 %)
round 1

0%   10   20   30   40   50   60   70   80   90   100%
|----|----|----|----|----|----|----|----|----|----|
seed = 1566911221 patience = 0
***************************************************
best node n494 best error 0
time = 454186281
cla32_1_0
area = 784
delay = 30.8
write_blif appntk/cla32_1_0_784_30.8.blif
sis -x -c "read_library data/genlib/mcnc.genlib;read_blif appntk/cla32_1_0_784_30.8.blif;print_map_stats" | grep -e "Most Negative Slack" -e "Total Area"
"appntk/cla32_1_0_784_30.8.blif", line 14: .and_gate_delay 1.9
Total Area		= 784.00
Most Negative Slack	= -46.90
Nodes = 400. Try = 342. Resub = 3. Div = 16671. SAT calls = 1163. Timeouts = 0. MaxDivs = 1.
Attempts :   Remove      3 out of    681 (  0.44 %)   Resub       0 out of    134 (  0.00 %)   
Reduction:   Nodes       3 out of    400 (  0.75 %)   Edges       7 out of    800 (  0.88 %)   
Win =     0.00 sec (  0.87 %)
Div =     0.00 sec (  2.99 %)
Aig =     0.00 sec (  2.97 %)
Gia =     0.00 sec (  0.00 %)
Cnf =     0.00 sec (  0.54 %)
Sat =     0.06 sec ( 58.93 %)
Int =     0.00 sec (  1.20 %)
ALL =     0.11 sec (100.00 %)
round 2

0%   10   20   30   40   50   60   70   80   90   100%
|----|----|----|----|----|----|----|----|----|----|
seed = 1566911449 patience = 0
***************************************************
best node n230 best error 0
time = 662971334
cla32_2_0
area = 759
delay = 29.8
write_blif appntk/cla32_2_0_759_29.8.blif
sis -x -c "read_library data/genlib/mcnc.genlib;read_blif appntk/cla32_2_0_759_29.8.blif;print_map_stats" | grep -e "Most Negative Slack" -e "Total Area"
"appntk/cla32_2_0_759_29.8.blif", line 14: .and_gate_delay 1.9
Total Area		= 759.00
Most Negative Slack	= -46.30
Nodes = 390. Try = 337. Resub = 1. Div = 16092. SAT calls = 1186. Timeouts = 0. MaxDivs = 1.
Attempts :   Remove      0 out of    673 (  0.00 %)   Resub       1 out of    137 (  0.73 %)   
Reduction:   Nodes       9 out of    390 (  2.31 %)   Edges      18 out of    780 (  2.31 %)   
Win =     0.00 sec (  0.85 %)
Div =     0.00 sec (  3.02 %)
Aig =     0.00 sec (  2.95 %)
Gia =     0.00 sec (  0.00 %)
Cnf =     0.00 sec (  0.54 %)
Sat =     0.06 sec ( 58.68 %)
Int =     0.00 sec (  0.59 %)
ALL =     0.11 sec (100.00 %)
round 3

0%   10   20   30   40   50   60   70   80   90   100%
|----|----|----|----|----|----|----|----|----|----|
seed = 1566911658 patience = 0
***************************************************
best node n445 best error 1.95312e-05
time = 850051793
cla32_3_1.95312e-05
area = 735
delay = 28.5
write_blif appntk/cla32_3_1.95312e-05_735_28.5.blif
sis -x -c "read_library data/genlib/mcnc.genlib;read_blif appntk/cla32_3_1.95312e-05_735_28.5.blif;print_map_stats" | grep -e "Most Negative Slack" -e "Total Area"
"appntk/cla32_3_1.95312e-05_735_28.5.blif", line 14: .and_gate_delay 1.9
Total Area		= 735.00
Most Negative Slack	= -43.50
Nodes = 375. Try = 321. Resub = 1. Div = 14678. SAT calls = 1071. Timeouts = 0. MaxDivs = 1.
Attempts :   Remove      0 out of    642 (  0.00 %)   Resub       1 out of    126 (  0.79 %)   
Reduction:   Nodes       1 out of    375 (  0.27 %)   Edges       2 out of    750 (  0.27 %)   
Win =     0.00 sec (  0.86 %)
Div =     0.00 sec (  2.95 %)
Aig =     0.00 sec (  2.95 %)
Gia =     0.00 sec (  0.00 %)
Cnf =     0.00 sec (  0.57 %)
Sat =     0.06 sec ( 57.03 %)
Int =     0.00 sec (  0.63 %)
ALL =     0.10 sec (100.00 %)
round 4

0%   10   20   30   40   50   60   70   80   90   100%
|----|----|----|----|----|----|----|----|----|----|
seed = 1566911846 patience = 0
***************************************************
best node n414 best error 5.85937e-05
time = 1028717232
cla32_4_5.85937e-05
area = 736
delay = 27.9
write_blif appntk/cla32_4_5.85937e-05_736_27.9.blif
sis -x -c "read_library data/genlib/mcnc.genlib;read_blif appntk/cla32_4_5.85937e-05_736_27.9.blif;print_map_stats" | grep -e "Most Negative Slack" -e "Total Area"
"appntk/cla32_4_5.85937e-05_736_27.9.blif", line 14: .and_gate_delay 1.9
Total Area		= 736.00
Most Negative Slack	= -42.90
Nodes = 371. Try = 318. Resub = 1. Div = 14295. SAT calls = 1044. Timeouts = 0. MaxDivs = 0.
Attempts :   Remove      0 out of    635 (  0.00 %)   Resub       1 out of    117 (  0.85 %)   
Reduction:   Nodes       1 out of    371 (  0.27 %)   Edges       2 out of    742 (  0.27 %)   
Win =     0.00 sec (  0.84 %)
Div =     0.00 sec (  2.85 %)
Aig =     0.00 sec (  2.88 %)
Gia =     0.00 sec (  0.00 %)
Cnf =     0.00 sec (  0.55 %)
Sat =     0.06 sec ( 57.13 %)
Int =     0.00 sec (  0.70 %)
ALL =     0.10 sec (100.00 %)
round 5

0%   10   20   30   40   50   60   70   80   90   100%
|----|----|----|----|----|----|----|----|----|----|
seed = 1566912025 patience = 0
***************************************************
time = 1198325081
cla32_5_5.85937e-05
area = 735
delay = 27.6
write_blif appntk/cla32_5_5.85937e-05_735_27.6.blif
sis -x -c "read_library data/genlib/mcnc.genlib;read_blif appntk/cla32_5_5.85937e-05_735_27.6.blif;print_map_stats" | grep -e "Most Negative Slack" -e "Total Area"
"appntk/cla32_5_5.85937e-05_735_27.6.blif", line 14: .and_gate_delay 1.9
Total Area		= 735.00
Most Negative Slack	= -42.70
Nodes = 369. Try = 315. Resub = 0. Div = 14077. SAT calls = 1026. Timeouts = 0. MaxDivs = 0.
Attempts :   Remove      0 out of    630 (  0.00 %)   Resub       0 out of    115 (  0.00 %)   
Reduction:   Nodes       0 out of    369 (  0.00 %)   Edges       0 out of    738 (  0.00 %)   
Win =     0.00 sec (  0.91 %)
Div =     0.00 sec (  3.18 %)
Aig =     0.00 sec (  2.79 %)
Gia =     0.00 sec (  0.00 %)
Cnf =     0.00 sec (  0.60 %)
Sat =     0.04 sec ( 58.89 %)
Int =     0.00 sec (  0.00 %)
ALL =     0.07 sec (100.00 %)
round 6

0%   10   20   30   40   50   60   70   80   90   100%
|----|----|----|----|----|----|----|----|----|----|
seed = 1566912194 patience = 1
***************************************************
best node n409 best error 8.78906e-05
time = 1362291560
cla32_6_8.78906e-05
area = 727
delay = 27.7
write_blif appntk/cla32_6_8.78906e-05_727_27.7.blif
sis -x -c "read_library data/genlib/mcnc.genlib;read_blif appntk/cla32_6_8.78906e-05_727_27.7.blif;print_map_stats" | grep -e "Most Negative Slack" -e "Total Area"
"appntk/cla32_6_8.78906e-05_727_27.7.blif", line 14: .and_gate_delay 1.9
Total Area		= 727.00
Most Negative Slack	= -42.50
Nodes = 365. Try = 312. Resub = 0. Div = 13987. SAT calls = 1011. Timeouts = 0. MaxDivs = 0.
Attempts :   Remove      0 out of    624 (  0.00 %)   Resub       0 out of    112 (  0.00 %)   
Reduction:   Nodes       0 out of    365 (  0.00 %)   Edges       0 out of    730 (  0.00 %)   
Win =     0.00 sec (  0.85 %)
Div =     0.00 sec (  2.96 %)
Aig =     0.00 sec (  2.99 %)
Gia =     0.00 sec (  0.00 %)
Cnf =     0.00 sec (  0.56 %)
Sat =     0.05 sec ( 56.37 %)
Int =     0.00 sec (  0.00 %)
ALL =     0.09 sec (100.00 %)
round 7

0%   10   20   30   40   50   60   70   80   90   100%
|----|----|----|----|----|----|----|----|----|----|
seed = 1566912358 patience = 0
***************************************************
best node n388 best error 8.78906e-05
time = 1525390444
cla32_7_8.78906e-05
area = 723
delay = 27.7
write_blif appntk/cla32_7_8.78906e-05_723_27.7.blif
sis -x -c "read_library data/genlib/mcnc.genlib;read_blif appntk/cla32_7_8.78906e-05_723_27.7.blif;print_map_stats" | grep -e "Most Negative Slack" -e "Total Area"
"appntk/cla32_7_8.78906e-05_723_27.7.blif", line 14: .and_gate_delay 1.9
Total Area		= 723.00
Most Negative Slack	= -42.50
Nodes = 364. Try = 311. Resub = 0. Div = 13945. SAT calls = 1013. Timeouts = 0. MaxDivs = 0.
Attempts :   Remove      0 out of    622 (  0.00 %)   Resub       0 out of    111 (  0.00 %)   
Reduction:   Nodes       0 out of    364 (  0.00 %)   Edges       0 out of    728 (  0.00 %)   
Win =     0.00 sec (  0.88 %)
Div =     0.00 sec (  3.04 %)
Aig =     0.00 sec (  3.02 %)
Gia =     0.00 sec (  0.00 %)
Cnf =     0.00 sec (  0.59 %)
Sat =     0.05 sec ( 56.26 %)
Int =     0.00 sec (  0.00 %)
ALL =     0.09 sec (100.00 %)
round 8

0%   10   20   30   40   50   60   70   80   90   100%
|----|----|----|----|----|----|----|----|----|----|
seed = 1566912522 patience = 0
***************************************************
best node n434 best error 8.78906e-05
time = 1692449266
cla32_8_8.78906e-05
area = 725
delay = 28.7
write_blif appntk/cla32_8_8.78906e-05_725_28.7.blif
sis -x -c "read_library data/genlib/mcnc.genlib;read_blif appntk/cla32_8_8.78906e-05_725_28.7.blif;print_map_stats" | grep -e "Most Negative Slack" -e "Total Area"
"appntk/cla32_8_8.78906e-05_725_28.7.blif", line 14: .and_gate_delay 1.9
Total Area		= 725.00
Most Negative Slack	= -45.10
Nodes = 362. Try = 315. Resub = 4. Div = 14890. SAT calls = 1013. Timeouts = 0. MaxDivs = 0.
Attempts :   Remove      1 out of    626 (  0.16 %)   Resub       3 out of    113 (  2.65 %)   
Reduction:   Nodes       3 out of    362 (  0.83 %)   Edges       7 out of    724 (  0.97 %)   
Win =     0.00 sec (  0.87 %)
Div =     0.00 sec (  3.06 %)
Aig =     0.00 sec (  3.00 %)
Gia =     0.00 sec (  0.00 %)
Cnf =     0.00 sec (  0.57 %)
Sat =     0.05 sec ( 55.38 %)
Int =     0.00 sec (  2.08 %)
ALL =     0.09 sec (100.00 %)
round 9

0%   10   20   30   40   50   60   70   80   90   100%
|----|----|----|----|----|----|----|----|----|----|
seed = 1566912689 patience = 0
***************************************************
best node n202 best error 8.78906e-05
time = 1823087109
cla32_9_8.78906e-05
area = 714
delay = 29.5
write_blif appntk/cla32_9_8.78906e-05_714_29.5.blif
sis -x -c "read_library data/genlib/mcnc.genlib;read_blif appntk/cla32_9_8.78906e-05_714_29.5.blif;print_map_stats" | grep -e "Most Negative Slack" -e "Total Area"
"appntk/cla32_9_8.78906e-05_714_29.5.blif", line 14: .and_gate_delay 1.9
Total Area		= 714.00
Most Negative Slack	= -47.30
Nodes = 355. Try = 293. Resub = 0. Div = 11333. SAT calls = 882. Timeouts = 0. MaxDivs = 0.
Attempts :   Remove      0 out of    586 (  0.00 %)   Resub       0 out of     93 (  0.00 %)   
Reduction:   Nodes       0 out of    355 (  0.00 %)   Edges       0 out of    710 (  0.00 %)   
Win =     0.00 sec (  0.93 %)
Div =     0.00 sec (  3.11 %)
Aig =     0.00 sec (  2.83 %)
Gia =     0.00 sec (  0.00 %)
Cnf =     0.00 sec (  0.63 %)
Sat =     0.03 sec ( 53.33 %)
Int =     0.00 sec (  0.00 %)
ALL =     0.06 sec (100.00 %)
round 10

0%   10   20   30   40   50   60   70   80   90   100%
|----|----|----|----|----|----|----|----|----|----|
seed = 1566912820 patience = 0
***************************************************
best node n250 best error 8.78906e-05
time = 1978822051
cla32_10_8.78906e-05
area = 709
delay = 29.5
write_blif appntk/cla32_10_8.78906e-05_709_29.5.blif
sis -x -c "read_library data/genlib/mcnc.genlib;read_blif appntk/cla32_10_8.78906e-05_709_29.5.blif;print_map_stats" | grep -e "Most Negative Slack" -e "Total Area"
"appntk/cla32_10_8.78906e-05_709_29.5.blif", line 14: .and_gate_delay 1.9
Total Area		= 709.00
Most Negative Slack	= -47.70
Nodes = 351. Try = 292. Resub = 1. Div = 11456. SAT calls = 892. Timeouts = 0. MaxDivs = 0.
Attempts :   Remove      0 out of    583 (  0.00 %)   Resub       1 out of     95 (  1.05 %)   
Reduction:   Nodes       1 out of    351 (  0.28 %)   Edges       2 out of    702 (  0.28 %)   
Win =     0.00 sec (  0.86 %)
Div =     0.00 sec (  2.92 %)
Aig =     0.00 sec (  2.99 %)
Gia =     0.00 sec (  0.00 %)
Cnf =     0.00 sec (  0.58 %)
Sat =     0.04 sec ( 52.22 %)
Int =     0.00 sec (  0.83 %)
ALL =     0.08 sec (100.00 %)
round 11

0%   10   20   30   40   50   60   70   80   90   100%
|----|----|----|----|----|----|----|----|----|----|
seed = 1566912976 patience = 0
***************************************************
best node n300 best error 8.78906e-05
time = 2126527301
cla32_11_8.78906e-05
area = 698
delay = 27.4
write_blif appntk/cla32_11_8.78906e-05_698_27.4.blif
sis -x -c "read_library data/genlib/mcnc.genlib;read_blif appntk/cla32_11_8.78906e-05_698_27.4.blif;print_map_stats" | grep -e "Most Negative Slack" -e "Total Area"
"appntk/cla32_11_8.78906e-05_698_27.4.blif", line 14: .and_gate_delay 1.9
Total Area		= 698.00
Most Negative Slack	= -43.90
Nodes = 346. Try = 287. Resub = 0. Div = 11101. SAT calls = 874. Timeouts = 0. MaxDivs = 0.
Attempts :   Remove      0 out of    574 (  0.00 %)   Resub       0 out of     94 (  0.00 %)   
Reduction:   Nodes       0 out of    346 (  0.00 %)   Edges       0 out of    692 (  0.00 %)   
Win =     0.00 sec (  0.97 %)
Div =     0.00 sec (  3.22 %)
Aig =     0.00 sec (  2.86 %)
Gia =     0.00 sec (  0.00 %)
Cnf =     0.00 sec (  0.66 %)
Sat =     0.03 sec ( 54.62 %)
Int =     0.00 sec (  0.00 %)
ALL =     0.05 sec (100.00 %)
round 12

0%   10   20   30   40   50   60   70   80   90   100%
|----|----|----|----|----|----|----|----|----|----|
seed = 1566913123 patience = 0
***************************************************
time = 2255176278
cla32_12_8.78906e-05
area = 698
delay = 27.4
write_blif appntk/cla32_12_8.78906e-05_698_27.4.blif
sis -x -c "read_library data/genlib/mcnc.genlib;read_blif appntk/cla32_12_8.78906e-05_698_27.4.blif;print_map_stats" | grep -e "Most Negative Slack" -e "Total Area"
"appntk/cla32_12_8.78906e-05_698_27.4.blif", line 14: .and_gate_delay 1.9
Total Area		= 698.00
Most Negative Slack	= -43.90
Nodes = 346. Try = 287. Resub = 0. Div = 11101. SAT calls = 873. Timeouts = 0. MaxDivs = 0.
Attempts :   Remove      0 out of    574 (  0.00 %)   Resub       0 out of     94 (  0.00 %)   
Reduction:   Nodes       0 out of    346 (  0.00 %)   Edges       0 out of    692 (  0.00 %)   
Win =     0.00 sec (  0.95 %)
Div =     0.00 sec (  3.20 %)
Aig =     0.00 sec (  2.88 %)
Gia =     0.00 sec (  0.00 %)
Cnf =     0.00 sec (  0.63 %)
Sat =     0.03 sec ( 53.78 %)
Int =     0.00 sec (  0.00 %)
ALL =     0.06 sec (100.00 %)
round 13

0%   10   20   30   40   50   60   70   80   90   100%
|----|----|----|----|----|----|----|----|----|----|
seed = 1566913252 patience = 1
***************************************************
time = 2387166304
cla32_13_8.78906e-05
area = 698
delay = 27.4
write_blif appntk/cla32_13_8.78906e-05_698_27.4.blif
sis -x -c "read_library data/genlib/mcnc.genlib;read_blif appntk/cla32_13_8.78906e-05_698_27.4.blif;print_map_stats" | grep -e "Most Negative Slack" -e "Total Area"
"appntk/cla32_13_8.78906e-05_698_27.4.blif", line 14: .and_gate_delay 1.9
Total Area		= 698.00
Most Negative Slack	= -43.90
Nodes = 346. Try = 287. Resub = 0. Div = 11101. SAT calls = 876. Timeouts = 0. MaxDivs = 0.
Attempts :   Remove      0 out of    574 (  0.00 %)   Resub       0 out of     94 (  0.00 %)   
Reduction:   Nodes       0 out of    346 (  0.00 %)   Edges       0 out of    692 (  0.00 %)   
Win =     0.00 sec (  0.90 %)
Div =     0.00 sec (  2.96 %)
Aig =     0.00 sec (  3.05 %)
Gia =     0.00 sec (  0.00 %)
Cnf =     0.00 sec (  0.59 %)
Sat =     0.04 sec ( 51.91 %)
Int =     0.00 sec (  0.00 %)
ALL =     0.07 sec (100.00 %)
round 14

0%   10   20   30   40   50   60   70   80   90   100%
|----|----|----|----|----|----|----|----|----|----|
seed = 1566913384 patience = 2
***************************************************
time = 2515897616
cla32_14_8.78906e-05
area = 698
delay = 27.4
write_blif appntk/cla32_14_8.78906e-05_698_27.4.blif
sis -x -c "read_library data/genlib/mcnc.genlib;read_blif appntk/cla32_14_8.78906e-05_698_27.4.blif;print_map_stats" | grep -e "Most Negative Slack" -e "Total Area"
"appntk/cla32_14_8.78906e-05_698_27.4.blif", line 14: .and_gate_delay 1.9
Total Area		= 698.00
Most Negative Slack	= -43.90
Nodes = 346. Try = 287. Resub = 0. Div = 11101. SAT calls = 873. Timeouts = 0. MaxDivs = 0.
Attempts :   Remove      0 out of    574 (  0.00 %)   Resub       0 out of     94 (  0.00 %)   
Reduction:   Nodes       0 out of    346 (  0.00 %)   Edges       0 out of    692 (  0.00 %)   
Win =     0.00 sec (  0.94 %)
Div =     0.00 sec (  3.11 %)
Aig =     0.00 sec (  2.86 %)
Gia =     0.00 sec (  0.00 %)
Cnf =     0.00 sec (  0.62 %)
Sat =     0.03 sec ( 52.82 %)
Int =     0.00 sec (  0.00 %)
ALL =     0.06 sec (100.00 %)
round 15

0%   10   20   30   40   50   60   70   80   90   100%
|----|----|----|----|----|----|----|----|----|----|
seed = 1566913513 patience = 3
***************************************************
time = 2657659369
cla32_15_8.78906e-05
area = 698
delay = 27.4
write_blif appntk/cla32_15_8.78906e-05_698_27.4.blif
sis -x -c "read_library data/genlib/mcnc.genlib;read_blif appntk/cla32_15_8.78906e-05_698_27.4.blif;print_map_stats" | grep -e "Most Negative Slack" -e "Total Area"
"appntk/cla32_15_8.78906e-05_698_27.4.blif", line 14: .and_gate_delay 1.9
Total Area		= 698.00
Most Negative Slack	= -43.90
Nodes = 346. Try = 287. Resub = 0. Div = 11101. SAT calls = 876. Timeouts = 0. MaxDivs = 0.
Attempts :   Remove      0 out of    574 (  0.00 %)   Resub       0 out of     94 (  0.00 %)   
Reduction:   Nodes       0 out of    346 (  0.00 %)   Edges       0 out of    692 (  0.00 %)   
Win =     0.00 sec (  0.93 %)
Div =     0.00 sec (  3.03 %)
Aig =     0.00 sec (  2.92 %)
Gia =     0.00 sec (  0.00 %)
Cnf =     0.00 sec (  0.66 %)
Sat =     0.03 sec ( 52.93 %)
Int =     0.00 sec (  0.00 %)
ALL =     0.06 sec (100.00 %)
round 16

0%   10   20   30   40   50   60   70   80   90   100%
|----|----|----|----|----|----|----|----|----|----|
seed = 1566913655 patience = 4
***************************************************
Network does not change, frame number changes to 4096
time = 2789642197
cla32_16_8.78906e-05
area = 698
delay = 27.4
write_blif appntk/cla32_16_8.78906e-05_698_27.4.blif
sis -x -c "read_library data/genlib/mcnc.genlib;read_blif appntk/cla32_16_8.78906e-05_698_27.4.blif;print_map_stats" | grep -e "Most Negative Slack" -e "Total Area"
"appntk/cla32_16_8.78906e-05_698_27.4.blif", line 14: .and_gate_delay 1.9
Total Area		= 698.00
Most Negative Slack	= -43.90
Nodes = 346. Try = 287. Resub = 0. Div = 11101. SAT calls = 873. Timeouts = 0. MaxDivs = 0.
Attempts :   Remove      0 out of    574 (  0.00 %)   Resub       0 out of     94 (  0.00 %)   
Reduction:   Nodes       0 out of    346 (  0.00 %)   Edges       0 out of    692 (  0.00 %)   
Win =     0.00 sec (  0.95 %)
Div =     0.00 sec (  3.19 %)
Aig =     0.00 sec (  2.85 %)
Gia =     0.00 sec (  0.00 %)
Cnf =     0.00 sec (  0.65 %)
Sat =     0.03 sec ( 54.29 %)
Int =     0.00 sec (  0.00 %)
ALL =     0.05 sec (100.00 %)
round 17

0%   10   20   30   40   50   60   70   80   90   100%
|----|----|----|----|----|----|----|----|----|----|
seed = 1566913787 patience = 0
***************************************************
time = 2848170498
cla32_17_8.78906e-05
area = 698
delay = 27.4
write_blif appntk/cla32_17_8.78906e-05_698_27.4.blif
sis -x -c "read_library data/genlib/mcnc.genlib;read_blif appntk/cla32_17_8.78906e-05_698_27.4.blif;print_map_stats" | grep -e "Most Negative Slack" -e "Total Area"
"appntk/cla32_17_8.78906e-05_698_27.4.blif", line 14: .and_gate_delay 1.9
Total Area		= 698.00
Most Negative Slack	= -43.90
Nodes = 346. Try = 287. Resub = 0. Div = 11101. SAT calls = 876. Timeouts = 0. MaxDivs = 0.
Attempts :   Remove      0 out of    574 (  0.00 %)   Resub       0 out of     94 (  0.00 %)   
Reduction:   Nodes       0 out of    346 (  0.00 %)   Edges       0 out of    692 (  0.00 %)   
Win =     0.00 sec (  0.94 %)
Div =     0.00 sec (  3.12 %)
Aig =     0.00 sec (  2.89 %)
Gia =     0.00 sec (  0.00 %)
Cnf =     0.00 sec (  0.63 %)
Sat =     0.03 sec ( 54.51 %)
Int =     0.00 sec (  0.00 %)
ALL =     0.05 sec (100.00 %)
round 18

0%   10   20   30   40   50   60   70   80   90   100%
|----|----|----|----|----|----|----|----|----|----|
seed = 1566913846 patience = 1
***************************************************
time = 2913819924
cla32_18_8.78906e-05
area = 698
delay = 27.4
write_blif appntk/cla32_18_8.78906e-05_698_27.4.blif
sis -x -c "read_library data/genlib/mcnc.genlib;read_blif appntk/cla32_18_8.78906e-05_698_27.4.blif;print_map_stats" | grep -e "Most Negative Slack" -e "Total Area"
"appntk/cla32_18_8.78906e-05_698_27.4.blif", line 14: .and_gate_delay 1.9
Total Area		= 698.00
Most Negative Slack	= -43.90
Nodes = 346. Try = 287. Resub = 0. Div = 11101. SAT calls = 873. Timeouts = 0. MaxDivs = 0.
Attempts :   Remove      0 out of    574 (  0.00 %)   Resub       0 out of     94 (  0.00 %)   
Reduction:   Nodes       0 out of    346 (  0.00 %)   Edges       0 out of    692 (  0.00 %)   
Win =     0.00 sec (  0.90 %)
Div =     0.00 sec (  2.93 %)
Aig =     0.00 sec (  3.04 %)
Gia =     0.00 sec (  0.00 %)
Cnf =     0.00 sec (  0.58 %)
Sat =     0.04 sec ( 51.98 %)
Int =     0.00 sec (  0.00 %)
ALL =     0.07 sec (100.00 %)
round 19

0%   10   20   30   40   50   60   70   80   90   100%
|----|----|----|----|----|----|----|----|----|----|
seed = 1566913911 patience = 2
***************************************************
time = 2972249458
cla32_19_8.78906e-05
area = 698
delay = 27.4
write_blif appntk/cla32_19_8.78906e-05_698_27.4.blif
sis -x -c "read_library data/genlib/mcnc.genlib;read_blif appntk/cla32_19_8.78906e-05_698_27.4.blif;print_map_stats" | grep -e "Most Negative Slack" -e "Total Area"
"appntk/cla32_19_8.78906e-05_698_27.4.blif", line 14: .and_gate_delay 1.9
Total Area		= 698.00
Most Negative Slack	= -43.90
Nodes = 346. Try = 287. Resub = 0. Div = 11101. SAT calls = 876. Timeouts = 0. MaxDivs = 0.
Attempts :   Remove      0 out of    574 (  0.00 %)   Resub       0 out of     94 (  0.00 %)   
Reduction:   Nodes       0 out of    346 (  0.00 %)   Edges       0 out of    692 (  0.00 %)   
Win =     0.00 sec (  0.92 %)
Div =     0.00 sec (  3.09 %)
Aig =     0.00 sec (  2.95 %)
Gia =     0.00 sec (  0.00 %)
Cnf =     0.00 sec (  0.63 %)
Sat =     0.03 sec ( 54.01 %)
Int =     0.00 sec (  0.00 %)
ALL =     0.05 sec (100.00 %)
round 20

0%   10   20   30   40   50   60   70   80   90   100%
|----|----|----|----|----|----|----|----|----|----|
seed = 1566913970 patience = 3
***************************************************
time = 3036363523
cla32_20_8.78906e-05
area = 698
delay = 27.4
write_blif appntk/cla32_20_8.78906e-05_698_27.4.blif
sis -x -c "read_library data/genlib/mcnc.genlib;read_blif appntk/cla32_20_8.78906e-05_698_27.4.blif;print_map_stats" | grep -e "Most Negative Slack" -e "Total Area"
"appntk/cla32_20_8.78906e-05_698_27.4.blif", line 14: .and_gate_delay 1.9
Total Area		= 698.00
Most Negative Slack	= -43.90
Nodes = 346. Try = 287. Resub = 0. Div = 11101. SAT calls = 873. Timeouts = 0. MaxDivs = 0.
Attempts :   Remove      0 out of    574 (  0.00 %)   Resub       0 out of     94 (  0.00 %)   
Reduction:   Nodes       0 out of    346 (  0.00 %)   Edges       0 out of    692 (  0.00 %)   
Win =     0.00 sec (  0.91 %)
Div =     0.00 sec (  2.92 %)
Aig =     0.00 sec (  3.04 %)
Gia =     0.00 sec (  0.00 %)
Cnf =     0.00 sec (  0.64 %)
Sat =     0.04 sec ( 52.07 %)
Int =     0.00 sec (  0.00 %)
ALL =     0.07 sec (100.00 %)
round 21

0%   10   20   30   40   50   60   70   80   90   100%
|----|----|----|----|----|----|----|----|----|----|
seed = 1566914034 patience = 4
***************************************************
Network does not change, frame number changes to 2048
time = 3102238309
cla32_21_8.78906e-05
area = 698
delay = 27.4
write_blif appntk/cla32_21_8.78906e-05_698_27.4.blif
sis -x -c "read_library data/genlib/mcnc.genlib;read_blif appntk/cla32_21_8.78906e-05_698_27.4.blif;print_map_stats" | grep -e "Most Negative Slack" -e "Total Area"
"appntk/cla32_21_8.78906e-05_698_27.4.blif", line 14: .and_gate_delay 1.9
Total Area		= 698.00
Most Negative Slack	= -43.90
Nodes = 346. Try = 287. Resub = 0. Div = 11101. SAT calls = 876. Timeouts = 0. MaxDivs = 0.
Attempts :   Remove      0 out of    574 (  0.00 %)   Resub       0 out of     94 (  0.00 %)   
Reduction:   Nodes       0 out of    346 (  0.00 %)   Edges       0 out of    692 (  0.00 %)   
Win =     0.00 sec (  0.91 %)
Div =     0.00 sec (  2.93 %)
Aig =     0.00 sec (  3.03 %)
Gia =     0.00 sec (  0.00 %)
Cnf =     0.00 sec (  0.62 %)
Sat =     0.04 sec ( 52.42 %)
Int =     0.00 sec (  0.00 %)
ALL =     0.07 sec (100.00 %)
round 22

0%   10   20   30   40   50   60   70   80   90   100%
|----|----|----|----|----|----|----|----|----|----|
seed = 1566914100 patience = 0
***************************************************
best node n370 best error 0.00015625
time = 3130796699
cla32_22_0.00015625
area = 696
delay = 27.4
write_blif appntk/cla32_22_0.00015625_696_27.4.blif
sis -x -c "read_library data/genlib/mcnc.genlib;read_blif appntk/cla32_22_0.00015625_696_27.4.blif;print_map_stats" | grep -e "Most Negative Slack" -e "Total Area"
"appntk/cla32_22_0.00015625_696_27.4.blif", line 14: .and_gate_delay 1.9
Total Area		= 696.00
Most Negative Slack	= -43.90
Nodes = 344. Try = 285. Resub = 0. Div = 10788. SAT calls = 884. Timeouts = 0. MaxDivs = 0.
Attempts :   Remove      0 out of    570 (  0.00 %)   Resub       0 out of     95 (  0.00 %)   
Reduction:   Nodes       0 out of    344 (  0.00 %)   Edges       0 out of    688 (  0.00 %)   
Win =     0.00 sec (  0.90 %)
Div =     0.00 sec (  2.92 %)
Aig =     0.00 sec (  3.08 %)
Gia =     0.00 sec (  0.00 %)
Cnf =     0.00 sec (  0.58 %)
Sat =     0.04 sec ( 51.79 %)
Int =     0.00 sec (  0.00 %)
ALL =     0.07 sec (100.00 %)
round 23

0%   10   20   30   40   50   60   70   80   90   100%
|----|----|----|----|----|----|----|----|----|----|
seed = 1566914128 patience = 0
***************************************************
best node n369 best error 0.000449219
time = 3161967412
cla32_23_0.000449219
area = 686
delay = 27.4
write_blif appntk/cla32_23_0.000449219_686_27.4.blif
sis -x -c "read_library data/genlib/mcnc.genlib;read_blif appntk/cla32_23_0.000449219_686_27.4.blif;print_map_stats" | grep -e "Most Negative Slack" -e "Total Area"
"appntk/cla32_23_0.000449219_686_27.4.blif", line 14: .and_gate_delay 1.9
Total Area		= 686.00
Most Negative Slack	= -43.90
Nodes = 338. Try = 280. Resub = 1. Div = 10514. SAT calls = 849. Timeouts = 0. MaxDivs = 0.
Attempts :   Remove      0 out of    560 (  0.00 %)   Resub       1 out of     92 (  1.09 %)   
Reduction:   Nodes       1 out of    338 (  0.30 %)   Edges       2 out of    676 (  0.30 %)   
Win =     0.00 sec (  0.96 %)
Div =     0.00 sec (  2.92 %)
Aig =     0.00 sec (  2.99 %)
Gia =     0.00 sec (  0.00 %)
Cnf =     0.00 sec (  0.64 %)
Sat =     0.04 sec ( 50.49 %)
Int =     0.00 sec (  0.89 %)
ALL =     0.07 sec (100.00 %)
round 24

0%   10   20   30   40   50   60   70   80   90   100%
|----|----|----|----|----|----|----|----|----|----|
seed = 1566914160 patience = 0
***************************************************
best node n166 best error 0.000449219
time = 3190745990
cla32_24_0.000449219
area = 683
delay = 27
write_blif appntk/cla32_24_0.000449219_683_27.blif
sis -x -c "read_library data/genlib/mcnc.genlib;read_blif appntk/cla32_24_0.000449219_683_27.blif;print_map_stats" | grep -e "Most Negative Slack" -e "Total Area"
"appntk/cla32_24_0.000449219_683_27.blif", line 14: .and_gate_delay 1.9
Total Area		= 683.00
Most Negative Slack	= -41.60
Nodes = 336. Try = 277. Resub = 0. Div = 10250. SAT calls = 830. Timeouts = 0. MaxDivs = 0.
Attempts :   Remove      0 out of    554 (  0.00 %)   Resub       0 out of     89 (  0.00 %)   
Reduction:   Nodes       0 out of    336 (  0.00 %)   Edges       0 out of    672 (  0.00 %)   
Win =     0.00 sec (  0.95 %)
Div =     0.00 sec (  3.16 %)
Aig =     0.00 sec (  2.89 %)
Gia =     0.00 sec (  0.00 %)
Cnf =     0.00 sec (  0.66 %)
Sat =     0.03 sec ( 52.70 %)
Int =     0.00 sec (  0.00 %)
ALL =     0.05 sec (100.00 %)
round 25

0%   10   20   30   40   50   60   70   80   90   100%
|----|----|----|----|----|----|----|----|----|----|
seed = 1566914188 patience = 0
***************************************************
best node n341 best error 0.000449219
time = 3215971552
cla32_25_0.000449219
area = 683
delay = 28.6
write_blif appntk/cla32_25_0.000449219_683_28.6.blif
sis -x -c "read_library data/genlib/mcnc.genlib;read_blif appntk/cla32_25_0.000449219_683_28.6.blif;print_map_stats" | grep -e "Most Negative Slack" -e "Total Area"
"appntk/cla32_25_0.000449219_683_28.6.blif", line 14: .and_gate_delay 1.9
Total Area		= 683.00
Most Negative Slack	= -44.10
Nodes = 334. Try = 276. Resub = 1. Div = 10206. SAT calls = 814. Timeouts = 0. MaxDivs = 0.
Attempts :   Remove      0 out of    552 (  0.00 %)   Resub       1 out of     89 (  1.12 %)   
Reduction:   Nodes       1 out of    334 (  0.30 %)   Edges       2 out of    668 (  0.30 %)   
Win =     0.00 sec (  0.97 %)
Div =     0.00 sec (  3.12 %)
Aig =     0.00 sec (  2.84 %)
Gia =     0.00 sec (  0.00 %)
Cnf =     0.00 sec (  0.66 %)
Sat =     0.03 sec ( 51.34 %)
Int =     0.00 sec (  0.75 %)
ALL =     0.05 sec (100.00 %)
round 26

0%   10   20   30   40   50   60   70   80   90   100%
|----|----|----|----|----|----|----|----|----|----|
seed = 1566914214 patience = 0
***************************************************
best node n333 best error 0.000449219
time = 3241756018
cla32_26_0.000449219
area = 683
delay = 30
write_blif appntk/cla32_26_0.000449219_683_30.blif
sis -x -c "read_library data/genlib/mcnc.genlib;read_blif appntk/cla32_26_0.000449219_683_30.blif;print_map_stats" | grep -e "Most Negative Slack" -e "Total Area"
"appntk/cla32_26_0.000449219_683_30.blif", line 14: .and_gate_delay 1.9
Total Area		= 683.00
Most Negative Slack	= -45.90
Nodes = 331. Try = 269. Resub = 0. Div = 9436. SAT calls = 793. Timeouts = 0. MaxDivs = 0.
Attempts :   Remove      0 out of    538 (  0.00 %)   Resub       0 out of     87 (  0.00 %)   
Reduction:   Nodes       0 out of    331 (  0.00 %)   Edges       0 out of    662 (  0.00 %)   
Win =     0.00 sec (  0.96 %)
Div =     0.00 sec (  3.09 %)
Aig =     0.00 sec (  2.83 %)
Gia =     0.00 sec (  0.00 %)
Cnf =     0.00 sec (  0.65 %)
Sat =     0.02 sec ( 50.95 %)
Int =     0.00 sec (  0.00 %)
ALL =     0.05 sec (100.00 %)
round 27

0%   10   20   30   40   50   60   70   80   90   100%
|----|----|----|----|----|----|----|----|----|----|
seed = 1566914239 patience = 0
***************************************************
best node n364 best error 0.000449219
time = 3267101486
cla32_27_0.000449219
area = 683
delay = 29.5
write_blif appntk/cla32_27_0.000449219_683_29.5.blif
sis -x -c "read_library data/genlib/mcnc.genlib;read_blif appntk/cla32_27_0.000449219_683_29.5.blif;print_map_stats" | grep -e "Most Negative Slack" -e "Total Area"
"appntk/cla32_27_0.000449219_683_29.5.blif", line 14: .and_gate_delay 1.9
Total Area		= 683.00
Most Negative Slack	= -44.10
Nodes = 330. Try = 274. Resub = 1. Div = 9949. SAT calls = 827. Timeouts = 0. MaxDivs = 0.
Attempts :   Remove      0 out of    547 (  0.00 %)   Resub       1 out of     92 (  1.09 %)   
Reduction:   Nodes       2 out of    330 (  0.61 %)   Edges       4 out of    660 (  0.61 %)   
Win =     0.00 sec (  0.95 %)
Div =     0.00 sec (  3.02 %)
Aig =     0.00 sec (  2.79 %)
Gia =     0.00 sec (  0.00 %)
Cnf =     0.00 sec (  0.61 %)
Sat =     0.03 sec ( 51.31 %)
Int =     0.00 sec (  0.85 %)
ALL =     0.05 sec (100.00 %)
round 28

0%   10   20   30   40   50   60   70   80   90   100%
|----|----|----|----|----|----|----|----|----|----|
seed = 1566914265 patience = 0
***************************************************
best node n381 best error 0.000449219
time = 3298249343
cla32_28_0.000449219
area = 664
delay = 29
write_blif appntk/cla32_28_0.000449219_664_29.blif
sis -x -c "read_library data/genlib/mcnc.genlib;read_blif appntk/cla32_28_0.000449219_664_29.blif;print_map_stats" | grep -e "Most Negative Slack" -e "Total Area"
"appntk/cla32_28_0.000449219_664_29.blif", line 14: .and_gate_delay 1.9
Total Area		= 664.00
Most Negative Slack	= -45.20
Nodes = 323. Try = 262. Resub = 0. Div = 9145. SAT calls = 797. Timeouts = 0. MaxDivs = 0.
Attempts :   Remove      0 out of    524 (  0.00 %)   Resub       0 out of     88 (  0.00 %)   
Reduction:   Nodes       0 out of    323 (  0.00 %)   Edges       0 out of    646 (  0.00 %)   
Win =     0.00 sec (  0.95 %)
Div =     0.00 sec (  2.84 %)
Aig =     0.00 sec (  3.00 %)
Gia =     0.00 sec (  0.00 %)
Cnf =     0.00 sec (  0.61 %)
Sat =     0.03 sec ( 49.63 %)
Int =     0.00 sec (  0.00 %)
ALL =     0.06 sec (100.00 %)
round 29

0%   10   20   30   40   50   60   70   80   90   100%
|----|----|----|----|----|----|----|----|----|----|
seed = 1566914296 patience = 0
***************************************************
best node n372 best error 0.000449219
time = 3330166598
cla32_29_0.000449219
area = 670
delay = 32.5
write_blif appntk/cla32_29_0.000449219_670_32.5.blif
sis -x -c "read_library data/genlib/mcnc.genlib;read_blif appntk/cla32_29_0.000449219_670_32.5.blif;print_map_stats" | grep -e "Most Negative Slack" -e "Total Area"
"appntk/cla32_29_0.000449219_670_32.5.blif", line 14: .and_gate_delay 1.9
Total Area		= 670.00
Most Negative Slack	= -49.30
Nodes = 322. Try = 260. Resub = 1. Div = 9178. SAT calls = 789. Timeouts = 0. MaxDivs = 0.
Attempts :   Remove      0 out of    519 (  0.00 %)   Resub       1 out of     86 (  1.16 %)   
Reduction:   Nodes       7 out of    322 (  2.17 %)   Edges      14 out of    644 (  2.17 %)   
Win =     0.00 sec (  0.97 %)
Div =     0.00 sec (  3.01 %)
Aig =     0.00 sec (  2.84 %)
Gia =     0.00 sec (  0.00 %)
Cnf =     0.00 sec (  0.66 %)
Sat =     0.02 sec ( 51.25 %)
Int =     0.00 sec (  1.01 %)
ALL =     0.05 sec (100.00 %)
round 30

0%   10   20   30   40   50   60   70   80   90   100%
|----|----|----|----|----|----|----|----|----|----|
seed = 1566914328 patience = 0
***************************************************
best node n319 best error 0.000449219
time = 3355585030
cla32_30_0.000449219
area = 642
delay = 28.7
write_blif appntk/cla32_30_0.000449219_642_28.7.blif
sis -x -c "read_library data/genlib/mcnc.genlib;read_blif appntk/cla32_30_0.000449219_642_28.7.blif;print_map_stats" | grep -e "Most Negative Slack" -e "Total Area"
"appntk/cla32_30_0.000449219_642_28.7.blif", line 14: .and_gate_delay 1.9
Total Area		= 642.00
Most Negative Slack	= -43.90
Nodes = 313. Try = 250. Resub = 0. Div = 8836. SAT calls = 729. Timeouts = 0. MaxDivs = 0.
Attempts :   Remove      0 out of    500 (  0.00 %)   Resub       0 out of     80 (  0.00 %)   
Reduction:   Nodes       0 out of    313 (  0.00 %)   Edges       0 out of    626 (  0.00 %)   
Win =     0.00 sec (  0.94 %)
Div =     0.00 sec (  2.94 %)
Aig =     0.00 sec (  2.98 %)
Gia =     0.00 sec (  0.00 %)
Cnf =     0.00 sec (  0.63 %)
Sat =     0.03 sec ( 48.99 %)
Int =     0.00 sec (  0.00 %)
ALL =     0.06 sec (100.00 %)
round 31

0%   10   20   30   40   50   60   70   80   90   100%
|----|----|----|----|----|----|----|----|----|----|
seed = 1566914354 patience = 0
***************************************************
best node n338 best error 0.000947266
time = 3382762210
cla32_31_0.000947266
area = 637
delay = 32.1
write_blif appntk/cla32_31_0.000947266_637_32.1.blif
sis -x -c "read_library data/genlib/mcnc.genlib;read_blif appntk/cla32_31_0.000947266_637_32.1.blif;print_map_stats" | grep -e "Most Negative Slack" -e "Total Area"
"appntk/cla32_31_0.000947266_637_32.1.blif", line 14: .and_gate_delay 1.9
Total Area		= 637.00
Most Negative Slack	= -48.20
Nodes = 307. Try = 241. Resub = 0. Div = 7441. SAT calls = 683. Timeouts = 0. MaxDivs = 0.
Attempts :   Remove      0 out of    482 (  0.00 %)   Resub       0 out of     79 (  0.00 %)   
Reduction:   Nodes       0 out of    307 (  0.00 %)   Edges       0 out of    614 (  0.00 %)   
Win =     0.00 sec (  0.94 %)
Div =     0.00 sec (  2.96 %)
Aig =     0.00 sec (  2.70 %)
Gia =     0.00 sec (  0.00 %)
Cnf =     0.00 sec (  0.61 %)
Sat =     0.02 sec ( 48.88 %)
Int =     0.00 sec (  0.00 %)
ALL =     0.04 sec (100.00 %)
round 32

0%   10   20   30   40   50   60   70   80   90   100%
|----|----|----|----|----|----|----|----|----|----|
seed = 1566914381 patience = 0
***************************************************
time = 3404250254
cla32_32_0.000947266
area = 635
delay = 32.1
write_blif appntk/cla32_32_0.000947266_635_32.1.blif
sis -x -c "read_library data/genlib/mcnc.genlib;read_blif appntk/cla32_32_0.000947266_635_32.1.blif;print_map_stats" | grep -e "Most Negative Slack" -e "Total Area"
"appntk/cla32_32_0.000947266_635_32.1.blif", line 14: .and_gate_delay 1.9
Total Area		= 635.00
Most Negative Slack	= -48.20
Nodes = 307. Try = 241. Resub = 0. Div = 7441. SAT calls = 683. Timeouts = 0. MaxDivs = 0.
Attempts :   Remove      0 out of    482 (  0.00 %)   Resub       0 out of     79 (  0.00 %)   
Reduction:   Nodes       0 out of    307 (  0.00 %)   Edges       0 out of    614 (  0.00 %)   
Win =     0.00 sec (  0.98 %)
Div =     0.00 sec (  2.93 %)
Aig =     0.00 sec (  2.78 %)
Gia =     0.00 sec (  0.00 %)
Cnf =     0.00 sec (  0.62 %)
Sat =     0.02 sec ( 48.76 %)
Int =     0.00 sec (  0.00 %)
ALL =     0.04 sec (100.00 %)
round 33

0%   10   20   30   40   50   60   70   80   90   100%
|----|----|----|----|----|----|----|----|----|----|
seed = 1566914402 patience = 1
***************************************************
time = 3425807951
cla32_33_0.000947266
area = 637
delay = 32.1
write_blif appntk/cla32_33_0.000947266_637_32.1.blif
sis -x -c "read_library data/genlib/mcnc.genlib;read_blif appntk/cla32_33_0.000947266_637_32.1.blif;print_map_stats" | grep -e "Most Negative Slack" -e "Total Area"
"appntk/cla32_33_0.000947266_637_32.1.blif", line 14: .and_gate_delay 1.9
Total Area		= 637.00
Most Negative Slack	= -48.20
Nodes = 307. Try = 241. Resub = 0. Div = 7441. SAT calls = 683. Timeouts = 0. MaxDivs = 0.
Attempts :   Remove      0 out of    482 (  0.00 %)   Resub       0 out of     79 (  0.00 %)   
Reduction:   Nodes       0 out of    307 (  0.00 %)   Edges       0 out of    614 (  0.00 %)   
Win =     0.00 sec (  0.99 %)
Div =     0.00 sec (  2.86 %)
Aig =     0.00 sec (  2.74 %)
Gia =     0.00 sec (  0.00 %)
Cnf =     0.00 sec (  0.67 %)
Sat =     0.02 sec ( 48.83 %)
Int =     0.00 sec (  0.00 %)
ALL =     0.04 sec (100.00 %)
round 34

0%   10   20   30   40   50   60   70   80   90   100%
|----|----|----|----|----|----|----|----|----|----|
seed = 1566914424 patience = 2
***************************************************
time = 3452016183
cla32_34_0.000947266
area = 635
delay = 32.1
write_blif appntk/cla32_34_0.000947266_635_32.1.blif
sis -x -c "read_library data/genlib/mcnc.genlib;read_blif appntk/cla32_34_0.000947266_635_32.1.blif;print_map_stats" | grep -e "Most Negative Slack" -e "Total Area"
"appntk/cla32_34_0.000947266_635_32.1.blif", line 14: .and_gate_delay 1.9
Total Area		= 635.00
Most Negative Slack	= -48.20
Nodes = 307. Try = 241. Resub = 0. Div = 7441. SAT calls = 683. Timeouts = 0. MaxDivs = 0.
Attempts :   Remove      0 out of    482 (  0.00 %)   Resub       0 out of     79 (  0.00 %)   
Reduction:   Nodes       0 out of    307 (  0.00 %)   Edges       0 out of    614 (  0.00 %)   
Win =     0.00 sec (  0.90 %)
Div =     0.00 sec (  2.71 %)
Aig =     0.00 sec (  2.91 %)
Gia =     0.00 sec (  0.00 %)
Cnf =     0.00 sec (  0.62 %)
Sat =     0.03 sec ( 46.78 %)
Int =     0.00 sec (  0.00 %)
ALL =     0.05 sec (100.00 %)
round 35

0%   10   20   30   40   50   60   70   80   90   100%
|----|----|----|----|----|----|----|----|----|----|
seed = 1566914450 patience = 3
***************************************************
time = 3475785457
cla32_35_0.000947266
area = 637
delay = 32.1
write_blif appntk/cla32_35_0.000947266_637_32.1.blif
sis -x -c "read_library data/genlib/mcnc.genlib;read_blif appntk/cla32_35_0.000947266_637_32.1.blif;print_map_stats" | grep -e "Most Negative Slack" -e "Total Area"
"appntk/cla32_35_0.000947266_637_32.1.blif", line 14: .and_gate_delay 1.9
Total Area		= 637.00
Most Negative Slack	= -48.20
Nodes = 307. Try = 241. Resub = 0. Div = 7441. SAT calls = 683. Timeouts = 0. MaxDivs = 0.
Attempts :   Remove      0 out of    482 (  0.00 %)   Resub       0 out of     79 (  0.00 %)   
Reduction:   Nodes       0 out of    307 (  0.00 %)   Edges       0 out of    614 (  0.00 %)   
Win =     0.00 sec (  0.92 %)
Div =     0.00 sec (  2.69 %)
Aig =     0.00 sec (  3.02 %)
Gia =     0.00 sec (  0.00 %)
Cnf =     0.00 sec (  0.63 %)
Sat =     0.03 sec ( 47.35 %)
Int =     0.00 sec (  0.00 %)
ALL =     0.05 sec (100.00 %)
round 36

0%   10   20   30   40   50   60   70   80   90   100%
|----|----|----|----|----|----|----|----|----|----|
seed = 1566914474 patience = 4
***************************************************
Network does not change, frame number changes to 1024
time = 3497305252
cla32_36_0.000947266
area = 635
delay = 32.1
write_blif appntk/cla32_36_0.000947266_635_32.1.blif
sis -x -c "read_library data/genlib/mcnc.genlib;read_blif appntk/cla32_36_0.000947266_635_32.1.blif;print_map_stats" | grep -e "Most Negative Slack" -e "Total Area"
"appntk/cla32_36_0.000947266_635_32.1.blif", line 14: .and_gate_delay 1.9
Total Area		= 635.00
Most Negative Slack	= -48.20
Nodes = 307. Try = 241. Resub = 0. Div = 7441. SAT calls = 683. Timeouts = 0. MaxDivs = 0.
Attempts :   Remove      0 out of    482 (  0.00 %)   Resub       0 out of     79 (  0.00 %)   
Reduction:   Nodes       0 out of    307 (  0.00 %)   Edges       0 out of    614 (  0.00 %)   
Win =     0.00 sec (  0.96 %)
Div =     0.00 sec (  2.88 %)
Aig =     0.00 sec (  2.85 %)
Gia =     0.00 sec (  0.00 %)
Cnf =     0.00 sec (  0.62 %)
Sat =     0.02 sec ( 49.21 %)
Int =     0.00 sec (  0.00 %)
ALL =     0.04 sec (100.00 %)
round 37

0%   10   20   30   40   50   60   70   80   90   100%
|----|----|----|----|----|----|----|----|----|----|
seed = 1566914495 patience = 0
***************************************************
best node n323 best error 0.00200195
time = 3509019929
cla32_37_0.00200195
area = 637
delay = 31.7
write_blif appntk/cla32_37_0.00200195_637_31.7.blif
sis -x -c "read_library data/genlib/mcnc.genlib;read_blif appntk/cla32_37_0.00200195_637_31.7.blif;print_map_stats" | grep -e "Most Negative Slack" -e "Total Area"
"appntk/cla32_37_0.00200195_637_31.7.blif", line 14: .and_gate_delay 1.9
Total Area		= 637.00
Most Negative Slack	= -48.40
Nodes = 302. Try = 235. Resub = 0. Div = 6702. SAT calls = 666. Timeouts = 0. MaxDivs = 0.
Attempts :   Remove      0 out of    470 (  0.00 %)   Resub       0 out of     73 (  0.00 %)   
Reduction:   Nodes       0 out of    302 (  0.00 %)   Edges       0 out of    604 (  0.00 %)   
Win =     0.00 sec (  0.90 %)
Div =     0.00 sec (  2.51 %)
Aig =     0.00 sec (  2.81 %)
Gia =     0.00 sec (  0.00 %)
Cnf =     0.00 sec (  0.61 %)
Sat =     0.02 sec ( 44.23 %)
Int =     0.00 sec (  0.00 %)
ALL =     0.05 sec (100.00 %)
round 38

0%   10   20   30   40   50   60   70   80   90   100%
|----|----|----|----|----|----|----|----|----|----|
seed = 1566914507 patience = 0
***************************************************
time = 3519804138
cla32_38_0.00200195
area = 633
delay = 31.8
write_blif appntk/cla32_38_0.00200195_633_31.8.blif
sis -x -c "read_library data/genlib/mcnc.genlib;read_blif appntk/cla32_38_0.00200195_633_31.8.blif;print_map_stats" | grep -e "Most Negative Slack" -e "Total Area"
"appntk/cla32_38_0.00200195_633_31.8.blif", line 14: .and_gate_delay 1.9
Total Area		= 633.00
Most Negative Slack	= -47.70
Nodes = 302. Try = 235. Resub = 0. Div = 6702. SAT calls = 666. Timeouts = 0. MaxDivs = 0.
Attempts :   Remove      0 out of    470 (  0.00 %)   Resub       0 out of     73 (  0.00 %)   
Reduction:   Nodes       0 out of    302 (  0.00 %)   Edges       0 out of    604 (  0.00 %)   
Win =     0.00 sec (  0.95 %)
Div =     0.00 sec (  2.75 %)
Aig =     0.00 sec (  2.73 %)
Gia =     0.00 sec (  0.00 %)
Cnf =     0.00 sec (  0.64 %)
Sat =     0.02 sec ( 47.10 %)
Int =     0.00 sec (  0.00 %)
ALL =     0.04 sec (100.00 %)
round 39

0%   10   20   30   40   50   60   70   80   90   100%
|----|----|----|----|----|----|----|----|----|----|
seed = 1566914518 patience = 1
***************************************************
time = 3530557545
cla32_39_0.00200195
area = 635
delay = 31.8
write_blif appntk/cla32_39_0.00200195_635_31.8.blif
sis -x -c "read_library data/genlib/mcnc.genlib;read_blif appntk/cla32_39_0.00200195_635_31.8.blif;print_map_stats" | grep -e "Most Negative Slack" -e "Total Area"
"appntk/cla32_39_0.00200195_635_31.8.blif", line 14: .and_gate_delay 1.9
Total Area		= 635.00
Most Negative Slack	= -47.70
Nodes = 302. Try = 235. Resub = 0. Div = 6702. SAT calls = 663. Timeouts = 0. MaxDivs = 0.
Attempts :   Remove      0 out of    470 (  0.00 %)   Resub       0 out of     73 (  0.00 %)   
Reduction:   Nodes       0 out of    302 (  0.00 %)   Edges       0 out of    604 (  0.00 %)   
Win =     0.00 sec (  0.89 %)
Div =     0.00 sec (  2.56 %)
Aig =     0.00 sec (  2.83 %)
Gia =     0.00 sec (  0.00 %)
Cnf =     0.00 sec (  0.62 %)
Sat =     0.02 sec ( 44.61 %)
Int =     0.00 sec (  0.00 %)
ALL =     0.05 sec (100.00 %)
round 40

0%   10   20   30   40   50   60   70   80   90   100%
|----|----|----|----|----|----|----|----|----|----|
seed = 1566914529 patience = 2
***************************************************
time = 3541356236
cla32_40_0.00200195
area = 633
delay = 31.8
write_blif appntk/cla32_40_0.00200195_633_31.8.blif
sis -x -c "read_library data/genlib/mcnc.genlib;read_blif appntk/cla32_40_0.00200195_633_31.8.blif;print_map_stats" | grep -e "Most Negative Slack" -e "Total Area"
"appntk/cla32_40_0.00200195_633_31.8.blif", line 14: .and_gate_delay 1.9
Total Area		= 633.00
Most Negative Slack	= -47.70
Nodes = 302. Try = 235. Resub = 0. Div = 6702. SAT calls = 666. Timeouts = 0. MaxDivs = 0.
Attempts :   Remove      0 out of    470 (  0.00 %)   Resub       0 out of     73 (  0.00 %)   
Reduction:   Nodes       0 out of    302 (  0.00 %)   Edges       0 out of    604 (  0.00 %)   
Win =     0.00 sec (  0.98 %)
Div =     0.00 sec (  2.88 %)
Aig =     0.00 sec (  2.77 %)
Gia =     0.00 sec (  0.00 %)
Cnf =     0.00 sec (  0.67 %)
Sat =     0.02 sec ( 47.89 %)
Int =     0.00 sec (  0.00 %)
ALL =     0.04 sec (100.00 %)
round 41

0%   10   20   30   40   50   60   70   80   90   100%
|----|----|----|----|----|----|----|----|----|----|
seed = 1566914539 patience = 3
***************************************************
time = 3552186001
cla32_41_0.00200195
area = 635
delay = 31.8
write_blif appntk/cla32_41_0.00200195_635_31.8.blif
sis -x -c "read_library data/genlib/mcnc.genlib;read_blif appntk/cla32_41_0.00200195_635_31.8.blif;print_map_stats" | grep -e "Most Negative Slack" -e "Total Area"
"appntk/cla32_41_0.00200195_635_31.8.blif", line 14: .and_gate_delay 1.9
Total Area		= 635.00
Most Negative Slack	= -47.70
Nodes = 302. Try = 235. Resub = 0. Div = 6702. SAT calls = 663. Timeouts = 0. MaxDivs = 0.
Attempts :   Remove      0 out of    470 (  0.00 %)   Resub       0 out of     73 (  0.00 %)   
Reduction:   Nodes       0 out of    302 (  0.00 %)   Edges       0 out of    604 (  0.00 %)   
Win =     0.00 sec (  0.94 %)
Div =     0.00 sec (  2.72 %)
Aig =     0.00 sec (  2.76 %)
Gia =     0.00 sec (  0.00 %)
Cnf =     0.00 sec (  0.64 %)
Sat =     0.02 sec ( 47.03 %)
Int =     0.00 sec (  0.00 %)
ALL =     0.04 sec (100.00 %)
round 42

0%   10   20   30   40   50   60   70   80   90   100%
|----|----|----|----|----|----|----|----|----|----|
seed = 1566914550 patience = 4
***************************************************
Network does not change, frame number changes to 512
time = 3562998930
cla32_42_0.00200195
area = 633
delay = 31.8
write_blif appntk/cla32_42_0.00200195_633_31.8.blif
sis -x -c "read_library data/genlib/mcnc.genlib;read_blif appntk/cla32_42_0.00200195_633_31.8.blif;print_map_stats" | grep -e "Most Negative Slack" -e "Total Area"
"appntk/cla32_42_0.00200195_633_31.8.blif", line 14: .and_gate_delay 1.9
Total Area		= 633.00
Most Negative Slack	= -47.70
Nodes = 302. Try = 235. Resub = 0. Div = 6702. SAT calls = 666. Timeouts = 0. MaxDivs = 0.
Attempts :   Remove      0 out of    470 (  0.00 %)   Resub       0 out of     73 (  0.00 %)   
Reduction:   Nodes       0 out of    302 (  0.00 %)   Edges       0 out of    604 (  0.00 %)   
Win =     0.00 sec (  0.96 %)
Div =     0.00 sec (  2.83 %)
Aig =     0.00 sec (  2.71 %)
Gia =     0.00 sec (  0.00 %)
Cnf =     0.00 sec (  0.63 %)
Sat =     0.02 sec ( 47.37 %)
Int =     0.00 sec (  0.00 %)
ALL =     0.04 sec (100.00 %)
round 43

0%   10   20   30   40   50   60   70   80   90   100%
|----|----|----|----|----|----|----|----|----|----|
seed = 1566914561 patience = 0
***************************************************
best node n313 best error 0.00402344
time = 3569126732
cla32_43_0.00402344
area = 619
delay = 33.7
write_blif appntk/cla32_43_0.00402344_619_33.7.blif
sis -x -c "read_library data/genlib/mcnc.genlib;read_blif appntk/cla32_43_0.00402344_619_33.7.blif;print_map_stats" | grep -e "Most Negative Slack" -e "Total Area"
"appntk/cla32_43_0.00402344_619_33.7.blif", line 14: .and_gate_delay 1.9
Total Area		= 619.00
Most Negative Slack	= -51.20
Nodes = 299. Try = 234. Resub = 1. Div = 6583. SAT calls = 654. Timeouts = 0. MaxDivs = 0.
Attempts :   Remove      1 out of    467 (  0.21 %)   Resub       0 out of     72 (  0.00 %)   
Reduction:   Nodes       1 out of    299 (  0.33 %)   Edges       3 out of    598 (  0.50 %)   
Win =     0.00 sec (  0.92 %)
Div =     0.00 sec (  2.72 %)
Aig =     0.00 sec (  2.66 %)
Gia =     0.00 sec (  0.00 %)
Cnf =     0.00 sec (  0.64 %)
Sat =     0.02 sec ( 46.11 %)
Int =     0.00 sec (  0.97 %)
ALL =     0.04 sec (100.00 %)
round 44

0%   10   20   30   40   50   60   70   80   90   100%
|----|----|----|----|----|----|----|----|----|----|
seed = 1566914567 patience = 0
***************************************************
best node n287 best error 0.00402344
time = 3575079593
cla32_44_0.00402344
area = 615
delay = 33.1
write_blif appntk/cla32_44_0.00402344_615_33.1.blif
sis -x -c "read_library data/genlib/mcnc.genlib;read_blif appntk/cla32_44_0.00402344_615_33.1.blif;print_map_stats" | grep -e "Most Negative Slack" -e "Total Area"
"appntk/cla32_44_0.00402344_615_33.1.blif", line 14: .and_gate_delay 1.9
Total Area		= 615.00
Most Negative Slack	= -51.30
Nodes = 296. Try = 231. Resub = 0. Div = 6441. SAT calls = 654. Timeouts = 0. MaxDivs = 0.
Attempts :   Remove      0 out of    462 (  0.00 %)   Resub       0 out of     72 (  0.00 %)   
Reduction:   Nodes       0 out of    296 (  0.00 %)   Edges       0 out of    592 (  0.00 %)   
Win =     0.00 sec (  0.91 %)
Div =     0.00 sec (  2.67 %)
Aig =     0.00 sec (  2.80 %)
Gia =     0.00 sec (  0.00 %)
Cnf =     0.00 sec (  0.64 %)
Sat =     0.02 sec ( 45.71 %)
Int =     0.00 sec (  0.00 %)
ALL =     0.04 sec (100.00 %)
round 45

0%   10   20   30   40   50   60   70   80   90   100%
|----|----|----|----|----|----|----|----|----|----|
seed = 1566914573 patience = 0
***************************************************
best node n286 best error 0.00402344
time = 3580950931
cla32_45_0.00402344
area = 614
delay = 34
write_blif appntk/cla32_45_0.00402344_614_34.blif
sis -x -c "read_library data/genlib/mcnc.genlib;read_blif appntk/cla32_45_0.00402344_614_34.blif;print_map_stats" | grep -e "Most Negative Slack" -e "Total Area"
"appntk/cla32_45_0.00402344_614_34.blif", line 14: .and_gate_delay 1.9
Total Area		= 614.00
Most Negative Slack	= -52.50
Nodes = 295. Try = 231. Resub = 0. Div = 6452. SAT calls = 661. Timeouts = 0. MaxDivs = 0.
Attempts :   Remove      0 out of    462 (  0.00 %)   Resub       0 out of     72 (  0.00 %)   
Reduction:   Nodes       0 out of    295 (  0.00 %)   Edges       0 out of    590 (  0.00 %)   
Win =     0.00 sec (  0.95 %)
Div =     0.00 sec (  2.72 %)
Aig =     0.00 sec (  2.64 %)
Gia =     0.00 sec (  0.00 %)
Cnf =     0.00 sec (  0.63 %)
Sat =     0.02 sec ( 47.26 %)
Int =     0.00 sec (  0.00 %)
ALL =     0.04 sec (100.00 %)
round 46

0%   10   20   30   40   50   60   70   80   90   100%
|----|----|----|----|----|----|----|----|----|----|
seed = 1566914579 patience = 0
***************************************************
best node n265 best error 0.00414062
time = 3586710591
cla32_46_0.00414062
area = 614
delay = 33.3
write_blif appntk/cla32_46_0.00414062_614_33.3.blif
sis -x -c "read_library data/genlib/mcnc.genlib;read_blif appntk/cla32_46_0.00414062_614_33.3.blif;print_map_stats" | grep -e "Most Negative Slack" -e "Total Area"
"appntk/cla32_46_0.00414062_614_33.3.blif", line 14: .and_gate_delay 1.9
Total Area		= 614.00
Most Negative Slack	= -50.30
Nodes = 293. Try = 230. Resub = 0. Div = 6421. SAT calls = 650. Timeouts = 0. MaxDivs = 0.
Attempts :   Remove      0 out of    460 (  0.00 %)   Resub       0 out of     72 (  0.00 %)   
Reduction:   Nodes       0 out of    293 (  0.00 %)   Edges       0 out of    586 (  0.00 %)   
Win =     0.00 sec (  0.88 %)
Div =     0.00 sec (  2.56 %)
Aig =     0.00 sec (  2.84 %)
Gia =     0.00 sec (  0.00 %)
Cnf =     0.00 sec (  0.61 %)
Sat =     0.02 sec ( 45.32 %)
Int =     0.00 sec (  0.00 %)
ALL =     0.05 sec (100.00 %)
round 47

0%   10   20   30   40   50   60   70   80   90   100%
|----|----|----|----|----|----|----|----|----|----|
seed = 1566914585 patience = 0
***************************************************
best node n260 best error 0.00414062
time = 3592971766
cla32_47_0.00414062
area = 605
delay = 33.2
write_blif appntk/cla32_47_0.00414062_605_33.2.blif
sis -x -c "read_library data/genlib/mcnc.genlib;read_blif appntk/cla32_47_0.00414062_605_33.2.blif;print_map_stats" | grep -e "Most Negative Slack" -e "Total Area"
"appntk/cla32_47_0.00414062_605_33.2.blif", line 14: .and_gate_delay 1.9
Total Area		= 605.00
Most Negative Slack	= -50.40
Nodes = 289. Try = 226. Resub = 0. Div = 6301. SAT calls = 637. Timeouts = 0. MaxDivs = 0.
Attempts :   Remove      0 out of    452 (  0.00 %)   Resub       0 out of     71 (  0.00 %)   
Reduction:   Nodes       0 out of    289 (  0.00 %)   Edges       0 out of    578 (  0.00 %)   
Win =     0.00 sec (  0.91 %)
Div =     0.00 sec (  2.80 %)
Aig =     0.00 sec (  2.71 %)
Gia =     0.00 sec (  0.00 %)
Cnf =     0.00 sec (  0.67 %)
Sat =     0.02 sec ( 46.71 %)
Int =     0.00 sec (  0.00 %)
ALL =     0.04 sec (100.00 %)
round 48

0%   10   20   30   40   50   60   70   80   90   100%
|----|----|----|----|----|----|----|----|----|----|
seed = 1566914591 patience = 0
***************************************************
best node n235 best error 0.00414062
time = 3598532604
cla32_48_0.00414062
area = 601
delay = 33.2
write_blif appntk/cla32_48_0.00414062_601_33.2.blif
sis -x -c "read_library data/genlib/mcnc.genlib;read_blif appntk/cla32_48_0.00414062_601_33.2.blif;print_map_stats" | grep -e "Most Negative Slack" -e "Total Area"
"appntk/cla32_48_0.00414062_601_33.2.blif", line 14: .and_gate_delay 1.9
Total Area		= 601.00
Most Negative Slack	= -50.40
Nodes = 288. Try = 225. Resub = 0. Div = 6290. SAT calls = 637. Timeouts = 0. MaxDivs = 0.
Attempts :   Remove      0 out of    450 (  0.00 %)   Resub       0 out of     71 (  0.00 %)   
Reduction:   Nodes       0 out of    288 (  0.00 %)   Edges       0 out of    576 (  0.00 %)   
Win =     0.00 sec (  0.88 %)
Div =     0.00 sec (  2.59 %)
Aig =     0.00 sec (  2.84 %)
Gia =     0.00 sec (  0.00 %)
Cnf =     0.00 sec (  0.61 %)
Sat =     0.02 sec ( 45.26 %)
Int =     0.00 sec (  0.00 %)
ALL =     0.05 sec (100.00 %)
round 49

0%   10   20   30   40   50   60   70   80   90   100%
|----|----|----|----|----|----|----|----|----|----|
seed = 1566914597 patience = 0
***************************************************
time = 3603995482
cla32_49_0.00414062
area = 603
delay = 33.2
write_blif appntk/cla32_49_0.00414062_603_33.2.blif
sis -x -c "read_library data/genlib/mcnc.genlib;read_blif appntk/cla32_49_0.00414062_603_33.2.blif;print_map_stats" | grep -e "Most Negative Slack" -e "Total Area"
"appntk/cla32_49_0.00414062_603_33.2.blif", line 14: .and_gate_delay 1.9
Total Area		= 603.00
Most Negative Slack	= -50.40
Nodes = 288. Try = 225. Resub = 0. Div = 6290. SAT calls = 635. Timeouts = 0. MaxDivs = 0.
Attempts :   Remove      0 out of    450 (  0.00 %)   Resub       0 out of     71 (  0.00 %)   
Reduction:   Nodes       0 out of    288 (  0.00 %)   Edges       0 out of    576 (  0.00 %)   
Win =     0.00 sec (  0.95 %)
Div =     0.00 sec (  2.72 %)
Aig =     0.00 sec (  2.67 %)
Gia =     0.00 sec (  0.00 %)
Cnf =     0.00 sec (  0.62 %)
Sat =     0.02 sec ( 46.39 %)
Int =     0.00 sec (  0.00 %)
ALL =     0.04 sec (100.00 %)
round 50

0%   10   20   30   40   50   60   70   80   90   100%
|----|----|----|----|----|----|----|----|----|----|
seed = 1566914602 patience = 1
***************************************************
time = 3609397149
cla32_50_0.00414062
area = 601
delay = 33.2
write_blif appntk/cla32_50_0.00414062_601_33.2.blif
sis -x -c "read_library data/genlib/mcnc.genlib;read_blif appntk/cla32_50_0.00414062_601_33.2.blif;print_map_stats" | grep -e "Most Negative Slack" -e "Total Area"
"appntk/cla32_50_0.00414062_601_33.2.blif", line 14: .and_gate_delay 1.9
Total Area		= 601.00
Most Negative Slack	= -50.40
Nodes = 288. Try = 225. Resub = 0. Div = 6290. SAT calls = 637. Timeouts = 0. MaxDivs = 0.
Attempts :   Remove      0 out of    450 (  0.00 %)   Resub       0 out of     71 (  0.00 %)   
Reduction:   Nodes       0 out of    288 (  0.00 %)   Edges       0 out of    576 (  0.00 %)   
Win =     0.00 sec (  0.86 %)
Div =     0.00 sec (  2.53 %)
Aig =     0.00 sec (  2.80 %)
Gia =     0.00 sec (  0.00 %)
Cnf =     0.00 sec (  0.61 %)
Sat =     0.02 sec ( 44.37 %)
Int =     0.00 sec (  0.00 %)
ALL =     0.05 sec (100.00 %)
round 51

0%   10   20   30   40   50   60   70   80   90   100%
|----|----|----|----|----|----|----|----|----|----|
seed = 1566914608 patience = 2
***************************************************
best node n205 best error 0.00790039
time = 3615003926
cla32_51_0.00790039
area = 599
delay = 33.2
write_blif appntk/cla32_51_0.00790039_599_33.2.blif
sis -x -c "read_library data/genlib/mcnc.genlib;read_blif appntk/cla32_51_0.00790039_599_33.2.blif;print_map_stats" | grep -e "Most Negative Slack" -e "Total Area"
"appntk/cla32_51_0.00790039_599_33.2.blif", line 14: .and_gate_delay 1.9
Total Area		= 599.00
Most Negative Slack	= -50.40
Nodes = 285. Try = 220. Resub = 1. Div = 5905. SAT calls = 614. Timeouts = 0. MaxDivs = 0.
Attempts :   Remove      0 out of    439 (  0.00 %)   Resub       1 out of     67 (  1.49 %)   
Reduction:   Nodes       4 out of    285 (  1.40 %)   Edges       8 out of    570 (  1.40 %)   
Win =     0.00 sec (  0.88 %)
Div =     0.00 sec (  2.48 %)
Aig =     0.00 sec (  2.78 %)
Gia =     0.00 sec (  0.00 %)
Cnf =     0.00 sec (  0.60 %)
Sat =     0.02 sec ( 43.96 %)
Int =     0.00 sec (  1.26 %)
ALL =     0.05 sec (100.00 %)
round 52

0%   10   20   30   40   50   60   70   80   90   100%
|----|----|----|----|----|----|----|----|----|----|
seed = 1566914613 patience = 0
***************************************************
best node n382 best error 0.00790039
time = 3620579610
cla32_52_0.00790039
area = 569
delay = 29
write_blif appntk/cla32_52_0.00790039_569_29.blif
sis -x -c "read_library data/genlib/mcnc.genlib;read_blif appntk/cla32_52_0.00790039_569_29.blif;print_map_stats" | grep -e "Most Negative Slack" -e "Total Area"
"appntk/cla32_52_0.00790039_569_29.blif", line 14: .and_gate_delay 1.9
Total Area		= 569.00
Most Negative Slack	= -45.50
Nodes = 274. Try = 207. Resub = 0. Div = 5595. SAT calls = 560. Timeouts = 0. MaxDivs = 0.
Attempts :   Remove      0 out of    414 (  0.00 %)   Resub       0 out of     60 (  0.00 %)   
Reduction:   Nodes       0 out of    274 (  0.00 %)   Edges       0 out of    548 (  0.00 %)   
Win =     0.00 sec (  0.92 %)
Div =     0.00 sec (  2.74 %)
Aig =     0.00 sec (  2.65 %)
Gia =     0.00 sec (  0.00 %)
Cnf =     0.00 sec (  0.67 %)
Sat =     0.01 sec ( 46.29 %)
Int =     0.00 sec (  0.00 %)
ALL =     0.03 sec (100.00 %)
round 53

0%   10   20   30   40   50   60   70   80   90   100%
|----|----|----|----|----|----|----|----|----|----|
seed = 1566914619 patience = 0
***************************************************
time = 3625651895
cla32_53_0.00790039
area = 569
delay = 29
write_blif appntk/cla32_53_0.00790039_569_29.blif
sis -x -c "read_library data/genlib/mcnc.genlib;read_blif appntk/cla32_53_0.00790039_569_29.blif;print_map_stats" | grep -e "Most Negative Slack" -e "Total Area"
"appntk/cla32_53_0.00790039_569_29.blif", line 14: .and_gate_delay 1.9
Total Area		= 569.00
Most Negative Slack	= -45.50
Nodes = 274. Try = 207. Resub = 0. Div = 5595. SAT calls = 560. Timeouts = 0. MaxDivs = 0.
Attempts :   Remove      0 out of    414 (  0.00 %)   Resub       0 out of     60 (  0.00 %)   
Reduction:   Nodes       0 out of    274 (  0.00 %)   Edges       0 out of    548 (  0.00 %)   
Win =     0.00 sec (  0.88 %)
Div =     0.00 sec (  2.80 %)
Aig =     0.00 sec (  2.69 %)
Gia =     0.00 sec (  0.00 %)
Cnf =     0.00 sec (  0.62 %)
Sat =     0.01 sec ( 46.70 %)
Int =     0.00 sec (  0.00 %)
ALL =     0.03 sec (100.00 %)
round 54

0%   10   20   30   40   50   60   70   80   90   100%
|----|----|----|----|----|----|----|----|----|----|
seed = 1566914624 patience = 1
***************************************************
time = 3630766081
cla32_54_0.00790039
area = 569
delay = 29
write_blif appntk/cla32_54_0.00790039_569_29.blif
sis -x -c "read_library data/genlib/mcnc.genlib;read_blif appntk/cla32_54_0.00790039_569_29.blif;print_map_stats" | grep -e "Most Negative Slack" -e "Total Area"
"appntk/cla32_54_0.00790039_569_29.blif", line 14: .and_gate_delay 1.9
Total Area		= 569.00
Most Negative Slack	= -45.50
Nodes = 274. Try = 207. Resub = 0. Div = 5595. SAT calls = 560. Timeouts = 0. MaxDivs = 0.
Attempts :   Remove      0 out of    414 (  0.00 %)   Resub       0 out of     60 (  0.00 %)   
Reduction:   Nodes       0 out of    274 (  0.00 %)   Edges       0 out of    548 (  0.00 %)   
Win =     0.00 sec (  0.87 %)
Div =     0.00 sec (  2.58 %)
Aig =     0.00 sec (  2.76 %)
Gia =     0.00 sec (  0.00 %)
Cnf =     0.00 sec (  0.60 %)
Sat =     0.02 sec ( 44.37 %)
Int =     0.00 sec (  0.00 %)
ALL =     0.04 sec (100.00 %)
round 55

0%   10   20   30   40   50   60   70   80   90   100%
|----|----|----|----|----|----|----|----|----|----|
seed = 1566914629 patience = 2
***************************************************
time = 3635850925
cla32_55_0.00790039
area = 569
delay = 29
write_blif appntk/cla32_55_0.00790039_569_29.blif
sis -x -c "read_library data/genlib/mcnc.genlib;read_blif appntk/cla32_55_0.00790039_569_29.blif;print_map_stats" | grep -e "Most Negative Slack" -e "Total Area"
"appntk/cla32_55_0.00790039_569_29.blif", line 14: .and_gate_delay 1.9
Total Area		= 569.00
Most Negative Slack	= -45.50
Nodes = 274. Try = 207. Resub = 0. Div = 5595. SAT calls = 560. Timeouts = 0. MaxDivs = 0.
Attempts :   Remove      0 out of    414 (  0.00 %)   Resub       0 out of     60 (  0.00 %)   
Reduction:   Nodes       0 out of    274 (  0.00 %)   Edges       0 out of    548 (  0.00 %)   
Win =     0.00 sec (  0.92 %)
Div =     0.00 sec (  2.69 %)
Aig =     0.00 sec (  2.70 %)
Gia =     0.00 sec (  0.00 %)
Cnf =     0.00 sec (  0.68 %)
Sat =     0.01 sec ( 45.44 %)
Int =     0.00 sec (  0.00 %)
ALL =     0.03 sec (100.00 %)
round 56

0%   10   20   30   40   50   60   70   80   90   100%
|----|----|----|----|----|----|----|----|----|----|
seed = 1566914634 patience = 3
***************************************************
time = 3641000047
cla32_56_0.00790039
area = 569
delay = 29
write_blif appntk/cla32_56_0.00790039_569_29.blif
sis -x -c "read_library data/genlib/mcnc.genlib;read_blif appntk/cla32_56_0.00790039_569_29.blif;print_map_stats" | grep -e "Most Negative Slack" -e "Total Area"
"appntk/cla32_56_0.00790039_569_29.blif", line 14: .and_gate_delay 1.9
Total Area		= 569.00
Most Negative Slack	= -45.50
Nodes = 274. Try = 207. Resub = 0. Div = 5595. SAT calls = 560. Timeouts = 0. MaxDivs = 0.
Attempts :   Remove      0 out of    414 (  0.00 %)   Resub       0 out of     60 (  0.00 %)   
Reduction:   Nodes       0 out of    274 (  0.00 %)   Edges       0 out of    548 (  0.00 %)   
Win =     0.00 sec (  0.89 %)
Div =     0.00 sec (  2.67 %)
Aig =     0.00 sec (  2.61 %)
Gia =     0.00 sec (  0.00 %)
Cnf =     0.00 sec (  0.76 %)
Sat =     0.01 sec ( 46.44 %)
Int =     0.00 sec (  0.00 %)
ALL =     0.03 sec (100.00 %)
round 57

0%   10   20   30   40   50   60   70   80   90   100%
|----|----|----|----|----|----|----|----|----|----|
seed = 1566914639 patience = 4
***************************************************
Network does not change, frame number changes to 256
time = 3646149156
cla32_57_0.00790039
area = 569
delay = 29
write_blif appntk/cla32_57_0.00790039_569_29.blif
sis -x -c "read_library data/genlib/mcnc.genlib;read_blif appntk/cla32_57_0.00790039_569_29.blif;print_map_stats" | grep -e "Most Negative Slack" -e "Total Area"
"appntk/cla32_57_0.00790039_569_29.blif", line 14: .and_gate_delay 1.9
Total Area		= 569.00
Most Negative Slack	= -45.50
Nodes = 274. Try = 207. Resub = 0. Div = 5595. SAT calls = 560. Timeouts = 0. MaxDivs = 0.
Attempts :   Remove      0 out of    414 (  0.00 %)   Resub       0 out of     60 (  0.00 %)   
Reduction:   Nodes       0 out of    274 (  0.00 %)   Edges       0 out of    548 (  0.00 %)   
Win =     0.00 sec (  0.94 %)
Div =     0.00 sec (  2.72 %)
Aig =     0.00 sec (  2.69 %)
Gia =     0.00 sec (  0.00 %)
Cnf =     0.00 sec (  0.64 %)
Sat =     0.01 sec ( 46.15 %)
Int =     0.00 sec (  0.00 %)
ALL =     0.03 sec (100.00 %)
round 58

0%   10   20   30   40   50   60   70   80   90   100%
|----|----|----|----|----|----|----|----|----|----|
seed = 1566914645 patience = 0
***************************************************
time = 3649047512
cla32_58_0.00790039
area = 569
delay = 29
write_blif appntk/cla32_58_0.00790039_569_29.blif
sis -x -c "read_library data/genlib/mcnc.genlib;read_blif appntk/cla32_58_0.00790039_569_29.blif;print_map_stats" | grep -e "Most Negative Slack" -e "Total Area"
"appntk/cla32_58_0.00790039_569_29.blif", line 14: .and_gate_delay 1.9
Total Area		= 569.00
Most Negative Slack	= -45.50
Nodes = 274. Try = 207. Resub = 0. Div = 5595. SAT calls = 560. Timeouts = 0. MaxDivs = 0.
Attempts :   Remove      0 out of    414 (  0.00 %)   Resub       0 out of     60 (  0.00 %)   
Reduction:   Nodes       0 out of    274 (  0.00 %)   Edges       0 out of    548 (  0.00 %)   
Win =     0.00 sec (  0.89 %)
Div =     0.00 sec (  2.48 %)
Aig =     0.00 sec (  2.80 %)
Gia =     0.00 sec (  0.00 %)
Cnf =     0.00 sec (  0.62 %)
Sat =     0.02 sec ( 43.92 %)
Int =     0.00 sec (  0.00 %)
ALL =     0.04 sec (100.00 %)
round 59

0%   10   20   30   40   50   60   70   80   90   100%
|----|----|----|----|----|----|----|----|----|----|
seed = 1566914648 patience = 1
***************************************************
best node n261 best error 0.0162207
time = 3652253207
cla32_59_0.0162207
area = 558
delay = 29.9
write_blif appntk/cla32_59_0.0162207_558_29.9.blif
sis -x -c "read_library data/genlib/mcnc.genlib;read_blif appntk/cla32_59_0.0162207_558_29.9.blif;print_map_stats" | grep -e "Most Negative Slack" -e "Total Area"
"appntk/cla32_59_0.0162207_558_29.9.blif", line 14: .and_gate_delay 1.9
Total Area		= 558.00
Most Negative Slack	= -46.10
Nodes = 272. Try = 208. Resub = 0. Div = 5400. SAT calls = 574. Timeouts = 0. MaxDivs = 0.
Attempts :   Remove      0 out of    416 (  0.00 %)   Resub       0 out of     61 (  0.00 %)   
Reduction:   Nodes       0 out of    272 (  0.00 %)   Edges       0 out of    544 (  0.00 %)   
Win =     0.00 sec (  0.90 %)
Div =     0.00 sec (  2.64 %)
Aig =     0.00 sec (  2.69 %)
Gia =     0.00 sec (  0.00 %)
Cnf =     0.00 sec (  0.62 %)
Sat =     0.01 sec ( 46.66 %)
Int =     0.00 sec (  0.00 %)
ALL =     0.03 sec (100.00 %)
round 60

0%   10   20   30   40   50   60   70   80   90   100%
|----|----|----|----|----|----|----|----|----|----|
seed = 1566914651 patience = 0
***************************************************
time = 3655044719
cla32_60_0.0162207
area = 558
delay = 29.9
write_blif appntk/cla32_60_0.0162207_558_29.9.blif
sis -x -c "read_library data/genlib/mcnc.genlib;read_blif appntk/cla32_60_0.0162207_558_29.9.blif;print_map_stats" | grep -e "Most Negative Slack" -e "Total Area"
"appntk/cla32_60_0.0162207_558_29.9.blif", line 14: .and_gate_delay 1.9
Total Area		= 558.00
Most Negative Slack	= -46.10
Nodes = 272. Try = 208. Resub = 0. Div = 5400. SAT calls = 572. Timeouts = 0. MaxDivs = 0.
Attempts :   Remove      0 out of    416 (  0.00 %)   Resub       0 out of     61 (  0.00 %)   
Reduction:   Nodes       0 out of    272 (  0.00 %)   Edges       0 out of    544 (  0.00 %)   
Win =     0.00 sec (  0.87 %)
Div =     0.00 sec (  2.46 %)
Aig =     0.00 sec (  2.76 %)
Gia =     0.00 sec (  0.00 %)
Cnf =     0.00 sec (  0.61 %)
Sat =     0.02 sec ( 43.90 %)
Int =     0.00 sec (  0.00 %)
ALL =     0.04 sec (100.00 %)
round 61

0%   10   20   30   40   50   60   70   80   90   100%
|----|----|----|----|----|----|----|----|----|----|
seed = 1566914654 patience = 1
***************************************************
time = 3657998781
cla32_61_0.0162207
area = 558
delay = 29.9
write_blif appntk/cla32_61_0.0162207_558_29.9.blif
sis -x -c "read_library data/genlib/mcnc.genlib;read_blif appntk/cla32_61_0.0162207_558_29.9.blif;print_map_stats" | grep -e "Most Negative Slack" -e "Total Area"
"appntk/cla32_61_0.0162207_558_29.9.blif", line 14: .and_gate_delay 1.9
Total Area		= 558.00
Most Negative Slack	= -46.10
Nodes = 272. Try = 208. Resub = 0. Div = 5400. SAT calls = 572. Timeouts = 0. MaxDivs = 0.
Attempts :   Remove      0 out of    416 (  0.00 %)   Resub       0 out of     61 (  0.00 %)   
Reduction:   Nodes       0 out of    272 (  0.00 %)   Edges       0 out of    544 (  0.00 %)   
Win =     0.00 sec (  0.91 %)
Div =     0.00 sec (  2.61 %)
Aig =     0.00 sec (  2.59 %)
Gia =     0.00 sec (  0.00 %)
Cnf =     0.00 sec (  0.64 %)
Sat =     0.01 sec ( 45.57 %)
Int =     0.00 sec (  0.00 %)
ALL =     0.03 sec (100.00 %)
round 62

0%   10   20   30   40   50   60   70   80   90   100%
|----|----|----|----|----|----|----|----|----|----|
seed = 1566914657 patience = 2
***************************************************
best node n276 best error 0.0201367
time = 3660999800
cla32_62_0.0201367
area = 558
delay = 29.9
write_blif appntk/cla32_62_0.0201367_558_29.9.blif
sis -x -c "read_library data/genlib/mcnc.genlib;read_blif appntk/cla32_62_0.0201367_558_29.9.blif;print_map_stats" | grep -e "Most Negative Slack" -e "Total Area"
"appntk/cla32_62_0.0201367_558_29.9.blif", line 14: .and_gate_delay 1.9
Total Area		= 558.00
Most Negative Slack	= -45.70
Nodes = 268. Try = 209. Resub = 0. Div = 5517. SAT calls = 585. Timeouts = 0. MaxDivs = 0.
Attempts :   Remove      0 out of    418 (  0.00 %)   Resub       0 out of     64 (  0.00 %)   
Reduction:   Nodes       0 out of    268 (  0.00 %)   Edges       0 out of    536 (  0.00 %)   
Win =     0.00 sec (  0.87 %)
Div =     0.00 sec (  2.44 %)
Aig =     0.00 sec (  2.75 %)
Gia =     0.00 sec (  0.00 %)
Cnf =     0.00 sec (  0.61 %)
Sat =     0.02 sec ( 44.55 %)
Int =     0.00 sec (  0.00 %)
ALL =     0.04 sec (100.00 %)
round 63

0%   10   20   30   40   50   60   70   80   90   100%
|----|----|----|----|----|----|----|----|----|----|
seed = 1566914660 patience = 0
***************************************************
time = 3663846544
cla32_63_0.0201367
area = 558
delay = 29.9
write_blif appntk/cla32_63_0.0201367_558_29.9.blif
sis -x -c "read_library data/genlib/mcnc.genlib;read_blif appntk/cla32_63_0.0201367_558_29.9.blif;print_map_stats" | grep -e "Most Negative Slack" -e "Total Area"
"appntk/cla32_63_0.0201367_558_29.9.blif", line 14: .and_gate_delay 1.9
Total Area		= 558.00
Most Negative Slack	= -45.70
Nodes = 268. Try = 209. Resub = 0. Div = 5517. SAT calls = 585. Timeouts = 0. MaxDivs = 0.
Attempts :   Remove      0 out of    418 (  0.00 %)   Resub       0 out of     64 (  0.00 %)   
Reduction:   Nodes       0 out of    268 (  0.00 %)   Edges       0 out of    536 (  0.00 %)   
Win =     0.00 sec (  0.84 %)
Div =     0.00 sec (  2.39 %)
Aig =     0.00 sec (  2.71 %)
Gia =     0.00 sec (  0.00 %)
Cnf =     0.00 sec (  0.62 %)
Sat =     0.02 sec ( 44.18 %)
Int =     0.00 sec (  0.00 %)
ALL =     0.04 sec (100.00 %)
round 64

0%   10   20   30   40   50   60   70   80   90   100%
|----|----|----|----|----|----|----|----|----|----|
seed = 1566914662 patience = 1
***************************************************
time = 3667451528
cla32_64_0.0201367
area = 558
delay = 29.9
write_blif appntk/cla32_64_0.0201367_558_29.9.blif
sis -x -c "read_library data/genlib/mcnc.genlib;read_blif appntk/cla32_64_0.0201367_558_29.9.blif;print_map_stats" | grep -e "Most Negative Slack" -e "Total Area"
"appntk/cla32_64_0.0201367_558_29.9.blif", line 14: .and_gate_delay 1.9
Total Area		= 558.00
Most Negative Slack	= -45.70
Nodes = 268. Try = 209. Resub = 0. Div = 5517. SAT calls = 585. Timeouts = 0. MaxDivs = 0.
Attempts :   Remove      0 out of    418 (  0.00 %)   Resub       0 out of     64 (  0.00 %)   
Reduction:   Nodes       0 out of    268 (  0.00 %)   Edges       0 out of    536 (  0.00 %)   
Win =     0.00 sec (  0.87 %)
Div =     0.00 sec (  2.64 %)
Aig =     0.00 sec (  2.61 %)
Gia =     0.00 sec (  0.00 %)
Cnf =     0.00 sec (  0.70 %)
Sat =     0.01 sec ( 46.62 %)
Int =     0.00 sec (  0.00 %)
ALL =     0.03 sec (100.00 %)
round 65

0%   10   20   30   40   50   60   70   80   90   100%
|----|----|----|----|----|----|----|----|----|----|
seed = 1566914666 patience = 2
***************************************************
time = 3670116174
cla32_65_0.0201367
area = 558
delay = 29.9
write_blif appntk/cla32_65_0.0201367_558_29.9.blif
sis -x -c "read_library data/genlib/mcnc.genlib;read_blif appntk/cla32_65_0.0201367_558_29.9.blif;print_map_stats" | grep -e "Most Negative Slack" -e "Total Area"
"appntk/cla32_65_0.0201367_558_29.9.blif", line 14: .and_gate_delay 1.9
Total Area		= 558.00
Most Negative Slack	= -45.70
Nodes = 268. Try = 209. Resub = 0. Div = 5517. SAT calls = 585. Timeouts = 0. MaxDivs = 0.
Attempts :   Remove      0 out of    418 (  0.00 %)   Resub       0 out of     64 (  0.00 %)   
Reduction:   Nodes       0 out of    268 (  0.00 %)   Edges       0 out of    536 (  0.00 %)   
Win =     0.00 sec (  0.90 %)
Div =     0.00 sec (  2.67 %)
Aig =     0.00 sec (  2.60 %)
Gia =     0.00 sec (  0.00 %)
Cnf =     0.00 sec (  0.68 %)
Sat =     0.01 sec ( 46.93 %)
Int =     0.00 sec (  0.00 %)
ALL =     0.03 sec (100.00 %)
round 66

0%   10   20   30   40   50   60   70   80   90   100%
|----|----|----|----|----|----|----|----|----|----|
seed = 1566914669 patience = 3
***************************************************
time = 3672803681
cla32_66_0.0201367
area = 558
delay = 29.9
write_blif appntk/cla32_66_0.0201367_558_29.9.blif
sis -x -c "read_library data/genlib/mcnc.genlib;read_blif appntk/cla32_66_0.0201367_558_29.9.blif;print_map_stats" | grep -e "Most Negative Slack" -e "Total Area"
"appntk/cla32_66_0.0201367_558_29.9.blif", line 14: .and_gate_delay 1.9
Total Area		= 558.00
Most Negative Slack	= -45.70
Nodes = 268. Try = 209. Resub = 0. Div = 5517. SAT calls = 585. Timeouts = 0. MaxDivs = 0.
Attempts :   Remove      0 out of    418 (  0.00 %)   Resub       0 out of     64 (  0.00 %)   
Reduction:   Nodes       0 out of    268 (  0.00 %)   Edges       0 out of    536 (  0.00 %)   
Win =     0.00 sec (  0.89 %)
Div =     0.00 sec (  2.61 %)
Aig =     0.00 sec (  2.58 %)
Gia =     0.00 sec (  0.00 %)
Cnf =     0.00 sec (  0.64 %)
Sat =     0.01 sec ( 47.05 %)
Int =     0.00 sec (  0.00 %)
ALL =     0.03 sec (100.00 %)
round 67

0%   10   20   30   40   50   60   70   80   90   100%
|----|----|----|----|----|----|----|----|----|----|
seed = 1566914671 patience = 4
***************************************************
Network does not change, frame number changes to 128
time = 3675451494
cla32_67_0.0201367
area = 558
delay = 29.9
write_blif appntk/cla32_67_0.0201367_558_29.9.blif
sis -x -c "read_library data/genlib/mcnc.genlib;read_blif appntk/cla32_67_0.0201367_558_29.9.blif;print_map_stats" | grep -e "Most Negative Slack" -e "Total Area"
"appntk/cla32_67_0.0201367_558_29.9.blif", line 14: .and_gate_delay 1.9
Total Area		= 558.00
Most Negative Slack	= -45.70
Nodes = 268. Try = 209. Resub = 0. Div = 5517. SAT calls = 585. Timeouts = 0. MaxDivs = 0.
Attempts :   Remove      0 out of    418 (  0.00 %)   Resub       0 out of     64 (  0.00 %)   
Reduction:   Nodes       0 out of    268 (  0.00 %)   Edges       0 out of    536 (  0.00 %)   
Win =     0.00 sec (  0.85 %)
Div =     0.00 sec (  2.41 %)
Aig =     0.00 sec (  2.78 %)
Gia =     0.00 sec (  0.00 %)
Cnf =     0.00 sec (  0.58 %)
Sat =     0.02 sec ( 44.70 %)
Int =     0.00 sec (  0.00 %)
ALL =     0.04 sec (100.00 %)
round 68

0%   10   20   30   40   50   60   70   80   90   100%
|----|----|----|----|----|----|----|----|----|----|
seed = 1566914674 patience = 0
***************************************************
time = 3677111368
cla32_68_0.0201367
area = 558
delay = 29.9
write_blif appntk/cla32_68_0.0201367_558_29.9.blif
sis -x -c "read_library data/genlib/mcnc.genlib;read_blif appntk/cla32_68_0.0201367_558_29.9.blif;print_map_stats" | grep -e "Most Negative Slack" -e "Total Area"
"appntk/cla32_68_0.0201367_558_29.9.blif", line 14: .and_gate_delay 1.9
Total Area		= 558.00
Most Negative Slack	= -45.70
Nodes = 268. Try = 209. Resub = 0. Div = 5517. SAT calls = 585. Timeouts = 0. MaxDivs = 0.
Attempts :   Remove      0 out of    418 (  0.00 %)   Resub       0 out of     64 (  0.00 %)   
Reduction:   Nodes       0 out of    268 (  0.00 %)   Edges       0 out of    536 (  0.00 %)   
Win =     0.00 sec (  0.89 %)
Div =     0.00 sec (  2.62 %)
Aig =     0.00 sec (  2.64 %)
Gia =     0.00 sec (  0.00 %)
Cnf =     0.00 sec (  0.61 %)
Sat =     0.01 sec ( 46.98 %)
Int =     0.00 sec (  0.00 %)
ALL =     0.03 sec (100.00 %)
round 69

0%   10   20   30   40   50   60   70   80   90   100%
|----|----|----|----|----|----|----|----|----|----|
seed = 1566914676 patience = 1
***************************************************
time = 3678701881
cla32_69_0.0201367
area = 558
delay = 29.9
write_blif appntk/cla32_69_0.0201367_558_29.9.blif
sis -x -c "read_library data/genlib/mcnc.genlib;read_blif appntk/cla32_69_0.0201367_558_29.9.blif;print_map_stats" | grep -e "Most Negative Slack" -e "Total Area"
"appntk/cla32_69_0.0201367_558_29.9.blif", line 14: .and_gate_delay 1.9
Total Area		= 558.00
Most Negative Slack	= -45.70
Nodes = 268. Try = 209. Resub = 0. Div = 5517. SAT calls = 585. Timeouts = 0. MaxDivs = 0.
Attempts :   Remove      0 out of    418 (  0.00 %)   Resub       0 out of     64 (  0.00 %)   
Reduction:   Nodes       0 out of    268 (  0.00 %)   Edges       0 out of    536 (  0.00 %)   
Win =     0.00 sec (  0.88 %)
Div =     0.00 sec (  2.61 %)
Aig =     0.00 sec (  2.59 %)
Gia =     0.00 sec (  0.00 %)
Cnf =     0.00 sec (  0.65 %)
Sat =     0.01 sec ( 46.08 %)
Int =     0.00 sec (  0.00 %)
ALL =     0.03 sec (100.00 %)
round 70

0%   10   20   30   40   50   60   70   80   90   100%
|----|----|----|----|----|----|----|----|----|----|
seed = 1566914677 patience = 2
***************************************************
time = 3680347366
cla32_70_0.0201367
area = 558
delay = 29.9
write_blif appntk/cla32_70_0.0201367_558_29.9.blif
sis -x -c "read_library data/genlib/mcnc.genlib;read_blif appntk/cla32_70_0.0201367_558_29.9.blif;print_map_stats" | grep -e "Most Negative Slack" -e "Total Area"
"appntk/cla32_70_0.0201367_558_29.9.blif", line 14: .and_gate_delay 1.9
Total Area		= 558.00
Most Negative Slack	= -45.70
Nodes = 268. Try = 209. Resub = 0. Div = 5517. SAT calls = 585. Timeouts = 0. MaxDivs = 0.
Attempts :   Remove      0 out of    418 (  0.00 %)   Resub       0 out of     64 (  0.00 %)   
Reduction:   Nodes       0 out of    268 (  0.00 %)   Edges       0 out of    536 (  0.00 %)   
Win =     0.00 sec (  0.86 %)
Div =     0.00 sec (  2.39 %)
Aig =     0.00 sec (  2.79 %)
Gia =     0.00 sec (  0.00 %)
Cnf =     0.00 sec (  0.62 %)
Sat =     0.02 sec ( 44.55 %)
Int =     0.00 sec (  0.00 %)
ALL =     0.04 sec (100.00 %)
round 71

0%   10   20   30   40   50   60   70   80   90   100%
|----|----|----|----|----|----|----|----|----|----|
seed = 1566914679 patience = 3
***************************************************
time = 3682029972
cla32_71_0.0201367
area = 558
delay = 29.9
write_blif appntk/cla32_71_0.0201367_558_29.9.blif
sis -x -c "read_library data/genlib/mcnc.genlib;read_blif appntk/cla32_71_0.0201367_558_29.9.blif;print_map_stats" | grep -e "Most Negative Slack" -e "Total Area"
"appntk/cla32_71_0.0201367_558_29.9.blif", line 14: .and_gate_delay 1.9
Total Area		= 558.00
Most Negative Slack	= -45.70
Nodes = 268. Try = 209. Resub = 0. Div = 5517. SAT calls = 585. Timeouts = 0. MaxDivs = 0.
Attempts :   Remove      0 out of    418 (  0.00 %)   Resub       0 out of     64 (  0.00 %)   
Reduction:   Nodes       0 out of    268 (  0.00 %)   Edges       0 out of    536 (  0.00 %)   
Win =     0.00 sec (  0.94 %)
Div =     0.00 sec (  2.62 %)
Aig =     0.00 sec (  2.65 %)
Gia =     0.00 sec (  0.00 %)
Cnf =     0.00 sec (  0.69 %)
Sat =     0.01 sec ( 47.00 %)
Int =     0.00 sec (  0.00 %)
ALL =     0.03 sec (100.00 %)
round 72

0%   10   20   30   40   50   60   70   80   90   100%
|----|----|----|----|----|----|----|----|----|----|
seed = 1566914681 patience = 4
***************************************************
Network does not change, frame number changes to 64
time = 3683690019
cla32_72_0.0201367
area = 558
delay = 29.9
write_blif appntk/cla32_72_0.0201367_558_29.9.blif
sis -x -c "read_library data/genlib/mcnc.genlib;read_blif appntk/cla32_72_0.0201367_558_29.9.blif;print_map_stats" | grep -e "Most Negative Slack" -e "Total Area"
"appntk/cla32_72_0.0201367_558_29.9.blif", line 14: .and_gate_delay 1.9
Total Area		= 558.00
Most Negative Slack	= -45.70
Nodes = 268. Try = 209. Resub = 0. Div = 5517. SAT calls = 585. Timeouts = 0. MaxDivs = 0.
Attempts :   Remove      0 out of    418 (  0.00 %)   Resub       0 out of     64 (  0.00 %)   
Reduction:   Nodes       0 out of    268 (  0.00 %)   Edges       0 out of    536 (  0.00 %)   
Win =     0.00 sec (  0.87 %)
Div =     0.00 sec (  2.58 %)
Aig =     0.00 sec (  2.66 %)
Gia =     0.00 sec (  0.00 %)
Cnf =     0.00 sec (  0.66 %)
Sat =     0.02 sec ( 46.88 %)
Int =     0.00 sec (  0.00 %)
ALL =     0.03 sec (100.00 %)
round 73

0%   10   20   30   40   50   60   70   80   90   100%
|----|----|----|----|----|----|----|----|----|----|
seed = 1566914682 patience = 0
***************************************************
best node n233 best error 0.0201367
time = 3685196163
cla32_73_0.0201367
area = 555
delay = 29.3
write_blif appntk/cla32_73_0.0201367_555_29.3.blif
sis -x -c "read_library data/genlib/mcnc.genlib;read_blif appntk/cla32_73_0.0201367_555_29.3.blif;print_map_stats" | grep -e "Most Negative Slack" -e "Total Area"
"appntk/cla32_73_0.0201367_555_29.3.blif", line 14: .and_gate_delay 1.9
Total Area		= 555.00
Most Negative Slack	= -44.70
Nodes = 267. Try = 208. Resub = 0. Div = 5458. SAT calls = 583. Timeouts = 0. MaxDivs = 0.
Attempts :   Remove      0 out of    416 (  0.00 %)   Resub       0 out of     63 (  0.00 %)   
Reduction:   Nodes       0 out of    267 (  0.00 %)   Edges       0 out of    534 (  0.00 %)   
Win =     0.00 sec (  0.84 %)
Div =     0.00 sec (  2.36 %)
Aig =     0.00 sec (  2.76 %)
Gia =     0.00 sec (  0.00 %)
Cnf =     0.00 sec (  0.61 %)
Sat =     0.02 sec ( 44.15 %)
Int =     0.00 sec (  0.00 %)
ALL =     0.04 sec (100.00 %)
round 74

0%   10   20   30   40   50   60   70   80   90   100%
|----|----|----|----|----|----|----|----|----|----|
seed = 1566914684 patience = 0
***************************************************
best node n238 best error 0.0552539
time = 3686370107
