Entered genlib library with 23 gates from file "data/genlib/mcnc.genlib".
Nodes = 516. Try = 484. Resub = 2. Div = 44080. SAT calls = 1545. Timeouts = 0. MaxDivs = 53.
Attempts :   Remove      0 out of    966 (  0.00 %)   Resub       2 out of    209 (  0.96 %)   
Reduction:   Nodes       2 out of    516 (  0.39 %)   Edges       4 out of   1032 (  0.39 %)   
Win =     0.00 sec (  0.88 %)
Div =     0.01 sec (  3.59 %)
Aig =     0.01 sec (  3.22 %)
Gia =     0.00 sec (  0.00 %)
Cnf =     0.00 sec (  0.50 %)
Sat =     0.19 sec ( 69.87 %)
Int =     0.00 sec (  0.48 %)
ALL =     0.27 sec (100.00 %)
round 0

0%   10   20   30   40   50   60   70   80   90   100%
|----|----|----|----|----|----|----|----|----|----|
seed = 1566910994 patience = 0
***************************************************
time = 347286551
mtp8_0_0
area = 1021
delay = 32.2
write_blif appntk/mtp8_0_0_1021_32.2.blif
sis -x -c "read_library data/genlib/mcnc.genlib;read_blif appntk/mtp8_0_0_1021_32.2.blif;print_map_stats" | grep -e "Most Negative Slack" -e "Total Area"
"appntk/mtp8_0_0_1021_32.2.blif", line 9: .and_gate_delay 1.9
Total Area		= 1021.00
Most Negative Slack	= -55.60
Nodes = 508. Try = 476. Resub = 2. Div = 43468. SAT calls = 1535. Timeouts = 0. MaxDivs = 53.
Attempts :   Remove      0 out of    950 (  0.00 %)   Resub       2 out of    207 (  0.97 %)   
Reduction:   Nodes       2 out of    508 (  0.39 %)   Edges       4 out of   1016 (  0.39 %)   
Win =     0.00 sec (  0.81 %)
Div =     0.01 sec (  3.38 %)
Aig =     0.01 sec (  3.02 %)
Gia =     0.00 sec (  0.00 %)
Cnf =     0.00 sec (  0.48 %)
Sat =     0.20 sec ( 72.16 %)
Int =     0.00 sec (  0.40 %)
ALL =     0.27 sec (100.00 %)
round 1

0%   10   20   30   40   50   60   70   80   90   100%
|----|----|----|----|----|----|----|----|----|----|
seed = 1566911343 patience = 1
***************************************************
time = 684623826
mtp8_1_0
area = 1024
delay = 30.2
write_blif appntk/mtp8_1_0_1024_30.2.blif
sis -x -c "read_library data/genlib/mcnc.genlib;read_blif appntk/mtp8_1_0_1024_30.2.blif;print_map_stats" | grep -e "Most Negative Slack" -e "Total Area"
"appntk/mtp8_1_0_1024_30.2.blif", line 9: .and_gate_delay 1.9
Total Area		= 1024.00
Most Negative Slack	= -54.50
Nodes = 506. Try = 472. Resub = 0. Div = 43410. SAT calls = 1554. Timeouts = 0. MaxDivs = 53.
Attempts :   Remove      0 out of    944 (  0.00 %)   Resub       0 out of    207 (  0.00 %)   
Reduction:   Nodes       0 out of    506 (  0.00 %)   Edges       0 out of   1012 (  0.00 %)   
Win =     0.00 sec (  0.81 %)
Div =     0.01 sec (  3.40 %)
Aig =     0.01 sec (  3.10 %)
Gia =     0.00 sec (  0.00 %)
Cnf =     0.00 sec (  0.48 %)
Sat =     0.20 sec ( 72.22 %)
Int =     0.00 sec (  0.00 %)
ALL =     0.27 sec (100.00 %)
round 2

0%   10   20   30   40   50   60   70   80   90   100%
|----|----|----|----|----|----|----|----|----|----|
seed = 1566911680 patience = 2
***************************************************
time = 1007802239
mtp8_2_0
area = 1020
delay = 32.2
write_blif appntk/mtp8_2_0_1020_32.2.blif
sis -x -c "read_library data/genlib/mcnc.genlib;read_blif appntk/mtp8_2_0_1020_32.2.blif;print_map_stats" | grep -e "Most Negative Slack" -e "Total Area"
"appntk/mtp8_2_0_1020_32.2.blif", line 9: .and_gate_delay 1.9
Total Area		= 1020.00
Most Negative Slack	= -55.60
Nodes = 505. Try = 471. Resub = 0. Div = 43278. SAT calls = 1516. Timeouts = 0. MaxDivs = 53.
Attempts :   Remove      0 out of    942 (  0.00 %)   Resub       0 out of    205 (  0.00 %)   
Reduction:   Nodes       0 out of    505 (  0.00 %)   Edges       0 out of   1010 (  0.00 %)   
Win =     0.00 sec (  0.85 %)
Div =     0.01 sec (  3.26 %)
Aig =     0.01 sec (  2.74 %)
Gia =     0.00 sec (  0.00 %)
Cnf =     0.00 sec (  0.49 %)
Sat =     0.15 sec ( 74.13 %)
Int =     0.00 sec (  0.00 %)
ALL =     0.21 sec (100.00 %)
round 3

0%   10   20   30   40   50   60   70   80   90   100%
|----|----|----|----|----|----|----|----|----|----|
seed = 1566912004 patience = 3
***************************************************
time = 1329479422
mtp8_3_0
area = 1024
delay = 30.2
write_blif appntk/mtp8_3_0_1024_30.2.blif
sis -x -c "read_library data/genlib/mcnc.genlib;read_blif appntk/mtp8_3_0_1024_30.2.blif;print_map_stats" | grep -e "Most Negative Slack" -e "Total Area"
"appntk/mtp8_3_0_1024_30.2.blif", line 9: .and_gate_delay 1.9
Total Area		= 1024.00
Most Negative Slack	= -54.50
Nodes = 505. Try = 471. Resub = 0. Div = 43282. SAT calls = 1539. Timeouts = 0. MaxDivs = 53.
Attempts :   Remove      0 out of    942 (  0.00 %)   Resub       0 out of    205 (  0.00 %)   
Reduction:   Nodes       0 out of    505 (  0.00 %)   Edges       0 out of   1010 (  0.00 %)   
Win =     0.00 sec (  0.80 %)
Div =     0.01 sec (  3.41 %)
Aig =     0.01 sec (  3.07 %)
Gia =     0.00 sec (  0.00 %)
Cnf =     0.00 sec (  0.49 %)
Sat =     0.20 sec ( 72.55 %)
Int =     0.00 sec (  0.00 %)
ALL =     0.27 sec (100.00 %)
round 4

0%   10   20   30   40   50   60   70   80   90   100%
|----|----|----|----|----|----|----|----|----|----|
seed = 1566912326 patience = 4
***************************************************
Network does not change, frame number changes to 4096
time = 1650237377
mtp8_4_0
area = 1030
delay = 32.2
write_blif appntk/mtp8_4_0_1030_32.2.blif
sis -x -c "read_library data/genlib/mcnc.genlib;read_blif appntk/mtp8_4_0_1030_32.2.blif;print_map_stats" | grep -e "Most Negative Slack" -e "Total Area"
"appntk/mtp8_4_0_1030_32.2.blif", line 9: .and_gate_delay 1.9
Total Area		= 1030.00
Most Negative Slack	= -55.60
Nodes = 505. Try = 471. Resub = 0. Div = 43278. SAT calls = 1529. Timeouts = 0. MaxDivs = 53.
Attempts :   Remove      0 out of    942 (  0.00 %)   Resub       0 out of    205 (  0.00 %)   
Reduction:   Nodes       0 out of    505 (  0.00 %)   Edges       0 out of   1010 (  0.00 %)   
Win =     0.00 sec (  0.82 %)
Div =     0.01 sec (  3.35 %)
Aig =     0.01 sec (  3.00 %)
Gia =     0.00 sec (  0.00 %)
Cnf =     0.00 sec (  0.47 %)
Sat =     0.20 sec ( 72.96 %)
Int =     0.00 sec (  0.00 %)
ALL =     0.27 sec (100.00 %)
round 5

0%   10   20   30   40   50   60   70   80   90   100%
|----|----|----|----|----|----|----|----|----|----|
seed = 1566912647 patience = 0
***************************************************
time = 1806124077
mtp8_5_0
area = 1024
delay = 30.2
write_blif appntk/mtp8_5_0_1024_30.2.blif
sis -x -c "read_library data/genlib/mcnc.genlib;read_blif appntk/mtp8_5_0_1024_30.2.blif;print_map_stats" | grep -e "Most Negative Slack" -e "Total Area"
"appntk/mtp8_5_0_1024_30.2.blif", line 9: .and_gate_delay 1.9
Total Area		= 1024.00
Most Negative Slack	= -54.50
Nodes = 505. Try = 471. Resub = 0. Div = 43282. SAT calls = 1536. Timeouts = 0. MaxDivs = 53.
Attempts :   Remove      0 out of    942 (  0.00 %)   Resub       0 out of    205 (  0.00 %)   
Reduction:   Nodes       0 out of    505 (  0.00 %)   Edges       0 out of   1010 (  0.00 %)   
Win =     0.00 sec (  0.86 %)
Div =     0.01 sec (  3.29 %)
Aig =     0.01 sec (  2.78 %)
Gia =     0.00 sec (  0.00 %)
Cnf =     0.00 sec (  0.50 %)
Sat =     0.15 sec ( 74.55 %)
Int =     0.00 sec (  0.00 %)
ALL =     0.21 sec (100.00 %)
round 6

0%   10   20   30   40   50   60   70   80   90   100%
|----|----|----|----|----|----|----|----|----|----|
seed = 1566912803 patience = 1
***************************************************
time = 1965050117
mtp8_6_0
area = 1030
delay = 32.2
write_blif appntk/mtp8_6_0_1030_32.2.blif
sis -x -c "read_library data/genlib/mcnc.genlib;read_blif appntk/mtp8_6_0_1030_32.2.blif;print_map_stats" | grep -e "Most Negative Slack" -e "Total Area"
"appntk/mtp8_6_0_1030_32.2.blif", line 9: .and_gate_delay 1.9
Total Area		= 1030.00
Most Negative Slack	= -55.60
Nodes = 505. Try = 471. Resub = 0. Div = 43278. SAT calls = 1529. Timeouts = 0. MaxDivs = 53.
Attempts :   Remove      0 out of    942 (  0.00 %)   Resub       0 out of    205 (  0.00 %)   
Reduction:   Nodes       0 out of    505 (  0.00 %)   Edges       0 out of   1010 (  0.00 %)   
Win =     0.00 sec (  0.82 %)
Div =     0.01 sec (  3.35 %)
Aig =     0.01 sec (  3.02 %)
Gia =     0.00 sec (  0.00 %)
Cnf =     0.00 sec (  0.47 %)
Sat =     0.20 sec ( 72.77 %)
Int =     0.00 sec (  0.00 %)
ALL =     0.28 sec (100.00 %)
round 7

0%   10   20   30   40   50   60   70   80   90   100%
|----|----|----|----|----|----|----|----|----|----|
seed = 1566912962 patience = 2
***************************************************
time = 2116979230
mtp8_7_0
area = 1024
delay = 30.2
write_blif appntk/mtp8_7_0_1024_30.2.blif
sis -x -c "read_library data/genlib/mcnc.genlib;read_blif appntk/mtp8_7_0_1024_30.2.blif;print_map_stats" | grep -e "Most Negative Slack" -e "Total Area"
"appntk/mtp8_7_0_1024_30.2.blif", line 9: .and_gate_delay 1.9
Total Area		= 1024.00
Most Negative Slack	= -54.50
Nodes = 505. Try = 471. Resub = 0. Div = 43282. SAT calls = 1536. Timeouts = 0. MaxDivs = 53.
Attempts :   Remove      0 out of    942 (  0.00 %)   Resub       0 out of    205 (  0.00 %)   
Reduction:   Nodes       0 out of    505 (  0.00 %)   Edges       0 out of   1010 (  0.00 %)   
Win =     0.00 sec (  0.80 %)
Div =     0.01 sec (  3.43 %)
Aig =     0.01 sec (  3.06 %)
Gia =     0.00 sec (  0.00 %)
Cnf =     0.00 sec (  0.47 %)
Sat =     0.20 sec ( 72.58 %)
Int =     0.00 sec (  0.00 %)
ALL =     0.27 sec (100.00 %)
round 8

0%   10   20   30   40   50   60   70   80   90   100%
|----|----|----|----|----|----|----|----|----|----|
seed = 1566913114 patience = 3
***************************************************
time = 2279328167
mtp8_8_0
area = 1030
delay = 32.2
write_blif appntk/mtp8_8_0_1030_32.2.blif
sis -x -c "read_library data/genlib/mcnc.genlib;read_blif appntk/mtp8_8_0_1030_32.2.blif;print_map_stats" | grep -e "Most Negative Slack" -e "Total Area"
"appntk/mtp8_8_0_1030_32.2.blif", line 9: .and_gate_delay 1.9
Total Area		= 1030.00
Most Negative Slack	= -55.60
Nodes = 505. Try = 471. Resub = 0. Div = 43278. SAT calls = 1529. Timeouts = 0. MaxDivs = 53.
Attempts :   Remove      0 out of    942 (  0.00 %)   Resub       0 out of    205 (  0.00 %)   
Reduction:   Nodes       0 out of    505 (  0.00 %)   Edges       0 out of   1010 (  0.00 %)   
Win =     0.00 sec (  0.82 %)
Div =     0.01 sec (  3.35 %)
Aig =     0.01 sec (  3.02 %)
Gia =     0.00 sec (  0.00 %)
Cnf =     0.00 sec (  0.48 %)
Sat =     0.20 sec ( 72.54 %)
Int =     0.00 sec (  0.00 %)
ALL =     0.28 sec (100.00 %)
round 9

0%   10   20   30   40   50   60   70   80   90   100%
|----|----|----|----|----|----|----|----|----|----|
seed = 1566913276 patience = 4
***************************************************
Network does not change, frame number changes to 2048
time = 2443007699
mtp8_9_0
area = 1024
delay = 30.2
write_blif appntk/mtp8_9_0_1024_30.2.blif
sis -x -c "read_library data/genlib/mcnc.genlib;read_blif appntk/mtp8_9_0_1024_30.2.blif;print_map_stats" | grep -e "Most Negative Slack" -e "Total Area"
"appntk/mtp8_9_0_1024_30.2.blif", line 9: .and_gate_delay 1.9
Total Area		= 1024.00
Most Negative Slack	= -54.50
Nodes = 505. Try = 471. Resub = 0. Div = 43282. SAT calls = 1536. Timeouts = 0. MaxDivs = 53.
Attempts :   Remove      0 out of    942 (  0.00 %)   Resub       0 out of    205 (  0.00 %)   
Reduction:   Nodes       0 out of    505 (  0.00 %)   Edges       0 out of   1010 (  0.00 %)   
Win =     0.00 sec (  0.84 %)
Div =     0.01 sec (  3.35 %)
Aig =     0.01 sec (  2.77 %)
Gia =     0.00 sec (  0.00 %)
Cnf =     0.00 sec (  0.49 %)
Sat =     0.15 sec ( 74.58 %)
Int =     0.00 sec (  0.00 %)
ALL =     0.21 sec (100.00 %)
round 10

0%   10   20   30   40   50   60   70   80   90   100%
|----|----|----|----|----|----|----|----|----|----|
seed = 1566913440 patience = 0
***************************************************
time = 2528579022
mtp8_10_0
area = 1030
delay = 32.2
write_blif appntk/mtp8_10_0_1030_32.2.blif
sis -x -c "read_library data/genlib/mcnc.genlib;read_blif appntk/mtp8_10_0_1030_32.2.blif;print_map_stats" | grep -e "Most Negative Slack" -e "Total Area"
"appntk/mtp8_10_0_1030_32.2.blif", line 9: .and_gate_delay 1.9
Total Area		= 1030.00
Most Negative Slack	= -55.60
Nodes = 505. Try = 471. Resub = 0. Div = 43278. SAT calls = 1529. Timeouts = 0. MaxDivs = 53.
Attempts :   Remove      0 out of    942 (  0.00 %)   Resub       0 out of    205 (  0.00 %)   
Reduction:   Nodes       0 out of    505 (  0.00 %)   Edges       0 out of   1010 (  0.00 %)   
Win =     0.00 sec (  0.77 %)
Div =     0.01 sec (  3.29 %)
Aig =     0.01 sec (  2.94 %)
Gia =     0.00 sec (  0.00 %)
Cnf =     0.00 sec (  0.46 %)
Sat =     0.21 sec ( 72.96 %)
Int =     0.00 sec (  0.00 %)
ALL =     0.28 sec (100.00 %)
round 11

0%   10   20   30   40   50   60   70   80   90   100%
|----|----|----|----|----|----|----|----|----|----|
seed = 1566913526 patience = 1
***************************************************
time = 2608957572
mtp8_11_0
area = 1024
delay = 30.2
write_blif appntk/mtp8_11_0_1024_30.2.blif
sis -x -c "read_library data/genlib/mcnc.genlib;read_blif appntk/mtp8_11_0_1024_30.2.blif;print_map_stats" | grep -e "Most Negative Slack" -e "Total Area"
"appntk/mtp8_11_0_1024_30.2.blif", line 9: .and_gate_delay 1.9
Total Area		= 1024.00
Most Negative Slack	= -54.50
Nodes = 505. Try = 471. Resub = 0. Div = 43282. SAT calls = 1536. Timeouts = 0. MaxDivs = 53.
Attempts :   Remove      0 out of    942 (  0.00 %)   Resub       0 out of    205 (  0.00 %)   
Reduction:   Nodes       0 out of    505 (  0.00 %)   Edges       0 out of   1010 (  0.00 %)   
Win =     0.00 sec (  0.82 %)
Div =     0.01 sec (  3.32 %)
Aig =     0.01 sec (  3.01 %)
Gia =     0.00 sec (  0.00 %)
Cnf =     0.00 sec (  0.48 %)
Sat =     0.20 sec ( 72.42 %)
Int =     0.00 sec (  0.00 %)
ALL =     0.28 sec (100.00 %)
round 12

0%   10   20   30   40   50   60   70   80   90   100%
|----|----|----|----|----|----|----|----|----|----|
seed = 1566913606 patience = 2
***************************************************
time = 2689358575
mtp8_12_0
area = 1030
delay = 32.2
write_blif appntk/mtp8_12_0_1030_32.2.blif
sis -x -c "read_library data/genlib/mcnc.genlib;read_blif appntk/mtp8_12_0_1030_32.2.blif;print_map_stats" | grep -e "Most Negative Slack" -e "Total Area"
"appntk/mtp8_12_0_1030_32.2.blif", line 9: .and_gate_delay 1.9
Total Area		= 1030.00
Most Negative Slack	= -55.60
Nodes = 505. Try = 471. Resub = 0. Div = 43278. SAT calls = 1529. Timeouts = 0. MaxDivs = 53.
Attempts :   Remove      0 out of    942 (  0.00 %)   Resub       0 out of    205 (  0.00 %)   
Reduction:   Nodes       0 out of    505 (  0.00 %)   Edges       0 out of   1010 (  0.00 %)   
Win =     0.00 sec (  0.81 %)
Div =     0.01 sec (  3.22 %)
Aig =     0.01 sec (  2.93 %)
Gia =     0.00 sec (  0.00 %)
Cnf =     0.00 sec (  0.49 %)
Sat =     0.21 sec ( 72.53 %)
Int =     0.00 sec (  0.00 %)
ALL =     0.28 sec (100.00 %)
round 13

0%   10   20   30   40   50   60   70   80   90   100%
|----|----|----|----|----|----|----|----|----|----|
seed = 1566913687 patience = 3
***************************************************
time = 2770943201
mtp8_13_0
area = 1024
delay = 30.2
write_blif appntk/mtp8_13_0_1024_30.2.blif
sis -x -c "read_library data/genlib/mcnc.genlib;read_blif appntk/mtp8_13_0_1024_30.2.blif;print_map_stats" | grep -e "Most Negative Slack" -e "Total Area"
"appntk/mtp8_13_0_1024_30.2.blif", line 9: .and_gate_delay 1.9
Total Area		= 1024.00
Most Negative Slack	= -54.50
Nodes = 505. Try = 471. Resub = 0. Div = 43282. SAT calls = 1536. Timeouts = 0. MaxDivs = 53.
Attempts :   Remove      0 out of    942 (  0.00 %)   Resub       0 out of    205 (  0.00 %)   
Reduction:   Nodes       0 out of    505 (  0.00 %)   Edges       0 out of   1010 (  0.00 %)   
Win =     0.00 sec (  0.81 %)
Div =     0.01 sec (  3.30 %)
Aig =     0.01 sec (  3.00 %)
Gia =     0.00 sec (  0.00 %)
Cnf =     0.00 sec (  0.47 %)
Sat =     0.20 sec ( 72.78 %)
Int =     0.00 sec (  0.00 %)
ALL =     0.28 sec (100.00 %)
round 14

0%   10   20   30   40   50   60   70   80   90   100%
|----|----|----|----|----|----|----|----|----|----|
seed = 1566913768 patience = 4
***************************************************
Network does not change, frame number changes to 1024
time = 2845414313
mtp8_14_0
area = 1030
delay = 32.2
write_blif appntk/mtp8_14_0_1030_32.2.blif
sis -x -c "read_library data/genlib/mcnc.genlib;read_blif appntk/mtp8_14_0_1030_32.2.blif;print_map_stats" | grep -e "Most Negative Slack" -e "Total Area"
"appntk/mtp8_14_0_1030_32.2.blif", line 9: .and_gate_delay 1.9
Total Area		= 1030.00
Most Negative Slack	= -55.60
Nodes = 505. Try = 471. Resub = 0. Div = 43278. SAT calls = 1529. Timeouts = 0. MaxDivs = 53.
Attempts :   Remove      0 out of    942 (  0.00 %)   Resub       0 out of    205 (  0.00 %)   
Reduction:   Nodes       0 out of    505 (  0.00 %)   Edges       0 out of   1010 (  0.00 %)   
Win =     0.00 sec (  0.86 %)
Div =     0.01 sec (  3.24 %)
Aig =     0.01 sec (  2.68 %)
Gia =     0.00 sec (  0.00 %)
Cnf =     0.00 sec (  0.50 %)
Sat =     0.15 sec ( 74.54 %)
Int =     0.00 sec (  0.00 %)
ALL =     0.21 sec (100.00 %)
round 15

0%   10   20   30   40   50   60   70   80   90   100%
|----|----|----|----|----|----|----|----|----|----|
seed = 1566913843 patience = 0
***************************************************
time = 2877285127
mtp8_15_0
area = 1024
delay = 30.2
write_blif appntk/mtp8_15_0_1024_30.2.blif
sis -x -c "read_library data/genlib/mcnc.genlib;read_blif appntk/mtp8_15_0_1024_30.2.blif;print_map_stats" | grep -e "Most Negative Slack" -e "Total Area"
"appntk/mtp8_15_0_1024_30.2.blif", line 9: .and_gate_delay 1.9
Total Area		= 1024.00
Most Negative Slack	= -54.50
Nodes = 505. Try = 471. Resub = 0. Div = 43282. SAT calls = 1536. Timeouts = 0. MaxDivs = 53.
Attempts :   Remove      0 out of    942 (  0.00 %)   Resub       0 out of    205 (  0.00 %)   
Reduction:   Nodes       0 out of    505 (  0.00 %)   Edges       0 out of   1010 (  0.00 %)   
Win =     0.00 sec (  0.86 %)
Div =     0.01 sec (  3.29 %)
Aig =     0.01 sec (  2.76 %)
Gia =     0.00 sec (  0.00 %)
Cnf =     0.00 sec (  0.49 %)
Sat =     0.15 sec ( 74.56 %)
Int =     0.00 sec (  0.00 %)
ALL =     0.20 sec (100.00 %)
round 16

0%   10   20   30   40   50   60   70   80   90   100%
|----|----|----|----|----|----|----|----|----|----|
seed = 1566913874 patience = 1
***************************************************
time = 2921615927
mtp8_16_0
area = 1030
delay = 32.2
write_blif appntk/mtp8_16_0_1030_32.2.blif
sis -x -c "read_library data/genlib/mcnc.genlib;read_blif appntk/mtp8_16_0_1030_32.2.blif;print_map_stats" | grep -e "Most Negative Slack" -e "Total Area"
"appntk/mtp8_16_0_1030_32.2.blif", line 9: .and_gate_delay 1.9
Total Area		= 1030.00
Most Negative Slack	= -55.60
Nodes = 505. Try = 471. Resub = 0. Div = 43278. SAT calls = 1529. Timeouts = 0. MaxDivs = 53.
Attempts :   Remove      0 out of    942 (  0.00 %)   Resub       0 out of    205 (  0.00 %)   
Reduction:   Nodes       0 out of    505 (  0.00 %)   Edges       0 out of   1010 (  0.00 %)   
Win =     0.00 sec (  0.83 %)
Div =     0.01 sec (  3.36 %)
Aig =     0.01 sec (  3.00 %)
Gia =     0.00 sec (  0.00 %)
Cnf =     0.00 sec (  0.47 %)
Sat =     0.20 sec ( 72.78 %)
Int =     0.00 sec (  0.00 %)
ALL =     0.28 sec (100.00 %)
round 17

0%   10   20   30   40   50   60   70   80   90   100%
|----|----|----|----|----|----|----|----|----|----|
seed = 1566913919 patience = 2
***************************************************
time = 2967674118
mtp8_17_0
area = 1024
delay = 30.2
write_blif appntk/mtp8_17_0_1024_30.2.blif
sis -x -c "read_library data/genlib/mcnc.genlib;read_blif appntk/mtp8_17_0_1024_30.2.blif;print_map_stats" | grep -e "Most Negative Slack" -e "Total Area"
"appntk/mtp8_17_0_1024_30.2.blif", line 9: .and_gate_delay 1.9
Total Area		= 1024.00
Most Negative Slack	= -54.50
Nodes = 505. Try = 471. Resub = 0. Div = 43282. SAT calls = 1536. Timeouts = 0. MaxDivs = 53.
Attempts :   Remove      0 out of    942 (  0.00 %)   Resub       0 out of    205 (  0.00 %)   
Reduction:   Nodes       0 out of    505 (  0.00 %)   Edges       0 out of   1010 (  0.00 %)   
Win =     0.00 sec (  0.82 %)
Div =     0.01 sec (  3.31 %)
Aig =     0.01 sec (  2.99 %)
Gia =     0.00 sec (  0.00 %)
Cnf =     0.00 sec (  0.47 %)
Sat =     0.20 sec ( 72.84 %)
Int =     0.00 sec (  0.00 %)
ALL =     0.28 sec (100.00 %)
round 18

0%   10   20   30   40   50   60   70   80   90   100%
|----|----|----|----|----|----|----|----|----|----|
seed = 1566913965 patience = 3
***************************************************
time = 3007919809
mtp8_18_0
area = 1030
delay = 32.2
write_blif appntk/mtp8_18_0_1030_32.2.blif
sis -x -c "read_library data/genlib/mcnc.genlib;read_blif appntk/mtp8_18_0_1030_32.2.blif;print_map_stats" | grep -e "Most Negative Slack" -e "Total Area"
"appntk/mtp8_18_0_1030_32.2.blif", line 9: .and_gate_delay 1.9
Total Area		= 1030.00
Most Negative Slack	= -55.60
Nodes = 505. Try = 471. Resub = 0. Div = 43278. SAT calls = 1529. Timeouts = 0. MaxDivs = 53.
Attempts :   Remove      0 out of    942 (  0.00 %)   Resub       0 out of    205 (  0.00 %)   
Reduction:   Nodes       0 out of    505 (  0.00 %)   Edges       0 out of   1010 (  0.00 %)   
Win =     0.00 sec (  0.82 %)
Div =     0.01 sec (  3.30 %)
Aig =     0.01 sec (  2.95 %)
Gia =     0.00 sec (  0.00 %)
Cnf =     0.00 sec (  0.47 %)
Sat =     0.20 sec ( 72.80 %)
Int =     0.00 sec (  0.00 %)
ALL =     0.28 sec (100.00 %)
round 19

0%   10   20   30   40   50   60   70   80   90   100%
|----|----|----|----|----|----|----|----|----|----|
seed = 1566914005 patience = 4
***************************************************
Network does not change, frame number changes to 512
time = 3043099968
mtp8_19_0
area = 1024
delay = 30.2
write_blif appntk/mtp8_19_0_1024_30.2.blif
sis -x -c "read_library data/genlib/mcnc.genlib;read_blif appntk/mtp8_19_0_1024_30.2.blif;print_map_stats" | grep -e "Most Negative Slack" -e "Total Area"
"appntk/mtp8_19_0_1024_30.2.blif", line 9: .and_gate_delay 1.9
Total Area		= 1024.00
Most Negative Slack	= -54.50
Nodes = 505. Try = 471. Resub = 0. Div = 43282. SAT calls = 1536. Timeouts = 0. MaxDivs = 53.
Attempts :   Remove      0 out of    942 (  0.00 %)   Resub       0 out of    205 (  0.00 %)   
Reduction:   Nodes       0 out of    505 (  0.00 %)   Edges       0 out of   1010 (  0.00 %)   
Win =     0.00 sec (  0.87 %)
Div =     0.01 sec (  3.29 %)
Aig =     0.01 sec (  2.75 %)
Gia =     0.00 sec (  0.00 %)
Cnf =     0.00 sec (  0.49 %)
Sat =     0.15 sec ( 74.47 %)
Int =     0.00 sec (  0.00 %)
ALL =     0.21 sec (100.00 %)
round 20

0%   10   20   30   40   50   60   70   80   90   100%
|----|----|----|----|----|----|----|----|----|----|
seed = 1566914040 patience = 0
***************************************************
time = 3059574824
mtp8_20_0
area = 1030
delay = 32.2
write_blif appntk/mtp8_20_0_1030_32.2.blif
sis -x -c "read_library data/genlib/mcnc.genlib;read_blif appntk/mtp8_20_0_1030_32.2.blif;print_map_stats" | grep -e "Most Negative Slack" -e "Total Area"
"appntk/mtp8_20_0_1030_32.2.blif", line 9: .and_gate_delay 1.9
Total Area		= 1030.00
Most Negative Slack	= -55.60
Nodes = 505. Try = 471. Resub = 0. Div = 43278. SAT calls = 1529. Timeouts = 0. MaxDivs = 53.
Attempts :   Remove      0 out of    942 (  0.00 %)   Resub       0 out of    205 (  0.00 %)   
Reduction:   Nodes       0 out of    505 (  0.00 %)   Edges       0 out of   1010 (  0.00 %)   
Win =     0.00 sec (  0.86 %)
Div =     0.01 sec (  3.23 %)
Aig =     0.01 sec (  2.68 %)
Gia =     0.00 sec (  0.00 %)
Cnf =     0.00 sec (  0.49 %)
Sat =     0.16 sec ( 74.63 %)
Int =     0.00 sec (  0.00 %)
ALL =     0.21 sec (100.00 %)
round 21

0%   10   20   30   40   50   60   70   80   90   100%
|----|----|----|----|----|----|----|----|----|----|
seed = 1566914057 patience = 1
***************************************************
time = 3079089098
mtp8_21_0
area = 1024
delay = 30.2
write_blif appntk/mtp8_21_0_1024_30.2.blif
sis -x -c "read_library data/genlib/mcnc.genlib;read_blif appntk/mtp8_21_0_1024_30.2.blif;print_map_stats" | grep -e "Most Negative Slack" -e "Total Area"
"appntk/mtp8_21_0_1024_30.2.blif", line 9: .and_gate_delay 1.9
Total Area		= 1024.00
Most Negative Slack	= -54.50
Nodes = 505. Try = 471. Resub = 0. Div = 43282. SAT calls = 1536. Timeouts = 0. MaxDivs = 53.
Attempts :   Remove      0 out of    942 (  0.00 %)   Resub       0 out of    205 (  0.00 %)   
Reduction:   Nodes       0 out of    505 (  0.00 %)   Edges       0 out of   1010 (  0.00 %)   
Win =     0.00 sec (  0.84 %)
Div =     0.01 sec (  3.31 %)
Aig =     0.01 sec (  2.72 %)
Gia =     0.00 sec (  0.00 %)
Cnf =     0.00 sec (  0.50 %)
Sat =     0.15 sec ( 74.45 %)
Int =     0.00 sec (  0.00 %)
ALL =     0.21 sec (100.00 %)
round 22

0%   10   20   30   40   50   60   70   80   90   100%
|----|----|----|----|----|----|----|----|----|----|
seed = 1566914076 patience = 2
***************************************************
time = 3098036230
mtp8_22_0
area = 1030
delay = 32.2
write_blif appntk/mtp8_22_0_1030_32.2.blif
sis -x -c "read_library data/genlib/mcnc.genlib;read_blif appntk/mtp8_22_0_1030_32.2.blif;print_map_stats" | grep -e "Most Negative Slack" -e "Total Area"
"appntk/mtp8_22_0_1030_32.2.blif", line 9: .and_gate_delay 1.9
Total Area		= 1030.00
Most Negative Slack	= -55.60
Nodes = 505. Try = 471. Resub = 0. Div = 43278. SAT calls = 1529. Timeouts = 0. MaxDivs = 53.
Attempts :   Remove      0 out of    942 (  0.00 %)   Resub       0 out of    205 (  0.00 %)   
Reduction:   Nodes       0 out of    505 (  0.00 %)   Edges       0 out of   1010 (  0.00 %)   
Win =     0.00 sec (  0.83 %)
Div =     0.01 sec (  3.25 %)
Aig =     0.01 sec (  2.70 %)
Gia =     0.00 sec (  0.00 %)
Cnf =     0.00 sec (  0.48 %)
Sat =     0.16 sec ( 74.47 %)
Int =     0.00 sec (  0.00 %)
ALL =     0.21 sec (100.00 %)
round 23

0%   10   20   30   40   50   60   70   80   90   100%
|----|----|----|----|----|----|----|----|----|----|
seed = 1566914096 patience = 3
***************************************************
time = 3120041169
mtp8_23_0
area = 1024
delay = 30.2
write_blif appntk/mtp8_23_0_1024_30.2.blif
sis -x -c "read_library data/genlib/mcnc.genlib;read_blif appntk/mtp8_23_0_1024_30.2.blif;print_map_stats" | grep -e "Most Negative Slack" -e "Total Area"
"appntk/mtp8_23_0_1024_30.2.blif", line 9: .and_gate_delay 1.9
Total Area		= 1024.00
Most Negative Slack	= -54.50
Nodes = 505. Try = 471. Resub = 0. Div = 43282. SAT calls = 1536. Timeouts = 0. MaxDivs = 53.
Attempts :   Remove      0 out of    942 (  0.00 %)   Resub       0 out of    205 (  0.00 %)   
Reduction:   Nodes       0 out of    505 (  0.00 %)   Edges       0 out of   1010 (  0.00 %)   
Win =     0.00 sec (  0.81 %)
Div =     0.01 sec (  3.37 %)
Aig =     0.01 sec (  3.01 %)
Gia =     0.00 sec (  0.00 %)
Cnf =     0.00 sec (  0.47 %)
Sat =     0.20 sec ( 72.54 %)
Int =     0.00 sec (  0.00 %)
ALL =     0.28 sec (100.00 %)
round 24

0%   10   20   30   40   50   60   70   80   90   100%
|----|----|----|----|----|----|----|----|----|----|
seed = 1566914118 patience = 4
***************************************************
Network does not change, frame number changes to 256
time = 3139706961
mtp8_24_0
area = 1030
delay = 32.2
write_blif appntk/mtp8_24_0_1030_32.2.blif
sis -x -c "read_library data/genlib/mcnc.genlib;read_blif appntk/mtp8_24_0_1030_32.2.blif;print_map_stats" | grep -e "Most Negative Slack" -e "Total Area"
"appntk/mtp8_24_0_1030_32.2.blif", line 9: .and_gate_delay 1.9
Total Area		= 1030.00
Most Negative Slack	= -55.60
Nodes = 505. Try = 471. Resub = 0. Div = 43278. SAT calls = 1529. Timeouts = 0. MaxDivs = 53.
Attempts :   Remove      0 out of    942 (  0.00 %)   Resub       0 out of    205 (  0.00 %)   
Reduction:   Nodes       0 out of    505 (  0.00 %)   Edges       0 out of   1010 (  0.00 %)   
Win =     0.00 sec (  0.85 %)
Div =     0.01 sec (  3.36 %)
Aig =     0.01 sec (  2.85 %)
Gia =     0.00 sec (  0.00 %)
Cnf =     0.00 sec (  0.48 %)
Sat =     0.17 sec ( 74.18 %)
Int =     0.00 sec (  0.00 %)
ALL =     0.23 sec (100.00 %)
round 25

0%   10   20   30   40   50   60   70   80   90   100%
|----|----|----|----|----|----|----|----|----|----|
seed = 1566914137 patience = 0
***************************************************
best node n186 best error 0.0118945
time = 3153652433
mtp8_25_0.0118945
area = 1020
delay = 32.6
write_blif appntk/mtp8_25_0.0118945_1020_32.6.blif
sis -x -c "read_library data/genlib/mcnc.genlib;read_blif appntk/mtp8_25_0.0118945_1020_32.6.blif;print_map_stats" | grep -e "Most Negative Slack" -e "Total Area"
"appntk/mtp8_25_0.0118945_1020_32.6.blif", line 9: .and_gate_delay 1.9
Total Area		= 1020.00
Most Negative Slack	= -55.80
Nodes = 502. Try = 468. Resub = 0. Div = 42920. SAT calls = 1536. Timeouts = 0. MaxDivs = 53.
Attempts :   Remove      0 out of    936 (  0.00 %)   Resub       0 out of    204 (  0.00 %)   
Reduction:   Nodes       0 out of    502 (  0.00 %)   Edges       0 out of   1004 (  0.00 %)   
Win =     0.00 sec (  0.83 %)
Div =     0.01 sec (  3.34 %)
Aig =     0.01 sec (  2.95 %)
Gia =     0.00 sec (  0.00 %)
Cnf =     0.00 sec (  0.47 %)
Sat =     0.21 sec ( 73.19 %)
Int =     0.00 sec (  0.00 %)
ALL =     0.28 sec (100.00 %)
round 26

0%   10   20   30   40   50   60   70   80   90   100%
|----|----|----|----|----|----|----|----|----|----|
seed = 1566914151 patience = 0
***************************************************
time = 3167482329
mtp8_26_0.0118945
area = 1016
delay = 31.5
write_blif appntk/mtp8_26_0.0118945_1016_31.5.blif
sis -x -c "read_library data/genlib/mcnc.genlib;read_blif appntk/mtp8_26_0.0118945_1016_31.5.blif;print_map_stats" | grep -e "Most Negative Slack" -e "Total Area"
"appntk/mtp8_26_0.0118945_1016_31.5.blif", line 9: .and_gate_delay 1.9
Total Area		= 1016.00
Most Negative Slack	= -54.60
Nodes = 502. Try = 468. Resub = 0. Div = 42916. SAT calls = 1524. Timeouts = 0. MaxDivs = 53.
Attempts :   Remove      0 out of    936 (  0.00 %)   Resub       0 out of    204 (  0.00 %)   
Reduction:   Nodes       0 out of    502 (  0.00 %)   Edges       0 out of   1004 (  0.00 %)   
Win =     0.00 sec (  0.87 %)
Div =     0.01 sec (  3.26 %)
Aig =     0.01 sec (  2.66 %)
Gia =     0.00 sec (  0.00 %)
Cnf =     0.00 sec (  0.48 %)
Sat =     0.15 sec ( 74.53 %)
Int =     0.00 sec (  0.00 %)
ALL =     0.21 sec (100.00 %)
round 27

0%   10   20   30   40   50   60   70   80   90   100%
|----|----|----|----|----|----|----|----|----|----|
seed = 1566914165 patience = 1
***************************************************
time = 3178193731
mtp8_27_0.0118945
area = 1020
delay = 32.6
write_blif appntk/mtp8_27_0.0118945_1020_32.6.blif
sis -x -c "read_library data/genlib/mcnc.genlib;read_blif appntk/mtp8_27_0.0118945_1020_32.6.blif;print_map_stats" | grep -e "Most Negative Slack" -e "Total Area"
"appntk/mtp8_27_0.0118945_1020_32.6.blif", line 9: .and_gate_delay 1.9
Total Area		= 1020.00
Most Negative Slack	= -55.80
Nodes = 502. Try = 468. Resub = 0. Div = 42920. SAT calls = 1536. Timeouts = 0. MaxDivs = 53.
Attempts :   Remove      0 out of    936 (  0.00 %)   Resub       0 out of    204 (  0.00 %)   
Reduction:   Nodes       0 out of    502 (  0.00 %)   Edges       0 out of   1004 (  0.00 %)   
Win =     0.00 sec (  0.82 %)
Div =     0.01 sec (  3.30 %)
Aig =     0.01 sec (  2.93 %)
Gia =     0.00 sec (  0.00 %)
Cnf =     0.00 sec (  0.47 %)
Sat =     0.21 sec ( 73.15 %)
Int =     0.00 sec (  0.00 %)
ALL =     0.28 sec (100.00 %)
round 28

0%   10   20   30   40   50   60   70   80   90   100%
|----|----|----|----|----|----|----|----|----|----|
seed = 1566914176 patience = 2
***************************************************
time = 3191255618
mtp8_28_0.0118945
area = 1016
delay = 31.5
write_blif appntk/mtp8_28_0.0118945_1016_31.5.blif
sis -x -c "read_library data/genlib/mcnc.genlib;read_blif appntk/mtp8_28_0.0118945_1016_31.5.blif;print_map_stats" | grep -e "Most Negative Slack" -e "Total Area"
"appntk/mtp8_28_0.0118945_1016_31.5.blif", line 9: .and_gate_delay 1.9
Total Area		= 1016.00
Most Negative Slack	= -54.60
Nodes = 502. Try = 468. Resub = 0. Div = 42916. SAT calls = 1524. Timeouts = 0. MaxDivs = 53.
Attempts :   Remove      0 out of    936 (  0.00 %)   Resub       0 out of    204 (  0.00 %)   
Reduction:   Nodes       0 out of    502 (  0.00 %)   Edges       0 out of   1004 (  0.00 %)   
Win =     0.00 sec (  0.87 %)
Div =     0.01 sec (  3.26 %)
Aig =     0.01 sec (  2.69 %)
Gia =     0.00 sec (  0.00 %)
Cnf =     0.00 sec (  0.48 %)
Sat =     0.15 sec ( 74.73 %)
Int =     0.00 sec (  0.00 %)
ALL =     0.21 sec (100.00 %)
round 29

0%   10   20   30   40   50   60   70   80   90   100%
|----|----|----|----|----|----|----|----|----|----|
seed = 1566914189 patience = 3
***************************************************
time = 3203117709
mtp8_29_0.0118945
area = 1020
delay = 32.6
write_blif appntk/mtp8_29_0.0118945_1020_32.6.blif
sis -x -c "read_library data/genlib/mcnc.genlib;read_blif appntk/mtp8_29_0.0118945_1020_32.6.blif;print_map_stats" | grep -e "Most Negative Slack" -e "Total Area"
"appntk/mtp8_29_0.0118945_1020_32.6.blif", line 9: .and_gate_delay 1.9
Total Area		= 1020.00
Most Negative Slack	= -55.80
Nodes = 502. Try = 468. Resub = 0. Div = 42920. SAT calls = 1536. Timeouts = 0. MaxDivs = 53.
Attempts :   Remove      0 out of    936 (  0.00 %)   Resub       0 out of    204 (  0.00 %)   
Reduction:   Nodes       0 out of    502 (  0.00 %)   Edges       0 out of   1004 (  0.00 %)   
Win =     0.00 sec (  0.84 %)
Div =     0.01 sec (  3.30 %)
Aig =     0.01 sec (  2.97 %)
Gia =     0.00 sec (  0.00 %)
Cnf =     0.00 sec (  0.47 %)
Sat =     0.21 sec ( 73.06 %)
Int =     0.00 sec (  0.00 %)
ALL =     0.29 sec (100.00 %)
round 30

0%   10   20   30   40   50   60   70   80   90   100%
|----|----|----|----|----|----|----|----|----|----|
seed = 1566914201 patience = 4
***************************************************
best node n85 best error 0.0241797
time = 3216652165
mtp8_30_0.0241797
area = 1012
delay = 31.8
write_blif appntk/mtp8_30_0.0241797_1012_31.8.blif
sis -x -c "read_library data/genlib/mcnc.genlib;read_blif appntk/mtp8_30_0.0241797_1012_31.8.blif;print_map_stats" | grep -e "Most Negative Slack" -e "Total Area"
"appntk/mtp8_30_0.0241797_1012_31.8.blif", line 9: .and_gate_delay 1.9
Total Area		= 1012.00
Most Negative Slack	= -54.60
Nodes = 500. Try = 466. Resub = 0. Div = 42713. SAT calls = 1538. Timeouts = 0. MaxDivs = 53.
Attempts :   Remove      0 out of    932 (  0.00 %)   Resub       0 out of    204 (  0.00 %)   
Reduction:   Nodes       0 out of    500 (  0.00 %)   Edges       0 out of   1000 (  0.00 %)   
Win =     0.00 sec (  0.87 %)
Div =     0.01 sec (  3.22 %)
Aig =     0.01 sec (  2.65 %)
Gia =     0.00 sec (  0.00 %)
Cnf =     0.00 sec (  0.48 %)
Sat =     0.16 sec ( 75.20 %)
Int =     0.00 sec (  0.00 %)
ALL =     0.21 sec (100.00 %)
round 31

0%   10   20   30   40   50   60   70   80   90   100%
|----|----|----|----|----|----|----|----|----|----|
seed = 1566914214 patience = 0
***************************************************
time = 3227384001
mtp8_31_0.0241797
area = 1016
delay = 31.8
write_blif appntk/mtp8_31_0.0241797_1016_31.8.blif
sis -x -c "read_library data/genlib/mcnc.genlib;read_blif appntk/mtp8_31_0.0241797_1016_31.8.blif;print_map_stats" | grep -e "Most Negative Slack" -e "Total Area"
"appntk/mtp8_31_0.0241797_1016_31.8.blif", line 9: .and_gate_delay 1.9
Total Area		= 1016.00
Most Negative Slack	= -55.80
Nodes = 500. Try = 466. Resub = 0. Div = 42717. SAT calls = 1556. Timeouts = 0. MaxDivs = 53.
Attempts :   Remove      0 out of    932 (  0.00 %)   Resub       0 out of    204 (  0.00 %)   
Reduction:   Nodes       0 out of    500 (  0.00 %)   Edges       0 out of   1000 (  0.00 %)   
Win =     0.00 sec (  0.87 %)
Div =     0.01 sec (  3.24 %)
Aig =     0.01 sec (  2.67 %)
Gia =     0.00 sec (  0.00 %)
Cnf =     0.00 sec (  0.48 %)
Sat =     0.16 sec ( 75.05 %)
Int =     0.00 sec (  0.00 %)
ALL =     0.21 sec (100.00 %)
round 32

0%   10   20   30   40   50   60   70   80   90   100%
|----|----|----|----|----|----|----|----|----|----|
seed = 1566914225 patience = 1
***************************************************
time = 3236319699
mtp8_32_0.0241797
area = 1012
delay = 31.8
write_blif appntk/mtp8_32_0.0241797_1012_31.8.blif
sis -x -c "read_library data/genlib/mcnc.genlib;read_blif appntk/mtp8_32_0.0241797_1012_31.8.blif;print_map_stats" | grep -e "Most Negative Slack" -e "Total Area"
"appntk/mtp8_32_0.0241797_1012_31.8.blif", line 9: .and_gate_delay 1.9
Total Area		= 1012.00
Most Negative Slack	= -54.60
Nodes = 500. Try = 466. Resub = 0. Div = 42713. SAT calls = 1538. Timeouts = 0. MaxDivs = 53.
Attempts :   Remove      0 out of    932 (  0.00 %)   Resub       0 out of    204 (  0.00 %)   
Reduction:   Nodes       0 out of    500 (  0.00 %)   Edges       0 out of   1000 (  0.00 %)   
Win =     0.00 sec (  0.84 %)
Div =     0.01 sec (  3.24 %)
Aig =     0.01 sec (  2.92 %)
Gia =     0.00 sec (  0.00 %)
Cnf =     0.00 sec (  0.47 %)
Sat =     0.21 sec ( 73.11 %)
Int =     0.00 sec (  0.00 %)
ALL =     0.29 sec (100.00 %)
round 33

0%   10   20   30   40   50   60   70   80   90   100%
|----|----|----|----|----|----|----|----|----|----|
seed = 1566914234 patience = 2
***************************************************
time = 3246691037
mtp8_33_0.0241797
area = 1016
delay = 31.8
write_blif appntk/mtp8_33_0.0241797_1016_31.8.blif
sis -x -c "read_library data/genlib/mcnc.genlib;read_blif appntk/mtp8_33_0.0241797_1016_31.8.blif;print_map_stats" | grep -e "Most Negative Slack" -e "Total Area"
"appntk/mtp8_33_0.0241797_1016_31.8.blif", line 9: .and_gate_delay 1.9
Total Area		= 1016.00
Most Negative Slack	= -55.80
Nodes = 500. Try = 466. Resub = 0. Div = 42717. SAT calls = 1556. Timeouts = 0. MaxDivs = 53.
Attempts :   Remove      0 out of    932 (  0.00 %)   Resub       0 out of    204 (  0.00 %)   
Reduction:   Nodes       0 out of    500 (  0.00 %)   Edges       0 out of   1000 (  0.00 %)   
Win =     0.00 sec (  0.87 %)
Div =     0.01 sec (  3.21 %)
Aig =     0.01 sec (  2.67 %)
Gia =     0.00 sec (  0.00 %)
Cnf =     0.00 sec (  0.48 %)
Sat =     0.16 sec ( 74.85 %)
Int =     0.00 sec (  0.00 %)
ALL =     0.21 sec (100.00 %)
round 34

0%   10   20   30   40   50   60   70   80   90   100%
|----|----|----|----|----|----|----|----|----|----|
seed = 1566914244 patience = 3
***************************************************
time = 3258814218
mtp8_34_0.0241797
area = 1012
delay = 31.8
write_blif appntk/mtp8_34_0.0241797_1012_31.8.blif
sis -x -c "read_library data/genlib/mcnc.genlib;read_blif appntk/mtp8_34_0.0241797_1012_31.8.blif;print_map_stats" | grep -e "Most Negative Slack" -e "Total Area"
"appntk/mtp8_34_0.0241797_1012_31.8.blif", line 9: .and_gate_delay 1.9
Total Area		= 1012.00
Most Negative Slack	= -54.60
Nodes = 500. Try = 466. Resub = 0. Div = 42713. SAT calls = 1538. Timeouts = 0. MaxDivs = 53.
Attempts :   Remove      0 out of    932 (  0.00 %)   Resub       0 out of    204 (  0.00 %)   
Reduction:   Nodes       0 out of    500 (  0.00 %)   Edges       0 out of   1000 (  0.00 %)   
Win =     0.00 sec (  0.87 %)
Div =     0.01 sec (  3.25 %)
Aig =     0.01 sec (  2.68 %)
Gia =     0.00 sec (  0.00 %)
Cnf =     0.00 sec (  0.50 %)
Sat =     0.15 sec ( 74.85 %)
Int =     0.00 sec (  0.00 %)
ALL =     0.21 sec (100.00 %)
round 35

0%   10   20   30   40   50   60   70   80   90   100%
|----|----|----|----|----|----|----|----|----|----|
seed = 1566914256 patience = 4
***************************************************
Network does not change, frame number changes to 128
time = 3270336112
mtp8_35_0.0241797
area = 1016
delay = 31.8
write_blif appntk/mtp8_35_0.0241797_1016_31.8.blif
sis -x -c "read_library data/genlib/mcnc.genlib;read_blif appntk/mtp8_35_0.0241797_1016_31.8.blif;print_map_stats" | grep -e "Most Negative Slack" -e "Total Area"
"appntk/mtp8_35_0.0241797_1016_31.8.blif", line 9: .and_gate_delay 1.9
Total Area		= 1016.00
Most Negative Slack	= -55.80
Nodes = 500. Try = 466. Resub = 0. Div = 42717. SAT calls = 1556. Timeouts = 0. MaxDivs = 53.
Attempts :   Remove      0 out of    932 (  0.00 %)   Resub       0 out of    204 (  0.00 %)   
Reduction:   Nodes       0 out of    500 (  0.00 %)   Edges       0 out of   1000 (  0.00 %)   
Win =     0.00 sec (  0.87 %)
Div =     0.01 sec (  3.24 %)
Aig =     0.01 sec (  2.67 %)
Gia =     0.00 sec (  0.00 %)
Cnf =     0.00 sec (  0.48 %)
Sat =     0.16 sec ( 74.64 %)
Int =     0.00 sec (  0.00 %)
ALL =     0.21 sec (100.00 %)
round 36

0%   10   20   30   40   50   60   70   80   90   100%
|----|----|----|----|----|----|----|----|----|----|
seed = 1566914268 patience = 0
***************************************************
time = 3277485889
mtp8_36_0.0241797
area = 1012
delay = 31.8
write_blif appntk/mtp8_36_0.0241797_1012_31.8.blif
sis -x -c "read_library data/genlib/mcnc.genlib;read_blif appntk/mtp8_36_0.0241797_1012_31.8.blif;print_map_stats" | grep -e "Most Negative Slack" -e "Total Area"
"appntk/mtp8_36_0.0241797_1012_31.8.blif", line 9: .and_gate_delay 1.9
Total Area		= 1012.00
Most Negative Slack	= -54.60
Nodes = 500. Try = 466. Resub = 0. Div = 42713. SAT calls = 1538. Timeouts = 0. MaxDivs = 53.
Attempts :   Remove      0 out of    932 (  0.00 %)   Resub       0 out of    204 (  0.00 %)   
Reduction:   Nodes       0 out of    500 (  0.00 %)   Edges       0 out of   1000 (  0.00 %)   
Win =     0.00 sec (  0.88 %)
Div =     0.01 sec (  3.25 %)
Aig =     0.01 sec (  2.69 %)
Gia =     0.00 sec (  0.00 %)
Cnf =     0.00 sec (  0.51 %)
Sat =     0.16 sec ( 75.00 %)
Int =     0.00 sec (  0.00 %)
ALL =     0.21 sec (100.00 %)
round 37

0%   10   20   30   40   50   60   70   80   90   100%
|----|----|----|----|----|----|----|----|----|----|
seed = 1566914275 patience = 1
***************************************************
time = 3282763346
mtp8_37_0.0241797
area = 1016
delay = 31.8
write_blif appntk/mtp8_37_0.0241797_1016_31.8.blif
sis -x -c "read_library data/genlib/mcnc.genlib;read_blif appntk/mtp8_37_0.0241797_1016_31.8.blif;print_map_stats" | grep -e "Most Negative Slack" -e "Total Area"
"appntk/mtp8_37_0.0241797_1016_31.8.blif", line 9: .and_gate_delay 1.9
Total Area		= 1016.00
Most Negative Slack	= -55.80
Nodes = 500. Try = 466. Resub = 0. Div = 42717. SAT calls = 1556. Timeouts = 0. MaxDivs = 53.
Attempts :   Remove      0 out of    932 (  0.00 %)   Resub       0 out of    204 (  0.00 %)   
Reduction:   Nodes       0 out of    500 (  0.00 %)   Edges       0 out of   1000 (  0.00 %)   
Win =     0.00 sec (  0.83 %)
Div =     0.01 sec (  3.14 %)
Aig =     0.01 sec (  2.88 %)
Gia =     0.00 sec (  0.00 %)
Cnf =     0.00 sec (  0.50 %)
Sat =     0.21 sec ( 72.99 %)
Int =     0.00 sec (  0.00 %)
ALL =     0.29 sec (100.00 %)
round 38

0%   10   20   30   40   50   60   70   80   90   100%
|----|----|----|----|----|----|----|----|----|----|
seed = 1566914281 patience = 2
***************************************************
time = 3290461409
mtp8_38_0.0241797
area = 1012
delay = 31.8
write_blif appntk/mtp8_38_0.0241797_1012_31.8.blif
sis -x -c "read_library data/genlib/mcnc.genlib;read_blif appntk/mtp8_38_0.0241797_1012_31.8.blif;print_map_stats" | grep -e "Most Negative Slack" -e "Total Area"
"appntk/mtp8_38_0.0241797_1012_31.8.blif", line 9: .and_gate_delay 1.9
Total Area		= 1012.00
Most Negative Slack	= -54.60
Nodes = 500. Try = 466. Resub = 0. Div = 42713. SAT calls = 1538. Timeouts = 0. MaxDivs = 53.
Attempts :   Remove      0 out of    932 (  0.00 %)   Resub       0 out of    204 (  0.00 %)   
Reduction:   Nodes       0 out of    500 (  0.00 %)   Edges       0 out of   1000 (  0.00 %)   
Win =     0.00 sec (  0.82 %)
Div =     0.01 sec (  3.23 %)
Aig =     0.01 sec (  2.89 %)
Gia =     0.00 sec (  0.00 %)
Cnf =     0.00 sec (  0.48 %)
Sat =     0.21 sec ( 73.10 %)
Int =     0.00 sec (  0.00 %)
ALL =     0.28 sec (100.00 %)
round 39

0%   10   20   30   40   50   60   70   80   90   100%
|----|----|----|----|----|----|----|----|----|----|
seed = 1566914288 patience = 3
***************************************************
best node n155 best error 0.0352246
time = 3298247062
mtp8_39_0.0352246
area = 1007
delay = 31
write_blif appntk/mtp8_39_0.0352246_1007_31.blif
sis -x -c "read_library data/genlib/mcnc.genlib;read_blif appntk/mtp8_39_0.0352246_1007_31.blif;print_map_stats" | grep -e "Most Negative Slack" -e "Total Area"
"appntk/mtp8_39_0.0352246_1007_31.blif", line 9: .and_gate_delay 1.9
Total Area		= 1007.00
Most Negative Slack	= -54.80
Nodes = 498. Try = 467. Resub = 0. Div = 42954. SAT calls = 1565. Timeouts = 0. MaxDivs = 54.
Attempts :   Remove      0 out of    932 (  0.00 %)   Resub       0 out of    204 (  0.00 %)   
Reduction:   Nodes       0 out of    498 (  0.00 %)   Edges       0 out of    996 (  0.00 %)   
Win =     0.00 sec (  0.88 %)
Div =     0.01 sec (  3.15 %)
Aig =     0.01 sec (  2.62 %)
Gia =     0.00 sec (  0.00 %)
Cnf =     0.00 sec (  0.49 %)
Sat =     0.16 sec ( 75.36 %)
Int =     0.00 sec (  0.00 %)
ALL =     0.21 sec (100.00 %)
round 40

0%   10   20   30   40   50   60   70   80   90   100%
|----|----|----|----|----|----|----|----|----|----|
seed = 1566914296 patience = 0
***************************************************
time = 3303632738
mtp8_40_0.0352246
area = 1005
delay = 31
write_blif appntk/mtp8_40_0.0352246_1005_31.blif
sis -x -c "read_library data/genlib/mcnc.genlib;read_blif appntk/mtp8_40_0.0352246_1005_31.blif;print_map_stats" | grep -e "Most Negative Slack" -e "Total Area"
"appntk/mtp8_40_0.0352246_1005_31.blif", line 9: .and_gate_delay 1.9
Total Area		= 1005.00
Most Negative Slack	= -54.80
Nodes = 498. Try = 467. Resub = 0. Div = 42950. SAT calls = 1533. Timeouts = 0. MaxDivs = 54.
Attempts :   Remove      0 out of    932 (  0.00 %)   Resub       0 out of    204 (  0.00 %)   
Reduction:   Nodes       0 out of    498 (  0.00 %)   Edges       0 out of    996 (  0.00 %)   
Win =     0.00 sec (  0.91 %)
Div =     0.01 sec (  3.20 %)
Aig =     0.01 sec (  2.65 %)
Gia =     0.00 sec (  0.00 %)
Cnf =     0.00 sec (  0.50 %)
Sat =     0.16 sec ( 74.58 %)
Int =     0.00 sec (  0.00 %)
ALL =     0.21 sec (100.00 %)
round 41

0%   10   20   30   40   50   60   70   80   90   100%
|----|----|----|----|----|----|----|----|----|----|
seed = 1566914301 patience = 1
***************************************************
time = 3308892924
mtp8_41_0.0352246
area = 1007
delay = 31
write_blif appntk/mtp8_41_0.0352246_1007_31.blif
sis -x -c "read_library data/genlib/mcnc.genlib;read_blif appntk/mtp8_41_0.0352246_1007_31.blif;print_map_stats" | grep -e "Most Negative Slack" -e "Total Area"
"appntk/mtp8_41_0.0352246_1007_31.blif", line 9: .and_gate_delay 1.9
Total Area		= 1007.00
Most Negative Slack	= -54.80
Nodes = 498. Try = 467. Resub = 0. Div = 42954. SAT calls = 1573. Timeouts = 0. MaxDivs = 54.
Attempts :   Remove      0 out of    932 (  0.00 %)   Resub       0 out of    204 (  0.00 %)   
Reduction:   Nodes       0 out of    498 (  0.00 %)   Edges       0 out of    996 (  0.00 %)   
Win =     0.00 sec (  0.88 %)
Div =     0.01 sec (  3.11 %)
Aig =     0.01 sec (  2.62 %)
Gia =     0.00 sec (  0.00 %)
Cnf =     0.00 sec (  0.47 %)
Sat =     0.16 sec ( 75.46 %)
Int =     0.00 sec (  0.00 %)
ALL =     0.22 sec (100.00 %)
round 42

0%   10   20   30   40   50   60   70   80   90   100%
|----|----|----|----|----|----|----|----|----|----|
seed = 1566914307 patience = 2
***************************************************
time = 3314170045
mtp8_42_0.0352246
area = 1005
delay = 31
write_blif appntk/mtp8_42_0.0352246_1005_31.blif
sis -x -c "read_library data/genlib/mcnc.genlib;read_blif appntk/mtp8_42_0.0352246_1005_31.blif;print_map_stats" | grep -e "Most Negative Slack" -e "Total Area"
"appntk/mtp8_42_0.0352246_1005_31.blif", line 9: .and_gate_delay 1.9
Total Area		= 1005.00
Most Negative Slack	= -54.80
Nodes = 498. Try = 467. Resub = 0. Div = 42950. SAT calls = 1532. Timeouts = 0. MaxDivs = 54.
Attempts :   Remove      0 out of    932 (  0.00 %)   Resub       0 out of    204 (  0.00 %)   
Reduction:   Nodes       0 out of    498 (  0.00 %)   Edges       0 out of    996 (  0.00 %)   
Win =     0.00 sec (  0.91 %)
Div =     0.01 sec (  3.20 %)
Aig =     0.01 sec (  2.68 %)
Gia =     0.00 sec (  0.00 %)
Cnf =     0.00 sec (  0.48 %)
Sat =     0.16 sec ( 74.22 %)
Int =     0.00 sec (  0.00 %)
ALL =     0.21 sec (100.00 %)
round 43

0%   10   20   30   40   50   60   70   80   90   100%
|----|----|----|----|----|----|----|----|----|----|
seed = 1566914312 patience = 3
***************************************************
time = 3319411751
mtp8_43_0.0352246
area = 1007
delay = 31
write_blif appntk/mtp8_43_0.0352246_1007_31.blif
sis -x -c "read_library data/genlib/mcnc.genlib;read_blif appntk/mtp8_43_0.0352246_1007_31.blif;print_map_stats" | grep -e "Most Negative Slack" -e "Total Area"
"appntk/mtp8_43_0.0352246_1007_31.blif", line 9: .and_gate_delay 1.9
Total Area		= 1007.00
Most Negative Slack	= -54.80
Nodes = 498. Try = 467. Resub = 0. Div = 42954. SAT calls = 1567. Timeouts = 0. MaxDivs = 54.
Attempts :   Remove      0 out of    932 (  0.00 %)   Resub       0 out of    204 (  0.00 %)   
Reduction:   Nodes       0 out of    498 (  0.00 %)   Edges       0 out of    996 (  0.00 %)   
Win =     0.00 sec (  0.87 %)
Div =     0.01 sec (  3.11 %)
Aig =     0.01 sec (  2.59 %)
Gia =     0.00 sec (  0.00 %)
Cnf =     0.00 sec (  0.47 %)
Sat =     0.16 sec ( 75.55 %)
Int =     0.00 sec (  0.00 %)
ALL =     0.22 sec (100.00 %)
round 44

0%   10   20   30   40   50   60   70   80   90   100%
|----|----|----|----|----|----|----|----|----|----|
seed = 1566914317 patience = 4
***************************************************
Network does not change, frame number changes to 64
time = 3324697964
mtp8_44_0.0352246
area = 1005
delay = 31
write_blif appntk/mtp8_44_0.0352246_1005_31.blif
sis -x -c "read_library data/genlib/mcnc.genlib;read_blif appntk/mtp8_44_0.0352246_1005_31.blif;print_map_stats" | grep -e "Most Negative Slack" -e "Total Area"
"appntk/mtp8_44_0.0352246_1005_31.blif", line 9: .and_gate_delay 1.9
Total Area		= 1005.00
Most Negative Slack	= -54.80
Nodes = 498. Try = 467. Resub = 0. Div = 42950. SAT calls = 1532. Timeouts = 0. MaxDivs = 54.
Attempts :   Remove      0 out of    932 (  0.00 %)   Resub       0 out of    204 (  0.00 %)   
Reduction:   Nodes       0 out of    498 (  0.00 %)   Edges       0 out of    996 (  0.00 %)   
Win =     0.00 sec (  0.90 %)
Div =     0.01 sec (  3.34 %)
Aig =     0.01 sec (  2.98 %)
Gia =     0.00 sec (  0.00 %)
Cnf =     0.00 sec (  0.47 %)
Sat =     0.20 sec ( 72.85 %)
Int =     0.00 sec (  0.00 %)
ALL =     0.28 sec (100.00 %)
round 45

0%   10   20   30   40   50   60   70   80   90   100%
|----|----|----|----|----|----|----|----|----|----|
seed = 1566914323 patience = 0
***************************************************
time = 3329537397
mtp8_45_0.0352246
area = 1007
delay = 31
write_blif appntk/mtp8_45_0.0352246_1007_31.blif
sis -x -c "read_library data/genlib/mcnc.genlib;read_blif appntk/mtp8_45_0.0352246_1007_31.blif;print_map_stats" | grep -e "Most Negative Slack" -e "Total Area"
"appntk/mtp8_45_0.0352246_1007_31.blif", line 9: .and_gate_delay 1.9
Total Area		= 1007.00
Most Negative Slack	= -54.80
Nodes = 498. Try = 467. Resub = 0. Div = 42954. SAT calls = 1567. Timeouts = 0. MaxDivs = 54.
Attempts :   Remove      0 out of    932 (  0.00 %)   Resub       0 out of    204 (  0.00 %)   
Reduction:   Nodes       0 out of    498 (  0.00 %)   Edges       0 out of    996 (  0.00 %)   
Win =     0.00 sec (  0.85 %)
Div =     0.01 sec (  3.21 %)
Aig =     0.01 sec (  2.90 %)
Gia =     0.00 sec (  0.00 %)
Cnf =     0.00 sec (  0.46 %)
Sat =     0.21 sec ( 73.91 %)
Int =     0.00 sec (  0.00 %)
ALL =     0.29 sec (100.00 %)
round 46

0%   10   20   30   40   50   60   70   80   90   100%
|----|----|----|----|----|----|----|----|----|----|
seed = 1566914328 patience = 1
***************************************************
time = 3334495055
mtp8_46_0.0352246
area = 1005
delay = 31
write_blif appntk/mtp8_46_0.0352246_1005_31.blif
sis -x -c "read_library data/genlib/mcnc.genlib;read_blif appntk/mtp8_46_0.0352246_1005_31.blif;print_map_stats" | grep -e "Most Negative Slack" -e "Total Area"
"appntk/mtp8_46_0.0352246_1005_31.blif", line 9: .and_gate_delay 1.9
Total Area		= 1005.00
Most Negative Slack	= -54.80
Nodes = 498. Try = 467. Resub = 0. Div = 42950. SAT calls = 1532. Timeouts = 0. MaxDivs = 54.
Attempts :   Remove      0 out of    932 (  0.00 %)   Resub       0 out of    204 (  0.00 %)   
Reduction:   Nodes       0 out of    498 (  0.00 %)   Edges       0 out of    996 (  0.00 %)   
Win =     0.00 sec (  0.89 %)
Div =     0.01 sec (  3.35 %)
Aig =     0.01 sec (  3.00 %)
Gia =     0.00 sec (  0.00 %)
Cnf =     0.00 sec (  0.48 %)
Sat =     0.20 sec ( 72.88 %)
Int =     0.00 sec (  0.00 %)
ALL =     0.27 sec (100.00 %)
round 47

0%   10   20   30   40   50   60   70   80   90   100%
|----|----|----|----|----|----|----|----|----|----|
seed = 1566914333 patience = 2
***************************************************
time = 3338442697
mtp8_47_0.0352246
area = 1007
delay = 31
write_blif appntk/mtp8_47_0.0352246_1007_31.blif
sis -x -c "read_library data/genlib/mcnc.genlib;read_blif appntk/mtp8_47_0.0352246_1007_31.blif;print_map_stats" | grep -e "Most Negative Slack" -e "Total Area"
"appntk/mtp8_47_0.0352246_1007_31.blif", line 9: .and_gate_delay 1.9
Total Area		= 1007.00
Most Negative Slack	= -54.80
Nodes = 498. Try = 467. Resub = 0. Div = 42954. SAT calls = 1567. Timeouts = 0. MaxDivs = 54.
Attempts :   Remove      0 out of    932 (  0.00 %)   Resub       0 out of    204 (  0.00 %)   
Reduction:   Nodes       0 out of    498 (  0.00 %)   Edges       0 out of    996 (  0.00 %)   
Win =     0.00 sec (  0.89 %)
Div =     0.01 sec (  3.12 %)
Aig =     0.01 sec (  2.60 %)
Gia =     0.00 sec (  0.00 %)
Cnf =     0.00 sec (  0.47 %)
Sat =     0.16 sec ( 75.52 %)
Int =     0.00 sec (  0.00 %)
ALL =     0.22 sec (100.00 %)
round 48

0%   10   20   30   40   50   60   70   80   90   100%
|----|----|----|----|----|----|----|----|----|----|
seed = 1566914336 patience = 3
***************************************************
best node n521 best error 0.0957715
time = 3341864765
