Entered genlib library with 23 gates from file "data/genlib/mcnc.genlib".
Nodes = 462. Try = 434. Resub = 5. Div = 39880. SAT calls = 1385. Timeouts = 0. MaxDivs = 48.
Attempts :   Remove      3 out of    863 (  0.35 %)   Resub       2 out of    119 (  1.68 %)   
Reduction:   Nodes       4 out of    462 (  0.87 %)   Edges       9 out of    924 (  0.97 %)   
Win =     0.00 sec (  0.64 %)
Div =     0.01 sec (  2.70 %)
Aig =     0.01 sec (  2.50 %)
Gia =     0.00 sec (  0.00 %)
Cnf =     0.00 sec (  0.41 %)
Sat =     0.25 sec ( 75.26 %)
Int =     0.00 sec (  0.95 %)
ALL =     0.33 sec (100.00 %)
round 0

0%   10   20   30   40   50   60   70   80   90   100%
|----|----|----|----|----|----|----|----|----|----|
seed = 1566910994 patience = 0
***************************************************
time = 283119155
wal8_0_0
area = 981
delay = 35.8
write_blif appntk/wal8_0_0_981_35.8.blif
sis -x -c "read_library data/genlib/mcnc.genlib;read_blif appntk/wal8_0_0_981_35.8.blif;print_map_stats" | grep -e "Most Negative Slack" -e "Total Area"
"appntk/wal8_0_0_981_35.8.blif", line 11: .and_gate_delay 1.9
Total Area		= 981.00
Most Negative Slack	= -51.90
Nodes = 456. Try = 426. Resub = 0. Div = 38519. SAT calls = 1350. Timeouts = 0. MaxDivs = 48.
Attempts :   Remove      0 out of    852 (  0.00 %)   Resub       0 out of    116 (  0.00 %)   
Reduction:   Nodes       0 out of    456 (  0.00 %)   Edges       0 out of    912 (  0.00 %)   
Win =     0.00 sec (  0.61 %)
Div =     0.01 sec (  2.66 %)
Aig =     0.01 sec (  2.33 %)
Gia =     0.00 sec (  0.00 %)
Cnf =     0.00 sec (  0.42 %)
Sat =     0.18 sec ( 78.58 %)
Int =     0.00 sec (  0.00 %)
ALL =     0.22 sec (100.00 %)
round 1

0%   10   20   30   40   50   60   70   80   90   100%
|----|----|----|----|----|----|----|----|----|----|
seed = 1566911278 patience = 1
***************************************************
time = 560697184
wal8_1_0
area = 981
delay = 35.8
write_blif appntk/wal8_1_0_981_35.8.blif
sis -x -c "read_library data/genlib/mcnc.genlib;read_blif appntk/wal8_1_0_981_35.8.blif;print_map_stats" | grep -e "Most Negative Slack" -e "Total Area"
"appntk/wal8_1_0_981_35.8.blif", line 11: .and_gate_delay 1.9
Total Area		= 981.00
Most Negative Slack	= -51.90
Nodes = 456. Try = 426. Resub = 0. Div = 38519. SAT calls = 1371. Timeouts = 0. MaxDivs = 48.
Attempts :   Remove      0 out of    852 (  0.00 %)   Resub       0 out of    116 (  0.00 %)   
Reduction:   Nodes       0 out of    456 (  0.00 %)   Edges       0 out of    912 (  0.00 %)   
Win =     0.00 sec (  0.60 %)
Div =     0.01 sec (  2.73 %)
Aig =     0.01 sec (  2.50 %)
Gia =     0.00 sec (  0.00 %)
Cnf =     0.00 sec (  0.40 %)
Sat =     0.22 sec ( 76.84 %)
Int =     0.00 sec (  0.00 %)
ALL =     0.29 sec (100.00 %)
round 2

0%   10   20   30   40   50   60   70   80   90   100%
|----|----|----|----|----|----|----|----|----|----|
seed = 1566911556 patience = 2
***************************************************
time = 828184271
wal8_2_0
area = 981
delay = 35.8
write_blif appntk/wal8_2_0_981_35.8.blif
sis -x -c "read_library data/genlib/mcnc.genlib;read_blif appntk/wal8_2_0_981_35.8.blif;print_map_stats" | grep -e "Most Negative Slack" -e "Total Area"
"appntk/wal8_2_0_981_35.8.blif", line 11: .and_gate_delay 1.9
Total Area		= 981.00
Most Negative Slack	= -51.90
Nodes = 456. Try = 426. Resub = 0. Div = 38519. SAT calls = 1352. Timeouts = 0. MaxDivs = 48.
Attempts :   Remove      0 out of    852 (  0.00 %)   Resub       0 out of    116 (  0.00 %)   
Reduction:   Nodes       0 out of    456 (  0.00 %)   Edges       0 out of    912 (  0.00 %)   
Win =     0.00 sec (  0.60 %)
Div =     0.01 sec (  2.80 %)
Aig =     0.01 sec (  2.53 %)
Gia =     0.00 sec (  0.00 %)
Cnf =     0.00 sec (  0.41 %)
Sat =     0.22 sec ( 76.59 %)
Int =     0.00 sec (  0.00 %)
ALL =     0.28 sec (100.00 %)
round 3

0%   10   20   30   40   50   60   70   80   90   100%
|----|----|----|----|----|----|----|----|----|----|
seed = 1566911824 patience = 3
***************************************************
time = 1087169737
wal8_3_0
area = 981
delay = 35.8
write_blif appntk/wal8_3_0_981_35.8.blif
sis -x -c "read_library data/genlib/mcnc.genlib;read_blif appntk/wal8_3_0_981_35.8.blif;print_map_stats" | grep -e "Most Negative Slack" -e "Total Area"
"appntk/wal8_3_0_981_35.8.blif", line 11: .and_gate_delay 1.9
Total Area		= 981.00
Most Negative Slack	= -51.90
Nodes = 456. Try = 426. Resub = 0. Div = 38519. SAT calls = 1371. Timeouts = 0. MaxDivs = 48.
Attempts :   Remove      0 out of    852 (  0.00 %)   Resub       0 out of    116 (  0.00 %)   
Reduction:   Nodes       0 out of    456 (  0.00 %)   Edges       0 out of    912 (  0.00 %)   
Win =     0.00 sec (  0.57 %)
Div =     0.01 sec (  2.66 %)
Aig =     0.01 sec (  2.41 %)
Gia =     0.00 sec (  0.00 %)
Cnf =     0.00 sec (  0.39 %)
Sat =     0.23 sec ( 77.38 %)
Int =     0.00 sec (  0.00 %)
ALL =     0.30 sec (100.00 %)
round 4

0%   10   20   30   40   50   60   70   80   90   100%
|----|----|----|----|----|----|----|----|----|----|
seed = 1566912083 patience = 4
***************************************************
Network does not change, frame number changes to 4096
time = 1336390659
wal8_4_0
area = 981
delay = 35.8
write_blif appntk/wal8_4_0_981_35.8.blif
sis -x -c "read_library data/genlib/mcnc.genlib;read_blif appntk/wal8_4_0_981_35.8.blif;print_map_stats" | grep -e "Most Negative Slack" -e "Total Area"
"appntk/wal8_4_0_981_35.8.blif", line 11: .and_gate_delay 1.9
Total Area		= 981.00
Most Negative Slack	= -51.90
Nodes = 456. Try = 426. Resub = 0. Div = 38519. SAT calls = 1352. Timeouts = 0. MaxDivs = 48.
Attempts :   Remove      0 out of    852 (  0.00 %)   Resub       0 out of    116 (  0.00 %)   
Reduction:   Nodes       0 out of    456 (  0.00 %)   Edges       0 out of    912 (  0.00 %)   
Win =     0.00 sec (  0.60 %)
Div =     0.01 sec (  2.74 %)
Aig =     0.01 sec (  2.52 %)
Gia =     0.00 sec (  0.00 %)
Cnf =     0.00 sec (  0.42 %)
Sat =     0.22 sec ( 76.36 %)
Int =     0.00 sec (  0.00 %)
ALL =     0.29 sec (100.00 %)
round 5

0%   10   20   30   40   50   60   70   80   90   100%
|----|----|----|----|----|----|----|----|----|----|
seed = 1566912333 patience = 0
***************************************************
time = 1463157983
wal8_5_0
area = 981
delay = 35.8
write_blif appntk/wal8_5_0_981_35.8.blif
sis -x -c "read_library data/genlib/mcnc.genlib;read_blif appntk/wal8_5_0_981_35.8.blif;print_map_stats" | grep -e "Most Negative Slack" -e "Total Area"
"appntk/wal8_5_0_981_35.8.blif", line 11: .and_gate_delay 1.9
Total Area		= 981.00
Most Negative Slack	= -51.90
Nodes = 456. Try = 426. Resub = 0. Div = 38519. SAT calls = 1371. Timeouts = 0. MaxDivs = 48.
Attempts :   Remove      0 out of    852 (  0.00 %)   Resub       0 out of    116 (  0.00 %)   
Reduction:   Nodes       0 out of    456 (  0.00 %)   Edges       0 out of    912 (  0.00 %)   
Win =     0.00 sec (  0.60 %)
Div =     0.01 sec (  2.61 %)
Aig =     0.00 sec (  2.20 %)
Gia =     0.00 sec (  0.00 %)
Cnf =     0.00 sec (  0.42 %)
Sat =     0.18 sec ( 78.67 %)
Int =     0.00 sec (  0.00 %)
ALL =     0.22 sec (100.00 %)
round 6

0%   10   20   30   40   50   60   70   80   90   100%
|----|----|----|----|----|----|----|----|----|----|
seed = 1566912460 patience = 1
***************************************************
time = 1587965025
wal8_6_0
area = 981
delay = 35.8
write_blif appntk/wal8_6_0_981_35.8.blif
sis -x -c "read_library data/genlib/mcnc.genlib;read_blif appntk/wal8_6_0_981_35.8.blif;print_map_stats" | grep -e "Most Negative Slack" -e "Total Area"
"appntk/wal8_6_0_981_35.8.blif", line 11: .and_gate_delay 1.9
Total Area		= 981.00
Most Negative Slack	= -51.90
Nodes = 456. Try = 426. Resub = 0. Div = 38519. SAT calls = 1352. Timeouts = 0. MaxDivs = 48.
Attempts :   Remove      0 out of    852 (  0.00 %)   Resub       0 out of    116 (  0.00 %)   
Reduction:   Nodes       0 out of    456 (  0.00 %)   Edges       0 out of    912 (  0.00 %)   
Win =     0.00 sec (  0.59 %)
Div =     0.01 sec (  2.76 %)
Aig =     0.01 sec (  2.52 %)
Gia =     0.00 sec (  0.00 %)
Cnf =     0.00 sec (  0.41 %)
Sat =     0.22 sec ( 76.75 %)
Int =     0.00 sec (  0.00 %)
ALL =     0.29 sec (100.00 %)
round 7

0%   10   20   30   40   50   60   70   80   90   100%
|----|----|----|----|----|----|----|----|----|----|
seed = 1566912585 patience = 2
***************************************************
time = 1720332073
wal8_7_0
area = 981
delay = 35.8
write_blif appntk/wal8_7_0_981_35.8.blif
sis -x -c "read_library data/genlib/mcnc.genlib;read_blif appntk/wal8_7_0_981_35.8.blif;print_map_stats" | grep -e "Most Negative Slack" -e "Total Area"
"appntk/wal8_7_0_981_35.8.blif", line 11: .and_gate_delay 1.9
Total Area		= 981.00
Most Negative Slack	= -51.90
Nodes = 456. Try = 426. Resub = 0. Div = 38519. SAT calls = 1371. Timeouts = 0. MaxDivs = 48.
Attempts :   Remove      0 out of    852 (  0.00 %)   Resub       0 out of    116 (  0.00 %)   
Reduction:   Nodes       0 out of    456 (  0.00 %)   Edges       0 out of    912 (  0.00 %)   
Win =     0.00 sec (  0.58 %)
Div =     0.01 sec (  2.71 %)
Aig =     0.01 sec (  2.44 %)
Gia =     0.00 sec (  0.00 %)
Cnf =     0.00 sec (  0.40 %)
Sat =     0.23 sec ( 77.41 %)
Int =     0.00 sec (  0.00 %)
ALL =     0.29 sec (100.00 %)
round 8

0%   10   20   30   40   50   60   70   80   90   100%
|----|----|----|----|----|----|----|----|----|----|
seed = 1566912717 patience = 3
***************************************************
time = 1851104034
wal8_8_0
area = 981
delay = 35.8
write_blif appntk/wal8_8_0_981_35.8.blif
sis -x -c "read_library data/genlib/mcnc.genlib;read_blif appntk/wal8_8_0_981_35.8.blif;print_map_stats" | grep -e "Most Negative Slack" -e "Total Area"
"appntk/wal8_8_0_981_35.8.blif", line 11: .and_gate_delay 1.9
Total Area		= 981.00
Most Negative Slack	= -51.90
Nodes = 456. Try = 426. Resub = 0. Div = 38519. SAT calls = 1352. Timeouts = 0. MaxDivs = 48.
Attempts :   Remove      0 out of    852 (  0.00 %)   Resub       0 out of    116 (  0.00 %)   
Reduction:   Nodes       0 out of    456 (  0.00 %)   Edges       0 out of    912 (  0.00 %)   
Win =     0.00 sec (  0.60 %)
Div =     0.01 sec (  2.68 %)
Aig =     0.00 sec (  2.27 %)
Gia =     0.00 sec (  0.00 %)
Cnf =     0.00 sec (  0.41 %)
Sat =     0.17 sec ( 78.54 %)
Int =     0.00 sec (  0.00 %)
ALL =     0.21 sec (100.00 %)
round 9

0%   10   20   30   40   50   60   70   80   90   100%
|----|----|----|----|----|----|----|----|----|----|
seed = 1566912848 patience = 4
***************************************************
Network does not change, frame number changes to 2048
time = 1974769817
wal8_9_0
area = 981
delay = 35.8
write_blif appntk/wal8_9_0_981_35.8.blif
sis -x -c "read_library data/genlib/mcnc.genlib;read_blif appntk/wal8_9_0_981_35.8.blif;print_map_stats" | grep -e "Most Negative Slack" -e "Total Area"
"appntk/wal8_9_0_981_35.8.blif", line 11: .and_gate_delay 1.9
Total Area		= 981.00
Most Negative Slack	= -51.90
Nodes = 456. Try = 426. Resub = 0. Div = 38519. SAT calls = 1371. Timeouts = 0. MaxDivs = 48.
Attempts :   Remove      0 out of    852 (  0.00 %)   Resub       0 out of    116 (  0.00 %)   
Reduction:   Nodes       0 out of    456 (  0.00 %)   Edges       0 out of    912 (  0.00 %)   
Win =     0.00 sec (  0.59 %)
Div =     0.01 sec (  2.64 %)
Aig =     0.01 sec (  2.28 %)
Gia =     0.00 sec (  0.00 %)
Cnf =     0.00 sec (  0.43 %)
Sat =     0.18 sec ( 78.22 %)
Int =     0.00 sec (  0.00 %)
ALL =     0.23 sec (100.00 %)
round 10

0%   10   20   30   40   50   60   70   80   90   100%
|----|----|----|----|----|----|----|----|----|----|
seed = 1566912972 patience = 0
***************************************************
time = 2040306285
wal8_10_0
area = 981
delay = 35.8
write_blif appntk/wal8_10_0_981_35.8.blif
sis -x -c "read_library data/genlib/mcnc.genlib;read_blif appntk/wal8_10_0_981_35.8.blif;print_map_stats" | grep -e "Most Negative Slack" -e "Total Area"
"appntk/wal8_10_0_981_35.8.blif", line 11: .and_gate_delay 1.9
Total Area		= 981.00
Most Negative Slack	= -51.90
Nodes = 456. Try = 426. Resub = 0. Div = 38519. SAT calls = 1352. Timeouts = 0. MaxDivs = 48.
Attempts :   Remove      0 out of    852 (  0.00 %)   Resub       0 out of    116 (  0.00 %)   
Reduction:   Nodes       0 out of    456 (  0.00 %)   Edges       0 out of    912 (  0.00 %)   
Win =     0.00 sec (  0.60 %)
Div =     0.01 sec (  2.82 %)
Aig =     0.01 sec (  2.54 %)
Gia =     0.00 sec (  0.00 %)
Cnf =     0.00 sec (  0.42 %)
Sat =     0.22 sec ( 76.35 %)
Int =     0.00 sec (  0.00 %)
ALL =     0.28 sec (100.00 %)
round 11

0%   10   20   30   40   50   60   70   80   90   100%
|----|----|----|----|----|----|----|----|----|----|
seed = 1566913037 patience = 1
***************************************************
best node n238 best error 0.00266602
time = 2099682721
wal8_11_0.00266602
area = 970
delay = 36.4
write_blif appntk/wal8_11_0.00266602_970_36.4.blif
sis -x -c "read_library data/genlib/mcnc.genlib;read_blif appntk/wal8_11_0.00266602_970_36.4.blif;print_map_stats" | grep -e "Most Negative Slack" -e "Total Area"
"appntk/wal8_11_0.00266602_970_36.4.blif", line 11: .and_gate_delay 1.9
Total Area		= 970.00
Most Negative Slack	= -53.90
Nodes = 455. Try = 425. Resub = 0. Div = 38219. SAT calls = 1367. Timeouts = 0. MaxDivs = 47.
Attempts :   Remove      0 out of    850 (  0.00 %)   Resub       0 out of    116 (  0.00 %)   
Reduction:   Nodes       0 out of    455 (  0.00 %)   Edges       0 out of    910 (  0.00 %)   
Win =     0.00 sec (  0.58 %)
Div =     0.01 sec (  2.58 %)
Aig =     0.00 sec (  2.18 %)
Gia =     0.00 sec (  0.00 %)
Cnf =     0.00 sec (  0.41 %)
Sat =     0.18 sec ( 79.05 %)
Int =     0.00 sec (  0.00 %)
ALL =     0.22 sec (100.00 %)
round 12

0%   10   20   30   40   50   60   70   80   90   100%
|----|----|----|----|----|----|----|----|----|----|
seed = 1566913097 patience = 0
***************************************************
time = 2158363603
wal8_12_0.00266602
area = 970
delay = 36.4
write_blif appntk/wal8_12_0.00266602_970_36.4.blif
sis -x -c "read_library data/genlib/mcnc.genlib;read_blif appntk/wal8_12_0.00266602_970_36.4.blif;print_map_stats" | grep -e "Most Negative Slack" -e "Total Area"
"appntk/wal8_12_0.00266602_970_36.4.blif", line 11: .and_gate_delay 1.9
Total Area		= 970.00
Most Negative Slack	= -53.90
Nodes = 455. Try = 425. Resub = 0. Div = 38219. SAT calls = 1340. Timeouts = 0. MaxDivs = 47.
Attempts :   Remove      0 out of    850 (  0.00 %)   Resub       0 out of    116 (  0.00 %)   
Reduction:   Nodes       0 out of    455 (  0.00 %)   Edges       0 out of    910 (  0.00 %)   
Win =     0.00 sec (  0.56 %)
Div =     0.01 sec (  2.70 %)
Aig =     0.01 sec (  2.46 %)
Gia =     0.00 sec (  0.00 %)
Cnf =     0.00 sec (  0.39 %)
Sat =     0.22 sec ( 76.97 %)
Int =     0.00 sec (  0.00 %)
ALL =     0.29 sec (100.00 %)
round 13

0%   10   20   30   40   50   60   70   80   90   100%
|----|----|----|----|----|----|----|----|----|----|
seed = 1566913156 patience = 1
***************************************************
time = 2217076876
wal8_13_0.00266602
area = 970
delay = 36.4
write_blif appntk/wal8_13_0.00266602_970_36.4.blif
sis -x -c "read_library data/genlib/mcnc.genlib;read_blif appntk/wal8_13_0.00266602_970_36.4.blif;print_map_stats" | grep -e "Most Negative Slack" -e "Total Area"
"appntk/wal8_13_0.00266602_970_36.4.blif", line 11: .and_gate_delay 1.9
Total Area		= 970.00
Most Negative Slack	= -53.90
Nodes = 455. Try = 425. Resub = 0. Div = 38219. SAT calls = 1367. Timeouts = 0. MaxDivs = 47.
Attempts :   Remove      0 out of    850 (  0.00 %)   Resub       0 out of    116 (  0.00 %)   
Reduction:   Nodes       0 out of    455 (  0.00 %)   Edges       0 out of    910 (  0.00 %)   
Win =     0.00 sec (  0.57 %)
Div =     0.01 sec (  2.59 %)
Aig =     0.00 sec (  2.18 %)
Gia =     0.00 sec (  0.00 %)
Cnf =     0.00 sec (  0.41 %)
Sat =     0.17 sec ( 79.11 %)
Int =     0.00 sec (  0.00 %)
ALL =     0.22 sec (100.00 %)
round 14

0%   10   20   30   40   50   60   70   80   90   100%
|----|----|----|----|----|----|----|----|----|----|
seed = 1566913214 patience = 2
***************************************************
time = 2279802037
wal8_14_0.00266602
area = 970
delay = 36.4
write_blif appntk/wal8_14_0.00266602_970_36.4.blif
sis -x -c "read_library data/genlib/mcnc.genlib;read_blif appntk/wal8_14_0.00266602_970_36.4.blif;print_map_stats" | grep -e "Most Negative Slack" -e "Total Area"
"appntk/wal8_14_0.00266602_970_36.4.blif", line 11: .and_gate_delay 1.9
Total Area		= 970.00
Most Negative Slack	= -53.90
Nodes = 455. Try = 425. Resub = 0. Div = 38219. SAT calls = 1340. Timeouts = 0. MaxDivs = 47.
Attempts :   Remove      0 out of    850 (  0.00 %)   Resub       0 out of    116 (  0.00 %)   
Reduction:   Nodes       0 out of    455 (  0.00 %)   Edges       0 out of    910 (  0.00 %)   
Win =     0.00 sec (  0.58 %)
Div =     0.01 sec (  2.81 %)
Aig =     0.01 sec (  2.52 %)
Gia =     0.00 sec (  0.00 %)
Cnf =     0.00 sec (  0.40 %)
Sat =     0.22 sec ( 76.62 %)
Int =     0.00 sec (  0.00 %)
ALL =     0.28 sec (100.00 %)
round 15

0%   10   20   30   40   50   60   70   80   90   100%
|----|----|----|----|----|----|----|----|----|----|
seed = 1566913277 patience = 3
***************************************************
time = 2344698671
wal8_15_0.00266602
area = 970
delay = 36.4
write_blif appntk/wal8_15_0.00266602_970_36.4.blif
sis -x -c "read_library data/genlib/mcnc.genlib;read_blif appntk/wal8_15_0.00266602_970_36.4.blif;print_map_stats" | grep -e "Most Negative Slack" -e "Total Area"
"appntk/wal8_15_0.00266602_970_36.4.blif", line 11: .and_gate_delay 1.9
Total Area		= 970.00
Most Negative Slack	= -53.90
Nodes = 455. Try = 425. Resub = 0. Div = 38219. SAT calls = 1367. Timeouts = 0. MaxDivs = 47.
Attempts :   Remove      0 out of    850 (  0.00 %)   Resub       0 out of    116 (  0.00 %)   
Reduction:   Nodes       0 out of    455 (  0.00 %)   Edges       0 out of    910 (  0.00 %)   
Win =     0.00 sec (  0.57 %)
Div =     0.01 sec (  2.61 %)
Aig =     0.01 sec (  2.23 %)
Gia =     0.00 sec (  0.00 %)
Cnf =     0.00 sec (  0.40 %)
Sat =     0.18 sec ( 78.77 %)
Int =     0.00 sec (  0.00 %)
ALL =     0.23 sec (100.00 %)
round 16

0%   10   20   30   40   50   60   70   80   90   100%
|----|----|----|----|----|----|----|----|----|----|
seed = 1566913342 patience = 4
***************************************************
Network does not change, frame number changes to 1024
time = 2410611157
wal8_16_0.00266602
area = 970
delay = 36.4
write_blif appntk/wal8_16_0.00266602_970_36.4.blif
sis -x -c "read_library data/genlib/mcnc.genlib;read_blif appntk/wal8_16_0.00266602_970_36.4.blif;print_map_stats" | grep -e "Most Negative Slack" -e "Total Area"
"appntk/wal8_16_0.00266602_970_36.4.blif", line 11: .and_gate_delay 1.9
Total Area		= 970.00
Most Negative Slack	= -53.90
Nodes = 455. Try = 425. Resub = 0. Div = 38219. SAT calls = 1340. Timeouts = 0. MaxDivs = 47.
Attempts :   Remove      0 out of    850 (  0.00 %)   Resub       0 out of    116 (  0.00 %)   
Reduction:   Nodes       0 out of    455 (  0.00 %)   Edges       0 out of    910 (  0.00 %)   
Win =     0.00 sec (  0.59 %)
Div =     0.01 sec (  2.67 %)
Aig =     0.00 sec (  2.24 %)
Gia =     0.00 sec (  0.00 %)
Cnf =     0.00 sec (  0.42 %)
Sat =     0.17 sec ( 78.23 %)
Int =     0.00 sec (  0.00 %)
ALL =     0.22 sec (100.00 %)
round 17

0%   10   20   30   40   50   60   70   80   90   100%
|----|----|----|----|----|----|----|----|----|----|
seed = 1566913408 patience = 0
***************************************************
time = 2439810468
wal8_17_0.00266602
area = 970
delay = 36.4
write_blif appntk/wal8_17_0.00266602_970_36.4.blif
sis -x -c "read_library data/genlib/mcnc.genlib;read_blif appntk/wal8_17_0.00266602_970_36.4.blif;print_map_stats" | grep -e "Most Negative Slack" -e "Total Area"
"appntk/wal8_17_0.00266602_970_36.4.blif", line 11: .and_gate_delay 1.9
Total Area		= 970.00
Most Negative Slack	= -53.90
Nodes = 455. Try = 425. Resub = 0. Div = 38219. SAT calls = 1367. Timeouts = 0. MaxDivs = 47.
Attempts :   Remove      0 out of    850 (  0.00 %)   Resub       0 out of    116 (  0.00 %)   
Reduction:   Nodes       0 out of    455 (  0.00 %)   Edges       0 out of    910 (  0.00 %)   
Win =     0.00 sec (  0.57 %)
Div =     0.01 sec (  2.65 %)
Aig =     0.01 sec (  2.43 %)
Gia =     0.00 sec (  0.00 %)
Cnf =     0.00 sec (  0.39 %)
Sat =     0.23 sec ( 77.34 %)
Int =     0.00 sec (  0.00 %)
ALL =     0.30 sec (100.00 %)
round 18

0%   10   20   30   40   50   60   70   80   90   100%
|----|----|----|----|----|----|----|----|----|----|
seed = 1566913437 patience = 1
***************************************************
time = 2474234201
wal8_18_0.00266602
area = 970
delay = 36.4
write_blif appntk/wal8_18_0.00266602_970_36.4.blif
sis -x -c "read_library data/genlib/mcnc.genlib;read_blif appntk/wal8_18_0.00266602_970_36.4.blif;print_map_stats" | grep -e "Most Negative Slack" -e "Total Area"
"appntk/wal8_18_0.00266602_970_36.4.blif", line 11: .and_gate_delay 1.9
Total Area		= 970.00
Most Negative Slack	= -53.90
Nodes = 455. Try = 425. Resub = 0. Div = 38219. SAT calls = 1340. Timeouts = 0. MaxDivs = 47.
Attempts :   Remove      0 out of    850 (  0.00 %)   Resub       0 out of    116 (  0.00 %)   
Reduction:   Nodes       0 out of    455 (  0.00 %)   Edges       0 out of    910 (  0.00 %)   
Win =     0.00 sec (  0.59 %)
Div =     0.01 sec (  2.72 %)
Aig =     0.01 sec (  2.40 %)
Gia =     0.00 sec (  0.00 %)
Cnf =     0.00 sec (  0.40 %)
Sat =     0.20 sec ( 77.35 %)
Int =     0.00 sec (  0.00 %)
ALL =     0.26 sec (100.00 %)
round 19

0%   10   20   30   40   50   60   70   80   90   100%
|----|----|----|----|----|----|----|----|----|----|
seed = 1566913472 patience = 2
***************************************************
time = 2510391770
wal8_19_0.00266602
area = 970
delay = 36.4
write_blif appntk/wal8_19_0.00266602_970_36.4.blif
sis -x -c "read_library data/genlib/mcnc.genlib;read_blif appntk/wal8_19_0.00266602_970_36.4.blif;print_map_stats" | grep -e "Most Negative Slack" -e "Total Area"
"appntk/wal8_19_0.00266602_970_36.4.blif", line 11: .and_gate_delay 1.9
Total Area		= 970.00
Most Negative Slack	= -53.90
Nodes = 455. Try = 425. Resub = 0. Div = 38219. SAT calls = 1367. Timeouts = 0. MaxDivs = 47.
Attempts :   Remove      0 out of    850 (  0.00 %)   Resub       0 out of    116 (  0.00 %)   
Reduction:   Nodes       0 out of    455 (  0.00 %)   Edges       0 out of    910 (  0.00 %)   
Win =     0.00 sec (  0.58 %)
Div =     0.01 sec (  2.71 %)
Aig =     0.01 sec (  2.45 %)
Gia =     0.00 sec (  0.00 %)
Cnf =     0.00 sec (  0.40 %)
Sat =     0.23 sec ( 77.22 %)
Int =     0.00 sec (  0.00 %)
ALL =     0.29 sec (100.00 %)
round 20

0%   10   20   30   40   50   60   70   80   90   100%
|----|----|----|----|----|----|----|----|----|----|
seed = 1566913508 patience = 3
***************************************************
time = 2543457002
wal8_20_0.00266602
area = 970
delay = 36.4
write_blif appntk/wal8_20_0.00266602_970_36.4.blif
sis -x -c "read_library data/genlib/mcnc.genlib;read_blif appntk/wal8_20_0.00266602_970_36.4.blif;print_map_stats" | grep -e "Most Negative Slack" -e "Total Area"
"appntk/wal8_20_0.00266602_970_36.4.blif", line 11: .and_gate_delay 1.9
Total Area		= 970.00
Most Negative Slack	= -53.90
Nodes = 455. Try = 425. Resub = 0. Div = 38219. SAT calls = 1340. Timeouts = 0. MaxDivs = 47.
Attempts :   Remove      0 out of    850 (  0.00 %)   Resub       0 out of    116 (  0.00 %)   
Reduction:   Nodes       0 out of    455 (  0.00 %)   Edges       0 out of    910 (  0.00 %)   
Win =     0.00 sec (  0.60 %)
Div =     0.01 sec (  2.69 %)
Aig =     0.01 sec (  2.32 %)
Gia =     0.00 sec (  0.00 %)
Cnf =     0.00 sec (  0.42 %)
Sat =     0.18 sec ( 77.08 %)
Int =     0.00 sec (  0.00 %)
ALL =     0.23 sec (100.00 %)
round 21

0%   10   20   30   40   50   60   70   80   90   100%
|----|----|----|----|----|----|----|----|----|----|
seed = 1566913541 patience = 4
***************************************************
Network does not change, frame number changes to 512
time = 2577081077
wal8_21_0.00266602
area = 970
delay = 36.4
write_blif appntk/wal8_21_0.00266602_970_36.4.blif
sis -x -c "read_library data/genlib/mcnc.genlib;read_blif appntk/wal8_21_0.00266602_970_36.4.blif;print_map_stats" | grep -e "Most Negative Slack" -e "Total Area"
"appntk/wal8_21_0.00266602_970_36.4.blif", line 11: .and_gate_delay 1.9
Total Area		= 970.00
Most Negative Slack	= -53.90
Nodes = 455. Try = 425. Resub = 0. Div = 38219. SAT calls = 1367. Timeouts = 0. MaxDivs = 47.
Attempts :   Remove      0 out of    850 (  0.00 %)   Resub       0 out of    116 (  0.00 %)   
Reduction:   Nodes       0 out of    455 (  0.00 %)   Edges       0 out of    910 (  0.00 %)   
Win =     0.00 sec (  0.58 %)
Div =     0.01 sec (  2.57 %)
Aig =     0.00 sec (  2.17 %)
Gia =     0.00 sec (  0.00 %)
Cnf =     0.00 sec (  0.41 %)
Sat =     0.18 sec ( 79.20 %)
Int =     0.00 sec (  0.00 %)
ALL =     0.22 sec (100.00 %)
round 22

0%   10   20   30   40   50   60   70   80   90   100%
|----|----|----|----|----|----|----|----|----|----|
seed = 1566913574 patience = 0
***************************************************
time = 2596719928
wal8_22_0.00266602
area = 970
delay = 36.4
write_blif appntk/wal8_22_0.00266602_970_36.4.blif
sis -x -c "read_library data/genlib/mcnc.genlib;read_blif appntk/wal8_22_0.00266602_970_36.4.blif;print_map_stats" | grep -e "Most Negative Slack" -e "Total Area"
"appntk/wal8_22_0.00266602_970_36.4.blif", line 11: .and_gate_delay 1.9
Total Area		= 970.00
Most Negative Slack	= -53.90
Nodes = 455. Try = 425. Resub = 0. Div = 38219. SAT calls = 1340. Timeouts = 0. MaxDivs = 47.
Attempts :   Remove      0 out of    850 (  0.00 %)   Resub       0 out of    116 (  0.00 %)   
Reduction:   Nodes       0 out of    455 (  0.00 %)   Edges       0 out of    910 (  0.00 %)   
Win =     0.00 sec (  0.59 %)
Div =     0.01 sec (  2.74 %)
Aig =     0.01 sec (  2.51 %)
Gia =     0.00 sec (  0.00 %)
Cnf =     0.00 sec (  0.43 %)
Sat =     0.22 sec ( 76.48 %)
Int =     0.00 sec (  0.00 %)
ALL =     0.29 sec (100.00 %)
round 23

0%   10   20   30   40   50   60   70   80   90   100%
|----|----|----|----|----|----|----|----|----|----|
seed = 1566913594 patience = 1
***************************************************
time = 2612872992
wal8_23_0.00266602
area = 970
delay = 36.4
write_blif appntk/wal8_23_0.00266602_970_36.4.blif
sis -x -c "read_library data/genlib/mcnc.genlib;read_blif appntk/wal8_23_0.00266602_970_36.4.blif;print_map_stats" | grep -e "Most Negative Slack" -e "Total Area"
"appntk/wal8_23_0.00266602_970_36.4.blif", line 11: .and_gate_delay 1.9
Total Area		= 970.00
Most Negative Slack	= -53.90
Nodes = 455. Try = 425. Resub = 0. Div = 38219. SAT calls = 1367. Timeouts = 0. MaxDivs = 47.
Attempts :   Remove      0 out of    850 (  0.00 %)   Resub       0 out of    116 (  0.00 %)   
Reduction:   Nodes       0 out of    455 (  0.00 %)   Edges       0 out of    910 (  0.00 %)   
Win =     0.00 sec (  0.58 %)
Div =     0.01 sec (  2.60 %)
Aig =     0.00 sec (  2.16 %)
Gia =     0.00 sec (  0.00 %)
Cnf =     0.00 sec (  0.41 %)
Sat =     0.18 sec ( 79.06 %)
Int =     0.00 sec (  0.00 %)
ALL =     0.22 sec (100.00 %)
round 24

0%   10   20   30   40   50   60   70   80   90   100%
|----|----|----|----|----|----|----|----|----|----|
seed = 1566913610 patience = 2
***************************************************
time = 2626992792
wal8_24_0.00266602
area = 970
delay = 36.4
write_blif appntk/wal8_24_0.00266602_970_36.4.blif
sis -x -c "read_library data/genlib/mcnc.genlib;read_blif appntk/wal8_24_0.00266602_970_36.4.blif;print_map_stats" | grep -e "Most Negative Slack" -e "Total Area"
"appntk/wal8_24_0.00266602_970_36.4.blif", line 11: .and_gate_delay 1.9
Total Area		= 970.00
Most Negative Slack	= -53.90
Nodes = 455. Try = 425. Resub = 0. Div = 38219. SAT calls = 1340. Timeouts = 0. MaxDivs = 47.
Attempts :   Remove      0 out of    850 (  0.00 %)   Resub       0 out of    116 (  0.00 %)   
Reduction:   Nodes       0 out of    455 (  0.00 %)   Edges       0 out of    910 (  0.00 %)   
Win =     0.00 sec (  0.62 %)
Div =     0.01 sec (  2.68 %)
Aig =     0.00 sec (  2.23 %)
Gia =     0.00 sec (  0.00 %)
Cnf =     0.00 sec (  0.42 %)
Sat =     0.17 sec ( 78.40 %)
Int =     0.00 sec (  0.00 %)
ALL =     0.22 sec (100.00 %)
round 25

0%   10   20   30   40   50   60   70   80   90   100%
|----|----|----|----|----|----|----|----|----|----|
seed = 1566913624 patience = 3
***************************************************
time = 2643530017
wal8_25_0.00266602
area = 970
delay = 36.4
write_blif appntk/wal8_25_0.00266602_970_36.4.blif
sis -x -c "read_library data/genlib/mcnc.genlib;read_blif appntk/wal8_25_0.00266602_970_36.4.blif;print_map_stats" | grep -e "Most Negative Slack" -e "Total Area"
"appntk/wal8_25_0.00266602_970_36.4.blif", line 11: .and_gate_delay 1.9
Total Area		= 970.00
Most Negative Slack	= -53.90
Nodes = 455. Try = 425. Resub = 0. Div = 38219. SAT calls = 1367. Timeouts = 0. MaxDivs = 47.
Attempts :   Remove      0 out of    850 (  0.00 %)   Resub       0 out of    116 (  0.00 %)   
Reduction:   Nodes       0 out of    455 (  0.00 %)   Edges       0 out of    910 (  0.00 %)   
Win =     0.00 sec (  0.65 %)
Div =     0.01 sec (  2.65 %)
Aig =     0.01 sec (  2.38 %)
Gia =     0.00 sec (  0.00 %)
Cnf =     0.00 sec (  0.40 %)
Sat =     0.24 sec ( 77.06 %)
Int =     0.00 sec (  0.00 %)
ALL =     0.31 sec (100.00 %)
round 26

0%   10   20   30   40   50   60   70   80   90   100%
|----|----|----|----|----|----|----|----|----|----|
seed = 1566913641 patience = 4
***************************************************
Network does not change, frame number changes to 256
time = 2662592616
wal8_26_0.00266602
area = 970
delay = 36.4
write_blif appntk/wal8_26_0.00266602_970_36.4.blif
sis -x -c "read_library data/genlib/mcnc.genlib;read_blif appntk/wal8_26_0.00266602_970_36.4.blif;print_map_stats" | grep -e "Most Negative Slack" -e "Total Area"
"appntk/wal8_26_0.00266602_970_36.4.blif", line 11: .and_gate_delay 1.9
Total Area		= 970.00
Most Negative Slack	= -53.90
Nodes = 455. Try = 425. Resub = 0. Div = 38219. SAT calls = 1340. Timeouts = 0. MaxDivs = 47.
Attempts :   Remove      0 out of    850 (  0.00 %)   Resub       0 out of    116 (  0.00 %)   
Reduction:   Nodes       0 out of    455 (  0.00 %)   Edges       0 out of    910 (  0.00 %)   
Win =     0.00 sec (  0.58 %)
Div =     0.01 sec (  2.70 %)
Aig =     0.01 sec (  2.44 %)
Gia =     0.00 sec (  0.00 %)
Cnf =     0.00 sec (  0.41 %)
Sat =     0.23 sec ( 76.99 %)
Int =     0.00 sec (  0.00 %)
ALL =     0.29 sec (100.00 %)
round 27

0%   10   20   30   40   50   60   70   80   90   100%
|----|----|----|----|----|----|----|----|----|----|
seed = 1566913660 patience = 0
***************************************************
best node n182 best error 0.0053125
time = 2672129840
wal8_27_0.0053125
area = 965
delay = 36.2
write_blif appntk/wal8_27_0.0053125_965_36.2.blif
sis -x -c "read_library data/genlib/mcnc.genlib;read_blif appntk/wal8_27_0.0053125_965_36.2.blif;print_map_stats" | grep -e "Most Negative Slack" -e "Total Area"
"appntk/wal8_27_0.0053125_965_36.2.blif", line 11: .and_gate_delay 1.9
Total Area		= 965.00
Most Negative Slack	= -52.90
Nodes = 452. Try = 423. Resub = 2. Div = 37718. SAT calls = 1344. Timeouts = 0. MaxDivs = 46.
Attempts :   Remove      0 out of    844 (  0.00 %)   Resub       2 out of    114 (  1.75 %)   
Reduction:   Nodes       2 out of    452 (  0.44 %)   Edges       4 out of    904 (  0.44 %)   
Win =     0.00 sec (  0.59 %)
Div =     0.01 sec (  2.70 %)
Aig =     0.01 sec (  2.42 %)
Gia =     0.00 sec (  0.00 %)
Cnf =     0.00 sec (  0.39 %)
Sat =     0.23 sec ( 76.70 %)
Int =     0.00 sec (  0.48 %)
ALL =     0.29 sec (100.00 %)
round 28

0%   10   20   30   40   50   60   70   80   90   100%
|----|----|----|----|----|----|----|----|----|----|
seed = 1566913670 patience = 0
***************************************************
best node n287 best error 0.0053125
time = 2683665751
wal8_28_0.0053125
area = 959
delay = 36.9
write_blif appntk/wal8_28_0.0053125_959_36.9.blif
sis -x -c "read_library data/genlib/mcnc.genlib;read_blif appntk/wal8_28_0.0053125_959_36.9.blif;print_map_stats" | grep -e "Most Negative Slack" -e "Total Area"
"appntk/wal8_28_0.0053125_959_36.9.blif", line 11: .and_gate_delay 1.9
Total Area		= 959.00
Most Negative Slack	= -56.10
Nodes = 449. Try = 418. Resub = 0. Div = 36404. SAT calls = 1289. Timeouts = 0. MaxDivs = 43.
Attempts :   Remove      0 out of    836 (  0.00 %)   Resub       0 out of    113 (  0.00 %)   
Reduction:   Nodes       0 out of    449 (  0.00 %)   Edges       0 out of    898 (  0.00 %)   
Win =     0.00 sec (  0.63 %)
Div =     0.01 sec (  2.88 %)
Aig =     0.01 sec (  2.57 %)
Gia =     0.00 sec (  0.00 %)
Cnf =     0.00 sec (  0.43 %)
Sat =     0.20 sec ( 75.36 %)
Int =     0.00 sec (  0.00 %)
ALL =     0.27 sec (100.00 %)
round 29

0%   10   20   30   40   50   60   70   80   90   100%
|----|----|----|----|----|----|----|----|----|----|
seed = 1566913681 patience = 0
***************************************************
best node n96 best error 0.0123633
time = 2694585392
wal8_29_0.0123633
area = 954
delay = 36.9
write_blif appntk/wal8_29_0.0123633_954_36.9.blif
sis -x -c "read_library data/genlib/mcnc.genlib;read_blif appntk/wal8_29_0.0123633_954_36.9.blif;print_map_stats" | grep -e "Most Negative Slack" -e "Total Area"
"appntk/wal8_29_0.0123633_954_36.9.blif", line 11: .and_gate_delay 1.9
Total Area		= 954.00
Most Negative Slack	= -54.90
Nodes = 446. Try = 415. Resub = 0. Div = 36100. SAT calls = 1287. Timeouts = 0. MaxDivs = 43.
Attempts :   Remove      0 out of    830 (  0.00 %)   Resub       0 out of    113 (  0.00 %)   
Reduction:   Nodes       0 out of    446 (  0.00 %)   Edges       0 out of    892 (  0.00 %)   
Win =     0.00 sec (  0.63 %)
Div =     0.01 sec (  2.65 %)
Aig =     0.00 sec (  2.19 %)
Gia =     0.00 sec (  0.00 %)
Cnf =     0.00 sec (  0.42 %)
Sat =     0.17 sec ( 77.59 %)
Int =     0.00 sec (  0.00 %)
ALL =     0.21 sec (100.00 %)
round 30

0%   10   20   30   40   50   60   70   80   90   100%
|----|----|----|----|----|----|----|----|----|----|
seed = 1566913692 patience = 0
***************************************************
time = 2703139764
wal8_30_0.0123633
area = 954
delay = 36.9
write_blif appntk/wal8_30_0.0123633_954_36.9.blif
sis -x -c "read_library data/genlib/mcnc.genlib;read_blif appntk/wal8_30_0.0123633_954_36.9.blif;print_map_stats" | grep -e "Most Negative Slack" -e "Total Area"
"appntk/wal8_30_0.0123633_954_36.9.blif", line 11: .and_gate_delay 1.9
Total Area		= 954.00
Most Negative Slack	= -54.90
Nodes = 446. Try = 415. Resub = 0. Div = 36100. SAT calls = 1288. Timeouts = 0. MaxDivs = 43.
Attempts :   Remove      0 out of    830 (  0.00 %)   Resub       0 out of    113 (  0.00 %)   
Reduction:   Nodes       0 out of    446 (  0.00 %)   Edges       0 out of    892 (  0.00 %)   
Win =     0.00 sec (  0.65 %)
Div =     0.01 sec (  2.78 %)
Aig =     0.00 sec (  2.34 %)
Gia =     0.00 sec (  0.00 %)
Cnf =     0.00 sec (  0.45 %)
Sat =     0.16 sec ( 76.81 %)
Int =     0.00 sec (  0.00 %)
ALL =     0.20 sec (100.00 %)
round 31

0%   10   20   30   40   50   60   70   80   90   100%
|----|----|----|----|----|----|----|----|----|----|
seed = 1566913701 patience = 1
***************************************************
time = 2713105134
wal8_31_0.0123633
area = 954
delay = 36.9
write_blif appntk/wal8_31_0.0123633_954_36.9.blif
sis -x -c "read_library data/genlib/mcnc.genlib;read_blif appntk/wal8_31_0.0123633_954_36.9.blif;print_map_stats" | grep -e "Most Negative Slack" -e "Total Area"
"appntk/wal8_31_0.0123633_954_36.9.blif", line 11: .and_gate_delay 1.9
Total Area		= 954.00
Most Negative Slack	= -54.90
Nodes = 446. Try = 415. Resub = 0. Div = 36100. SAT calls = 1293. Timeouts = 0. MaxDivs = 43.
Attempts :   Remove      0 out of    830 (  0.00 %)   Resub       0 out of    113 (  0.00 %)   
Reduction:   Nodes       0 out of    446 (  0.00 %)   Edges       0 out of    892 (  0.00 %)   
Win =     0.00 sec (  0.68 %)
Div =     0.01 sec (  2.72 %)
Aig =     0.00 sec (  2.26 %)
Gia =     0.00 sec (  0.00 %)
Cnf =     0.00 sec (  0.46 %)
Sat =     0.17 sec ( 77.37 %)
Int =     0.00 sec (  0.00 %)
ALL =     0.22 sec (100.00 %)
round 32

0%   10   20   30   40   50   60   70   80   90   100%
|----|----|----|----|----|----|----|----|----|----|
seed = 1566913711 patience = 2
***************************************************
time = 2723496979
wal8_32_0.0123633
area = 954
delay = 36.9
write_blif appntk/wal8_32_0.0123633_954_36.9.blif
sis -x -c "read_library data/genlib/mcnc.genlib;read_blif appntk/wal8_32_0.0123633_954_36.9.blif;print_map_stats" | grep -e "Most Negative Slack" -e "Total Area"
"appntk/wal8_32_0.0123633_954_36.9.blif", line 11: .and_gate_delay 1.9
Total Area		= 954.00
Most Negative Slack	= -54.90
Nodes = 446. Try = 415. Resub = 0. Div = 36100. SAT calls = 1288. Timeouts = 0. MaxDivs = 43.
Attempts :   Remove      0 out of    830 (  0.00 %)   Resub       0 out of    113 (  0.00 %)   
Reduction:   Nodes       0 out of    446 (  0.00 %)   Edges       0 out of    892 (  0.00 %)   
Win =     0.00 sec (  0.63 %)
Div =     0.01 sec (  2.88 %)
Aig =     0.01 sec (  2.58 %)
Gia =     0.00 sec (  0.00 %)
Cnf =     0.00 sec (  0.43 %)
Sat =     0.20 sec ( 75.20 %)
Int =     0.00 sec (  0.00 %)
ALL =     0.27 sec (100.00 %)
round 33

0%   10   20   30   40   50   60   70   80   90   100%
|----|----|----|----|----|----|----|----|----|----|
seed = 1566913721 patience = 3
***************************************************
time = 2733287135
wal8_33_0.0123633
area = 954
delay = 36.9
write_blif appntk/wal8_33_0.0123633_954_36.9.blif
sis -x -c "read_library data/genlib/mcnc.genlib;read_blif appntk/wal8_33_0.0123633_954_36.9.blif;print_map_stats" | grep -e "Most Negative Slack" -e "Total Area"
"appntk/wal8_33_0.0123633_954_36.9.blif", line 11: .and_gate_delay 1.9
Total Area		= 954.00
Most Negative Slack	= -54.90
Nodes = 446. Try = 415. Resub = 0. Div = 36100. SAT calls = 1293. Timeouts = 0. MaxDivs = 43.
Attempts :   Remove      0 out of    830 (  0.00 %)   Resub       0 out of    113 (  0.00 %)   
Reduction:   Nodes       0 out of    446 (  0.00 %)   Edges       0 out of    892 (  0.00 %)   
Win =     0.00 sec (  0.63 %)
Div =     0.01 sec (  2.66 %)
Aig =     0.00 sec (  2.23 %)
Gia =     0.00 sec (  0.00 %)
Cnf =     0.00 sec (  0.41 %)
Sat =     0.17 sec ( 78.23 %)
Int =     0.00 sec (  0.00 %)
ALL =     0.21 sec (100.00 %)
round 34

0%   10   20   30   40   50   60   70   80   90   100%
|----|----|----|----|----|----|----|----|----|----|
seed = 1566913731 patience = 4
***************************************************
Network does not change, frame number changes to 128
time = 2742039145
wal8_34_0.0123633
area = 954
delay = 36.9
write_blif appntk/wal8_34_0.0123633_954_36.9.blif
sis -x -c "read_library data/genlib/mcnc.genlib;read_blif appntk/wal8_34_0.0123633_954_36.9.blif;print_map_stats" | grep -e "Most Negative Slack" -e "Total Area"
"appntk/wal8_34_0.0123633_954_36.9.blif", line 11: .and_gate_delay 1.9
Total Area		= 954.00
Most Negative Slack	= -54.90
Nodes = 446. Try = 415. Resub = 0. Div = 36100. SAT calls = 1288. Timeouts = 0. MaxDivs = 43.
Attempts :   Remove      0 out of    830 (  0.00 %)   Resub       0 out of    113 (  0.00 %)   
Reduction:   Nodes       0 out of    446 (  0.00 %)   Edges       0 out of    892 (  0.00 %)   
Win =     0.00 sec (  0.66 %)
Div =     0.01 sec (  2.81 %)
Aig =     0.01 sec (  2.55 %)
Gia =     0.00 sec (  0.00 %)
Cnf =     0.00 sec (  0.45 %)
Sat =     0.20 sec ( 74.86 %)
Int =     0.00 sec (  0.00 %)
ALL =     0.27 sec (100.00 %)
round 35

0%   10   20   30   40   50   60   70   80   90   100%
|----|----|----|----|----|----|----|----|----|----|
seed = 1566913740 patience = 0
***************************************************
best node n224 best error 0.0247852
time = 2748293124
wal8_35_0.0247852
area = 954
delay = 38
write_blif appntk/wal8_35_0.0247852_954_38.blif
sis -x -c "read_library data/genlib/mcnc.genlib;read_blif appntk/wal8_35_0.0247852_954_38.blif;print_map_stats" | grep -e "Most Negative Slack" -e "Total Area"
"appntk/wal8_35_0.0247852_954_38.blif", line 11: .and_gate_delay 1.9
Total Area		= 954.00
Most Negative Slack	= -54.60
Nodes = 445. Try = 414. Resub = 0. Div = 35800. SAT calls = 1282. Timeouts = 0. MaxDivs = 42.
Attempts :   Remove      0 out of    828 (  0.00 %)   Resub       0 out of    112 (  0.00 %)   
Reduction:   Nodes       0 out of    445 (  0.00 %)   Edges       0 out of    890 (  0.00 %)   
Win =     0.00 sec (  0.60 %)
Div =     0.01 sec (  2.75 %)
Aig =     0.01 sec (  2.44 %)
Gia =     0.00 sec (  0.00 %)
Cnf =     0.00 sec (  0.40 %)
Sat =     0.21 sec ( 76.76 %)
Int =     0.00 sec (  0.00 %)
ALL =     0.27 sec (100.00 %)
round 36

0%   10   20   30   40   50   60   70   80   90   100%
|----|----|----|----|----|----|----|----|----|----|
seed = 1566913746 patience = 0
***************************************************
best node n285 best error 0.0345996
time = 2754725091
wal8_36_0.0345996
area = 955
delay = 36.2
write_blif appntk/wal8_36_0.0345996_955_36.2.blif
sis -x -c "read_library data/genlib/mcnc.genlib;read_blif appntk/wal8_36_0.0345996_955_36.2.blif;print_map_stats" | grep -e "Most Negative Slack" -e "Total Area"
"appntk/wal8_36_0.0345996_955_36.2.blif", line 11: .and_gate_delay 1.9
Total Area		= 955.00
Most Negative Slack	= -51.40
Nodes = 444. Try = 413. Resub = 0. Div = 35500. SAT calls = 1296. Timeouts = 0. MaxDivs = 41.
Attempts :   Remove      0 out of    826 (  0.00 %)   Resub       0 out of    112 (  0.00 %)   
Reduction:   Nodes       0 out of    444 (  0.00 %)   Edges       0 out of    888 (  0.00 %)   
Win =     0.00 sec (  0.62 %)
Div =     0.01 sec (  2.66 %)
Aig =     0.00 sec (  2.25 %)
Gia =     0.00 sec (  0.00 %)
Cnf =     0.00 sec (  0.43 %)
Sat =     0.16 sec ( 77.57 %)
Int =     0.00 sec (  0.00 %)
ALL =     0.21 sec (100.00 %)
round 37

0%   10   20   30   40   50   60   70   80   90   100%
|----|----|----|----|----|----|----|----|----|----|
seed = 1566913752 patience = 0
***************************************************
best node n277 best error 0.0446484
time = 2760635129
wal8_37_0.0446484
area = 955
delay = 36.9
write_blif appntk/wal8_37_0.0446484_955_36.9.blif
sis -x -c "read_library data/genlib/mcnc.genlib;read_blif appntk/wal8_37_0.0446484_955_36.9.blif;print_map_stats" | grep -e "Most Negative Slack" -e "Total Area"
"appntk/wal8_37_0.0446484_955_36.9.blif", line 11: .and_gate_delay 1.9
Total Area		= 955.00
Most Negative Slack	= -53.20
Nodes = 443. Try = 412. Resub = 0. Div = 35136. SAT calls = 1271. Timeouts = 0. MaxDivs = 40.
Attempts :   Remove      0 out of    824 (  0.00 %)   Resub       0 out of    112 (  0.00 %)   
Reduction:   Nodes       0 out of    443 (  0.00 %)   Edges       0 out of    886 (  0.00 %)   
Win =     0.00 sec (  0.61 %)
Div =     0.01 sec (  2.57 %)
Aig =     0.01 sec (  2.25 %)
Gia =     0.00 sec (  0.00 %)
Cnf =     0.00 sec (  0.41 %)
Sat =     0.17 sec ( 77.25 %)
Int =     0.00 sec (  0.00 %)
ALL =     0.22 sec (100.00 %)
round 38

0%   10   20   30   40   50   60   70   80   90   100%
|----|----|----|----|----|----|----|----|----|----|
seed = 1566913759 patience = 0
***************************************************
time = 2766497757
wal8_38_0.0446484
area = 955
delay = 36.9
write_blif appntk/wal8_38_0.0446484_955_36.9.blif
sis -x -c "read_library data/genlib/mcnc.genlib;read_blif appntk/wal8_38_0.0446484_955_36.9.blif;print_map_stats" | grep -e "Most Negative Slack" -e "Total Area"
"appntk/wal8_38_0.0446484_955_36.9.blif", line 11: .and_gate_delay 1.9
Total Area		= 955.00
Most Negative Slack	= -53.20
Nodes = 443. Try = 412. Resub = 0. Div = 35136. SAT calls = 1286. Timeouts = 0. MaxDivs = 40.
Attempts :   Remove      0 out of    824 (  0.00 %)   Resub       0 out of    112 (  0.00 %)   
Reduction:   Nodes       0 out of    443 (  0.00 %)   Edges       0 out of    886 (  0.00 %)   
Win =     0.00 sec (  0.60 %)
Div =     0.01 sec (  2.68 %)
Aig =     0.01 sec (  2.40 %)
Gia =     0.00 sec (  0.00 %)
Cnf =     0.00 sec (  0.40 %)
Sat =     0.21 sec ( 76.54 %)
Int =     0.00 sec (  0.00 %)
ALL =     0.28 sec (100.00 %)
round 39

0%   10   20   30   40   50   60   70   80   90   100%
|----|----|----|----|----|----|----|----|----|----|
seed = 1566913765 patience = 1
***************************************************
best node n276 best error 0.0446484
time = 2772431058
wal8_39_0.0446484
area = 950
delay = 36.8
write_blif appntk/wal8_39_0.0446484_950_36.8.blif
sis -x -c "read_library data/genlib/mcnc.genlib;read_blif appntk/wal8_39_0.0446484_950_36.8.blif;print_map_stats" | grep -e "Most Negative Slack" -e "Total Area"
"appntk/wal8_39_0.0446484_950_36.8.blif", line 11: .and_gate_delay 1.9
Total Area		= 950.00
Most Negative Slack	= -52.50
Nodes = 441. Try = 410. Resub = 0. Div = 34539. SAT calls = 1289. Timeouts = 0. MaxDivs = 37.
Attempts :   Remove      0 out of    820 (  0.00 %)   Resub       0 out of    112 (  0.00 %)   
Reduction:   Nodes       0 out of    441 (  0.00 %)   Edges       0 out of    882 (  0.00 %)   
Win =     0.00 sec (  0.62 %)
Div =     0.01 sec (  2.81 %)
Aig =     0.01 sec (  2.53 %)
Gia =     0.00 sec (  0.00 %)
Cnf =     0.00 sec (  0.44 %)
Sat =     0.19 sec ( 75.13 %)
Int =     0.00 sec (  0.00 %)
ALL =     0.26 sec (100.00 %)
round 40

0%   10   20   30   40   50   60   70   80   90   100%
|----|----|----|----|----|----|----|----|----|----|
seed = 1566913770 patience = 0
***************************************************
time = 2778890618
wal8_40_0.0446484
area = 950
delay = 36.8
write_blif appntk/wal8_40_0.0446484_950_36.8.blif
sis -x -c "read_library data/genlib/mcnc.genlib;read_blif appntk/wal8_40_0.0446484_950_36.8.blif;print_map_stats" | grep -e "Most Negative Slack" -e "Total Area"
"appntk/wal8_40_0.0446484_950_36.8.blif", line 11: .and_gate_delay 1.9
Total Area		= 950.00
Most Negative Slack	= -52.50
Nodes = 441. Try = 410. Resub = 0. Div = 34539. SAT calls = 1282. Timeouts = 0. MaxDivs = 37.
Attempts :   Remove      0 out of    820 (  0.00 %)   Resub       0 out of    112 (  0.00 %)   
Reduction:   Nodes       0 out of    441 (  0.00 %)   Edges       0 out of    882 (  0.00 %)   
Win =     0.00 sec (  0.65 %)
Div =     0.01 sec (  2.88 %)
Aig =     0.01 sec (  2.60 %)
Gia =     0.00 sec (  0.00 %)
Cnf =     0.00 sec (  0.45 %)
Sat =     0.19 sec ( 74.48 %)
Int =     0.00 sec (  0.00 %)
ALL =     0.25 sec (100.00 %)
round 41

0%   10   20   30   40   50   60   70   80   90   100%
|----|----|----|----|----|----|----|----|----|----|
seed = 1566913777 patience = 1
***************************************************
time = 2783492681
wal8_41_0.0446484
area = 950
delay = 36.8
write_blif appntk/wal8_41_0.0446484_950_36.8.blif
sis -x -c "read_library data/genlib/mcnc.genlib;read_blif appntk/wal8_41_0.0446484_950_36.8.blif;print_map_stats" | grep -e "Most Negative Slack" -e "Total Area"
"appntk/wal8_41_0.0446484_950_36.8.blif", line 11: .and_gate_delay 1.9
Total Area		= 950.00
Most Negative Slack	= -52.50
Nodes = 441. Try = 410. Resub = 0. Div = 34539. SAT calls = 1289. Timeouts = 0. MaxDivs = 37.
Attempts :   Remove      0 out of    820 (  0.00 %)   Resub       0 out of    112 (  0.00 %)   
Reduction:   Nodes       0 out of    441 (  0.00 %)   Edges       0 out of    882 (  0.00 %)   
Win =     0.00 sec (  0.64 %)
Div =     0.01 sec (  2.73 %)
Aig =     0.00 sec (  2.30 %)
Gia =     0.00 sec (  0.00 %)
Cnf =     0.00 sec (  0.43 %)
Sat =     0.15 sec ( 77.11 %)
Int =     0.00 sec (  0.00 %)
ALL =     0.19 sec (100.00 %)
round 42

0%   10   20   30   40   50   60   70   80   90   100%
|----|----|----|----|----|----|----|----|----|----|
seed = 1566913781 patience = 2
***************************************************
best node n68 best error 0.0507031
time = 2787979830
