Entered genlib library with 23 gates from file "data/genlib/mcnc.genlib".
Line 7: Skipping line ".default_input_arrival 0.00 0.00 ".
Line 8: Skipping line ".default_output_required 0.00 0.00 ".
Line 9: Skipping line ".default_input_drive 0.10 0.10 ".
Line 10: Skipping line ".default_output_load 2.00 ".
Line 11: Skipping line ".default_max_input_load 999.00 ".
Original area = 758, original delay = 37.3

round 0
seed = 0 patienceN = 0 patienceM = 0 frameNumber = 1024 nLocalPI = 30

0%   10   20   30   40   50   60   70   80   90   100%
|----|----|----|----|----|----|----|----|----|----|
***************************************************
best node [95923] best error 0
time = 23430519
area = 675
delay = 31.8
write_blif appntk/c1908_0_0_675_31.8.blif

round 1
seed = 1567393778 patienceN = 0 patienceM = 0 frameNumber = 1024 nLocalPI = 30

0%   10   20   30   40   50   60   70   80   90   100%
|----|----|----|----|----|----|----|----|----|----|
***************************************************
best node n409 best error 0
time = 55487421
area = 681
delay = 33
write_blif appntk/c1908_1_0_681_33.blif

round 2
seed = 1567393802 patienceN = 0 patienceM = 0 frameNumber = 1024 nLocalPI = 30

0%   10   20   30   40   50   60   70   80   90   100%
|----|----|----|----|----|----|----|----|----|----|
***************************************************
best node n415 best error 0
time = 85583220
area = 670
delay = 34.6
write_blif appntk/c1908_2_0_670_34.6.blif

round 3
seed = 1567393834 patienceN = 0 patienceM = 0 frameNumber = 1024 nLocalPI = 30

0%   10   20   30   40   50   60   70   80   90   100%
|----|----|----|----|----|----|----|----|----|----|
***************************************************
best node n271 best error 0.000664063
time = 115483469
area = 675
delay = 32.2
write_blif appntk/c1908_3_0.000664063_675_32.2.blif

round 4
seed = 1567393864 patienceN = 0 patienceM = 0 frameNumber = 1024 nLocalPI = 30

0%   10   20   30   40   50   60   70   80   90   100%
|----|----|----|----|----|----|----|----|----|----|
***************************************************
best node n254 best error 0.00141602
time = 143587888
area = 662
delay = 33
write_blif appntk/c1908_4_0.00141602_662_33.blif

round 5
seed = 1567393894 patienceN = 0 patienceM = 0 frameNumber = 1024 nLocalPI = 30

0%   10   20   30   40   50   60   70   80   90   100%
|----|----|----|----|----|----|----|----|----|----|
***************************************************
best node n316 best error 0.00208984
time = 178445071
area = 663
delay = 32.5
write_blif appntk/c1908_5_0.00208984_663_32.5.blif

round 6
seed = 1567393922 patienceN = 0 patienceM = 0 frameNumber = 1024 nLocalPI = 30

0%   10   20   30   40   50   60   70   80   90   100%
|----|----|----|----|----|----|----|----|----|----|
***************************************************
best node n298 best error 0.0027832
time = 212969950
area = 654
delay = 31.5
write_blif appntk/c1908_6_0.0027832_654_31.5.blif

round 7
seed = 1567393957 patienceN = 0 patienceM = 0 frameNumber = 1024 nLocalPI = 30

0%   10   20   30   40   50   60   70   80   90   100%
|----|----|----|----|----|----|----|----|----|----|
***************************************************
best node n289 best error 0.0034375
time = 242088940
area = 663
delay = 33
write_blif appntk/c1908_7_0.0034375_663_33.blif

round 8
seed = 1567393991 patienceN = 0 patienceM = 0 frameNumber = 1024 nLocalPI = 30

0%   10   20   30   40   50   60   70   80   90   100%
|----|----|----|----|----|----|----|----|----|----|
***************************************************
best node n289 best error 0.00410156
time = 268622767
area = 658
delay = 30.5
write_blif appntk/c1908_8_0.00410156_658_30.5.blif

round 9
seed = 1567394020 patienceN = 0 patienceM = 0 frameNumber = 1024 nLocalPI = 30

0%   10   20   30   40   50   60   70   80   90   100%
|----|----|----|----|----|----|----|----|----|----|
***************************************************
best node n270 best error 0.00484375
time = 295766357
area = 647
delay = 30.8
write_blif appntk/c1908_9_0.00484375_647_30.8.blif

round 10
seed = 1567394047 patienceN = 0 patienceM = 0 frameNumber = 1024 nLocalPI = 30

0%   10   20   30   40   50   60   70   80   90   100%
|----|----|----|----|----|----|----|----|----|----|
***************************************************
best node n341 best error 0.00556641
time = 327456661
area = 648
delay = 33
write_blif appntk/c1908_10_0.00556641_648_33.blif

round 11
seed = 1567394074 patienceN = 0 patienceM = 0 frameNumber = 1024 nLocalPI = 30

0%   10   20   30   40   50   60   70   80   90   100%
|----|----|----|----|----|----|----|----|----|----|
***************************************************
best node n287 best error 0.00566406
time = 350743283
area = 634
delay = 36.9
write_blif appntk/c1908_11_0.00566406_634_36.9.blif

round 12
seed = 1567394106 patienceN = 0 patienceM = 0 frameNumber = 1024 nLocalPI = 30

0%   10   20   30   40   50   60   70   80   90   100%
|----|----|----|----|----|----|----|----|----|----|
***************************************************
best node n330 best error 0.00566406
time = 378989225
area = 642
delay = 34.9
write_blif appntk/c1908_12_0.00566406_642_34.9.blif

round 13
seed = 1567394129 patienceN = 0 patienceM = 0 frameNumber = 1024 nLocalPI = 30

0%   10   20   30   40   50   60   70   80   90   100%
|----|----|----|----|----|----|----|----|----|----|
***************************************************
best node n233 best error 0.00642578
time = 401194733
area = 630
delay = 32.7
write_blif appntk/c1908_13_0.00642578_630_32.7.blif

round 14
seed = 1567394157 patienceN = 0 patienceM = 0 frameNumber = 1024 nLocalPI = 30

0%   10   20   30   40   50   60   70   80   90   100%
|----|----|----|----|----|----|----|----|----|----|
***************************************************
best node n344 best error 0.00675781
time = 426559579
area = 628
delay = 32.2
write_blif appntk/c1908_14_0.00675781_628_32.2.blif

round 15
seed = 1567394179 patienceN = 0 patienceM = 0 frameNumber = 1024 nLocalPI = 30

0%   10   20   30   40   50   60   70   80   90   100%
|----|----|----|----|----|----|----|----|----|----|
***************************************************
best node n290 best error 0.00750977
time = 455309938
area = 634
delay = 32.5
write_blif appntk/c1908_15_0.00750977_634_32.5.blif

round 16
seed = 1567394205 patienceN = 0 patienceM = 0 frameNumber = 1024 nLocalPI = 30

0%   10   20   30   40   50   60   70   80   90   100%
|----|----|----|----|----|----|----|----|----|----|
***************************************************
best node n295 best error 0.00829102
time = 477068658
area = 626
delay = 34
write_blif appntk/c1908_16_0.00829102_626_34.blif

round 17
seed = 1567394233 patienceN = 0 patienceM = 0 frameNumber = 1024 nLocalPI = 30

0%   10   20   30   40   50   60   70   80   90   100%
|----|----|----|----|----|----|----|----|----|----|
***************************************************
best node n331 best error 0.00900391
time = 502770204
area = 624
delay = 31.1
write_blif appntk/c1908_17_0.00900391_624_31.1.blif

round 18
seed = 1567394255 patienceN = 0 patienceM = 0 frameNumber = 1024 nLocalPI = 30

0%   10   20   30   40   50   60   70   80   90   100%
|----|----|----|----|----|----|----|----|----|----|
***************************************************
best node n323 best error 0.0097168
time = 530222068
area = 642
delay = 29.4
write_blif appntk/c1908_18_0.0097168_642_29.4.blif

round 19
seed = 1567394281 patienceN = 0 patienceM = 0 frameNumber = 1024 nLocalPI = 30

0%   10   20   30   40   50   60   70   80   90   100%
|----|----|----|----|----|----|----|----|----|----|
***************************************************
best node n361 best error 0.0102734
time = 552506983
area = 626
delay = 31.6
write_blif appntk/c1908_19_0.0102734_626_31.6.blif

round 20
seed = 1567394308 patienceN = 0 patienceM = 0 frameNumber = 1024 nLocalPI = 30

0%   10   20   30   40   50   60   70   80   90   100%
|----|----|----|----|----|----|----|----|----|----|
***************************************************
best node n277 best error 0.0108887
time = 572386924
area = 629
delay = 28.3
write_blif appntk/c1908_20_0.0108887_629_28.3.blif

round 21
seed = 1567394331 patienceN = 0 patienceM = 0 frameNumber = 1024 nLocalPI = 30

0%   10   20   30   40   50   60   70   80   90   100%
|----|----|----|----|----|----|----|----|----|----|
***************************************************
best node n265 best error 0.0109668
time = 592255886
area = 622
delay = 30.6
write_blif appntk/c1908_21_0.0109668_622_30.6.blif

round 22
seed = 1567394351 patienceN = 0 patienceM = 0 frameNumber = 1024 nLocalPI = 30

0%   10   20   30   40   50   60   70   80   90   100%
|----|----|----|----|----|----|----|----|----|----|
***************************************************
best node n325 best error 0.0115527
time = 612141182
area = 623
delay = 29.6
write_blif appntk/c1908_22_0.0115527_623_29.6.blif

round 23
seed = 1567394370 patienceN = 0 patienceM = 0 frameNumber = 1024 nLocalPI = 30

0%   10   20   30   40   50   60   70   80   90   100%
|----|----|----|----|----|----|----|----|----|----|
***************************************************
best node n351 best error 0.0120312
time = 630431454
area = 601
delay = 31.1
write_blif appntk/c1908_23_0.0120312_601_31.1.blif

round 24
seed = 1567394390 patienceN = 0 patienceM = 0 frameNumber = 1024 nLocalPI = 30

0%   10   20   30   40   50   60   70   80   90   100%
|----|----|----|----|----|----|----|----|----|----|
***************************************************
best node n271 best error 0.0121484
time = 648937102
area = 606
delay = 33.4
write_blif appntk/c1908_24_0.0121484_606_33.4.blif

round 25
seed = 1567394409 patienceN = 0 patienceM = 0 frameNumber = 1024 nLocalPI = 30

0%   10   20   30   40   50   60   70   80   90   100%
|----|----|----|----|----|----|----|----|----|----|
***************************************************
best node n259 best error 0.0126367
time = 668068323
area = 585
delay = 36.9
write_blif appntk/c1908_25_0.0126367_585_36.9.blif

round 26
seed = 1567394427 patienceN = 0 patienceM = 0 frameNumber = 1024 nLocalPI = 30

0%   10   20   30   40   50   60   70   80   90   100%
|----|----|----|----|----|----|----|----|----|----|
***************************************************
best node n346 best error 0.0125098
time = 687042513
area = 602
delay = 35.6
write_blif appntk/c1908_26_0.0125098_602_35.6.blif

round 27
seed = 1567394446 patienceN = 0 patienceM = 0 frameNumber = 1024 nLocalPI = 30

0%   10   20   30   40   50   60   70   80   90   100%
|----|----|----|----|----|----|----|----|----|----|
***************************************************
best node n300 best error 0.0132227
time = 705116376
area = 603
delay = 30.2
write_blif appntk/c1908_27_0.0132227_603_30.2.blif

round 28
seed = 1567394465 patienceN = 0 patienceM = 0 frameNumber = 1024 nLocalPI = 30

0%   10   20   30   40   50   60   70   80   90   100%
|----|----|----|----|----|----|----|----|----|----|
***************************************************
best node n282 best error 0.0132227
time = 722498688
area = 593
delay = 30.7
write_blif appntk/c1908_28_0.0132227_593_30.7.blif

round 29
seed = 1567394483 patienceN = 0 patienceM = 0 frameNumber = 1024 nLocalPI = 30

0%   10   20   30   40   50   60   70   80   90   100%
|----|----|----|----|----|----|----|----|----|----|
***************************************************
best node n244 best error 0.0133301
time = 740726618
area = 581
delay = 31.7
write_blif appntk/c1908_29_0.0133301_581_31.7.blif

round 30
seed = 1567394501 patienceN = 0 patienceM = 0 frameNumber = 1024 nLocalPI = 30

0%   10   20   30   40   50   60   70   80   90   100%
|----|----|----|----|----|----|----|----|----|----|
***************************************************
best node n253 best error 0.0141016
time = 758041225
area = 593
delay = 33.1
write_blif appntk/c1908_30_0.0141016_593_33.1.blif

round 31
seed = 1567394519 patienceN = 0 patienceM = 0 frameNumber = 1024 nLocalPI = 30

0%   10   20   30   40   50   60   70   80   90   100%
|----|----|----|----|----|----|----|----|----|----|
***************************************************
best node n290 best error 0.0146484
time = 774965079
area = 587
delay = 32
write_blif appntk/c1908_31_0.0146484_587_32.blif

round 32
seed = 1567394536 patienceN = 0 patienceM = 0 frameNumber = 1024 nLocalPI = 30

0%   10   20   30   40   50   60   70   80   90   100%
|----|----|----|----|----|----|----|----|----|----|
***************************************************
best node n274 best error 0.0147461
time = 791496171
area = 580
delay = 29.9
write_blif appntk/c1908_32_0.0147461_580_29.9.blif

round 33
seed = 1567394553 patienceN = 0 patienceM = 0 frameNumber = 1024 nLocalPI = 30

0%   10   20   30   40   50   60   70   80   90   100%
|----|----|----|----|----|----|----|----|----|----|
***************************************************
best node n232 best error 0.0148145
time = 808329789
area = 575
delay = 32
write_blif appntk/c1908_33_0.0148145_575_32.blif

round 34
seed = 1567394570 patienceN = 0 patienceM = 0 frameNumber = 1024 nLocalPI = 30

0%   10   20   30   40   50   60   70   80   90   100%
|----|----|----|----|----|----|----|----|----|----|
***************************************************
best node n276 best error 0.0155762
time = 825658250
area = 578
delay = 31.9
write_blif appntk/c1908_34_0.0155762_578_31.9.blif

round 35
seed = 1567394587 patienceN = 0 patienceM = 0 frameNumber = 1024 nLocalPI = 30

0%   10   20   30   40   50   60   70   80   90   100%
|----|----|----|----|----|----|----|----|----|----|
***************************************************
best node n273 best error 0.0155762
time = 842026987
area = 561
delay = 37
write_blif appntk/c1908_35_0.0155762_561_37.blif

round 36
seed = 1567394604 patienceN = 0 patienceM = 0 frameNumber = 1024 nLocalPI = 30

0%   10   20   30   40   50   60   70   80   90   100%
|----|----|----|----|----|----|----|----|----|----|
***************************************************
best node n295 best error 0.0163672
time = 859086278
area = 562
delay = 27.7
write_blif appntk/c1908_36_0.0163672_562_27.7.blif

round 37
seed = 1567394620 patienceN = 0 patienceM = 0 frameNumber = 1024 nLocalPI = 30

0%   10   20   30   40   50   60   70   80   90   100%
|----|----|----|----|----|----|----|----|----|----|
***************************************************
best node n256 best error 0.017168
time = 875019442
area = 554
delay = 37
write_blif appntk/c1908_37_0.017168_554_37.blif

round 38
seed = 1567394637 patienceN = 0 patienceM = 0 frameNumber = 1024 nLocalPI = 30

0%   10   20   30   40   50   60   70   80   90   100%
|----|----|----|----|----|----|----|----|----|----|
***************************************************
best node n265 best error 0.0172266
time = 891010052
area = 553
delay = 36.1
write_blif appntk/c1908_38_0.0172266_553_36.1.blif

round 39
seed = 1567394653 patienceN = 0 patienceM = 0 frameNumber = 1024 nLocalPI = 30

0%   10   20   30   40   50   60   70   80   90   100%
|----|----|----|----|----|----|----|----|----|----|
***************************************************
best node n346 best error 0.0177539
time = 906743780
area = 548
delay = 37.1
write_blif appntk/c1908_39_0.0177539_548_37.1.blif

round 40
seed = 1567394669 patienceN = 0 patienceM = 0 frameNumber = 1024 nLocalPI = 30

0%   10   20   30   40   50   60   70   80   90   100%
|----|----|----|----|----|----|----|----|----|----|
***************************************************
best node n344 best error 0.0181738
time = 923110082
area = 539
delay = 36.3
write_blif appntk/c1908_40_0.0181738_539_36.3.blif

round 41
seed = 1567394685 patienceN = 0 patienceM = 0 frameNumber = 1024 nLocalPI = 30

0%   10   20   30   40   50   60   70   80   90   100%
|----|----|----|----|----|----|----|----|----|----|
***************************************************
best node n293 best error 0.0186621
time = 937699765
area = 541
delay = 36.8
write_blif appntk/c1908_41_0.0186621_541_36.8.blif

round 42
seed = 1567394701 patienceN = 0 patienceM = 0 frameNumber = 1024 nLocalPI = 30

0%   10   20   30   40   50   60   70   80   90   100%
|----|----|----|----|----|----|----|----|----|----|
***************************************************
best node n255 best error 0.01875
time = 952494615
area = 536
delay = 36.9
write_blif appntk/c1908_42_0.01875_536_36.9.blif

round 43
seed = 1567394716 patienceN = 0 patienceM = 0 frameNumber = 1024 nLocalPI = 30

0%   10   20   30   40   50   60   70   80   90   100%
|----|----|----|----|----|----|----|----|----|----|
***************************************************
best node n318 best error 0.0192969
time = 965735230
area = 534
delay = 36.8
write_blif appntk/c1908_43_0.0192969_534_36.8.blif

round 44
seed = 1567394731 patienceN = 0 patienceM = 0 frameNumber = 1024 nLocalPI = 30

0%   10   20   30   40   50   60   70   80   90   100%
|----|----|----|----|----|----|----|----|----|----|
***************************************************
best node n302 best error 0.0195605
time = 979411461
area = 525
delay = 36.8
write_blif appntk/c1908_44_0.0195605_525_36.8.blif

round 45
seed = 1567394744 patienceN = 0 patienceM = 0 frameNumber = 1024 nLocalPI = 30

0%   10   20   30   40   50   60   70   80   90   100%
|----|----|----|----|----|----|----|----|----|----|
***************************************************
best node n315 best error 0.0198633
time = 993538585
area = 517
delay = 27.8
write_blif appntk/c1908_45_0.0198633_517_27.8.blif

round 46
seed = 1567394758 patienceN = 0 patienceM = 0 frameNumber = 1024 nLocalPI = 30

0%   10   20   30   40   50   60   70   80   90   100%
|----|----|----|----|----|----|----|----|----|----|
***************************************************
best node n313 best error 0.0202344
time = 1006864040
area = 520
delay = 37.1
write_blif appntk/c1908_46_0.0202344_520_37.1.blif

round 47
seed = 1567394772 patienceN = 0 patienceM = 0 frameNumber = 1024 nLocalPI = 30

0%   10   20   30   40   50   60   70   80   90   100%
|----|----|----|----|----|----|----|----|----|----|
***************************************************
best node n306 best error 0.0205762
time = 1020232655
area = 521
delay = 29.4
write_blif appntk/c1908_47_0.0205762_521_29.4.blif

round 48
seed = 1567394785 patienceN = 0 patienceM = 0 frameNumber = 1024 nLocalPI = 30

0%   10   20   30   40   50   60   70   80   90   100%
|----|----|----|----|----|----|----|----|----|----|
***************************************************
best node n315 best error 0.020791
time = 1033893196
area = 519
delay = 35.7
write_blif appntk/c1908_48_0.020791_519_35.7.blif

round 49
seed = 1567394799 patienceN = 0 patienceM = 0 frameNumber = 1024 nLocalPI = 30

0%   10   20   30   40   50   60   70   80   90   100%
|----|----|----|----|----|----|----|----|----|----|
***************************************************
best node n311 best error 0.020791
time = 1047553934
area = 516
delay = 36.5
write_blif appntk/c1908_49_0.020791_516_36.5.blif

round 50
seed = 1567394812 patienceN = 0 patienceM = 0 frameNumber = 1024 nLocalPI = 30

0%   10   20   30   40   50   60   70   80   90   100%
|----|----|----|----|----|----|----|----|----|----|
***************************************************
best node n313 best error 0.0204883
time = 1060989548
area = 510
delay = 26.9
write_blif appntk/c1908_50_0.0204883_510_26.9.blif

round 51
seed = 1567394826 patienceN = 0 patienceM = 0 frameNumber = 1024 nLocalPI = 30

0%   10   20   30   40   50   60   70   80   90   100%
|----|----|----|----|----|----|----|----|----|----|
***************************************************
best node n287 best error 0.0209668
time = 1073544249
area = 504
delay = 35.5
write_blif appntk/c1908_51_0.0209668_504_35.5.blif

round 52
seed = 1567394840 patienceN = 0 patienceM = 0 frameNumber = 1024 nLocalPI = 30

0%   10   20   30   40   50   60   70   80   90   100%
|----|----|----|----|----|----|----|----|----|----|
***************************************************
best node n265 best error 0.0210645
time = 1086891558
area = 505
delay = 35.7
write_blif appntk/c1908_52_0.0210645_505_35.7.blif

round 53
seed = 1567394852 patienceN = 0 patienceM = 0 frameNumber = 1024 nLocalPI = 30

0%   10   20   30   40   50   60   70   80   90   100%
|----|----|----|----|----|----|----|----|----|----|
***************************************************
best node n301 best error 0.0212891
time = 1098718033
area = 498
delay = 34.8
write_blif appntk/c1908_53_0.0212891_498_34.8.blif

round 54
seed = 1567394865 patienceN = 0 patienceM = 0 frameNumber = 1024 nLocalPI = 30

0%   10   20   30   40   50   60   70   80   90   100%
|----|----|----|----|----|----|----|----|----|----|
***************************************************
best node n302 best error 0.0215234
time = 1111013912
area = 502
delay = 34.8
write_blif appntk/c1908_54_0.0215234_502_34.8.blif

round 55
seed = 1567394877 patienceN = 0 patienceM = 0 frameNumber = 1024 nLocalPI = 30

0%   10   20   30   40   50   60   70   80   90   100%
|----|----|----|----|----|----|----|----|----|----|
***************************************************
best node n232 best error 0.0220605
time = 1122874144
area = 500
delay = 35.3
write_blif appntk/c1908_55_0.0220605_500_35.3.blif

round 56
seed = 1567394890 patienceN = 0 patienceM = 0 frameNumber = 1024 nLocalPI = 30

0%   10   20   30   40   50   60   70   80   90   100%
|----|----|----|----|----|----|----|----|----|----|
***************************************************
best node n281 best error 0.0224805
time = 1134651082
area = 495
delay = 35.5
write_blif appntk/c1908_56_0.0224805_495_35.5.blif

round 57
seed = 1567394901 patienceN = 0 patienceM = 0 frameNumber = 1024 nLocalPI = 30

0%   10   20   30   40   50   60   70   80   90   100%
|----|----|----|----|----|----|----|----|----|----|
***************************************************
best node n294 best error 0.0225977
time = 1146032055
area = 497
delay = 36.2
write_blif appntk/c1908_57_0.0225977_497_36.2.blif

round 58
seed = 1567394913 patienceN = 0 patienceM = 0 frameNumber = 1024 nLocalPI = 30

0%   10   20   30   40   50   60   70   80   90   100%
|----|----|----|----|----|----|----|----|----|----|
***************************************************
best node n297 best error 0.0224512
time = 1157263249
area = 492
delay = 36.5
write_blif appntk/c1908_58_0.0224512_492_36.5.blif

round 59
seed = 1567394925 patienceN = 0 patienceM = 0 frameNumber = 1024 nLocalPI = 30

0%   10   20   30   40   50   60   70   80   90   100%
|----|----|----|----|----|----|----|----|----|----|
***************************************************
best node n297 best error 0.0224512
time = 1168742510
area = 485
delay = 24.7
write_blif appntk/c1908_59_0.0224512_485_24.7.blif

round 60
seed = 1567394936 patienceN = 0 patienceM = 0 frameNumber = 1024 nLocalPI = 30

0%   10   20   30   40   50   60   70   80   90   100%
|----|----|----|----|----|----|----|----|----|----|
***************************************************
best node n253 best error 0.0230078
time = 1179679152
area = 480
delay = 36
write_blif appntk/c1908_60_0.0230078_480_36.blif

round 61
seed = 1567394947 patienceN = 0 patienceM = 0 frameNumber = 1024 nLocalPI = 30

0%   10   20   30   40   50   60   70   80   90   100%
|----|----|----|----|----|----|----|----|----|----|
***************************************************
best node n297 best error 0.0233594
time = 1190562638
area = 481
delay = 34.7
write_blif appntk/c1908_61_0.0233594_481_34.7.blif

round 62
seed = 1567394958 patienceN = 0 patienceM = 0 frameNumber = 1024 nLocalPI = 30

0%   10   20   30   40   50   60   70   80   90   100%
|----|----|----|----|----|----|----|----|----|----|
***************************************************
best node n256 best error 0.0234766
time = 1201026948
area = 478
delay = 34.2
write_blif appntk/c1908_62_0.0234766_478_34.2.blif

round 63
seed = 1567394969 patienceN = 0 patienceM = 0 frameNumber = 1024 nLocalPI = 30

0%   10   20   30   40   50   60   70   80   90   100%
|----|----|----|----|----|----|----|----|----|----|
***************************************************
best node n293 best error 0.023125
time = 1211502070
area = 474
delay = 34.2
write_blif appntk/c1908_63_0.023125_474_34.2.blif

round 64
seed = 1567394980 patienceN = 0 patienceM = 0 frameNumber = 1024 nLocalPI = 30

0%   10   20   30   40   50   60   70   80   90   100%
|----|----|----|----|----|----|----|----|----|----|
***************************************************
best node n273 best error 0.0234863
time = 1221985586
area = 476
delay = 34.7
write_blif appntk/c1908_64_0.0234863_476_34.7.blif

round 65
seed = 1567394990 patienceN = 0 patienceM = 0 frameNumber = 1024 nLocalPI = 30

0%   10   20   30   40   50   60   70   80   90   100%
|----|----|----|----|----|----|----|----|----|----|
***************************************************
best node n252 best error 0.0236328
time = 1231855255
area = 465
delay = 36.8
write_blif appntk/c1908_65_0.0236328_465_36.8.blif

round 66
seed = 1567395001 patienceN = 0 patienceM = 0 frameNumber = 1024 nLocalPI = 30

0%   10   20   30   40   50   60   70   80   90   100%
|----|----|----|----|----|----|----|----|----|----|
***************************************************
best node n275 best error 0.0239941
time = 1241510060
area = 463
delay = 35.1
write_blif appntk/c1908_66_0.0239941_463_35.1.blif

round 67
seed = 1567395010 patienceN = 0 patienceM = 0 frameNumber = 1024 nLocalPI = 30

0%   10   20   30   40   50   60   70   80   90   100%
|----|----|----|----|----|----|----|----|----|----|
***************************************************
best node n239 best error 0.0245605
time = 1250872600
area = 465
delay = 35.1
write_blif appntk/c1908_67_0.0245605_465_35.1.blif

round 68
seed = 1567395020 patienceN = 0 patienceM = 0 frameNumber = 1024 nLocalPI = 30

0%   10   20   30   40   50   60   70   80   90   100%
|----|----|----|----|----|----|----|----|----|----|
***************************************************
best node n267 best error 0.0250586
time = 1260031451
area = 455
delay = 34.2
write_blif appntk/c1908_68_0.0250586_455_34.2.blif

round 69
seed = 1567395029 patienceN = 0 patienceM = 0 frameNumber = 1024 nLocalPI = 30

0%   10   20   30   40   50   60   70   80   90   100%
|----|----|----|----|----|----|----|----|----|----|
***************************************************
best node n272 best error 0.0255273
time = 1269250528
area = 455
delay = 23.8
write_blif appntk/c1908_69_0.0255273_455_23.8.blif

round 70
seed = 1567395039 patienceN = 0 patienceM = 0 frameNumber = 1024 nLocalPI = 30

0%   10   20   30   40   50   60   70   80   90   100%
|----|----|----|----|----|----|----|----|----|----|
***************************************************
change patienceN
time = 1278102491
area = 454
delay = 34.2
write_blif appntk/c1908_70_0.0255273_454_34.2.blif

round 71
seed = 1567395048 patienceN = 1 patienceM = 0 frameNumber = 1024 nLocalPI = 30

0%   10   20   30   40   50   60   70   80   90   100%
|----|----|----|----|----|----|----|----|----|----|
***************************************************
best node n292 best error 0.0255273
time = 1287446126
area = 456
delay = 33.3
write_blif appntk/c1908_71_0.0255273_456_33.3.blif

round 72
seed = 1567395057 patienceN = 0 patienceM = 0 frameNumber = 1024 nLocalPI = 30

0%   10   20   30   40   50   60   70   80   90   100%
|----|----|----|----|----|----|----|----|----|----|
***************************************************
best node n238 best error 0.0256641
time = 1296150322
area = 455
delay = 34.9
write_blif appntk/c1908_72_0.0256641_455_34.9.blif

round 73
seed = 1567395066 patienceN = 0 patienceM = 0 frameNumber = 1024 nLocalPI = 30

0%   10   20   30   40   50   60   70   80   90   100%
|----|----|----|----|----|----|----|----|----|----|
***************************************************
best node n273 best error 0.0267871
time = 1304727968
area = 447
delay = 33.2
write_blif appntk/c1908_73_0.0267871_447_33.2.blif

round 74
seed = 1567395075 patienceN = 0 patienceM = 0 frameNumber = 1024 nLocalPI = 30

0%   10   20   30   40   50   60   70   80   90   100%
|----|----|----|----|----|----|----|----|----|----|
***************************************************
change patienceN
time = 1312634826
area = 447
delay = 32.8
write_blif appntk/c1908_74_0.0267871_447_32.8.blif

round 75
seed = 1567395083 patienceN = 1 patienceM = 0 frameNumber = 1024 nLocalPI = 30

0%   10   20   30   40   50   60   70   80   90   100%
|----|----|----|----|----|----|----|----|----|----|
***************************************************
best node n239 best error 0.0268652
time = 1320887415
area = 421
delay = 33.2
write_blif appntk/c1908_75_0.0268652_421_33.2.blif

round 76
seed = 1567395091 patienceN = 0 patienceM = 0 frameNumber = 1024 nLocalPI = 30

0%   10   20   30   40   50   60   70   80   90   100%
|----|----|----|----|----|----|----|----|----|----|
***************************************************
best node n231 best error 0.0270117
time = 1328517224
area = 419
delay = 33.2
write_blif appntk/c1908_76_0.0270117_419_33.2.blif

round 77
seed = 1567395099 patienceN = 0 patienceM = 0 frameNumber = 1024 nLocalPI = 30

0%   10   20   30   40   50   60   70   80   90   100%
|----|----|----|----|----|----|----|----|----|----|
***************************************************
change patienceN
time = 1335401517
area = 410
delay = 33.3
write_blif appntk/c1908_77_0.0270117_410_33.3.blif

round 78
seed = 1567395107 patienceN = 1 patienceM = 0 frameNumber = 1024 nLocalPI = 30

0%   10   20   30   40   50   60   70   80   90   100%
|----|----|----|----|----|----|----|----|----|----|
***************************************************
best node n250 best error 0.0282129
time = 1342422731
area = 403
delay = 30.1
write_blif appntk/c1908_78_0.0282129_403_30.1.blif

round 79
seed = 1567395114 patienceN = 0 patienceM = 0 frameNumber = 1024 nLocalPI = 30

0%   10   20   30   40   50   60   70   80   90   100%
|----|----|----|----|----|----|----|----|----|----|
***************************************************
change patienceN
time = 1349060484
area = 398
delay = 30.7
write_blif appntk/c1908_79_0.0282129_398_30.7.blif

round 80
seed = 1567395121 patienceN = 1 patienceM = 0 frameNumber = 1024 nLocalPI = 30

0%   10   20   30   40   50   60   70   80   90   100%
|----|----|----|----|----|----|----|----|----|----|
***************************************************
change patienceN
time = 1355470594
area = 406
delay = 31.8
write_blif appntk/c1908_80_0.0282129_406_31.8.blif

round 81
seed = 1567395128 patienceN = 2 patienceM = 0 frameNumber = 1024 nLocalPI = 30

0%   10   20   30   40   50   60   70   80   90   100%
|----|----|----|----|----|----|----|----|----|----|
***************************************************
change patienceN
time = 1361840227
area = 406
delay = 29.3
write_blif appntk/c1908_81_0.0282129_406_29.3.blif

round 82
seed = 1567395134 patienceN = 0 patienceM = 0 frameNumber = 512 nLocalPI = 30

0%   10   20   30   40   50   60   70   80   90   100%
|----|----|----|----|----|----|----|----|----|----|
***************************************************
best node n245 best error 0.0293848
time = 1365727653
area = 392
delay = 27.5
write_blif appntk/c1908_82_0.0293848_392_27.5.blif

round 83
seed = 1567395140 patienceN = 0 patienceM = 0 frameNumber = 512 nLocalPI = 30

0%   10   20   30   40   50   60   70   80   90   100%
|----|----|----|----|----|----|----|----|----|----|
***************************************************
best node n256 best error 0.0293848
time = 1368982749
area = 377
delay = 29.6
write_blif appntk/c1908_83_0.0293848_377_29.6.blif

round 84
seed = 1567395144 patienceN = 0 patienceM = 0 frameNumber = 512 nLocalPI = 30

0%   10   20   30   40   50   60   70   80   90   100%
|----|----|----|----|----|----|----|----|----|----|
***************************************************
change patienceN
time = 1371639868
area = 377
delay = 29.6
write_blif appntk/c1908_84_0.0293848_377_29.6.blif

round 85
seed = 1567395147 patienceN = 1 patienceM = 0 frameNumber = 512 nLocalPI = 30

0%   10   20   30   40   50   60   70   80   90   100%
|----|----|----|----|----|----|----|----|----|----|
***************************************************
change patienceN
time = 1374335693
area = 376
delay = 29.6
write_blif appntk/c1908_85_0.0293848_376_29.6.blif

round 86
seed = 1567395150 patienceN = 2 patienceM = 0 frameNumber = 512 nLocalPI = 30

0%   10   20   30   40   50   60   70   80   90   100%
|----|----|----|----|----|----|----|----|----|----|
***************************************************
change patienceN
time = 1377052146
area = 375
delay = 29.8
write_blif appntk/c1908_86_0.0293848_375_29.8.blif

round 87
seed = 1567395153 patienceN = 0 patienceM = 0 frameNumber = 256 nLocalPI = 30

0%   10   20   30   40   50   60   70   80   90   100%
|----|----|----|----|----|----|----|----|----|----|
***************************************************
best node n210 best error 0.031377
time = 1378786795
area = 375
delay = 28.9
write_blif appntk/c1908_87_0.031377_375_28.9.blif

round 88
seed = 1567395156 patienceN = 0 patienceM = 0 frameNumber = 256 nLocalPI = 30

0%   10   20   30   40   50   60   70   80   90   100%
|----|----|----|----|----|----|----|----|----|----|
***************************************************
best node n236 best error 0.0321582
time = 1380482573
area = 355
delay = 23.1
write_blif appntk/c1908_88_0.0321582_355_23.1.blif

round 89
seed = 1567395157 patienceN = 0 patienceM = 0 frameNumber = 256 nLocalPI = 30

0%   10   20   30   40   50   60   70   80   90   100%
|----|----|----|----|----|----|----|----|----|----|
***************************************************
change patienceN
time = 1381847353
area = 355
delay = 23.1
write_blif appntk/c1908_89_0.0321582_355_23.1.blif

round 90
seed = 1567395159 patienceN = 1 patienceM = 0 frameNumber = 256 nLocalPI = 30

0%   10   20   30   40   50   60   70   80   90   100%
|----|----|----|----|----|----|----|----|----|----|
***************************************************
best node n227 best error 0.0333984
time = 1383387976
area = 353
delay = 21.9
write_blif appntk/c1908_90_0.0333984_353_21.9.blif

round 91
seed = 1567395160 patienceN = 0 patienceM = 0 frameNumber = 256 nLocalPI = 30

0%   10   20   30   40   50   60   70   80   90   100%
|----|----|----|----|----|----|----|----|----|----|
***************************************************
best node n226 best error 0.036543
time = 1384824659
area = 327
delay = 19.6
write_blif appntk/c1908_91_0.036543_327_19.6.blif

round 92
seed = 1567395162 patienceN = 0 patienceM = 0 frameNumber = 256 nLocalPI = 30

0%   10   20   30   40   50   60   70   80   90   100%
|----|----|----|----|----|----|----|----|----|----|
***************************************************
best node n171 best error 0.0396484
time = 1385932299
area = 312
delay = 17.5
write_blif appntk/c1908_92_0.0396484_312_17.5.blif

round 93
seed = 1567395163 patienceN = 0 patienceM = 0 frameNumber = 256 nLocalPI = 30

0%   10   20   30   40   50   60   70   80   90   100%
|----|----|----|----|----|----|----|----|----|----|
***************************************************
change patienceN
time = 1386782172
area = 310
delay = 18
write_blif appntk/c1908_93_0.0396484_310_18.blif

round 94
seed = 1567395164 patienceN = 1 patienceM = 0 frameNumber = 256 nLocalPI = 30

0%   10   20   30   40   50   60   70   80   90   100%
|----|----|----|----|----|----|----|----|----|----|
***************************************************
best node n136 best error 0.0398242
time = 1387687286
area = 310
delay = 17.5
write_blif appntk/c1908_94_0.0398242_310_17.5.blif

round 95
seed = 1567395165 patienceN = 0 patienceM = 0 frameNumber = 256 nLocalPI = 30

0%   10   20   30   40   50   60   70   80   90   100%
|----|----|----|----|----|----|----|----|----|----|
***************************************************
change patienceN
time = 1388549368
area = 308
delay = 18
write_blif appntk/c1908_95_0.0398242_308_18.blif

round 96
seed = 1567395166 patienceN = 1 patienceM = 0 frameNumber = 256 nLocalPI = 30

0%   10   20   30   40   50   60   70   80   90   100%
|----|----|----|----|----|----|----|----|----|----|
***************************************************
best node n138 best error 0.0434863
time = 1389460899
area = 306
delay = 15
write_blif appntk/c1908_96_0.0434863_306_15.blif

round 97
seed = 1567395167 patienceN = 0 patienceM = 0 frameNumber = 256 nLocalPI = 30

0%   10   20   30   40   50   60   70   80   90   100%
|----|----|----|----|----|----|----|----|----|----|
***************************************************
best node n136 best error 0.0481445
time = 1390360449
area = 302
delay = 15.7
write_blif appntk/c1908_97_0.0481445_302_15.7.blif

round 98
seed = 1567395168 patienceN = 0 patienceM = 0 frameNumber = 256 nLocalPI = 30

0%   10   20   30   40   50   60   70   80   90   100%
|----|----|----|----|----|----|----|----|----|----|
***************************************************
change patienceN
time = 1391081173
area = 303
delay = 15.7
write_blif appntk/c1908_98_0.0481445_303_15.7.blif

round 99
seed = 1567395169 patienceN = 1 patienceM = 0 frameNumber = 256 nLocalPI = 30

0%   10   20   30   40   50   60   70   80   90   100%
|----|----|----|----|----|----|----|----|----|----|
***************************************************
change patienceN
time = 1391809755
area = 302
delay = 15.7
write_blif appntk/c1908_99_0.0481445_302_15.7.blif

round 100
seed = 1567395170 patienceN = 2 patienceM = 0 frameNumber = 256 nLocalPI = 30

0%   10   20   30   40   50   60   70   80   90   100%
|----|----|----|----|----|----|----|----|----|----|
***************************************************
change patienceN
time = 1392566572
area = 303
delay = 15.7
write_blif appntk/c1908_100_0.0481445_303_15.7.blif

round 101
seed = 1567395170 patienceN = 0 patienceM = 0 frameNumber = 128 nLocalPI = 30

0%   10   20   30   40   50   60   70   80   90   100%
|----|----|----|----|----|----|----|----|----|----|
***************************************************
change patienceN
time = 1393074156
area = 302
delay = 15.7
write_blif appntk/c1908_101_0.0481445_302_15.7.blif

round 102
seed = 1567395171 patienceN = 1 patienceM = 0 frameNumber = 128 nLocalPI = 30

0%   10   20   30   40   50   60   70   80   90   100%
|----|----|----|----|----|----|----|----|----|----|
***************************************************
change patienceN
time = 1393578069
area = 303
delay = 15.7
write_blif appntk/c1908_102_0.0481445_303_15.7.blif

round 103
seed = 1567395172 patienceN = 2 patienceM = 0 frameNumber = 128 nLocalPI = 30

0%   10   20   30   40   50   60   70   80   90   100%
|----|----|----|----|----|----|----|----|----|----|
***************************************************
change patienceN
time = 1394079016
area = 302
delay = 15.7
write_blif appntk/c1908_103_0.0481445_302_15.7.blif

round 104
seed = 1567395172 patienceN = 0 patienceM = 0 frameNumber = 64 nLocalPI = 30

0%   10   20   30   40   50   60   70   80   90   100%
|----|----|----|----|----|----|----|----|----|----|
***************************************************
change patienceN
time = 1394460939
area = 303
delay = 15.7
write_blif appntk/c1908_104_0.0481445_303_15.7.blif

round 105
seed = 1567395173 patienceN = 1 patienceM = 0 frameNumber = 64 nLocalPI = 30

0%   10   20   30   40   50   60   70   80   90   100%
|----|----|----|----|----|----|----|----|----|----|
***************************************************
change patienceN
time = 1394845207
area = 302
delay = 15.7
write_blif appntk/c1908_105_0.0481445_302_15.7.blif

round 106
seed = 1567395173 patienceN = 2 patienceM = 0 frameNumber = 64 nLocalPI = 30

0%   10   20   30   40   50   60   70   80   90   100%
|----|----|----|----|----|----|----|----|----|----|
***************************************************
change patienceN
time = 1395227620
area = 303
delay = 15.7
write_blif appntk/c1908_106_0.0481445_303_15.7.blif

round 107
seed = 1567395173 patienceN = 0 patienceM = 0 frameNumber = 32 nLocalPI = 30

0%   10   20   30   40   50   60   70   80   90   100%
|----|----|----|----|----|----|----|----|----|----|
***************************************************
best node n106 best error 0.0371289
time = 1395844486
area = 281
delay = 16.1
write_blif appntk/c1908_107_0.0371289_281_16.1.blif

round 108
seed = 1567395174 patienceN = 0 patienceM = 0 frameNumber = 32 nLocalPI = 30

0%   10   20   30   40   50   60   70   80   90   100%
|----|----|----|----|----|----|----|----|----|----|
***************************************************
change patienceM
time = 1396323098
area = 283
delay = 16.7
write_blif appntk/c1908_108_0.0371289_283_16.7.blif

round 109
seed = 1567395174 patienceN = 0 patienceM = 1 frameNumber = 32 nLocalPI = 30

0%   10   20   30   40   50   60   70   80   90   100%
|----|----|----|----|----|----|----|----|----|----|
***************************************************
change patienceM
time = 1396753750
area = 284
delay = 16
write_blif appntk/c1908_109_0.0371289_284_16.blif

round 110
seed = 1567395175 patienceN = 0 patienceM = 2 frameNumber = 32 nLocalPI = 30

0%   10   20   30   40   50   60   70   80   90   100%
|----|----|----|----|----|----|----|----|----|----|
***************************************************
change patienceM
time = 1397318655
area = 283
delay = 16.1
write_blif appntk/c1908_110_0.0371289_283_16.1.blif

round 111
seed = 1567395175 patienceN = 0 patienceM = 0 frameNumber = 32 nLocalPI = 29

0%   10   20   30   40   50   60   70   80   90   100%
|----|----|----|----|----|----|----|----|----|----|
***************************************************
change patienceM
time = 1397702483
area = 282
delay = 16
write_blif appntk/c1908_111_0.0371289_282_16.blif

round 112
seed = 1567395176 patienceN = 0 patienceM = 1 frameNumber = 32 nLocalPI = 29

0%   10   20   30   40   50   60   70   80   90   100%
|----|----|----|----|----|----|----|----|----|----|
***************************************************
change patienceM
time = 1398171239
area = 283
delay = 16.7
write_blif appntk/c1908_112_0.0371289_283_16.7.blif

round 113
seed = 1567395176 patienceN = 0 patienceM = 2 frameNumber = 32 nLocalPI = 29

0%   10   20   30   40   50   60   70   80   90   100%
|----|----|----|----|----|----|----|----|----|----|
***************************************************
change patienceM
time = 1398719114
area = 283
delay = 16
write_blif appntk/c1908_113_0.0371289_283_16.blif

round 114
seed = 1567395177 patienceN = 0 patienceM = 0 frameNumber = 32 nLocalPI = 28

0%   10   20   30   40   50   60   70   80   90   100%
|----|----|----|----|----|----|----|----|----|----|
***************************************************
change patienceM
time = 1399190525
area = 283
delay = 16.1
write_blif appntk/c1908_114_0.0371289_283_16.1.blif

round 115
seed = 1567395177 patienceN = 0 patienceM = 1 frameNumber = 32 nLocalPI = 28

0%   10   20   30   40   50   60   70   80   90   100%
|----|----|----|----|----|----|----|----|----|----|
***************************************************
change patienceM
time = 1399616445
area = 282
delay = 16
write_blif appntk/c1908_115_0.0371289_282_16.blif

round 116
seed = 1567395178 patienceN = 0 patienceM = 2 frameNumber = 32 nLocalPI = 28

0%   10   20   30   40   50   60   70   80   90   100%
|----|----|----|----|----|----|----|----|----|----|
***************************************************
change patienceM
time = 1400003531
area = 283
delay = 16.7
write_blif appntk/c1908_116_0.0371289_283_16.7.blif

round 117
seed = 1567395178 patienceN = 0 patienceM = 0 frameNumber = 32 nLocalPI = 27

0%   10   20   30   40   50   60   70   80   90   100%
|----|----|----|----|----|----|----|----|----|----|
***************************************************
change patienceM
time = 1400427005
area = 282
delay = 16
write_blif appntk/c1908_117_0.0371289_282_16.blif

round 118
seed = 1567395178 patienceN = 0 patienceM = 1 frameNumber = 32 nLocalPI = 27

0%   10   20   30   40   50   60   70   80   90   100%
|----|----|----|----|----|----|----|----|----|----|
***************************************************
change patienceN
time = 1400721594
area = 283
delay = 16.1
write_blif appntk/c1908_118_0.0371289_283_16.1.blif

round 119
seed = 1567395179 patienceN = 1 patienceM = 1 frameNumber = 32 nLocalPI = 27

0%   10   20   30   40   50   60   70   80   90   100%
|----|----|----|----|----|----|----|----|----|----|
***************************************************
change patienceN
time = 1401011633
area = 283
delay = 16
write_blif appntk/c1908_119_0.0371289_283_16.blif

round 120
seed = 1567395179 patienceN = 2 patienceM = 1 frameNumber = 32 nLocalPI = 27

0%   10   20   30   40   50   60   70   80   90   100%
|----|----|----|----|----|----|----|----|----|----|
***************************************************
change patienceN
time = 1401306623
area = 283
delay = 16.7
write_blif appntk/c1908_120_0.0371289_283_16.7.blif

round 121
seed = 1567395179 patienceN = 0 patienceM = 0 frameNumber = 16 nLocalPI = 27

0%   10   20   30   40   50   60   70   80   90   100%
|----|----|----|----|----|----|----|----|----|----|
***************************************************
change patienceM
time = 1402253508
area = 282
delay = 16
write_blif appntk/c1908_121_0.0371289_282_16.blif

round 122
seed = 1567395180 patienceN = 0 patienceM = 1 frameNumber = 16 nLocalPI = 27

0%   10   20   30   40   50   60   70   80   90   100%
|----|----|----|----|----|----|----|----|----|----|
***************************************************
change patienceM
time = 1403021893
area = 283
delay = 16.1
write_blif appntk/c1908_122_0.0371289_283_16.1.blif

round 123
seed = 1567395181 patienceN = 0 patienceM = 2 frameNumber = 16 nLocalPI = 27

0%   10   20   30   40   50   60   70   80   90   100%
|----|----|----|----|----|----|----|----|----|----|
***************************************************
change patienceM
time = 1403966332
area = 283
delay = 16
write_blif appntk/c1908_123_0.0371289_283_16.blif

round 124
seed = 1567395181 patienceN = 0 patienceM = 0 frameNumber = 16 nLocalPI = 26

0%   10   20   30   40   50   60   70   80   90   100%
|----|----|----|----|----|----|----|----|----|----|
***************************************************
change patienceM
time = 1404487002
area = 283
delay = 16.7
write_blif appntk/c1908_124_0.0371289_283_16.7.blif

round 125
seed = 1567395182 patienceN = 0 patienceM = 1 frameNumber = 16 nLocalPI = 26

0%   10   20   30   40   50   60   70   80   90   100%
|----|----|----|----|----|----|----|----|----|----|
***************************************************
change patienceM
time = 1405521568
area = 282
delay = 16
write_blif appntk/c1908_125_0.0371289_282_16.blif

round 126
seed = 1567395183 patienceN = 0 patienceM = 2 frameNumber = 16 nLocalPI = 26

0%   10   20   30   40   50   60   70   80   90   100%
|----|----|----|----|----|----|----|----|----|----|
***************************************************
change patienceM
time = 1406552897
area = 283
delay = 16.1
write_blif appntk/c1908_126_0.0371289_283_16.1.blif

round 127
seed = 1567395184 patienceN = 0 patienceM = 0 frameNumber = 16 nLocalPI = 25

0%   10   20   30   40   50   60   70   80   90   100%
|----|----|----|----|----|----|----|----|----|----|
***************************************************
change patienceM
time = 1407540527
area = 282
delay = 16
write_blif appntk/c1908_127_0.0371289_282_16.blif

round 128
seed = 1567395185 patienceN = 0 patienceM = 1 frameNumber = 16 nLocalPI = 25

0%   10   20   30   40   50   60   70   80   90   100%
|----|----|----|----|----|----|----|----|----|----|
***************************************************
change patienceM
time = 1408305198
area = 283
delay = 16.7
write_blif appntk/c1908_128_0.0371289_283_16.7.blif

round 129
seed = 1567395186 patienceN = 0 patienceM = 2 frameNumber = 16 nLocalPI = 25

0%   10   20   30   40   50   60   70   80   90   100%
|----|----|----|----|----|----|----|----|----|----|
***************************************************
change patienceM
time = 1409070255
area = 283
delay = 16
write_blif appntk/c1908_129_0.0371289_283_16.blif

round 130
seed = 1567395187 patienceN = 0 patienceM = 0 frameNumber = 16 nLocalPI = 24

0%   10   20   30   40   50   60   70   80   90   100%
|----|----|----|----|----|----|----|----|----|----|
***************************************************
change patienceM
time = 1410214564
area = 283
delay = 16.1
write_blif appntk/c1908_130_0.0371289_283_16.1.blif

round 131
seed = 1567395188 patienceN = 0 patienceM = 1 frameNumber = 16 nLocalPI = 24

0%   10   20   30   40   50   60   70   80   90   100%
|----|----|----|----|----|----|----|----|----|----|
***************************************************
change patienceM
time = 1411066249
area = 282
delay = 16
write_blif appntk/c1908_131_0.0371289_282_16.blif

round 132
seed = 1567395189 patienceN = 0 patienceM = 2 frameNumber = 16 nLocalPI = 24

0%   10   20   30   40   50   60   70   80   90   100%
|----|----|----|----|----|----|----|----|----|----|
***************************************************
change patienceM
time = 1411668722
area = 283
delay = 16.7
write_blif appntk/c1908_132_0.0371289_283_16.7.blif

round 133
seed = 1567395190 patienceN = 0 patienceM = 0 frameNumber = 16 nLocalPI = 23

0%   10   20   30   40   50   60   70   80   90   100%
|----|----|----|----|----|----|----|----|----|----|
***************************************************
change patienceM
time = 1412431312
area = 283
delay = 16
write_blif appntk/c1908_133_0.0371289_283_16.blif

round 134
seed = 1567395190 patienceN = 0 patienceM = 1 frameNumber = 16 nLocalPI = 23

0%   10   20   30   40   50   60   70   80   90   100%
|----|----|----|----|----|----|----|----|----|----|
***************************************************
change patienceM
time = 1413535545
area = 283
delay = 16.1
write_blif appntk/c1908_134_0.0371289_283_16.1.blif

round 135
seed = 1567395191 patienceN = 0 patienceM = 2 frameNumber = 16 nLocalPI = 23

0%   10   20   30   40   50   60   70   80   90   100%
|----|----|----|----|----|----|----|----|----|----|
***************************************************
change patienceM
time = 1414698304
area = 282
delay = 16
write_blif appntk/c1908_135_0.0371289_282_16.blif

round 136
seed = 1567395192 patienceN = 0 patienceM = 0 frameNumber = 16 nLocalPI = 22

0%   10   20   30   40   50   60   70   80   90   100%
|----|----|----|----|----|----|----|----|----|----|
***************************************************
change patienceM
time = 1415978406
area = 283
delay = 16.7
write_blif appntk/c1908_136_0.0371289_283_16.7.blif

round 137
seed = 1567395193 patienceN = 0 patienceM = 1 frameNumber = 16 nLocalPI = 22

0%   10   20   30   40   50   60   70   80   90   100%
|----|----|----|----|----|----|----|----|----|----|
***************************************************
change patienceM
time = 1416655069
area = 282
delay = 16
write_blif appntk/c1908_137_0.0371289_282_16.blif

round 138
seed = 1567395194 patienceN = 0 patienceM = 2 frameNumber = 16 nLocalPI = 22

0%   10   20   30   40   50   60   70   80   90   100%
|----|----|----|----|----|----|----|----|----|----|
***************************************************
change patienceM
time = 1417668503
area = 283
delay = 16.1
write_blif appntk/c1908_138_0.0371289_283_16.1.blif

round 139
seed = 1567395195 patienceN = 0 patienceM = 0 frameNumber = 16 nLocalPI = 21

0%   10   20   30   40   50   60   70   80   90   100%
|----|----|----|----|----|----|----|----|----|----|
***************************************************
change patienceM
time = 1418681987
area = 283
delay = 16
write_blif appntk/c1908_139_0.0371289_283_16.blif

round 140
seed = 1567395196 patienceN = 0 patienceM = 1 frameNumber = 16 nLocalPI = 21

0%   10   20   30   40   50   60   70   80   90   100%
|----|----|----|----|----|----|----|----|----|----|
***************************************************
change patienceM
time = 1419533431
area = 283
delay = 16.7
write_blif appntk/c1908_140_0.0371289_283_16.7.blif

round 141
seed = 1567395197 patienceN = 0 patienceM = 2 frameNumber = 16 nLocalPI = 21

0%   10   20   30   40   50   60   70   80   90   100%
|----|----|----|----|----|----|----|----|----|----|
***************************************************
change patienceM
time = 1420552289
area = 282
delay = 16
write_blif appntk/c1908_141_0.0371289_282_16.blif

round 142
seed = 1567395198 patienceN = 0 patienceM = 0 frameNumber = 16 nLocalPI = 20

0%   10   20   30   40   50   60   70   80   90   100%
|----|----|----|----|----|----|----|----|----|----|
***************************************************
change patienceM
time = 1421352584
area = 283
delay = 16.1
write_blif appntk/c1908_142_0.0371289_283_16.1.blif

round 143
seed = 1567395199 patienceN = 0 patienceM = 1 frameNumber = 16 nLocalPI = 20

0%   10   20   30   40   50   60   70   80   90   100%
|----|----|----|----|----|----|----|----|----|----|
***************************************************
change patienceM
time = 1422365941
area = 283
delay = 16
write_blif appntk/c1908_143_0.0371289_283_16.blif

round 144
seed = 1567395200 patienceN = 0 patienceM = 2 frameNumber = 16 nLocalPI = 20

0%   10   20   30   40   50   60   70   80   90   100%
|----|----|----|----|----|----|----|----|----|----|
***************************************************
change patienceM
time = 1423383207
area = 283
delay = 16.7
write_blif appntk/c1908_144_0.0371289_283_16.7.blif

round 145
seed = 1567395201 patienceN = 0 patienceM = 0 frameNumber = 16 nLocalPI = 19

0%   10   20   30   40   50   60   70   80   90   100%
|----|----|----|----|----|----|----|----|----|----|
***************************************************
change patienceM
time = 1424773221
area = 282
delay = 16
write_blif appntk/c1908_145_0.0371289_282_16.blif

round 146
seed = 1567395202 patienceN = 0 patienceM = 1 frameNumber = 16 nLocalPI = 19

0%   10   20   30   40   50   60   70   80   90   100%
|----|----|----|----|----|----|----|----|----|----|
***************************************************
change patienceM
time = 1425827450
area = 283
delay = 16.1
write_blif appntk/c1908_146_0.0371289_283_16.1.blif

round 147
seed = 1567395203 patienceN = 0 patienceM = 2 frameNumber = 16 nLocalPI = 19

0%   10   20   30   40   50   60   70   80   90   100%
|----|----|----|----|----|----|----|----|----|----|
***************************************************
change patienceM
time = 1426545090
area = 282
delay = 16
write_blif appntk/c1908_147_0.0371289_282_16.blif

round 148
seed = 1567395204 patienceN = 0 patienceM = 0 frameNumber = 16 nLocalPI = 18

0%   10   20   30   40   50   60   70   80   90   100%
|----|----|----|----|----|----|----|----|----|----|
***************************************************
change patienceM
time = 1427515420
area = 283
delay = 16.7
write_blif appntk/c1908_148_0.0371289_283_16.7.blif

round 149
seed = 1567395205 patienceN = 0 patienceM = 1 frameNumber = 16 nLocalPI = 18

0%   10   20   30   40   50   60   70   80   90   100%
|----|----|----|----|----|----|----|----|----|----|
***************************************************
change patienceM
time = 1428273766
area = 283
delay = 16
write_blif appntk/c1908_149_0.0371289_283_16.blif

round 150
seed = 1567395206 patienceN = 0 patienceM = 2 frameNumber = 16 nLocalPI = 18

0%   10   20   30   40   50   60   70   80   90   100%
|----|----|----|----|----|----|----|----|----|----|
***************************************************
change patienceM
time = 1429325913
area = 283
delay = 16.1
write_blif appntk/c1908_150_0.0371289_283_16.1.blif

round 151
seed = 1567395207 patienceN = 0 patienceM = 0 frameNumber = 16 nLocalPI = 17

0%   10   20   30   40   50   60   70   80   90   100%
|----|----|----|----|----|----|----|----|----|----|
***************************************************
change patienceM
time = 1430501534
area = 282
delay = 16
write_blif appntk/c1908_151_0.0371289_282_16.blif

round 152
seed = 1567395208 patienceN = 0 patienceM = 1 frameNumber = 16 nLocalPI = 17

0%   10   20   30   40   50   60   70   80   90   100%
|----|----|----|----|----|----|----|----|----|----|
***************************************************
change patienceM
time = 1431553812
area = 283
delay = 16.7
write_blif appntk/c1908_152_0.0371289_283_16.7.blif

round 153
seed = 1567395209 patienceN = 0 patienceM = 2 frameNumber = 16 nLocalPI = 17

0%   10   20   30   40   50   60   70   80   90   100%
|----|----|----|----|----|----|----|----|----|----|
***************************************************
change patienceM
time = 1432267186
area = 283
delay = 16
write_blif appntk/c1908_153_0.0371289_283_16.blif

round 154
seed = 1567395210 patienceN = 0 patienceM = 0 frameNumber = 16 nLocalPI = 16

0%   10   20   30   40   50   60   70   80   90   100%
|----|----|----|----|----|----|----|----|----|----|
***************************************************
change patienceM
time = 1433404697
area = 283
delay = 16.1
write_blif appntk/c1908_154_0.0371289_283_16.1.blif

round 155
seed = 1567395211 patienceN = 0 patienceM = 1 frameNumber = 16 nLocalPI = 16

0%   10   20   30   40   50   60   70   80   90   100%
|----|----|----|----|----|----|----|----|----|----|
***************************************************
change patienceM
time = 1434286884
area = 282
delay = 16
write_blif appntk/c1908_155_0.0371289_282_16.blif

round 156
seed = 1567395212 patienceN = 0 patienceM = 2 frameNumber = 16 nLocalPI = 16

0%   10   20   30   40   50   60   70   80   90   100%
|----|----|----|----|----|----|----|----|----|----|
***************************************************
change patienceM
time = 1435082277
area = 283
delay = 16.7
write_blif appntk/c1908_156_0.0371289_283_16.7.blif

round 157
seed = 1567395213 patienceN = 0 patienceM = 0 frameNumber = 16 nLocalPI = 15

0%   10   20   30   40   50   60   70   80   90   100%
|----|----|----|----|----|----|----|----|----|----|
***************************************************
change patienceM
time = 1436471282
area = 282
delay = 16
write_blif appntk/c1908_157_0.0371289_282_16.blif

round 158
seed = 1567395214 patienceN = 0 patienceM = 1 frameNumber = 16 nLocalPI = 15

0%   10   20   30   40   50   60   70   80   90   100%
|----|----|----|----|----|----|----|----|----|----|
***************************************************
change patienceM
time = 1437615891
area = 283
delay = 16.1
write_blif appntk/c1908_158_0.0371289_283_16.1.blif

round 159
seed = 1567395215 patienceN = 0 patienceM = 2 frameNumber = 16 nLocalPI = 15

0%   10   20   30   40   50   60   70   80   90   100%
|----|----|----|----|----|----|----|----|----|----|
***************************************************
change patienceM
time = 1438667285
area = 283
delay = 16
write_blif appntk/c1908_159_0.0371289_283_16.blif

round 160
seed = 1567395216 patienceN = 0 patienceM = 0 frameNumber = 16 nLocalPI = 14

0%   10   20   30   40   50   60   70   80   90   100%
|----|----|----|----|----|----|----|----|----|----|
***************************************************
change patienceM
time = 1439711490
area = 283
delay = 16.7
write_blif appntk/c1908_160_0.0371289_283_16.7.blif

round 161
seed = 1567395217 patienceN = 0 patienceM = 1 frameNumber = 16 nLocalPI = 14

0%   10   20   30   40   50   60   70   80   90   100%
|----|----|----|----|----|----|----|----|----|----|
***************************************************
change patienceM
time = 1440843003
area = 282
delay = 16
write_blif appntk/c1908_161_0.0371289_282_16.blif

round 162
seed = 1567395218 patienceN = 0 patienceM = 2 frameNumber = 16 nLocalPI = 14

0%   10   20   30   40   50   60   70   80   90   100%
|----|----|----|----|----|----|----|----|----|----|
***************************************************
change patienceM
time = 1442098369
area = 283
delay = 16.1
write_blif appntk/c1908_162_0.0371289_283_16.1.blif

round 163
seed = 1567395219 patienceN = 0 patienceM = 0 frameNumber = 16 nLocalPI = 13

0%   10   20   30   40   50   60   70   80   90   100%
|----|----|----|----|----|----|----|----|----|----|
***************************************************
change patienceM
time = 1442590465
area = 283
delay = 16
write_blif appntk/c1908_163_0.0371289_283_16.blif

round 164
seed = 1567395221 patienceN = 0 patienceM = 1 frameNumber = 16 nLocalPI = 13

0%   10   20   30   40   50   60   70   80   90   100%
|----|----|----|----|----|----|----|----|----|----|
***************************************************
change patienceM
time = 1443083548
area = 283
delay = 16.7
write_blif appntk/c1908_164_0.0371289_283_16.7.blif

round 165
seed = 1567395221 patienceN = 0 patienceM = 2 frameNumber = 16 nLocalPI = 13

0%   10   20   30   40   50   60   70   80   90   100%
|----|----|----|----|----|----|----|----|----|----|
***************************************************
change patienceM
time = 1443789032
area = 282
delay = 16
write_blif appntk/c1908_165_0.0371289_282_16.blif

round 166
seed = 1567395222 patienceN = 0 patienceM = 0 frameNumber = 16 nLocalPI = 12

0%   10   20   30   40   50   60   70   80   90   100%
|----|----|----|----|----|----|----|----|----|----|
***************************************************
change patienceM
time = 1444322497
area = 283
delay = 16.1
write_blif appntk/c1908_166_0.0371289_283_16.1.blif

round 167
seed = 1567395222 patienceN = 0 patienceM = 1 frameNumber = 16 nLocalPI = 12

0%   10   20   30   40   50   60   70   80   90   100%
|----|----|----|----|----|----|----|----|----|----|
***************************************************
change patienceM
time = 1445028279
area = 282
delay = 16
write_blif appntk/c1908_167_0.0371289_282_16.blif

round 168
seed = 1567395223 patienceN = 0 patienceM = 2 frameNumber = 16 nLocalPI = 12

0%   10   20   30   40   50   60   70   80   90   100%
|----|----|----|----|----|----|----|----|----|----|
***************************************************
change patienceM
time = 1446378800
area = 283
delay = 16.7
write_blif appntk/c1908_168_0.0371289_283_16.7.blif

round 169
seed = 1567395224 patienceN = 0 patienceM = 0 frameNumber = 16 nLocalPI = 11

0%   10   20   30   40   50   60   70   80   90   100%
|----|----|----|----|----|----|----|----|----|----|
***************************************************
change patienceM
time = 1447502785
area = 283
delay = 16
write_blif appntk/c1908_169_0.0371289_283_16.blif

round 170
seed = 1567395225 patienceN = 0 patienceM = 1 frameNumber = 16 nLocalPI = 11

0%   10   20   30   40   50   60   70   80   90   100%
|----|----|----|----|----|----|----|----|----|----|
***************************************************
change patienceM
time = 1448640019
area = 283
delay = 16.1
write_blif appntk/c1908_170_0.0371289_283_16.1.blif

round 171
seed = 1567395226 patienceN = 0 patienceM = 2 frameNumber = 16 nLocalPI = 11

0%   10   20   30   40   50   60   70   80   90   100%
|----|----|----|----|----|----|----|----|----|----|
***************************************************
change patienceM
time = 1449640896
area = 282
delay = 16
write_blif appntk/c1908_171_0.0371289_282_16.blif

round 172
seed = 1567395227 patienceN = 0 patienceM = 0 frameNumber = 16 nLocalPI = 10

0%   10   20   30   40   50   60   70   80   90   100%
|----|----|----|----|----|----|----|----|----|----|
***************************************************
change patienceM
time = 1450262973
area = 283
delay = 16.7
write_blif appntk/c1908_172_0.0371289_283_16.7.blif

round 173
seed = 1567395228 patienceN = 0 patienceM = 1 frameNumber = 16 nLocalPI = 10

0%   10   20   30   40   50   60   70   80   90   100%
|----|----|----|----|----|----|----|----|----|----|
***************************************************
change patienceM
time = 1451424671
area = 283
delay = 16
write_blif appntk/c1908_173_0.0371289_283_16.blif

round 174
seed = 1567395229 patienceN = 0 patienceM = 2 frameNumber = 16 nLocalPI = 10

0%   10   20   30   40   50   60   70   80   90   100%
|----|----|----|----|----|----|----|----|----|----|
***************************************************
change patienceM
time = 1452549929
area = 283
delay = 16.1
write_blif appntk/c1908_174_0.0371289_283_16.1.blif

round 175
seed = 1567395230 patienceN = 0 patienceM = 0 frameNumber = 16 nLocalPI = 9

0%   10   20   30   40   50   60   70   80   90   100%
|----|----|----|----|----|----|----|----|----|----|
***************************************************
change patienceM
time = 1453292682
area = 282
delay = 16
write_blif appntk/c1908_175_0.0371289_282_16.blif

round 176
seed = 1567395231 patienceN = 0 patienceM = 1 frameNumber = 16 nLocalPI = 9

0%   10   20   30   40   50   60   70   80   90   100%
|----|----|----|----|----|----|----|----|----|----|
***************************************************
change patienceM
time = 1454791424
area = 283
delay = 16.7
write_blif appntk/c1908_176_0.0371289_283_16.7.blif

round 177
seed = 1567395232 patienceN = 0 patienceM = 2 frameNumber = 16 nLocalPI = 9

0%   10   20   30   40   50   60   70   80   90   100%
|----|----|----|----|----|----|----|----|----|----|
***************************************************
change patienceM
time = 1455574630
area = 282
delay = 16
write_blif appntk/c1908_177_0.0371289_282_16.blif

round 178
seed = 1567395233 patienceN = 0 patienceM = 0 frameNumber = 16 nLocalPI = 8

0%   10   20   30   40   50   60   70   80   90   100%
|----|----|----|----|----|----|----|----|----|----|
***************************************************
change patienceM
time = 1456645896
area = 283
delay = 16.1
write_blif appntk/c1908_178_0.0371289_283_16.1.blif

round 179
seed = 1567395234 patienceN = 0 patienceM = 1 frameNumber = 16 nLocalPI = 8

0%   10   20   30   40   50   60   70   80   90   100%
|----|----|----|----|----|----|----|----|----|----|
***************************************************
change patienceM
time = 1457426459
area = 283
delay = 16
write_blif appntk/c1908_179_0.0371289_283_16.blif

round 180
seed = 1567395235 patienceN = 0 patienceM = 2 frameNumber = 16 nLocalPI = 8

0%   10   20   30   40   50   60   70   80   90   100%
|----|----|----|----|----|----|----|----|----|----|
***************************************************
change patienceM
time = 1458205853
area = 283
delay = 16.7
write_blif appntk/c1908_180_0.0371289_283_16.7.blif

round 181
seed = 1567395236 patienceN = 0 patienceM = 0 frameNumber = 16 nLocalPI = 7

0%   10   20   30   40   50   60   70   80   90   100%
|----|----|----|----|----|----|----|----|----|----|
***************************************************
change patienceM
time = 1458982296
area = 282
delay = 16
write_blif appntk/c1908_181_0.0371289_282_16.blif

round 182
seed = 1567395237 patienceN = 0 patienceM = 1 frameNumber = 16 nLocalPI = 7

0%   10   20   30   40   50   60   70   80   90   100%
|----|----|----|----|----|----|----|----|----|----|
***************************************************
change patienceM
time = 1459970845
area = 283
delay = 16.1
write_blif appntk/c1908_182_0.0371289_283_16.1.blif

round 183
seed = 1567395238 patienceN = 0 patienceM = 2 frameNumber = 16 nLocalPI = 7

0%   10   20   30   40   50   60   70   80   90   100%
|----|----|----|----|----|----|----|----|----|----|
***************************************************
change patienceM
time = 1461000274
area = 283
delay = 16
write_blif appntk/c1908_183_0.0371289_283_16.blif

round 184
seed = 1567395239 patienceN = 0 patienceM = 0 frameNumber = 16 nLocalPI = 6

0%   10   20   30   40   50   60   70   80   90   100%
|----|----|----|----|----|----|----|----|----|----|
***************************************************
change patienceM
time = 1461824528
area = 283
delay = 16.7
write_blif appntk/c1908_184_0.0371289_283_16.7.blif

round 185
seed = 1567395240 patienceN = 0 patienceM = 1 frameNumber = 16 nLocalPI = 6

0%   10   20   30   40   50   60   70   80   90   100%
|----|----|----|----|----|----|----|----|----|----|
***************************************************
change patienceM
time = 1462647556
area = 282
delay = 16
write_blif appntk/c1908_185_0.0371289_282_16.blif

round 186
seed = 1567395240 patienceN = 0 patienceM = 2 frameNumber = 16 nLocalPI = 6

0%   10   20   30   40   50   60   70   80   90   100%
|----|----|----|----|----|----|----|----|----|----|
***************************************************
change patienceM
time = 1463644293
area = 283
delay = 16.1
write_blif appntk/c1908_186_0.0371289_283_16.1.blif

round 187
seed = 1567395241 patienceN = 0 patienceM = 0 frameNumber = 16 nLocalPI = 5

0%   10   20   30   40   50   60   70   80   90   100%
|----|----|----|----|----|----|----|----|----|----|
***************************************************
best node n161 best error 0.0960156
time = 1464337463
