Entered genlib library with 23 gates from file "data/genlib/mcnc.genlib".
Line 30: Skipping line ".default_input_arrival 0.00 0.00 ".
Line 31: Skipping line ".default_output_required 0.00 0.00 ".
Line 32: Skipping line ".default_input_drive 0.10 0.10 ".
Line 33: Skipping line ".default_output_load 2.00 ".
Line 34: Skipping line ".default_max_input_load 999.00 ".
Original area = 1262, original delay = 21.9

round 0
seed = 0 patienceN = 0 patienceM = 0 frameNumber = 1024 nLocalPI = 30

0%   10   20   30   40   50   60   70   80   90   100%
|----|----|----|----|----|----|----|----|----|----|
***************************************************
best node [100726] best error 0
time = 102039795
area = 1093
delay = 20.7
write_blif appntk/c2670_0_0_1093_20.7.blif

round 1
seed = 1567393778 patienceN = 0 patienceM = 0 frameNumber = 1024 nLocalPI = 30

0%   10   20   30   40   50   60   70   80   90   100%
|----|----|----|----|----|----|----|----|----|----|
***************************************************
best node n729 best error 0
time = 164797018
area = 1060
delay = 20.8
write_blif appntk/c2670_1_0_1060_20.8.blif

round 2
seed = 1567393880 patienceN = 0 patienceM = 0 frameNumber = 1024 nLocalPI = 30

0%   10   20   30   40   50   60   70   80   90   100%
|----|----|----|----|----|----|----|----|----|----|
***************************************************
best node n726 best error 0
time = 223122220
area = 849
delay = 19.9
write_blif appntk/c2670_2_0_849_19.9.blif

round 3
seed = 1567393943 patienceN = 0 patienceM = 0 frameNumber = 1024 nLocalPI = 30

0%   10   20   30   40   50   60   70   80   90   100%
|----|----|----|----|----|----|----|----|----|----|
***************************************************
change patienceN
time = 279254911
area = 849
delay = 19.9
write_blif appntk/c2670_3_0_849_19.9.blif

round 4
seed = 1567394001 patienceN = 1 patienceM = 0 frameNumber = 1024 nLocalPI = 30

0%   10   20   30   40   50   60   70   80   90   100%
|----|----|----|----|----|----|----|----|----|----|
***************************************************
change patienceN
time = 326916808
area = 854
delay = 20.4
write_blif appntk/c2670_4_0_854_20.4.blif

round 5
seed = 1567394058 patienceN = 2 patienceM = 0 frameNumber = 1024 nLocalPI = 30

0%   10   20   30   40   50   60   70   80   90   100%
|----|----|----|----|----|----|----|----|----|----|
***************************************************
change patienceN
time = 365248593
area = 853
delay = 18.8
write_blif appntk/c2670_5_0_853_18.8.blif

round 6
seed = 1567394105 patienceN = 0 patienceM = 0 frameNumber = 512 nLocalPI = 30

0%   10   20   30   40   50   60   70   80   90   100%
|----|----|----|----|----|----|----|----|----|----|
***************************************************
best node n761 best error 0.0040918
time = 385992044
area = 848
delay = 19.2
write_blif appntk/c2670_6_0.0040918_848_19.2.blif

round 7
seed = 1567394143 patienceN = 0 patienceM = 0 frameNumber = 512 nLocalPI = 30

0%   10   20   30   40   50   60   70   80   90   100%
|----|----|----|----|----|----|----|----|----|----|
***************************************************
change patienceN
time = 406078080
area = 851
delay = 18.8
write_blif appntk/c2670_7_0.0040918_851_18.8.blif

round 8
seed = 1567394164 patienceN = 1 patienceM = 0 frameNumber = 512 nLocalPI = 30

0%   10   20   30   40   50   60   70   80   90   100%
|----|----|----|----|----|----|----|----|----|----|
***************************************************
change patienceN
time = 428370002
area = 846
delay = 19.9
write_blif appntk/c2670_8_0.0040918_846_19.9.blif

round 9
seed = 1567394184 patienceN = 2 patienceM = 0 frameNumber = 512 nLocalPI = 30

0%   10   20   30   40   50   60   70   80   90   100%
|----|----|----|----|----|----|----|----|----|----|
***************************************************
change patienceN
time = 448441805
area = 848
delay = 18.8
write_blif appntk/c2670_9_0.0040918_848_18.8.blif

round 10
seed = 1567394207 patienceN = 0 patienceM = 0 frameNumber = 256 nLocalPI = 30

0%   10   20   30   40   50   60   70   80   90   100%
|----|----|----|----|----|----|----|----|----|----|
***************************************************
best node n752 best error 0.00768555
time = 462117467
area = 841
delay = 21.6
write_blif appntk/c2670_10_0.00768555_841_21.6.blif

round 11
seed = 1567394227 patienceN = 0 patienceM = 0 frameNumber = 256 nLocalPI = 30

0%   10   20   30   40   50   60   70   80   90   100%
|----|----|----|----|----|----|----|----|----|----|
***************************************************
change patienceN
time = 472547742
area = 840
delay = 21.4
write_blif appntk/c2670_11_0.00768555_840_21.4.blif

round 12
seed = 1567394240 patienceN = 1 patienceM = 0 frameNumber = 256 nLocalPI = 30

0%   10   20   30   40   50   60   70   80   90   100%
|----|----|----|----|----|----|----|----|----|----|
***************************************************
change patienceN
time = 483020559
area = 842
delay = 21.7
write_blif appntk/c2670_12_0.00768555_842_21.7.blif

round 13
seed = 1567394251 patienceN = 2 patienceM = 0 frameNumber = 256 nLocalPI = 30

0%   10   20   30   40   50   60   70   80   90   100%
|----|----|----|----|----|----|----|----|----|----|
***************************************************
best node n714 best error 0.0103906
time = 494557555
area = 838
delay = 21.6
write_blif appntk/c2670_13_0.0103906_838_21.6.blif

round 14
seed = 1567394261 patienceN = 0 patienceM = 0 frameNumber = 256 nLocalPI = 30

0%   10   20   30   40   50   60   70   80   90   100%
|----|----|----|----|----|----|----|----|----|----|
***************************************************
best node n703 best error 0.01125
time = 505675633
area = 829
delay = 21.3
write_blif appntk/c2670_14_0.01125_829_21.3.blif

round 15
seed = 1567394273 patienceN = 0 patienceM = 0 frameNumber = 256 nLocalPI = 30

0%   10   20   30   40   50   60   70   80   90   100%
|----|----|----|----|----|----|----|----|----|----|
***************************************************
best node n741 best error 0.0182812
time = 516512863
area = 817
delay = 18.6
write_blif appntk/c2670_15_0.0182812_817_18.6.blif

round 16
seed = 1567394284 patienceN = 0 patienceM = 0 frameNumber = 256 nLocalPI = 30

0%   10   20   30   40   50   60   70   80   90   100%
|----|----|----|----|----|----|----|----|----|----|
***************************************************
change patienceN
time = 526308230
area = 821
delay = 20.4
write_blif appntk/c2670_16_0.0182812_821_20.4.blif

round 17
seed = 1567394295 patienceN = 1 patienceM = 0 frameNumber = 256 nLocalPI = 30

0%   10   20   30   40   50   60   70   80   90   100%
|----|----|----|----|----|----|----|----|----|----|
***************************************************
change patienceN
time = 536235190
area = 821
delay = 20.4
write_blif appntk/c2670_17_0.0182812_821_20.4.blif

round 18
seed = 1567394305 patienceN = 2 patienceM = 0 frameNumber = 256 nLocalPI = 30

0%   10   20   30   40   50   60   70   80   90   100%
|----|----|----|----|----|----|----|----|----|----|
***************************************************
best node n712 best error 0.0191602
time = 546400983
area = 818
delay = 19.2
write_blif appntk/c2670_18_0.0191602_818_19.2.blif

round 19
seed = 1567394314 patienceN = 0 patienceM = 0 frameNumber = 256 nLocalPI = 30

0%   10   20   30   40   50   60   70   80   90   100%
|----|----|----|----|----|----|----|----|----|----|
***************************************************
best node n734 best error 0.0192773
time = 557716166
area = 819
delay = 20.4
write_blif appntk/c2670_19_0.0192773_819_20.4.blif

round 20
seed = 1567394325 patienceN = 0 patienceM = 0 frameNumber = 256 nLocalPI = 30

0%   10   20   30   40   50   60   70   80   90   100%
|----|----|----|----|----|----|----|----|----|----|
***************************************************
change patienceN
time = 567388974
area = 813
delay = 19.1
write_blif appntk/c2670_20_0.0192773_813_19.1.blif

round 21
seed = 1567394336 patienceN = 1 patienceM = 0 frameNumber = 256 nLocalPI = 30

0%   10   20   30   40   50   60   70   80   90   100%
|----|----|----|----|----|----|----|----|----|----|
***************************************************
best node n711 best error 0.0202246
time = 577801728
area = 814
delay = 20.4
write_blif appntk/c2670_21_0.0202246_814_20.4.blif

round 22
seed = 1567394346 patienceN = 0 patienceM = 0 frameNumber = 256 nLocalPI = 30

0%   10   20   30   40   50   60   70   80   90   100%
|----|----|----|----|----|----|----|----|----|----|
***************************************************
best node n737 best error 0.0203223
time = 587703714
area = 812
delay = 20.4
write_blif appntk/c2670_22_0.0203223_812_20.4.blif

round 23
seed = 1567394356 patienceN = 0 patienceM = 0 frameNumber = 256 nLocalPI = 30

0%   10   20   30   40   50   60   70   80   90   100%
|----|----|----|----|----|----|----|----|----|----|
***************************************************
change patienceN
time = 597367299
area = 810
delay = 20.2
write_blif appntk/c2670_23_0.0203223_810_20.2.blif

round 24
seed = 1567394366 patienceN = 1 patienceM = 0 frameNumber = 256 nLocalPI = 30

0%   10   20   30   40   50   60   70   80   90   100%
|----|----|----|----|----|----|----|----|----|----|
***************************************************
change patienceN
time = 606848891
area = 812
delay = 20.4
write_blif appntk/c2670_24_0.0203223_812_20.4.blif

round 25
seed = 1567394376 patienceN = 2 patienceM = 0 frameNumber = 256 nLocalPI = 30

0%   10   20   30   40   50   60   70   80   90   100%
|----|----|----|----|----|----|----|----|----|----|
***************************************************
best node n734 best error 0.0205469
time = 617325999
area = 805
delay = 20.2
write_blif appntk/c2670_25_0.0205469_805_20.2.blif

round 26
seed = 1567394385 patienceN = 0 patienceM = 0 frameNumber = 256 nLocalPI = 30

0%   10   20   30   40   50   60   70   80   90   100%
|----|----|----|----|----|----|----|----|----|----|
***************************************************
best node n771 best error 0.0267969
time = 627043393
area = 799
delay = 18.6
write_blif appntk/c2670_26_0.0267969_799_18.6.blif

round 27
seed = 1567394396 patienceN = 0 patienceM = 0 frameNumber = 256 nLocalPI = 30

0%   10   20   30   40   50   60   70   80   90   100%
|----|----|----|----|----|----|----|----|----|----|
***************************************************
best node n764 best error 0.029834
time = 636837554
area = 790
delay = 20.2
write_blif appntk/c2670_27_0.029834_790_20.2.blif

round 28
seed = 1567394405 patienceN = 0 patienceM = 0 frameNumber = 256 nLocalPI = 30

0%   10   20   30   40   50   60   70   80   90   100%
|----|----|----|----|----|----|----|----|----|----|
***************************************************
change patienceN
time = 646130624
area = 793
delay = 19.7
write_blif appntk/c2670_28_0.029834_793_19.7.blif

round 29
seed = 1567394415 patienceN = 1 patienceM = 0 frameNumber = 256 nLocalPI = 30

0%   10   20   30   40   50   60   70   80   90   100%
|----|----|----|----|----|----|----|----|----|----|
***************************************************
change patienceN
time = 655429683
area = 797
delay = 19.7
write_blif appntk/c2670_29_0.029834_797_19.7.blif

round 30
seed = 1567394424 patienceN = 2 patienceM = 0 frameNumber = 256 nLocalPI = 30

0%   10   20   30   40   50   60   70   80   90   100%
|----|----|----|----|----|----|----|----|----|----|
***************************************************
change patienceN
time = 664736000
area = 790
delay = 19.6
write_blif appntk/c2670_30_0.029834_790_19.6.blif

round 31
seed = 1567394434 patienceN = 0 patienceM = 0 frameNumber = 128 nLocalPI = 30

0%   10   20   30   40   50   60   70   80   90   100%
|----|----|----|----|----|----|----|----|----|----|
***************************************************
change patienceN
time = 669918928
area = 791
delay = 20.2
write_blif appntk/c2670_31_0.029834_791_20.2.blif

round 32
seed = 1567394443 patienceN = 1 patienceM = 0 frameNumber = 128 nLocalPI = 30

0%   10   20   30   40   50   60   70   80   90   100%
|----|----|----|----|----|----|----|----|----|----|
***************************************************
best node n760 best error 0.0355273
time = 675739698
area = 797
delay = 18.6
write_blif appntk/c2670_32_0.0355273_797_18.6.blif

round 33
seed = 1567394448 patienceN = 0 patienceM = 0 frameNumber = 128 nLocalPI = 30

0%   10   20   30   40   50   60   70   80   90   100%
|----|----|----|----|----|----|----|----|----|----|
***************************************************
change patienceM
time = 681424789
area = 795
delay = 18.6
write_blif appntk/c2670_33_0.0355273_795_18.6.blif

round 34
seed = 1567394454 patienceN = 0 patienceM = 1 frameNumber = 128 nLocalPI = 30

0%   10   20   30   40   50   60   70   80   90   100%
|----|----|----|----|----|----|----|----|----|----|
***************************************************
best node n724 best error 0.0472656
time = 687376349
area = 779
delay = 19.5
write_blif appntk/c2670_34_0.0472656_779_19.5.blif

round 35
seed = 1567394460 patienceN = 0 patienceM = 0 frameNumber = 128 nLocalPI = 30

0%   10   20   30   40   50   60   70   80   90   100%
|----|----|----|----|----|----|----|----|----|----|
***************************************************
best node n725 best error 0.0494922
time = 692938220
area = 781
delay = 18.5
write_blif appntk/c2670_35_0.0494922_781_18.5.blif

round 36
seed = 1567394466 patienceN = 0 patienceM = 0 frameNumber = 128 nLocalPI = 30

0%   10   20   30   40   50   60   70   80   90   100%
|----|----|----|----|----|----|----|----|----|----|
***************************************************
change patienceM
time = 699502979
area = 778
delay = 18.5
write_blif appntk/c2670_36_0.0494922_778_18.5.blif

round 37
seed = 1567394471 patienceN = 0 patienceM = 1 frameNumber = 128 nLocalPI = 30

0%   10   20   30   40   50   60   70   80   90   100%
|----|----|----|----|----|----|----|----|----|----|
***************************************************
change patienceN
time = 704318714
area = 781
delay = 18.5
write_blif appntk/c2670_37_0.0494922_781_18.5.blif

round 38
seed = 1567394478 patienceN = 1 patienceM = 1 frameNumber = 128 nLocalPI = 30

0%   10   20   30   40   50   60   70   80   90   100%
|----|----|----|----|----|----|----|----|----|----|
***************************************************
change patienceM
time = 709674355
area = 781
delay = 18.5
write_blif appntk/c2670_38_0.0494922_781_18.5.blif

round 39
seed = 1567394483 patienceN = 1 patienceM = 2 frameNumber = 128 nLocalPI = 30

0%   10   20   30   40   50   60   70   80   90   100%
|----|----|----|----|----|----|----|----|----|----|
***************************************************
change patienceN
time = 714486035
area = 774
delay = 20.2
write_blif appntk/c2670_39_0.0494922_774_20.2.blif

round 40
seed = 1567394488 patienceN = 2 patienceM = 2 frameNumber = 128 nLocalPI = 30

0%   10   20   30   40   50   60   70   80   90   100%
|----|----|----|----|----|----|----|----|----|----|
***************************************************
change patienceM
time = 719562887
area = 777
delay = 18.5
write_blif appntk/c2670_40_0.0494922_777_18.5.blif

round 41
seed = 1567394493 patienceN = 0 patienceM = 0 frameNumber = 128 nLocalPI = 29

0%   10   20   30   40   50   60   70   80   90   100%
|----|----|----|----|----|----|----|----|----|----|
***************************************************
change patienceM
time = 724926931
area = 781
delay = 18.5
write_blif appntk/c2670_41_0.0494922_781_18.5.blif

round 42
seed = 1567394498 patienceN = 0 patienceM = 1 frameNumber = 128 nLocalPI = 29

0%   10   20   30   40   50   60   70   80   90   100%
|----|----|----|----|----|----|----|----|----|----|
***************************************************
change patienceM
time = 730226323
area = 774
delay = 18.5
write_blif appntk/c2670_42_0.0494922_774_18.5.blif

round 43
seed = 1567394503 patienceN = 0 patienceM = 2 frameNumber = 128 nLocalPI = 29

0%   10   20   30   40   50   60   70   80   90   100%
|----|----|----|----|----|----|----|----|----|----|
***************************************************
change patienceM
time = 737393878
area = 775
delay = 20.2
write_blif appntk/c2670_43_0.0494922_775_20.2.blif

round 44
seed = 1567394508 patienceN = 0 patienceM = 0 frameNumber = 128 nLocalPI = 28

0%   10   20   30   40   50   60   70   80   90   100%
|----|----|----|----|----|----|----|----|----|----|
***************************************************
change patienceM
time = 744136277
area = 782
delay = 18.5
write_blif appntk/c2670_44_0.0494922_782_18.5.blif

round 45
seed = 1567394516 patienceN = 0 patienceM = 1 frameNumber = 128 nLocalPI = 28

0%   10   20   30   40   50   60   70   80   90   100%
|----|----|----|----|----|----|----|----|----|----|
***************************************************
change patienceN
time = 748861671
area = 779
delay = 18.5
write_blif appntk/c2670_45_0.0494922_779_18.5.blif

round 46
seed = 1567394522 patienceN = 1 patienceM = 1 frameNumber = 128 nLocalPI = 28

0%   10   20   30   40   50   60   70   80   90   100%
|----|----|----|----|----|----|----|----|----|----|
***************************************************
change patienceM
time = 754395975
area = 781
delay = 18.5
write_blif appntk/c2670_46_0.0494922_781_18.5.blif

round 47
seed = 1567394527 patienceN = 1 patienceM = 2 frameNumber = 128 nLocalPI = 28

0%   10   20   30   40   50   60   70   80   90   100%
|----|----|----|----|----|----|----|----|----|----|
***************************************************
change patienceM
time = 759965547
area = 781
delay = 18.5
write_blif appntk/c2670_47_0.0494922_781_18.5.blif

round 48
seed = 1567394533 patienceN = 0 patienceM = 0 frameNumber = 128 nLocalPI = 27

0%   10   20   30   40   50   60   70   80   90   100%
|----|----|----|----|----|----|----|----|----|----|
***************************************************
change patienceM
time = 765466046
area = 778
delay = 18.5
write_blif appntk/c2670_48_0.0494922_778_18.5.blif

round 49
seed = 1567394538 patienceN = 0 patienceM = 1 frameNumber = 128 nLocalPI = 27

0%   10   20   30   40   50   60   70   80   90   100%
|----|----|----|----|----|----|----|----|----|----|
***************************************************
change patienceM
time = 770448962
area = 781
delay = 18.5
write_blif appntk/c2670_49_0.0494922_781_18.5.blif

round 50
seed = 1567394544 patienceN = 0 patienceM = 2 frameNumber = 128 nLocalPI = 27

0%   10   20   30   40   50   60   70   80   90   100%
|----|----|----|----|----|----|----|----|----|----|
***************************************************
change patienceM
time = 775329577
area = 781
delay = 18.5
write_blif appntk/c2670_50_0.0494922_781_18.5.blif

round 51
seed = 1567394549 patienceN = 0 patienceM = 0 frameNumber = 128 nLocalPI = 26

0%   10   20   30   40   50   60   70   80   90   100%
|----|----|----|----|----|----|----|----|----|----|
***************************************************
change patienceM
time = 780756487
area = 774
delay = 20.2
write_blif appntk/c2670_51_0.0494922_774_20.2.blif

round 52
seed = 1567394554 patienceN = 0 patienceM = 1 frameNumber = 128 nLocalPI = 26

0%   10   20   30   40   50   60   70   80   90   100%
|----|----|----|----|----|----|----|----|----|----|
***************************************************
change patienceM
time = 786748983
area = 777
delay = 18.5
write_blif appntk/c2670_52_0.0494922_777_18.5.blif

round 53
seed = 1567394559 patienceN = 0 patienceM = 2 frameNumber = 128 nLocalPI = 26

0%   10   20   30   40   50   60   70   80   90   100%
|----|----|----|----|----|----|----|----|----|----|
***************************************************
change patienceM
time = 792476139
area = 781
delay = 18.5
write_blif appntk/c2670_53_0.0494922_781_18.5.blif

round 54
seed = 1567394565 patienceN = 0 patienceM = 0 frameNumber = 128 nLocalPI = 25

0%   10   20   30   40   50   60   70   80   90   100%
|----|----|----|----|----|----|----|----|----|----|
***************************************************
change patienceM
time = 797469907
area = 774
delay = 18.5
write_blif appntk/c2670_54_0.0494922_774_18.5.blif

round 55
seed = 1567394571 patienceN = 0 patienceM = 1 frameNumber = 128 nLocalPI = 25

0%   10   20   30   40   50   60   70   80   90   100%
|----|----|----|----|----|----|----|----|----|----|
***************************************************
change patienceM
time = 802559224
area = 775
delay = 20.2
write_blif appntk/c2670_55_0.0494922_775_20.2.blif

round 56
seed = 1567394576 patienceN = 0 patienceM = 2 frameNumber = 128 nLocalPI = 25

0%   10   20   30   40   50   60   70   80   90   100%
|----|----|----|----|----|----|----|----|----|----|
***************************************************
change patienceM
time = 807636948
area = 782
delay = 18.5
write_blif appntk/c2670_56_0.0494922_782_18.5.blif

round 57
seed = 1567394581 patienceN = 0 patienceM = 0 frameNumber = 128 nLocalPI = 24

0%   10   20   30   40   50   60   70   80   90   100%
|----|----|----|----|----|----|----|----|----|----|
***************************************************
change patienceN
time = 812092671
area = 779
delay = 18.5
write_blif appntk/c2670_57_0.0494922_779_18.5.blif

round 58
seed = 1567394586 patienceN = 1 patienceM = 0 frameNumber = 128 nLocalPI = 24

0%   10   20   30   40   50   60   70   80   90   100%
|----|----|----|----|----|----|----|----|----|----|
***************************************************
change patienceM
time = 817408216
area = 781
delay = 18.5
write_blif appntk/c2670_58_0.0494922_781_18.5.blif

round 59
seed = 1567394590 patienceN = 1 patienceM = 1 frameNumber = 128 nLocalPI = 24

0%   10   20   30   40   50   60   70   80   90   100%
|----|----|----|----|----|----|----|----|----|----|
***************************************************
change patienceM
time = 823358970
area = 781
delay = 18.5
write_blif appntk/c2670_59_0.0494922_781_18.5.blif

round 60
seed = 1567394596 patienceN = 1 patienceM = 2 frameNumber = 128 nLocalPI = 24

0%   10   20   30   40   50   60   70   80   90   100%
|----|----|----|----|----|----|----|----|----|----|
***************************************************
change patienceM
time = 829199131
area = 778
delay = 18.5
write_blif appntk/c2670_60_0.0494922_778_18.5.blif

round 61
seed = 1567394602 patienceN = 0 patienceM = 0 frameNumber = 128 nLocalPI = 23

0%   10   20   30   40   50   60   70   80   90   100%
|----|----|----|----|----|----|----|----|----|----|
***************************************************
change patienceM
time = 834395621
area = 781
delay = 18.5
write_blif appntk/c2670_61_0.0494922_781_18.5.blif

round 62
seed = 1567394607 patienceN = 0 patienceM = 1 frameNumber = 128 nLocalPI = 23

0%   10   20   30   40   50   60   70   80   90   100%
|----|----|----|----|----|----|----|----|----|----|
***************************************************
change patienceN
time = 838717493
area = 781
delay = 18.5
write_blif appntk/c2670_62_0.0494922_781_18.5.blif

round 63
seed = 1567394613 patienceN = 1 patienceM = 1 frameNumber = 128 nLocalPI = 23

0%   10   20   30   40   50   60   70   80   90   100%
|----|----|----|----|----|----|----|----|----|----|
***************************************************
change patienceM
time = 843346241
area = 774
delay = 20.2
write_blif appntk/c2670_63_0.0494922_774_20.2.blif

round 64
seed = 1567394617 patienceN = 1 patienceM = 2 frameNumber = 128 nLocalPI = 23

0%   10   20   30   40   50   60   70   80   90   100%
|----|----|----|----|----|----|----|----|----|----|
***************************************************
change patienceM
time = 847918746
area = 777
delay = 18.5
write_blif appntk/c2670_64_0.0494922_777_18.5.blif

round 65
seed = 1567394622 patienceN = 0 patienceM = 0 frameNumber = 128 nLocalPI = 22

0%   10   20   30   40   50   60   70   80   90   100%
|----|----|----|----|----|----|----|----|----|----|
***************************************************
change patienceM
time = 852730698
area = 781
delay = 18.5
write_blif appntk/c2670_65_0.0494922_781_18.5.blif

round 66
seed = 1567394626 patienceN = 0 patienceM = 1 frameNumber = 128 nLocalPI = 22

0%   10   20   30   40   50   60   70   80   90   100%
|----|----|----|----|----|----|----|----|----|----|
***************************************************
change patienceN
time = 856939721
area = 774
delay = 18.5
write_blif appntk/c2670_66_0.0494922_774_18.5.blif

round 67
seed = 1567394631 patienceN = 1 patienceM = 1 frameNumber = 128 nLocalPI = 22

0%   10   20   30   40   50   60   70   80   90   100%
|----|----|----|----|----|----|----|----|----|----|
***************************************************
change patienceM
time = 861589900
area = 775
delay = 20.2
write_blif appntk/c2670_67_0.0494922_775_20.2.blif

round 68
seed = 1567394635 patienceN = 1 patienceM = 2 frameNumber = 128 nLocalPI = 22

0%   10   20   30   40   50   60   70   80   90   100%
|----|----|----|----|----|----|----|----|----|----|
***************************************************
change patienceM
time = 866761399
area = 782
delay = 18.5
write_blif appntk/c2670_68_0.0494922_782_18.5.blif

round 69
seed = 1567394640 patienceN = 0 patienceM = 0 frameNumber = 128 nLocalPI = 21

0%   10   20   30   40   50   60   70   80   90   100%
|----|----|----|----|----|----|----|----|----|----|
***************************************************
change patienceM
time = 871501589
area = 779
delay = 18.5
write_blif appntk/c2670_69_0.0494922_779_18.5.blif

round 70
seed = 1567394645 patienceN = 0 patienceM = 1 frameNumber = 128 nLocalPI = 21

0%   10   20   30   40   50   60   70   80   90   100%
|----|----|----|----|----|----|----|----|----|----|
***************************************************
change patienceM
time = 876503503
area = 781
delay = 18.5
write_blif appntk/c2670_70_0.0494922_781_18.5.blif

round 71
seed = 1567394650 patienceN = 0 patienceM = 2 frameNumber = 128 nLocalPI = 21

0%   10   20   30   40   50   60   70   80   90   100%
|----|----|----|----|----|----|----|----|----|----|
***************************************************
change patienceM
time = 881517876
area = 781
delay = 18.5
write_blif appntk/c2670_71_0.0494922_781_18.5.blif

round 72
seed = 1567394655 patienceN = 0 patienceM = 0 frameNumber = 128 nLocalPI = 20

0%   10   20   30   40   50   60   70   80   90   100%
|----|----|----|----|----|----|----|----|----|----|
***************************************************
change patienceM
time = 886182555
area = 778
delay = 18.5
write_blif appntk/c2670_72_0.0494922_778_18.5.blif

round 73
seed = 1567394660 patienceN = 0 patienceM = 1 frameNumber = 128 nLocalPI = 20

0%   10   20   30   40   50   60   70   80   90   100%
|----|----|----|----|----|----|----|----|----|----|
***************************************************
change patienceM
time = 890537230
area = 781
delay = 18.5
write_blif appntk/c2670_73_0.0494922_781_18.5.blif

round 74
seed = 1567394664 patienceN = 0 patienceM = 2 frameNumber = 128 nLocalPI = 20

0%   10   20   30   40   50   60   70   80   90   100%
|----|----|----|----|----|----|----|----|----|----|
***************************************************
change patienceM
time = 895721672
area = 781
delay = 18.5
write_blif appntk/c2670_74_0.0494922_781_18.5.blif

round 75
seed = 1567394669 patienceN = 0 patienceM = 0 frameNumber = 128 nLocalPI = 19

0%   10   20   30   40   50   60   70   80   90   100%
|----|----|----|----|----|----|----|----|----|----|
***************************************************
change patienceM
time = 901113194
area = 774
delay = 20.2
write_blif appntk/c2670_75_0.0494922_774_20.2.blif

round 76
seed = 1567394674 patienceN = 0 patienceM = 1 frameNumber = 128 nLocalPI = 19

0%   10   20   30   40   50   60   70   80   90   100%
|----|----|----|----|----|----|----|----|----|----|
***************************************************
change patienceM
time = 905606056
area = 777
delay = 18.5
write_blif appntk/c2670_76_0.0494922_777_18.5.blif

round 77
seed = 1567394679 patienceN = 0 patienceM = 2 frameNumber = 128 nLocalPI = 19

0%   10   20   30   40   50   60   70   80   90   100%
|----|----|----|----|----|----|----|----|----|----|
***************************************************
change patienceN
time = 909553490
area = 781
delay = 18.5
write_blif appntk/c2670_77_0.0494922_781_18.5.blif

round 78
seed = 1567394684 patienceN = 1 patienceM = 2 frameNumber = 128 nLocalPI = 19

0%   10   20   30   40   50   60   70   80   90   100%
|----|----|----|----|----|----|----|----|----|----|
***************************************************
change patienceM
time = 914673538
area = 774
delay = 18.5
write_blif appntk/c2670_78_0.0494922_774_18.5.blif

round 79
seed = 1567394688 patienceN = 0 patienceM = 0 frameNumber = 128 nLocalPI = 18

0%   10   20   30   40   50   60   70   80   90   100%
|----|----|----|----|----|----|----|----|----|----|
***************************************************
change patienceM
time = 919489516
area = 775
delay = 20.2
write_blif appntk/c2670_79_0.0494922_775_20.2.blif

round 80
seed = 1567394693 patienceN = 0 patienceM = 1 frameNumber = 128 nLocalPI = 18

0%   10   20   30   40   50   60   70   80   90   100%
|----|----|----|----|----|----|----|----|----|----|
***************************************************
change patienceM
time = 923699077
area = 782
delay = 18.5
write_blif appntk/c2670_80_0.0494922_782_18.5.blif

round 81
seed = 1567394698 patienceN = 0 patienceM = 2 frameNumber = 128 nLocalPI = 18

0%   10   20   30   40   50   60   70   80   90   100%
|----|----|----|----|----|----|----|----|----|----|
***************************************************
change patienceM
time = 928216199
area = 779
delay = 18.5
write_blif appntk/c2670_81_0.0494922_779_18.5.blif

round 82
seed = 1567394702 patienceN = 0 patienceM = 0 frameNumber = 128 nLocalPI = 17

0%   10   20   30   40   50   60   70   80   90   100%
|----|----|----|----|----|----|----|----|----|----|
***************************************************
change patienceM
time = 932890102
area = 781
delay = 18.5
write_blif appntk/c2670_82_0.0494922_781_18.5.blif

round 83
seed = 1567394707 patienceN = 0 patienceM = 1 frameNumber = 128 nLocalPI = 17

0%   10   20   30   40   50   60   70   80   90   100%
|----|----|----|----|----|----|----|----|----|----|
***************************************************
change patienceM
time = 937215163
area = 781
delay = 18.5
write_blif appntk/c2670_83_0.0494922_781_18.5.blif

round 84
seed = 1567394711 patienceN = 0 patienceM = 2 frameNumber = 128 nLocalPI = 17

0%   10   20   30   40   50   60   70   80   90   100%
|----|----|----|----|----|----|----|----|----|----|
***************************************************
change patienceM
time = 941855369
area = 778
delay = 18.5
write_blif appntk/c2670_84_0.0494922_778_18.5.blif

round 85
seed = 1567394716 patienceN = 0 patienceM = 0 frameNumber = 128 nLocalPI = 16

0%   10   20   30   40   50   60   70   80   90   100%
|----|----|----|----|----|----|----|----|----|----|
***************************************************
change patienceM
time = 946416691
area = 781
delay = 18.5
write_blif appntk/c2670_85_0.0494922_781_18.5.blif

round 86
seed = 1567394720 patienceN = 0 patienceM = 1 frameNumber = 128 nLocalPI = 16

0%   10   20   30   40   50   60   70   80   90   100%
|----|----|----|----|----|----|----|----|----|----|
***************************************************
change patienceM
time = 950353257
area = 781
delay = 18.5
write_blif appntk/c2670_86_0.0494922_781_18.5.blif

round 87
seed = 1567394725 patienceN = 0 patienceM = 2 frameNumber = 128 nLocalPI = 16

0%   10   20   30   40   50   60   70   80   90   100%
|----|----|----|----|----|----|----|----|----|----|
***************************************************
change patienceM
time = 954278629
area = 774
delay = 20.2
write_blif appntk/c2670_87_0.0494922_774_20.2.blif

round 88
seed = 1567394729 patienceN = 0 patienceM = 0 frameNumber = 128 nLocalPI = 15

0%   10   20   30   40   50   60   70   80   90   100%
|----|----|----|----|----|----|----|----|----|----|
***************************************************
change patienceM
time = 959302811
area = 777
delay = 18.5
write_blif appntk/c2670_88_0.0494922_777_18.5.blif

round 89
seed = 1567394733 patienceN = 0 patienceM = 1 frameNumber = 128 nLocalPI = 15

0%   10   20   30   40   50   60   70   80   90   100%
|----|----|----|----|----|----|----|----|----|----|
***************************************************
change patienceM
time = 963710039
area = 781
delay = 18.5
write_blif appntk/c2670_89_0.0494922_781_18.5.blif

round 90
seed = 1567394738 patienceN = 0 patienceM = 2 frameNumber = 128 nLocalPI = 15

0%   10   20   30   40   50   60   70   80   90   100%
|----|----|----|----|----|----|----|----|----|----|
***************************************************
change patienceM
time = 968142968
area = 774
delay = 18.5
write_blif appntk/c2670_90_0.0494922_774_18.5.blif

round 91
seed = 1567394742 patienceN = 0 patienceM = 0 frameNumber = 128 nLocalPI = 14

0%   10   20   30   40   50   60   70   80   90   100%
|----|----|----|----|----|----|----|----|----|----|
***************************************************
change patienceM
time = 972368999
area = 775
delay = 20.2
write_blif appntk/c2670_91_0.0494922_775_20.2.blif

round 92
seed = 1567394746 patienceN = 0 patienceM = 1 frameNumber = 128 nLocalPI = 14

0%   10   20   30   40   50   60   70   80   90   100%
|----|----|----|----|----|----|----|----|----|----|
***************************************************
change patienceM
time = 977443018
area = 782
delay = 18.5
write_blif appntk/c2670_92_0.0494922_782_18.5.blif

round 93
seed = 1567394751 patienceN = 0 patienceM = 2 frameNumber = 128 nLocalPI = 14

0%   10   20   30   40   50   60   70   80   90   100%
|----|----|----|----|----|----|----|----|----|----|
***************************************************
change patienceM
time = 982069758
area = 779
delay = 18.5
write_blif appntk/c2670_93_0.0494922_779_18.5.blif

round 94
seed = 1567394756 patienceN = 0 patienceM = 0 frameNumber = 128 nLocalPI = 13

0%   10   20   30   40   50   60   70   80   90   100%
|----|----|----|----|----|----|----|----|----|----|
***************************************************
change patienceM
time = 986320458
area = 781
delay = 18.5
write_blif appntk/c2670_94_0.0494922_781_18.5.blif

round 95
seed = 1567394760 patienceN = 0 patienceM = 1 frameNumber = 128 nLocalPI = 13

0%   10   20   30   40   50   60   70   80   90   100%
|----|----|----|----|----|----|----|----|----|----|
***************************************************
change patienceN
time = 989701044
area = 781
delay = 18.5
write_blif appntk/c2670_95_0.0494922_781_18.5.blif

round 96
seed = 1567394765 patienceN = 1 patienceM = 1 frameNumber = 128 nLocalPI = 13

0%   10   20   30   40   50   60   70   80   90   100%
|----|----|----|----|----|----|----|----|----|----|
***************************************************
change patienceM
time = 994807554
area = 778
delay = 18.5
write_blif appntk/c2670_96_0.0494922_778_18.5.blif

round 97
seed = 1567394768 patienceN = 1 patienceM = 2 frameNumber = 128 nLocalPI = 13

0%   10   20   30   40   50   60   70   80   90   100%
|----|----|----|----|----|----|----|----|----|----|
***************************************************
change patienceN
time = 998152085
area = 781
delay = 18.5
write_blif appntk/c2670_97_0.0494922_781_18.5.blif

round 98
seed = 1567394773 patienceN = 2 patienceM = 2 frameNumber = 128 nLocalPI = 13

0%   10   20   30   40   50   60   70   80   90   100%
|----|----|----|----|----|----|----|----|----|----|
***************************************************
change patienceM
time = 1002682094
area = 781
delay = 18.5
write_blif appntk/c2670_98_0.0494922_781_18.5.blif

round 99
seed = 1567394776 patienceN = 0 patienceM = 0 frameNumber = 128 nLocalPI = 12

0%   10   20   30   40   50   60   70   80   90   100%
|----|----|----|----|----|----|----|----|----|----|
***************************************************
change patienceM
time = 1006490117
area = 774
delay = 20.2
write_blif appntk/c2670_99_0.0494922_774_20.2.blif

round 100
seed = 1567394781 patienceN = 0 patienceM = 1 frameNumber = 128 nLocalPI = 12

0%   10   20   30   40   50   60   70   80   90   100%
|----|----|----|----|----|----|----|----|----|----|
***************************************************
change patienceM
time = 1010923623
area = 777
delay = 18.5
write_blif appntk/c2670_100_0.0494922_777_18.5.blif

round 101
seed = 1567394785 patienceN = 0 patienceM = 2 frameNumber = 128 nLocalPI = 12

0%   10   20   30   40   50   60   70   80   90   100%
|----|----|----|----|----|----|----|----|----|----|
***************************************************
change patienceM
time = 1015084620
area = 781
delay = 18.5
write_blif appntk/c2670_101_0.0494922_781_18.5.blif

round 102
seed = 1567394789 patienceN = 0 patienceM = 0 frameNumber = 128 nLocalPI = 11

0%   10   20   30   40   50   60   70   80   90   100%
|----|----|----|----|----|----|----|----|----|----|
***************************************************
change patienceM
time = 1018576286
area = 774
delay = 18.5
write_blif appntk/c2670_102_0.0494922_774_18.5.blif

round 103
seed = 1567394793 patienceN = 0 patienceM = 1 frameNumber = 128 nLocalPI = 11

0%   10   20   30   40   50   60   70   80   90   100%
|----|----|----|----|----|----|----|----|----|----|
***************************************************
change patienceM
time = 1022314304
area = 775
delay = 20.2
write_blif appntk/c2670_103_0.0494922_775_20.2.blif

round 104
seed = 1567394797 patienceN = 0 patienceM = 2 frameNumber = 128 nLocalPI = 11

0%   10   20   30   40   50   60   70   80   90   100%
|----|----|----|----|----|----|----|----|----|----|
***************************************************
change patienceM
time = 1026067680
area = 782
delay = 18.5
write_blif appntk/c2670_104_0.0494922_782_18.5.blif

round 105
seed = 1567394801 patienceN = 0 patienceM = 0 frameNumber = 128 nLocalPI = 10

0%   10   20   30   40   50   60   70   80   90   100%
|----|----|----|----|----|----|----|----|----|----|
***************************************************
change patienceM
time = 1029480441
area = 779
delay = 18.5
write_blif appntk/c2670_105_0.0494922_779_18.5.blif

round 106
seed = 1567394804 patienceN = 0 patienceM = 1 frameNumber = 128 nLocalPI = 10

0%   10   20   30   40   50   60   70   80   90   100%
|----|----|----|----|----|----|----|----|----|----|
***************************************************
change patienceM
time = 1032784808
area = 781
delay = 18.5
write_blif appntk/c2670_106_0.0494922_781_18.5.blif

round 107
seed = 1567394808 patienceN = 0 patienceM = 2 frameNumber = 128 nLocalPI = 10

0%   10   20   30   40   50   60   70   80   90   100%
|----|----|----|----|----|----|----|----|----|----|
***************************************************
change patienceM
time = 1036451906
area = 781
delay = 18.5
write_blif appntk/c2670_107_0.0494922_781_18.5.blif

round 108
seed = 1567394811 patienceN = 0 patienceM = 0 frameNumber = 128 nLocalPI = 9

0%   10   20   30   40   50   60   70   80   90   100%
|----|----|----|----|----|----|----|----|----|----|
***************************************************
change patienceN
time = 1039387338
area = 778
delay = 18.5
write_blif appntk/c2670_108_0.0494922_778_18.5.blif

round 109
seed = 1567394815 patienceN = 1 patienceM = 0 frameNumber = 128 nLocalPI = 9

0%   10   20   30   40   50   60   70   80   90   100%
|----|----|----|----|----|----|----|----|----|----|
***************************************************
change patienceM
time = 1043437850
area = 781
delay = 18.5
write_blif appntk/c2670_109_0.0494922_781_18.5.blif

round 110
seed = 1567394818 patienceN = 1 patienceM = 1 frameNumber = 128 nLocalPI = 9

0%   10   20   30   40   50   60   70   80   90   100%
|----|----|----|----|----|----|----|----|----|----|
***************************************************
change patienceM
time = 1046675570
area = 781
delay = 18.5
write_blif appntk/c2670_110_0.0494922_781_18.5.blif

round 111
seed = 1567394822 patienceN = 1 patienceM = 2 frameNumber = 128 nLocalPI = 9

0%   10   20   30   40   50   60   70   80   90   100%
|----|----|----|----|----|----|----|----|----|----|
***************************************************
change patienceM
time = 1049961234
area = 774
delay = 20.2
write_blif appntk/c2670_111_0.0494922_774_20.2.blif

round 112
seed = 1567394825 patienceN = 0 patienceM = 0 frameNumber = 128 nLocalPI = 8

0%   10   20   30   40   50   60   70   80   90   100%
|----|----|----|----|----|----|----|----|----|----|
***************************************************
change patienceM
time = 1053069191
area = 777
delay = 18.5
write_blif appntk/c2670_112_0.0494922_777_18.5.blif

round 113
seed = 1567394828 patienceN = 0 patienceM = 1 frameNumber = 128 nLocalPI = 8

0%   10   20   30   40   50   60   70   80   90   100%
|----|----|----|----|----|----|----|----|----|----|
***************************************************
change patienceM
time = 1056409075
area = 781
delay = 18.5
write_blif appntk/c2670_113_0.0494922_781_18.5.blif

round 114
seed = 1567394831 patienceN = 0 patienceM = 2 frameNumber = 128 nLocalPI = 8

0%   10   20   30   40   50   60   70   80   90   100%
|----|----|----|----|----|----|----|----|----|----|
***************************************************
change patienceM
time = 1060104575
area = 774
delay = 18.5
write_blif appntk/c2670_114_0.0494922_774_18.5.blif

round 115
seed = 1567394835 patienceN = 0 patienceM = 0 frameNumber = 128 nLocalPI = 7

0%   10   20   30   40   50   60   70   80   90   100%
|----|----|----|----|----|----|----|----|----|----|
***************************************************
change patienceM
time = 1064539587
area = 775
delay = 20.2
write_blif appntk/c2670_115_0.0494922_775_20.2.blif

round 116
seed = 1567394838 patienceN = 0 patienceM = 1 frameNumber = 128 nLocalPI = 7

0%   10   20   30   40   50   60   70   80   90   100%
|----|----|----|----|----|----|----|----|----|----|
***************************************************
change patienceM
time = 1067451381
area = 782
delay = 18.5
write_blif appntk/c2670_116_0.0494922_782_18.5.blif

round 117
seed = 1567394843 patienceN = 0 patienceM = 2 frameNumber = 128 nLocalPI = 7

0%   10   20   30   40   50   60   70   80   90   100%
|----|----|----|----|----|----|----|----|----|----|
***************************************************
change patienceM
time = 1070358769
area = 779
delay = 18.5
write_blif appntk/c2670_117_0.0494922_779_18.5.blif

round 118
seed = 1567394846 patienceN = 0 patienceM = 0 frameNumber = 128 nLocalPI = 6

0%   10   20   30   40   50   60   70   80   90   100%
|----|----|----|----|----|----|----|----|----|----|
***************************************************
change patienceN
time = 1072950971
area = 781
delay = 18.5
write_blif appntk/c2670_118_0.0494922_781_18.5.blif

round 119
seed = 1567394849 patienceN = 1 patienceM = 0 frameNumber = 128 nLocalPI = 6

0%   10   20   30   40   50   60   70   80   90   100%
|----|----|----|----|----|----|----|----|----|----|
***************************************************
change patienceM
time = 1076096956
area = 781
delay = 18.5
write_blif appntk/c2670_119_0.0494922_781_18.5.blif

round 120
seed = 1567394851 patienceN = 1 patienceM = 1 frameNumber = 128 nLocalPI = 6

0%   10   20   30   40   50   60   70   80   90   100%
|----|----|----|----|----|----|----|----|----|----|
***************************************************
change patienceM
time = 1079280207
area = 778
delay = 18.5
write_blif appntk/c2670_120_0.0494922_778_18.5.blif

round 121
seed = 1567394854 patienceN = 1 patienceM = 2 frameNumber = 128 nLocalPI = 6

0%   10   20   30   40   50   60   70   80   90   100%
|----|----|----|----|----|----|----|----|----|----|
***************************************************
change patienceM
time = 1082685535
area = 781
delay = 18.5
write_blif appntk/c2670_121_0.0494922_781_18.5.blif

round 122
seed = 1567394858 patienceN = 0 patienceM = 0 frameNumber = 128 nLocalPI = 5

0%   10   20   30   40   50   60   70   80   90   100%
|----|----|----|----|----|----|----|----|----|----|
***************************************************
change patienceN
time = 1085031490
area = 781
delay = 18.5
write_blif appntk/c2670_122_0.0494922_781_18.5.blif

round 123
seed = 1567394861 patienceN = 1 patienceM = 0 frameNumber = 128 nLocalPI = 5

0%   10   20   30   40   50   60   70   80   90   100%
|----|----|----|----|----|----|----|----|----|----|
***************************************************
change patienceN
time = 1087377386
area = 774
delay = 20.2
write_blif appntk/c2670_123_0.0494922_774_20.2.blif

round 124
seed = 1567394863 patienceN = 2 patienceM = 0 frameNumber = 128 nLocalPI = 5

0%   10   20   30   40   50   60   70   80   90   100%
|----|----|----|----|----|----|----|----|----|----|
***************************************************
best node n755 best error 0.0619824
time = 1090025876
