Entered genlib library with 23 gates from file "data/genlib/mcnc.genlib".
Line 7: Skipping line ".default_input_arrival 0.00 0.00 ".
Line 8: Skipping line ".default_output_required 0.00 0.00 ".
Line 9: Skipping line ".default_input_drive 0.10 0.10 ".
Line 10: Skipping line ".default_output_load 2.00 ".
Line 11: Skipping line ".default_max_input_load 999.00 ".
Original area = 1604, original delay = 55

round 0
seed = 0 patienceN = 0 patienceM = 0 frameNumber = 1024 nLocalPI = 30

0%   10   20   30   40   50   60   70   80   90   100%
|----|----|----|----|----|----|----|----|----|----|
***************************************************
best node [140489] best error 0
time = 43101280
area = 1583
delay = 51.1
write_blif appntk/c3540_0_0_1583_51.1.blif

round 1
seed = 1567393778 patienceN = 0 patienceM = 0 frameNumber = 1024 nLocalPI = 30

0%   10   20   30   40   50   60   70   80   90   100%
|----|----|----|----|----|----|----|----|----|----|
***************************************************
best node n742 best error 0.000820312
time = 110414467
area = 1565
delay = 49.6
write_blif appntk/c3540_1_0.000820312_1565_49.6.blif

round 2
seed = 1567393821 patienceN = 0 patienceM = 0 frameNumber = 1024 nLocalPI = 30

0%   10   20   30   40   50   60   70   80   90   100%
|----|----|----|----|----|----|----|----|----|----|
***************************************************
best node n851 best error 0.000820312
time = 181389102
area = 1573
delay = 49.5
write_blif appntk/c3540_2_0.000820312_1573_49.5.blif

round 3
seed = 1567393889 patienceN = 0 patienceM = 0 frameNumber = 1024 nLocalPI = 30

0%   10   20   30   40   50   60   70   80   90   100%
|----|----|----|----|----|----|----|----|----|----|
***************************************************
best node n426 best error 0.00179688
time = 247161877
area = 1570
delay = 49.8
write_blif appntk/c3540_3_0.00179688_1570_49.8.blif

round 4
seed = 1567393960 patienceN = 0 patienceM = 0 frameNumber = 1024 nLocalPI = 30

0%   10   20   30   40   50   60   70   80   90   100%
|----|----|----|----|----|----|----|----|----|----|
***************************************************
best node n424 best error 0.00235352
time = 309852831
area = 1572
delay = 49.5
write_blif appntk/c3540_4_0.00235352_1572_49.5.blif

round 5
seed = 1567394026 patienceN = 0 patienceM = 0 frameNumber = 1024 nLocalPI = 30

0%   10   20   30   40   50   60   70   80   90   100%
|----|----|----|----|----|----|----|----|----|----|
***************************************************
best node n585 best error 0.00391602
time = 366911540
area = 1540
delay = 48.3
write_blif appntk/c3540_5_0.00391602_1540_48.3.blif

round 6
seed = 1567394089 patienceN = 0 patienceM = 0 frameNumber = 1024 nLocalPI = 30

0%   10   20   30   40   50   60   70   80   90   100%
|----|----|----|----|----|----|----|----|----|----|
***************************************************
best node n726 best error 0.0043457
time = 419728921
area = 1553
delay = 46.4
write_blif appntk/c3540_6_0.0043457_1553_46.4.blif

round 7
seed = 1567394145 patienceN = 0 patienceM = 0 frameNumber = 1024 nLocalPI = 30

0%   10   20   30   40   50   60   70   80   90   100%
|----|----|----|----|----|----|----|----|----|----|
***************************************************
best node n424 best error 0.00514648
time = 470317355
area = 1555
delay = 46.6
write_blif appntk/c3540_7_0.00514648_1555_46.6.blif

round 8
seed = 1567394199 patienceN = 0 patienceM = 0 frameNumber = 1024 nLocalPI = 30

0%   10   20   30   40   50   60   70   80   90   100%
|----|----|----|----|----|----|----|----|----|----|
***************************************************
best node n644 best error 0.00704102
time = 516140766
area = 1552
delay = 46.4
write_blif appntk/c3540_8_0.00704102_1552_46.4.blif

round 9
seed = 1567394249 patienceN = 0 patienceM = 0 frameNumber = 1024 nLocalPI = 30

0%   10   20   30   40   50   60   70   80   90   100%
|----|----|----|----|----|----|----|----|----|----|
***************************************************
best node n424 best error 0.00725586
time = 561765063
area = 1541
delay = 48.1
write_blif appntk/c3540_9_0.00725586_1541_48.1.blif

round 10
seed = 1567394295 patienceN = 0 patienceM = 0 frameNumber = 1024 nLocalPI = 30

0%   10   20   30   40   50   60   70   80   90   100%
|----|----|----|----|----|----|----|----|----|----|
***************************************************
change patienceN
time = 607573456
area = 1550
delay = 47.8
write_blif appntk/c3540_10_0.00725586_1550_47.8.blif

round 11
seed = 1567394340 patienceN = 1 patienceM = 0 frameNumber = 1024 nLocalPI = 30

0%   10   20   30   40   50   60   70   80   90   100%
|----|----|----|----|----|----|----|----|----|----|
***************************************************
best node n667 best error 0.0084375
time = 653172694
area = 1547
delay = 47.8
write_blif appntk/c3540_11_0.0084375_1547_47.8.blif

round 12
seed = 1567394386 patienceN = 0 patienceM = 0 frameNumber = 1024 nLocalPI = 30

0%   10   20   30   40   50   60   70   80   90   100%
|----|----|----|----|----|----|----|----|----|----|
***************************************************
change patienceN
time = 697732807
area = 1541
delay = 48.1
write_blif appntk/c3540_12_0.0084375_1541_48.1.blif

round 13
seed = 1567394432 patienceN = 1 patienceM = 0 frameNumber = 1024 nLocalPI = 30

0%   10   20   30   40   50   60   70   80   90   100%
|----|----|----|----|----|----|----|----|----|----|
***************************************************
change patienceN
time = 742066789
area = 1544
delay = 47.8
write_blif appntk/c3540_13_0.0084375_1544_47.8.blif

round 14
seed = 1567394476 patienceN = 2 patienceM = 0 frameNumber = 1024 nLocalPI = 30

0%   10   20   30   40   50   60   70   80   90   100%
|----|----|----|----|----|----|----|----|----|----|
***************************************************
change patienceN
time = 786426750
area = 1540
delay = 46.4
write_blif appntk/c3540_14_0.0084375_1540_46.4.blif

round 15
seed = 1567394521 patienceN = 0 patienceM = 0 frameNumber = 512 nLocalPI = 30

0%   10   20   30   40   50   60   70   80   90   100%
|----|----|----|----|----|----|----|----|----|----|
***************************************************
best node n622 best error 0.010459
time = 810552802
area = 1538
delay = 46.7
write_blif appntk/c3540_15_0.010459_1538_46.7.blif

round 16
seed = 1567394565 patienceN = 0 patienceM = 0 frameNumber = 512 nLocalPI = 30

0%   10   20   30   40   50   60   70   80   90   100%
|----|----|----|----|----|----|----|----|----|----|
***************************************************
best node n417 best error 0.0128711
time = 835102682
area = 1521
delay = 46.4
write_blif appntk/c3540_16_0.0128711_1521_46.4.blif

round 17
seed = 1567394589 patienceN = 0 patienceM = 0 frameNumber = 512 nLocalPI = 30

0%   10   20   30   40   50   60   70   80   90   100%
|----|----|----|----|----|----|----|----|----|----|
***************************************************
best node n412 best error 0.016416
time = 859471259
area = 1535
delay = 48.5
write_blif appntk/c3540_17_0.016416_1535_48.5.blif

round 18
seed = 1567394614 patienceN = 0 patienceM = 0 frameNumber = 512 nLocalPI = 30

0%   10   20   30   40   50   60   70   80   90   100%
|----|----|----|----|----|----|----|----|----|----|
***************************************************
best node n644 best error 0.0182129
time = 883856344
area = 1517
delay = 48.2
write_blif appntk/c3540_18_0.0182129_1517_48.2.blif

round 19
seed = 1567394638 patienceN = 0 patienceM = 0 frameNumber = 512 nLocalPI = 30

0%   10   20   30   40   50   60   70   80   90   100%
|----|----|----|----|----|----|----|----|----|----|
***************************************************
change patienceN
time = 907122887
area = 1517
delay = 46.6
write_blif appntk/c3540_19_0.0182129_1517_46.6.blif

round 20
seed = 1567394663 patienceN = 1 patienceM = 0 frameNumber = 512 nLocalPI = 30

0%   10   20   30   40   50   60   70   80   90   100%
|----|----|----|----|----|----|----|----|----|----|
***************************************************
change patienceN
time = 930654124
area = 1515
delay = 45.7
write_blif appntk/c3540_20_0.0182129_1515_45.7.blif

round 21
seed = 1567394686 patienceN = 2 patienceM = 0 frameNumber = 512 nLocalPI = 30

0%   10   20   30   40   50   60   70   80   90   100%
|----|----|----|----|----|----|----|----|----|----|
***************************************************
best node n624 best error 0.0204395
time = 954120856
area = 1526
delay = 45.5
write_blif appntk/c3540_21_0.0204395_1526_45.5.blif

round 22
seed = 1567394709 patienceN = 0 patienceM = 0 frameNumber = 512 nLocalPI = 30

0%   10   20   30   40   50   60   70   80   90   100%
|----|----|----|----|----|----|----|----|----|----|
***************************************************
best node n653 best error 0.0218848
time = 977610754
area = 1509
delay = 45.6
write_blif appntk/c3540_22_0.0218848_1509_45.6.blif

round 23
seed = 1567394733 patienceN = 0 patienceM = 0 frameNumber = 512 nLocalPI = 30

0%   10   20   30   40   50   60   70   80   90   100%
|----|----|----|----|----|----|----|----|----|----|
***************************************************
best node n622 best error 0.022002
time = 1000727373
area = 1515
delay = 47
write_blif appntk/c3540_23_0.022002_1515_47.blif

round 24
seed = 1567394756 patienceN = 0 patienceM = 0 frameNumber = 512 nLocalPI = 30

0%   10   20   30   40   50   60   70   80   90   100%
|----|----|----|----|----|----|----|----|----|----|
***************************************************
best node n622 best error 0.0241016
time = 1023837445
area = 1518
delay = 47.3
write_blif appntk/c3540_24_0.0241016_1518_47.3.blif

round 25
seed = 1567394779 patienceN = 0 patienceM = 0 frameNumber = 512 nLocalPI = 30

0%   10   20   30   40   50   60   70   80   90   100%
|----|----|----|----|----|----|----|----|----|----|
***************************************************
change patienceN
time = 1046857967
area = 1507
delay = 47
write_blif appntk/c3540_25_0.0241016_1507_47.blif

round 26
seed = 1567394803 patienceN = 1 patienceM = 0 frameNumber = 512 nLocalPI = 30

0%   10   20   30   40   50   60   70   80   90   100%
|----|----|----|----|----|----|----|----|----|----|
***************************************************
best node n523 best error 0.0250488
time = 1070357892
area = 1502
delay = 45.6
write_blif appntk/c3540_26_0.0250488_1502_45.6.blif

round 27
seed = 1567394826 patienceN = 0 patienceM = 0 frameNumber = 512 nLocalPI = 30

0%   10   20   30   40   50   60   70   80   90   100%
|----|----|----|----|----|----|----|----|----|----|
***************************************************
best node n412 best error 0.0256543
time = 1093774754
area = 1510
delay = 48.7
write_blif appntk/c3540_27_0.0256543_1510_48.7.blif

round 28
seed = 1567394849 patienceN = 0 patienceM = 0 frameNumber = 512 nLocalPI = 30

0%   10   20   30   40   50   60   70   80   90   100%
|----|----|----|----|----|----|----|----|----|----|
***************************************************
change patienceN
time = 1116249875
area = 1508
delay = 48.4
write_blif appntk/c3540_28_0.0256543_1508_48.4.blif

round 29
seed = 1567394873 patienceN = 1 patienceM = 0 frameNumber = 512 nLocalPI = 30

0%   10   20   30   40   50   60   70   80   90   100%
|----|----|----|----|----|----|----|----|----|----|
***************************************************
change patienceN
time = 1138842862
area = 1510
delay = 48.1
write_blif appntk/c3540_29_0.0256543_1510_48.1.blif

round 30
seed = 1567394895 patienceN = 2 patienceM = 0 frameNumber = 512 nLocalPI = 30

0%   10   20   30   40   50   60   70   80   90   100%
|----|----|----|----|----|----|----|----|----|----|
***************************************************
best node n639 best error 0.0273242
time = 1161689756
area = 1503
delay = 48.3
write_blif appntk/c3540_30_0.0273242_1503_48.3.blif

round 31
seed = 1567394918 patienceN = 0 patienceM = 0 frameNumber = 512 nLocalPI = 30

0%   10   20   30   40   50   60   70   80   90   100%
|----|----|----|----|----|----|----|----|----|----|
***************************************************
best node n635 best error 0.0272949
time = 1184165003
area = 1498
delay = 48.5
write_blif appntk/c3540_31_0.0272949_1498_48.5.blif

round 32
seed = 1567394940 patienceN = 0 patienceM = 0 frameNumber = 512 nLocalPI = 30

0%   10   20   30   40   50   60   70   80   90   100%
|----|----|----|----|----|----|----|----|----|----|
***************************************************
best node n625 best error 0.0280859
time = 1206855370
area = 1493
delay = 46.5
write_blif appntk/c3540_32_0.0280859_1493_46.5.blif

round 33
seed = 1567394963 patienceN = 0 patienceM = 0 frameNumber = 512 nLocalPI = 30

0%   10   20   30   40   50   60   70   80   90   100%
|----|----|----|----|----|----|----|----|----|----|
***************************************************
best node n404 best error 0.0285547
time = 1229271236
area = 1491
delay = 47.9
write_blif appntk/c3540_33_0.0285547_1491_47.9.blif

round 34
seed = 1567394986 patienceN = 0 patienceM = 0 frameNumber = 512 nLocalPI = 30

0%   10   20   30   40   50   60   70   80   90   100%
|----|----|----|----|----|----|----|----|----|----|
***************************************************
best node n595 best error 0.0283203
time = 1251117825
area = 1496
delay = 45.9
write_blif appntk/c3540_34_0.0283203_1496_45.9.blif

round 35
seed = 1567395008 patienceN = 0 patienceM = 0 frameNumber = 512 nLocalPI = 30

0%   10   20   30   40   50   60   70   80   90   100%
|----|----|----|----|----|----|----|----|----|----|
***************************************************
best node n596 best error 0.0300586
time = 1273007748
area = 1493
delay = 47.6
write_blif appntk/c3540_35_0.0300586_1493_47.6.blif

round 36
seed = 1567395030 patienceN = 0 patienceM = 0 frameNumber = 512 nLocalPI = 30

0%   10   20   30   40   50   60   70   80   90   100%
|----|----|----|----|----|----|----|----|----|----|
***************************************************
best node n727 best error 0.0353711
time = 1294860356
area = 1484
delay = 48.1
write_blif appntk/c3540_36_0.0353711_1484_48.1.blif

round 37
seed = 1567395052 patienceN = 0 patienceM = 0 frameNumber = 512 nLocalPI = 30

0%   10   20   30   40   50   60   70   80   90   100%
|----|----|----|----|----|----|----|----|----|----|
***************************************************
best node n720 best error 0.0373438
time = 1316572157
area = 1469
delay = 47.6
write_blif appntk/c3540_37_0.0373438_1469_47.6.blif

round 38
seed = 1567395074 patienceN = 0 patienceM = 0 frameNumber = 512 nLocalPI = 30

0%   10   20   30   40   50   60   70   80   90   100%
|----|----|----|----|----|----|----|----|----|----|
***************************************************
best node n596 best error 0.039209
time = 1338309981
area = 1478
delay = 45.9
write_blif appntk/c3540_38_0.039209_1478_45.9.blif

round 39
seed = 1567395095 patienceN = 0 patienceM = 0 frameNumber = 512 nLocalPI = 30

0%   10   20   30   40   50   60   70   80   90   100%
|----|----|----|----|----|----|----|----|----|----|
***************************************************
change patienceN
time = 1359764780
area = 1477
delay = 47.9
write_blif appntk/c3540_39_0.039209_1477_47.9.blif

round 40
seed = 1567395117 patienceN = 1 patienceM = 0 frameNumber = 512 nLocalPI = 30

0%   10   20   30   40   50   60   70   80   90   100%
|----|----|----|----|----|----|----|----|----|----|
***************************************************
best node n730 best error 0.0427734
time = 1381534640
area = 1471
delay = 47.8
write_blif appntk/c3540_40_0.0427734_1471_47.8.blif

round 41
seed = 1567395139 patienceN = 0 patienceM = 0 frameNumber = 512 nLocalPI = 30

0%   10   20   30   40   50   60   70   80   90   100%
|----|----|----|----|----|----|----|----|----|----|
***************************************************
best node n612 best error 0.0437012
time = 1403049742
area = 1478
delay = 49.6
write_blif appntk/c3540_41_0.0437012_1478_49.6.blif

round 42
seed = 1567395160 patienceN = 0 patienceM = 0 frameNumber = 512 nLocalPI = 30

0%   10   20   30   40   50   60   70   80   90   100%
|----|----|----|----|----|----|----|----|----|----|
***************************************************
best node n412 best error 0.0455664
time = 1424866844
area = 1469
delay = 48
write_blif appntk/c3540_42_0.0455664_1469_48.blif

round 43
seed = 1567395182 patienceN = 0 patienceM = 0 frameNumber = 512 nLocalPI = 30

0%   10   20   30   40   50   60   70   80   90   100%
|----|----|----|----|----|----|----|----|----|----|
***************************************************
best node n599 best error 0.0455664
time = 1446706957
area = 1473
delay = 48.7
write_blif appntk/c3540_43_0.0455664_1473_48.7.blif

round 44
seed = 1567395204 patienceN = 0 patienceM = 0 frameNumber = 512 nLocalPI = 30

0%   10   20   30   40   50   60   70   80   90   100%
|----|----|----|----|----|----|----|----|----|----|
***************************************************
best node n405 best error 0.0459961
time = 1468272399
area = 1446
delay = 48
write_blif appntk/c3540_44_0.0459961_1446_48.blif

round 45
seed = 1567395226 patienceN = 0 patienceM = 0 frameNumber = 512 nLocalPI = 30

0%   10   20   30   40   50   60   70   80   90   100%
|----|----|----|----|----|----|----|----|----|----|
***************************************************
best node n630 best error 0.0459961
time = 1489498178
area = 1461
delay = 48.7
write_blif appntk/c3540_45_0.0459961_1461_48.7.blif

round 46
seed = 1567395247 patienceN = 0 patienceM = 0 frameNumber = 512 nLocalPI = 30

0%   10   20   30   40   50   60   70   80   90   100%
|----|----|----|----|----|----|----|----|----|----|
***************************************************
best node n630 best error 0.0459961
time = 1510958649
area = 1456
delay = 47
write_blif appntk/c3540_46_0.0459961_1456_47.blif

round 47
seed = 1567395268 patienceN = 0 patienceM = 0 frameNumber = 512 nLocalPI = 30

0%   10   20   30   40   50   60   70   80   90   100%
|----|----|----|----|----|----|----|----|----|----|
***************************************************
best node n587 best error 0.0482129
time = 1531974835
area = 1454
delay = 48
write_blif appntk/c3540_47_0.0482129_1454_48.blif

round 48
seed = 1567395290 patienceN = 0 patienceM = 0 frameNumber = 512 nLocalPI = 30

0%   10   20   30   40   50   60   70   80   90   100%
|----|----|----|----|----|----|----|----|----|----|
***************************************************
change patienceM
time = 1552645509
area = 1449
delay = 49.5
write_blif appntk/c3540_48_0.0482129_1449_49.5.blif

round 49
seed = 1567395311 patienceN = 0 patienceM = 1 frameNumber = 512 nLocalPI = 30

0%   10   20   30   40   50   60   70   80   90   100%
|----|----|----|----|----|----|----|----|----|----|
***************************************************
best node n684 best error 0.0499902
time = 1573925882
area = 1447
delay = 47.8
write_blif appntk/c3540_49_0.0499902_1447_47.8.blif

round 50
seed = 1567395332 patienceN = 0 patienceM = 0 frameNumber = 512 nLocalPI = 30

0%   10   20   30   40   50   60   70   80   90   100%
|----|----|----|----|----|----|----|----|----|----|
***************************************************
change patienceM
time = 1594517547
area = 1449
delay = 47.4
write_blif appntk/c3540_50_0.0499902_1449_47.4.blif

round 51
seed = 1567395353 patienceN = 0 patienceM = 1 frameNumber = 512 nLocalPI = 30

0%   10   20   30   40   50   60   70   80   90   100%
|----|----|----|----|----|----|----|----|----|----|
***************************************************
change patienceN
time = 1615163146
area = 1444
delay = 49.9
write_blif appntk/c3540_51_0.0499902_1444_49.9.blif

round 52
seed = 1567395374 patienceN = 1 patienceM = 1 frameNumber = 512 nLocalPI = 30

0%   10   20   30   40   50   60   70   80   90   100%
|----|----|----|----|----|----|----|----|----|----|
***************************************************
best node n408 best error 0.0499902
time = 1636017163
area = 1435
delay = 46.9
write_blif appntk/c3540_52_0.0499902_1435_46.9.blif

round 53
seed = 1567395395 patienceN = 0 patienceM = 0 frameNumber = 512 nLocalPI = 30

0%   10   20   30   40   50   60   70   80   90   100%
|----|----|----|----|----|----|----|----|----|----|
***************************************************
change patienceM
time = 1657147095
area = 1448
delay = 46.9
write_blif appntk/c3540_53_0.0499902_1448_46.9.blif

round 54
seed = 1567395415 patienceN = 0 patienceM = 1 frameNumber = 512 nLocalPI = 30

0%   10   20   30   40   50   60   70   80   90   100%
|----|----|----|----|----|----|----|----|----|----|
***************************************************
change patienceM
time = 1678349170
area = 1440
delay = 48
write_blif appntk/c3540_54_0.0499902_1440_48.blif

round 55
seed = 1567395437 patienceN = 0 patienceM = 2 frameNumber = 512 nLocalPI = 30

0%   10   20   30   40   50   60   70   80   90   100%
|----|----|----|----|----|----|----|----|----|----|
***************************************************
change patienceM
time = 1699634983
area = 1438
delay = 46.9
write_blif appntk/c3540_55_0.0499902_1438_46.9.blif

round 56
seed = 1567395458 patienceN = 0 patienceM = 0 frameNumber = 512 nLocalPI = 29

0%   10   20   30   40   50   60   70   80   90   100%
|----|----|----|----|----|----|----|----|----|----|
***************************************************
change patienceM
time = 1720303330
area = 1444
delay = 46.9
write_blif appntk/c3540_56_0.0499902_1444_46.9.blif

round 57
seed = 1567395479 patienceN = 0 patienceM = 1 frameNumber = 512 nLocalPI = 29

0%   10   20   30   40   50   60   70   80   90   100%
|----|----|----|----|----|----|----|----|----|----|
***************************************************
change patienceM
time = 1741297782
area = 1442
delay = 48
write_blif appntk/c3540_57_0.0499902_1442_48.blif

round 58
seed = 1567395500 patienceN = 0 patienceM = 2 frameNumber = 512 nLocalPI = 29

0%   10   20   30   40   50   60   70   80   90   100%
|----|----|----|----|----|----|----|----|----|----|
***************************************************
change patienceM
time = 1762231321
area = 1442
delay = 45.5
write_blif appntk/c3540_58_0.0499902_1442_45.5.blif

round 59
seed = 1567395521 patienceN = 0 patienceM = 0 frameNumber = 512 nLocalPI = 28

0%   10   20   30   40   50   60   70   80   90   100%
|----|----|----|----|----|----|----|----|----|----|
***************************************************
change patienceN
time = 1782521265
area = 1446
delay = 46.9
write_blif appntk/c3540_59_0.0499902_1446_46.9.blif

round 60
seed = 1567395542 patienceN = 1 patienceM = 0 frameNumber = 512 nLocalPI = 28

0%   10   20   30   40   50   60   70   80   90   100%
|----|----|----|----|----|----|----|----|----|----|
***************************************************
change patienceM
time = 1803083240
area = 1439
delay = 48
write_blif appntk/c3540_60_0.0499902_1439_48.blif

round 61
seed = 1567395562 patienceN = 1 patienceM = 1 frameNumber = 512 nLocalPI = 28

0%   10   20   30   40   50   60   70   80   90   100%
|----|----|----|----|----|----|----|----|----|----|
***************************************************
change patienceM
time = 1823833331
area = 1444
delay = 46.9
write_blif appntk/c3540_61_0.0499902_1444_46.9.blif

round 62
seed = 1567395583 patienceN = 1 patienceM = 2 frameNumber = 512 nLocalPI = 28

0%   10   20   30   40   50   60   70   80   90   100%
|----|----|----|----|----|----|----|----|----|----|
***************************************************
change patienceM
time = 1844172546
area = 1444
delay = 45.5
write_blif appntk/c3540_62_0.0499902_1444_45.5.blif

round 63
seed = 1567395603 patienceN = 0 patienceM = 0 frameNumber = 512 nLocalPI = 27

0%   10   20   30   40   50   60   70   80   90   100%
|----|----|----|----|----|----|----|----|----|----|
***************************************************
change patienceM
time = 1864882231
area = 1439
delay = 48
write_blif appntk/c3540_63_0.0499902_1439_48.blif

round 64
seed = 1567395624 patienceN = 0 patienceM = 1 frameNumber = 512 nLocalPI = 27

0%   10   20   30   40   50   60   70   80   90   100%
|----|----|----|----|----|----|----|----|----|----|
***************************************************
change patienceM
time = 1885266044
area = 1434
delay = 46.9
write_blif appntk/c3540_64_0.0499902_1434_46.9.blif

round 65
seed = 1567395644 patienceN = 0 patienceM = 2 frameNumber = 512 nLocalPI = 27

0%   10   20   30   40   50   60   70   80   90   100%
|----|----|----|----|----|----|----|----|----|----|
***************************************************
change patienceM
time = 1905518389
area = 1444
delay = 46.9
write_blif appntk/c3540_65_0.0499902_1444_46.9.blif

round 66
seed = 1567395665 patienceN = 0 patienceM = 0 frameNumber = 512 nLocalPI = 26

0%   10   20   30   40   50   60   70   80   90   100%
|----|----|----|----|----|----|----|----|----|----|
***************************************************
change patienceM
time = 1925860220
area = 1439
delay = 48
write_blif appntk/c3540_66_0.0499902_1439_48.blif

round 67
seed = 1567395685 patienceN = 0 patienceM = 1 frameNumber = 512 nLocalPI = 26

0%   10   20   30   40   50   60   70   80   90   100%
|----|----|----|----|----|----|----|----|----|----|
***************************************************
change patienceM
time = 1946025671
area = 1438
delay = 46.9
write_blif appntk/c3540_67_0.0499902_1438_46.9.blif

round 68
seed = 1567395705 patienceN = 0 patienceM = 2 frameNumber = 512 nLocalPI = 26

0%   10   20   30   40   50   60   70   80   90   100%
|----|----|----|----|----|----|----|----|----|----|
***************************************************
change patienceN
time = 1965827118
area = 1445
delay = 46.9
write_blif appntk/c3540_68_0.0499902_1445_46.9.blif

round 69
seed = 1567395726 patienceN = 1 patienceM = 2 frameNumber = 512 nLocalPI = 26

0%   10   20   30   40   50   60   70   80   90   100%
|----|----|----|----|----|----|----|----|----|----|
***************************************************
change patienceN
time = 1985820001
area = 1440
delay = 48
write_blif appntk/c3540_69_0.0499902_1440_48.blif

round 70
seed = 1567395745 patienceN = 2 patienceM = 2 frameNumber = 512 nLocalPI = 26

0%   10   20   30   40   50   60   70   80   90   100%
|----|----|----|----|----|----|----|----|----|----|
***************************************************
change patienceM
time = 2006212587
area = 1442
delay = 45.5
write_blif appntk/c3540_70_0.0499902_1442_45.5.blif

round 71
seed = 1567395765 patienceN = 0 patienceM = 0 frameNumber = 512 nLocalPI = 25

0%   10   20   30   40   50   60   70   80   90   100%
|----|----|----|----|----|----|----|----|----|----|
***************************************************
change patienceM
time = 2025782824
area = 1447
delay = 46.9
write_blif appntk/c3540_71_0.0499902_1447_46.9.blif

round 72
seed = 1567395786 patienceN = 0 patienceM = 1 frameNumber = 512 nLocalPI = 25

0%   10   20   30   40   50   60   70   80   90   100%
|----|----|----|----|----|----|----|----|----|----|
***************************************************
change patienceM
time = 2045733826
area = 1439
delay = 48
write_blif appntk/c3540_72_0.0499902_1439_48.blif

round 73
seed = 1567395805 patienceN = 0 patienceM = 2 frameNumber = 512 nLocalPI = 25

0%   10   20   30   40   50   60   70   80   90   100%
|----|----|----|----|----|----|----|----|----|----|
***************************************************
change patienceM
time = 2065858249
area = 1442
delay = 45.5
write_blif appntk/c3540_73_0.0499902_1442_45.5.blif

round 74
seed = 1567395825 patienceN = 0 patienceM = 0 frameNumber = 512 nLocalPI = 24

0%   10   20   30   40   50   60   70   80   90   100%
|----|----|----|----|----|----|----|----|----|----|
***************************************************
change patienceM
time = 2085048552
area = 1444
delay = 45.5
write_blif appntk/c3540_74_0.0499902_1444_45.5.blif

round 75
seed = 1567395845 patienceN = 0 patienceM = 1 frameNumber = 512 nLocalPI = 24

0%   10   20   30   40   50   60   70   80   90   100%
|----|----|----|----|----|----|----|----|----|----|
***************************************************
change patienceM
time = 2104728048
area = 1440
delay = 48
write_blif appntk/c3540_75_0.0499902_1440_48.blif

round 76
seed = 1567395865 patienceN = 0 patienceM = 2 frameNumber = 512 nLocalPI = 24

0%   10   20   30   40   50   60   70   80   90   100%
|----|----|----|----|----|----|----|----|----|----|
***************************************************
change patienceM
time = 2124428854
area = 1435
delay = 46.9
write_blif appntk/c3540_76_0.0499902_1435_46.9.blif

round 77
seed = 1567395885 patienceN = 0 patienceM = 0 frameNumber = 512 nLocalPI = 23

0%   10   20   30   40   50   60   70   80   90   100%
|----|----|----|----|----|----|----|----|----|----|
***************************************************
change patienceM
time = 2143329989
area = 1444
delay = 46.9
write_blif appntk/c3540_77_0.0499902_1444_46.9.blif

round 78
seed = 1567395904 patienceN = 0 patienceM = 1 frameNumber = 512 nLocalPI = 23

0%   10   20   30   40   50   60   70   80   90   100%
|----|----|----|----|----|----|----|----|----|----|
***************************************************
change patienceN
time = 2162194624
area = 1439
delay = 48
write_blif appntk/c3540_78_0.0499902_1439_48.blif

round 79
seed = 1567395923 patienceN = 1 patienceM = 1 frameNumber = 512 nLocalPI = 23

0%   10   20   30   40   50   60   70   80   90   100%
|----|----|----|----|----|----|----|----|----|----|
***************************************************
change patienceM
time = 2181100166
area = 1440
delay = 45.5
write_blif appntk/c3540_79_0.0499902_1440_45.5.blif

round 80
seed = 1567395942 patienceN = 1 patienceM = 2 frameNumber = 512 nLocalPI = 23

0%   10   20   30   40   50   60   70   80   90   100%
|----|----|----|----|----|----|----|----|----|----|
***************************************************
change patienceM
time = 2200166233
area = 1444
delay = 46.9
write_blif appntk/c3540_80_0.0499902_1444_46.9.blif

round 81
seed = 1567395961 patienceN = 0 patienceM = 0 frameNumber = 512 nLocalPI = 22

0%   10   20   30   40   50   60   70   80   90   100%
|----|----|----|----|----|----|----|----|----|----|
***************************************************
change patienceN
time = 2218714199
area = 1439
delay = 48
write_blif appntk/c3540_81_0.0499902_1439_48.blif

round 82
seed = 1567395980 patienceN = 1 patienceM = 0 frameNumber = 512 nLocalPI = 22

0%   10   20   30   40   50   60   70   80   90   100%
|----|----|----|----|----|----|----|----|----|----|
***************************************************
change patienceN
time = 2237106433
area = 1442
delay = 45.5
write_blif appntk/c3540_82_0.0499902_1442_45.5.blif

round 83
seed = 1567395999 patienceN = 2 patienceM = 0 frameNumber = 512 nLocalPI = 22

0%   10   20   30   40   50   60   70   80   90   100%
|----|----|----|----|----|----|----|----|----|----|
***************************************************
change patienceN
time = 2255449361
area = 1447
delay = 46.9
write_blif appntk/c3540_83_0.0499902_1447_46.9.blif

round 84
seed = 1567396017 patienceN = 0 patienceM = 0 frameNumber = 256 nLocalPI = 22

0%   10   20   30   40   50   60   70   80   90   100%
|----|----|----|----|----|----|----|----|----|----|
***************************************************
change patienceM
time = 2267893664
area = 1439
delay = 48
write_blif appntk/c3540_84_0.0499902_1439_48.blif

round 85
seed = 1567396035 patienceN = 0 patienceM = 1 frameNumber = 256 nLocalPI = 22

0%   10   20   30   40   50   60   70   80   90   100%
|----|----|----|----|----|----|----|----|----|----|
***************************************************
change patienceM
time = 2279174811
area = 1440
delay = 46.9
write_blif appntk/c3540_85_0.0499902_1440_46.9.blif

round 86
seed = 1567396048 patienceN = 0 patienceM = 2 frameNumber = 256 nLocalPI = 22

0%   10   20   30   40   50   60   70   80   90   100%
|----|----|----|----|----|----|----|----|----|----|
***************************************************
change patienceM
time = 2290117488
area = 1444
delay = 45.5
write_blif appntk/c3540_86_0.0499902_1444_45.5.blif

round 87
seed = 1567396059 patienceN = 0 patienceM = 0 frameNumber = 256 nLocalPI = 21

0%   10   20   30   40   50   60   70   80   90   100%
|----|----|----|----|----|----|----|----|----|----|
***************************************************
change patienceM
time = 2300814096
area = 1440
delay = 48
write_blif appntk/c3540_87_0.0499902_1440_48.blif

round 88
seed = 1567396070 patienceN = 0 patienceM = 1 frameNumber = 256 nLocalPI = 21

0%   10   20   30   40   50   60   70   80   90   100%
|----|----|----|----|----|----|----|----|----|----|
***************************************************
change patienceM
time = 2311557117
area = 1435
delay = 46.9
write_blif appntk/c3540_88_0.0499902_1435_46.9.blif

round 89
seed = 1567396081 patienceN = 0 patienceM = 2 frameNumber = 256 nLocalPI = 21

0%   10   20   30   40   50   60   70   80   90   100%
|----|----|----|----|----|----|----|----|----|----|
***************************************************
change patienceM
time = 2322648458
area = 1447
delay = 46.9
write_blif appntk/c3540_89_0.0499902_1447_46.9.blif

round 90
seed = 1567396092 patienceN = 0 patienceM = 0 frameNumber = 256 nLocalPI = 20

0%   10   20   30   40   50   60   70   80   90   100%
|----|----|----|----|----|----|----|----|----|----|
***************************************************
change patienceM
time = 2333588499
area = 1439
delay = 48
write_blif appntk/c3540_90_0.0499902_1439_48.blif

round 91
seed = 1567396103 patienceN = 0 patienceM = 1 frameNumber = 256 nLocalPI = 20

0%   10   20   30   40   50   60   70   80   90   100%
|----|----|----|----|----|----|----|----|----|----|
***************************************************
change patienceM
time = 2344146558
area = 1445
delay = 46.9
write_blif appntk/c3540_91_0.0499902_1445_46.9.blif

round 92
seed = 1567396114 patienceN = 0 patienceM = 2 frameNumber = 256 nLocalPI = 20

0%   10   20   30   40   50   60   70   80   90   100%
|----|----|----|----|----|----|----|----|----|----|
***************************************************
change patienceM
time = 2355091341
area = 1444
delay = 46.9
write_blif appntk/c3540_92_0.0499902_1444_46.9.blif

round 93
seed = 1567396124 patienceN = 0 patienceM = 0 frameNumber = 256 nLocalPI = 19

0%   10   20   30   40   50   60   70   80   90   100%
|----|----|----|----|----|----|----|----|----|----|
***************************************************
change patienceM
time = 2366348765
area = 1441
delay = 48
write_blif appntk/c3540_93_0.0499902_1441_48.blif

round 94
seed = 1567396135 patienceN = 0 patienceM = 1 frameNumber = 256 nLocalPI = 19

0%   10   20   30   40   50   60   70   80   90   100%
|----|----|----|----|----|----|----|----|----|----|
***************************************************
change patienceM
time = 2376719054
area = 1441
delay = 45.5
write_blif appntk/c3540_94_0.0499902_1441_45.5.blif

round 95
seed = 1567396146 patienceN = 0 patienceM = 2 frameNumber = 256 nLocalPI = 19

0%   10   20   30   40   50   60   70   80   90   100%
|----|----|----|----|----|----|----|----|----|----|
***************************************************
change patienceM
time = 2387238522
area = 1444
delay = 46.9
write_blif appntk/c3540_95_0.0499902_1444_46.9.blif

round 96
seed = 1567396157 patienceN = 0 patienceM = 0 frameNumber = 256 nLocalPI = 18

0%   10   20   30   40   50   60   70   80   90   100%
|----|----|----|----|----|----|----|----|----|----|
***************************************************
change patienceM
time = 2397577493
area = 1440
delay = 48
write_blif appntk/c3540_96_0.0499902_1440_48.blif

round 97
seed = 1567396167 patienceN = 0 patienceM = 1 frameNumber = 256 nLocalPI = 18

0%   10   20   30   40   50   60   70   80   90   100%
|----|----|----|----|----|----|----|----|----|----|
***************************************************
change patienceM
time = 2407676542
area = 1441
delay = 46.9
write_blif appntk/c3540_97_0.0499902_1441_46.9.blif

round 98
seed = 1567396178 patienceN = 0 patienceM = 2 frameNumber = 256 nLocalPI = 18

0%   10   20   30   40   50   60   70   80   90   100%
|----|----|----|----|----|----|----|----|----|----|
***************************************************
change patienceM
time = 2418058421
area = 1444
delay = 45.5
write_blif appntk/c3540_98_0.0499902_1444_45.5.blif

round 99
seed = 1567396188 patienceN = 0 patienceM = 0 frameNumber = 256 nLocalPI = 17

0%   10   20   30   40   50   60   70   80   90   100%
|----|----|----|----|----|----|----|----|----|----|
***************************************************
change patienceM
time = 2428071220
area = 1439
delay = 48
write_blif appntk/c3540_99_0.0499902_1439_48.blif

round 100
seed = 1567396198 patienceN = 0 patienceM = 1 frameNumber = 256 nLocalPI = 17

0%   10   20   30   40   50   60   70   80   90   100%
|----|----|----|----|----|----|----|----|----|----|
***************************************************
change patienceM
time = 2438020943
area = 1435
delay = 46.9
write_blif appntk/c3540_100_0.0499902_1435_46.9.blif

round 101
seed = 1567396208 patienceN = 0 patienceM = 2 frameNumber = 256 nLocalPI = 17

0%   10   20   30   40   50   60   70   80   90   100%
|----|----|----|----|----|----|----|----|----|----|
***************************************************
change patienceM
time = 2448105029
area = 1448
delay = 46.9
write_blif appntk/c3540_101_0.0499902_1448_46.9.blif

round 102
seed = 1567396218 patienceN = 0 patienceM = 0 frameNumber = 256 nLocalPI = 16

0%   10   20   30   40   50   60   70   80   90   100%
|----|----|----|----|----|----|----|----|----|----|
***************************************************
change patienceM
time = 2458436367
area = 1439
delay = 48
write_blif appntk/c3540_102_0.0499902_1439_48.blif

round 103
seed = 1567396228 patienceN = 0 patienceM = 1 frameNumber = 256 nLocalPI = 16

0%   10   20   30   40   50   60   70   80   90   100%
|----|----|----|----|----|----|----|----|----|----|
***************************************************
change patienceM
time = 2468350096
area = 1440
delay = 45.5
write_blif appntk/c3540_103_0.0499902_1440_45.5.blif

round 104
seed = 1567396239 patienceN = 0 patienceM = 2 frameNumber = 256 nLocalPI = 16

0%   10   20   30   40   50   60   70   80   90   100%
|----|----|----|----|----|----|----|----|----|----|
***************************************************
change patienceM
time = 2477993333
area = 1429
delay = 46.9
write_blif appntk/c3540_104_0.0499902_1429_46.9.blif

round 105
seed = 1567396249 patienceN = 0 patienceM = 0 frameNumber = 256 nLocalPI = 15

0%   10   20   30   40   50   60   70   80   90   100%
|----|----|----|----|----|----|----|----|----|----|
***************************************************
change patienceM
time = 2487400407
area = 1442
delay = 48
write_blif appntk/c3540_105_0.0499902_1442_48.blif

round 106
seed = 1567396258 patienceN = 0 patienceM = 1 frameNumber = 256 nLocalPI = 15

0%   10   20   30   40   50   60   70   80   90   100%
|----|----|----|----|----|----|----|----|----|----|
***************************************************
change patienceM
time = 2496958369
area = 1442
delay = 45.5
write_blif appntk/c3540_106_0.0499902_1442_45.5.blif

round 107
seed = 1567396268 patienceN = 0 patienceM = 2 frameNumber = 256 nLocalPI = 15

0%   10   20   30   40   50   60   70   80   90   100%
|----|----|----|----|----|----|----|----|----|----|
***************************************************
change patienceM
time = 2506870053
area = 1444
delay = 46.9
write_blif appntk/c3540_107_0.0499902_1444_46.9.blif

round 108
seed = 1567396277 patienceN = 0 patienceM = 0 frameNumber = 256 nLocalPI = 14

0%   10   20   30   40   50   60   70   80   90   100%
|----|----|----|----|----|----|----|----|----|----|
***************************************************
change patienceM
time = 2516508987
area = 1439
delay = 48
write_blif appntk/c3540_108_0.0499902_1439_48.blif

round 109
seed = 1567396287 patienceN = 0 patienceM = 1 frameNumber = 256 nLocalPI = 14

0%   10   20   30   40   50   60   70   80   90   100%
|----|----|----|----|----|----|----|----|----|----|
***************************************************
change patienceM
time = 2525760471
area = 1442
delay = 45.5
write_blif appntk/c3540_109_0.0499902_1442_45.5.blif

round 110
seed = 1567396297 patienceN = 0 patienceM = 2 frameNumber = 256 nLocalPI = 14

0%   10   20   30   40   50   60   70   80   90   100%
|----|----|----|----|----|----|----|----|----|----|
***************************************************
change patienceM
time = 2535509467
area = 1444
delay = 45.5
write_blif appntk/c3540_110_0.0499902_1444_45.5.blif

round 111
seed = 1567396306 patienceN = 0 patienceM = 0 frameNumber = 256 nLocalPI = 13

0%   10   20   30   40   50   60   70   80   90   100%
|----|----|----|----|----|----|----|----|----|----|
***************************************************
change patienceM
time = 2544752116
area = 1439
delay = 48
write_blif appntk/c3540_111_0.0499902_1439_48.blif

round 112
seed = 1567396316 patienceN = 0 patienceM = 1 frameNumber = 256 nLocalPI = 13

0%   10   20   30   40   50   60   70   80   90   100%
|----|----|----|----|----|----|----|----|----|----|
***************************************************
change patienceM
time = 2553460276
area = 1435
delay = 46.9
write_blif appntk/c3540_112_0.0499902_1435_46.9.blif

round 113
seed = 1567396325 patienceN = 0 patienceM = 2 frameNumber = 256 nLocalPI = 13

0%   10   20   30   40   50   60   70   80   90   100%
|----|----|----|----|----|----|----|----|----|----|
***************************************************
change patienceM
time = 2562225776
area = 1448
delay = 46.9
write_blif appntk/c3540_113_0.0499902_1448_46.9.blif

round 114
seed = 1567396334 patienceN = 0 patienceM = 0 frameNumber = 256 nLocalPI = 12

0%   10   20   30   40   50   60   70   80   90   100%
|----|----|----|----|----|----|----|----|----|----|
***************************************************
change patienceM
time = 2571343548
area = 1440
delay = 48
write_blif appntk/c3540_114_0.0499902_1440_48.blif

round 115
seed = 1567396343 patienceN = 0 patienceM = 1 frameNumber = 256 nLocalPI = 12

0%   10   20   30   40   50   60   70   80   90   100%
|----|----|----|----|----|----|----|----|----|----|
***************************************************
change patienceM
time = 2580921113
area = 1438
delay = 46.9
write_blif appntk/c3540_115_0.0499902_1438_46.9.blif

round 116
seed = 1567396352 patienceN = 0 patienceM = 2 frameNumber = 256 nLocalPI = 12

0%   10   20   30   40   50   60   70   80   90   100%
|----|----|----|----|----|----|----|----|----|----|
***************************************************
change patienceM
time = 2589754284
area = 1445
delay = 46.9
write_blif appntk/c3540_116_0.0499902_1445_46.9.blif

round 117
seed = 1567396361 patienceN = 0 patienceM = 0 frameNumber = 256 nLocalPI = 11

0%   10   20   30   40   50   60   70   80   90   100%
|----|----|----|----|----|----|----|----|----|----|
***************************************************
change patienceM
time = 2598635260
area = 1442
delay = 48
write_blif appntk/c3540_117_0.0499902_1442_48.blif

round 118
seed = 1567396370 patienceN = 0 patienceM = 1 frameNumber = 256 nLocalPI = 11

0%   10   20   30   40   50   60   70   80   90   100%
|----|----|----|----|----|----|----|----|----|----|
***************************************************
change patienceM
time = 2607148143
area = 1442
delay = 45.5
write_blif appntk/c3540_118_0.0499902_1442_45.5.blif

round 119
seed = 1567396379 patienceN = 0 patienceM = 2 frameNumber = 256 nLocalPI = 11

0%   10   20   30   40   50   60   70   80   90   100%
|----|----|----|----|----|----|----|----|----|----|
***************************************************
change patienceM
time = 2615235021
area = 1446
delay = 46.9
write_blif appntk/c3540_119_0.0499902_1446_46.9.blif

round 120
seed = 1567396388 patienceN = 0 patienceM = 0 frameNumber = 256 nLocalPI = 10

0%   10   20   30   40   50   60   70   80   90   100%
|----|----|----|----|----|----|----|----|----|----|
***************************************************
change patienceM
time = 2623768623
area = 1439
delay = 48
write_blif appntk/c3540_120_0.0499902_1439_48.blif

round 121
seed = 1567396396 patienceN = 0 patienceM = 1 frameNumber = 256 nLocalPI = 10

0%   10   20   30   40   50   60   70   80   90   100%
|----|----|----|----|----|----|----|----|----|----|
***************************************************
change patienceM
time = 2632138916
area = 1443
delay = 46.9
write_blif appntk/c3540_121_0.0499902_1443_46.9.blif

round 122
seed = 1567396404 patienceN = 0 patienceM = 2 frameNumber = 256 nLocalPI = 10

0%   10   20   30   40   50   60   70   80   90   100%
|----|----|----|----|----|----|----|----|----|----|
***************************************************
change patienceM
time = 2639970445
area = 1444
delay = 45.5
write_blif appntk/c3540_122_0.0499902_1444_45.5.blif

round 123
seed = 1567396413 patienceN = 0 patienceM = 0 frameNumber = 256 nLocalPI = 9

0%   10   20   30   40   50   60   70   80   90   100%
|----|----|----|----|----|----|----|----|----|----|
***************************************************
change patienceM
time = 2648225661
area = 1439
delay = 48
write_blif appntk/c3540_123_0.0499902_1439_48.blif

round 124
seed = 1567396420 patienceN = 0 patienceM = 1 frameNumber = 256 nLocalPI = 9

0%   10   20   30   40   50   60   70   80   90   100%
|----|----|----|----|----|----|----|----|----|----|
***************************************************
change patienceM
time = 2656453902
area = 1434
delay = 46.9
write_blif appntk/c3540_124_0.0499902_1434_46.9.blif

round 125
seed = 1567396429 patienceN = 0 patienceM = 2 frameNumber = 256 nLocalPI = 9

0%   10   20   30   40   50   60   70   80   90   100%
|----|----|----|----|----|----|----|----|----|----|
***************************************************
change patienceM
time = 2664469736
area = 1444
delay = 46.9
write_blif appntk/c3540_125_0.0499902_1444_46.9.blif

round 126
seed = 1567396437 patienceN = 0 patienceM = 0 frameNumber = 256 nLocalPI = 8

0%   10   20   30   40   50   60   70   80   90   100%
|----|----|----|----|----|----|----|----|----|----|
***************************************************
change patienceM
time = 2672661340
area = 1439
delay = 48
write_blif appntk/c3540_126_0.0499902_1439_48.blif

round 127
seed = 1567396445 patienceN = 0 patienceM = 1 frameNumber = 256 nLocalPI = 8

0%   10   20   30   40   50   60   70   80   90   100%
|----|----|----|----|----|----|----|----|----|----|
***************************************************
change patienceM
time = 2680847169
area = 1438
delay = 46.9
write_blif appntk/c3540_127_0.0499902_1438_46.9.blif

round 128
seed = 1567396453 patienceN = 0 patienceM = 2 frameNumber = 256 nLocalPI = 8

0%   10   20   30   40   50   60   70   80   90   100%
|----|----|----|----|----|----|----|----|----|----|
***************************************************
change patienceM
time = 2688712220
area = 1444
delay = 46.9
write_blif appntk/c3540_128_0.0499902_1444_46.9.blif

round 129
seed = 1567396461 patienceN = 0 patienceM = 0 frameNumber = 256 nLocalPI = 7

0%   10   20   30   40   50   60   70   80   90   100%
|----|----|----|----|----|----|----|----|----|----|
***************************************************
change patienceM
time = 2696511875
area = 1440
delay = 48
write_blif appntk/c3540_129_0.0499902_1440_48.blif

round 130
seed = 1567396469 patienceN = 0 patienceM = 1 frameNumber = 256 nLocalPI = 7

0%   10   20   30   40   50   60   70   80   90   100%
|----|----|----|----|----|----|----|----|----|----|
***************************************************
change patienceM
time = 2704286029
area = 1442
delay = 45.5
write_blif appntk/c3540_130_0.0499902_1442_45.5.blif

round 131
seed = 1567396477 patienceN = 0 patienceM = 2 frameNumber = 256 nLocalPI = 7

0%   10   20   30   40   50   60   70   80   90   100%
|----|----|----|----|----|----|----|----|----|----|
***************************************************
change patienceM
time = 2711686381
area = 1447
delay = 46.9
write_blif appntk/c3540_131_0.0499902_1447_46.9.blif

round 132
seed = 1567396485 patienceN = 0 patienceM = 0 frameNumber = 256 nLocalPI = 6

0%   10   20   30   40   50   60   70   80   90   100%
|----|----|----|----|----|----|----|----|----|----|
***************************************************
change patienceM
time = 2718957083
area = 1439
delay = 48
write_blif appntk/c3540_132_0.0499902_1439_48.blif

round 133
seed = 1567396492 patienceN = 0 patienceM = 1 frameNumber = 256 nLocalPI = 6

0%   10   20   30   40   50   60   70   80   90   100%
|----|----|----|----|----|----|----|----|----|----|
***************************************************
change patienceM
time = 2726262688
area = 1442
delay = 45.5
write_blif appntk/c3540_133_0.0499902_1442_45.5.blif

round 134
seed = 1567396499 patienceN = 0 patienceM = 2 frameNumber = 256 nLocalPI = 6

0%   10   20   30   40   50   60   70   80   90   100%
|----|----|----|----|----|----|----|----|----|----|
***************************************************
change patienceM
time = 2733745178
area = 1444
delay = 45.5
write_blif appntk/c3540_134_0.0499902_1444_45.5.blif

round 135
seed = 1567396507 patienceN = 0 patienceM = 0 frameNumber = 256 nLocalPI = 5

0%   10   20   30   40   50   60   70   80   90   100%
|----|----|----|----|----|----|----|----|----|----|
***************************************************
best node n576 best error 0.0505957
time = 2740688490
