Entered genlib library with 23 gates from file "data/genlib/mcnc.genlib".
Line 20: Skipping line ".default_input_arrival 0.00 0.00 ".
Line 21: Skipping line ".default_output_required 0.00 0.00 ".
Line 22: Skipping line ".default_input_drive 0.10 0.10 ".
Line 23: Skipping line ".default_output_load 2.00 ".
Line 24: Skipping line ".default_max_input_load 999.00 ".
Original area = 2451, original delay = 47.5

round 0
seed = 0 patienceN = 0 patienceM = 0 frameNumber = 1024 nLocalPI = 30

0%   10   20   30   40   50   60   70   80   90   100%
|----|----|----|----|----|----|----|----|----|----|
***************************************************
best node 2054 best error 0
time = 229704728
area = 2230
delay = 32.4
write_blif appntk/c5315_0_0_2230_32.4.blif

round 1
seed = 1567393778 patienceN = 0 patienceM = 0 frameNumber = 1024 nLocalPI = 30

0%   10   20   30   40   50   60   70   80   90   100%
|----|----|----|----|----|----|----|----|----|----|
***************************************************
best node n725 best error 0.000947266
time = 411414137
area = 2215
delay = 36.4
write_blif appntk/c5315_1_0.000947266_2215_36.4.blif

round 2
seed = 1567394008 patienceN = 0 patienceM = 0 frameNumber = 1024 nLocalPI = 30

0%   10   20   30   40   50   60   70   80   90   100%
|----|----|----|----|----|----|----|----|----|----|
***************************************************
best node n1097 best error 0.00176758
time = 568453985
area = 2205
delay = 35.8
write_blif appntk/c5315_2_0.00176758_2205_35.8.blif

round 3
seed = 1567394191 patienceN = 0 patienceM = 0 frameNumber = 1024 nLocalPI = 30

0%   10   20   30   40   50   60   70   80   90   100%
|----|----|----|----|----|----|----|----|----|----|
***************************************************
best node n914 best error 0.00272461
time = 718889184
area = 2197
delay = 34
write_blif appntk/c5315_3_0.00272461_2197_34.blif

round 4
seed = 1567394348 patienceN = 0 patienceM = 0 frameNumber = 1024 nLocalPI = 30

0%   10   20   30   40   50   60   70   80   90   100%
|----|----|----|----|----|----|----|----|----|----|
***************************************************
best node n554 best error 0.00461914
time = 866714822
area = 2173
delay = 35.1
write_blif appntk/c5315_4_0.00461914_2173_35.1.blif

round 5
seed = 1567394499 patienceN = 0 patienceM = 0 frameNumber = 1024 nLocalPI = 30

0%   10   20   30   40   50   60   70   80   90   100%
|----|----|----|----|----|----|----|----|----|----|
***************************************************
best node n1080 best error 0.00557617
time = 1018021449
area = 2183
delay = 34.6
write_blif appntk/c5315_5_0.00557617_2183_34.6.blif

round 6
seed = 1567394647 patienceN = 0 patienceM = 0 frameNumber = 1024 nLocalPI = 30

0%   10   20   30   40   50   60   70   80   90   100%
|----|----|----|----|----|----|----|----|----|----|
***************************************************
best node n543 best error 0.00657227
time = 1167958011
area = 2170
delay = 35.5
write_blif appntk/c5315_6_0.00657227_2170_35.5.blif

round 7
seed = 1567394798 patienceN = 0 patienceM = 0 frameNumber = 1024 nLocalPI = 30

0%   10   20   30   40   50   60   70   80   90   100%
|----|----|----|----|----|----|----|----|----|----|
***************************************************
best node n887 best error 0.00777344
time = 1320308942
area = 2167
delay = 35.9
write_blif appntk/c5315_7_0.00777344_2167_35.9.blif

round 8
seed = 1567394948 patienceN = 0 patienceM = 0 frameNumber = 1024 nLocalPI = 30

0%   10   20   30   40   50   60   70   80   90   100%
|----|----|----|----|----|----|----|----|----|----|
***************************************************
change patienceN
time = 1468500156
area = 2170
delay = 35.9
write_blif appntk/c5315_8_0.00777344_2170_35.9.blif

round 9
seed = 1567395100 patienceN = 1 patienceM = 0 frameNumber = 1024 nLocalPI = 30

0%   10   20   30   40   50   60   70   80   90   100%
|----|----|----|----|----|----|----|----|----|----|
***************************************************
change patienceN
time = 1614201914
area = 2161
delay = 35.9
write_blif appntk/c5315_9_0.00777344_2161_35.9.blif

round 10
seed = 1567395248 patienceN = 2 patienceM = 0 frameNumber = 1024 nLocalPI = 30

0%   10   20   30   40   50   60   70   80   90   100%
|----|----|----|----|----|----|----|----|----|----|
***************************************************
best node n1042 best error 0.00824219
time = 1762176096
area = 2158
delay = 35.5
write_blif appntk/c5315_10_0.00824219_2158_35.5.blif

round 11
seed = 1567395394 patienceN = 0 patienceM = 0 frameNumber = 1024 nLocalPI = 30

0%   10   20   30   40   50   60   70   80   90   100%
|----|----|----|----|----|----|----|----|----|----|
***************************************************
change patienceN
time = 1907989913
area = 2155
delay = 35.9
write_blif appntk/c5315_11_0.00824219_2155_35.9.blif

round 12
seed = 1567395542 patienceN = 1 patienceM = 0 frameNumber = 1024 nLocalPI = 30

0%   10   20   30   40   50   60   70   80   90   100%
|----|----|----|----|----|----|----|----|----|----|
***************************************************
change patienceN
time = 2053469062
area = 2152
delay = 35.5
write_blif appntk/c5315_12_0.00824219_2152_35.5.blif

round 13
seed = 1567395688 patienceN = 2 patienceM = 0 frameNumber = 1024 nLocalPI = 30

0%   10   20   30   40   50   60   70   80   90   100%
|----|----|----|----|----|----|----|----|----|----|
***************************************************
change patienceN
time = 2199842938
area = 2154
delay = 35.5
write_blif appntk/c5315_13_0.00824219_2154_35.5.blif

round 14
seed = 1567395834 patienceN = 0 patienceM = 0 frameNumber = 512 nLocalPI = 30

0%   10   20   30   40   50   60   70   80   90   100%
|----|----|----|----|----|----|----|----|----|----|
***************************************************
change patienceN
time = 2275300179
area = 2156
delay = 35.9
write_blif appntk/c5315_14_0.00824219_2156_35.9.blif

round 15
seed = 1567395980 patienceN = 1 patienceM = 0 frameNumber = 512 nLocalPI = 30

0%   10   20   30   40   50   60   70   80   90   100%
|----|----|----|----|----|----|----|----|----|----|
***************************************************
change patienceN
time = 2350977411
area = 2155
delay = 35.9
write_blif appntk/c5315_15_0.00824219_2155_35.9.blif

round 16
seed = 1567396055 patienceN = 2 patienceM = 0 frameNumber = 512 nLocalPI = 30

0%   10   20   30   40   50   60   70   80   90   100%
|----|----|----|----|----|----|----|----|----|----|
***************************************************
change patienceN
time = 2426960497
area = 2159
delay = 35.5
write_blif appntk/c5315_16_0.00824219_2159_35.5.blif

round 17
seed = 1567396131 patienceN = 0 patienceM = 0 frameNumber = 256 nLocalPI = 30

0%   10   20   30   40   50   60   70   80   90   100%
|----|----|----|----|----|----|----|----|----|----|
***************************************************
best node n734 best error 0.0158203
time = 2467750549
area = 2150
delay = 35.6
write_blif appntk/c5315_17_0.0158203_2150_35.6.blif

round 18
seed = 1567396207 patienceN = 0 patienceM = 0 frameNumber = 256 nLocalPI = 30

0%   10   20   30   40   50   60   70   80   90   100%
|----|----|----|----|----|----|----|----|----|----|
***************************************************
best node n1445 best error 0.0169629
time = 2508323149
area = 2149
delay = 36
write_blif appntk/c5315_18_0.0169629_2149_36.blif

round 19
seed = 1567396248 patienceN = 0 patienceM = 0 frameNumber = 256 nLocalPI = 30

0%   10   20   30   40   50   60   70   80   90   100%
|----|----|----|----|----|----|----|----|----|----|
***************************************************
best node n1295 best error 0.0200879
time = 2548954492
area = 2146
delay = 36.3
write_blif appntk/c5315_19_0.0200879_2146_36.3.blif

round 20
seed = 1567396289 patienceN = 0 patienceM = 0 frameNumber = 256 nLocalPI = 30

0%   10   20   30   40   50   60   70   80   90   100%
|----|----|----|----|----|----|----|----|----|----|
***************************************************
change patienceN
time = 2589025006
area = 2148
delay = 35.9
write_blif appntk/c5315_20_0.0200879_2148_35.9.blif

round 21
seed = 1567396329 patienceN = 1 patienceM = 0 frameNumber = 256 nLocalPI = 30

0%   10   20   30   40   50   60   70   80   90   100%
|----|----|----|----|----|----|----|----|----|----|
***************************************************
best node n492 best error 0.0321289
time = 2629530127
area = 2144
delay = 35.9
write_blif appntk/c5315_21_0.0321289_2144_35.9.blif

round 22
seed = 1567396369 patienceN = 0 patienceM = 0 frameNumber = 256 nLocalPI = 30

0%   10   20   30   40   50   60   70   80   90   100%
|----|----|----|----|----|----|----|----|----|----|
***************************************************
change patienceN
time = 2669168843
area = 2153
delay = 36.3
write_blif appntk/c5315_22_0.0321289_2153_36.3.blif

round 23
seed = 1567396410 patienceN = 1 patienceM = 0 frameNumber = 256 nLocalPI = 30

0%   10   20   30   40   50   60   70   80   90   100%
|----|----|----|----|----|----|----|----|----|----|
***************************************************
best node n1284 best error 0.0333496
time = 2708850883
area = 2143
delay = 36.3
write_blif appntk/c5315_23_0.0333496_2143_36.3.blif

round 24
seed = 1567396449 patienceN = 0 patienceM = 0 frameNumber = 256 nLocalPI = 30

0%   10   20   30   40   50   60   70   80   90   100%
|----|----|----|----|----|----|----|----|----|----|
***************************************************
change patienceN
time = 2748278465
area = 2139
delay = 35.9
write_blif appntk/c5315_24_0.0333496_2139_35.9.blif

round 25
seed = 1567396489 patienceN = 1 patienceM = 0 frameNumber = 256 nLocalPI = 30

0%   10   20   30   40   50   60   70   80   90   100%
|----|----|----|----|----|----|----|----|----|----|
***************************************************
change patienceN
time = 2787785460
area = 2143
delay = 35.9
write_blif appntk/c5315_25_0.0333496_2143_35.9.blif

round 26
seed = 1567396529 patienceN = 2 patienceM = 0 frameNumber = 256 nLocalPI = 30

0%   10   20   30   40   50   60   70   80   90   100%
|----|----|----|----|----|----|----|----|----|----|
***************************************************
change patienceN
time = 2827221268
area = 2142
delay = 36.3
write_blif appntk/c5315_26_0.0333496_2142_36.3.blif

round 27
seed = 1567396568 patienceN = 0 patienceM = 0 frameNumber = 128 nLocalPI = 30

0%   10   20   30   40   50   60   70   80   90   100%
|----|----|----|----|----|----|----|----|----|----|
***************************************************
best node n748 best error 0.0399902
time = 2850044842
area = 2136
delay = 36.3
write_blif appntk/c5315_27_0.0399902_2136_36.3.blif

round 28
seed = 1567396608 patienceN = 0 patienceM = 0 frameNumber = 128 nLocalPI = 30

0%   10   20   30   40   50   60   70   80   90   100%
|----|----|----|----|----|----|----|----|----|----|
***************************************************
change patienceM
time = 2872529354
area = 2134
delay = 35.9
write_blif appntk/c5315_28_0.0399902_2134_35.9.blif

round 29
seed = 1567396630 patienceN = 0 patienceM = 1 frameNumber = 128 nLocalPI = 30

0%   10   20   30   40   50   60   70   80   90   100%
|----|----|----|----|----|----|----|----|----|----|
***************************************************
change patienceM
time = 2894286128
area = 2134
delay = 35.9
write_blif appntk/c5315_29_0.0399902_2134_35.9.blif

round 30
seed = 1567396653 patienceN = 0 patienceM = 2 frameNumber = 128 nLocalPI = 30

0%   10   20   30   40   50   60   70   80   90   100%
|----|----|----|----|----|----|----|----|----|----|
***************************************************
change patienceM
time = 2916113887
area = 2134
delay = 36.3
write_blif appntk/c5315_30_0.0399902_2134_36.3.blif

round 31
seed = 1567396675 patienceN = 0 patienceM = 0 frameNumber = 128 nLocalPI = 29

0%   10   20   30   40   50   60   70   80   90   100%
|----|----|----|----|----|----|----|----|----|----|
***************************************************
change patienceM
time = 2937682349
area = 2134
delay = 36.3
write_blif appntk/c5315_31_0.0399902_2134_36.3.blif

round 32
seed = 1567396696 patienceN = 0 patienceM = 1 frameNumber = 128 nLocalPI = 29

0%   10   20   30   40   50   60   70   80   90   100%
|----|----|----|----|----|----|----|----|----|----|
***************************************************
change patienceM
time = 2959040839
area = 2128
delay = 35.9
write_blif appntk/c5315_32_0.0399902_2128_35.9.blif

round 33
seed = 1567396718 patienceN = 0 patienceM = 2 frameNumber = 128 nLocalPI = 29

0%   10   20   30   40   50   60   70   80   90   100%
|----|----|----|----|----|----|----|----|----|----|
***************************************************
best node n1279 best error 0.0443945
time = 2981831549
area = 2129
delay = 35.7
write_blif appntk/c5315_33_0.0443945_2129_35.7.blif

round 34
seed = 1567396739 patienceN = 0 patienceM = 0 frameNumber = 128 nLocalPI = 29

0%   10   20   30   40   50   60   70   80   90   100%
|----|----|----|----|----|----|----|----|----|----|
***************************************************
best node n1274 best error 0.0478516
time = 3003305033
area = 2134
delay = 36
write_blif appntk/c5315_34_0.0478516_2134_36.blif

round 35
seed = 1567396762 patienceN = 0 patienceM = 0 frameNumber = 128 nLocalPI = 29

0%   10   20   30   40   50   60   70   80   90   100%
|----|----|----|----|----|----|----|----|----|----|
***************************************************
change patienceM
time = 3024643145
area = 2126
delay = 35.9
write_blif appntk/c5315_35_0.0478516_2126_35.9.blif

round 36
seed = 1567396784 patienceN = 0 patienceM = 1 frameNumber = 128 nLocalPI = 29

0%   10   20   30   40   50   60   70   80   90   100%
|----|----|----|----|----|----|----|----|----|----|
***************************************************
change patienceM
time = 3045965665
area = 2122
delay = 35.6
write_blif appntk/c5315_36_0.0478516_2122_35.6.blif

round 37
seed = 1567396805 patienceN = 0 patienceM = 2 frameNumber = 128 nLocalPI = 29

0%   10   20   30   40   50   60   70   80   90   100%
|----|----|----|----|----|----|----|----|----|----|
***************************************************
best node n1432 best error 0.0484766
time = 3067889744
area = 2126
delay = 35.5
write_blif appntk/c5315_37_0.0484766_2126_35.5.blif

round 38
seed = 1567396826 patienceN = 0 patienceM = 0 frameNumber = 128 nLocalPI = 29

0%   10   20   30   40   50   60   70   80   90   100%
|----|----|----|----|----|----|----|----|----|----|
***************************************************
change patienceM
time = 3089405370
area = 2118
delay = 36
write_blif appntk/c5315_38_0.0484766_2118_36.blif

round 39
seed = 1567396848 patienceN = 0 patienceM = 1 frameNumber = 128 nLocalPI = 29

0%   10   20   30   40   50   60   70   80   90   100%
|----|----|----|----|----|----|----|----|----|----|
***************************************************
change patienceN
time = 3110322770
area = 2122
delay = 35.9
write_blif appntk/c5315_39_0.0484766_2122_35.9.blif

round 40
seed = 1567396870 patienceN = 1 patienceM = 1 frameNumber = 128 nLocalPI = 29

0%   10   20   30   40   50   60   70   80   90   100%
|----|----|----|----|----|----|----|----|----|----|
***************************************************
change patienceN
time = 3131401815
area = 2124
delay = 35.6
write_blif appntk/c5315_40_0.0484766_2124_35.6.blif

round 41
seed = 1567396891 patienceN = 2 patienceM = 1 frameNumber = 128 nLocalPI = 29

0%   10   20   30   40   50   60   70   80   90   100%
|----|----|----|----|----|----|----|----|----|----|
***************************************************
change patienceM
time = 3152759992
area = 2123
delay = 35.5
write_blif appntk/c5315_41_0.0484766_2123_35.5.blif

round 42
seed = 1567396912 patienceN = 2 patienceM = 2 frameNumber = 128 nLocalPI = 29

0%   10   20   30   40   50   60   70   80   90   100%
|----|----|----|----|----|----|----|----|----|----|
***************************************************
change patienceM
time = 3173976276
area = 2121
delay = 36
write_blif appntk/c5315_42_0.0484766_2121_36.blif

round 43
seed = 1567396933 patienceN = 0 patienceM = 0 frameNumber = 128 nLocalPI = 28

0%   10   20   30   40   50   60   70   80   90   100%
|----|----|----|----|----|----|----|----|----|----|
***************************************************
change patienceN
time = 3194660588
area = 2122
delay = 35.9
write_blif appntk/c5315_43_0.0484766_2122_35.9.blif

round 44
seed = 1567396954 patienceN = 1 patienceM = 0 frameNumber = 128 nLocalPI = 28

0%   10   20   30   40   50   60   70   80   90   100%
|----|----|----|----|----|----|----|----|----|----|
***************************************************
change patienceM
time = 3215853337
area = 2117
delay = 35.6
write_blif appntk/c5315_44_0.0484766_2117_35.6.blif

round 45
seed = 1567396975 patienceN = 1 patienceM = 1 frameNumber = 128 nLocalPI = 28

0%   10   20   30   40   50   60   70   80   90   100%
|----|----|----|----|----|----|----|----|----|----|
***************************************************
change patienceM
time = 3236835937
area = 2122
delay = 35.5
write_blif appntk/c5315_45_0.0484766_2122_35.5.blif

round 46
seed = 1567396996 patienceN = 1 patienceM = 2 frameNumber = 128 nLocalPI = 28

0%   10   20   30   40   50   60   70   80   90   100%
|----|----|----|----|----|----|----|----|----|----|
***************************************************
change patienceM
time = 3257766758
area = 2124
delay = 36
write_blif appntk/c5315_46_0.0484766_2124_36.blif

round 47
seed = 1567397017 patienceN = 0 patienceM = 0 frameNumber = 128 nLocalPI = 27

0%   10   20   30   40   50   60   70   80   90   100%
|----|----|----|----|----|----|----|----|----|----|
***************************************************
change patienceM
time = 3278278046
area = 2124
delay = 35.9
write_blif appntk/c5315_47_0.0484766_2124_35.9.blif

round 48
seed = 1567397038 patienceN = 0 patienceM = 1 frameNumber = 128 nLocalPI = 27

0%   10   20   30   40   50   60   70   80   90   100%
|----|----|----|----|----|----|----|----|----|----|
***************************************************
change patienceM
time = 3298794667
area = 2114
delay = 35.6
write_blif appntk/c5315_48_0.0484766_2114_35.6.blif

round 49
seed = 1567397059 patienceN = 0 patienceM = 2 frameNumber = 128 nLocalPI = 27

0%   10   20   30   40   50   60   70   80   90   100%
|----|----|----|----|----|----|----|----|----|----|
***************************************************
change patienceM
time = 3319635887
area = 2123
delay = 35.5
write_blif appntk/c5315_49_0.0484766_2123_35.5.blif

round 50
seed = 1567397079 patienceN = 0 patienceM = 0 frameNumber = 128 nLocalPI = 26

0%   10   20   30   40   50   60   70   80   90   100%
|----|----|----|----|----|----|----|----|----|----|
***************************************************
change patienceM
time = 3339815986
area = 2122
delay = 36
write_blif appntk/c5315_50_0.0484766_2122_36.blif

round 51
seed = 1567397100 patienceN = 0 patienceM = 1 frameNumber = 128 nLocalPI = 26

0%   10   20   30   40   50   60   70   80   90   100%
|----|----|----|----|----|----|----|----|----|----|
***************************************************
change patienceM
time = 3359959086
area = 2122
delay = 35.9
write_blif appntk/c5315_51_0.0484766_2122_35.9.blif

round 52
seed = 1567397120 patienceN = 0 patienceM = 2 frameNumber = 128 nLocalPI = 26

0%   10   20   30   40   50   60   70   80   90   100%
|----|----|----|----|----|----|----|----|----|----|
***************************************************
change patienceM
time = 3380519589
area = 2123
delay = 35.6
write_blif appntk/c5315_52_0.0484766_2123_35.6.blif

round 53
seed = 1567397140 patienceN = 0 patienceM = 0 frameNumber = 128 nLocalPI = 25

0%   10   20   30   40   50   60   70   80   90   100%
|----|----|----|----|----|----|----|----|----|----|
***************************************************
change patienceM
time = 3400855643
area = 2124
delay = 35.5
write_blif appntk/c5315_53_0.0484766_2124_35.5.blif

round 54
seed = 1567397161 patienceN = 0 patienceM = 1 frameNumber = 128 nLocalPI = 25

0%   10   20   30   40   50   60   70   80   90   100%
|----|----|----|----|----|----|----|----|----|----|
***************************************************
change patienceM
time = 3420622994
area = 2119
delay = 36
write_blif appntk/c5315_54_0.0484766_2119_36.blif

round 55
seed = 1567397181 patienceN = 0 patienceM = 2 frameNumber = 128 nLocalPI = 25

0%   10   20   30   40   50   60   70   80   90   100%
|----|----|----|----|----|----|----|----|----|----|
***************************************************
change patienceM
time = 3440344414
area = 2123
delay = 35.9
write_blif appntk/c5315_55_0.0484766_2123_35.9.blif

round 56
seed = 1567397201 patienceN = 0 patienceM = 0 frameNumber = 128 nLocalPI = 24

0%   10   20   30   40   50   60   70   80   90   100%
|----|----|----|----|----|----|----|----|----|----|
***************************************************
change patienceN
time = 3459411317
area = 2115
delay = 35.6
write_blif appntk/c5315_56_0.0484766_2115_35.6.blif

round 57
seed = 1567397221 patienceN = 1 patienceM = 0 frameNumber = 128 nLocalPI = 24

0%   10   20   30   40   50   60   70   80   90   100%
|----|----|----|----|----|----|----|----|----|----|
***************************************************
change patienceM
time = 3479097386
area = 2124
delay = 35.5
write_blif appntk/c5315_57_0.0484766_2124_35.5.blif

round 58
seed = 1567397240 patienceN = 1 patienceM = 1 frameNumber = 128 nLocalPI = 24

0%   10   20   30   40   50   60   70   80   90   100%
|----|----|----|----|----|----|----|----|----|----|
***************************************************
change patienceM
time = 3498845579
area = 2126
delay = 36
write_blif appntk/c5315_58_0.0484766_2126_36.blif

round 59
seed = 1567397260 patienceN = 1 patienceM = 2 frameNumber = 128 nLocalPI = 24

0%   10   20   30   40   50   60   70   80   90   100%
|----|----|----|----|----|----|----|----|----|----|
***************************************************
change patienceM
time = 3518530561
area = 2123
delay = 35.9
write_blif appntk/c5315_59_0.0484766_2123_35.9.blif

round 60
seed = 1567397279 patienceN = 0 patienceM = 0 frameNumber = 128 nLocalPI = 23

0%   10   20   30   40   50   60   70   80   90   100%
|----|----|----|----|----|----|----|----|----|----|
***************************************************
change patienceN
time = 3537282299
area = 2117
delay = 35.6
write_blif appntk/c5315_60_0.0484766_2117_35.6.blif

round 61
seed = 1567397299 patienceN = 1 patienceM = 0 frameNumber = 128 nLocalPI = 23

0%   10   20   30   40   50   60   70   80   90   100%
|----|----|----|----|----|----|----|----|----|----|
***************************************************
change patienceM
time = 3556460713
area = 2123
delay = 35.5
write_blif appntk/c5315_61_0.0484766_2123_35.5.blif

round 62
seed = 1567397318 patienceN = 1 patienceM = 1 frameNumber = 128 nLocalPI = 23

0%   10   20   30   40   50   60   70   80   90   100%
|----|----|----|----|----|----|----|----|----|----|
***************************************************
change patienceM
time = 3575313063
area = 2118
delay = 36
write_blif appntk/c5315_62_0.0484766_2118_36.blif

round 63
seed = 1567397337 patienceN = 1 patienceM = 2 frameNumber = 128 nLocalPI = 23

0%   10   20   30   40   50   60   70   80   90   100%
|----|----|----|----|----|----|----|----|----|----|
***************************************************
change patienceM
time = 3594017420
area = 2121
delay = 35.9
write_blif appntk/c5315_63_0.0484766_2121_35.9.blif

round 64
seed = 1567397356 patienceN = 0 patienceM = 0 frameNumber = 128 nLocalPI = 22

0%   10   20   30   40   50   60   70   80   90   100%
|----|----|----|----|----|----|----|----|----|----|
***************************************************
change patienceM
time = 3613456848
area = 2123
delay = 35.6
write_blif appntk/c5315_64_0.0484766_2123_35.6.blif

round 65
seed = 1567397375 patienceN = 0 patienceM = 1 frameNumber = 128 nLocalPI = 22

0%   10   20   30   40   50   60   70   80   90   100%
|----|----|----|----|----|----|----|----|----|----|
***************************************************
change patienceM
time = 3633331214
area = 2122
delay = 35.5
write_blif appntk/c5315_65_0.0484766_2122_35.5.blif

round 66
seed = 1567397394 patienceN = 0 patienceM = 2 frameNumber = 128 nLocalPI = 22

0%   10   20   30   40   50   60   70   80   90   100%
|----|----|----|----|----|----|----|----|----|----|
***************************************************
change patienceM
time = 3652723903
area = 2121
delay = 36
write_blif appntk/c5315_66_0.0484766_2121_36.blif

round 67
seed = 1567397414 patienceN = 0 patienceM = 0 frameNumber = 128 nLocalPI = 21

0%   10   20   30   40   50   60   70   80   90   100%
|----|----|----|----|----|----|----|----|----|----|
***************************************************
change patienceM
time = 3671032001
area = 2123
delay = 35.9
write_blif appntk/c5315_67_0.0484766_2123_35.9.blif

round 68
seed = 1567397433 patienceN = 0 patienceM = 1 frameNumber = 128 nLocalPI = 21

0%   10   20   30   40   50   60   70   80   90   100%
|----|----|----|----|----|----|----|----|----|----|
***************************************************
change patienceM
time = 3689337792
area = 2115
delay = 35.6
write_blif appntk/c5315_68_0.0484766_2115_35.6.blif

round 69
seed = 1567397452 patienceN = 0 patienceM = 2 frameNumber = 128 nLocalPI = 21

0%   10   20   30   40   50   60   70   80   90   100%
|----|----|----|----|----|----|----|----|----|----|
***************************************************
change patienceM
time = 3707523626
area = 2123
delay = 35.5
write_blif appntk/c5315_69_0.0484766_2123_35.5.blif

round 70
seed = 1567397470 patienceN = 0 patienceM = 0 frameNumber = 128 nLocalPI = 20

0%   10   20   30   40   50   60   70   80   90   100%
|----|----|----|----|----|----|----|----|----|----|
***************************************************
change patienceM
time = 3725679776
area = 2125
delay = 36
write_blif appntk/c5315_70_0.0484766_2125_36.blif

round 71
seed = 1567397488 patienceN = 0 patienceM = 1 frameNumber = 128 nLocalPI = 20

0%   10   20   30   40   50   60   70   80   90   100%
|----|----|----|----|----|----|----|----|----|----|
***************************************************
change patienceM
time = 3743564881
area = 2123
delay = 35.9
write_blif appntk/c5315_71_0.0484766_2123_35.9.blif

round 72
seed = 1567397506 patienceN = 0 patienceM = 2 frameNumber = 128 nLocalPI = 20

0%   10   20   30   40   50   60   70   80   90   100%
|----|----|----|----|----|----|----|----|----|----|
***************************************************
change patienceM
time = 3761255340
area = 2115
delay = 35.6
write_blif appntk/c5315_72_0.0484766_2115_35.6.blif

round 73
seed = 1567397524 patienceN = 0 patienceM = 0 frameNumber = 128 nLocalPI = 19

0%   10   20   30   40   50   60   70   80   90   100%
|----|----|----|----|----|----|----|----|----|----|
***************************************************
change patienceM
time = 3778732548
area = 2123
delay = 35.5
write_blif appntk/c5315_73_0.0484766_2123_35.5.blif

round 74
seed = 1567397542 patienceN = 0 patienceM = 1 frameNumber = 128 nLocalPI = 19

0%   10   20   30   40   50   60   70   80   90   100%
|----|----|----|----|----|----|----|----|----|----|
***************************************************
change patienceN
time = 3795769107
area = 2122
delay = 36
write_blif appntk/c5315_74_0.0484766_2122_36.blif

round 75
seed = 1567397560 patienceN = 1 patienceM = 1 frameNumber = 128 nLocalPI = 19

0%   10   20   30   40   50   60   70   80   90   100%
|----|----|----|----|----|----|----|----|----|----|
***************************************************
change patienceM
time = 3812938498
area = 2120
delay = 35.9
write_blif appntk/c5315_75_0.0484766_2120_35.9.blif

round 76
seed = 1567397577 patienceN = 1 patienceM = 2 frameNumber = 128 nLocalPI = 19

0%   10   20   30   40   50   60   70   80   90   100%
|----|----|----|----|----|----|----|----|----|----|
***************************************************
change patienceM
time = 3830170533
area = 2123
delay = 35.6
write_blif appntk/c5315_76_0.0484766_2123_35.6.blif

round 77
seed = 1567397594 patienceN = 0 patienceM = 0 frameNumber = 128 nLocalPI = 18

0%   10   20   30   40   50   60   70   80   90   100%
|----|----|----|----|----|----|----|----|----|----|
***************************************************
change patienceN
time = 3846720512
area = 2126
delay = 35.5
write_blif appntk/c5315_77_0.0484766_2126_35.5.blif

round 78
seed = 1567397611 patienceN = 1 patienceM = 0 frameNumber = 128 nLocalPI = 18

0%   10   20   30   40   50   60   70   80   90   100%
|----|----|----|----|----|----|----|----|----|----|
***************************************************
change patienceN
time = 3863298553
area = 2117
delay = 36
write_blif appntk/c5315_78_0.0484766_2117_36.blif

round 79
seed = 1567397628 patienceN = 2 patienceM = 0 frameNumber = 128 nLocalPI = 18

0%   10   20   30   40   50   60   70   80   90   100%
|----|----|----|----|----|----|----|----|----|----|
***************************************************
change patienceM
time = 3880014038
area = 2123
delay = 35.9
write_blif appntk/c5315_79_0.0484766_2123_35.9.blif

round 80
seed = 1567397644 patienceN = 2 patienceM = 1 frameNumber = 128 nLocalPI = 18

0%   10   20   30   40   50   60   70   80   90   100%
|----|----|----|----|----|----|----|----|----|----|
***************************************************
change patienceM
time = 3896760277
area = 2116
delay = 35.6
write_blif appntk/c5315_80_0.0484766_2116_35.6.blif

round 81
seed = 1567397661 patienceN = 2 patienceM = 2 frameNumber = 128 nLocalPI = 18

0%   10   20   30   40   50   60   70   80   90   100%
|----|----|----|----|----|----|----|----|----|----|
***************************************************
change patienceM
time = 3913798314
area = 2121
delay = 35.5
write_blif appntk/c5315_81_0.0484766_2121_35.5.blif

round 82
seed = 1567397678 patienceN = 0 patienceM = 0 frameNumber = 128 nLocalPI = 17

0%   10   20   30   40   50   60   70   80   90   100%
|----|----|----|----|----|----|----|----|----|----|
***************************************************
change patienceM
time = 3931095326
area = 2127
delay = 36
write_blif appntk/c5315_82_0.0484766_2127_36.blif

round 83
seed = 1567397695 patienceN = 0 patienceM = 1 frameNumber = 128 nLocalPI = 17

0%   10   20   30   40   50   60   70   80   90   100%
|----|----|----|----|----|----|----|----|----|----|
***************************************************
change patienceM
time = 3948014763
area = 2121
delay = 35.9
write_blif appntk/c5315_83_0.0484766_2121_35.9.blif

round 84
seed = 1567397712 patienceN = 0 patienceM = 2 frameNumber = 128 nLocalPI = 17

0%   10   20   30   40   50   60   70   80   90   100%
|----|----|----|----|----|----|----|----|----|----|
***************************************************
change patienceM
time = 3964879282
area = 2117
delay = 35.6
write_blif appntk/c5315_84_0.0484766_2117_35.6.blif

round 85
seed = 1567397729 patienceN = 0 patienceM = 0 frameNumber = 128 nLocalPI = 16

0%   10   20   30   40   50   60   70   80   90   100%
|----|----|----|----|----|----|----|----|----|----|
***************************************************
change patienceN
time = 3980734508
area = 2123
delay = 35.5
write_blif appntk/c5315_85_0.0484766_2123_35.5.blif

round 86
seed = 1567397746 patienceN = 1 patienceM = 0 frameNumber = 128 nLocalPI = 16

0%   10   20   30   40   50   60   70   80   90   100%
|----|----|----|----|----|----|----|----|----|----|
***************************************************
change patienceM
time = 3996770723
area = 2118
delay = 36
write_blif appntk/c5315_86_0.0484766_2118_36.blif

round 87
seed = 1567397762 patienceN = 1 patienceM = 1 frameNumber = 128 nLocalPI = 16

0%   10   20   30   40   50   60   70   80   90   100%
|----|----|----|----|----|----|----|----|----|----|
***************************************************
change patienceM
time = 4013322885
area = 2123
delay = 35.9
write_blif appntk/c5315_87_0.0484766_2123_35.9.blif

round 88
seed = 1567397778 patienceN = 1 patienceM = 2 frameNumber = 128 nLocalPI = 16

0%   10   20   30   40   50   60   70   80   90   100%
|----|----|----|----|----|----|----|----|----|----|
***************************************************
change patienceM
time = 4029673040
area = 2121
delay = 35.6
write_blif appntk/c5315_88_0.0484766_2121_35.6.blif

round 89
seed = 1567397794 patienceN = 0 patienceM = 0 frameNumber = 128 nLocalPI = 15

0%   10   20   30   40   50   60   70   80   90   100%
|----|----|----|----|----|----|----|----|----|----|
***************************************************
change patienceN
time = 4045082085
area = 2123
delay = 35.5
write_blif appntk/c5315_89_0.0484766_2123_35.5.blif

round 90
seed = 1567397811 patienceN = 1 patienceM = 0 frameNumber = 128 nLocalPI = 15

0%   10   20   30   40   50   60   70   80   90   100%
|----|----|----|----|----|----|----|----|----|----|
***************************************************
change patienceM
time = 4061447137
area = 2122
delay = 36
write_blif appntk/c5315_90_0.0484766_2122_36.blif

round 91
seed = 1567397826 patienceN = 1 patienceM = 1 frameNumber = 128 nLocalPI = 15

0%   10   20   30   40   50   60   70   80   90   100%
|----|----|----|----|----|----|----|----|----|----|
***************************************************
change patienceM
time = 4077303958
area = 2123
delay = 35.9
write_blif appntk/c5315_91_0.0484766_2123_35.9.blif

round 92
seed = 1567397843 patienceN = 1 patienceM = 2 frameNumber = 128 nLocalPI = 15

0%   10   20   30   40   50   60   70   80   90   100%
|----|----|----|----|----|----|----|----|----|----|
***************************************************
change patienceM
time = 4093880382
area = 2116
delay = 35.6
write_blif appntk/c5315_92_0.0484766_2116_35.6.blif

round 93
seed = 1567397858 patienceN = 0 patienceM = 0 frameNumber = 128 nLocalPI = 14

0%   10   20   30   40   50   60   70   80   90   100%
|----|----|----|----|----|----|----|----|----|----|
***************************************************
change patienceN
time = 4108851666
area = 2123
delay = 35.5
write_blif appntk/c5315_93_0.0484766_2123_35.5.blif

round 94
seed = 1567397875 patienceN = 1 patienceM = 0 frameNumber = 128 nLocalPI = 14

0%   10   20   30   40   50   60   70   80   90   100%
|----|----|----|----|----|----|----|----|----|----|
***************************************************
change patienceM
time = 4124286600
area = 2125
delay = 36
write_blif appntk/c5315_94_0.0484766_2125_36.blif

round 95
seed = 1567397890 patienceN = 1 patienceM = 1 frameNumber = 128 nLocalPI = 14

0%   10   20   30   40   50   60   70   80   90   100%
|----|----|----|----|----|----|----|----|----|----|
***************************************************
change patienceM
time = 4139700775
area = 2123
delay = 35.9
write_blif appntk/c5315_95_0.0484766_2123_35.9.blif

round 96
seed = 1567397905 patienceN = 1 patienceM = 2 frameNumber = 128 nLocalPI = 14

0%   10   20   30   40   50   60   70   80   90   100%
|----|----|----|----|----|----|----|----|----|----|
***************************************************
change patienceN
time = 4154682504
area = 2115
delay = 35.6
write_blif appntk/c5315_96_0.0484766_2115_35.6.blif

round 97
seed = 1567397921 patienceN = 2 patienceM = 2 frameNumber = 128 nLocalPI = 14

0%   10   20   30   40   50   60   70   80   90   100%
|----|----|----|----|----|----|----|----|----|----|
***************************************************
change patienceM
time = 4169883821
area = 2125
delay = 35.5
write_blif appntk/c5315_97_0.0484766_2125_35.5.blif

round 98
seed = 1567397936 patienceN = 0 patienceM = 0 frameNumber = 128 nLocalPI = 13

0%   10   20   30   40   50   60   70   80   90   100%
|----|----|----|----|----|----|----|----|----|----|
***************************************************
change patienceM
time = 4185769451
area = 2120
delay = 36
write_blif appntk/c5315_98_0.0484766_2120_36.blif

round 99
seed = 1567397951 patienceN = 0 patienceM = 1 frameNumber = 128 nLocalPI = 13

0%   10   20   30   40   50   60   70   80   90   100%
|----|----|----|----|----|----|----|----|----|----|
***************************************************
change patienceM
time = 4200533422
area = 2122
delay = 35.9
write_blif appntk/c5315_99_0.0484766_2122_35.9.blif

round 100
seed = 1567397967 patienceN = 0 patienceM = 2 frameNumber = 128 nLocalPI = 13

0%   10   20   30   40   50   60   70   80   90   100%
|----|----|----|----|----|----|----|----|----|----|
***************************************************
change patienceM
time = 4215347882
area = 2124
delay = 35.6
write_blif appntk/c5315_100_0.0484766_2124_35.6.blif

round 101
seed = 1567397982 patienceN = 0 patienceM = 0 frameNumber = 128 nLocalPI = 12

0%   10   20   30   40   50   60   70   80   90   100%
|----|----|----|----|----|----|----|----|----|----|
***************************************************
change patienceN
time = 4229443694
area = 2123
delay = 35.5
write_blif appntk/c5315_101_0.0484766_2123_35.5.blif

round 102
seed = 1567397996 patienceN = 1 patienceM = 0 frameNumber = 128 nLocalPI = 12

0%   10   20   30   40   50   60   70   80   90   100%
|----|----|----|----|----|----|----|----|----|----|
***************************************************
change patienceN
time = 4243488597
area = 2118
delay = 36
write_blif appntk/c5315_102_0.0484766_2118_36.blif

round 103
seed = 1567398011 patienceN = 2 patienceM = 0 frameNumber = 128 nLocalPI = 12

0%   10   20   30   40   50   60   70   80   90   100%
|----|----|----|----|----|----|----|----|----|----|
***************************************************
change patienceN
time = 4257522018
area = 2122
delay = 35.9
write_blif appntk/c5315_103_0.0484766_2122_35.9.blif

round 104
seed = 1567398025 patienceN = 0 patienceM = 0 frameNumber = 64 nLocalPI = 12

0%   10   20   30   40   50   60   70   80   90   100%
|----|----|----|----|----|----|----|----|----|----|
***************************************************
change patienceM
time = 4270574759
area = 2116
delay = 35.6
write_blif appntk/c5315_104_0.0484766_2116_35.6.blif

round 105
seed = 1567398039 patienceN = 0 patienceM = 1 frameNumber = 64 nLocalPI = 12

0%   10   20   30   40   50   60   70   80   90   100%
|----|----|----|----|----|----|----|----|----|----|
***************************************************
change patienceM
time = 4280885783
area = 2121
delay = 35.5
write_blif appntk/c5315_105_0.0484766_2121_35.5.blif

round 106
seed = 1567398052 patienceN = 0 patienceM = 2 frameNumber = 64 nLocalPI = 12

0%   10   20   30   40   50   60   70   80   90   100%
|----|----|----|----|----|----|----|----|----|----|
***************************************************
change patienceM
time = 4290505837
area = 2127
delay = 36
write_blif appntk/c5315_106_0.0484766_2127_36.blif

round 107
seed = 1567398062 patienceN = 0 patienceM = 0 frameNumber = 64 nLocalPI = 11

0%   10   20   30   40   50   60   70   80   90   100%
|----|----|----|----|----|----|----|----|----|----|
***************************************************
change patienceM
time = 4301687685
area = 2123
delay = 35.9
write_blif appntk/c5315_107_0.0484766_2123_35.9.blif

round 108
seed = 1567398072 patienceN = 0 patienceM = 1 frameNumber = 64 nLocalPI = 11

0%   10   20   30   40   50   60   70   80   90   100%
|----|----|----|----|----|----|----|----|----|----|
***************************************************
change patienceM
time = 4316766025
area = 2115
delay = 35.6
write_blif appntk/c5315_108_0.0484766_2115_35.6.blif

round 109
seed = 1567398083 patienceN = 0 patienceM = 2 frameNumber = 64 nLocalPI = 11

0%   10   20   30   40   50   60   70   80   90   100%
|----|----|----|----|----|----|----|----|----|----|
***************************************************
change patienceM
time = 4330713153
area = 2124
delay = 35.5
write_blif appntk/c5315_109_0.0484766_2124_35.5.blif

round 110
seed = 1567398098 patienceN = 0 patienceM = 0 frameNumber = 64 nLocalPI = 10

0%   10   20   30   40   50   60   70   80   90   100%
|----|----|----|----|----|----|----|----|----|----|
***************************************************
change patienceM
time = 4342552535
area = 2119
delay = 36
write_blif appntk/c5315_110_0.0484766_2119_36.blif

round 111
seed = 1567398112 patienceN = 0 patienceM = 1 frameNumber = 64 nLocalPI = 10

0%   10   20   30   40   50   60   70   80   90   100%
|----|----|----|----|----|----|----|----|----|----|
***************************************************
change patienceM
time = 4355520867
area = 2122
delay = 35.9
write_blif appntk/c5315_111_0.0484766_2122_35.9.blif

round 112
seed = 1567398124 patienceN = 0 patienceM = 2 frameNumber = 64 nLocalPI = 10

0%   10   20   30   40   50   60   70   80   90   100%
|----|----|----|----|----|----|----|----|----|----|
***************************************************
change patienceM
time = 4366230302
area = 2122
delay = 35.6
write_blif appntk/c5315_112_0.0484766_2122_35.6.blif

round 113
seed = 1567398137 patienceN = 0 patienceM = 0 frameNumber = 64 nLocalPI = 9

0%   10   20   30   40   50   60   70   80   90   100%
|----|----|----|----|----|----|----|----|----|----|
***************************************************
change patienceM
time = 4381677682
area = 2123
delay = 35.5
write_blif appntk/c5315_113_0.0484766_2123_35.5.blif

round 114
seed = 1567398147 patienceN = 0 patienceM = 1 frameNumber = 64 nLocalPI = 9

0%   10   20   30   40   50   60   70   80   90   100%
|----|----|----|----|----|----|----|----|----|----|
***************************************************
best node n1273 best error 0.0458301
time = 4392784253
area = 2119
delay = 36
write_blif appntk/c5315_114_0.0458301_2119_36.blif

round 115
seed = 1567398163 patienceN = 0 patienceM = 0 frameNumber = 64 nLocalPI = 9

0%   10   20   30   40   50   60   70   80   90   100%
|----|----|----|----|----|----|----|----|----|----|
***************************************************
change patienceM
time = 4405689433
area = 2118
delay = 35
write_blif appntk/c5315_115_0.0458301_2118_35.blif

round 116
seed = 1567398174 patienceN = 0 patienceM = 1 frameNumber = 64 nLocalPI = 9

0%   10   20   30   40   50   60   70   80   90   100%
|----|----|----|----|----|----|----|----|----|----|
***************************************************
change patienceM
time = 4418611572
area = 2113
delay = 35.6
write_blif appntk/c5315_116_0.0458301_2113_35.6.blif

round 117
seed = 1567398187 patienceN = 0 patienceM = 2 frameNumber = 64 nLocalPI = 9

0%   10   20   30   40   50   60   70   80   90   100%
|----|----|----|----|----|----|----|----|----|----|
***************************************************
change patienceM
time = 4430615967
area = 2122
delay = 35
write_blif appntk/c5315_117_0.0458301_2122_35.blif

round 118
seed = 1567398200 patienceN = 0 patienceM = 0 frameNumber = 64 nLocalPI = 8

0%   10   20   30   40   50   60   70   80   90   100%
|----|----|----|----|----|----|----|----|----|----|
***************************************************
change patienceM
time = 4441147392
area = 2120
delay = 36
write_blif appntk/c5315_118_0.0458301_2120_36.blif

round 119
seed = 1567398212 patienceN = 0 patienceM = 1 frameNumber = 64 nLocalPI = 8

0%   10   20   30   40   50   60   70   80   90   100%
|----|----|----|----|----|----|----|----|----|----|
***************************************************
best node n1410 best error 0.0493359
time = 4450765523
area = 2117
delay = 35.9
write_blif appntk/c5315_119_0.0493359_2117_35.9.blif

round 120
seed = 1567398222 patienceN = 0 patienceM = 0 frameNumber = 64 nLocalPI = 8

0%   10   20   30   40   50   60   70   80   90   100%
|----|----|----|----|----|----|----|----|----|----|
***************************************************
change patienceM
time = 4462375547
area = 2110
delay = 35.6
write_blif appntk/c5315_120_0.0493359_2110_35.6.blif

round 121
seed = 1567398232 patienceN = 0 patienceM = 1 frameNumber = 64 nLocalPI = 8

0%   10   20   30   40   50   60   70   80   90   100%
|----|----|----|----|----|----|----|----|----|----|
***************************************************
change patienceM
time = 4473725522
area = 2106
delay = 34.9
write_blif appntk/c5315_121_0.0493359_2106_34.9.blif

round 122
seed = 1567398244 patienceN = 0 patienceM = 2 frameNumber = 64 nLocalPI = 8

0%   10   20   30   40   50   60   70   80   90   100%
|----|----|----|----|----|----|----|----|----|----|
***************************************************
change patienceM
time = 4485711174
area = 2106
delay = 36
write_blif appntk/c5315_122_0.0493359_2106_36.blif

round 123
seed = 1567398255 patienceN = 0 patienceM = 0 frameNumber = 64 nLocalPI = 7

0%   10   20   30   40   50   60   70   80   90   100%
|----|----|----|----|----|----|----|----|----|----|
***************************************************
change patienceM
time = 4494866572
area = 2110
delay = 35
write_blif appntk/c5315_123_0.0493359_2110_35.blif

round 124
seed = 1567398267 patienceN = 0 patienceM = 1 frameNumber = 64 nLocalPI = 7

0%   10   20   30   40   50   60   70   80   90   100%
|----|----|----|----|----|----|----|----|----|----|
***************************************************
change patienceM
time = 4507928281
area = 2104
delay = 35.6
write_blif appntk/c5315_124_0.0493359_2104_35.6.blif

round 125
seed = 1567398276 patienceN = 0 patienceM = 2 frameNumber = 64 nLocalPI = 7

0%   10   20   30   40   50   60   70   80   90   100%
|----|----|----|----|----|----|----|----|----|----|
***************************************************
change patienceM
time = 4517070165
area = 2102
delay = 35.9
write_blif appntk/c5315_125_0.0493359_2102_35.9.blif

round 126
seed = 1567398289 patienceN = 0 patienceM = 0 frameNumber = 64 nLocalPI = 6

0%   10   20   30   40   50   60   70   80   90   100%
|----|----|----|----|----|----|----|----|----|----|
***************************************************
change patienceM
time = 4526866206
area = 2104
delay = 37.2
write_blif appntk/c5315_126_0.0493359_2104_37.2.blif

round 127
seed = 1567398298 patienceN = 0 patienceM = 1 frameNumber = 64 nLocalPI = 6

0%   10   20   30   40   50   60   70   80   90   100%
|----|----|----|----|----|----|----|----|----|----|
***************************************************
change patienceM
time = 4536906375
area = 2108
delay = 35
write_blif appntk/c5315_127_0.0493359_2108_35.blif

round 128
seed = 1567398308 patienceN = 0 patienceM = 2 frameNumber = 64 nLocalPI = 6

0%   10   20   30   40   50   60   70   80   90   100%
|----|----|----|----|----|----|----|----|----|----|
***************************************************
change patienceM
time = 4547863562
area = 2099
delay = 37.2
write_blif appntk/c5315_128_0.0493359_2099_37.2.blif

round 129
seed = 1567398318 patienceN = 0 patienceM = 0 frameNumber = 64 nLocalPI = 5

0%   10   20   30   40   50   60   70   80   90   100%
|----|----|----|----|----|----|----|----|----|----|
***************************************************
best node n1432 best error 0.0544922
time = 4558028042
