Entered genlib library with 23 gates from file "data/genlib/mcnc.genlib".
Line 21: Skipping line ".default_input_arrival 0.00 0.00 ".
Line 22: Skipping line ".default_output_required 0.00 0.00 ".
Line 23: Skipping line ".default_input_drive 0.10 0.10 ".
Line 24: Skipping line ".default_output_load 2.00 ".
Line 25: Skipping line ".default_max_input_load 999.00 ".
Original area = 2756, original delay = 69.4

round 0
seed = 0 patienceN = 0 patienceM = 0 frameNumber = 1024 nLocalPI = 30

0%   10   20   30   40   50   60   70   80   90   100%
|----|----|----|----|----|----|----|----|----|----|
***************************************************
best node [122536] best error 0
time = 254511168
area = 2453
delay = 62.1
write_blif appntk/c7552_0_0_2453_62.1.blif

round 1
seed = 1567393778 patienceN = 0 patienceM = 0 frameNumber = 1024 nLocalPI = 30

0%   10   20   30   40   50   60   70   80   90   100%
|----|----|----|----|----|----|----|----|----|----|
***************************************************
best node n902 best error 0.00100586
time = 439314592
area = 2379
delay = 61.2
write_blif appntk/c7552_1_0.00100586_2379_61.2.blif

round 2
seed = 1567394033 patienceN = 0 patienceM = 0 frameNumber = 1024 nLocalPI = 30

0%   10   20   30   40   50   60   70   80   90   100%
|----|----|----|----|----|----|----|----|----|----|
***************************************************
best node n501 best error 0.00100586
time = 630759968
area = 2354
delay = 57.8
write_blif appntk/c7552_2_0.00100586_2354_57.8.blif

round 3
seed = 1567394219 patienceN = 0 patienceM = 0 frameNumber = 1024 nLocalPI = 30

0%   10   20   30   40   50   60   70   80   90   100%
|----|----|----|----|----|----|----|----|----|----|
***************************************************
change patienceN
time = 784669077
area = 2368
delay = 61.8
write_blif appntk/c7552_3_0.00100586_2368_61.8.blif

round 4
seed = 1567394410 patienceN = 1 patienceM = 0 frameNumber = 1024 nLocalPI = 30

0%   10   20   30   40   50   60   70   80   90   100%
|----|----|----|----|----|----|----|----|----|----|
***************************************************
change patienceN
time = 940636156
area = 2350
delay = 58.9
write_blif appntk/c7552_4_0.00100586_2350_58.9.blif

round 5
seed = 1567394564 patienceN = 2 patienceM = 0 frameNumber = 1024 nLocalPI = 30

0%   10   20   30   40   50   60   70   80   90   100%
|----|----|----|----|----|----|----|----|----|----|
***************************************************
best node n1419 best error 0.00100586
time = 1087581743
area = 2357
delay = 61.1
write_blif appntk/c7552_5_0.00100586_2357_61.1.blif

round 6
seed = 1567394720 patienceN = 0 patienceM = 0 frameNumber = 1024 nLocalPI = 30

0%   10   20   30   40   50   60   70   80   90   100%
|----|----|----|----|----|----|----|----|----|----|
***************************************************
change patienceN
time = 1237458066
area = 2361
delay = 58.2
write_blif appntk/c7552_6_0.00100586_2361_58.2.blif

round 7
seed = 1567394867 patienceN = 1 patienceM = 0 frameNumber = 1024 nLocalPI = 30

0%   10   20   30   40   50   60   70   80   90   100%
|----|----|----|----|----|----|----|----|----|----|
***************************************************
best node n799 best error 0.00263672
time = 1386601642
area = 2295
delay = 55.4
write_blif appntk/c7552_7_0.00263672_2295_55.4.blif

round 8
seed = 1567395017 patienceN = 0 patienceM = 0 frameNumber = 1024 nLocalPI = 30

0%   10   20   30   40   50   60   70   80   90   100%
|----|----|----|----|----|----|----|----|----|----|
***************************************************
change patienceN
time = 1524786035
area = 2282
delay = 58.8
write_blif appntk/c7552_8_0.00263672_2282_58.8.blif

round 9
seed = 1567395167 patienceN = 1 patienceM = 0 frameNumber = 1024 nLocalPI = 30

0%   10   20   30   40   50   60   70   80   90   100%
|----|----|----|----|----|----|----|----|----|----|
***************************************************
change patienceN
time = 1665613157
area = 2293
delay = 60.9
write_blif appntk/c7552_9_0.00263672_2293_60.9.blif

round 10
seed = 1567395305 patienceN = 2 patienceM = 0 frameNumber = 1024 nLocalPI = 30

0%   10   20   30   40   50   60   70   80   90   100%
|----|----|----|----|----|----|----|----|----|----|
***************************************************
change patienceN
time = 1804982815
area = 2283
delay = 60.3
write_blif appntk/c7552_10_0.00263672_2283_60.3.blif

round 11
seed = 1567395446 patienceN = 0 patienceM = 0 frameNumber = 512 nLocalPI = 30

0%   10   20   30   40   50   60   70   80   90   100%
|----|----|----|----|----|----|----|----|----|----|
***************************************************
best node n1511 best error 0.00263672
time = 1877809462
area = 2279
delay = 58.8
write_blif appntk/c7552_11_0.00263672_2279_58.8.blif

round 12
seed = 1567395585 patienceN = 0 patienceM = 0 frameNumber = 512 nLocalPI = 30

0%   10   20   30   40   50   60   70   80   90   100%
|----|----|----|----|----|----|----|----|----|----|
***************************************************
change patienceN
time = 1949630230
area = 2283
delay = 58.6
write_blif appntk/c7552_12_0.00263672_2283_58.6.blif

round 13
seed = 1567395658 patienceN = 1 patienceM = 0 frameNumber = 512 nLocalPI = 30

0%   10   20   30   40   50   60   70   80   90   100%
|----|----|----|----|----|----|----|----|----|----|
***************************************************
change patienceN
time = 2021959881
area = 2280
delay = 54.3
write_blif appntk/c7552_13_0.00263672_2280_54.3.blif

round 14
seed = 1567395730 patienceN = 2 patienceM = 0 frameNumber = 512 nLocalPI = 30

0%   10   20   30   40   50   60   70   80   90   100%
|----|----|----|----|----|----|----|----|----|----|
***************************************************
change patienceN
time = 2093918460
area = 2280
delay = 60.6
write_blif appntk/c7552_14_0.00263672_2280_60.6.blif

round 15
seed = 1567395802 patienceN = 0 patienceM = 0 frameNumber = 256 nLocalPI = 30

0%   10   20   30   40   50   60   70   80   90   100%
|----|----|----|----|----|----|----|----|----|----|
***************************************************
change patienceN
time = 2132799342
area = 2279
delay = 60
write_blif appntk/c7552_15_0.00263672_2279_60.blif

round 16
seed = 1567395874 patienceN = 1 patienceM = 0 frameNumber = 256 nLocalPI = 30

0%   10   20   30   40   50   60   70   80   90   100%
|----|----|----|----|----|----|----|----|----|----|
***************************************************
best node n1372 best error 0.00871094
time = 2171728537
area = 2269
delay = 60.6
write_blif appntk/c7552_16_0.00871094_2269_60.6.blif

round 17
seed = 1567395913 patienceN = 0 patienceM = 0 frameNumber = 256 nLocalPI = 30

0%   10   20   30   40   50   60   70   80   90   100%
|----|----|----|----|----|----|----|----|----|----|
***************************************************
change patienceN
time = 2210493998
area = 2275
delay = 57.4
write_blif appntk/c7552_17_0.00871094_2275_57.4.blif

round 18
seed = 1567395952 patienceN = 1 patienceM = 0 frameNumber = 256 nLocalPI = 30

0%   10   20   30   40   50   60   70   80   90   100%
|----|----|----|----|----|----|----|----|----|----|
***************************************************
best node n1490 best error 0.0125586
time = 2248969482
area = 2266
delay = 57.9
write_blif appntk/c7552_18_0.0125586_2266_57.9.blif

round 19
seed = 1567395991 patienceN = 0 patienceM = 0 frameNumber = 256 nLocalPI = 30

0%   10   20   30   40   50   60   70   80   90   100%
|----|----|----|----|----|----|----|----|----|----|
***************************************************
change patienceN
time = 2287507910
area = 2274
delay = 56.7
write_blif appntk/c7552_19_0.0125586_2274_56.7.blif

round 20
seed = 1567396029 patienceN = 1 patienceM = 0 frameNumber = 256 nLocalPI = 30

0%   10   20   30   40   50   60   70   80   90   100%
|----|----|----|----|----|----|----|----|----|----|
***************************************************
change patienceN
time = 2326052673
area = 2272
delay = 59
write_blif appntk/c7552_20_0.0125586_2272_59.blif

round 21
seed = 1567396068 patienceN = 2 patienceM = 0 frameNumber = 256 nLocalPI = 30

0%   10   20   30   40   50   60   70   80   90   100%
|----|----|----|----|----|----|----|----|----|----|
***************************************************
best node n530 best error 0.019707
time = 2364240257
area = 2269
delay = 58.6
write_blif appntk/c7552_21_0.019707_2269_58.6.blif

round 22
seed = 1567396106 patienceN = 0 patienceM = 0 frameNumber = 256 nLocalPI = 30

0%   10   20   30   40   50   60   70   80   90   100%
|----|----|----|----|----|----|----|----|----|----|
***************************************************
change patienceN
time = 2402532226
area = 2275
delay = 57.9
write_blif appntk/c7552_22_0.019707_2275_57.9.blif

round 23
seed = 1567396145 patienceN = 1 patienceM = 0 frameNumber = 256 nLocalPI = 30

0%   10   20   30   40   50   60   70   80   90   100%
|----|----|----|----|----|----|----|----|----|----|
***************************************************
change patienceN
time = 2440900706
area = 2266
delay = 58.6
write_blif appntk/c7552_23_0.019707_2266_58.6.blif

round 24
seed = 1567396183 patienceN = 2 patienceM = 0 frameNumber = 256 nLocalPI = 30

0%   10   20   30   40   50   60   70   80   90   100%
|----|----|----|----|----|----|----|----|----|----|
***************************************************
change patienceN
time = 2478918271
area = 2276
delay = 61.9
write_blif appntk/c7552_24_0.019707_2276_61.9.blif

round 25
seed = 1567396221 patienceN = 0 patienceM = 0 frameNumber = 128 nLocalPI = 30

0%   10   20   30   40   50   60   70   80   90   100%
|----|----|----|----|----|----|----|----|----|----|
***************************************************
change patienceM
time = 2500751550
area = 2271
delay = 58.4
write_blif appntk/c7552_25_0.019707_2271_58.4.blif

round 26
seed = 1567396259 patienceN = 0 patienceM = 1 frameNumber = 128 nLocalPI = 30

0%   10   20   30   40   50   60   70   80   90   100%
|----|----|----|----|----|----|----|----|----|----|
***************************************************
best node n654 best error 0.0226563
time = 2523194356
area = 2258
delay = 58.4
write_blif appntk/c7552_26_0.0226563_2258_58.4.blif

round 27
seed = 1567396281 patienceN = 0 patienceM = 0 frameNumber = 128 nLocalPI = 30

0%   10   20   30   40   50   60   70   80   90   100%
|----|----|----|----|----|----|----|----|----|----|
***************************************************
best node n652 best error 0.0223047
time = 2545244162
area = 2237
delay = 60.2
write_blif appntk/c7552_27_0.0223047_2237_60.2.blif

round 28
seed = 1567396304 patienceN = 0 patienceM = 0 frameNumber = 128 nLocalPI = 30

0%   10   20   30   40   50   60   70   80   90   100%
|----|----|----|----|----|----|----|----|----|----|
***************************************************
best node n544 best error 0.045
time = 2566859399
area = 2231
delay = 60.1
write_blif appntk/c7552_28_0.045_2231_60.1.blif

round 29
seed = 1567396326 patienceN = 0 patienceM = 0 frameNumber = 128 nLocalPI = 30

0%   10   20   30   40   50   60   70   80   90   100%
|----|----|----|----|----|----|----|----|----|----|
***************************************************
change patienceN
time = 2588394267
area = 2226
delay = 60.1
write_blif appntk/c7552_29_0.045_2226_60.1.blif

round 30
seed = 1567396347 patienceN = 1 patienceM = 0 frameNumber = 128 nLocalPI = 30

0%   10   20   30   40   50   60   70   80   90   100%
|----|----|----|----|----|----|----|----|----|----|
***************************************************
change patienceM
time = 2609652362
area = 2228
delay = 61.6
write_blif appntk/c7552_30_0.045_2228_61.6.blif

round 31
seed = 1567396369 patienceN = 1 patienceM = 1 frameNumber = 128 nLocalPI = 30

0%   10   20   30   40   50   60   70   80   90   100%
|----|----|----|----|----|----|----|----|----|----|
***************************************************
change patienceN
time = 2630750569
area = 2230
delay = 59.8
write_blif appntk/c7552_31_0.045_2230_59.8.blif

round 32
seed = 1567396390 patienceN = 2 patienceM = 1 frameNumber = 128 nLocalPI = 30

0%   10   20   30   40   50   60   70   80   90   100%
|----|----|----|----|----|----|----|----|----|----|
***************************************************
change patienceM
time = 2652220165
area = 2231
delay = 58.8
write_blif appntk/c7552_32_0.045_2231_58.8.blif

round 33
seed = 1567396411 patienceN = 2 patienceM = 2 frameNumber = 128 nLocalPI = 30

0%   10   20   30   40   50   60   70   80   90   100%
|----|----|----|----|----|----|----|----|----|----|
***************************************************
change patienceN
time = 2673156496
area = 2226
delay = 62.3
write_blif appntk/c7552_33_0.045_2226_62.3.blif

round 34
seed = 1567396433 patienceN = 0 patienceM = 0 frameNumber = 64 nLocalPI = 30

0%   10   20   30   40   50   60   70   80   90   100%
|----|----|----|----|----|----|----|----|----|----|
***************************************************
change patienceM
time = 2688860704
area = 2227
delay = 59.9
write_blif appntk/c7552_34_0.045_2227_59.9.blif

round 35
seed = 1567396454 patienceN = 0 patienceM = 1 frameNumber = 64 nLocalPI = 30

0%   10   20   30   40   50   60   70   80   90   100%
|----|----|----|----|----|----|----|----|----|----|
***************************************************
change patienceM
time = 2703547526
area = 2228
delay = 60.1
write_blif appntk/c7552_35_0.045_2228_60.1.blif

round 36
seed = 1567396469 patienceN = 0 patienceM = 2 frameNumber = 64 nLocalPI = 30

0%   10   20   30   40   50   60   70   80   90   100%
|----|----|----|----|----|----|----|----|----|----|
***************************************************
change patienceM
time = 2717278901
area = 2235
delay = 60.2
write_blif appntk/c7552_36_0.045_2235_60.2.blif

round 37
seed = 1567396484 patienceN = 0 patienceM = 0 frameNumber = 64 nLocalPI = 29

0%   10   20   30   40   50   60   70   80   90   100%
|----|----|----|----|----|----|----|----|----|----|
***************************************************
change patienceM
time = 2733452489
area = 2232
delay = 59.8
write_blif appntk/c7552_37_0.045_2232_59.8.blif

round 38
seed = 1567396498 patienceN = 0 patienceM = 1 frameNumber = 64 nLocalPI = 29

0%   10   20   30   40   50   60   70   80   90   100%
|----|----|----|----|----|----|----|----|----|----|
***************************************************
change patienceM
time = 2749754846
area = 2228
delay = 60.7
write_blif appntk/c7552_38_0.045_2228_60.7.blif

round 39
seed = 1567396514 patienceN = 0 patienceM = 2 frameNumber = 64 nLocalPI = 29

0%   10   20   30   40   50   60   70   80   90   100%
|----|----|----|----|----|----|----|----|----|----|
***************************************************
change patienceM
time = 2766328538
area = 2229
delay = 61.9
write_blif appntk/c7552_39_0.045_2229_61.9.blif

round 40
seed = 1567396530 patienceN = 0 patienceM = 0 frameNumber = 64 nLocalPI = 28

0%   10   20   30   40   50   60   70   80   90   100%
|----|----|----|----|----|----|----|----|----|----|
***************************************************
change patienceM
time = 2783239847
area = 2231
delay = 60.5
write_blif appntk/c7552_40_0.045_2231_60.5.blif

round 41
seed = 1567396547 patienceN = 0 patienceM = 1 frameNumber = 64 nLocalPI = 28

0%   10   20   30   40   50   60   70   80   90   100%
|----|----|----|----|----|----|----|----|----|----|
***************************************************
change patienceM
time = 2796414148
area = 2231
delay = 61.7
write_blif appntk/c7552_41_0.045_2231_61.7.blif

round 42
seed = 1567396564 patienceN = 0 patienceM = 2 frameNumber = 64 nLocalPI = 28

0%   10   20   30   40   50   60   70   80   90   100%
|----|----|----|----|----|----|----|----|----|----|
***************************************************
change patienceM
time = 2809441654
area = 2225
delay = 60.2
write_blif appntk/c7552_42_0.045_2225_60.2.blif

round 43
seed = 1567396577 patienceN = 0 patienceM = 0 frameNumber = 64 nLocalPI = 27

0%   10   20   30   40   50   60   70   80   90   100%
|----|----|----|----|----|----|----|----|----|----|
***************************************************
change patienceM
time = 2824559965
area = 2226
delay = 59.6
write_blif appntk/c7552_43_0.045_2226_59.6.blif

round 44
seed = 1567396590 patienceN = 0 patienceM = 1 frameNumber = 64 nLocalPI = 27

0%   10   20   30   40   50   60   70   80   90   100%
|----|----|----|----|----|----|----|----|----|----|
***************************************************
change patienceM
time = 2839315903
area = 2224
delay = 62.3
write_blif appntk/c7552_44_0.045_2224_62.3.blif

round 45
seed = 1567396605 patienceN = 0 patienceM = 2 frameNumber = 64 nLocalPI = 27

0%   10   20   30   40   50   60   70   80   90   100%
|----|----|----|----|----|----|----|----|----|----|
***************************************************
change patienceM
time = 2852626924
area = 2233
delay = 61.9
write_blif appntk/c7552_45_0.045_2233_61.9.blif

round 46
seed = 1567396620 patienceN = 0 patienceM = 0 frameNumber = 64 nLocalPI = 26

0%   10   20   30   40   50   60   70   80   90   100%
|----|----|----|----|----|----|----|----|----|----|
***************************************************
change patienceM
time = 2866846332
area = 2231
delay = 61.3
write_blif appntk/c7552_46_0.045_2231_61.3.blif

round 47
seed = 1567396633 patienceN = 0 patienceM = 1 frameNumber = 64 nLocalPI = 26

0%   10   20   30   40   50   60   70   80   90   100%
|----|----|----|----|----|----|----|----|----|----|
***************************************************
change patienceM
time = 2879444703
area = 2227
delay = 60.3
write_blif appntk/c7552_47_0.045_2227_60.3.blif

round 48
seed = 1567396647 patienceN = 0 patienceM = 2 frameNumber = 64 nLocalPI = 26

0%   10   20   30   40   50   60   70   80   90   100%
|----|----|----|----|----|----|----|----|----|----|
***************************************************
change patienceM
time = 2894597967
area = 2234
delay = 60
write_blif appntk/c7552_48_0.045_2234_60.blif

round 49
seed = 1567396660 patienceN = 0 patienceM = 0 frameNumber = 64 nLocalPI = 25

0%   10   20   30   40   50   60   70   80   90   100%
|----|----|----|----|----|----|----|----|----|----|
***************************************************
change patienceM
time = 2909432112
area = 2228
delay = 59.8
write_blif appntk/c7552_49_0.045_2228_59.8.blif

round 50
seed = 1567396675 patienceN = 0 patienceM = 1 frameNumber = 64 nLocalPI = 25

0%   10   20   30   40   50   60   70   80   90   100%
|----|----|----|----|----|----|----|----|----|----|
***************************************************
change patienceM
time = 2924574221
area = 2225
delay = 60.3
write_blif appntk/c7552_50_0.045_2225_60.3.blif

round 51
seed = 1567396690 patienceN = 0 patienceM = 2 frameNumber = 64 nLocalPI = 25

0%   10   20   30   40   50   60   70   80   90   100%
|----|----|----|----|----|----|----|----|----|----|
***************************************************
best node n1154 best error 0.0455469
time = 2939636510
area = 2220
delay = 61.5
write_blif appntk/c7552_51_0.0455469_2220_61.5.blif

round 52
seed = 1567396705 patienceN = 0 patienceM = 0 frameNumber = 64 nLocalPI = 25

0%   10   20   30   40   50   60   70   80   90   100%
|----|----|----|----|----|----|----|----|----|----|
***************************************************
change patienceM
time = 2953757903
area = 2228
delay = 60.7
write_blif appntk/c7552_52_0.0455469_2228_60.7.blif

round 53
seed = 1567396720 patienceN = 0 patienceM = 1 frameNumber = 64 nLocalPI = 25

0%   10   20   30   40   50   60   70   80   90   100%
|----|----|----|----|----|----|----|----|----|----|
***************************************************
best node n1159 best error 0.0466699
time = 2969904269
area = 2222
delay = 61.9
write_blif appntk/c7552_53_0.0466699_2222_61.9.blif

round 54
seed = 1567396734 patienceN = 0 patienceM = 0 frameNumber = 64 nLocalPI = 25

0%   10   20   30   40   50   60   70   80   90   100%
|----|----|----|----|----|----|----|----|----|----|
***************************************************
best node n1157 best error 0.0477148
time = 2983843667
area = 2215
delay = 60.6
write_blif appntk/c7552_54_0.0477148_2215_60.6.blif

round 55
seed = 1567396750 patienceN = 0 patienceM = 0 frameNumber = 64 nLocalPI = 25

0%   10   20   30   40   50   60   70   80   90   100%
|----|----|----|----|----|----|----|----|----|----|
***************************************************
change patienceM
time = 2997158769
area = 2220
delay = 59.8
write_blif appntk/c7552_55_0.0477148_2220_59.8.blif

round 56
seed = 1567396764 patienceN = 0 patienceM = 1 frameNumber = 64 nLocalPI = 25

0%   10   20   30   40   50   60   70   80   90   100%
|----|----|----|----|----|----|----|----|----|----|
***************************************************
best node n1150 best error 0.0498242
time = 3010857492
area = 2211
delay = 60.9
write_blif appntk/c7552_56_0.0498242_2211_60.9.blif

round 57
seed = 1567396778 patienceN = 0 patienceM = 0 frameNumber = 64 nLocalPI = 25

0%   10   20   30   40   50   60   70   80   90   100%
|----|----|----|----|----|----|----|----|----|----|
***************************************************
change patienceM
time = 3025455427
area = 2210
delay = 61.9
write_blif appntk/c7552_57_0.0498242_2210_61.9.blif

round 58
seed = 1567396791 patienceN = 0 patienceM = 1 frameNumber = 64 nLocalPI = 25

0%   10   20   30   40   50   60   70   80   90   100%
|----|----|----|----|----|----|----|----|----|----|
***************************************************
change patienceM
time = 3039399649
area = 2220
delay = 61.3
write_blif appntk/c7552_58_0.0498242_2220_61.3.blif

round 59
seed = 1567396806 patienceN = 0 patienceM = 2 frameNumber = 64 nLocalPI = 25

0%   10   20   30   40   50   60   70   80   90   100%
|----|----|----|----|----|----|----|----|----|----|
***************************************************
change patienceM
time = 3053674978
area = 2215
delay = 61.5
write_blif appntk/c7552_59_0.0498242_2215_61.5.blif

round 60
seed = 1567396820 patienceN = 0 patienceM = 0 frameNumber = 64 nLocalPI = 24

0%   10   20   30   40   50   60   70   80   90   100%
|----|----|----|----|----|----|----|----|----|----|
***************************************************
change patienceM
time = 3067046850
area = 2216
delay = 61.2
write_blif appntk/c7552_60_0.0498242_2216_61.2.blif

round 61
seed = 1567396834 patienceN = 0 patienceM = 1 frameNumber = 64 nLocalPI = 24

0%   10   20   30   40   50   60   70   80   90   100%
|----|----|----|----|----|----|----|----|----|----|
***************************************************
change patienceM
time = 3081370056
area = 2205
delay = 59.8
write_blif appntk/c7552_61_0.0498242_2205_59.8.blif

round 62
seed = 1567396848 patienceN = 0 patienceM = 2 frameNumber = 64 nLocalPI = 24

0%   10   20   30   40   50   60   70   80   90   100%
|----|----|----|----|----|----|----|----|----|----|
***************************************************
best node n1202 best error 0.0498242
time = 3093891421
area = 2210
delay = 59.5
write_blif appntk/c7552_62_0.0498242_2210_59.5.blif

round 63
seed = 1567396862 patienceN = 0 patienceM = 0 frameNumber = 64 nLocalPI = 24

0%   10   20   30   40   50   60   70   80   90   100%
|----|----|----|----|----|----|----|----|----|----|
***************************************************
change patienceM
time = 3107339037
area = 2219
delay = 61.9
write_blif appntk/c7552_63_0.0498242_2219_61.9.blif

round 64
seed = 1567396874 patienceN = 0 patienceM = 1 frameNumber = 64 nLocalPI = 24

0%   10   20   30   40   50   60   70   80   90   100%
|----|----|----|----|----|----|----|----|----|----|
***************************************************
change patienceM
time = 3122420785
area = 2213
delay = 60.4
write_blif appntk/c7552_64_0.0498242_2213_60.4.blif

round 65
seed = 1567396888 patienceN = 0 patienceM = 2 frameNumber = 64 nLocalPI = 24

0%   10   20   30   40   50   60   70   80   90   100%
|----|----|----|----|----|----|----|----|----|----|
***************************************************
change patienceM
time = 3136426844
area = 2212
delay = 60.7
write_blif appntk/c7552_65_0.0498242_2212_60.7.blif

round 66
seed = 1567396903 patienceN = 0 patienceM = 0 frameNumber = 64 nLocalPI = 23

0%   10   20   30   40   50   60   70   80   90   100%
|----|----|----|----|----|----|----|----|----|----|
***************************************************
change patienceM
time = 3150900600
area = 2209
delay = 60.3
write_blif appntk/c7552_66_0.0498242_2209_60.3.blif

round 67
seed = 1567396917 patienceN = 0 patienceM = 1 frameNumber = 64 nLocalPI = 23

0%   10   20   30   40   50   60   70   80   90   100%
|----|----|----|----|----|----|----|----|----|----|
***************************************************
change patienceM
time = 3165759866
area = 2213
delay = 59.2
write_blif appntk/c7552_67_0.0498242_2213_59.2.blif

round 68
seed = 1567396931 patienceN = 0 patienceM = 2 frameNumber = 64 nLocalPI = 23

0%   10   20   30   40   50   60   70   80   90   100%
|----|----|----|----|----|----|----|----|----|----|
***************************************************
change patienceM
time = 3180228039
area = 2210
delay = 60.8
write_blif appntk/c7552_68_0.0498242_2210_60.8.blif

round 69
seed = 1567396946 patienceN = 0 patienceM = 0 frameNumber = 64 nLocalPI = 22

0%   10   20   30   40   50   60   70   80   90   100%
|----|----|----|----|----|----|----|----|----|----|
***************************************************
change patienceM
time = 3194126608
area = 2210
delay = 62.1
write_blif appntk/c7552_69_0.0498242_2210_62.1.blif

round 70
seed = 1567396961 patienceN = 0 patienceM = 1 frameNumber = 64 nLocalPI = 22

0%   10   20   30   40   50   60   70   80   90   100%
|----|----|----|----|----|----|----|----|----|----|
***************************************************
change patienceM
time = 3209967427
area = 2217
delay = 60.3
write_blif appntk/c7552_70_0.0498242_2217_60.3.blif

round 71
seed = 1567396975 patienceN = 0 patienceM = 2 frameNumber = 64 nLocalPI = 22

0%   10   20   30   40   50   60   70   80   90   100%
|----|----|----|----|----|----|----|----|----|----|
***************************************************
change patienceM
time = 3223474233
area = 2210
delay = 60.1
write_blif appntk/c7552_71_0.0498242_2210_60.1.blif

round 72
seed = 1567396991 patienceN = 0 patienceM = 0 frameNumber = 64 nLocalPI = 21

0%   10   20   30   40   50   60   70   80   90   100%
|----|----|----|----|----|----|----|----|----|----|
***************************************************
change patienceM
time = 3236012117
area = 2217
delay = 60.6
write_blif appntk/c7552_72_0.0498242_2217_60.6.blif

round 73
seed = 1567397004 patienceN = 0 patienceM = 1 frameNumber = 64 nLocalPI = 21

0%   10   20   30   40   50   60   70   80   90   100%
|----|----|----|----|----|----|----|----|----|----|
***************************************************
change patienceM
time = 3250488802
area = 2214
delay = 60
write_blif appntk/c7552_73_0.0498242_2214_60.blif

round 74
seed = 1567397017 patienceN = 0 patienceM = 2 frameNumber = 64 nLocalPI = 21

0%   10   20   30   40   50   60   70   80   90   100%
|----|----|----|----|----|----|----|----|----|----|
***************************************************
change patienceM
time = 3263801004
area = 2209
delay = 60.1
write_blif appntk/c7552_74_0.0498242_2209_60.1.blif

round 75
seed = 1567397031 patienceN = 0 patienceM = 0 frameNumber = 64 nLocalPI = 20

0%   10   20   30   40   50   60   70   80   90   100%
|----|----|----|----|----|----|----|----|----|----|
***************************************************
change patienceM
time = 3275669268
area = 2216
delay = 62.5
write_blif appntk/c7552_75_0.0498242_2216_62.5.blif

round 76
seed = 1567397044 patienceN = 0 patienceM = 1 frameNumber = 64 nLocalPI = 20

0%   10   20   30   40   50   60   70   80   90   100%
|----|----|----|----|----|----|----|----|----|----|
***************************************************
change patienceM
time = 3289676091
area = 2224
delay = 59.7
write_blif appntk/c7552_76_0.0498242_2224_59.7.blif

round 77
seed = 1567397056 patienceN = 0 patienceM = 2 frameNumber = 64 nLocalPI = 20

0%   10   20   30   40   50   60   70   80   90   100%
|----|----|----|----|----|----|----|----|----|----|
***************************************************
change patienceM
time = 3301105291
area = 2213
delay = 61.7
write_blif appntk/c7552_77_0.0498242_2213_61.7.blif

round 78
seed = 1567397070 patienceN = 0 patienceM = 0 frameNumber = 64 nLocalPI = 19

0%   10   20   30   40   50   60   70   80   90   100%
|----|----|----|----|----|----|----|----|----|----|
***************************************************
change patienceM
time = 3313625712
area = 2214
delay = 60.7
write_blif appntk/c7552_78_0.0498242_2214_60.7.blif

round 79
seed = 1567397082 patienceN = 0 patienceM = 1 frameNumber = 64 nLocalPI = 19

0%   10   20   30   40   50   60   70   80   90   100%
|----|----|----|----|----|----|----|----|----|----|
***************************************************
change patienceM
time = 3326310076
area = 2206
delay = 58.8
write_blif appntk/c7552_79_0.0498242_2206_58.8.blif

round 80
seed = 1567397094 patienceN = 0 patienceM = 2 frameNumber = 64 nLocalPI = 19

0%   10   20   30   40   50   60   70   80   90   100%
|----|----|----|----|----|----|----|----|----|----|
***************************************************
change patienceM
time = 3340660870
area = 2208
delay = 60.7
write_blif appntk/c7552_80_0.0498242_2208_60.7.blif

round 81
seed = 1567397107 patienceN = 0 patienceM = 0 frameNumber = 64 nLocalPI = 18

0%   10   20   30   40   50   60   70   80   90   100%
|----|----|----|----|----|----|----|----|----|----|
***************************************************
change patienceM
time = 3354482059
area = 2211
delay = 62.9
write_blif appntk/c7552_81_0.0498242_2211_62.9.blif

round 82
seed = 1567397121 patienceN = 0 patienceM = 1 frameNumber = 64 nLocalPI = 18

0%   10   20   30   40   50   60   70   80   90   100%
|----|----|----|----|----|----|----|----|----|----|
***************************************************
change patienceM
time = 3366967858
area = 2213
delay = 60.4
write_blif appntk/c7552_82_0.0498242_2213_60.4.blif

round 83
seed = 1567397135 patienceN = 0 patienceM = 2 frameNumber = 64 nLocalPI = 18

0%   10   20   30   40   50   60   70   80   90   100%
|----|----|----|----|----|----|----|----|----|----|
***************************************************
change patienceM
time = 3379028619
area = 2212
delay = 61.1
write_blif appntk/c7552_83_0.0498242_2212_61.1.blif

round 84
seed = 1567397148 patienceN = 0 patienceM = 0 frameNumber = 64 nLocalPI = 17

0%   10   20   30   40   50   60   70   80   90   100%
|----|----|----|----|----|----|----|----|----|----|
***************************************************
change patienceM
time = 3393528834
area = 2212
delay = 60
write_blif appntk/c7552_84_0.0498242_2212_60.blif

round 85
seed = 1567397160 patienceN = 0 patienceM = 1 frameNumber = 64 nLocalPI = 17

0%   10   20   30   40   50   60   70   80   90   100%
|----|----|----|----|----|----|----|----|----|----|
***************************************************
change patienceM
time = 3404549344
area = 2209
delay = 60
write_blif appntk/c7552_85_0.0498242_2209_60.blif

round 86
seed = 1567397174 patienceN = 0 patienceM = 2 frameNumber = 64 nLocalPI = 17

0%   10   20   30   40   50   60   70   80   90   100%
|----|----|----|----|----|----|----|----|----|----|
***************************************************
change patienceM
time = 3417699086
area = 2216
delay = 60
write_blif appntk/c7552_86_0.0498242_2216_60.blif

round 87
seed = 1567397185 patienceN = 0 patienceM = 0 frameNumber = 64 nLocalPI = 16

0%   10   20   30   40   50   60   70   80   90   100%
|----|----|----|----|----|----|----|----|----|----|
***************************************************
change patienceM
time = 3430649557
area = 2212
delay = 61.3
write_blif appntk/c7552_87_0.0498242_2212_61.3.blif

round 88
seed = 1567397198 patienceN = 0 patienceM = 1 frameNumber = 64 nLocalPI = 16

0%   10   20   30   40   50   60   70   80   90   100%
|----|----|----|----|----|----|----|----|----|----|
***************************************************
change patienceM
time = 3441718649
area = 2212
delay = 60.3
write_blif appntk/c7552_88_0.0498242_2212_60.3.blif

round 89
seed = 1567397211 patienceN = 0 patienceM = 2 frameNumber = 64 nLocalPI = 16

0%   10   20   30   40   50   60   70   80   90   100%
|----|----|----|----|----|----|----|----|----|----|
***************************************************
change patienceM
time = 3455271617
area = 2207
delay = 60.7
write_blif appntk/c7552_89_0.0498242_2207_60.7.blif

round 90
seed = 1567397222 patienceN = 0 patienceM = 0 frameNumber = 64 nLocalPI = 15

0%   10   20   30   40   50   60   70   80   90   100%
|----|----|----|----|----|----|----|----|----|----|
***************************************************
change patienceM
time = 3467613253
area = 2216
delay = 59.6
write_blif appntk/c7552_90_0.0498242_2216_59.6.blif

round 91
seed = 1567397236 patienceN = 0 patienceM = 1 frameNumber = 64 nLocalPI = 15

0%   10   20   30   40   50   60   70   80   90   100%
|----|----|----|----|----|----|----|----|----|----|
***************************************************
change patienceM
time = 3480368465
area = 2208
delay = 59.4
write_blif appntk/c7552_91_0.0498242_2208_59.4.blif

round 92
seed = 1567397248 patienceN = 0 patienceM = 2 frameNumber = 64 nLocalPI = 15

0%   10   20   30   40   50   60   70   80   90   100%
|----|----|----|----|----|----|----|----|----|----|
***************************************************
change patienceM
time = 3492485429
area = 2209
delay = 59.8
write_blif appntk/c7552_92_0.0498242_2209_59.8.blif

round 93
seed = 1567397261 patienceN = 0 patienceM = 0 frameNumber = 64 nLocalPI = 14

0%   10   20   30   40   50   60   70   80   90   100%
|----|----|----|----|----|----|----|----|----|----|
***************************************************
change patienceM
time = 3505352007
area = 2217
delay = 62.5
write_blif appntk/c7552_93_0.0498242_2217_62.5.blif

round 94
seed = 1567397273 patienceN = 0 patienceM = 1 frameNumber = 64 nLocalPI = 14

0%   10   20   30   40   50   60   70   80   90   100%
|----|----|----|----|----|----|----|----|----|----|
***************************************************
change patienceM
time = 3517899327
area = 2217
delay = 61.4
write_blif appntk/c7552_94_0.0498242_2217_61.4.blif

round 95
seed = 1567397286 patienceN = 0 patienceM = 2 frameNumber = 64 nLocalPI = 14

0%   10   20   30   40   50   60   70   80   90   100%
|----|----|----|----|----|----|----|----|----|----|
***************************************************
change patienceM
time = 3528642024
area = 2217
delay = 60.7
write_blif appntk/c7552_95_0.0498242_2217_60.7.blif

round 96
seed = 1567397299 patienceN = 0 patienceM = 0 frameNumber = 64 nLocalPI = 13

0%   10   20   30   40   50   60   70   80   90   100%
|----|----|----|----|----|----|----|----|----|----|
***************************************************
change patienceM
time = 3541058393
area = 2212
delay = 60.1
write_blif appntk/c7552_96_0.0498242_2212_60.1.blif

round 97
seed = 1567397309 patienceN = 0 patienceM = 1 frameNumber = 64 nLocalPI = 13

0%   10   20   30   40   50   60   70   80   90   100%
|----|----|----|----|----|----|----|----|----|----|
***************************************************
change patienceM
time = 3552624990
area = 2210
delay = 58.8
write_blif appntk/c7552_97_0.0498242_2210_58.8.blif

round 98
seed = 1567397322 patienceN = 0 patienceM = 2 frameNumber = 64 nLocalPI = 13

0%   10   20   30   40   50   60   70   80   90   100%
|----|----|----|----|----|----|----|----|----|----|
***************************************************
change patienceM
time = 3563162392
area = 2210
delay = 61.5
write_blif appntk/c7552_98_0.0498242_2210_61.5.blif

round 99
seed = 1567397333 patienceN = 0 patienceM = 0 frameNumber = 64 nLocalPI = 12

0%   10   20   30   40   50   60   70   80   90   100%
|----|----|----|----|----|----|----|----|----|----|
***************************************************
change patienceM
time = 3573457269
area = 2212
delay = 61.3
write_blif appntk/c7552_99_0.0498242_2212_61.3.blif

round 100
seed = 1567397344 patienceN = 0 patienceM = 1 frameNumber = 64 nLocalPI = 12

0%   10   20   30   40   50   60   70   80   90   100%
|----|----|----|----|----|----|----|----|----|----|
***************************************************
change patienceM
time = 3584799022
area = 2212
delay = 61.3
write_blif appntk/c7552_100_0.0498242_2212_61.3.blif

round 101
seed = 1567397354 patienceN = 0 patienceM = 2 frameNumber = 64 nLocalPI = 12

0%   10   20   30   40   50   60   70   80   90   100%
|----|----|----|----|----|----|----|----|----|----|
***************************************************
change patienceM
time = 3595401597
area = 2210
delay = 61.9
write_blif appntk/c7552_101_0.0498242_2210_61.9.blif

round 102
seed = 1567397365 patienceN = 0 patienceM = 0 frameNumber = 64 nLocalPI = 11

0%   10   20   30   40   50   60   70   80   90   100%
|----|----|----|----|----|----|----|----|----|----|
***************************************************
change patienceM
time = 3605975855
area = 2211
delay = 61.2
write_blif appntk/c7552_102_0.0498242_2211_61.2.blif

round 103
seed = 1567397376 patienceN = 0 patienceM = 1 frameNumber = 64 nLocalPI = 11

0%   10   20   30   40   50   60   70   80   90   100%
|----|----|----|----|----|----|----|----|----|----|
***************************************************
change patienceM
time = 3615466183
area = 2209
delay = 60.8
write_blif appntk/c7552_103_0.0498242_2209_60.8.blif

round 104
seed = 1567397387 patienceN = 0 patienceM = 2 frameNumber = 64 nLocalPI = 11

0%   10   20   30   40   50   60   70   80   90   100%
|----|----|----|----|----|----|----|----|----|----|
***************************************************
change patienceM
time = 3626024200
area = 2213
delay = 61.3
write_blif appntk/c7552_104_0.0498242_2213_61.3.blif

round 105
seed = 1567397396 patienceN = 0 patienceM = 0 frameNumber = 64 nLocalPI = 10

0%   10   20   30   40   50   60   70   80   90   100%
|----|----|----|----|----|----|----|----|----|----|
***************************************************
change patienceM
time = 3636584977
area = 2209
delay = 61.5
write_blif appntk/c7552_105_0.0498242_2209_61.5.blif

round 106
seed = 1567397407 patienceN = 0 patienceM = 1 frameNumber = 64 nLocalPI = 10

0%   10   20   30   40   50   60   70   80   90   100%
|----|----|----|----|----|----|----|----|----|----|
***************************************************
change patienceM
time = 3646584470
area = 2212
delay = 61.3
write_blif appntk/c7552_106_0.0498242_2212_61.3.blif

round 107
seed = 1567397417 patienceN = 0 patienceM = 2 frameNumber = 64 nLocalPI = 10

0%   10   20   30   40   50   60   70   80   90   100%
|----|----|----|----|----|----|----|----|----|----|
***************************************************
change patienceM
time = 3656029345
area = 2211
delay = 60.9
write_blif appntk/c7552_107_0.0498242_2211_60.9.blif

round 108
seed = 1567397427 patienceN = 0 patienceM = 0 frameNumber = 64 nLocalPI = 9

0%   10   20   30   40   50   60   70   80   90   100%
|----|----|----|----|----|----|----|----|----|----|
***************************************************
change patienceM
time = 3665562472
area = 2220
delay = 62
write_blif appntk/c7552_108_0.0498242_2220_62.blif

round 109
seed = 1567397437 patienceN = 0 patienceM = 1 frameNumber = 64 nLocalPI = 9

0%   10   20   30   40   50   60   70   80   90   100%
|----|----|----|----|----|----|----|----|----|----|
***************************************************
change patienceM
time = 3675941924
area = 2208
delay = 59.4
write_blif appntk/c7552_109_0.0498242_2208_59.4.blif

round 110
seed = 1567397446 patienceN = 0 patienceM = 2 frameNumber = 64 nLocalPI = 9

0%   10   20   30   40   50   60   70   80   90   100%
|----|----|----|----|----|----|----|----|----|----|
***************************************************
change patienceM
time = 3685211742
area = 2209
delay = 61.7
write_blif appntk/c7552_110_0.0498242_2209_61.7.blif

round 111
seed = 1567397457 patienceN = 0 patienceM = 0 frameNumber = 64 nLocalPI = 8

0%   10   20   30   40   50   60   70   80   90   100%
|----|----|----|----|----|----|----|----|----|----|
***************************************************
change patienceM
time = 3695007097
area = 2212
delay = 61.9
write_blif appntk/c7552_111_0.0498242_2212_61.9.blif

round 112
seed = 1567397466 patienceN = 0 patienceM = 1 frameNumber = 64 nLocalPI = 8

0%   10   20   30   40   50   60   70   80   90   100%
|----|----|----|----|----|----|----|----|----|----|
***************************************************
change patienceM
time = 3704775962
area = 2214
delay = 60.8
write_blif appntk/c7552_112_0.0498242_2214_60.8.blif

round 113
seed = 1567397476 patienceN = 0 patienceM = 2 frameNumber = 64 nLocalPI = 8

0%   10   20   30   40   50   60   70   80   90   100%
|----|----|----|----|----|----|----|----|----|----|
***************************************************
change patienceM
time = 3714267798
area = 2214
delay = 60.5
write_blif appntk/c7552_113_0.0498242_2214_60.5.blif

round 114
seed = 1567397485 patienceN = 0 patienceM = 0 frameNumber = 64 nLocalPI = 7

0%   10   20   30   40   50   60   70   80   90   100%
|----|----|----|----|----|----|----|----|----|----|
***************************************************
change patienceM
time = 3725340660
area = 2211
delay = 61.7
write_blif appntk/c7552_114_0.0498242_2211_61.7.blif

round 115
seed = 1567397495 patienceN = 0 patienceM = 1 frameNumber = 64 nLocalPI = 7

0%   10   20   30   40   50   60   70   80   90   100%
|----|----|----|----|----|----|----|----|----|----|
***************************************************
change patienceM
time = 3736157472
area = 2212
delay = 59.8
write_blif appntk/c7552_115_0.0498242_2212_59.8.blif

round 116
seed = 1567397506 patienceN = 0 patienceM = 2 frameNumber = 64 nLocalPI = 7

0%   10   20   30   40   50   60   70   80   90   100%
|----|----|----|----|----|----|----|----|----|----|
***************************************************
change patienceM
time = 3746178502
area = 2214
delay = 61.1
write_blif appntk/c7552_116_0.0498242_2214_61.1.blif

round 117
seed = 1567397517 patienceN = 0 patienceM = 0 frameNumber = 64 nLocalPI = 6

0%   10   20   30   40   50   60   70   80   90   100%
|----|----|----|----|----|----|----|----|----|----|
***************************************************
change patienceM
time = 3754810906
area = 2208
delay = 61.5
write_blif appntk/c7552_117_0.0498242_2208_61.5.blif

round 118
seed = 1567397527 patienceN = 0 patienceM = 1 frameNumber = 64 nLocalPI = 6

0%   10   20   30   40   50   60   70   80   90   100%
|----|----|----|----|----|----|----|----|----|----|
***************************************************
change patienceM
time = 3763728287
area = 2212
delay = 60.5
write_blif appntk/c7552_118_0.0498242_2212_60.5.blif

round 119
seed = 1567397536 patienceN = 0 patienceM = 2 frameNumber = 64 nLocalPI = 6

0%   10   20   30   40   50   60   70   80   90   100%
|----|----|----|----|----|----|----|----|----|----|
***************************************************
change patienceM
time = 3773433466
area = 2207
delay = 59.9
write_blif appntk/c7552_119_0.0498242_2207_59.9.blif

round 120
seed = 1567397544 patienceN = 0 patienceM = 0 frameNumber = 64 nLocalPI = 5

0%   10   20   30   40   50   60   70   80   90   100%
|----|----|----|----|----|----|----|----|----|----|
***************************************************
best node n609 best error 0.0539355
time = 3781540909
