Entered genlib library with 23 gates from file "data/genlib/mcnc.genlib".
Line 12: Skipping line ".default_input_arrival 0.00 0.00 ".
Line 13: Skipping line ".default_output_required 0.00 0.00 ".
Line 14: Skipping line ".default_input_drive 0.10 0.10 ".
Line 15: Skipping line ".default_output_load 2.00 ".
Line 16: Skipping line ".default_max_input_load 999.00 ".
Original area = 585, original delay = 24.9

round 0
seed = 0 patienceN = 0 patienceM = 0 frameNumber = 1024 nLocalPI = 30

0%   10   20   30   40   50   60   70   80   90   100%
|----|----|----|----|----|----|----|----|----|----|
***************************************************
best node G389gat best error 0
time = 15626013
area = 594
delay = 24.5
write_blif appntk/c880_0_0_594_24.5.blif

round 1
seed = 1567393778 patienceN = 0 patienceM = 0 frameNumber = 1024 nLocalPI = 30

0%   10   20   30   40   50   60   70   80   90   100%
|----|----|----|----|----|----|----|----|----|----|
***************************************************
best node n400 best error 0.000126953
time = 32568358
area = 588
delay = 23.6
write_blif appntk/c880_1_0.000126953_588_23.6.blif

round 2
seed = 1567393794 patienceN = 0 patienceM = 0 frameNumber = 1024 nLocalPI = 30

0%   10   20   30   40   50   60   70   80   90   100%
|----|----|----|----|----|----|----|----|----|----|
***************************************************
best node n367 best error 0.000166016
time = 52011711
area = 590
delay = 24.5
write_blif appntk/c880_2_0.000166016_590_24.5.blif

round 3
seed = 1567393811 patienceN = 0 patienceM = 0 frameNumber = 1024 nLocalPI = 30

0%   10   20   30   40   50   60   70   80   90   100%
|----|----|----|----|----|----|----|----|----|----|
***************************************************
best node n214 best error 0.000244141
time = 68622861
area = 580
delay = 23.6
write_blif appntk/c880_3_0.000244141_580_23.6.blif

round 4
seed = 1567393830 patienceN = 0 patienceM = 0 frameNumber = 1024 nLocalPI = 30

0%   10   20   30   40   50   60   70   80   90   100%
|----|----|----|----|----|----|----|----|----|----|
***************************************************
best node n288 best error 0.000517578
time = 85789383
area = 583
delay = 24.5
write_blif appntk/c880_4_0.000517578_583_24.5.blif

round 5
seed = 1567393847 patienceN = 0 patienceM = 0 frameNumber = 1024 nLocalPI = 30

0%   10   20   30   40   50   60   70   80   90   100%
|----|----|----|----|----|----|----|----|----|----|
***************************************************
best node n287 best error 0.000332031
time = 104983491
area = 575
delay = 23.6
write_blif appntk/c880_5_0.000332031_575_23.6.blif

round 6
seed = 1567393864 patienceN = 0 patienceM = 0 frameNumber = 1024 nLocalPI = 30

0%   10   20   30   40   50   60   70   80   90   100%
|----|----|----|----|----|----|----|----|----|----|
***************************************************
best node n270 best error 0.000351563
time = 120544800
area = 575
delay = 24.5
write_blif appntk/c880_6_0.000351563_575_24.5.blif

round 7
seed = 1567393883 patienceN = 0 patienceM = 0 frameNumber = 1024 nLocalPI = 30

0%   10   20   30   40   50   60   70   80   90   100%
|----|----|----|----|----|----|----|----|----|----|
***************************************************
best node n344 best error 0.000683594
time = 135617402
area = 570
delay = 23.6
write_blif appntk/c880_7_0.000683594_570_23.6.blif

round 8
seed = 1567393898 patienceN = 0 patienceM = 0 frameNumber = 1024 nLocalPI = 30

0%   10   20   30   40   50   60   70   80   90   100%
|----|----|----|----|----|----|----|----|----|----|
***************************************************
best node n369 best error 0.000859375
time = 148319032
area = 573
delay = 24.5
write_blif appntk/c880_8_0.000859375_573_24.5.blif

round 9
seed = 1567393914 patienceN = 0 patienceM = 0 frameNumber = 1024 nLocalPI = 30

0%   10   20   30   40   50   60   70   80   90   100%
|----|----|----|----|----|----|----|----|----|----|
***************************************************
change patienceN
time = 165917892
area = 569
delay = 23.6
write_blif appntk/c880_9_0.000859375_569_23.6.blif

round 10
seed = 1567393926 patienceN = 1 patienceM = 0 frameNumber = 1024 nLocalPI = 30

0%   10   20   30   40   50   60   70   80   90   100%
|----|----|----|----|----|----|----|----|----|----|
***************************************************
best node n249 best error 0.00110352
time = 182178736
area = 571
delay = 24.5
write_blif appntk/c880_10_0.00110352_571_24.5.blif

round 11
seed = 1567393944 patienceN = 0 patienceM = 0 frameNumber = 1024 nLocalPI = 30

0%   10   20   30   40   50   60   70   80   90   100%
|----|----|----|----|----|----|----|----|----|----|
***************************************************
best node n287 best error 0.00356445
time = 200569400
area = 566
delay = 23.6
write_blif appntk/c880_11_0.00356445_566_23.6.blif

round 12
seed = 1567393960 patienceN = 0 patienceM = 0 frameNumber = 1024 nLocalPI = 30

0%   10   20   30   40   50   60   70   80   90   100%
|----|----|----|----|----|----|----|----|----|----|
***************************************************
best node n316 best error 0.00396484
time = 215112730
area = 572
delay = 23.1
write_blif appntk/c880_12_0.00396484_572_23.1.blif

round 13
seed = 1567393978 patienceN = 0 patienceM = 0 frameNumber = 1024 nLocalPI = 30

0%   10   20   30   40   50   60   70   80   90   100%
|----|----|----|----|----|----|----|----|----|----|
***************************************************
best node n250 best error 0.00375977
time = 234694450
area = 572
delay = 23.1
write_blif appntk/c880_13_0.00375977_572_23.1.blif

round 14
seed = 1567393993 patienceN = 0 patienceM = 0 frameNumber = 1024 nLocalPI = 30

0%   10   20   30   40   50   60   70   80   90   100%
|----|----|----|----|----|----|----|----|----|----|
***************************************************
change patienceN
time = 249180919
area = 572
delay = 23.1
write_blif appntk/c880_14_0.00375977_572_23.1.blif

round 15
seed = 1567394013 patienceN = 1 patienceM = 0 frameNumber = 1024 nLocalPI = 30

0%   10   20   30   40   50   60   70   80   90   100%
|----|----|----|----|----|----|----|----|----|----|
***************************************************
change patienceN
time = 265539918
area = 572
delay = 23.1
write_blif appntk/c880_15_0.00375977_572_23.1.blif

round 16
seed = 1567394027 patienceN = 2 patienceM = 0 frameNumber = 1024 nLocalPI = 30

0%   10   20   30   40   50   60   70   80   90   100%
|----|----|----|----|----|----|----|----|----|----|
***************************************************
change patienceN
time = 282014978
area = 572
delay = 23.1
write_blif appntk/c880_16_0.00375977_572_23.1.blif

round 17
seed = 1567394043 patienceN = 0 patienceM = 0 frameNumber = 512 nLocalPI = 30

0%   10   20   30   40   50   60   70   80   90   100%
|----|----|----|----|----|----|----|----|----|----|
***************************************************
best node n370 best error 0.00361328
time = 292281331
area = 571
delay = 23.1
write_blif appntk/c880_17_0.00361328_571_23.1.blif

round 18
seed = 1567394060 patienceN = 0 patienceM = 0 frameNumber = 512 nLocalPI = 30

0%   10   20   30   40   50   60   70   80   90   100%
|----|----|----|----|----|----|----|----|----|----|
***************************************************
best node n341 best error 0.00337891
time = 300247341
area = 561
delay = 22.8
write_blif appntk/c880_18_0.00337891_561_22.8.blif

round 19
seed = 1567394070 patienceN = 0 patienceM = 0 frameNumber = 512 nLocalPI = 30

0%   10   20   30   40   50   60   70   80   90   100%
|----|----|----|----|----|----|----|----|----|----|
***************************************************
change patienceN
time = 306813875
area = 561
delay = 22.8
write_blif appntk/c880_19_0.00337891_561_22.8.blif

round 20
seed = 1567394078 patienceN = 1 patienceM = 0 frameNumber = 512 nLocalPI = 30

0%   10   20   30   40   50   60   70   80   90   100%
|----|----|----|----|----|----|----|----|----|----|
***************************************************
best node n213 best error 0.00400391
time = 313920092
area = 563
delay = 22.8
write_blif appntk/c880_20_0.00400391_563_22.8.blif

round 21
seed = 1567394085 patienceN = 0 patienceM = 0 frameNumber = 512 nLocalPI = 30

0%   10   20   30   40   50   60   70   80   90   100%
|----|----|----|----|----|----|----|----|----|----|
***************************************************
best node n303 best error 0.00428711
time = 320827955
area = 566
delay = 22.8
write_blif appntk/c880_21_0.00428711_566_22.8.blif

round 22
seed = 1567394092 patienceN = 0 patienceM = 0 frameNumber = 512 nLocalPI = 30

0%   10   20   30   40   50   60   70   80   90   100%
|----|----|----|----|----|----|----|----|----|----|
***************************************************
change patienceN
time = 327098182
area = 566
delay = 22.8
write_blif appntk/c880_22_0.00428711_566_22.8.blif

round 23
seed = 1567394099 patienceN = 1 patienceM = 0 frameNumber = 512 nLocalPI = 30

0%   10   20   30   40   50   60   70   80   90   100%
|----|----|----|----|----|----|----|----|----|----|
***************************************************
change patienceN
time = 335313729
area = 566
delay = 22.8
write_blif appntk/c880_23_0.00428711_566_22.8.blif

round 24
seed = 1567394105 patienceN = 2 patienceM = 0 frameNumber = 512 nLocalPI = 30

0%   10   20   30   40   50   60   70   80   90   100%
|----|----|----|----|----|----|----|----|----|----|
***************************************************
best node n187 best error 0.00495117
time = 342811366
area = 560
delay = 23
write_blif appntk/c880_24_0.00495117_560_23.blif

round 25
seed = 1567394113 patienceN = 0 patienceM = 0 frameNumber = 512 nLocalPI = 30

0%   10   20   30   40   50   60   70   80   90   100%
|----|----|----|----|----|----|----|----|----|----|
***************************************************
best node n284 best error 0.00513672
time = 352353603
area = 564
delay = 22.7
write_blif appntk/c880_25_0.00513672_564_22.7.blif

round 26
seed = 1567394121 patienceN = 0 patienceM = 0 frameNumber = 512 nLocalPI = 30

0%   10   20   30   40   50   60   70   80   90   100%
|----|----|----|----|----|----|----|----|----|----|
***************************************************
change patienceN
time = 360119932
area = 558
delay = 23.4
write_blif appntk/c880_26_0.00513672_558_23.4.blif

round 27
seed = 1567394130 patienceN = 1 patienceM = 0 frameNumber = 512 nLocalPI = 30

0%   10   20   30   40   50   60   70   80   90   100%
|----|----|----|----|----|----|----|----|----|----|
***************************************************
best node n292 best error 0.00519531
time = 366429328
area = 565
delay = 21.7
write_blif appntk/c880_27_0.00519531_565_21.7.blif

round 28
seed = 1567394138 patienceN = 0 patienceM = 0 frameNumber = 512 nLocalPI = 30

0%   10   20   30   40   50   60   70   80   90   100%
|----|----|----|----|----|----|----|----|----|----|
***************************************************
change patienceN
time = 372543106
area = 559
delay = 23.4
write_blif appntk/c880_28_0.00519531_559_23.4.blif

round 29
seed = 1567394144 patienceN = 1 patienceM = 0 frameNumber = 512 nLocalPI = 30

0%   10   20   30   40   50   60   70   80   90   100%
|----|----|----|----|----|----|----|----|----|----|
***************************************************
change patienceN
time = 378626650
area = 565
delay = 21.7
write_blif appntk/c880_29_0.00519531_565_21.7.blif

round 30
seed = 1567394151 patienceN = 2 patienceM = 0 frameNumber = 512 nLocalPI = 30

0%   10   20   30   40   50   60   70   80   90   100%
|----|----|----|----|----|----|----|----|----|----|
***************************************************
best node n114 best error 0.012373
time = 384915213
area = 558
delay = 23.4
write_blif appntk/c880_30_0.012373_558_23.4.blif

round 31
seed = 1567394157 patienceN = 0 patienceM = 0 frameNumber = 512 nLocalPI = 30

0%   10   20   30   40   50   60   70   80   90   100%
|----|----|----|----|----|----|----|----|----|----|
***************************************************
change patienceN
time = 391040999
area = 564
delay = 21.7
write_blif appntk/c880_31_0.012373_564_21.7.blif

round 32
seed = 1567394163 patienceN = 1 patienceM = 0 frameNumber = 512 nLocalPI = 30

0%   10   20   30   40   50   60   70   80   90   100%
|----|----|----|----|----|----|----|----|----|----|
***************************************************
change patienceN
time = 397115023
area = 558
delay = 23.4
write_blif appntk/c880_32_0.012373_558_23.4.blif

round 33
seed = 1567394169 patienceN = 2 patienceM = 0 frameNumber = 512 nLocalPI = 30

0%   10   20   30   40   50   60   70   80   90   100%
|----|----|----|----|----|----|----|----|----|----|
***************************************************
change patienceN
time = 403150490
area = 564
delay = 21.7
write_blif appntk/c880_33_0.012373_564_21.7.blif

round 34
seed = 1567394175 patienceN = 0 patienceM = 0 frameNumber = 256 nLocalPI = 30

0%   10   20   30   40   50   60   70   80   90   100%
|----|----|----|----|----|----|----|----|----|----|
***************************************************
change patienceN
time = 406584148
area = 558
delay = 23.4
write_blif appntk/c880_34_0.012373_558_23.4.blif

round 35
seed = 1567394181 patienceN = 1 patienceM = 0 frameNumber = 256 nLocalPI = 30

0%   10   20   30   40   50   60   70   80   90   100%
|----|----|----|----|----|----|----|----|----|----|
***************************************************
change patienceN
time = 410033450
area = 564
delay = 21.7
write_blif appntk/c880_35_0.012373_564_21.7.blif

round 36
seed = 1567394185 patienceN = 2 patienceM = 0 frameNumber = 256 nLocalPI = 30

0%   10   20   30   40   50   60   70   80   90   100%
|----|----|----|----|----|----|----|----|----|----|
***************************************************
best node n223 best error 0.0123828
time = 413966820
area = 560
delay = 24.2
write_blif appntk/c880_36_0.0123828_560_24.2.blif

round 37
seed = 1567394188 patienceN = 0 patienceM = 0 frameNumber = 256 nLocalPI = 30

0%   10   20   30   40   50   60   70   80   90   100%
|----|----|----|----|----|----|----|----|----|----|
***************************************************
best node n298 best error 0.0186035
time = 417525267
area = 554
delay = 21.7
write_blif appntk/c880_37_0.0186035_554_21.7.blif

round 38
seed = 1567394192 patienceN = 0 patienceM = 0 frameNumber = 256 nLocalPI = 30

0%   10   20   30   40   50   60   70   80   90   100%
|----|----|----|----|----|----|----|----|----|----|
***************************************************
best node n190 best error 0.018457
time = 421160579
area = 545
delay = 22.2
write_blif appntk/c880_38_0.018457_545_22.2.blif

round 39
seed = 1567394196 patienceN = 0 patienceM = 0 frameNumber = 256 nLocalPI = 30

0%   10   20   30   40   50   60   70   80   90   100%
|----|----|----|----|----|----|----|----|----|----|
***************************************************
best node n217 best error 0.0177637
time = 424794989
area = 541
delay = 21
write_blif appntk/c880_39_0.0177637_541_21.blif

round 40
seed = 1567394199 patienceN = 0 patienceM = 0 frameNumber = 256 nLocalPI = 30

0%   10   20   30   40   50   60   70   80   90   100%
|----|----|----|----|----|----|----|----|----|----|
***************************************************
best node n292 best error 0.0265137
time = 428082211
area = 539
delay = 23.1
write_blif appntk/c880_40_0.0265137_539_23.1.blif

round 41
seed = 1567394203 patienceN = 0 patienceM = 0 frameNumber = 256 nLocalPI = 30

0%   10   20   30   40   50   60   70   80   90   100%
|----|----|----|----|----|----|----|----|----|----|
***************************************************
best node n175 best error 0.0289258
time = 431417738
area = 519
delay = 22.2
write_blif appntk/c880_41_0.0289258_519_22.2.blif

round 42
seed = 1567394206 patienceN = 0 patienceM = 0 frameNumber = 256 nLocalPI = 30

0%   10   20   30   40   50   60   70   80   90   100%
|----|----|----|----|----|----|----|----|----|----|
***************************************************
change patienceN
time = 434467212
area = 524
delay = 22.7
write_blif appntk/c880_42_0.0289258_524_22.7.blif

round 43
seed = 1567394209 patienceN = 1 patienceM = 0 frameNumber = 256 nLocalPI = 30

0%   10   20   30   40   50   60   70   80   90   100%
|----|----|----|----|----|----|----|----|----|----|
***************************************************
best node n288 best error 0.0289453
time = 437747574
area = 520
delay = 21.8
write_blif appntk/c880_43_0.0289453_520_21.8.blif

round 44
seed = 1567394212 patienceN = 0 patienceM = 0 frameNumber = 256 nLocalPI = 30

0%   10   20   30   40   50   60   70   80   90   100%
|----|----|----|----|----|----|----|----|----|----|
***************************************************
best node n294 best error 0.0355273
time = 440909395
area = 509
delay = 23.4
write_blif appntk/c880_44_0.0355273_509_23.4.blif

round 45
seed = 1567394216 patienceN = 0 patienceM = 0 frameNumber = 256 nLocalPI = 30

0%   10   20   30   40   50   60   70   80   90   100%
|----|----|----|----|----|----|----|----|----|----|
***************************************************
best node n178 best error 0.0390625
time = 443943092
area = 517
delay = 21.9
write_blif appntk/c880_45_0.0390625_517_21.9.blif

round 46
seed = 1567394219 patienceN = 0 patienceM = 0 frameNumber = 256 nLocalPI = 30

0%   10   20   30   40   50   60   70   80   90   100%
|----|----|----|----|----|----|----|----|----|----|
***************************************************
best node n98 best error 0.0458789
time = 446676104
area = 524
delay = 22.6
write_blif appntk/c880_46_0.0458789_524_22.6.blif

round 47
seed = 1567394222 patienceN = 0 patienceM = 0 frameNumber = 256 nLocalPI = 30

0%   10   20   30   40   50   60   70   80   90   100%
|----|----|----|----|----|----|----|----|----|----|
***************************************************
change patienceN
time = 449288850
area = 516
delay = 21.9
write_blif appntk/c880_47_0.0458789_516_21.9.blif

round 48
seed = 1567394225 patienceN = 1 patienceM = 0 frameNumber = 256 nLocalPI = 30

0%   10   20   30   40   50   60   70   80   90   100%
|----|----|----|----|----|----|----|----|----|----|
***************************************************
change patienceN
time = 451913319
area = 522
delay = 22.6
write_blif appntk/c880_48_0.0458789_522_22.6.blif

round 49
seed = 1567394227 patienceN = 2 patienceM = 0 frameNumber = 256 nLocalPI = 30

0%   10   20   30   40   50   60   70   80   90   100%
|----|----|----|----|----|----|----|----|----|----|
***************************************************
change patienceM
time = 454610395
area = 516
delay = 21.9
write_blif appntk/c880_49_0.0458789_516_21.9.blif

round 50
seed = 1567394230 patienceN = 2 patienceM = 1 frameNumber = 256 nLocalPI = 30

0%   10   20   30   40   50   60   70   80   90   100%
|----|----|----|----|----|----|----|----|----|----|
***************************************************
change patienceM
time = 457357058
area = 524
delay = 22.6
write_blif appntk/c880_50_0.0458789_524_22.6.blif

round 51
seed = 1567394233 patienceN = 2 patienceM = 2 frameNumber = 256 nLocalPI = 30

0%   10   20   30   40   50   60   70   80   90   100%
|----|----|----|----|----|----|----|----|----|----|
***************************************************
change patienceN
time = 460040317
area = 516
delay = 21.9
write_blif appntk/c880_51_0.0458789_516_21.9.blif

round 52
seed = 1567394235 patienceN = 0 patienceM = 0 frameNumber = 128 nLocalPI = 30

0%   10   20   30   40   50   60   70   80   90   100%
|----|----|----|----|----|----|----|----|----|----|
***************************************************
change patienceN
time = 461681632
area = 522
delay = 22.6
write_blif appntk/c880_52_0.0458789_522_22.6.blif

round 53
seed = 1567394238 patienceN = 1 patienceM = 0 frameNumber = 128 nLocalPI = 30

0%   10   20   30   40   50   60   70   80   90   100%
|----|----|----|----|----|----|----|----|----|----|
***************************************************
change patienceM
time = 463598242
area = 516
delay = 21.9
write_blif appntk/c880_53_0.0458789_516_21.9.blif

round 54
seed = 1567394240 patienceN = 1 patienceM = 1 frameNumber = 128 nLocalPI = 30

0%   10   20   30   40   50   60   70   80   90   100%
|----|----|----|----|----|----|----|----|----|----|
***************************************************
best node n265 best error 0.0492676
time = 465620541
area = 533
delay = 23.5
write_blif appntk/c880_54_0.0492676_533_23.5.blif

round 55
seed = 1567394242 patienceN = 0 patienceM = 0 frameNumber = 128 nLocalPI = 30

0%   10   20   30   40   50   60   70   80   90   100%
|----|----|----|----|----|----|----|----|----|----|
***************************************************
change patienceM
time = 467789126
area = 529
delay = 23.8
write_blif appntk/c880_55_0.0492676_529_23.8.blif

round 56
seed = 1567394244 patienceN = 0 patienceM = 1 frameNumber = 128 nLocalPI = 30

0%   10   20   30   40   50   60   70   80   90   100%
|----|----|----|----|----|----|----|----|----|----|
***************************************************
change patienceM
time = 470043079
area = 531
delay = 23.5
write_blif appntk/c880_56_0.0492676_531_23.5.blif

round 57
seed = 1567394246 patienceN = 0 patienceM = 2 frameNumber = 128 nLocalPI = 30

0%   10   20   30   40   50   60   70   80   90   100%
|----|----|----|----|----|----|----|----|----|----|
***************************************************
change patienceM
time = 472135147
area = 530
delay = 23.8
write_blif appntk/c880_57_0.0492676_530_23.8.blif

round 58
seed = 1567394248 patienceN = 0 patienceM = 0 frameNumber = 128 nLocalPI = 29

0%   10   20   30   40   50   60   70   80   90   100%
|----|----|----|----|----|----|----|----|----|----|
***************************************************
change patienceM
time = 473897360
area = 533
delay = 23.5
write_blif appntk/c880_58_0.0492676_533_23.5.blif

round 59
seed = 1567394250 patienceN = 0 patienceM = 1 frameNumber = 128 nLocalPI = 29

0%   10   20   30   40   50   60   70   80   90   100%
|----|----|----|----|----|----|----|----|----|----|
***************************************************
change patienceM
time = 475595316
area = 529
delay = 23.8
write_blif appntk/c880_59_0.0492676_529_23.8.blif

round 60
seed = 1567394252 patienceN = 0 patienceM = 2 frameNumber = 128 nLocalPI = 29

0%   10   20   30   40   50   60   70   80   90   100%
|----|----|----|----|----|----|----|----|----|----|
***************************************************
change patienceN
time = 477854654
area = 531
delay = 23.5
write_blif appntk/c880_60_0.0492676_531_23.5.blif

round 61
seed = 1567394254 patienceN = 1 patienceM = 2 frameNumber = 128 nLocalPI = 29

0%   10   20   30   40   50   60   70   80   90   100%
|----|----|----|----|----|----|----|----|----|----|
***************************************************
change patienceM
time = 479622766
area = 530
delay = 23.8
write_blif appntk/c880_61_0.0492676_530_23.8.blif

round 62
seed = 1567394256 patienceN = 0 patienceM = 0 frameNumber = 128 nLocalPI = 28

0%   10   20   30   40   50   60   70   80   90   100%
|----|----|----|----|----|----|----|----|----|----|
***************************************************
change patienceM
time = 481435566
area = 533
delay = 23.5
write_blif appntk/c880_62_0.0492676_533_23.5.blif

round 63
seed = 1567394258 patienceN = 0 patienceM = 1 frameNumber = 128 nLocalPI = 28

0%   10   20   30   40   50   60   70   80   90   100%
|----|----|----|----|----|----|----|----|----|----|
***************************************************
change patienceM
time = 483362272
area = 529
delay = 23.8
write_blif appntk/c880_63_0.0492676_529_23.8.blif

round 64
seed = 1567394259 patienceN = 0 patienceM = 2 frameNumber = 128 nLocalPI = 28

0%   10   20   30   40   50   60   70   80   90   100%
|----|----|----|----|----|----|----|----|----|----|
***************************************************
change patienceM
time = 484951232
area = 531
delay = 23.5
write_blif appntk/c880_64_0.0492676_531_23.5.blif

round 65
seed = 1567394261 patienceN = 0 patienceM = 0 frameNumber = 128 nLocalPI = 27

0%   10   20   30   40   50   60   70   80   90   100%
|----|----|----|----|----|----|----|----|----|----|
***************************************************
change patienceM
time = 486637160
area = 530
delay = 23.8
write_blif appntk/c880_65_0.0492676_530_23.8.blif

round 66
seed = 1567394263 patienceN = 0 patienceM = 1 frameNumber = 128 nLocalPI = 27

0%   10   20   30   40   50   60   70   80   90   100%
|----|----|----|----|----|----|----|----|----|----|
***************************************************
change patienceM
time = 488196254
area = 533
delay = 23.5
write_blif appntk/c880_66_0.0492676_533_23.5.blif

round 67
seed = 1567394265 patienceN = 0 patienceM = 2 frameNumber = 128 nLocalPI = 27

0%   10   20   30   40   50   60   70   80   90   100%
|----|----|----|----|----|----|----|----|----|----|
***************************************************
change patienceM
time = 489845149
area = 529
delay = 23.8
write_blif appntk/c880_67_0.0492676_529_23.8.blif

round 68
seed = 1567394266 patienceN = 0 patienceM = 0 frameNumber = 128 nLocalPI = 26

0%   10   20   30   40   50   60   70   80   90   100%
|----|----|----|----|----|----|----|----|----|----|
***************************************************
change patienceM
time = 491453048
area = 531
delay = 23.5
write_blif appntk/c880_68_0.0492676_531_23.5.blif

round 69
seed = 1567394268 patienceN = 0 patienceM = 1 frameNumber = 128 nLocalPI = 26

0%   10   20   30   40   50   60   70   80   90   100%
|----|----|----|----|----|----|----|----|----|----|
***************************************************
change patienceM
time = 493132435
area = 530
delay = 23.8
write_blif appntk/c880_69_0.0492676_530_23.8.blif

round 70
seed = 1567394269 patienceN = 0 patienceM = 2 frameNumber = 128 nLocalPI = 26

0%   10   20   30   40   50   60   70   80   90   100%
|----|----|----|----|----|----|----|----|----|----|
***************************************************
change patienceM
time = 494925711
area = 533
delay = 23.5
write_blif appntk/c880_70_0.0492676_533_23.5.blif

round 71
seed = 1567394271 patienceN = 0 patienceM = 0 frameNumber = 128 nLocalPI = 25

0%   10   20   30   40   50   60   70   80   90   100%
|----|----|----|----|----|----|----|----|----|----|
***************************************************
change patienceM
time = 497207102
area = 529
delay = 23.8
write_blif appntk/c880_71_0.0492676_529_23.8.blif

round 72
seed = 1567394273 patienceN = 0 patienceM = 1 frameNumber = 128 nLocalPI = 25

0%   10   20   30   40   50   60   70   80   90   100%
|----|----|----|----|----|----|----|----|----|----|
***************************************************
change patienceM
time = 499589748
area = 531
delay = 23.5
write_blif appntk/c880_72_0.0492676_531_23.5.blif

round 73
seed = 1567394275 patienceN = 0 patienceM = 2 frameNumber = 128 nLocalPI = 25

0%   10   20   30   40   50   60   70   80   90   100%
|----|----|----|----|----|----|----|----|----|----|
***************************************************
change patienceM
time = 501956297
area = 530
delay = 23.8
write_blif appntk/c880_73_0.0492676_530_23.8.blif

round 74
seed = 1567394278 patienceN = 0 patienceM = 0 frameNumber = 128 nLocalPI = 24

0%   10   20   30   40   50   60   70   80   90   100%
|----|----|----|----|----|----|----|----|----|----|
***************************************************
change patienceM
time = 504410283
area = 533
delay = 23.5
write_blif appntk/c880_74_0.0492676_533_23.5.blif

round 75
seed = 1567394280 patienceN = 0 patienceM = 1 frameNumber = 128 nLocalPI = 24

0%   10   20   30   40   50   60   70   80   90   100%
|----|----|----|----|----|----|----|----|----|----|
***************************************************
change patienceM
time = 507142798
area = 529
delay = 23.8
write_blif appntk/c880_75_0.0492676_529_23.8.blif

round 76
seed = 1567394283 patienceN = 0 patienceM = 2 frameNumber = 128 nLocalPI = 24

0%   10   20   30   40   50   60   70   80   90   100%
|----|----|----|----|----|----|----|----|----|----|
***************************************************
change patienceM
time = 510499396
area = 531
delay = 23.5
write_blif appntk/c880_76_0.0492676_531_23.5.blif

round 77
seed = 1567394285 patienceN = 0 patienceM = 0 frameNumber = 128 nLocalPI = 23

0%   10   20   30   40   50   60   70   80   90   100%
|----|----|----|----|----|----|----|----|----|----|
***************************************************
change patienceM
time = 512823345
area = 530
delay = 23.8
write_blif appntk/c880_77_0.0492676_530_23.8.blif

round 78
seed = 1567394289 patienceN = 0 patienceM = 1 frameNumber = 128 nLocalPI = 23

0%   10   20   30   40   50   60   70   80   90   100%
|----|----|----|----|----|----|----|----|----|----|
***************************************************
change patienceM
time = 515061353
area = 533
delay = 23.5
write_blif appntk/c880_78_0.0492676_533_23.5.blif

round 79
seed = 1567394291 patienceN = 0 patienceM = 2 frameNumber = 128 nLocalPI = 23

0%   10   20   30   40   50   60   70   80   90   100%
|----|----|----|----|----|----|----|----|----|----|
***************************************************
change patienceN
time = 516890386
area = 529
delay = 23.8
write_blif appntk/c880_79_0.0492676_529_23.8.blif

round 80
seed = 1567394293 patienceN = 1 patienceM = 2 frameNumber = 128 nLocalPI = 23

0%   10   20   30   40   50   60   70   80   90   100%
|----|----|----|----|----|----|----|----|----|----|
***************************************************
change patienceN
time = 518260533
area = 531
delay = 23.5
write_blif appntk/c880_80_0.0492676_531_23.5.blif

round 81
seed = 1567394295 patienceN = 2 patienceM = 2 frameNumber = 128 nLocalPI = 23

0%   10   20   30   40   50   60   70   80   90   100%
|----|----|----|----|----|----|----|----|----|----|
***************************************************
change patienceM
time = 519783008
area = 530
delay = 23.8
write_blif appntk/c880_81_0.0492676_530_23.8.blif

round 82
seed = 1567394296 patienceN = 0 patienceM = 0 frameNumber = 128 nLocalPI = 22

0%   10   20   30   40   50   60   70   80   90   100%
|----|----|----|----|----|----|----|----|----|----|
***************************************************
change patienceM
time = 521453317
area = 533
delay = 23.5
write_blif appntk/c880_82_0.0492676_533_23.5.blif

round 83
seed = 1567394298 patienceN = 0 patienceM = 1 frameNumber = 128 nLocalPI = 22

0%   10   20   30   40   50   60   70   80   90   100%
|----|----|----|----|----|----|----|----|----|----|
***************************************************
change patienceM
time = 523254879
area = 529
delay = 23.8
write_blif appntk/c880_83_0.0492676_529_23.8.blif

round 84
seed = 1567394299 patienceN = 0 patienceM = 2 frameNumber = 128 nLocalPI = 22

0%   10   20   30   40   50   60   70   80   90   100%
|----|----|----|----|----|----|----|----|----|----|
***************************************************
change patienceM
time = 526203638
area = 531
delay = 23.5
write_blif appntk/c880_84_0.0492676_531_23.5.blif

round 85
seed = 1567394301 patienceN = 0 patienceM = 0 frameNumber = 128 nLocalPI = 21

0%   10   20   30   40   50   60   70   80   90   100%
|----|----|----|----|----|----|----|----|----|----|
***************************************************
change patienceM
time = 528636088
area = 530
delay = 23.8
write_blif appntk/c880_85_0.0492676_530_23.8.blif

round 86
seed = 1567394304 patienceN = 0 patienceM = 1 frameNumber = 128 nLocalPI = 21

0%   10   20   30   40   50   60   70   80   90   100%
|----|----|----|----|----|----|----|----|----|----|
***************************************************
change patienceM
time = 530698883
area = 533
delay = 23.5
write_blif appntk/c880_86_0.0492676_533_23.5.blif

round 87
seed = 1567394307 patienceN = 0 patienceM = 2 frameNumber = 128 nLocalPI = 21

0%   10   20   30   40   50   60   70   80   90   100%
|----|----|----|----|----|----|----|----|----|----|
***************************************************
change patienceM
time = 532870226
area = 529
delay = 23.8
write_blif appntk/c880_87_0.0492676_529_23.8.blif

round 88
seed = 1567394309 patienceN = 0 patienceM = 0 frameNumber = 128 nLocalPI = 20

0%   10   20   30   40   50   60   70   80   90   100%
|----|----|----|----|----|----|----|----|----|----|
***************************************************
change patienceN
time = 534838730
area = 531
delay = 23.5
write_blif appntk/c880_88_0.0492676_531_23.5.blif

round 89
seed = 1567394311 patienceN = 1 patienceM = 0 frameNumber = 128 nLocalPI = 20

0%   10   20   30   40   50   60   70   80   90   100%
|----|----|----|----|----|----|----|----|----|----|
***************************************************
change patienceM
time = 537373371
area = 530
delay = 23.8
write_blif appntk/c880_89_0.0492676_530_23.8.blif

round 90
seed = 1567394313 patienceN = 1 patienceM = 1 frameNumber = 128 nLocalPI = 20

0%   10   20   30   40   50   60   70   80   90   100%
|----|----|----|----|----|----|----|----|----|----|
***************************************************
change patienceM
time = 539440491
area = 533
delay = 23.5
write_blif appntk/c880_90_0.0492676_533_23.5.blif

round 91
seed = 1567394315 patienceN = 1 patienceM = 2 frameNumber = 128 nLocalPI = 20

0%   10   20   30   40   50   60   70   80   90   100%
|----|----|----|----|----|----|----|----|----|----|
***************************************************
change patienceM
time = 541671789
area = 529
delay = 23.8
write_blif appntk/c880_91_0.0492676_529_23.8.blif

round 92
seed = 1567394318 patienceN = 0 patienceM = 0 frameNumber = 128 nLocalPI = 19

0%   10   20   30   40   50   60   70   80   90   100%
|----|----|----|----|----|----|----|----|----|----|
***************************************************
change patienceM
time = 543737147
area = 531
delay = 23.5
write_blif appntk/c880_92_0.0492676_531_23.5.blif

round 93
seed = 1567394320 patienceN = 0 patienceM = 1 frameNumber = 128 nLocalPI = 19

0%   10   20   30   40   50   60   70   80   90   100%
|----|----|----|----|----|----|----|----|----|----|
***************************************************
change patienceM
time = 545718205
area = 530
delay = 23.8
write_blif appntk/c880_93_0.0492676_530_23.8.blif

round 94
seed = 1567394322 patienceN = 0 patienceM = 2 frameNumber = 128 nLocalPI = 19

0%   10   20   30   40   50   60   70   80   90   100%
|----|----|----|----|----|----|----|----|----|----|
***************************************************
change patienceM
time = 547451127
area = 533
delay = 23.5
write_blif appntk/c880_94_0.0492676_533_23.5.blif

round 95
seed = 1567394324 patienceN = 0 patienceM = 0 frameNumber = 128 nLocalPI = 18

0%   10   20   30   40   50   60   70   80   90   100%
|----|----|----|----|----|----|----|----|----|----|
***************************************************
change patienceM
time = 549237601
area = 529
delay = 23.8
write_blif appntk/c880_95_0.0492676_529_23.8.blif

round 96
seed = 1567394325 patienceN = 0 patienceM = 1 frameNumber = 128 nLocalPI = 18

0%   10   20   30   40   50   60   70   80   90   100%
|----|----|----|----|----|----|----|----|----|----|
***************************************************
change patienceM
time = 550639482
area = 531
delay = 23.5
write_blif appntk/c880_96_0.0492676_531_23.5.blif

round 97
seed = 1567394327 patienceN = 0 patienceM = 2 frameNumber = 128 nLocalPI = 18

0%   10   20   30   40   50   60   70   80   90   100%
|----|----|----|----|----|----|----|----|----|----|
***************************************************
change patienceM
time = 552658818
area = 530
delay = 23.8
write_blif appntk/c880_97_0.0492676_530_23.8.blif

round 98
seed = 1567394329 patienceN = 0 patienceM = 0 frameNumber = 128 nLocalPI = 17

0%   10   20   30   40   50   60   70   80   90   100%
|----|----|----|----|----|----|----|----|----|----|
***************************************************
change patienceM
time = 553957474
area = 533
delay = 23.5
write_blif appntk/c880_98_0.0492676_533_23.5.blif

round 99
seed = 1567394331 patienceN = 0 patienceM = 1 frameNumber = 128 nLocalPI = 17

0%   10   20   30   40   50   60   70   80   90   100%
|----|----|----|----|----|----|----|----|----|----|
***************************************************
change patienceM
time = 555554630
area = 529
delay = 23.8
write_blif appntk/c880_99_0.0492676_529_23.8.blif

round 100
seed = 1567394332 patienceN = 0 patienceM = 2 frameNumber = 128 nLocalPI = 17

0%   10   20   30   40   50   60   70   80   90   100%
|----|----|----|----|----|----|----|----|----|----|
***************************************************
change patienceN
time = 556769495
area = 531
delay = 23.5
write_blif appntk/c880_100_0.0492676_531_23.5.blif

round 101
seed = 1567394334 patienceN = 1 patienceM = 2 frameNumber = 128 nLocalPI = 17

0%   10   20   30   40   50   60   70   80   90   100%
|----|----|----|----|----|----|----|----|----|----|
***************************************************
change patienceM
time = 558074668
area = 530
delay = 23.8
write_blif appntk/c880_101_0.0492676_530_23.8.blif

round 102
seed = 1567394335 patienceN = 0 patienceM = 0 frameNumber = 128 nLocalPI = 16

0%   10   20   30   40   50   60   70   80   90   100%
|----|----|----|----|----|----|----|----|----|----|
***************************************************
change patienceM
time = 559344936
area = 533
delay = 23.5
write_blif appntk/c880_102_0.0492676_533_23.5.blif

round 103
seed = 1567394336 patienceN = 0 patienceM = 1 frameNumber = 128 nLocalPI = 16

0%   10   20   30   40   50   60   70   80   90   100%
|----|----|----|----|----|----|----|----|----|----|
***************************************************
change patienceM
time = 560846309
area = 529
delay = 23.8
write_blif appntk/c880_103_0.0492676_529_23.8.blif

round 104
seed = 1567394337 patienceN = 0 patienceM = 2 frameNumber = 128 nLocalPI = 16

0%   10   20   30   40   50   60   70   80   90   100%
|----|----|----|----|----|----|----|----|----|----|
***************************************************
change patienceM
time = 562799509
area = 531
delay = 23.5
write_blif appntk/c880_104_0.0492676_531_23.5.blif

round 105
seed = 1567394339 patienceN = 0 patienceM = 0 frameNumber = 128 nLocalPI = 15

0%   10   20   30   40   50   60   70   80   90   100%
|----|----|----|----|----|----|----|----|----|----|
***************************************************
change patienceM
time = 564426011
area = 530
delay = 23.8
write_blif appntk/c880_105_0.0492676_530_23.8.blif

round 106
seed = 1567394341 patienceN = 0 patienceM = 1 frameNumber = 128 nLocalPI = 15

0%   10   20   30   40   50   60   70   80   90   100%
|----|----|----|----|----|----|----|----|----|----|
***************************************************
change patienceM
time = 565750320
area = 533
delay = 23.5
write_blif appntk/c880_106_0.0492676_533_23.5.blif

round 107
seed = 1567394342 patienceN = 0 patienceM = 2 frameNumber = 128 nLocalPI = 15

0%   10   20   30   40   50   60   70   80   90   100%
|----|----|----|----|----|----|----|----|----|----|
***************************************************
change patienceM
time = 567376915
area = 529
delay = 23.8
write_blif appntk/c880_107_0.0492676_529_23.8.blif

round 108
seed = 1567394344 patienceN = 0 patienceM = 0 frameNumber = 128 nLocalPI = 14

0%   10   20   30   40   50   60   70   80   90   100%
|----|----|----|----|----|----|----|----|----|----|
***************************************************
change patienceM
time = 568669106
area = 531
delay = 23.5
write_blif appntk/c880_108_0.0492676_531_23.5.blif

round 109
seed = 1567394345 patienceN = 0 patienceM = 1 frameNumber = 128 nLocalPI = 14

0%   10   20   30   40   50   60   70   80   90   100%
|----|----|----|----|----|----|----|----|----|----|
***************************************************
change patienceM
time = 570114425
area = 530
delay = 23.8
write_blif appntk/c880_109_0.0492676_530_23.8.blif

round 110
seed = 1567394347 patienceN = 0 patienceM = 2 frameNumber = 128 nLocalPI = 14

0%   10   20   30   40   50   60   70   80   90   100%
|----|----|----|----|----|----|----|----|----|----|
***************************************************
change patienceM
time = 571626643
area = 533
delay = 23.5
write_blif appntk/c880_110_0.0492676_533_23.5.blif

round 111
seed = 1567394348 patienceN = 0 patienceM = 0 frameNumber = 128 nLocalPI = 13

0%   10   20   30   40   50   60   70   80   90   100%
|----|----|----|----|----|----|----|----|----|----|
***************************************************
change patienceM
time = 572808224
area = 529
delay = 23.8
write_blif appntk/c880_111_0.0492676_529_23.8.blif

round 112
seed = 1567394350 patienceN = 0 patienceM = 1 frameNumber = 128 nLocalPI = 13

0%   10   20   30   40   50   60   70   80   90   100%
|----|----|----|----|----|----|----|----|----|----|
***************************************************
change patienceM
time = 574293750
area = 531
delay = 23.5
write_blif appntk/c880_112_0.0492676_531_23.5.blif

round 113
seed = 1567394351 patienceN = 0 patienceM = 2 frameNumber = 128 nLocalPI = 13

0%   10   20   30   40   50   60   70   80   90   100%
|----|----|----|----|----|----|----|----|----|----|
***************************************************
change patienceM
time = 576010883
area = 530
delay = 23.8
write_blif appntk/c880_113_0.0492676_530_23.8.blif

round 114
seed = 1567394352 patienceN = 0 patienceM = 0 frameNumber = 128 nLocalPI = 12

0%   10   20   30   40   50   60   70   80   90   100%
|----|----|----|----|----|----|----|----|----|----|
***************************************************
change patienceM
time = 577143736
area = 533
delay = 23.5
write_blif appntk/c880_114_0.0492676_533_23.5.blif

round 115
seed = 1567394354 patienceN = 0 patienceM = 1 frameNumber = 128 nLocalPI = 12

0%   10   20   30   40   50   60   70   80   90   100%
|----|----|----|----|----|----|----|----|----|----|
***************************************************
change patienceM
time = 578512227
area = 529
delay = 23.8
write_blif appntk/c880_115_0.0492676_529_23.8.blif

round 116
seed = 1567394355 patienceN = 0 patienceM = 2 frameNumber = 128 nLocalPI = 12

0%   10   20   30   40   50   60   70   80   90   100%
|----|----|----|----|----|----|----|----|----|----|
***************************************************
change patienceM
time = 579723659
area = 531
delay = 23.5
write_blif appntk/c880_116_0.0492676_531_23.5.blif

round 117
seed = 1567394357 patienceN = 0 patienceM = 0 frameNumber = 128 nLocalPI = 11

0%   10   20   30   40   50   60   70   80   90   100%
|----|----|----|----|----|----|----|----|----|----|
***************************************************
change patienceM
time = 581433986
area = 530
delay = 23.8
write_blif appntk/c880_117_0.0492676_530_23.8.blif

round 118
seed = 1567394358 patienceN = 0 patienceM = 1 frameNumber = 128 nLocalPI = 11

0%   10   20   30   40   50   60   70   80   90   100%
|----|----|----|----|----|----|----|----|----|----|
***************************************************
change patienceM
time = 582605985
area = 533
delay = 23.5
write_blif appntk/c880_118_0.0492676_533_23.5.blif

round 119
seed = 1567394359 patienceN = 0 patienceM = 2 frameNumber = 128 nLocalPI = 11

0%   10   20   30   40   50   60   70   80   90   100%
|----|----|----|----|----|----|----|----|----|----|
***************************************************
change patienceM
time = 583940467
area = 529
delay = 23.8
write_blif appntk/c880_119_0.0492676_529_23.8.blif

round 120
seed = 1567394361 patienceN = 0 patienceM = 0 frameNumber = 128 nLocalPI = 10

0%   10   20   30   40   50   60   70   80   90   100%
|----|----|----|----|----|----|----|----|----|----|
***************************************************
change patienceM
time = 585167838
area = 531
delay = 23.5
write_blif appntk/c880_120_0.0492676_531_23.5.blif

round 121
seed = 1567394362 patienceN = 0 patienceM = 1 frameNumber = 128 nLocalPI = 10

0%   10   20   30   40   50   60   70   80   90   100%
|----|----|----|----|----|----|----|----|----|----|
***************************************************
change patienceM
time = 586237547
area = 530
delay = 23.8
write_blif appntk/c880_121_0.0492676_530_23.8.blif

round 122
seed = 1567394363 patienceN = 0 patienceM = 2 frameNumber = 128 nLocalPI = 10

0%   10   20   30   40   50   60   70   80   90   100%
|----|----|----|----|----|----|----|----|----|----|
***************************************************
change patienceM
time = 587537277
area = 533
delay = 23.5
write_blif appntk/c880_122_0.0492676_533_23.5.blif

round 123
seed = 1567394364 patienceN = 0 patienceM = 0 frameNumber = 128 nLocalPI = 9

0%   10   20   30   40   50   60   70   80   90   100%
|----|----|----|----|----|----|----|----|----|----|
***************************************************
change patienceM
time = 588574649
area = 529
delay = 23.8
write_blif appntk/c880_123_0.0492676_529_23.8.blif

round 124
seed = 1567394366 patienceN = 0 patienceM = 1 frameNumber = 128 nLocalPI = 9

0%   10   20   30   40   50   60   70   80   90   100%
|----|----|----|----|----|----|----|----|----|----|
***************************************************
change patienceM
time = 589607193
area = 531
delay = 23.5
write_blif appntk/c880_124_0.0492676_531_23.5.blif

round 125
seed = 1567394367 patienceN = 0 patienceM = 2 frameNumber = 128 nLocalPI = 9

0%   10   20   30   40   50   60   70   80   90   100%
|----|----|----|----|----|----|----|----|----|----|
***************************************************
change patienceM
time = 590779337
area = 530
delay = 23.8
write_blif appntk/c880_125_0.0492676_530_23.8.blif

round 126
seed = 1567394368 patienceN = 0 patienceM = 0 frameNumber = 128 nLocalPI = 8

0%   10   20   30   40   50   60   70   80   90   100%
|----|----|----|----|----|----|----|----|----|----|
***************************************************
change patienceM
time = 591905193
area = 533
delay = 23.5
write_blif appntk/c880_126_0.0492676_533_23.5.blif

round 127
seed = 1567394369 patienceN = 0 patienceM = 1 frameNumber = 128 nLocalPI = 8

0%   10   20   30   40   50   60   70   80   90   100%
|----|----|----|----|----|----|----|----|----|----|
***************************************************
change patienceM
time = 593039854
area = 529
delay = 23.8
write_blif appntk/c880_127_0.0492676_529_23.8.blif

round 128
seed = 1567394370 patienceN = 0 patienceM = 2 frameNumber = 128 nLocalPI = 8

0%   10   20   30   40   50   60   70   80   90   100%
|----|----|----|----|----|----|----|----|----|----|
***************************************************
change patienceM
time = 594412199
area = 531
delay = 23.5
write_blif appntk/c880_128_0.0492676_531_23.5.blif

round 129
seed = 1567394371 patienceN = 0 patienceM = 0 frameNumber = 128 nLocalPI = 7

0%   10   20   30   40   50   60   70   80   90   100%
|----|----|----|----|----|----|----|----|----|----|
***************************************************
change patienceM
time = 595371571
area = 530
delay = 23.8
write_blif appntk/c880_129_0.0492676_530_23.8.blif

round 130
seed = 1567394372 patienceN = 0 patienceM = 1 frameNumber = 128 nLocalPI = 7

0%   10   20   30   40   50   60   70   80   90   100%
|----|----|----|----|----|----|----|----|----|----|
***************************************************
change patienceM
time = 596708312
area = 533
delay = 23.5
write_blif appntk/c880_130_0.0492676_533_23.5.blif

round 131
seed = 1567394373 patienceN = 0 patienceM = 2 frameNumber = 128 nLocalPI = 7

0%   10   20   30   40   50   60   70   80   90   100%
|----|----|----|----|----|----|----|----|----|----|
***************************************************
change patienceM
time = 597812368
area = 529
delay = 23.8
write_blif appntk/c880_131_0.0492676_529_23.8.blif

round 132
seed = 1567394375 patienceN = 0 patienceM = 0 frameNumber = 128 nLocalPI = 6

0%   10   20   30   40   50   60   70   80   90   100%
|----|----|----|----|----|----|----|----|----|----|
***************************************************
change patienceM
time = 599055006
area = 531
delay = 23.5
write_blif appntk/c880_132_0.0492676_531_23.5.blif

round 133
seed = 1567394376 patienceN = 0 patienceM = 1 frameNumber = 128 nLocalPI = 6

0%   10   20   30   40   50   60   70   80   90   100%
|----|----|----|----|----|----|----|----|----|----|
***************************************************
change patienceM
time = 600294422
area = 530
delay = 23.8
write_blif appntk/c880_133_0.0492676_530_23.8.blif

round 134
seed = 1567394377 patienceN = 0 patienceM = 2 frameNumber = 128 nLocalPI = 6

0%   10   20   30   40   50   60   70   80   90   100%
|----|----|----|----|----|----|----|----|----|----|
***************************************************
change patienceM
time = 601386633
area = 533
delay = 23.5
write_blif appntk/c880_134_0.0492676_533_23.5.blif

round 135
seed = 1567394378 patienceN = 0 patienceM = 0 frameNumber = 128 nLocalPI = 5

0%   10   20   30   40   50   60   70   80   90   100%
|----|----|----|----|----|----|----|----|----|----|
***************************************************
best node n172 best error 0.053877
time = 602343464
