Entered genlib library with 23 gates from file "data/genlib/mcnc.genlib".
Line 11: Skipping line ".default_input_arrival 0.00 0.00 ".
Line 12: Skipping line ".default_output_required 0.00 0.00 ".
Line 13: Skipping line ".default_input_drive 0.10 0.10 ".
Line 14: Skipping line ".default_output_load 2.00 ".
Line 15: Skipping line ".default_max_input_load 999.00 ".
Original area = 958, original delay = 38.5

round 0
seed = 0 patienceN = 0 patienceM = 0 frameNumber = 1024 nLocalPI = 30

0%   10   20   30   40   50   60   70   80   90   100%
|----|----|----|----|----|----|----|----|----|----|
***************************************************
best node sum[0] best error 0
time = 29790703
area = 797
delay = 38.2
write_blif appntk/cla32_0_0_797_38.2.blif

round 1
seed = 1567393778 patienceN = 0 patienceM = 0 frameNumber = 1024 nLocalPI = 30

0%   10   20   30   40   50   60   70   80   90   100%
|----|----|----|----|----|----|----|----|----|----|
***************************************************
best node n159 best error 0
time = 62580418
area = 850
delay = 29
write_blif appntk/cla32_1_0_850_29.blif

round 2
seed = 1567393808 patienceN = 0 patienceM = 0 frameNumber = 1024 nLocalPI = 30

0%   10   20   30   40   50   60   70   80   90   100%
|----|----|----|----|----|----|----|----|----|----|
***************************************************
best node n493 best error 0
time = 84929905
area = 826
delay = 30
write_blif appntk/cla32_2_0_826_30.blif

round 3
seed = 1567393841 patienceN = 0 patienceM = 0 frameNumber = 1024 nLocalPI = 30

0%   10   20   30   40   50   60   70   80   90   100%
|----|----|----|----|----|----|----|----|----|----|
***************************************************
best node n207 best error 0
time = 112233485
area = 779
delay = 26.9
write_blif appntk/cla32_3_0_779_26.9.blif

round 4
seed = 1567393863 patienceN = 0 patienceM = 0 frameNumber = 1024 nLocalPI = 30

0%   10   20   30   40   50   60   70   80   90   100%
|----|----|----|----|----|----|----|----|----|----|
***************************************************
best node n430 best error 1.95312e-05
time = 138231771
area = 772
delay = 28.7
write_blif appntk/cla32_4_1.95312e-05_772_28.7.blif

round 5
seed = 1567393890 patienceN = 0 patienceM = 0 frameNumber = 1024 nLocalPI = 30

0%   10   20   30   40   50   60   70   80   90   100%
|----|----|----|----|----|----|----|----|----|----|
***************************************************
best node n409 best error 5.85937e-05
time = 162948045
area = 760
delay = 27
write_blif appntk/cla32_5_5.85937e-05_760_27.blif

round 6
seed = 1567393916 patienceN = 0 patienceM = 0 frameNumber = 1024 nLocalPI = 30

0%   10   20   30   40   50   60   70   80   90   100%
|----|----|----|----|----|----|----|----|----|----|
***************************************************
change patienceN
time = 185874086
area = 761
delay = 27
write_blif appntk/cla32_6_5.85937e-05_761_27.blif

round 7
seed = 1567393941 patienceN = 1 patienceM = 0 frameNumber = 1024 nLocalPI = 30

0%   10   20   30   40   50   60   70   80   90   100%
|----|----|----|----|----|----|----|----|----|----|
***************************************************
best node n405 best error 8.78906e-05
time = 211399977
area = 747
delay = 27
write_blif appntk/cla32_7_8.78906e-05_747_27.blif

round 8
seed = 1567393964 patienceN = 0 patienceM = 0 frameNumber = 1024 nLocalPI = 30

0%   10   20   30   40   50   60   70   80   90   100%
|----|----|----|----|----|----|----|----|----|----|
***************************************************
best node n318 best error 0.000107422
time = 234268582
area = 749
delay = 27
write_blif appntk/cla32_8_0.000107422_749_27.blif

round 9
seed = 1567393989 patienceN = 0 patienceM = 0 frameNumber = 1024 nLocalPI = 30

0%   10   20   30   40   50   60   70   80   90   100%
|----|----|----|----|----|----|----|----|----|----|
***************************************************
best node n314 best error 0.000107422
time = 250130218
area = 743
delay = 27
write_blif appntk/cla32_9_0.000107422_743_27.blif

round 10
seed = 1567394012 patienceN = 0 patienceM = 0 frameNumber = 1024 nLocalPI = 30

0%   10   20   30   40   50   60   70   80   90   100%
|----|----|----|----|----|----|----|----|----|----|
***************************************************
best node n423 best error 0.000107422
time = 270960774
area = 742
delay = 28.7
write_blif appntk/cla32_10_0.000107422_742_28.7.blif

round 11
seed = 1567394028 patienceN = 0 patienceM = 0 frameNumber = 1024 nLocalPI = 30

0%   10   20   30   40   50   60   70   80   90   100%
|----|----|----|----|----|----|----|----|----|----|
***************************************************
best node n300 best error 0.000107422
time = 289687358
area = 740
delay = 25
write_blif appntk/cla32_11_0.000107422_740_25.blif

round 12
seed = 1567394049 patienceN = 0 patienceM = 0 frameNumber = 1024 nLocalPI = 30

0%   10   20   30   40   50   60   70   80   90   100%
|----|----|----|----|----|----|----|----|----|----|
***************************************************
best node n429 best error 0.000107422
time = 304771468
area = 714
delay = 27.4
write_blif appntk/cla32_12_0.000107422_714_27.4.blif

round 13
seed = 1567394068 patienceN = 0 patienceM = 0 frameNumber = 1024 nLocalPI = 30

0%   10   20   30   40   50   60   70   80   90   100%
|----|----|----|----|----|----|----|----|----|----|
***************************************************
best node n366 best error 0.000175781
time = 319102473
area = 718
delay = 27.7
write_blif appntk/cla32_13_0.000175781_718_27.7.blif

round 14
seed = 1567394083 patienceN = 0 patienceM = 0 frameNumber = 1024 nLocalPI = 30

0%   10   20   30   40   50   60   70   80   90   100%
|----|----|----|----|----|----|----|----|----|----|
***************************************************
best node n368 best error 0.000175781
time = 333968854
area = 701
delay = 23.8
write_blif appntk/cla32_14_0.000175781_701_23.8.blif

round 15
seed = 1567394097 patienceN = 0 patienceM = 0 frameNumber = 1024 nLocalPI = 30

0%   10   20   30   40   50   60   70   80   90   100%
|----|----|----|----|----|----|----|----|----|----|
***************************************************
best node n362 best error 0.00046875
time = 347282078
area = 697
delay = 26.1
write_blif appntk/cla32_15_0.00046875_697_26.1.blif

round 16
seed = 1567394112 patienceN = 0 patienceM = 0 frameNumber = 1024 nLocalPI = 30

0%   10   20   30   40   50   60   70   80   90   100%
|----|----|----|----|----|----|----|----|----|----|
***************************************************
change patienceN
time = 359747539
area = 690
delay = 26.1
write_blif appntk/cla32_16_0.00046875_690_26.1.blif

round 17
seed = 1567394125 patienceN = 1 patienceM = 0 frameNumber = 1024 nLocalPI = 30

0%   10   20   30   40   50   60   70   80   90   100%
|----|----|----|----|----|----|----|----|----|----|
***************************************************
change patienceN
time = 372491669
area = 697
delay = 26.1
write_blif appntk/cla32_17_0.00046875_697_26.1.blif

round 18
seed = 1567394138 patienceN = 2 patienceM = 0 frameNumber = 1024 nLocalPI = 30

0%   10   20   30   40   50   60   70   80   90   100%
|----|----|----|----|----|----|----|----|----|----|
***************************************************
change patienceN
time = 389925841
area = 690
delay = 26.1
write_blif appntk/cla32_18_0.00046875_690_26.1.blif

round 19
seed = 1567394151 patienceN = 0 patienceM = 0 frameNumber = 512 nLocalPI = 30

0%   10   20   30   40   50   60   70   80   90   100%
|----|----|----|----|----|----|----|----|----|----|
***************************************************
best node n332 best error 0.00202148
time = 400362470
area = 699
delay = 30.1
write_blif appntk/cla32_19_0.00202148_699_30.1.blif

round 20
seed = 1567394168 patienceN = 0 patienceM = 0 frameNumber = 512 nLocalPI = 30

0%   10   20   30   40   50   60   70   80   90   100%
|----|----|----|----|----|----|----|----|----|----|
***************************************************
best node n326 best error 0.00202148
time = 407098617
area = 685
delay = 29.6
write_blif appntk/cla32_20_0.00202148_685_29.6.blif

round 21
seed = 1567394178 patienceN = 0 patienceM = 0 frameNumber = 512 nLocalPI = 30

0%   10   20   30   40   50   60   70   80   90   100%
|----|----|----|----|----|----|----|----|----|----|
***************************************************
best node n333 best error 0.00202148
time = 416260279
area = 686
delay = 31.3
write_blif appntk/cla32_21_0.00202148_686_31.3.blif

round 22
seed = 1567394185 patienceN = 0 patienceM = 0 frameNumber = 512 nLocalPI = 30

0%   10   20   30   40   50   60   70   80   90   100%
|----|----|----|----|----|----|----|----|----|----|
***************************************************
best node n419 best error 0.00202148
time = 422755520
area = 636
delay = 28.5
write_blif appntk/cla32_22_0.00202148_636_28.5.blif

round 23
seed = 1567394194 patienceN = 0 patienceM = 0 frameNumber = 512 nLocalPI = 30

0%   10   20   30   40   50   60   70   80   90   100%
|----|----|----|----|----|----|----|----|----|----|
***************************************************
change patienceN
time = 428816290
area = 643
delay = 28.5
write_blif appntk/cla32_23_0.00202148_643_28.5.blif

round 24
seed = 1567394201 patienceN = 1 patienceM = 0 frameNumber = 512 nLocalPI = 30

0%   10   20   30   40   50   60   70   80   90   100%
|----|----|----|----|----|----|----|----|----|----|
***************************************************
change patienceN
time = 435604226
area = 636
delay = 28.5
write_blif appntk/cla32_24_0.00202148_636_28.5.blif

round 25
seed = 1567394207 patienceN = 2 patienceM = 0 frameNumber = 512 nLocalPI = 30

0%   10   20   30   40   50   60   70   80   90   100%
|----|----|----|----|----|----|----|----|----|----|
***************************************************
change patienceN
time = 443785099
area = 643
delay = 28.5
write_blif appntk/cla32_25_0.00202148_643_28.5.blif

round 26
seed = 1567394214 patienceN = 0 patienceM = 0 frameNumber = 256 nLocalPI = 30

0%   10   20   30   40   50   60   70   80   90   100%
|----|----|----|----|----|----|----|----|----|----|
***************************************************
best node n256 best error 0.00217773
time = 449088978
area = 634
delay = 29.3
write_blif appntk/cla32_26_0.00217773_634_29.3.blif

round 27
seed = 1567394222 patienceN = 0 patienceM = 0 frameNumber = 256 nLocalPI = 30

0%   10   20   30   40   50   60   70   80   90   100%
|----|----|----|----|----|----|----|----|----|----|
***************************************************
best node n254 best error 0.00217773
time = 452816534
area = 627
delay = 27.1
write_blif appntk/cla32_27_0.00217773_627_27.1.blif

round 28
seed = 1567394227 patienceN = 0 patienceM = 0 frameNumber = 256 nLocalPI = 30

0%   10   20   30   40   50   60   70   80   90   100%
|----|----|----|----|----|----|----|----|----|----|
***************************************************
change patienceN
time = 456209851
area = 619
delay = 27.7
write_blif appntk/cla32_28_0.00217773_619_27.7.blif

round 29
seed = 1567394231 patienceN = 1 patienceM = 0 frameNumber = 256 nLocalPI = 30

0%   10   20   30   40   50   60   70   80   90   100%
|----|----|----|----|----|----|----|----|----|----|
***************************************************
change patienceN
time = 459580663
area = 618
delay = 27.7
write_blif appntk/cla32_29_0.00217773_618_27.7.blif

round 30
seed = 1567394234 patienceN = 2 patienceM = 0 frameNumber = 256 nLocalPI = 30

0%   10   20   30   40   50   60   70   80   90   100%
|----|----|----|----|----|----|----|----|----|----|
***************************************************
change patienceN
time = 463528505
area = 618
delay = 27.7
write_blif appntk/cla32_30_0.00217773_618_27.7.blif

round 31
seed = 1567394238 patienceN = 0 patienceM = 0 frameNumber = 128 nLocalPI = 30

0%   10   20   30   40   50   60   70   80   90   100%
|----|----|----|----|----|----|----|----|----|----|
***************************************************
change patienceN
time = 466493934
area = 618
delay = 27.7
write_blif appntk/cla32_31_0.00217773_618_27.7.blif

round 32
seed = 1567394242 patienceN = 1 patienceM = 0 frameNumber = 128 nLocalPI = 30

0%   10   20   30   40   50   60   70   80   90   100%
|----|----|----|----|----|----|----|----|----|----|
***************************************************
best node n213 best error 0.00588867
time = 469156293
area = 614
delay = 27.7
write_blif appntk/cla32_32_0.00588867_614_27.7.blif

round 33
seed = 1567394245 patienceN = 0 patienceM = 0 frameNumber = 128 nLocalPI = 30

0%   10   20   30   40   50   60   70   80   90   100%
|----|----|----|----|----|----|----|----|----|----|
***************************************************
change patienceN
time = 471146044
area = 607
delay = 27.7
write_blif appntk/cla32_33_0.00588867_607_27.7.blif

round 34
seed = 1567394247 patienceN = 1 patienceM = 0 frameNumber = 128 nLocalPI = 30

0%   10   20   30   40   50   60   70   80   90   100%
|----|----|----|----|----|----|----|----|----|----|
***************************************************
change patienceN
time = 473965400
area = 607
delay = 27.7
write_blif appntk/cla32_34_0.00588867_607_27.7.blif

round 35
seed = 1567394249 patienceN = 2 patienceM = 0 frameNumber = 128 nLocalPI = 30

0%   10   20   30   40   50   60   70   80   90   100%
|----|----|----|----|----|----|----|----|----|----|
***************************************************
change patienceN
time = 476927525
area = 607
delay = 27.7
write_blif appntk/cla32_35_0.00588867_607_27.7.blif

round 36
seed = 1567394252 patienceN = 0 patienceM = 0 frameNumber = 64 nLocalPI = 30

0%   10   20   30   40   50   60   70   80   90   100%
|----|----|----|----|----|----|----|----|----|----|
***************************************************
change patienceM
time = 479141209
area = 607
delay = 27.7
write_blif appntk/cla32_36_0.00588867_607_27.7.blif

round 37
seed = 1567394255 patienceN = 0 patienceM = 1 frameNumber = 64 nLocalPI = 30

0%   10   20   30   40   50   60   70   80   90   100%
|----|----|----|----|----|----|----|----|----|----|
***************************************************
best node n248 best error 0.0360937
time = 481524142
area = 559
delay = 38.3
write_blif appntk/cla32_37_0.0360937_559_38.3.blif

round 38
seed = 1567394257 patienceN = 0 patienceM = 0 frameNumber = 64 nLocalPI = 30

0%   10   20   30   40   50   60   70   80   90   100%
|----|----|----|----|----|----|----|----|----|----|
***************************************************
change patienceM
time = 483451344
area = 560
delay = 37.3
write_blif appntk/cla32_38_0.0360937_560_37.3.blif

round 39
seed = 1567394260 patienceN = 0 patienceM = 1 frameNumber = 64 nLocalPI = 30

0%   10   20   30   40   50   60   70   80   90   100%
|----|----|----|----|----|----|----|----|----|----|
***************************************************
best node n270 best error 0.0360937
time = 485620653
area = 596
delay = 27.8
write_blif appntk/cla32_39_0.0360937_596_27.8.blif

round 40
seed = 1567394262 patienceN = 0 patienceM = 0 frameNumber = 64 nLocalPI = 30

0%   10   20   30   40   50   60   70   80   90   100%
|----|----|----|----|----|----|----|----|----|----|
***************************************************
change patienceM
time = 487150932
area = 594
delay = 26.4
write_blif appntk/cla32_40_0.0360937_594_26.4.blif

round 41
seed = 1567394264 patienceN = 0 patienceM = 1 frameNumber = 64 nLocalPI = 30

0%   10   20   30   40   50   60   70   80   90   100%
|----|----|----|----|----|----|----|----|----|----|
***************************************************
change patienceM
time = 488459099
area = 594
delay = 26.4
write_blif appntk/cla32_41_0.0360937_594_26.4.blif

round 42
seed = 1567394265 patienceN = 0 patienceM = 2 frameNumber = 64 nLocalPI = 30

0%   10   20   30   40   50   60   70   80   90   100%
|----|----|----|----|----|----|----|----|----|----|
***************************************************
change patienceM
time = 490009898
area = 594
delay = 26.4
write_blif appntk/cla32_42_0.0360937_594_26.4.blif

round 43
seed = 1567394266 patienceN = 0 patienceM = 0 frameNumber = 64 nLocalPI = 29

0%   10   20   30   40   50   60   70   80   90   100%
|----|----|----|----|----|----|----|----|----|----|
***************************************************
change patienceM
time = 491295209
area = 594
delay = 26.4
write_blif appntk/cla32_43_0.0360937_594_26.4.blif

round 44
seed = 1567394268 patienceN = 0 patienceM = 1 frameNumber = 64 nLocalPI = 29

0%   10   20   30   40   50   60   70   80   90   100%
|----|----|----|----|----|----|----|----|----|----|
***************************************************
change patienceM
time = 492562994
area = 594
delay = 26.4
write_blif appntk/cla32_44_0.0360937_594_26.4.blif

round 45
seed = 1567394269 patienceN = 0 patienceM = 2 frameNumber = 64 nLocalPI = 29

0%   10   20   30   40   50   60   70   80   90   100%
|----|----|----|----|----|----|----|----|----|----|
***************************************************
change patienceN
time = 493676285
area = 594
delay = 26.4
write_blif appntk/cla32_45_0.0360937_594_26.4.blif

round 46
seed = 1567394271 patienceN = 1 patienceM = 2 frameNumber = 64 nLocalPI = 29

0%   10   20   30   40   50   60   70   80   90   100%
|----|----|----|----|----|----|----|----|----|----|
***************************************************
change patienceM
time = 494959407
area = 594
delay = 26.4
write_blif appntk/cla32_46_0.0360937_594_26.4.blif

round 47
seed = 1567394272 patienceN = 0 patienceM = 0 frameNumber = 64 nLocalPI = 28

0%   10   20   30   40   50   60   70   80   90   100%
|----|----|----|----|----|----|----|----|----|----|
***************************************************
change patienceM
time = 496216483
area = 594
delay = 26.4
write_blif appntk/cla32_47_0.0360937_594_26.4.blif

round 48
seed = 1567394273 patienceN = 0 patienceM = 1 frameNumber = 64 nLocalPI = 28

0%   10   20   30   40   50   60   70   80   90   100%
|----|----|----|----|----|----|----|----|----|----|
***************************************************
best node n299 best error 0.0430859
time = 497661208
area = 521
delay = 35.1
write_blif appntk/cla32_48_0.0430859_521_35.1.blif

round 49
seed = 1567394274 patienceN = 0 patienceM = 0 frameNumber = 64 nLocalPI = 28

0%   10   20   30   40   50   60   70   80   90   100%
|----|----|----|----|----|----|----|----|----|----|
***************************************************
change patienceM
time = 498789713
area = 521
delay = 35.1
write_blif appntk/cla32_49_0.0430859_521_35.1.blif

round 50
seed = 1567394276 patienceN = 0 patienceM = 1 frameNumber = 64 nLocalPI = 28

0%   10   20   30   40   50   60   70   80   90   100%
|----|----|----|----|----|----|----|----|----|----|
***************************************************
change patienceM
time = 500074140
area = 521
delay = 35.1
write_blif appntk/cla32_50_0.0430859_521_35.1.blif

round 51
seed = 1567394277 patienceN = 0 patienceM = 2 frameNumber = 64 nLocalPI = 28

0%   10   20   30   40   50   60   70   80   90   100%
|----|----|----|----|----|----|----|----|----|----|
***************************************************
change patienceM
time = 501113785
area = 521
delay = 35.1
write_blif appntk/cla32_51_0.0430859_521_35.1.blif

round 52
seed = 1567394278 patienceN = 0 patienceM = 0 frameNumber = 64 nLocalPI = 27

0%   10   20   30   40   50   60   70   80   90   100%
|----|----|----|----|----|----|----|----|----|----|
***************************************************
change patienceM
time = 502297929
area = 521
delay = 35.1
write_blif appntk/cla32_52_0.0430859_521_35.1.blif

round 53
seed = 1567394279 patienceN = 0 patienceM = 1 frameNumber = 64 nLocalPI = 27

0%   10   20   30   40   50   60   70   80   90   100%
|----|----|----|----|----|----|----|----|----|----|
***************************************************
change patienceM
time = 503480938
area = 521
delay = 35.1
write_blif appntk/cla32_53_0.0430859_521_35.1.blif

round 54
seed = 1567394280 patienceN = 0 patienceM = 2 frameNumber = 64 nLocalPI = 27

0%   10   20   30   40   50   60   70   80   90   100%
|----|----|----|----|----|----|----|----|----|----|
***************************************************
change patienceM
time = 504750637
area = 521
delay = 35.1
write_blif appntk/cla32_54_0.0430859_521_35.1.blif

round 55
seed = 1567394281 patienceN = 0 patienceM = 0 frameNumber = 64 nLocalPI = 26

0%   10   20   30   40   50   60   70   80   90   100%
|----|----|----|----|----|----|----|----|----|----|
***************************************************
change patienceM
time = 505899892
area = 521
delay = 35.1
write_blif appntk/cla32_55_0.0430859_521_35.1.blif

round 56
seed = 1567394283 patienceN = 0 patienceM = 1 frameNumber = 64 nLocalPI = 26

0%   10   20   30   40   50   60   70   80   90   100%
|----|----|----|----|----|----|----|----|----|----|
***************************************************
change patienceM
time = 506890057
area = 521
delay = 35.1
write_blif appntk/cla32_56_0.0430859_521_35.1.blif

round 57
seed = 1567394284 patienceN = 0 patienceM = 2 frameNumber = 64 nLocalPI = 26

0%   10   20   30   40   50   60   70   80   90   100%
|----|----|----|----|----|----|----|----|----|----|
***************************************************
change patienceM
time = 507879805
area = 521
delay = 35.1
write_blif appntk/cla32_57_0.0430859_521_35.1.blif

round 58
seed = 1567394285 patienceN = 0 patienceM = 0 frameNumber = 64 nLocalPI = 25

0%   10   20   30   40   50   60   70   80   90   100%
|----|----|----|----|----|----|----|----|----|----|
***************************************************
change patienceM
time = 509005193
area = 521
delay = 35.1
write_blif appntk/cla32_58_0.0430859_521_35.1.blif

round 59
seed = 1567394286 patienceN = 0 patienceM = 1 frameNumber = 64 nLocalPI = 25

0%   10   20   30   40   50   60   70   80   90   100%
|----|----|----|----|----|----|----|----|----|----|
***************************************************
change patienceM
time = 510039124
area = 521
delay = 35.1
write_blif appntk/cla32_59_0.0430859_521_35.1.blif

round 60
seed = 1567394287 patienceN = 0 patienceM = 2 frameNumber = 64 nLocalPI = 25

0%   10   20   30   40   50   60   70   80   90   100%
|----|----|----|----|----|----|----|----|----|----|
***************************************************
change patienceM
time = 511001089
area = 521
delay = 35.1
write_blif appntk/cla32_60_0.0430859_521_35.1.blif

round 61
seed = 1567394288 patienceN = 0 patienceM = 0 frameNumber = 64 nLocalPI = 24

0%   10   20   30   40   50   60   70   80   90   100%
|----|----|----|----|----|----|----|----|----|----|
***************************************************
change patienceM
time = 512126246
area = 521
delay = 35.1
write_blif appntk/cla32_61_0.0430859_521_35.1.blif

round 62
seed = 1567394289 patienceN = 0 patienceM = 1 frameNumber = 64 nLocalPI = 24

0%   10   20   30   40   50   60   70   80   90   100%
|----|----|----|----|----|----|----|----|----|----|
***************************************************
change patienceM
time = 513089918
area = 521
delay = 35.1
write_blif appntk/cla32_62_0.0430859_521_35.1.blif

round 63
seed = 1567394290 patienceN = 0 patienceM = 2 frameNumber = 64 nLocalPI = 24

0%   10   20   30   40   50   60   70   80   90   100%
|----|----|----|----|----|----|----|----|----|----|
***************************************************
change patienceM
time = 514380221
area = 521
delay = 35.1
write_blif appntk/cla32_63_0.0430859_521_35.1.blif

round 64
seed = 1567394291 patienceN = 0 patienceM = 0 frameNumber = 64 nLocalPI = 23

0%   10   20   30   40   50   60   70   80   90   100%
|----|----|----|----|----|----|----|----|----|----|
***************************************************
change patienceM
time = 515405385
area = 521
delay = 35.1
write_blif appntk/cla32_64_0.0430859_521_35.1.blif

round 65
seed = 1567394292 patienceN = 0 patienceM = 1 frameNumber = 64 nLocalPI = 23

0%   10   20   30   40   50   60   70   80   90   100%
|----|----|----|----|----|----|----|----|----|----|
***************************************************
change patienceN
time = 516268704
area = 521
delay = 35.1
write_blif appntk/cla32_65_0.0430859_521_35.1.blif

round 66
seed = 1567394293 patienceN = 1 patienceM = 1 frameNumber = 64 nLocalPI = 23

0%   10   20   30   40   50   60   70   80   90   100%
|----|----|----|----|----|----|----|----|----|----|
***************************************************
change patienceM
time = 517562875
area = 521
delay = 35.1
write_blif appntk/cla32_66_0.0430859_521_35.1.blif

round 67
seed = 1567394294 patienceN = 1 patienceM = 2 frameNumber = 64 nLocalPI = 23

0%   10   20   30   40   50   60   70   80   90   100%
|----|----|----|----|----|----|----|----|----|----|
***************************************************
change patienceM
time = 518907033
area = 521
delay = 35.1
write_blif appntk/cla32_67_0.0430859_521_35.1.blif

round 68
seed = 1567394296 patienceN = 0 patienceM = 0 frameNumber = 64 nLocalPI = 22

0%   10   20   30   40   50   60   70   80   90   100%
|----|----|----|----|----|----|----|----|----|----|
***************************************************
change patienceM
time = 519856392
area = 521
delay = 35.1
write_blif appntk/cla32_68_0.0430859_521_35.1.blif

round 69
seed = 1567394297 patienceN = 0 patienceM = 1 frameNumber = 64 nLocalPI = 22

0%   10   20   30   40   50   60   70   80   90   100%
|----|----|----|----|----|----|----|----|----|----|
***************************************************
best node n288 best error 0.0468555
time = 521048589
area = 513
delay = 35.1
write_blif appntk/cla32_69_0.0468555_513_35.1.blif

round 70
seed = 1567394298 patienceN = 0 patienceM = 0 frameNumber = 64 nLocalPI = 22

0%   10   20   30   40   50   60   70   80   90   100%
|----|----|----|----|----|----|----|----|----|----|
***************************************************
change patienceM
time = 522214509
area = 513
delay = 35.1
write_blif appntk/cla32_70_0.0468555_513_35.1.blif

round 71
seed = 1567394299 patienceN = 0 patienceM = 1 frameNumber = 64 nLocalPI = 22

0%   10   20   30   40   50   60   70   80   90   100%
|----|----|----|----|----|----|----|----|----|----|
***************************************************
change patienceM
time = 523377980
area = 513
delay = 35.1
write_blif appntk/cla32_71_0.0468555_513_35.1.blif

round 72
seed = 1567394300 patienceN = 0 patienceM = 2 frameNumber = 64 nLocalPI = 22

0%   10   20   30   40   50   60   70   80   90   100%
|----|----|----|----|----|----|----|----|----|----|
***************************************************
change patienceM
time = 524459690
area = 513
delay = 35.1
write_blif appntk/cla32_72_0.0468555_513_35.1.blif

round 73
seed = 1567394301 patienceN = 0 patienceM = 0 frameNumber = 64 nLocalPI = 21

0%   10   20   30   40   50   60   70   80   90   100%
|----|----|----|----|----|----|----|----|----|----|
***************************************************
change patienceM
time = 525439136
area = 513
delay = 35.1
write_blif appntk/cla32_73_0.0468555_513_35.1.blif

round 74
seed = 1567394302 patienceN = 0 patienceM = 1 frameNumber = 64 nLocalPI = 21

0%   10   20   30   40   50   60   70   80   90   100%
|----|----|----|----|----|----|----|----|----|----|
***************************************************
change patienceM
time = 526412889
area = 513
delay = 35.1
write_blif appntk/cla32_74_0.0468555_513_35.1.blif

round 75
seed = 1567394303 patienceN = 0 patienceM = 2 frameNumber = 64 nLocalPI = 21

0%   10   20   30   40   50   60   70   80   90   100%
|----|----|----|----|----|----|----|----|----|----|
***************************************************
change patienceM
time = 527554311
area = 513
delay = 35.1
write_blif appntk/cla32_75_0.0468555_513_35.1.blif

round 76
seed = 1567394304 patienceN = 0 patienceM = 0 frameNumber = 64 nLocalPI = 20

0%   10   20   30   40   50   60   70   80   90   100%
|----|----|----|----|----|----|----|----|----|----|
***************************************************
change patienceM
time = 528772476
area = 513
delay = 35.1
write_blif appntk/cla32_76_0.0468555_513_35.1.blif

round 77
seed = 1567394306 patienceN = 0 patienceM = 1 frameNumber = 64 nLocalPI = 20

0%   10   20   30   40   50   60   70   80   90   100%
|----|----|----|----|----|----|----|----|----|----|
***************************************************
change patienceM
time = 529657330
area = 513
delay = 35.1
write_blif appntk/cla32_77_0.0468555_513_35.1.blif

round 78
seed = 1567394307 patienceN = 0 patienceM = 2 frameNumber = 64 nLocalPI = 20

0%   10   20   30   40   50   60   70   80   90   100%
|----|----|----|----|----|----|----|----|----|----|
***************************************************
change patienceM
time = 530544345
area = 513
delay = 35.1
write_blif appntk/cla32_78_0.0468555_513_35.1.blif

round 79
seed = 1567394308 patienceN = 0 patienceM = 0 frameNumber = 64 nLocalPI = 19

0%   10   20   30   40   50   60   70   80   90   100%
|----|----|----|----|----|----|----|----|----|----|
***************************************************
change patienceM
time = 531395384
area = 513
delay = 35.1
write_blif appntk/cla32_79_0.0468555_513_35.1.blif

round 80
seed = 1567394309 patienceN = 0 patienceM = 1 frameNumber = 64 nLocalPI = 19

0%   10   20   30   40   50   60   70   80   90   100%
|----|----|----|----|----|----|----|----|----|----|
***************************************************
change patienceM
time = 532243508
area = 513
delay = 35.1
write_blif appntk/cla32_80_0.0468555_513_35.1.blif

round 81
seed = 1567394309 patienceN = 0 patienceM = 2 frameNumber = 64 nLocalPI = 19

0%   10   20   30   40   50   60   70   80   90   100%
|----|----|----|----|----|----|----|----|----|----|
***************************************************
change patienceM
time = 533097004
area = 513
delay = 35.1
write_blif appntk/cla32_81_0.0468555_513_35.1.blif

round 82
seed = 1567394310 patienceN = 0 patienceM = 0 frameNumber = 64 nLocalPI = 18

0%   10   20   30   40   50   60   70   80   90   100%
|----|----|----|----|----|----|----|----|----|----|
***************************************************
change patienceM
time = 534029765
area = 513
delay = 35.1
write_blif appntk/cla32_82_0.0468555_513_35.1.blif

round 83
seed = 1567394311 patienceN = 0 patienceM = 1 frameNumber = 64 nLocalPI = 18

0%   10   20   30   40   50   60   70   80   90   100%
|----|----|----|----|----|----|----|----|----|----|
***************************************************
change patienceM
time = 535315371
area = 513
delay = 35.1
write_blif appntk/cla32_83_0.0468555_513_35.1.blif

round 84
seed = 1567394312 patienceN = 0 patienceM = 2 frameNumber = 64 nLocalPI = 18

0%   10   20   30   40   50   60   70   80   90   100%
|----|----|----|----|----|----|----|----|----|----|
***************************************************
change patienceM
time = 536537829
area = 513
delay = 35.1
write_blif appntk/cla32_84_0.0468555_513_35.1.blif

round 85
seed = 1567394313 patienceN = 0 patienceM = 0 frameNumber = 64 nLocalPI = 17

0%   10   20   30   40   50   60   70   80   90   100%
|----|----|----|----|----|----|----|----|----|----|
***************************************************
change patienceM
time = 537553230
area = 513
delay = 35.1
write_blif appntk/cla32_85_0.0468555_513_35.1.blif

round 86
seed = 1567394315 patienceN = 0 patienceM = 1 frameNumber = 64 nLocalPI = 17

0%   10   20   30   40   50   60   70   80   90   100%
|----|----|----|----|----|----|----|----|----|----|
***************************************************
change patienceM
time = 538398373
area = 513
delay = 35.1
write_blif appntk/cla32_86_0.0468555_513_35.1.blif

round 87
seed = 1567394316 patienceN = 0 patienceM = 2 frameNumber = 64 nLocalPI = 17

0%   10   20   30   40   50   60   70   80   90   100%
|----|----|----|----|----|----|----|----|----|----|
***************************************************
change patienceM
time = 539273478
area = 513
delay = 35.1
write_blif appntk/cla32_87_0.0468555_513_35.1.blif

round 88
seed = 1567394316 patienceN = 0 patienceM = 0 frameNumber = 64 nLocalPI = 16

0%   10   20   30   40   50   60   70   80   90   100%
|----|----|----|----|----|----|----|----|----|----|
***************************************************
change patienceM
time = 540093619
area = 513
delay = 35.1
write_blif appntk/cla32_88_0.0468555_513_35.1.blif

round 89
seed = 1567394317 patienceN = 0 patienceM = 1 frameNumber = 64 nLocalPI = 16

0%   10   20   30   40   50   60   70   80   90   100%
|----|----|----|----|----|----|----|----|----|----|
***************************************************
change patienceM
time = 540987929
area = 513
delay = 35.1
write_blif appntk/cla32_89_0.0468555_513_35.1.blif

round 90
seed = 1567394318 patienceN = 0 patienceM = 2 frameNumber = 64 nLocalPI = 16

0%   10   20   30   40   50   60   70   80   90   100%
|----|----|----|----|----|----|----|----|----|----|
***************************************************
change patienceM
time = 542039906
area = 513
delay = 35.1
write_blif appntk/cla32_90_0.0468555_513_35.1.blif

round 91
seed = 1567394319 patienceN = 0 patienceM = 0 frameNumber = 64 nLocalPI = 15

0%   10   20   30   40   50   60   70   80   90   100%
|----|----|----|----|----|----|----|----|----|----|
***************************************************
change patienceM
time = 543057436
area = 513
delay = 35.1
write_blif appntk/cla32_91_0.0468555_513_35.1.blif

round 92
seed = 1567394320 patienceN = 0 patienceM = 1 frameNumber = 64 nLocalPI = 15

0%   10   20   30   40   50   60   70   80   90   100%
|----|----|----|----|----|----|----|----|----|----|
***************************************************
change patienceM
time = 544073560
area = 513
delay = 35.1
write_blif appntk/cla32_92_0.0468555_513_35.1.blif

round 93
seed = 1567394321 patienceN = 0 patienceM = 2 frameNumber = 64 nLocalPI = 15

0%   10   20   30   40   50   60   70   80   90   100%
|----|----|----|----|----|----|----|----|----|----|
***************************************************
change patienceN
time = 544764883
area = 513
delay = 35.1
write_blif appntk/cla32_93_0.0468555_513_35.1.blif

round 94
seed = 1567394322 patienceN = 1 patienceM = 2 frameNumber = 64 nLocalPI = 15

0%   10   20   30   40   50   60   70   80   90   100%
|----|----|----|----|----|----|----|----|----|----|
***************************************************
change patienceM
time = 545699573
area = 513
delay = 35.1
write_blif appntk/cla32_94_0.0468555_513_35.1.blif

round 95
seed = 1567394323 patienceN = 0 patienceM = 0 frameNumber = 64 nLocalPI = 14

0%   10   20   30   40   50   60   70   80   90   100%
|----|----|----|----|----|----|----|----|----|----|
***************************************************
change patienceM
time = 546471648
area = 513
delay = 35.1
write_blif appntk/cla32_95_0.0468555_513_35.1.blif

round 96
seed = 1567394324 patienceN = 0 patienceM = 1 frameNumber = 64 nLocalPI = 14

0%   10   20   30   40   50   60   70   80   90   100%
|----|----|----|----|----|----|----|----|----|----|
***************************************************
change patienceM
time = 547242682
area = 513
delay = 35.1
write_blif appntk/cla32_96_0.0468555_513_35.1.blif

round 97
seed = 1567394324 patienceN = 0 patienceM = 2 frameNumber = 64 nLocalPI = 14

0%   10   20   30   40   50   60   70   80   90   100%
|----|----|----|----|----|----|----|----|----|----|
***************************************************
change patienceM
time = 548342268
area = 513
delay = 35.1
write_blif appntk/cla32_97_0.0468555_513_35.1.blif

round 98
seed = 1567394325 patienceN = 0 patienceM = 0 frameNumber = 64 nLocalPI = 13

0%   10   20   30   40   50   60   70   80   90   100%
|----|----|----|----|----|----|----|----|----|----|
***************************************************
change patienceM
time = 549092096
area = 513
delay = 35.1
write_blif appntk/cla32_98_0.0468555_513_35.1.blif

round 99
seed = 1567394326 patienceN = 0 patienceM = 1 frameNumber = 64 nLocalPI = 13

0%   10   20   30   40   50   60   70   80   90   100%
|----|----|----|----|----|----|----|----|----|----|
***************************************************
change patienceM
time = 550006290
area = 513
delay = 35.1
write_blif appntk/cla32_99_0.0468555_513_35.1.blif

round 100
seed = 1567394327 patienceN = 0 patienceM = 2 frameNumber = 64 nLocalPI = 13

0%   10   20   30   40   50   60   70   80   90   100%
|----|----|----|----|----|----|----|----|----|----|
***************************************************
change patienceM
time = 550835786
area = 513
delay = 35.1
write_blif appntk/cla32_100_0.0468555_513_35.1.blif

round 101
seed = 1567394328 patienceN = 0 patienceM = 0 frameNumber = 64 nLocalPI = 12

0%   10   20   30   40   50   60   70   80   90   100%
|----|----|----|----|----|----|----|----|----|----|
***************************************************
change patienceM
time = 551587414
area = 513
delay = 35.1
write_blif appntk/cla32_101_0.0468555_513_35.1.blif

round 102
seed = 1567394329 patienceN = 0 patienceM = 1 frameNumber = 64 nLocalPI = 12

0%   10   20   30   40   50   60   70   80   90   100%
|----|----|----|----|----|----|----|----|----|----|
***************************************************
change patienceM
time = 552504037
area = 513
delay = 35.1
write_blif appntk/cla32_102_0.0468555_513_35.1.blif

round 103
seed = 1567394330 patienceN = 0 patienceM = 2 frameNumber = 64 nLocalPI = 12

0%   10   20   30   40   50   60   70   80   90   100%
|----|----|----|----|----|----|----|----|----|----|
***************************************************
change patienceM
time = 553421736
area = 513
delay = 35.1
write_blif appntk/cla32_103_0.0468555_513_35.1.blif

round 104
seed = 1567394330 patienceN = 0 patienceM = 0 frameNumber = 64 nLocalPI = 11

0%   10   20   30   40   50   60   70   80   90   100%
|----|----|----|----|----|----|----|----|----|----|
***************************************************
change patienceM
time = 554142874
area = 513
delay = 35.1
write_blif appntk/cla32_104_0.0468555_513_35.1.blif

round 105
seed = 1567394331 patienceN = 0 patienceM = 1 frameNumber = 64 nLocalPI = 11

0%   10   20   30   40   50   60   70   80   90   100%
|----|----|----|----|----|----|----|----|----|----|
***************************************************
change patienceM
time = 555270606
area = 513
delay = 35.1
write_blif appntk/cla32_105_0.0468555_513_35.1.blif

round 106
seed = 1567394332 patienceN = 0 patienceM = 2 frameNumber = 64 nLocalPI = 11

0%   10   20   30   40   50   60   70   80   90   100%
|----|----|----|----|----|----|----|----|----|----|
***************************************************
change patienceN
time = 555910424
area = 513
delay = 35.1
write_blif appntk/cla32_106_0.0468555_513_35.1.blif

round 107
seed = 1567394333 patienceN = 1 patienceM = 2 frameNumber = 64 nLocalPI = 11

0%   10   20   30   40   50   60   70   80   90   100%
|----|----|----|----|----|----|----|----|----|----|
***************************************************
change patienceM
time = 556711774
area = 513
delay = 35.1
write_blif appntk/cla32_107_0.0468555_513_35.1.blif

round 108
seed = 1567394334 patienceN = 0 patienceM = 0 frameNumber = 64 nLocalPI = 10

0%   10   20   30   40   50   60   70   80   90   100%
|----|----|----|----|----|----|----|----|----|----|
***************************************************
change patienceM
time = 557441562
area = 513
delay = 35.1
write_blif appntk/cla32_108_0.0468555_513_35.1.blif

round 109
seed = 1567394335 patienceN = 0 patienceM = 1 frameNumber = 64 nLocalPI = 10

0%   10   20   30   40   50   60   70   80   90   100%
|----|----|----|----|----|----|----|----|----|----|
***************************************************
change patienceM
time = 558169028
area = 513
delay = 35.1
write_blif appntk/cla32_109_0.0468555_513_35.1.blif

round 110
seed = 1567394335 patienceN = 0 patienceM = 2 frameNumber = 64 nLocalPI = 10

0%   10   20   30   40   50   60   70   80   90   100%
|----|----|----|----|----|----|----|----|----|----|
***************************************************
change patienceM
time = 558898660
area = 513
delay = 35.1
write_blif appntk/cla32_110_0.0468555_513_35.1.blif

round 111
seed = 1567394336 patienceN = 0 patienceM = 0 frameNumber = 64 nLocalPI = 9

0%   10   20   30   40   50   60   70   80   90   100%
|----|----|----|----|----|----|----|----|----|----|
***************************************************
change patienceM
time = 559679926
area = 513
delay = 35.1
write_blif appntk/cla32_111_0.0468555_513_35.1.blif

round 112
seed = 1567394337 patienceN = 0 patienceM = 1 frameNumber = 64 nLocalPI = 9

0%   10   20   30   40   50   60   70   80   90   100%
|----|----|----|----|----|----|----|----|----|----|
***************************************************
change patienceN
time = 560295655
area = 513
delay = 35.1
write_blif appntk/cla32_112_0.0468555_513_35.1.blif

round 113
seed = 1567394338 patienceN = 1 patienceM = 1 frameNumber = 64 nLocalPI = 9

0%   10   20   30   40   50   60   70   80   90   100%
|----|----|----|----|----|----|----|----|----|----|
***************************************************
change patienceN
time = 560911373
area = 513
delay = 35.1
write_blif appntk/cla32_113_0.0468555_513_35.1.blif

round 114
seed = 1567394338 patienceN = 2 patienceM = 1 frameNumber = 64 nLocalPI = 9

0%   10   20   30   40   50   60   70   80   90   100%
|----|----|----|----|----|----|----|----|----|----|
***************************************************
change patienceM
time = 561612409
area = 513
delay = 35.1
write_blif appntk/cla32_114_0.0468555_513_35.1.blif

round 115
seed = 1567394339 patienceN = 2 patienceM = 2 frameNumber = 64 nLocalPI = 9

0%   10   20   30   40   50   60   70   80   90   100%
|----|----|----|----|----|----|----|----|----|----|
***************************************************
change patienceN
time = 562228238
area = 513
delay = 35.1
write_blif appntk/cla32_115_0.0468555_513_35.1.blif

round 116
seed = 1567394340 patienceN = 0 patienceM = 0 frameNumber = 32 nLocalPI = 9

0%   10   20   30   40   50   60   70   80   90   100%
|----|----|----|----|----|----|----|----|----|----|
***************************************************
change patienceM
time = 563467069
area = 513
delay = 35.1
write_blif appntk/cla32_116_0.0468555_513_35.1.blif

round 117
seed = 1567394340 patienceN = 0 patienceM = 1 frameNumber = 32 nLocalPI = 9

0%   10   20   30   40   50   60   70   80   90   100%
|----|----|----|----|----|----|----|----|----|----|
***************************************************
change patienceM
time = 564625466
area = 513
delay = 35.1
write_blif appntk/cla32_117_0.0468555_513_35.1.blif

round 118
seed = 1567394341 patienceN = 0 patienceM = 2 frameNumber = 32 nLocalPI = 9

0%   10   20   30   40   50   60   70   80   90   100%
|----|----|----|----|----|----|----|----|----|----|
***************************************************
change patienceM
time = 565779626
area = 513
delay = 35.1
write_blif appntk/cla32_118_0.0468555_513_35.1.blif

round 119
seed = 1567394343 patienceN = 0 patienceM = 0 frameNumber = 32 nLocalPI = 8

0%   10   20   30   40   50   60   70   80   90   100%
|----|----|----|----|----|----|----|----|----|----|
***************************************************
change patienceM
time = 566606610
area = 513
delay = 35.1
write_blif appntk/cla32_119_0.0468555_513_35.1.blif

round 120
seed = 1567394344 patienceN = 0 patienceM = 1 frameNumber = 32 nLocalPI = 8

0%   10   20   30   40   50   60   70   80   90   100%
|----|----|----|----|----|----|----|----|----|----|
***************************************************
change patienceM
time = 567596451
area = 513
delay = 35.1
write_blif appntk/cla32_120_0.0468555_513_35.1.blif

round 121
seed = 1567394345 patienceN = 0 patienceM = 2 frameNumber = 32 nLocalPI = 8

0%   10   20   30   40   50   60   70   80   90   100%
|----|----|----|----|----|----|----|----|----|----|
***************************************************
change patienceM
time = 568910591
area = 513
delay = 35.1
write_blif appntk/cla32_121_0.0468555_513_35.1.blif

round 122
seed = 1567394346 patienceN = 0 patienceM = 0 frameNumber = 32 nLocalPI = 7

0%   10   20   30   40   50   60   70   80   90   100%
|----|----|----|----|----|----|----|----|----|----|
***************************************************
change patienceM
time = 569718653
area = 513
delay = 35.1
write_blif appntk/cla32_122_0.0468555_513_35.1.blif

round 123
seed = 1567394347 patienceN = 0 patienceM = 1 frameNumber = 32 nLocalPI = 7

0%   10   20   30   40   50   60   70   80   90   100%
|----|----|----|----|----|----|----|----|----|----|
***************************************************
change patienceM
time = 570692827
area = 513
delay = 35.1
write_blif appntk/cla32_123_0.0468555_513_35.1.blif

round 124
seed = 1567394348 patienceN = 0 patienceM = 2 frameNumber = 32 nLocalPI = 7

0%   10   20   30   40   50   60   70   80   90   100%
|----|----|----|----|----|----|----|----|----|----|
***************************************************
change patienceM
time = 571749314
area = 513
delay = 35.1
write_blif appntk/cla32_124_0.0468555_513_35.1.blif

round 125
seed = 1567394349 patienceN = 0 patienceM = 0 frameNumber = 32 nLocalPI = 6

0%   10   20   30   40   50   60   70   80   90   100%
|----|----|----|----|----|----|----|----|----|----|
***************************************************
change patienceM
time = 572475025
area = 513
delay = 35.1
write_blif appntk/cla32_125_0.0468555_513_35.1.blif

round 126
seed = 1567394350 patienceN = 0 patienceM = 1 frameNumber = 32 nLocalPI = 6

0%   10   20   30   40   50   60   70   80   90   100%
|----|----|----|----|----|----|----|----|----|----|
***************************************************
change patienceM
time = 573202014
area = 513
delay = 35.1
write_blif appntk/cla32_126_0.0468555_513_35.1.blif

round 127
seed = 1567394350 patienceN = 0 patienceM = 2 frameNumber = 32 nLocalPI = 6

0%   10   20   30   40   50   60   70   80   90   100%
|----|----|----|----|----|----|----|----|----|----|
***************************************************
change patienceM
time = 574335003
area = 513
delay = 35.1
write_blif appntk/cla32_127_0.0468555_513_35.1.blif

round 128
seed = 1567394351 patienceN = 0 patienceM = 0 frameNumber = 32 nLocalPI = 5

0%   10   20   30   40   50   60   70   80   90   100%
|----|----|----|----|----|----|----|----|----|----|
***************************************************
best node n174 best error 0.0594727
time = 575456680
