Entered genlib library with 23 gates from file "data/genlib/mcnc.genlib".
Line 11: Skipping line ".default_input_arrival 0.00 0.00 ".
Line 12: Skipping line ".default_output_required 0.00 0.00 ".
Line 13: Skipping line ".default_input_drive 0.10 0.10 ".
Line 14: Skipping line ".default_output_load 2.00 ".
Line 15: Skipping line ".default_max_input_load 999.00 ".
Original area = 1128, original delay = 17.8

round 0
seed = 0 patienceN = 0 patienceM = 0 frameNumber = 1024 nLocalPI = 30

0%   10   20   30   40   50   60   70   80   90   100%
|----|----|----|----|----|----|----|----|----|----|
***************************************************
best node sum[0] best error 0
time = 38756242
area = 1012
delay = 17
write_blif appntk/ksa32_0_0_1012_17.blif

round 1
seed = 1567393778 patienceN = 0 patienceM = 0 frameNumber = 1024 nLocalPI = 30

0%   10   20   30   40   50   60   70   80   90   100%
|----|----|----|----|----|----|----|----|----|----|
***************************************************
best node n467 best error 0
time = 81661431
area = 1014
delay = 16.6
write_blif appntk/ksa32_1_0_1014_16.6.blif

round 2
seed = 1567393817 patienceN = 0 patienceM = 0 frameNumber = 1024 nLocalPI = 30

0%   10   20   30   40   50   60   70   80   90   100%
|----|----|----|----|----|----|----|----|----|----|
***************************************************
best node n445 best error 9.76562e-06
time = 130953619
area = 1012
delay = 16.6
write_blif appntk/ksa32_2_9.76562e-06_1012_16.6.blif

round 3
seed = 1567393860 patienceN = 0 patienceM = 0 frameNumber = 1024 nLocalPI = 30

0%   10   20   30   40   50   60   70   80   90   100%
|----|----|----|----|----|----|----|----|----|----|
***************************************************
best node n498 best error 9.76562e-06
time = 171119192
area = 991
delay = 17.2
write_blif appntk/ksa32_3_9.76562e-06_991_17.2.blif

round 4
seed = 1567393909 patienceN = 0 patienceM = 0 frameNumber = 1024 nLocalPI = 30

0%   10   20   30   40   50   60   70   80   90   100%
|----|----|----|----|----|----|----|----|----|----|
***************************************************
best node n512 best error 9.76562e-06
time = 211758892
area = 986
delay = 17.2
write_blif appntk/ksa32_4_9.76562e-06_986_17.2.blif

round 5
seed = 1567393949 patienceN = 0 patienceM = 0 frameNumber = 1024 nLocalPI = 30

0%   10   20   30   40   50   60   70   80   90   100%
|----|----|----|----|----|----|----|----|----|----|
***************************************************
best node n476 best error 1.95312e-05
time = 264090231
area = 977
delay = 17.2
write_blif appntk/ksa32_5_1.95312e-05_977_17.2.blif

round 6
seed = 1567393990 patienceN = 0 patienceM = 0 frameNumber = 1024 nLocalPI = 30

0%   10   20   30   40   50   60   70   80   90   100%
|----|----|----|----|----|----|----|----|----|----|
***************************************************
best node n525 best error 2.92969e-05
time = 309892424
area = 968
delay = 17.2
write_blif appntk/ksa32_6_2.92969e-05_968_17.2.blif

round 7
seed = 1567394042 patienceN = 0 patienceM = 0 frameNumber = 1024 nLocalPI = 30

0%   10   20   30   40   50   60   70   80   90   100%
|----|----|----|----|----|----|----|----|----|----|
***************************************************
best node n542 best error 3.90625e-05
time = 351785328
area = 994
delay = 16.6
write_blif appntk/ksa32_7_3.90625e-05_994_16.6.blif

round 8
seed = 1567394088 patienceN = 0 patienceM = 0 frameNumber = 1024 nLocalPI = 30

0%   10   20   30   40   50   60   70   80   90   100%
|----|----|----|----|----|----|----|----|----|----|
***************************************************
best node n559 best error 4.88281e-05
time = 387474226
area = 987
delay = 17.2
write_blif appntk/ksa32_8_4.88281e-05_987_17.2.blif

round 9
seed = 1567394130 patienceN = 0 patienceM = 0 frameNumber = 1024 nLocalPI = 30

0%   10   20   30   40   50   60   70   80   90   100%
|----|----|----|----|----|----|----|----|----|----|
***************************************************
best node n383 best error 9.76563e-05
time = 422843016
area = 981
delay = 16.4
write_blif appntk/ksa32_9_9.76563e-05_981_16.4.blif

round 10
seed = 1567394166 patienceN = 0 patienceM = 0 frameNumber = 1024 nLocalPI = 30

0%   10   20   30   40   50   60   70   80   90   100%
|----|----|----|----|----|----|----|----|----|----|
***************************************************
best node n257 best error 9.76563e-05
time = 457900986
area = 961
delay = 15.4
write_blif appntk/ksa32_10_9.76563e-05_961_15.4.blif

round 11
seed = 1567394201 patienceN = 0 patienceM = 0 frameNumber = 1024 nLocalPI = 30

0%   10   20   30   40   50   60   70   80   90   100%
|----|----|----|----|----|----|----|----|----|----|
***************************************************
best node n568 best error 9.76563e-05
time = 492389256
area = 940
delay = 16.7
write_blif appntk/ksa32_11_9.76563e-05_940_16.7.blif

round 12
seed = 1567394236 patienceN = 0 patienceM = 0 frameNumber = 1024 nLocalPI = 30

0%   10   20   30   40   50   60   70   80   90   100%
|----|----|----|----|----|----|----|----|----|----|
***************************************************
best node n393 best error 0.000185547
time = 525670761
area = 939
delay = 16.7
write_blif appntk/ksa32_12_0.000185547_939_16.7.blif

round 13
seed = 1567394271 patienceN = 0 patienceM = 0 frameNumber = 1024 nLocalPI = 30

0%   10   20   30   40   50   60   70   80   90   100%
|----|----|----|----|----|----|----|----|----|----|
***************************************************
best node n490 best error 0.000273438
time = 558120340
area = 921
delay = 14.9
write_blif appntk/ksa32_13_0.000273438_921_14.9.blif

round 14
seed = 1567394304 patienceN = 0 patienceM = 0 frameNumber = 1024 nLocalPI = 30

0%   10   20   30   40   50   60   70   80   90   100%
|----|----|----|----|----|----|----|----|----|----|
***************************************************
best node n508 best error 0.000273438
time = 588900904
area = 909
delay = 14.9
write_blif appntk/ksa32_14_0.000273438_909_14.9.blif

round 15
seed = 1567394336 patienceN = 0 patienceM = 0 frameNumber = 1024 nLocalPI = 30

0%   10   20   30   40   50   60   70   80   90   100%
|----|----|----|----|----|----|----|----|----|----|
***************************************************
best node n467 best error 0.000351563
time = 618364085
area = 877
delay = 15.1
write_blif appntk/ksa32_15_0.000351563_877_15.1.blif

round 16
seed = 1567394367 patienceN = 0 patienceM = 0 frameNumber = 1024 nLocalPI = 30

0%   10   20   30   40   50   60   70   80   90   100%
|----|----|----|----|----|----|----|----|----|----|
***************************************************
best node n339 best error 0.00204102
time = 645873729
area = 869
delay = 15.1
write_blif appntk/ksa32_16_0.00204102_869_15.1.blif

round 17
seed = 1567394397 patienceN = 0 patienceM = 0 frameNumber = 1024 nLocalPI = 30

0%   10   20   30   40   50   60   70   80   90   100%
|----|----|----|----|----|----|----|----|----|----|
***************************************************
best node n323 best error 0.00397461
time = 672550100
area = 885
delay = 15.3
write_blif appntk/ksa32_17_0.00397461_885_15.3.blif

round 18
seed = 1567394424 patienceN = 0 patienceM = 0 frameNumber = 1024 nLocalPI = 30

0%   10   20   30   40   50   60   70   80   90   100%
|----|----|----|----|----|----|----|----|----|----|
***************************************************
best node n351 best error 0.00397461
time = 699255022
area = 887
delay = 15.3
write_blif appntk/ksa32_18_0.00397461_887_15.3.blif

round 19
seed = 1567394451 patienceN = 0 patienceM = 0 frameNumber = 1024 nLocalPI = 30

0%   10   20   30   40   50   60   70   80   90   100%
|----|----|----|----|----|----|----|----|----|----|
***************************************************
best node n301 best error 0.00492187
time = 725080837
area = 869
delay = 16.5
write_blif appntk/ksa32_19_0.00492187_869_16.5.blif

round 20
seed = 1567394478 patienceN = 0 patienceM = 0 frameNumber = 1024 nLocalPI = 30

0%   10   20   30   40   50   60   70   80   90   100%
|----|----|----|----|----|----|----|----|----|----|
***************************************************
best node n138 best error 0.00492187
time = 750077341
area = 864
delay = 16.1
write_blif appntk/ksa32_20_0.00492187_864_16.1.blif

round 21
seed = 1567394504 patienceN = 0 patienceM = 0 frameNumber = 1024 nLocalPI = 30

0%   10   20   30   40   50   60   70   80   90   100%
|----|----|----|----|----|----|----|----|----|----|
***************************************************
best node n410 best error 0.00682617
time = 774288252
area = 863
delay = 17.1
write_blif appntk/ksa32_21_0.00682617_863_17.1.blif

round 22
seed = 1567394529 patienceN = 0 patienceM = 0 frameNumber = 1024 nLocalPI = 30

0%   10   20   30   40   50   60   70   80   90   100%
|----|----|----|----|----|----|----|----|----|----|
***************************************************
best node n391 best error 0.00682617
time = 798325986
area = 845
delay = 17.6
write_blif appntk/ksa32_22_0.00682617_845_17.6.blif

round 23
seed = 1567394553 patienceN = 0 patienceM = 0 frameNumber = 1024 nLocalPI = 30

0%   10   20   30   40   50   60   70   80   90   100%
|----|----|----|----|----|----|----|----|----|----|
***************************************************
best node n399 best error 0.00879883
time = 821646677
area = 845
delay = 16.6
write_blif appntk/ksa32_23_0.00879883_845_16.6.blif

round 24
seed = 1567394577 patienceN = 0 patienceM = 0 frameNumber = 1024 nLocalPI = 30

0%   10   20   30   40   50   60   70   80   90   100%
|----|----|----|----|----|----|----|----|----|----|
***************************************************
best node n511 best error 0.0104688
time = 844983924
area = 841
delay = 16.6
write_blif appntk/ksa32_24_0.0104688_841_16.6.blif

round 25
seed = 1567394600 patienceN = 0 patienceM = 0 frameNumber = 1024 nLocalPI = 30

0%   10   20   30   40   50   60   70   80   90   100%
|----|----|----|----|----|----|----|----|----|----|
***************************************************
best node n482 best error 0.0117969
time = 867729916
area = 829
delay = 16.1
write_blif appntk/ksa32_25_0.0117969_829_16.1.blif

round 26
seed = 1567394624 patienceN = 0 patienceM = 0 frameNumber = 1024 nLocalPI = 30

0%   10   20   30   40   50   60   70   80   90   100%
|----|----|----|----|----|----|----|----|----|----|
***************************************************
best node n487 best error 0.0156445
time = 889726305
area = 826
delay = 16.1
write_blif appntk/ksa32_26_0.0156445_826_16.1.blif

round 27
seed = 1567394646 patienceN = 0 patienceM = 0 frameNumber = 1024 nLocalPI = 30

0%   10   20   30   40   50   60   70   80   90   100%
|----|----|----|----|----|----|----|----|----|----|
***************************************************
best node n407 best error 0.0156445
time = 910777673
area = 806
delay = 16.7
write_blif appntk/ksa32_27_0.0156445_806_16.7.blif

round 28
seed = 1567394669 patienceN = 0 patienceM = 0 frameNumber = 1024 nLocalPI = 30

0%   10   20   30   40   50   60   70   80   90   100%
|----|----|----|----|----|----|----|----|----|----|
***************************************************
best node n222 best error 0.0173926
time = 931074459
area = 803
delay = 16
write_blif appntk/ksa32_28_0.0173926_803_16.blif

round 29
seed = 1567394690 patienceN = 0 patienceM = 0 frameNumber = 1024 nLocalPI = 30

0%   10   20   30   40   50   60   70   80   90   100%
|----|----|----|----|----|----|----|----|----|----|
***************************************************
best node n397 best error 0.0175586
time = 949910867
area = 795
delay = 16.5
write_blif appntk/ksa32_29_0.0175586_795_16.5.blif

round 30
seed = 1567394710 patienceN = 0 patienceM = 0 frameNumber = 1024 nLocalPI = 30

0%   10   20   30   40   50   60   70   80   90   100%
|----|----|----|----|----|----|----|----|----|----|
***************************************************
best node n263 best error 0.0191602
time = 968635843
area = 780
delay = 15.2
write_blif appntk/ksa32_30_0.0191602_780_15.2.blif

round 31
seed = 1567394729 patienceN = 0 patienceM = 0 frameNumber = 1024 nLocalPI = 30

0%   10   20   30   40   50   60   70   80   90   100%
|----|----|----|----|----|----|----|----|----|----|
***************************************************
change patienceN
time = 986931802
area = 780
delay = 15.2
write_blif appntk/ksa32_31_0.0191602_780_15.2.blif

round 32
seed = 1567394747 patienceN = 1 patienceM = 0 frameNumber = 1024 nLocalPI = 30

0%   10   20   30   40   50   60   70   80   90   100%
|----|----|----|----|----|----|----|----|----|----|
***************************************************
best node n339 best error 0.0191602
time = 1005312799
area = 777
delay = 16.1
write_blif appntk/ksa32_32_0.0191602_777_16.1.blif

round 33
seed = 1567394766 patienceN = 0 patienceM = 0 frameNumber = 1024 nLocalPI = 30

0%   10   20   30   40   50   60   70   80   90   100%
|----|----|----|----|----|----|----|----|----|----|
***************************************************
change patienceN
time = 1022795518
area = 776
delay = 15.2
write_blif appntk/ksa32_33_0.0191602_776_15.2.blif

round 34
seed = 1567394784 patienceN = 1 patienceM = 0 frameNumber = 1024 nLocalPI = 30

0%   10   20   30   40   50   60   70   80   90   100%
|----|----|----|----|----|----|----|----|----|----|
***************************************************
change patienceN
time = 1040298717
area = 770
delay = 15.2
write_blif appntk/ksa32_34_0.0191602_770_15.2.blif

round 35
seed = 1567394802 patienceN = 2 patienceM = 0 frameNumber = 1024 nLocalPI = 30

0%   10   20   30   40   50   60   70   80   90   100%
|----|----|----|----|----|----|----|----|----|----|
***************************************************
change patienceN
time = 1057740637
area = 770
delay = 15.2
write_blif appntk/ksa32_35_0.0191602_770_15.2.blif

round 36
seed = 1567394819 patienceN = 0 patienceM = 0 frameNumber = 512 nLocalPI = 30

0%   10   20   30   40   50   60   70   80   90   100%
|----|----|----|----|----|----|----|----|----|----|
***************************************************
best node n473 best error 0.0206934
time = 1067368235
area = 775
delay = 15.2
write_blif appntk/ksa32_36_0.0206934_775_15.2.blif

round 37
seed = 1567394837 patienceN = 0 patienceM = 0 frameNumber = 512 nLocalPI = 30

0%   10   20   30   40   50   60   70   80   90   100%
|----|----|----|----|----|----|----|----|----|----|
***************************************************
best node n474 best error 0.0179687
time = 1076886446
area = 769
delay = 15.2
write_blif appntk/ksa32_37_0.0179687_769_15.2.blif

round 38
seed = 1567394846 patienceN = 0 patienceM = 0 frameNumber = 512 nLocalPI = 30

0%   10   20   30   40   50   60   70   80   90   100%
|----|----|----|----|----|----|----|----|----|----|
***************************************************
best node n455 best error 0.0206641
time = 1086344005
area = 761
delay = 15.2
write_blif appntk/ksa32_38_0.0206641_761_15.2.blif

round 39
seed = 1567394856 patienceN = 0 patienceM = 0 frameNumber = 512 nLocalPI = 30

0%   10   20   30   40   50   60   70   80   90   100%
|----|----|----|----|----|----|----|----|----|----|
***************************************************
best node n364 best error 0.0225488
time = 1095624850
area = 765
delay = 15.2
write_blif appntk/ksa32_39_0.0225488_765_15.2.blif

round 40
seed = 1567394865 patienceN = 0 patienceM = 0 frameNumber = 512 nLocalPI = 30

0%   10   20   30   40   50   60   70   80   90   100%
|----|----|----|----|----|----|----|----|----|----|
***************************************************
change patienceN
time = 1104513466
area = 764
delay = 15.2
write_blif appntk/ksa32_40_0.0225488_764_15.2.blif

round 41
seed = 1567394874 patienceN = 1 patienceM = 0 frameNumber = 512 nLocalPI = 30

0%   10   20   30   40   50   60   70   80   90   100%
|----|----|----|----|----|----|----|----|----|----|
***************************************************
best node n363 best error 0.0280664
time = 1113572463
area = 750
delay = 15.2
write_blif appntk/ksa32_41_0.0280664_750_15.2.blif

round 42
seed = 1567394883 patienceN = 0 patienceM = 0 frameNumber = 512 nLocalPI = 30

0%   10   20   30   40   50   60   70   80   90   100%
|----|----|----|----|----|----|----|----|----|----|
***************************************************
best node n450 best error 0.027168
time = 1122109760
area = 744
delay = 15.2
write_blif appntk/ksa32_42_0.027168_744_15.2.blif

round 43
seed = 1567394892 patienceN = 0 patienceM = 0 frameNumber = 512 nLocalPI = 30

0%   10   20   30   40   50   60   70   80   90   100%
|----|----|----|----|----|----|----|----|----|----|
***************************************************
best node n194 best error 0.0325586
time = 1130021686
area = 724
delay = 16.9
write_blif appntk/ksa32_43_0.0325586_724_16.9.blif

round 44
seed = 1567394901 patienceN = 0 patienceM = 0 frameNumber = 512 nLocalPI = 30

0%   10   20   30   40   50   60   70   80   90   100%
|----|----|----|----|----|----|----|----|----|----|
***************************************************
change patienceN
time = 1137099671
area = 725
delay = 16
write_blif appntk/ksa32_44_0.0325586_725_16.blif

round 45
seed = 1567394909 patienceN = 1 patienceM = 0 frameNumber = 512 nLocalPI = 30

0%   10   20   30   40   50   60   70   80   90   100%
|----|----|----|----|----|----|----|----|----|----|
***************************************************
best node n291 best error 0.0323926
time = 1144487856
area = 721
delay = 16
write_blif appntk/ksa32_45_0.0323926_721_16.blif

round 46
seed = 1567394916 patienceN = 0 patienceM = 0 frameNumber = 512 nLocalPI = 30

0%   10   20   30   40   50   60   70   80   90   100%
|----|----|----|----|----|----|----|----|----|----|
***************************************************
best node n365 best error 0.028457
time = 1151877108
area = 714
delay = 17.1
write_blif appntk/ksa32_46_0.028457_714_17.1.blif

round 47
seed = 1567394923 patienceN = 0 patienceM = 0 frameNumber = 512 nLocalPI = 30

0%   10   20   30   40   50   60   70   80   90   100%
|----|----|----|----|----|----|----|----|----|----|
***************************************************
change patienceN
time = 1158659168
area = 714
delay = 17.1
write_blif appntk/ksa32_47_0.028457_714_17.1.blif

round 48
seed = 1567394931 patienceN = 1 patienceM = 0 frameNumber = 512 nLocalPI = 30

0%   10   20   30   40   50   60   70   80   90   100%
|----|----|----|----|----|----|----|----|----|----|
***************************************************
change patienceN
time = 1165408955
area = 714
delay = 17.1
write_blif appntk/ksa32_48_0.028457_714_17.1.blif

round 49
seed = 1567394937 patienceN = 2 patienceM = 0 frameNumber = 512 nLocalPI = 30

0%   10   20   30   40   50   60   70   80   90   100%
|----|----|----|----|----|----|----|----|----|----|
***************************************************
best node n278 best error 0.0294824
time = 1172281233
area = 711
delay = 17.2
write_blif appntk/ksa32_49_0.0294824_711_17.2.blif

round 50
seed = 1567394944 patienceN = 0 patienceM = 0 frameNumber = 512 nLocalPI = 30

0%   10   20   30   40   50   60   70   80   90   100%
|----|----|----|----|----|----|----|----|----|----|
***************************************************
best node n378 best error 0.0294824
time = 1179100746
area = 705
delay = 16.1
write_blif appntk/ksa32_50_0.0294824_705_16.1.blif

round 51
seed = 1567394951 patienceN = 0 patienceM = 0 frameNumber = 512 nLocalPI = 30

0%   10   20   30   40   50   60   70   80   90   100%
|----|----|----|----|----|----|----|----|----|----|
***************************************************
change patienceN
time = 1185237172
area = 694
delay = 16
write_blif appntk/ksa32_51_0.0294824_694_16.blif

round 52
seed = 1567394958 patienceN = 1 patienceM = 0 frameNumber = 512 nLocalPI = 30

0%   10   20   30   40   50   60   70   80   90   100%
|----|----|----|----|----|----|----|----|----|----|
***************************************************
change patienceN
time = 1191470397
area = 696
delay = 16
write_blif appntk/ksa32_52_0.0294824_696_16.blif

round 53
seed = 1567394964 patienceN = 2 patienceM = 0 frameNumber = 512 nLocalPI = 30

0%   10   20   30   40   50   60   70   80   90   100%
|----|----|----|----|----|----|----|----|----|----|
***************************************************
change patienceN
time = 1197685001
area = 694
delay = 16
write_blif appntk/ksa32_53_0.0294824_694_16.blif

round 54
seed = 1567394970 patienceN = 0 patienceM = 0 frameNumber = 256 nLocalPI = 30

0%   10   20   30   40   50   60   70   80   90   100%
|----|----|----|----|----|----|----|----|----|----|
***************************************************
change patienceN
time = 1201205779
area = 696
delay = 16
write_blif appntk/ksa32_54_0.0294824_696_16.blif

round 55
seed = 1567394977 patienceN = 1 patienceM = 0 frameNumber = 256 nLocalPI = 30

0%   10   20   30   40   50   60   70   80   90   100%
|----|----|----|----|----|----|----|----|----|----|
***************************************************
best node n324 best error 0.0443652
time = 1204962910
area = 692
delay = 16.8
write_blif appntk/ksa32_55_0.0443652_692_16.8.blif

round 56
seed = 1567394980 patienceN = 0 patienceM = 0 frameNumber = 256 nLocalPI = 30

0%   10   20   30   40   50   60   70   80   90   100%
|----|----|----|----|----|----|----|----|----|----|
***************************************************
best node n246 best error 0.0496387
time = 1208582000
area = 695
delay = 17.7
write_blif appntk/ksa32_56_0.0496387_695_17.7.blif

round 57
seed = 1567394984 patienceN = 0 patienceM = 0 frameNumber = 256 nLocalPI = 30

0%   10   20   30   40   50   60   70   80   90   100%
|----|----|----|----|----|----|----|----|----|----|
***************************************************
change patienceN
time = 1212059291
area = 683
delay = 17.1
write_blif appntk/ksa32_57_0.0496387_683_17.1.blif

round 58
seed = 1567394987 patienceN = 1 patienceM = 0 frameNumber = 256 nLocalPI = 30

0%   10   20   30   40   50   60   70   80   90   100%
|----|----|----|----|----|----|----|----|----|----|
***************************************************
change patienceM
time = 1215633976
area = 684
delay = 17.1
write_blif appntk/ksa32_58_0.0496387_684_17.1.blif

round 59
seed = 1567394991 patienceN = 1 patienceM = 1 frameNumber = 256 nLocalPI = 30

0%   10   20   30   40   50   60   70   80   90   100%
|----|----|----|----|----|----|----|----|----|----|
***************************************************
change patienceM
time = 1219231209
area = 683
delay = 17.1
write_blif appntk/ksa32_59_0.0496387_683_17.1.blif

round 60
seed = 1567394995 patienceN = 1 patienceM = 2 frameNumber = 256 nLocalPI = 30

0%   10   20   30   40   50   60   70   80   90   100%
|----|----|----|----|----|----|----|----|----|----|
***************************************************
change patienceN
time = 1222810587
area = 684
delay = 17.1
write_blif appntk/ksa32_60_0.0496387_684_17.1.blif

round 61
seed = 1567394998 patienceN = 2 patienceM = 2 frameNumber = 256 nLocalPI = 30

0%   10   20   30   40   50   60   70   80   90   100%
|----|----|----|----|----|----|----|----|----|----|
***************************************************
change patienceM
time = 1226361993
area = 683
delay = 17.1
write_blif appntk/ksa32_61_0.0496387_683_17.1.blif

round 62
seed = 1567395002 patienceN = 0 patienceM = 0 frameNumber = 256 nLocalPI = 29

0%   10   20   30   40   50   60   70   80   90   100%
|----|----|----|----|----|----|----|----|----|----|
***************************************************
change patienceM
time = 1229812994
area = 684
delay = 17.1
write_blif appntk/ksa32_62_0.0496387_684_17.1.blif

round 63
seed = 1567395005 patienceN = 0 patienceM = 1 frameNumber = 256 nLocalPI = 29

0%   10   20   30   40   50   60   70   80   90   100%
|----|----|----|----|----|----|----|----|----|----|
***************************************************
change patienceN
time = 1233196461
area = 683
delay = 17.1
write_blif appntk/ksa32_63_0.0496387_683_17.1.blif

round 64
seed = 1567395009 patienceN = 1 patienceM = 1 frameNumber = 256 nLocalPI = 29

0%   10   20   30   40   50   60   70   80   90   100%
|----|----|----|----|----|----|----|----|----|----|
***************************************************
change patienceN
time = 1236586837
area = 684
delay = 17.1
write_blif appntk/ksa32_64_0.0496387_684_17.1.blif

round 65
seed = 1567395012 patienceN = 2 patienceM = 1 frameNumber = 256 nLocalPI = 29

0%   10   20   30   40   50   60   70   80   90   100%
|----|----|----|----|----|----|----|----|----|----|
***************************************************
change patienceN
time = 1239957208
area = 683
delay = 17.1
write_blif appntk/ksa32_65_0.0496387_683_17.1.blif

round 66
seed = 1567395016 patienceN = 0 patienceM = 0 frameNumber = 128 nLocalPI = 29

0%   10   20   30   40   50   60   70   80   90   100%
|----|----|----|----|----|----|----|----|----|----|
***************************************************
change patienceM
time = 1242253639
area = 684
delay = 17.1
write_blif appntk/ksa32_66_0.0496387_684_17.1.blif

round 67
seed = 1567395019 patienceN = 0 patienceM = 1 frameNumber = 128 nLocalPI = 29

0%   10   20   30   40   50   60   70   80   90   100%
|----|----|----|----|----|----|----|----|----|----|
***************************************************
change patienceM
time = 1244444322
area = 683
delay = 17.1
write_blif appntk/ksa32_67_0.0496387_683_17.1.blif

round 68
seed = 1567395021 patienceN = 0 patienceM = 2 frameNumber = 128 nLocalPI = 29

0%   10   20   30   40   50   60   70   80   90   100%
|----|----|----|----|----|----|----|----|----|----|
***************************************************
change patienceM
time = 1246581969
area = 684
delay = 17.1
write_blif appntk/ksa32_68_0.0496387_684_17.1.blif

round 69
seed = 1567395023 patienceN = 0 patienceM = 0 frameNumber = 128 nLocalPI = 28

0%   10   20   30   40   50   60   70   80   90   100%
|----|----|----|----|----|----|----|----|----|----|
***************************************************
change patienceM
time = 1248699885
area = 683
delay = 17.1
write_blif appntk/ksa32_69_0.0496387_683_17.1.blif

round 70
seed = 1567395026 patienceN = 0 patienceM = 1 frameNumber = 128 nLocalPI = 28

0%   10   20   30   40   50   60   70   80   90   100%
|----|----|----|----|----|----|----|----|----|----|
***************************************************
change patienceM
time = 1250827566
area = 684
delay = 17.1
write_blif appntk/ksa32_70_0.0496387_684_17.1.blif

round 71
seed = 1567395028 patienceN = 0 patienceM = 2 frameNumber = 128 nLocalPI = 28

0%   10   20   30   40   50   60   70   80   90   100%
|----|----|----|----|----|----|----|----|----|----|
***************************************************
change patienceM
time = 1253171875
area = 683
delay = 17.1
write_blif appntk/ksa32_71_0.0496387_683_17.1.blif

round 72
seed = 1567395030 patienceN = 0 patienceM = 0 frameNumber = 128 nLocalPI = 27

0%   10   20   30   40   50   60   70   80   90   100%
|----|----|----|----|----|----|----|----|----|----|
***************************************************
change patienceM
time = 1255235743
area = 684
delay = 17.1
write_blif appntk/ksa32_72_0.0496387_684_17.1.blif

round 73
seed = 1567395032 patienceN = 0 patienceM = 1 frameNumber = 128 nLocalPI = 27

0%   10   20   30   40   50   60   70   80   90   100%
|----|----|----|----|----|----|----|----|----|----|
***************************************************
change patienceM
time = 1257285355
area = 683
delay = 17.1
write_blif appntk/ksa32_73_0.0496387_683_17.1.blif

round 74
seed = 1567395034 patienceN = 0 patienceM = 2 frameNumber = 128 nLocalPI = 27

0%   10   20   30   40   50   60   70   80   90   100%
|----|----|----|----|----|----|----|----|----|----|
***************************************************
change patienceM
time = 1259572406
area = 684
delay = 17.1
write_blif appntk/ksa32_74_0.0496387_684_17.1.blif

round 75
seed = 1567395036 patienceN = 0 patienceM = 0 frameNumber = 128 nLocalPI = 26

0%   10   20   30   40   50   60   70   80   90   100%
|----|----|----|----|----|----|----|----|----|----|
***************************************************
change patienceM
time = 1261679152
area = 683
delay = 17.1
write_blif appntk/ksa32_75_0.0496387_683_17.1.blif

round 76
seed = 1567395039 patienceN = 0 patienceM = 1 frameNumber = 128 nLocalPI = 26

0%   10   20   30   40   50   60   70   80   90   100%
|----|----|----|----|----|----|----|----|----|----|
***************************************************
change patienceM
time = 1263961821
area = 684
delay = 17.1
write_blif appntk/ksa32_76_0.0496387_684_17.1.blif

round 77
seed = 1567395041 patienceN = 0 patienceM = 2 frameNumber = 128 nLocalPI = 26

0%   10   20   30   40   50   60   70   80   90   100%
|----|----|----|----|----|----|----|----|----|----|
***************************************************
change patienceM
time = 1266225691
area = 683
delay = 17.1
write_blif appntk/ksa32_77_0.0496387_683_17.1.blif

round 78
seed = 1567395043 patienceN = 0 patienceM = 0 frameNumber = 128 nLocalPI = 25

0%   10   20   30   40   50   60   70   80   90   100%
|----|----|----|----|----|----|----|----|----|----|
***************************************************
change patienceM
time = 1268384368
area = 684
delay = 17.1
write_blif appntk/ksa32_78_0.0496387_684_17.1.blif

round 79
seed = 1567395045 patienceN = 0 patienceM = 1 frameNumber = 128 nLocalPI = 25

0%   10   20   30   40   50   60   70   80   90   100%
|----|----|----|----|----|----|----|----|----|----|
***************************************************
change patienceM
time = 1270445998
area = 683
delay = 17.1
write_blif appntk/ksa32_79_0.0496387_683_17.1.blif

round 80
seed = 1567395047 patienceN = 0 patienceM = 2 frameNumber = 128 nLocalPI = 25

0%   10   20   30   40   50   60   70   80   90   100%
|----|----|----|----|----|----|----|----|----|----|
***************************************************
change patienceM
time = 1272504862
area = 684
delay = 17.1
write_blif appntk/ksa32_80_0.0496387_684_17.1.blif

round 81
seed = 1567395049 patienceN = 0 patienceM = 0 frameNumber = 128 nLocalPI = 24

0%   10   20   30   40   50   60   70   80   90   100%
|----|----|----|----|----|----|----|----|----|----|
***************************************************
change patienceM
time = 1274503996
area = 683
delay = 17.1
write_blif appntk/ksa32_81_0.0496387_683_17.1.blif

round 82
seed = 1567395051 patienceN = 0 patienceM = 1 frameNumber = 128 nLocalPI = 24

0%   10   20   30   40   50   60   70   80   90   100%
|----|----|----|----|----|----|----|----|----|----|
***************************************************
change patienceM
time = 1276579615
area = 684
delay = 17.1
write_blif appntk/ksa32_82_0.0496387_684_17.1.blif

round 83
seed = 1567395053 patienceN = 0 patienceM = 2 frameNumber = 128 nLocalPI = 24

0%   10   20   30   40   50   60   70   80   90   100%
|----|----|----|----|----|----|----|----|----|----|
***************************************************
change patienceM
time = 1278728538
area = 683
delay = 17.1
write_blif appntk/ksa32_83_0.0496387_683_17.1.blif

round 84
seed = 1567395056 patienceN = 0 patienceM = 0 frameNumber = 128 nLocalPI = 23

0%   10   20   30   40   50   60   70   80   90   100%
|----|----|----|----|----|----|----|----|----|----|
***************************************************
change patienceM
time = 1280819013
area = 684
delay = 17.1
write_blif appntk/ksa32_84_0.0496387_684_17.1.blif

round 85
seed = 1567395058 patienceN = 0 patienceM = 1 frameNumber = 128 nLocalPI = 23

0%   10   20   30   40   50   60   70   80   90   100%
|----|----|----|----|----|----|----|----|----|----|
***************************************************
change patienceM
time = 1282942059
area = 683
delay = 17.1
write_blif appntk/ksa32_85_0.0496387_683_17.1.blif

round 86
seed = 1567395060 patienceN = 0 patienceM = 2 frameNumber = 128 nLocalPI = 23

0%   10   20   30   40   50   60   70   80   90   100%
|----|----|----|----|----|----|----|----|----|----|
***************************************************
best node n238 best error 0.0485156
time = 1285240530
area = 669
delay = 17.1
write_blif appntk/ksa32_86_0.0485156_669_17.1.blif

round 87
seed = 1567395062 patienceN = 0 patienceM = 0 frameNumber = 128 nLocalPI = 23

0%   10   20   30   40   50   60   70   80   90   100%
|----|----|----|----|----|----|----|----|----|----|
***************************************************
change patienceM
time = 1287331076
area = 670
delay = 17.1
write_blif appntk/ksa32_87_0.0485156_670_17.1.blif

round 88
seed = 1567395064 patienceN = 0 patienceM = 1 frameNumber = 128 nLocalPI = 23

0%   10   20   30   40   50   60   70   80   90   100%
|----|----|----|----|----|----|----|----|----|----|
***************************************************
change patienceM
time = 1289482434
area = 670
delay = 17.1
write_blif appntk/ksa32_88_0.0485156_670_17.1.blif

round 89
seed = 1567395066 patienceN = 0 patienceM = 2 frameNumber = 128 nLocalPI = 23

0%   10   20   30   40   50   60   70   80   90   100%
|----|----|----|----|----|----|----|----|----|----|
***************************************************
change patienceM
time = 1291471444
area = 670
delay = 17.1
write_blif appntk/ksa32_89_0.0485156_670_17.1.blif

round 90
seed = 1567395069 patienceN = 0 patienceM = 0 frameNumber = 128 nLocalPI = 22

0%   10   20   30   40   50   60   70   80   90   100%
|----|----|----|----|----|----|----|----|----|----|
***************************************************
change patienceM
time = 1293466425
area = 670
delay = 17.1
write_blif appntk/ksa32_90_0.0485156_670_17.1.blif

round 91
seed = 1567395071 patienceN = 0 patienceM = 1 frameNumber = 128 nLocalPI = 22

0%   10   20   30   40   50   60   70   80   90   100%
|----|----|----|----|----|----|----|----|----|----|
***************************************************
change patienceM
time = 1295433922
area = 670
delay = 17.1
write_blif appntk/ksa32_91_0.0485156_670_17.1.blif

round 92
seed = 1567395073 patienceN = 0 patienceM = 2 frameNumber = 128 nLocalPI = 22

0%   10   20   30   40   50   60   70   80   90   100%
|----|----|----|----|----|----|----|----|----|----|
***************************************************
change patienceM
time = 1297376978
area = 670
delay = 17.1
write_blif appntk/ksa32_92_0.0485156_670_17.1.blif

round 93
seed = 1567395075 patienceN = 0 patienceM = 0 frameNumber = 128 nLocalPI = 21

0%   10   20   30   40   50   60   70   80   90   100%
|----|----|----|----|----|----|----|----|----|----|
***************************************************
change patienceM
time = 1299417371
area = 670
delay = 17.1
write_blif appntk/ksa32_93_0.0485156_670_17.1.blif

round 94
seed = 1567395076 patienceN = 0 patienceM = 1 frameNumber = 128 nLocalPI = 21

0%   10   20   30   40   50   60   70   80   90   100%
|----|----|----|----|----|----|----|----|----|----|
***************************************************
change patienceM
time = 1301305601
area = 670
delay = 17.1
write_blif appntk/ksa32_94_0.0485156_670_17.1.blif

round 95
seed = 1567395079 patienceN = 0 patienceM = 2 frameNumber = 128 nLocalPI = 21

0%   10   20   30   40   50   60   70   80   90   100%
|----|----|----|----|----|----|----|----|----|----|
***************************************************
change patienceM
time = 1303190537
area = 670
delay = 17.1
write_blif appntk/ksa32_95_0.0485156_670_17.1.blif

round 96
seed = 1567395080 patienceN = 0 patienceM = 0 frameNumber = 128 nLocalPI = 20

0%   10   20   30   40   50   60   70   80   90   100%
|----|----|----|----|----|----|----|----|----|----|
***************************************************
change patienceN
time = 1304973361
area = 670
delay = 17.1
write_blif appntk/ksa32_96_0.0485156_670_17.1.blif

round 97
seed = 1567395082 patienceN = 1 patienceM = 0 frameNumber = 128 nLocalPI = 20

0%   10   20   30   40   50   60   70   80   90   100%
|----|----|----|----|----|----|----|----|----|----|
***************************************************
change patienceM
time = 1306818869
area = 670
delay = 17.1
write_blif appntk/ksa32_97_0.0485156_670_17.1.blif

round 98
seed = 1567395084 patienceN = 1 patienceM = 1 frameNumber = 128 nLocalPI = 20

0%   10   20   30   40   50   60   70   80   90   100%
|----|----|----|----|----|----|----|----|----|----|
***************************************************
change patienceM
time = 1308672390
area = 670
delay = 17.1
write_blif appntk/ksa32_98_0.0485156_670_17.1.blif

round 99
seed = 1567395086 patienceN = 1 patienceM = 2 frameNumber = 128 nLocalPI = 20

0%   10   20   30   40   50   60   70   80   90   100%
|----|----|----|----|----|----|----|----|----|----|
***************************************************
change patienceM
time = 1310682276
area = 670
delay = 17.1
write_blif appntk/ksa32_99_0.0485156_670_17.1.blif

round 100
seed = 1567395088 patienceN = 0 patienceM = 0 frameNumber = 128 nLocalPI = 19

0%   10   20   30   40   50   60   70   80   90   100%
|----|----|----|----|----|----|----|----|----|----|
***************************************************
change patienceM
time = 1312461558
area = 670
delay = 17.1
write_blif appntk/ksa32_100_0.0485156_670_17.1.blif

round 101
seed = 1567395090 patienceN = 0 patienceM = 1 frameNumber = 128 nLocalPI = 19

0%   10   20   30   40   50   60   70   80   90   100%
|----|----|----|----|----|----|----|----|----|----|
***************************************************
change patienceM
time = 1314314056
area = 670
delay = 17.1
write_blif appntk/ksa32_101_0.0485156_670_17.1.blif

round 102
seed = 1567395092 patienceN = 0 patienceM = 2 frameNumber = 128 nLocalPI = 19

0%   10   20   30   40   50   60   70   80   90   100%
|----|----|----|----|----|----|----|----|----|----|
***************************************************
change patienceM
time = 1316353940
area = 670
delay = 17.1
write_blif appntk/ksa32_102_0.0485156_670_17.1.blif

round 103
seed = 1567395093 patienceN = 0 patienceM = 0 frameNumber = 128 nLocalPI = 18

0%   10   20   30   40   50   60   70   80   90   100%
|----|----|----|----|----|----|----|----|----|----|
***************************************************
change patienceM
time = 1318131414
area = 670
delay = 17.1
write_blif appntk/ksa32_103_0.0485156_670_17.1.blif

round 104
seed = 1567395095 patienceN = 0 patienceM = 1 frameNumber = 128 nLocalPI = 18

0%   10   20   30   40   50   60   70   80   90   100%
|----|----|----|----|----|----|----|----|----|----|
***************************************************
change patienceM
time = 1320049182
area = 670
delay = 17.1
write_blif appntk/ksa32_104_0.0485156_670_17.1.blif

round 105
seed = 1567395097 patienceN = 0 patienceM = 2 frameNumber = 128 nLocalPI = 18

0%   10   20   30   40   50   60   70   80   90   100%
|----|----|----|----|----|----|----|----|----|----|
***************************************************
change patienceM
time = 1321905099
area = 670
delay = 17.1
write_blif appntk/ksa32_105_0.0485156_670_17.1.blif

round 106
seed = 1567395099 patienceN = 0 patienceM = 0 frameNumber = 128 nLocalPI = 17

0%   10   20   30   40   50   60   70   80   90   100%
|----|----|----|----|----|----|----|----|----|----|
***************************************************
change patienceM
time = 1323847181
area = 670
delay = 17.1
write_blif appntk/ksa32_106_0.0485156_670_17.1.blif

round 107
seed = 1567395101 patienceN = 0 patienceM = 1 frameNumber = 128 nLocalPI = 17

0%   10   20   30   40   50   60   70   80   90   100%
|----|----|----|----|----|----|----|----|----|----|
***************************************************
change patienceM
time = 1325598081
area = 670
delay = 17.1
write_blif appntk/ksa32_107_0.0485156_670_17.1.blif

round 108
seed = 1567395103 patienceN = 0 patienceM = 2 frameNumber = 128 nLocalPI = 17

0%   10   20   30   40   50   60   70   80   90   100%
|----|----|----|----|----|----|----|----|----|----|
***************************************************
change patienceN
time = 1327181855
area = 670
delay = 17.1
write_blif appntk/ksa32_108_0.0485156_670_17.1.blif

round 109
seed = 1567395105 patienceN = 1 patienceM = 2 frameNumber = 128 nLocalPI = 17

0%   10   20   30   40   50   60   70   80   90   100%
|----|----|----|----|----|----|----|----|----|----|
***************************************************
change patienceM
time = 1328850242
area = 670
delay = 17.1
write_blif appntk/ksa32_109_0.0485156_670_17.1.blif

round 110
seed = 1567395106 patienceN = 0 patienceM = 0 frameNumber = 128 nLocalPI = 16

0%   10   20   30   40   50   60   70   80   90   100%
|----|----|----|----|----|----|----|----|----|----|
***************************************************
change patienceN
time = 1330415069
area = 670
delay = 17.1
write_blif appntk/ksa32_110_0.0485156_670_17.1.blif

round 111
seed = 1567395108 patienceN = 1 patienceM = 0 frameNumber = 128 nLocalPI = 16

0%   10   20   30   40   50   60   70   80   90   100%
|----|----|----|----|----|----|----|----|----|----|
***************************************************
change patienceM
time = 1332050318
area = 670
delay = 17.1
write_blif appntk/ksa32_111_0.0485156_670_17.1.blif

round 112
seed = 1567395110 patienceN = 1 patienceM = 1 frameNumber = 128 nLocalPI = 16

0%   10   20   30   40   50   60   70   80   90   100%
|----|----|----|----|----|----|----|----|----|----|
***************************************************
change patienceM
time = 1333753252
area = 670
delay = 17.1
write_blif appntk/ksa32_112_0.0485156_670_17.1.blif

round 113
seed = 1567395111 patienceN = 1 patienceM = 2 frameNumber = 128 nLocalPI = 16

0%   10   20   30   40   50   60   70   80   90   100%
|----|----|----|----|----|----|----|----|----|----|
***************************************************
change patienceM
time = 1335371866
area = 670
delay = 17.1
write_blif appntk/ksa32_113_0.0485156_670_17.1.blif

round 114
seed = 1567395113 patienceN = 0 patienceM = 0 frameNumber = 128 nLocalPI = 15

0%   10   20   30   40   50   60   70   80   90   100%
|----|----|----|----|----|----|----|----|----|----|
***************************************************
change patienceM
time = 1337165973
area = 670
delay = 17.1
write_blif appntk/ksa32_114_0.0485156_670_17.1.blif

round 115
seed = 1567395114 patienceN = 0 patienceM = 1 frameNumber = 128 nLocalPI = 15

0%   10   20   30   40   50   60   70   80   90   100%
|----|----|----|----|----|----|----|----|----|----|
***************************************************
change patienceM
time = 1338799895
area = 670
delay = 17.1
write_blif appntk/ksa32_115_0.0485156_670_17.1.blif

round 116
seed = 1567395116 patienceN = 0 patienceM = 2 frameNumber = 128 nLocalPI = 15

0%   10   20   30   40   50   60   70   80   90   100%
|----|----|----|----|----|----|----|----|----|----|
***************************************************
change patienceM
time = 1340434578
area = 670
delay = 17.1
write_blif appntk/ksa32_116_0.0485156_670_17.1.blif

round 117
seed = 1567395118 patienceN = 0 patienceM = 0 frameNumber = 128 nLocalPI = 14

0%   10   20   30   40   50   60   70   80   90   100%
|----|----|----|----|----|----|----|----|----|----|
***************************************************
change patienceM
time = 1342116894
area = 670
delay = 17.1
write_blif appntk/ksa32_117_0.0485156_670_17.1.blif

round 118
seed = 1567395120 patienceN = 0 patienceM = 1 frameNumber = 128 nLocalPI = 14

0%   10   20   30   40   50   60   70   80   90   100%
|----|----|----|----|----|----|----|----|----|----|
***************************************************
change patienceN
time = 1343550786
area = 670
delay = 17.1
write_blif appntk/ksa32_118_0.0485156_670_17.1.blif

round 119
seed = 1567395121 patienceN = 1 patienceM = 1 frameNumber = 128 nLocalPI = 14

0%   10   20   30   40   50   60   70   80   90   100%
|----|----|----|----|----|----|----|----|----|----|
***************************************************
change patienceN
time = 1344985446
area = 670
delay = 17.1
write_blif appntk/ksa32_119_0.0485156_670_17.1.blif

round 120
seed = 1567395123 patienceN = 2 patienceM = 1 frameNumber = 128 nLocalPI = 14

0%   10   20   30   40   50   60   70   80   90   100%
|----|----|----|----|----|----|----|----|----|----|
***************************************************
change patienceN
time = 1346417131
area = 670
delay = 17.1
write_blif appntk/ksa32_120_0.0485156_670_17.1.blif

round 121
seed = 1567395124 patienceN = 0 patienceM = 0 frameNumber = 64 nLocalPI = 14

0%   10   20   30   40   50   60   70   80   90   100%
|----|----|----|----|----|----|----|----|----|----|
***************************************************
change patienceM
time = 1348471746
area = 670
delay = 17.1
write_blif appntk/ksa32_121_0.0485156_670_17.1.blif

round 122
seed = 1567395126 patienceN = 0 patienceM = 1 frameNumber = 64 nLocalPI = 14

0%   10   20   30   40   50   60   70   80   90   100%
|----|----|----|----|----|----|----|----|----|----|
***************************************************
change patienceM
time = 1350028869
area = 670
delay = 17.1
write_blif appntk/ksa32_122_0.0485156_670_17.1.blif

round 123
seed = 1567395128 patienceN = 0 patienceM = 2 frameNumber = 64 nLocalPI = 14

0%   10   20   30   40   50   60   70   80   90   100%
|----|----|----|----|----|----|----|----|----|----|
***************************************************
change patienceM
time = 1351582362
area = 670
delay = 17.1
write_blif appntk/ksa32_123_0.0485156_670_17.1.blif

round 124
seed = 1567395129 patienceN = 0 patienceM = 0 frameNumber = 64 nLocalPI = 13

0%   10   20   30   40   50   60   70   80   90   100%
|----|----|----|----|----|----|----|----|----|----|
***************************************************
change patienceM
time = 1353296692
area = 670
delay = 17.1
write_blif appntk/ksa32_124_0.0485156_670_17.1.blif

round 125
seed = 1567395131 patienceN = 0 patienceM = 1 frameNumber = 64 nLocalPI = 13

0%   10   20   30   40   50   60   70   80   90   100%
|----|----|----|----|----|----|----|----|----|----|
***************************************************
change patienceM
time = 1354606017
area = 670
delay = 17.1
write_blif appntk/ksa32_125_0.0485156_670_17.1.blif

round 126
seed = 1567395132 patienceN = 0 patienceM = 2 frameNumber = 64 nLocalPI = 13

0%   10   20   30   40   50   60   70   80   90   100%
|----|----|----|----|----|----|----|----|----|----|
***************************************************
change patienceM
time = 1356172247
area = 670
delay = 17.1
write_blif appntk/ksa32_126_0.0485156_670_17.1.blif

round 127
seed = 1567395134 patienceN = 0 patienceM = 0 frameNumber = 64 nLocalPI = 12

0%   10   20   30   40   50   60   70   80   90   100%
|----|----|----|----|----|----|----|----|----|----|
***************************************************
change patienceM
time = 1358012310
area = 670
delay = 17.1
write_blif appntk/ksa32_127_0.0485156_670_17.1.blif

round 128
seed = 1567395135 patienceN = 0 patienceM = 1 frameNumber = 64 nLocalPI = 12

0%   10   20   30   40   50   60   70   80   90   100%
|----|----|----|----|----|----|----|----|----|----|
***************************************************
change patienceM
time = 1359253695
area = 670
delay = 17.1
write_blif appntk/ksa32_128_0.0485156_670_17.1.blif

round 129
seed = 1567395137 patienceN = 0 patienceM = 2 frameNumber = 64 nLocalPI = 12

0%   10   20   30   40   50   60   70   80   90   100%
|----|----|----|----|----|----|----|----|----|----|
***************************************************
change patienceM
time = 1360817792
area = 670
delay = 17.1
write_blif appntk/ksa32_129_0.0485156_670_17.1.blif

round 130
seed = 1567395138 patienceN = 0 patienceM = 0 frameNumber = 64 nLocalPI = 11

0%   10   20   30   40   50   60   70   80   90   100%
|----|----|----|----|----|----|----|----|----|----|
***************************************************
change patienceM
time = 1362125478
area = 670
delay = 17.1
write_blif appntk/ksa32_130_0.0485156_670_17.1.blif

round 131
seed = 1567395140 patienceN = 0 patienceM = 1 frameNumber = 64 nLocalPI = 11

0%   10   20   30   40   50   60   70   80   90   100%
|----|----|----|----|----|----|----|----|----|----|
***************************************************
change patienceM
time = 1363834630
area = 670
delay = 17.1
write_blif appntk/ksa32_131_0.0485156_670_17.1.blif

round 132
seed = 1567395141 patienceN = 0 patienceM = 2 frameNumber = 64 nLocalPI = 11

0%   10   20   30   40   50   60   70   80   90   100%
|----|----|----|----|----|----|----|----|----|----|
***************************************************
change patienceM
time = 1365134634
area = 670
delay = 17.1
write_blif appntk/ksa32_132_0.0485156_670_17.1.blif

round 133
seed = 1567395143 patienceN = 0 patienceM = 0 frameNumber = 64 nLocalPI = 10

0%   10   20   30   40   50   60   70   80   90   100%
|----|----|----|----|----|----|----|----|----|----|
***************************************************
change patienceM
time = 1366990467
area = 670
delay = 17.1
write_blif appntk/ksa32_133_0.0485156_670_17.1.blif

round 134
seed = 1567395144 patienceN = 0 patienceM = 1 frameNumber = 64 nLocalPI = 10

0%   10   20   30   40   50   60   70   80   90   100%
|----|----|----|----|----|----|----|----|----|----|
***************************************************
change patienceM
time = 1369167477
area = 670
delay = 17.1
write_blif appntk/ksa32_134_0.0485156_670_17.1.blif

round 135
seed = 1567395146 patienceN = 0 patienceM = 2 frameNumber = 64 nLocalPI = 10

0%   10   20   30   40   50   60   70   80   90   100%
|----|----|----|----|----|----|----|----|----|----|
***************************************************
change patienceM
time = 1370685171
area = 670
delay = 17.1
write_blif appntk/ksa32_135_0.0485156_670_17.1.blif

round 136
seed = 1567395148 patienceN = 0 patienceM = 0 frameNumber = 64 nLocalPI = 9

0%   10   20   30   40   50   60   70   80   90   100%
|----|----|----|----|----|----|----|----|----|----|
***************************************************
change patienceM
time = 1372349398
area = 670
delay = 17.1
write_blif appntk/ksa32_136_0.0485156_670_17.1.blif

round 137
seed = 1567395150 patienceN = 0 patienceM = 1 frameNumber = 64 nLocalPI = 9

0%   10   20   30   40   50   60   70   80   90   100%
|----|----|----|----|----|----|----|----|----|----|
***************************************************
change patienceM
time = 1374023200
area = 670
delay = 17.1
write_blif appntk/ksa32_137_0.0485156_670_17.1.blif

round 138
seed = 1567395151 patienceN = 0 patienceM = 2 frameNumber = 64 nLocalPI = 9

0%   10   20   30   40   50   60   70   80   90   100%
|----|----|----|----|----|----|----|----|----|----|
***************************************************
change patienceM
time = 1375211209
area = 670
delay = 17.1
write_blif appntk/ksa32_138_0.0485156_670_17.1.blif

round 139
seed = 1567395153 patienceN = 0 patienceM = 0 frameNumber = 64 nLocalPI = 8

0%   10   20   30   40   50   60   70   80   90   100%
|----|----|----|----|----|----|----|----|----|----|
***************************************************
change patienceM
time = 1376513369
area = 670
delay = 17.1
write_blif appntk/ksa32_139_0.0485156_670_17.1.blif

round 140
seed = 1567395154 patienceN = 0 patienceM = 1 frameNumber = 64 nLocalPI = 8

0%   10   20   30   40   50   60   70   80   90   100%
|----|----|----|----|----|----|----|----|----|----|
***************************************************
change patienceM
time = 1377652243
area = 670
delay = 17.1
write_blif appntk/ksa32_140_0.0485156_670_17.1.blif

round 141
seed = 1567395156 patienceN = 0 patienceM = 2 frameNumber = 64 nLocalPI = 8

0%   10   20   30   40   50   60   70   80   90   100%
|----|----|----|----|----|----|----|----|----|----|
***************************************************
change patienceM
time = 1379119953
area = 670
delay = 17.1
write_blif appntk/ksa32_141_0.0485156_670_17.1.blif

round 142
seed = 1567395157 patienceN = 0 patienceM = 0 frameNumber = 64 nLocalPI = 7

0%   10   20   30   40   50   60   70   80   90   100%
|----|----|----|----|----|----|----|----|----|----|
***************************************************
change patienceM
time = 1380297411
area = 670
delay = 17.1
write_blif appntk/ksa32_142_0.0485156_670_17.1.blif

round 143
seed = 1567395158 patienceN = 0 patienceM = 1 frameNumber = 64 nLocalPI = 7

0%   10   20   30   40   50   60   70   80   90   100%
|----|----|----|----|----|----|----|----|----|----|
***************************************************
change patienceM
time = 1381642593
area = 670
delay = 17.1
write_blif appntk/ksa32_143_0.0485156_670_17.1.blif

round 144
seed = 1567395159 patienceN = 0 patienceM = 2 frameNumber = 64 nLocalPI = 7

0%   10   20   30   40   50   60   70   80   90   100%
|----|----|----|----|----|----|----|----|----|----|
***************************************************
change patienceM
time = 1383235407
area = 670
delay = 17.1
write_blif appntk/ksa32_144_0.0485156_670_17.1.blif

round 145
seed = 1567395161 patienceN = 0 patienceM = 0 frameNumber = 64 nLocalPI = 6

0%   10   20   30   40   50   60   70   80   90   100%
|----|----|----|----|----|----|----|----|----|----|
***************************************************
change patienceM
time = 1384812948
area = 670
delay = 17.1
write_blif appntk/ksa32_145_0.0485156_670_17.1.blif

round 146
seed = 1567395162 patienceN = 0 patienceM = 1 frameNumber = 64 nLocalPI = 6

0%   10   20   30   40   50   60   70   80   90   100%
|----|----|----|----|----|----|----|----|----|----|
***************************************************
change patienceM
time = 1385737334
area = 670
delay = 17.1
write_blif appntk/ksa32_146_0.0485156_670_17.1.blif

round 147
seed = 1567395164 patienceN = 0 patienceM = 2 frameNumber = 64 nLocalPI = 6

0%   10   20   30   40   50   60   70   80   90   100%
|----|----|----|----|----|----|----|----|----|----|
***************************************************
change patienceM
time = 1386989980
area = 670
delay = 17.1
write_blif appntk/ksa32_147_0.0485156_670_17.1.blif

round 148
seed = 1567395165 patienceN = 0 patienceM = 0 frameNumber = 64 nLocalPI = 5

0%   10   20   30   40   50   60   70   80   90   100%
|----|----|----|----|----|----|----|----|----|----|
***************************************************
best node n298 best error 0.0640723
time = 1388212347
