Entered genlib library with 23 gates from file "data/genlib/mcnc.genlib".
Line 7: Skipping line ".default_input_arrival 0.00 0.00 ".
Line 8: Skipping line ".default_output_required 0.00 0.00 ".
Line 9: Skipping line ".default_input_drive 0.10 0.10 ".
Line 10: Skipping line ".default_output_load 2.00 ".
Line 11: Skipping line ".default_max_input_load 999.00 ".
Original area = 1069, original delay = 37.8

round 0
seed = 0 patienceN = 0 patienceM = 0 frameNumber = 1024 nLocalPI = 16

0%   10   20   30   40   50   60   70   80   90   100%
|----|----|----|----|----|----|----|----|----|----|
***************************************************
best node [167126] best error 0
time = 24208627
area = 1053
delay = 37
write_blif appntk/mtp8_0_0_1053_37.blif

round 1
seed = 1567393778 patienceN = 0 patienceM = 0 frameNumber = 1024 nLocalPI = 16

0%   10   20   30   40   50   60   70   80   90   100%
|----|----|----|----|----|----|----|----|----|----|
***************************************************
change patienceN
time = 48213106
area = 1046
delay = 34.3
write_blif appntk/mtp8_1_0_1046_34.3.blif

round 2
seed = 1567393803 patienceN = 1 patienceM = 0 frameNumber = 1024 nLocalPI = 16

0%   10   20   30   40   50   60   70   80   90   100%
|----|----|----|----|----|----|----|----|----|----|
***************************************************
change patienceN
time = 72083442
area = 1052
delay = 35.5
write_blif appntk/mtp8_2_0_1052_35.5.blif

round 3
seed = 1567393827 patienceN = 2 patienceM = 0 frameNumber = 1024 nLocalPI = 16

0%   10   20   30   40   50   60   70   80   90   100%
|----|----|----|----|----|----|----|----|----|----|
***************************************************
change patienceN
time = 103407333
area = 1051
delay = 35.5
write_blif appntk/mtp8_3_0_1051_35.5.blif

round 4
seed = 1567393851 patienceN = 0 patienceM = 0 frameNumber = 512 nLocalPI = 16

0%   10   20   30   40   50   60   70   80   90   100%
|----|----|----|----|----|----|----|----|----|----|
***************************************************
change patienceN
time = 120226708
area = 1051
delay = 35.5
write_blif appntk/mtp8_4_0_1051_35.5.blif

round 5
seed = 1567393882 patienceN = 1 patienceM = 0 frameNumber = 512 nLocalPI = 16

0%   10   20   30   40   50   60   70   80   90   100%
|----|----|----|----|----|----|----|----|----|----|
***************************************************
change patienceN
time = 137144566
area = 1047
delay = 34.3
write_blif appntk/mtp8_5_0_1047_34.3.blif

round 6
seed = 1567393899 patienceN = 2 patienceM = 0 frameNumber = 512 nLocalPI = 16

0%   10   20   30   40   50   60   70   80   90   100%
|----|----|----|----|----|----|----|----|----|----|
***************************************************
change patienceN
time = 152856608
area = 1048
delay = 34.3
write_blif appntk/mtp8_6_0_1048_34.3.blif

round 7
seed = 1567393916 patienceN = 0 patienceM = 0 frameNumber = 256 nLocalPI = 16

0%   10   20   30   40   50   60   70   80   90   100%
|----|----|----|----|----|----|----|----|----|----|
***************************************************
change patienceN
time = 161479737
area = 1047
delay = 34.3
write_blif appntk/mtp8_7_0_1047_34.3.blif

round 8
seed = 1567393932 patienceN = 1 patienceM = 0 frameNumber = 256 nLocalPI = 16

0%   10   20   30   40   50   60   70   80   90   100%
|----|----|----|----|----|----|----|----|----|----|
***************************************************
change patienceN
time = 170009194
area = 1048
delay = 34.3
write_blif appntk/mtp8_8_0_1048_34.3.blif

round 9
seed = 1567393940 patienceN = 2 patienceM = 0 frameNumber = 256 nLocalPI = 16

0%   10   20   30   40   50   60   70   80   90   100%
|----|----|----|----|----|----|----|----|----|----|
***************************************************
change patienceN
time = 178723423
area = 1047
delay = 34.3
write_blif appntk/mtp8_9_0_1047_34.3.blif

round 10
seed = 1567393949 patienceN = 0 patienceM = 0 frameNumber = 128 nLocalPI = 16

0%   10   20   30   40   50   60   70   80   90   100%
|----|----|----|----|----|----|----|----|----|----|
***************************************************
change patienceN
time = 183155257
area = 1048
delay = 34.3
write_blif appntk/mtp8_10_0_1048_34.3.blif

round 11
seed = 1567393957 patienceN = 1 patienceM = 0 frameNumber = 128 nLocalPI = 16

0%   10   20   30   40   50   60   70   80   90   100%
|----|----|----|----|----|----|----|----|----|----|
***************************************************
change patienceN
time = 187052816
area = 1047
delay = 34.3
write_blif appntk/mtp8_11_0_1047_34.3.blif

round 12
seed = 1567393962 patienceN = 2 patienceM = 0 frameNumber = 128 nLocalPI = 16

0%   10   20   30   40   50   60   70   80   90   100%
|----|----|----|----|----|----|----|----|----|----|
***************************************************
best node n157 best error 0.0110449
time = 192189853
area = 1041
delay = 34.3
write_blif appntk/mtp8_12_0.0110449_1041_34.3.blif

round 13
seed = 1567393966 patienceN = 0 patienceM = 0 frameNumber = 128 nLocalPI = 16

0%   10   20   30   40   50   60   70   80   90   100%
|----|----|----|----|----|----|----|----|----|----|
***************************************************
best node n188 best error 0.0229395
time = 197955842
area = 1024
delay = 33
write_blif appntk/mtp8_13_0.0229395_1024_33.blif

round 14
seed = 1567393971 patienceN = 0 patienceM = 0 frameNumber = 128 nLocalPI = 16

0%   10   20   30   40   50   60   70   80   90   100%
|----|----|----|----|----|----|----|----|----|----|
***************************************************
change patienceN
time = 203474724
area = 1022
delay = 33
write_blif appntk/mtp8_14_0.0229395_1022_33.blif

round 15
seed = 1567393977 patienceN = 1 patienceM = 0 frameNumber = 128 nLocalPI = 16

0%   10   20   30   40   50   60   70   80   90   100%
|----|----|----|----|----|----|----|----|----|----|
***************************************************
best node n85 best error 0.0352246
time = 209105586
area = 1020
delay = 33
write_blif appntk/mtp8_15_0.0352246_1020_33.blif

round 16
seed = 1567393982 patienceN = 0 patienceM = 0 frameNumber = 128 nLocalPI = 16

0%   10   20   30   40   50   60   70   80   90   100%
|----|----|----|----|----|----|----|----|----|----|
***************************************************
change patienceN
time = 214571134
area = 1018
delay = 33
write_blif appntk/mtp8_16_0.0352246_1018_33.blif

round 17
seed = 1567393988 patienceN = 1 patienceM = 0 frameNumber = 128 nLocalPI = 16

0%   10   20   30   40   50   60   70   80   90   100%
|----|----|----|----|----|----|----|----|----|----|
***************************************************
change patienceN
time = 219930211
area = 1020
delay = 33
write_blif appntk/mtp8_17_0.0352246_1020_33.blif

round 18
seed = 1567393993 patienceN = 2 patienceM = 0 frameNumber = 128 nLocalPI = 16

0%   10   20   30   40   50   60   70   80   90   100%
|----|----|----|----|----|----|----|----|----|----|
***************************************************
change patienceN
time = 223774212
area = 1018
delay = 33
write_blif appntk/mtp8_18_0.0352246_1018_33.blif

round 19
seed = 1567393998 patienceN = 0 patienceM = 0 frameNumber = 64 nLocalPI = 16

0%   10   20   30   40   50   60   70   80   90   100%
|----|----|----|----|----|----|----|----|----|----|
***************************************************
change patienceN
time = 226451394
area = 1020
delay = 33
write_blif appntk/mtp8_19_0.0352246_1020_33.blif

round 20
seed = 1567394002 patienceN = 1 patienceM = 0 frameNumber = 64 nLocalPI = 16

0%   10   20   30   40   50   60   70   80   90   100%
|----|----|----|----|----|----|----|----|----|----|
***************************************************
change patienceM
time = 229129609
area = 1018
delay = 33
write_blif appntk/mtp8_20_0.0352246_1018_33.blif

round 21
seed = 1567394005 patienceN = 1 patienceM = 1 frameNumber = 64 nLocalPI = 16

0%   10   20   30   40   50   60   70   80   90   100%
|----|----|----|----|----|----|----|----|----|----|
***************************************************
change patienceN
time = 231744620
area = 1020
delay = 33
write_blif appntk/mtp8_21_0.0352246_1020_33.blif

round 22
seed = 1567394008 patienceN = 2 patienceM = 1 frameNumber = 64 nLocalPI = 16

0%   10   20   30   40   50   60   70   80   90   100%
|----|----|----|----|----|----|----|----|----|----|
***************************************************
change patienceM
time = 234555242
area = 1018
delay = 33
write_blif appntk/mtp8_22_0.0352246_1018_33.blif

round 23
seed = 1567394010 patienceN = 2 patienceM = 2 frameNumber = 64 nLocalPI = 16

0%   10   20   30   40   50   60   70   80   90   100%
|----|----|----|----|----|----|----|----|----|----|
***************************************************
change patienceN
time = 238349346
area = 1020
delay = 33
write_blif appntk/mtp8_23_0.0352246_1020_33.blif

round 24
seed = 1567394013 patienceN = 0 patienceM = 0 frameNumber = 32 nLocalPI = 16

0%   10   20   30   40   50   60   70   80   90   100%
|----|----|----|----|----|----|----|----|----|----|
***************************************************
change patienceM
time = 241619591
area = 1018
delay = 33
write_blif appntk/mtp8_24_0.0352246_1018_33.blif

round 25
seed = 1567394017 patienceN = 0 patienceM = 1 frameNumber = 32 nLocalPI = 16

0%   10   20   30   40   50   60   70   80   90   100%
|----|----|----|----|----|----|----|----|----|----|
***************************************************
change patienceM
time = 244828231
area = 1020
delay = 33
write_blif appntk/mtp8_25_0.0352246_1020_33.blif

round 26
seed = 1567394020 patienceN = 0 patienceM = 2 frameNumber = 32 nLocalPI = 16

0%   10   20   30   40   50   60   70   80   90   100%
|----|----|----|----|----|----|----|----|----|----|
***************************************************
change patienceM
time = 247742478
area = 1018
delay = 33
write_blif appntk/mtp8_26_0.0352246_1018_33.blif

round 27
seed = 1567394024 patienceN = 0 patienceM = 0 frameNumber = 32 nLocalPI = 15

0%   10   20   30   40   50   60   70   80   90   100%
|----|----|----|----|----|----|----|----|----|----|
***************************************************
change patienceM
time = 250117670
area = 1020
delay = 33
write_blif appntk/mtp8_27_0.0352246_1020_33.blif

round 28
seed = 1567394026 patienceN = 0 patienceM = 1 frameNumber = 32 nLocalPI = 15

0%   10   20   30   40   50   60   70   80   90   100%
|----|----|----|----|----|----|----|----|----|----|
***************************************************
change patienceM
time = 252997826
area = 1018
delay = 33
write_blif appntk/mtp8_28_0.0352246_1018_33.blif

round 29
seed = 1567394029 patienceN = 0 patienceM = 2 frameNumber = 32 nLocalPI = 15

0%   10   20   30   40   50   60   70   80   90   100%
|----|----|----|----|----|----|----|----|----|----|
***************************************************
change patienceM
time = 255925469
area = 1020
delay = 33
write_blif appntk/mtp8_29_0.0352246_1020_33.blif

round 30
seed = 1567394032 patienceN = 0 patienceM = 0 frameNumber = 32 nLocalPI = 14

0%   10   20   30   40   50   60   70   80   90   100%
|----|----|----|----|----|----|----|----|----|----|
***************************************************
change patienceM
time = 258301167
area = 1018
delay = 33
write_blif appntk/mtp8_30_0.0352246_1018_33.blif

round 31
seed = 1567394034 patienceN = 0 patienceM = 1 frameNumber = 32 nLocalPI = 14

0%   10   20   30   40   50   60   70   80   90   100%
|----|----|----|----|----|----|----|----|----|----|
***************************************************
change patienceM
time = 260525103
area = 1020
delay = 33
write_blif appntk/mtp8_31_0.0352246_1020_33.blif

round 32
seed = 1567394037 patienceN = 0 patienceM = 2 frameNumber = 32 nLocalPI = 14

0%   10   20   30   40   50   60   70   80   90   100%
|----|----|----|----|----|----|----|----|----|----|
***************************************************
change patienceM
time = 263052695
area = 1018
delay = 33
write_blif appntk/mtp8_32_0.0352246_1018_33.blif

round 33
seed = 1567394039 patienceN = 0 patienceM = 0 frameNumber = 32 nLocalPI = 13

0%   10   20   30   40   50   60   70   80   90   100%
|----|----|----|----|----|----|----|----|----|----|
***************************************************
change patienceM
time = 266189987
area = 1020
delay = 33
write_blif appntk/mtp8_33_0.0352246_1020_33.blif

round 34
seed = 1567394042 patienceN = 0 patienceM = 1 frameNumber = 32 nLocalPI = 13

0%   10   20   30   40   50   60   70   80   90   100%
|----|----|----|----|----|----|----|----|----|----|
***************************************************
change patienceM
time = 269313311
area = 1018
delay = 33
write_blif appntk/mtp8_34_0.0352246_1018_33.blif

round 35
seed = 1567394045 patienceN = 0 patienceM = 2 frameNumber = 32 nLocalPI = 13

0%   10   20   30   40   50   60   70   80   90   100%
|----|----|----|----|----|----|----|----|----|----|
***************************************************
change patienceM
time = 272588341
area = 1020
delay = 33
write_blif appntk/mtp8_35_0.0352246_1020_33.blif

round 36
seed = 1567394048 patienceN = 0 patienceM = 0 frameNumber = 32 nLocalPI = 12

0%   10   20   30   40   50   60   70   80   90   100%
|----|----|----|----|----|----|----|----|----|----|
***************************************************
change patienceM
time = 275890368
area = 1018
delay = 33
write_blif appntk/mtp8_36_0.0352246_1018_33.blif

round 37
seed = 1567394051 patienceN = 0 patienceM = 1 frameNumber = 32 nLocalPI = 12

0%   10   20   30   40   50   60   70   80   90   100%
|----|----|----|----|----|----|----|----|----|----|
***************************************************
change patienceM
time = 279127939
area = 1020
delay = 33
write_blif appntk/mtp8_37_0.0352246_1020_33.blif

round 38
seed = 1567394055 patienceN = 0 patienceM = 2 frameNumber = 32 nLocalPI = 12

0%   10   20   30   40   50   60   70   80   90   100%
|----|----|----|----|----|----|----|----|----|----|
***************************************************
change patienceM
time = 282073929
area = 1018
delay = 33
write_blif appntk/mtp8_38_0.0352246_1018_33.blif

round 39
seed = 1567394058 patienceN = 0 patienceM = 0 frameNumber = 32 nLocalPI = 11

0%   10   20   30   40   50   60   70   80   90   100%
|----|----|----|----|----|----|----|----|----|----|
***************************************************
change patienceM
time = 284721576
area = 1020
delay = 33
write_blif appntk/mtp8_39_0.0352246_1020_33.blif

round 40
seed = 1567394061 patienceN = 0 patienceM = 1 frameNumber = 32 nLocalPI = 11

0%   10   20   30   40   50   60   70   80   90   100%
|----|----|----|----|----|----|----|----|----|----|
***************************************************
change patienceM
time = 287825173
area = 1018
delay = 33
write_blif appntk/mtp8_40_0.0352246_1018_33.blif

round 41
seed = 1567394064 patienceN = 0 patienceM = 2 frameNumber = 32 nLocalPI = 11

0%   10   20   30   40   50   60   70   80   90   100%
|----|----|----|----|----|----|----|----|----|----|
***************************************************
change patienceM
time = 291245525
area = 1020
delay = 33
write_blif appntk/mtp8_41_0.0352246_1020_33.blif

round 42
seed = 1567394067 patienceN = 0 patienceM = 0 frameNumber = 32 nLocalPI = 10

0%   10   20   30   40   50   60   70   80   90   100%
|----|----|----|----|----|----|----|----|----|----|
***************************************************
change patienceM
time = 294199864
area = 1018
delay = 33
write_blif appntk/mtp8_42_0.0352246_1018_33.blif

round 43
seed = 1567394070 patienceN = 0 patienceM = 1 frameNumber = 32 nLocalPI = 10

0%   10   20   30   40   50   60   70   80   90   100%
|----|----|----|----|----|----|----|----|----|----|
***************************************************
change patienceM
time = 296466964
area = 1020
delay = 33
write_blif appntk/mtp8_43_0.0352246_1020_33.blif

round 44
seed = 1567394073 patienceN = 0 patienceM = 2 frameNumber = 32 nLocalPI = 10

0%   10   20   30   40   50   60   70   80   90   100%
|----|----|----|----|----|----|----|----|----|----|
***************************************************
change patienceM
time = 298494418
area = 1018
delay = 33
write_blif appntk/mtp8_44_0.0352246_1018_33.blif

round 45
seed = 1567394075 patienceN = 0 patienceM = 0 frameNumber = 32 nLocalPI = 9

0%   10   20   30   40   50   60   70   80   90   100%
|----|----|----|----|----|----|----|----|----|----|
***************************************************
change patienceM
time = 300445115
area = 1020
delay = 33
write_blif appntk/mtp8_45_0.0352246_1020_33.blif

round 46
seed = 1567394077 patienceN = 0 patienceM = 1 frameNumber = 32 nLocalPI = 9

0%   10   20   30   40   50   60   70   80   90   100%
|----|----|----|----|----|----|----|----|----|----|
***************************************************
change patienceM
time = 302313368
area = 1018
delay = 33
write_blif appntk/mtp8_46_0.0352246_1018_33.blif

round 47
seed = 1567394079 patienceN = 0 patienceM = 2 frameNumber = 32 nLocalPI = 9

0%   10   20   30   40   50   60   70   80   90   100%
|----|----|----|----|----|----|----|----|----|----|
***************************************************
change patienceM
time = 304417702
area = 1020
delay = 33
write_blif appntk/mtp8_47_0.0352246_1020_33.blif

round 48
seed = 1567394081 patienceN = 0 patienceM = 0 frameNumber = 32 nLocalPI = 8

0%   10   20   30   40   50   60   70   80   90   100%
|----|----|----|----|----|----|----|----|----|----|
***************************************************
change patienceM
time = 306562090
area = 1018
delay = 33
write_blif appntk/mtp8_48_0.0352246_1018_33.blif

round 49
seed = 1567394083 patienceN = 0 patienceM = 1 frameNumber = 32 nLocalPI = 8

0%   10   20   30   40   50   60   70   80   90   100%
|----|----|----|----|----|----|----|----|----|----|
***************************************************
change patienceM
time = 308555784
area = 1020
delay = 33
write_blif appntk/mtp8_49_0.0352246_1020_33.blif

round 50
seed = 1567394085 patienceN = 0 patienceM = 2 frameNumber = 32 nLocalPI = 8

0%   10   20   30   40   50   60   70   80   90   100%
|----|----|----|----|----|----|----|----|----|----|
***************************************************
change patienceM
time = 310797253
area = 1018
delay = 33
write_blif appntk/mtp8_50_0.0352246_1018_33.blif

round 51
seed = 1567394087 patienceN = 0 patienceM = 0 frameNumber = 32 nLocalPI = 7

0%   10   20   30   40   50   60   70   80   90   100%
|----|----|----|----|----|----|----|----|----|----|
***************************************************
change patienceM
time = 312767870
area = 1020
delay = 33
write_blif appntk/mtp8_51_0.0352246_1020_33.blif

round 52
seed = 1567394089 patienceN = 0 patienceM = 1 frameNumber = 32 nLocalPI = 7

0%   10   20   30   40   50   60   70   80   90   100%
|----|----|----|----|----|----|----|----|----|----|
***************************************************
change patienceM
time = 315105075
area = 1018
delay = 33
write_blif appntk/mtp8_52_0.0352246_1018_33.blif

round 53
seed = 1567394091 patienceN = 0 patienceM = 2 frameNumber = 32 nLocalPI = 7

0%   10   20   30   40   50   60   70   80   90   100%
|----|----|----|----|----|----|----|----|----|----|
***************************************************
change patienceM
time = 317039691
area = 1020
delay = 33
write_blif appntk/mtp8_53_0.0352246_1020_33.blif

round 54
seed = 1567394094 patienceN = 0 patienceM = 0 frameNumber = 32 nLocalPI = 6

0%   10   20   30   40   50   60   70   80   90   100%
|----|----|----|----|----|----|----|----|----|----|
***************************************************
change patienceM
time = 318912622
area = 1018
delay = 33
write_blif appntk/mtp8_54_0.0352246_1018_33.blif

round 55
seed = 1567394096 patienceN = 0 patienceM = 1 frameNumber = 32 nLocalPI = 6

0%   10   20   30   40   50   60   70   80   90   100%
|----|----|----|----|----|----|----|----|----|----|
***************************************************
change patienceM
time = 320645025
area = 1020
delay = 33
write_blif appntk/mtp8_55_0.0352246_1020_33.blif

round 56
seed = 1567394098 patienceN = 0 patienceM = 2 frameNumber = 32 nLocalPI = 6

0%   10   20   30   40   50   60   70   80   90   100%
|----|----|----|----|----|----|----|----|----|----|
***************************************************
change patienceM
time = 322445222
area = 1018
delay = 33
write_blif appntk/mtp8_56_0.0352246_1018_33.blif

round 57
seed = 1567394099 patienceN = 0 patienceM = 0 frameNumber = 32 nLocalPI = 5

0%   10   20   30   40   50   60   70   80   90   100%
|----|----|----|----|----|----|----|----|----|----|
***************************************************
best node n259 best error 0.0932031
time = 324300834
