Entered genlib library with 23 gates from file "data/genlib/mcnc.genlib".
Original area = 666, original delay = 16.1

round 0
seed = 0 patienceN = 0 patienceM = 0 frameNumber = 1024 nLocalPI = 30

0%   10   20   30   40   50   60   70   80   90   100%
|----|----|----|----|----|----|----|----|----|----|
***************************************************
best node n102 best error 0
time = 18327634
area = 713
delay = 16.1
write_blif appntk/rca32_0_0_713_16.1.blif

round 1
seed = 1567393778 patienceN = 0 patienceM = 0 frameNumber = 1024 nLocalPI = 30

0%   10   20   30   40   50   60   70   80   90   100%
|----|----|----|----|----|----|----|----|----|----|
***************************************************
best node n380 best error 0.000117187
time = 37474100
area = 641
delay = 16
write_blif appntk/rca32_1_0.000117187_641_16.blif

round 2
seed = 1567393796 patienceN = 0 patienceM = 0 frameNumber = 1024 nLocalPI = 30

0%   10   20   30   40   50   60   70   80   90   100%
|----|----|----|----|----|----|----|----|----|----|
***************************************************
best node n336 best error 0.00203125
time = 57757142
area = 679
delay = 16
write_blif appntk/rca32_2_0.00203125_679_16.blif

round 3
seed = 1567393815 patienceN = 0 patienceM = 0 frameNumber = 1024 nLocalPI = 30

0%   10   20   30   40   50   60   70   80   90   100%
|----|----|----|----|----|----|----|----|----|----|
***************************************************
best node n253 best error 0.00388672
time = 76681663
area = 676
delay = 16.1
write_blif appntk/rca32_3_0.00388672_676_16.1.blif

round 4
seed = 1567393836 patienceN = 0 patienceM = 0 frameNumber = 1024 nLocalPI = 30

0%   10   20   30   40   50   60   70   80   90   100%
|----|----|----|----|----|----|----|----|----|----|
***************************************************
change patienceN
time = 93312014
area = 676
delay = 16.1
write_blif appntk/rca32_4_0.00388672_676_16.1.blif

round 5
seed = 1567393855 patienceN = 1 patienceM = 0 frameNumber = 1024 nLocalPI = 30

0%   10   20   30   40   50   60   70   80   90   100%
|----|----|----|----|----|----|----|----|----|----|
***************************************************
change patienceN
time = 104665551
area = 676
delay = 16.1
write_blif appntk/rca32_5_0.00388672_676_16.1.blif

round 6
seed = 1567393871 patienceN = 2 patienceM = 0 frameNumber = 1024 nLocalPI = 30

0%   10   20   30   40   50   60   70   80   90   100%
|----|----|----|----|----|----|----|----|----|----|
***************************************************
change patienceN
time = 118344204
area = 676
delay = 16.1
write_blif appntk/rca32_6_0.00388672_676_16.1.blif

round 7
seed = 1567393883 patienceN = 0 patienceM = 0 frameNumber = 512 nLocalPI = 30

0%   10   20   30   40   50   60   70   80   90   100%
|----|----|----|----|----|----|----|----|----|----|
***************************************************
change patienceN
time = 126333084
area = 676
delay = 16.1
write_blif appntk/rca32_7_0.00388672_676_16.1.blif

round 8
seed = 1567393896 patienceN = 1 patienceM = 0 frameNumber = 512 nLocalPI = 30

0%   10   20   30   40   50   60   70   80   90   100%
|----|----|----|----|----|----|----|----|----|----|
***************************************************
change patienceN
time = 135460568
area = 676
delay = 16.1
write_blif appntk/rca32_8_0.00388672_676_16.1.blif

round 9
seed = 1567393904 patienceN = 2 patienceM = 0 frameNumber = 512 nLocalPI = 30

0%   10   20   30   40   50   60   70   80   90   100%
|----|----|----|----|----|----|----|----|----|----|
***************************************************
change patienceN
time = 144478994
area = 676
delay = 16.1
write_blif appntk/rca32_9_0.00388672_676_16.1.blif

round 10
seed = 1567393913 patienceN = 0 patienceM = 0 frameNumber = 256 nLocalPI = 30

0%   10   20   30   40   50   60   70   80   90   100%
|----|----|----|----|----|----|----|----|----|----|
***************************************************
change patienceN
time = 149604576
area = 676
delay = 16.1
write_blif appntk/rca32_10_0.00388672_676_16.1.blif

round 11
seed = 1567393922 patienceN = 1 patienceM = 0 frameNumber = 256 nLocalPI = 30

0%   10   20   30   40   50   60   70   80   90   100%
|----|----|----|----|----|----|----|----|----|----|
***************************************************
change patienceN
time = 154549575
area = 676
delay = 16.1
write_blif appntk/rca32_11_0.00388672_676_16.1.blif

round 12
seed = 1567393928 patienceN = 2 patienceM = 0 frameNumber = 256 nLocalPI = 30

0%   10   20   30   40   50   60   70   80   90   100%
|----|----|----|----|----|----|----|----|----|----|
***************************************************
change patienceN
time = 159540559
area = 676
delay = 16.1
write_blif appntk/rca32_12_0.00388672_676_16.1.blif

round 13
seed = 1567393933 patienceN = 0 patienceM = 0 frameNumber = 128 nLocalPI = 30

0%   10   20   30   40   50   60   70   80   90   100%
|----|----|----|----|----|----|----|----|----|----|
***************************************************
best node n248 best error 0.0149414
time = 162657758
area = 658
delay = 16.1
write_blif appntk/rca32_13_0.0149414_658_16.1.blif

round 14
seed = 1567393938 patienceN = 0 patienceM = 0 frameNumber = 128 nLocalPI = 30

0%   10   20   30   40   50   60   70   80   90   100%
|----|----|----|----|----|----|----|----|----|----|
***************************************************
change patienceN
time = 165491633
area = 658
delay = 16.1
write_blif appntk/rca32_14_0.0149414_658_16.1.blif

round 15
seed = 1567393941 patienceN = 1 patienceM = 0 frameNumber = 128 nLocalPI = 30

0%   10   20   30   40   50   60   70   80   90   100%
|----|----|----|----|----|----|----|----|----|----|
***************************************************
best node n202 best error 0.0458398
time = 168589436
area = 579
delay = 16.1
write_blif appntk/rca32_15_0.0458398_579_16.1.blif

round 16
seed = 1567393943 patienceN = 0 patienceM = 0 frameNumber = 128 nLocalPI = 30

0%   10   20   30   40   50   60   70   80   90   100%
|----|----|----|----|----|----|----|----|----|----|
***************************************************
change patienceN
time = 171263566
area = 579
delay = 16.1
write_blif appntk/rca32_16_0.0458398_579_16.1.blif

round 17
seed = 1567393947 patienceN = 1 patienceM = 0 frameNumber = 128 nLocalPI = 30

0%   10   20   30   40   50   60   70   80   90   100%
|----|----|----|----|----|----|----|----|----|----|
***************************************************
change patienceN
time = 173567315
area = 579
delay = 16.1
write_blif appntk/rca32_17_0.0458398_579_16.1.blif

round 18
seed = 1567393949 patienceN = 2 patienceM = 0 frameNumber = 128 nLocalPI = 30

0%   10   20   30   40   50   60   70   80   90   100%
|----|----|----|----|----|----|----|----|----|----|
***************************************************
change patienceN
time = 176208694
area = 579
delay = 16.1
write_blif appntk/rca32_18_0.0458398_579_16.1.blif

round 19
seed = 1567393952 patienceN = 0 patienceM = 0 frameNumber = 64 nLocalPI = 30

0%   10   20   30   40   50   60   70   80   90   100%
|----|----|----|----|----|----|----|----|----|----|
***************************************************
change patienceM
time = 178410611
area = 579
delay = 16.1
write_blif appntk/rca32_19_0.0458398_579_16.1.blif

round 20
seed = 1567393954 patienceN = 0 patienceM = 1 frameNumber = 64 nLocalPI = 30

0%   10   20   30   40   50   60   70   80   90   100%
|----|----|----|----|----|----|----|----|----|----|
***************************************************
change patienceM
time = 180206642
area = 579
delay = 16.1
write_blif appntk/rca32_20_0.0458398_579_16.1.blif

round 21
seed = 1567393956 patienceN = 0 patienceM = 2 frameNumber = 64 nLocalPI = 30

0%   10   20   30   40   50   60   70   80   90   100%
|----|----|----|----|----|----|----|----|----|----|
***************************************************
change patienceM
time = 181555638
area = 579
delay = 16.1
write_blif appntk/rca32_21_0.0458398_579_16.1.blif

round 22
seed = 1567393958 patienceN = 0 patienceM = 0 frameNumber = 64 nLocalPI = 29

0%   10   20   30   40   50   60   70   80   90   100%
|----|----|----|----|----|----|----|----|----|----|
***************************************************
change patienceM
time = 182818461
area = 579
delay = 16.1
write_blif appntk/rca32_22_0.0458398_579_16.1.blif

round 23
seed = 1567393959 patienceN = 0 patienceM = 1 frameNumber = 64 nLocalPI = 29

0%   10   20   30   40   50   60   70   80   90   100%
|----|----|----|----|----|----|----|----|----|----|
***************************************************
change patienceN
time = 183984171
area = 579
delay = 16.1
write_blif appntk/rca32_23_0.0458398_579_16.1.blif

round 24
seed = 1567393961 patienceN = 1 patienceM = 1 frameNumber = 64 nLocalPI = 29

0%   10   20   30   40   50   60   70   80   90   100%
|----|----|----|----|----|----|----|----|----|----|
***************************************************
change patienceM
time = 185318951
area = 579
delay = 16.1
write_blif appntk/rca32_24_0.0458398_579_16.1.blif

round 25
seed = 1567393962 patienceN = 1 patienceM = 2 frameNumber = 64 nLocalPI = 29

0%   10   20   30   40   50   60   70   80   90   100%
|----|----|----|----|----|----|----|----|----|----|
***************************************************
change patienceM
time = 187078188
area = 579
delay = 16.1
write_blif appntk/rca32_25_0.0458398_579_16.1.blif

round 26
seed = 1567393963 patienceN = 0 patienceM = 0 frameNumber = 64 nLocalPI = 28

0%   10   20   30   40   50   60   70   80   90   100%
|----|----|----|----|----|----|----|----|----|----|
***************************************************
change patienceM
time = 188414108
area = 579
delay = 16.1
write_blif appntk/rca32_26_0.0458398_579_16.1.blif

round 27
seed = 1567393965 patienceN = 0 patienceM = 1 frameNumber = 64 nLocalPI = 28

0%   10   20   30   40   50   60   70   80   90   100%
|----|----|----|----|----|----|----|----|----|----|
***************************************************
change patienceM
time = 189667858
area = 579
delay = 16.1
write_blif appntk/rca32_27_0.0458398_579_16.1.blif

round 28
seed = 1567393966 patienceN = 0 patienceM = 2 frameNumber = 64 nLocalPI = 28

0%   10   20   30   40   50   60   70   80   90   100%
|----|----|----|----|----|----|----|----|----|----|
***************************************************
change patienceM
time = 191090430
area = 579
delay = 16.1
write_blif appntk/rca32_28_0.0458398_579_16.1.blif

round 29
seed = 1567393968 patienceN = 0 patienceM = 0 frameNumber = 64 nLocalPI = 27

0%   10   20   30   40   50   60   70   80   90   100%
|----|----|----|----|----|----|----|----|----|----|
***************************************************
change patienceM
time = 192653909
area = 579
delay = 16.1
write_blif appntk/rca32_29_0.0458398_579_16.1.blif

round 30
seed = 1567393969 patienceN = 0 patienceM = 1 frameNumber = 64 nLocalPI = 27

0%   10   20   30   40   50   60   70   80   90   100%
|----|----|----|----|----|----|----|----|----|----|
***************************************************
change patienceM
time = 194117547
area = 579
delay = 16.1
write_blif appntk/rca32_30_0.0458398_579_16.1.blif

round 31
seed = 1567393971 patienceN = 0 patienceM = 2 frameNumber = 64 nLocalPI = 27

0%   10   20   30   40   50   60   70   80   90   100%
|----|----|----|----|----|----|----|----|----|----|
***************************************************
change patienceM
time = 195685217
area = 579
delay = 16.1
write_blif appntk/rca32_31_0.0458398_579_16.1.blif

round 32
seed = 1567393972 patienceN = 0 patienceM = 0 frameNumber = 64 nLocalPI = 26

0%   10   20   30   40   50   60   70   80   90   100%
|----|----|----|----|----|----|----|----|----|----|
***************************************************
change patienceM
time = 197130399
area = 579
delay = 16.1
write_blif appntk/rca32_32_0.0458398_579_16.1.blif

round 33
seed = 1567393974 patienceN = 0 patienceM = 1 frameNumber = 64 nLocalPI = 26

0%   10   20   30   40   50   60   70   80   90   100%
|----|----|----|----|----|----|----|----|----|----|
***************************************************
change patienceM
time = 198582196
area = 579
delay = 16.1
write_blif appntk/rca32_33_0.0458398_579_16.1.blif

round 34
seed = 1567393975 patienceN = 0 patienceM = 2 frameNumber = 64 nLocalPI = 26

0%   10   20   30   40   50   60   70   80   90   100%
|----|----|----|----|----|----|----|----|----|----|
***************************************************
change patienceM
time = 200487270
area = 579
delay = 16.1
write_blif appntk/rca32_34_0.0458398_579_16.1.blif

round 35
seed = 1567393976 patienceN = 0 patienceM = 0 frameNumber = 64 nLocalPI = 25

0%   10   20   30   40   50   60   70   80   90   100%
|----|----|----|----|----|----|----|----|----|----|
***************************************************
change patienceM
time = 202564046
area = 579
delay = 16.1
write_blif appntk/rca32_35_0.0458398_579_16.1.blif

round 36
seed = 1567393978 patienceN = 0 patienceM = 1 frameNumber = 64 nLocalPI = 25

0%   10   20   30   40   50   60   70   80   90   100%
|----|----|----|----|----|----|----|----|----|----|
***************************************************
change patienceM
time = 204647549
area = 579
delay = 16.1
write_blif appntk/rca32_36_0.0458398_579_16.1.blif

round 37
seed = 1567393981 patienceN = 0 patienceM = 2 frameNumber = 64 nLocalPI = 25

0%   10   20   30   40   50   60   70   80   90   100%
|----|----|----|----|----|----|----|----|----|----|
***************************************************
change patienceM
time = 206817458
area = 579
delay = 16.1
write_blif appntk/rca32_37_0.0458398_579_16.1.blif

round 38
seed = 1567393983 patienceN = 0 patienceM = 0 frameNumber = 64 nLocalPI = 24

0%   10   20   30   40   50   60   70   80   90   100%
|----|----|----|----|----|----|----|----|----|----|
***************************************************
change patienceM
time = 208573853
area = 579
delay = 16.1
write_blif appntk/rca32_38_0.0458398_579_16.1.blif

round 39
seed = 1567393985 patienceN = 0 patienceM = 1 frameNumber = 64 nLocalPI = 24

0%   10   20   30   40   50   60   70   80   90   100%
|----|----|----|----|----|----|----|----|----|----|
***************************************************
change patienceM
time = 210440739
area = 579
delay = 16.1
write_blif appntk/rca32_39_0.0458398_579_16.1.blif

round 40
seed = 1567393987 patienceN = 0 patienceM = 2 frameNumber = 64 nLocalPI = 24

0%   10   20   30   40   50   60   70   80   90   100%
|----|----|----|----|----|----|----|----|----|----|
***************************************************
change patienceM
time = 212091293
area = 579
delay = 16.1
write_blif appntk/rca32_40_0.0458398_579_16.1.blif

round 41
seed = 1567393988 patienceN = 0 patienceM = 0 frameNumber = 64 nLocalPI = 23

0%   10   20   30   40   50   60   70   80   90   100%
|----|----|----|----|----|----|----|----|----|----|
***************************************************
change patienceM
time = 214140241
area = 579
delay = 16.1
write_blif appntk/rca32_41_0.0458398_579_16.1.blif

round 42
seed = 1567393990 patienceN = 0 patienceM = 1 frameNumber = 64 nLocalPI = 23

0%   10   20   30   40   50   60   70   80   90   100%
|----|----|----|----|----|----|----|----|----|----|
***************************************************
change patienceM
time = 216070968
area = 579
delay = 16.1
write_blif appntk/rca32_42_0.0458398_579_16.1.blif

round 43
seed = 1567393992 patienceN = 0 patienceM = 2 frameNumber = 64 nLocalPI = 23

0%   10   20   30   40   50   60   70   80   90   100%
|----|----|----|----|----|----|----|----|----|----|
***************************************************
change patienceM
time = 217894741
area = 579
delay = 16.1
write_blif appntk/rca32_43_0.0458398_579_16.1.blif

round 44
seed = 1567393994 patienceN = 0 patienceM = 0 frameNumber = 64 nLocalPI = 22

0%   10   20   30   40   50   60   70   80   90   100%
|----|----|----|----|----|----|----|----|----|----|
***************************************************
change patienceM
time = 219598703
area = 579
delay = 16.1
write_blif appntk/rca32_44_0.0458398_579_16.1.blif

round 45
seed = 1567393996 patienceN = 0 patienceM = 1 frameNumber = 64 nLocalPI = 22

0%   10   20   30   40   50   60   70   80   90   100%
|----|----|----|----|----|----|----|----|----|----|
***************************************************
change patienceM
time = 220840981
area = 579
delay = 16.1
write_blif appntk/rca32_45_0.0458398_579_16.1.blif

round 46
seed = 1567393998 patienceN = 0 patienceM = 2 frameNumber = 64 nLocalPI = 22

0%   10   20   30   40   50   60   70   80   90   100%
|----|----|----|----|----|----|----|----|----|----|
***************************************************
change patienceM
time = 222652791
area = 579
delay = 16.1
write_blif appntk/rca32_46_0.0458398_579_16.1.blif

round 47
seed = 1567393999 patienceN = 0 patienceM = 0 frameNumber = 64 nLocalPI = 21

0%   10   20   30   40   50   60   70   80   90   100%
|----|----|----|----|----|----|----|----|----|----|
***************************************************
change patienceM
time = 223923909
area = 579
delay = 16.1
write_blif appntk/rca32_47_0.0458398_579_16.1.blif

round 48
seed = 1567394001 patienceN = 0 patienceM = 1 frameNumber = 64 nLocalPI = 21

0%   10   20   30   40   50   60   70   80   90   100%
|----|----|----|----|----|----|----|----|----|----|
***************************************************
change patienceM
time = 225231145
area = 579
delay = 16.1
write_blif appntk/rca32_48_0.0458398_579_16.1.blif

round 49
seed = 1567394002 patienceN = 0 patienceM = 2 frameNumber = 64 nLocalPI = 21

0%   10   20   30   40   50   60   70   80   90   100%
|----|----|----|----|----|----|----|----|----|----|
***************************************************
change patienceM
time = 226623418
area = 579
delay = 16.1
write_blif appntk/rca32_49_0.0458398_579_16.1.blif

round 50
seed = 1567394003 patienceN = 0 patienceM = 0 frameNumber = 64 nLocalPI = 20

0%   10   20   30   40   50   60   70   80   90   100%
|----|----|----|----|----|----|----|----|----|----|
***************************************************
change patienceM
time = 228342149
area = 579
delay = 16.1
write_blif appntk/rca32_50_0.0458398_579_16.1.blif

round 51
seed = 1567394005 patienceN = 0 patienceM = 1 frameNumber = 64 nLocalPI = 20

0%   10   20   30   40   50   60   70   80   90   100%
|----|----|----|----|----|----|----|----|----|----|
***************************************************
change patienceM
time = 229996094
area = 579
delay = 16.1
write_blif appntk/rca32_51_0.0458398_579_16.1.blif

round 52
seed = 1567394006 patienceN = 0 patienceM = 2 frameNumber = 64 nLocalPI = 20

0%   10   20   30   40   50   60   70   80   90   100%
|----|----|----|----|----|----|----|----|----|----|
***************************************************
change patienceM
time = 232048186
area = 579
delay = 16.1
write_blif appntk/rca32_52_0.0458398_579_16.1.blif

round 53
seed = 1567394008 patienceN = 0 patienceM = 0 frameNumber = 64 nLocalPI = 19

0%   10   20   30   40   50   60   70   80   90   100%
|----|----|----|----|----|----|----|----|----|----|
***************************************************
change patienceM
time = 233834167
area = 579
delay = 16.1
write_blif appntk/rca32_53_0.0458398_579_16.1.blif

round 54
seed = 1567394010 patienceN = 0 patienceM = 1 frameNumber = 64 nLocalPI = 19

0%   10   20   30   40   50   60   70   80   90   100%
|----|----|----|----|----|----|----|----|----|----|
***************************************************
change patienceN
time = 235234069
area = 579
delay = 16.1
write_blif appntk/rca32_54_0.0458398_579_16.1.blif

round 55
seed = 1567394012 patienceN = 1 patienceM = 1 frameNumber = 64 nLocalPI = 19

0%   10   20   30   40   50   60   70   80   90   100%
|----|----|----|----|----|----|----|----|----|----|
***************************************************
change patienceM
time = 237013026
area = 579
delay = 16.1
write_blif appntk/rca32_55_0.0458398_579_16.1.blif

round 56
seed = 1567394013 patienceN = 1 patienceM = 2 frameNumber = 64 nLocalPI = 19

0%   10   20   30   40   50   60   70   80   90   100%
|----|----|----|----|----|----|----|----|----|----|
***************************************************
change patienceM
time = 238699306
area = 579
delay = 16.1
write_blif appntk/rca32_56_0.0458398_579_16.1.blif

round 57
seed = 1567394015 patienceN = 0 patienceM = 0 frameNumber = 64 nLocalPI = 18

0%   10   20   30   40   50   60   70   80   90   100%
|----|----|----|----|----|----|----|----|----|----|
***************************************************
change patienceM
time = 240665237
area = 579
delay = 16.1
write_blif appntk/rca32_57_0.0458398_579_16.1.blif

round 58
seed = 1567394017 patienceN = 0 patienceM = 1 frameNumber = 64 nLocalPI = 18

0%   10   20   30   40   50   60   70   80   90   100%
|----|----|----|----|----|----|----|----|----|----|
***************************************************
change patienceM
time = 242823470
area = 579
delay = 16.1
write_blif appntk/rca32_58_0.0458398_579_16.1.blif

round 59
seed = 1567394019 patienceN = 0 patienceM = 2 frameNumber = 64 nLocalPI = 18

0%   10   20   30   40   50   60   70   80   90   100%
|----|----|----|----|----|----|----|----|----|----|
***************************************************
change patienceM
time = 244148390
area = 579
delay = 16.1
write_blif appntk/rca32_59_0.0458398_579_16.1.blif

round 60
seed = 1567394021 patienceN = 0 patienceM = 0 frameNumber = 64 nLocalPI = 17

0%   10   20   30   40   50   60   70   80   90   100%
|----|----|----|----|----|----|----|----|----|----|
***************************************************
change patienceM
time = 245599130
area = 579
delay = 16.1
write_blif appntk/rca32_60_0.0458398_579_16.1.blif

round 61
seed = 1567394022 patienceN = 0 patienceM = 1 frameNumber = 64 nLocalPI = 17

0%   10   20   30   40   50   60   70   80   90   100%
|----|----|----|----|----|----|----|----|----|----|
***************************************************
change patienceM
time = 247422109
area = 579
delay = 16.1
write_blif appntk/rca32_61_0.0458398_579_16.1.blif

round 62
seed = 1567394024 patienceN = 0 patienceM = 2 frameNumber = 64 nLocalPI = 17

0%   10   20   30   40   50   60   70   80   90   100%
|----|----|----|----|----|----|----|----|----|----|
***************************************************
change patienceM
time = 249187596
area = 579
delay = 16.1
write_blif appntk/rca32_62_0.0458398_579_16.1.blif

round 63
seed = 1567394025 patienceN = 0 patienceM = 0 frameNumber = 64 nLocalPI = 16

0%   10   20   30   40   50   60   70   80   90   100%
|----|----|----|----|----|----|----|----|----|----|
***************************************************
change patienceM
time = 251018297
area = 579
delay = 16.1
write_blif appntk/rca32_63_0.0458398_579_16.1.blif

round 64
seed = 1567394027 patienceN = 0 patienceM = 1 frameNumber = 64 nLocalPI = 16

0%   10   20   30   40   50   60   70   80   90   100%
|----|----|----|----|----|----|----|----|----|----|
***************************************************
change patienceM
time = 252826694
area = 579
delay = 16.1
write_blif appntk/rca32_64_0.0458398_579_16.1.blif

round 65
seed = 1567394029 patienceN = 0 patienceM = 2 frameNumber = 64 nLocalPI = 16

0%   10   20   30   40   50   60   70   80   90   100%
|----|----|----|----|----|----|----|----|----|----|
***************************************************
change patienceM
time = 254548834
area = 579
delay = 16.1
write_blif appntk/rca32_65_0.0458398_579_16.1.blif

round 66
seed = 1567394031 patienceN = 0 patienceM = 0 frameNumber = 64 nLocalPI = 15

0%   10   20   30   40   50   60   70   80   90   100%
|----|----|----|----|----|----|----|----|----|----|
***************************************************
change patienceM
time = 256089270
area = 579
delay = 16.1
write_blif appntk/rca32_66_0.0458398_579_16.1.blif

round 67
seed = 1567394033 patienceN = 0 patienceM = 1 frameNumber = 64 nLocalPI = 15

0%   10   20   30   40   50   60   70   80   90   100%
|----|----|----|----|----|----|----|----|----|----|
***************************************************
change patienceM
time = 257528424
area = 579
delay = 16.1
write_blif appntk/rca32_67_0.0458398_579_16.1.blif

round 68
seed = 1567394034 patienceN = 0 patienceM = 2 frameNumber = 64 nLocalPI = 15

0%   10   20   30   40   50   60   70   80   90   100%
|----|----|----|----|----|----|----|----|----|----|
***************************************************
change patienceM
time = 259179418
area = 579
delay = 16.1
write_blif appntk/rca32_68_0.0458398_579_16.1.blif

round 69
seed = 1567394036 patienceN = 0 patienceM = 0 frameNumber = 64 nLocalPI = 14

0%   10   20   30   40   50   60   70   80   90   100%
|----|----|----|----|----|----|----|----|----|----|
***************************************************
change patienceM
time = 260607454
area = 579
delay = 16.1
write_blif appntk/rca32_69_0.0458398_579_16.1.blif

round 70
seed = 1567394037 patienceN = 0 patienceM = 1 frameNumber = 64 nLocalPI = 14

0%   10   20   30   40   50   60   70   80   90   100%
|----|----|----|----|----|----|----|----|----|----|
***************************************************
change patienceM
time = 261665978
area = 579
delay = 16.1
write_blif appntk/rca32_70_0.0458398_579_16.1.blif

round 71
seed = 1567394039 patienceN = 0 patienceM = 2 frameNumber = 64 nLocalPI = 14

0%   10   20   30   40   50   60   70   80   90   100%
|----|----|----|----|----|----|----|----|----|----|
***************************************************
change patienceM
time = 262913372
area = 579
delay = 16.1
write_blif appntk/rca32_71_0.0458398_579_16.1.blif

round 72
seed = 1567394040 patienceN = 0 patienceM = 0 frameNumber = 64 nLocalPI = 13

0%   10   20   30   40   50   60   70   80   90   100%
|----|----|----|----|----|----|----|----|----|----|
***************************************************
change patienceM
time = 263842276
area = 579
delay = 16.1
write_blif appntk/rca32_72_0.0458398_579_16.1.blif

round 73
seed = 1567394041 patienceN = 0 patienceM = 1 frameNumber = 64 nLocalPI = 13

0%   10   20   30   40   50   60   70   80   90   100%
|----|----|----|----|----|----|----|----|----|----|
***************************************************
change patienceN
time = 264701180
area = 579
delay = 16.1
write_blif appntk/rca32_73_0.0458398_579_16.1.blif

round 74
seed = 1567394042 patienceN = 1 patienceM = 1 frameNumber = 64 nLocalPI = 13

0%   10   20   30   40   50   60   70   80   90   100%
|----|----|----|----|----|----|----|----|----|----|
***************************************************
change patienceM
time = 265905158
area = 579
delay = 16.1
write_blif appntk/rca32_74_0.0458398_579_16.1.blif

round 75
seed = 1567394043 patienceN = 1 patienceM = 2 frameNumber = 64 nLocalPI = 13

0%   10   20   30   40   50   60   70   80   90   100%
|----|----|----|----|----|----|----|----|----|----|
***************************************************
change patienceN
time = 266766453
area = 579
delay = 16.1
write_blif appntk/rca32_75_0.0458398_579_16.1.blif

round 76
seed = 1567394044 patienceN = 2 patienceM = 2 frameNumber = 64 nLocalPI = 13

0%   10   20   30   40   50   60   70   80   90   100%
|----|----|----|----|----|----|----|----|----|----|
***************************************************
change patienceM
time = 267778965
area = 579
delay = 16.1
write_blif appntk/rca32_76_0.0458398_579_16.1.blif

round 77
seed = 1567394045 patienceN = 0 patienceM = 0 frameNumber = 64 nLocalPI = 12

0%   10   20   30   40   50   60   70   80   90   100%
|----|----|----|----|----|----|----|----|----|----|
***************************************************
change patienceM
time = 268839381
area = 579
delay = 16.1
write_blif appntk/rca32_77_0.0458398_579_16.1.blif

round 78
seed = 1567394046 patienceN = 0 patienceM = 1 frameNumber = 64 nLocalPI = 12

0%   10   20   30   40   50   60   70   80   90   100%
|----|----|----|----|----|----|----|----|----|----|
***************************************************
change patienceM
time = 269939388
area = 579
delay = 16.1
write_blif appntk/rca32_78_0.0458398_579_16.1.blif

round 79
seed = 1567394047 patienceN = 0 patienceM = 2 frameNumber = 64 nLocalPI = 12

0%   10   20   30   40   50   60   70   80   90   100%
|----|----|----|----|----|----|----|----|----|----|
***************************************************
change patienceM
time = 271495685
area = 579
delay = 16.1
write_blif appntk/rca32_79_0.0458398_579_16.1.blif

round 80
seed = 1567394048 patienceN = 0 patienceM = 0 frameNumber = 64 nLocalPI = 11

0%   10   20   30   40   50   60   70   80   90   100%
|----|----|----|----|----|----|----|----|----|----|
***************************************************
change patienceM
time = 272680695
area = 579
delay = 16.1
write_blif appntk/rca32_80_0.0458398_579_16.1.blif

round 81
seed = 1567394050 patienceN = 0 patienceM = 1 frameNumber = 64 nLocalPI = 11

0%   10   20   30   40   50   60   70   80   90   100%
|----|----|----|----|----|----|----|----|----|----|
***************************************************
change patienceM
time = 274071104
area = 579
delay = 16.1
write_blif appntk/rca32_81_0.0458398_579_16.1.blif

round 82
seed = 1567394051 patienceN = 0 patienceM = 2 frameNumber = 64 nLocalPI = 11

0%   10   20   30   40   50   60   70   80   90   100%
|----|----|----|----|----|----|----|----|----|----|
***************************************************
change patienceM
time = 275456998
area = 579
delay = 16.1
write_blif appntk/rca32_82_0.0458398_579_16.1.blif

round 83
seed = 1567394052 patienceN = 0 patienceM = 0 frameNumber = 64 nLocalPI = 10

0%   10   20   30   40   50   60   70   80   90   100%
|----|----|----|----|----|----|----|----|----|----|
***************************************************
change patienceM
time = 276849256
area = 579
delay = 16.1
write_blif appntk/rca32_83_0.0458398_579_16.1.blif

round 84
seed = 1567394054 patienceN = 0 patienceM = 1 frameNumber = 64 nLocalPI = 10

0%   10   20   30   40   50   60   70   80   90   100%
|----|----|----|----|----|----|----|----|----|----|
***************************************************
change patienceM
time = 278112364
area = 579
delay = 16.1
write_blif appntk/rca32_84_0.0458398_579_16.1.blif

round 85
seed = 1567394055 patienceN = 0 patienceM = 2 frameNumber = 64 nLocalPI = 10

0%   10   20   30   40   50   60   70   80   90   100%
|----|----|----|----|----|----|----|----|----|----|
***************************************************
change patienceM
time = 278984197
area = 579
delay = 16.1
write_blif appntk/rca32_85_0.0458398_579_16.1.blif

round 86
seed = 1567394056 patienceN = 0 patienceM = 0 frameNumber = 64 nLocalPI = 9

0%   10   20   30   40   50   60   70   80   90   100%
|----|----|----|----|----|----|----|----|----|----|
***************************************************
change patienceM
time = 279815631
area = 579
delay = 16.1
write_blif appntk/rca32_86_0.0458398_579_16.1.blif

round 87
seed = 1567394057 patienceN = 0 patienceM = 1 frameNumber = 64 nLocalPI = 9

0%   10   20   30   40   50   60   70   80   90   100%
|----|----|----|----|----|----|----|----|----|----|
***************************************************
change patienceM
time = 280741406
area = 579
delay = 16.1
write_blif appntk/rca32_87_0.0458398_579_16.1.blif

round 88
seed = 1567394058 patienceN = 0 patienceM = 2 frameNumber = 64 nLocalPI = 9

0%   10   20   30   40   50   60   70   80   90   100%
|----|----|----|----|----|----|----|----|----|----|
***************************************************
change patienceM
time = 281835422
area = 579
delay = 16.1
write_blif appntk/rca32_88_0.0458398_579_16.1.blif

round 89
seed = 1567394059 patienceN = 0 patienceM = 0 frameNumber = 64 nLocalPI = 8

0%   10   20   30   40   50   60   70   80   90   100%
|----|----|----|----|----|----|----|----|----|----|
***************************************************
change patienceM
time = 283188089
area = 579
delay = 16.1
write_blif appntk/rca32_89_0.0458398_579_16.1.blif

round 90
seed = 1567394060 patienceN = 0 patienceM = 1 frameNumber = 64 nLocalPI = 8

0%   10   20   30   40   50   60   70   80   90   100%
|----|----|----|----|----|----|----|----|----|----|
***************************************************
change patienceN
time = 284231583
area = 579
delay = 16.1
write_blif appntk/rca32_90_0.0458398_579_16.1.blif

round 91
seed = 1567394061 patienceN = 1 patienceM = 1 frameNumber = 64 nLocalPI = 8

0%   10   20   30   40   50   60   70   80   90   100%
|----|----|----|----|----|----|----|----|----|----|
***************************************************
change patienceM
time = 285475420
area = 579
delay = 16.1
write_blif appntk/rca32_91_0.0458398_579_16.1.blif

round 92
seed = 1567394062 patienceN = 1 patienceM = 2 frameNumber = 64 nLocalPI = 8

0%   10   20   30   40   50   60   70   80   90   100%
|----|----|----|----|----|----|----|----|----|----|
***************************************************
change patienceN
time = 286510542
area = 579
delay = 16.1
write_blif appntk/rca32_92_0.0458398_579_16.1.blif

round 93
seed = 1567394064 patienceN = 2 patienceM = 2 frameNumber = 64 nLocalPI = 8

0%   10   20   30   40   50   60   70   80   90   100%
|----|----|----|----|----|----|----|----|----|----|
***************************************************
change patienceM
time = 287750841
area = 579
delay = 16.1
write_blif appntk/rca32_93_0.0458398_579_16.1.blif

round 94
seed = 1567394065 patienceN = 0 patienceM = 0 frameNumber = 64 nLocalPI = 7

0%   10   20   30   40   50   60   70   80   90   100%
|----|----|----|----|----|----|----|----|----|----|
***************************************************
change patienceN
time = 288725655
area = 579
delay = 16.1
write_blif appntk/rca32_94_0.0458398_579_16.1.blif

round 95
seed = 1567394066 patienceN = 1 patienceM = 0 frameNumber = 64 nLocalPI = 7

0%   10   20   30   40   50   60   70   80   90   100%
|----|----|----|----|----|----|----|----|----|----|
***************************************************
change patienceM
time = 289898564
area = 579
delay = 16.1
write_blif appntk/rca32_95_0.0458398_579_16.1.blif

round 96
seed = 1567394067 patienceN = 1 patienceM = 1 frameNumber = 64 nLocalPI = 7

0%   10   20   30   40   50   60   70   80   90   100%
|----|----|----|----|----|----|----|----|----|----|
***************************************************
change patienceM
time = 291074475
area = 579
delay = 16.1
write_blif appntk/rca32_96_0.0458398_579_16.1.blif

round 97
seed = 1567394068 patienceN = 1 patienceM = 2 frameNumber = 64 nLocalPI = 7

0%   10   20   30   40   50   60   70   80   90   100%
|----|----|----|----|----|----|----|----|----|----|
***************************************************
change patienceM
time = 292152120
area = 579
delay = 16.1
write_blif appntk/rca32_97_0.0458398_579_16.1.blif

round 98
seed = 1567394069 patienceN = 0 patienceM = 0 frameNumber = 64 nLocalPI = 6

0%   10   20   30   40   50   60   70   80   90   100%
|----|----|----|----|----|----|----|----|----|----|
***************************************************
change patienceM
time = 293250707
area = 579
delay = 16.1
write_blif appntk/rca32_98_0.0458398_579_16.1.blif

round 99
seed = 1567394070 patienceN = 0 patienceM = 1 frameNumber = 64 nLocalPI = 6

0%   10   20   30   40   50   60   70   80   90   100%
|----|----|----|----|----|----|----|----|----|----|
***************************************************
change patienceN
time = 294243725
area = 579
delay = 16.1
write_blif appntk/rca32_99_0.0458398_579_16.1.blif

round 100
seed = 1567394071 patienceN = 1 patienceM = 1 frameNumber = 64 nLocalPI = 6

0%   10   20   30   40   50   60   70   80   90   100%
|----|----|----|----|----|----|----|----|----|----|
***************************************************
change patienceM
time = 295333868
area = 579
delay = 16.1
write_blif appntk/rca32_100_0.0458398_579_16.1.blif

round 101
seed = 1567394072 patienceN = 1 patienceM = 2 frameNumber = 64 nLocalPI = 6

0%   10   20   30   40   50   60   70   80   90   100%
|----|----|----|----|----|----|----|----|----|----|
***************************************************
change patienceM
time = 296546629
area = 579
delay = 16.1
write_blif appntk/rca32_101_0.0458398_579_16.1.blif

round 102
seed = 1567394074 patienceN = 0 patienceM = 0 frameNumber = 64 nLocalPI = 5

0%   10   20   30   40   50   60   70   80   90   100%
|----|----|----|----|----|----|----|----|----|----|
***************************************************
best node n315 best error 0.0614648
time = 297606616
