Entered genlib library with 23 gates from file "data/genlib/mcnc.genlib".
Line 9: Skipping line ".default_input_arrival 0.00 0.00 ".
Line 10: Skipping line ".default_output_required 0.00 0.00 ".
Line 11: Skipping line ".default_input_drive 0.10 0.10 ".
Line 12: Skipping line ".default_output_load 2.00 ".
Line 13: Skipping line ".default_max_input_load 999.00 ".
Original area = 1081, original delay = 45.3

round 0
seed = 0 patienceN = 0 patienceM = 0 frameNumber = 1024 nLocalPI = 16

0%   10   20   30   40   50   60   70   80   90   100%
|----|----|----|----|----|----|----|----|----|----|
***************************************************
best node product[0] best error 0
time = 27668669
area = 908
delay = 43.5
write_blif appntk/wal8_0_0_908_43.5.blif

round 1
seed = 1567393778 patienceN = 0 patienceM = 0 frameNumber = 1024 nLocalPI = 16

0%   10   20   30   40   50   60   70   80   90   100%
|----|----|----|----|----|----|----|----|----|----|
***************************************************
change patienceN
time = 51040662
area = 902
delay = 43.4
write_blif appntk/wal8_1_0_902_43.4.blif

round 2
seed = 1567393806 patienceN = 1 patienceM = 0 frameNumber = 1024 nLocalPI = 16

0%   10   20   30   40   50   60   70   80   90   100%
|----|----|----|----|----|----|----|----|----|----|
***************************************************
change patienceN
time = 69490261
area = 899
delay = 43.7
write_blif appntk/wal8_2_0_899_43.7.blif

round 3
seed = 1567393830 patienceN = 2 patienceM = 0 frameNumber = 1024 nLocalPI = 16

0%   10   20   30   40   50   60   70   80   90   100%
|----|----|----|----|----|----|----|----|----|----|
***************************************************
change patienceN
time = 86529005
area = 901
delay = 43.7
write_blif appntk/wal8_3_0_901_43.7.blif

round 4
seed = 1567393848 patienceN = 0 patienceM = 0 frameNumber = 512 nLocalPI = 16

0%   10   20   30   40   50   60   70   80   90   100%
|----|----|----|----|----|----|----|----|----|----|
***************************************************
change patienceN
time = 95689916
area = 899
delay = 43.7
write_blif appntk/wal8_4_0_899_43.7.blif

round 5
seed = 1567393865 patienceN = 1 patienceM = 0 frameNumber = 512 nLocalPI = 16

0%   10   20   30   40   50   60   70   80   90   100%
|----|----|----|----|----|----|----|----|----|----|
***************************************************
change patienceN
time = 104804764
area = 901
delay = 43.7
write_blif appntk/wal8_5_0_901_43.7.blif

round 6
seed = 1567393874 patienceN = 2 patienceM = 0 frameNumber = 512 nLocalPI = 16

0%   10   20   30   40   50   60   70   80   90   100%
|----|----|----|----|----|----|----|----|----|----|
***************************************************
best node n238 best error 0.00266602
time = 114156722
area = 896
delay = 43.6
write_blif appntk/wal8_6_0.00266602_896_43.6.blif

round 7
seed = 1567393883 patienceN = 0 patienceM = 0 frameNumber = 512 nLocalPI = 16

0%   10   20   30   40   50   60   70   80   90   100%
|----|----|----|----|----|----|----|----|----|----|
***************************************************
change patienceN
time = 123273400
area = 898
delay = 43.6
write_blif appntk/wal8_7_0.00266602_898_43.6.blif

round 8
seed = 1567393893 patienceN = 1 patienceM = 0 frameNumber = 512 nLocalPI = 16

0%   10   20   30   40   50   60   70   80   90   100%
|----|----|----|----|----|----|----|----|----|----|
***************************************************
change patienceN
time = 132369199
area = 896
delay = 43.6
write_blif appntk/wal8_8_0.00266602_896_43.6.blif

round 9
seed = 1567393902 patienceN = 2 patienceM = 0 frameNumber = 512 nLocalPI = 16

0%   10   20   30   40   50   60   70   80   90   100%
|----|----|----|----|----|----|----|----|----|----|
***************************************************
change patienceN
time = 141484489
area = 898
delay = 43.6
write_blif appntk/wal8_9_0.00266602_898_43.6.blif

round 10
seed = 1567393911 patienceN = 0 patienceM = 0 frameNumber = 256 nLocalPI = 16

0%   10   20   30   40   50   60   70   80   90   100%
|----|----|----|----|----|----|----|----|----|----|
***************************************************
change patienceN
time = 146715363
area = 896
delay = 43.6
write_blif appntk/wal8_10_0.00266602_896_43.6.blif

round 11
seed = 1567393920 patienceN = 1 patienceM = 0 frameNumber = 256 nLocalPI = 16

0%   10   20   30   40   50   60   70   80   90   100%
|----|----|----|----|----|----|----|----|----|----|
***************************************************
change patienceN
time = 151938012
area = 898
delay = 43.6
write_blif appntk/wal8_11_0.00266602_898_43.6.blif

round 12
seed = 1567393925 patienceN = 2 patienceM = 0 frameNumber = 256 nLocalPI = 16

0%   10   20   30   40   50   60   70   80   90   100%
|----|----|----|----|----|----|----|----|----|----|
***************************************************
best node n96 best error 0.0105078
time = 157249759
area = 888
delay = 43.6
write_blif appntk/wal8_12_0.0105078_888_43.6.blif

round 13
seed = 1567393930 patienceN = 0 patienceM = 0 frameNumber = 256 nLocalPI = 16

0%   10   20   30   40   50   60   70   80   90   100%
|----|----|----|----|----|----|----|----|----|----|
***************************************************
best node n287 best error 0.0105078
time = 162401090
area = 885
delay = 42.6
write_blif appntk/wal8_13_0.0105078_885_42.6.blif

round 14
seed = 1567393936 patienceN = 0 patienceM = 0 frameNumber = 256 nLocalPI = 16

0%   10   20   30   40   50   60   70   80   90   100%
|----|----|----|----|----|----|----|----|----|----|
***************************************************
change patienceN
time = 167473808
area = 883
delay = 42.6
write_blif appntk/wal8_14_0.0105078_883_42.6.blif

round 15
seed = 1567393941 patienceN = 1 patienceM = 0 frameNumber = 256 nLocalPI = 16

0%   10   20   30   40   50   60   70   80   90   100%
|----|----|----|----|----|----|----|----|----|----|
***************************************************
change patienceN
time = 172538542
area = 885
delay = 42.6
write_blif appntk/wal8_15_0.0105078_885_42.6.blif

round 16
seed = 1567393946 patienceN = 2 patienceM = 0 frameNumber = 256 nLocalPI = 16

0%   10   20   30   40   50   60   70   80   90   100%
|----|----|----|----|----|----|----|----|----|----|
***************************************************
best node n177 best error 0.0129883
time = 177661456
area = 878
delay = 42.6
write_blif appntk/wal8_16_0.0129883_878_42.6.blif

round 17
seed = 1567393951 patienceN = 0 patienceM = 0 frameNumber = 256 nLocalPI = 16

0%   10   20   30   40   50   60   70   80   90   100%
|----|----|----|----|----|----|----|----|----|----|
***************************************************
change patienceN
time = 182632880
area = 880
delay = 44.3
write_blif appntk/wal8_17_0.0129883_880_44.3.blif

round 18
seed = 1567393956 patienceN = 1 patienceM = 0 frameNumber = 256 nLocalPI = 16

0%   10   20   30   40   50   60   70   80   90   100%
|----|----|----|----|----|----|----|----|----|----|
***************************************************
change patienceN
time = 187628529
area = 884
delay = 44.9
write_blif appntk/wal8_18_0.0129883_884_44.9.blif

round 19
seed = 1567393961 patienceN = 2 patienceM = 0 frameNumber = 256 nLocalPI = 16

0%   10   20   30   40   50   60   70   80   90   100%
|----|----|----|----|----|----|----|----|----|----|
***************************************************
change patienceN
time = 192596659
area = 880
delay = 44.3
write_blif appntk/wal8_19_0.0129883_880_44.3.blif

round 20
seed = 1567393966 patienceN = 0 patienceM = 0 frameNumber = 128 nLocalPI = 16

0%   10   20   30   40   50   60   70   80   90   100%
|----|----|----|----|----|----|----|----|----|----|
***************************************************
best node n326 best error 0.023252
time = 195833080
area = 871
delay = 44.9
write_blif appntk/wal8_20_0.023252_871_44.9.blif

round 21
seed = 1567393971 patienceN = 0 patienceM = 0 frameNumber = 128 nLocalPI = 16

0%   10   20   30   40   50   60   70   80   90   100%
|----|----|----|----|----|----|----|----|----|----|
***************************************************
best node n326 best error 0.0323633
time = 199073235
area = 868
delay = 44.2
write_blif appntk/wal8_21_0.0323633_868_44.2.blif

round 22
seed = 1567393974 patienceN = 0 patienceM = 0 frameNumber = 128 nLocalPI = 16

0%   10   20   30   40   50   60   70   80   90   100%
|----|----|----|----|----|----|----|----|----|----|
***************************************************
best node n230 best error 0.0422949
time = 202212138
area = 862
delay = 42.1
write_blif appntk/wal8_22_0.0422949_862_42.1.blif

round 23
seed = 1567393977 patienceN = 0 patienceM = 0 frameNumber = 128 nLocalPI = 16

0%   10   20   30   40   50   60   70   80   90   100%
|----|----|----|----|----|----|----|----|----|----|
***************************************************
best node n96 best error 0.0486621
time = 205365090
area = 867
delay = 44.4
write_blif appntk/wal8_23_0.0486621_867_44.4.blif

round 24
seed = 1567393981 patienceN = 0 patienceM = 0 frameNumber = 128 nLocalPI = 16

0%   10   20   30   40   50   60   70   80   90   100%
|----|----|----|----|----|----|----|----|----|----|
***************************************************
change patienceM
time = 208470474
area = 863
delay = 44
write_blif appntk/wal8_24_0.0486621_863_44.blif

round 25
seed = 1567393984 patienceN = 0 patienceM = 1 frameNumber = 128 nLocalPI = 16

0%   10   20   30   40   50   60   70   80   90   100%
|----|----|----|----|----|----|----|----|----|----|
***************************************************
change patienceM
time = 211599702
area = 867
delay = 44.4
write_blif appntk/wal8_25_0.0486621_867_44.4.blif

round 26
seed = 1567393987 patienceN = 0 patienceM = 2 frameNumber = 128 nLocalPI = 16

0%   10   20   30   40   50   60   70   80   90   100%
|----|----|----|----|----|----|----|----|----|----|
***************************************************
change patienceM
time = 215110058
area = 863
delay = 44
write_blif appntk/wal8_26_0.0486621_863_44.blif

round 27
seed = 1567393990 patienceN = 0 patienceM = 0 frameNumber = 128 nLocalPI = 15

0%   10   20   30   40   50   60   70   80   90   100%
|----|----|----|----|----|----|----|----|----|----|
***************************************************
best node n68 best error 0.0486621
time = 218352274
area = 862
delay = 44.4
write_blif appntk/wal8_27_0.0486621_862_44.4.blif

round 28
seed = 1567393994 patienceN = 0 patienceM = 0 frameNumber = 128 nLocalPI = 15

0%   10   20   30   40   50   60   70   80   90   100%
|----|----|----|----|----|----|----|----|----|----|
***************************************************
change patienceN
time = 221872854
area = 858
delay = 44
write_blif appntk/wal8_28_0.0486621_858_44.blif

round 29
seed = 1567393997 patienceN = 1 patienceM = 0 frameNumber = 128 nLocalPI = 15

0%   10   20   30   40   50   60   70   80   90   100%
|----|----|----|----|----|----|----|----|----|----|
***************************************************
change patienceN
time = 226284575
area = 862
delay = 44.4
write_blif appntk/wal8_29_0.0486621_862_44.4.blif

round 30
seed = 1567394001 patienceN = 2 patienceM = 0 frameNumber = 128 nLocalPI = 15

0%   10   20   30   40   50   60   70   80   90   100%
|----|----|----|----|----|----|----|----|----|----|
***************************************************
change patienceN
time = 230403681
area = 858
delay = 44
write_blif appntk/wal8_30_0.0486621_858_44.blif

round 31
seed = 1567394005 patienceN = 0 patienceM = 0 frameNumber = 64 nLocalPI = 15

0%   10   20   30   40   50   60   70   80   90   100%
|----|----|----|----|----|----|----|----|----|----|
***************************************************
change patienceM
time = 233721962
area = 862
delay = 44.4
write_blif appntk/wal8_31_0.0486621_862_44.4.blif

round 32
seed = 1567394009 patienceN = 0 patienceM = 1 frameNumber = 64 nLocalPI = 15

0%   10   20   30   40   50   60   70   80   90   100%
|----|----|----|----|----|----|----|----|----|----|
***************************************************
change patienceM
time = 236959809
area = 858
delay = 44
write_blif appntk/wal8_32_0.0486621_858_44.blif

round 33
seed = 1567394012 patienceN = 0 patienceM = 2 frameNumber = 64 nLocalPI = 15

0%   10   20   30   40   50   60   70   80   90   100%
|----|----|----|----|----|----|----|----|----|----|
***************************************************
change patienceM
time = 240376102
area = 862
delay = 44.4
write_blif appntk/wal8_33_0.0486621_862_44.4.blif

round 34
seed = 1567394016 patienceN = 0 patienceM = 0 frameNumber = 64 nLocalPI = 14

0%   10   20   30   40   50   60   70   80   90   100%
|----|----|----|----|----|----|----|----|----|----|
***************************************************
change patienceM
time = 243895092
area = 858
delay = 44
write_blif appntk/wal8_34_0.0486621_858_44.blif

round 35
seed = 1567394019 patienceN = 0 patienceM = 1 frameNumber = 64 nLocalPI = 14

0%   10   20   30   40   50   60   70   80   90   100%
|----|----|----|----|----|----|----|----|----|----|
***************************************************
change patienceM
time = 247150777
area = 862
delay = 44.4
write_blif appntk/wal8_35_0.0486621_862_44.4.blif

round 36
seed = 1567394023 patienceN = 0 patienceM = 2 frameNumber = 64 nLocalPI = 14

0%   10   20   30   40   50   60   70   80   90   100%
|----|----|----|----|----|----|----|----|----|----|
***************************************************
change patienceM
time = 250655255
area = 858
delay = 44
write_blif appntk/wal8_36_0.0486621_858_44.blif

round 37
seed = 1567394026 patienceN = 0 patienceM = 0 frameNumber = 64 nLocalPI = 13

0%   10   20   30   40   50   60   70   80   90   100%
|----|----|----|----|----|----|----|----|----|----|
***************************************************
best node n226 best error 0.0495117
time = 253706387
area = 859
delay = 42.6
write_blif appntk/wal8_37_0.0495117_859_42.6.blif

round 38
seed = 1567394029 patienceN = 0 patienceM = 0 frameNumber = 64 nLocalPI = 13

0%   10   20   30   40   50   60   70   80   90   100%
|----|----|----|----|----|----|----|----|----|----|
***************************************************
change patienceM
time = 256866817
area = 856
delay = 42.3
write_blif appntk/wal8_38_0.0495117_856_42.3.blif

round 39
seed = 1567394032 patienceN = 0 patienceM = 1 frameNumber = 64 nLocalPI = 13

0%   10   20   30   40   50   60   70   80   90   100%
|----|----|----|----|----|----|----|----|----|----|
***************************************************
change patienceM
time = 260422555
area = 859
delay = 42.4
write_blif appntk/wal8_39_0.0495117_859_42.4.blif

round 40
seed = 1567394036 patienceN = 0 patienceM = 2 frameNumber = 64 nLocalPI = 13

0%   10   20   30   40   50   60   70   80   90   100%
|----|----|----|----|----|----|----|----|----|----|
***************************************************
change patienceM
time = 263573418
area = 856
delay = 42.3
write_blif appntk/wal8_40_0.0495117_856_42.3.blif

round 41
seed = 1567394039 patienceN = 0 patienceM = 0 frameNumber = 64 nLocalPI = 12

0%   10   20   30   40   50   60   70   80   90   100%
|----|----|----|----|----|----|----|----|----|----|
***************************************************
change patienceM
time = 266517561
area = 859
delay = 42.4
write_blif appntk/wal8_41_0.0495117_859_42.4.blif

round 42
seed = 1567394042 patienceN = 0 patienceM = 1 frameNumber = 64 nLocalPI = 12

0%   10   20   30   40   50   60   70   80   90   100%
|----|----|----|----|----|----|----|----|----|----|
***************************************************
change patienceM
time = 269424545
area = 856
delay = 42.3
write_blif appntk/wal8_42_0.0495117_856_42.3.blif

round 43
seed = 1567394045 patienceN = 0 patienceM = 2 frameNumber = 64 nLocalPI = 12

0%   10   20   30   40   50   60   70   80   90   100%
|----|----|----|----|----|----|----|----|----|----|
***************************************************
change patienceM
time = 271615335
area = 859
delay = 42.4
write_blif appntk/wal8_43_0.0495117_859_42.4.blif

round 44
seed = 1567394048 patienceN = 0 patienceM = 0 frameNumber = 64 nLocalPI = 11

0%   10   20   30   40   50   60   70   80   90   100%
|----|----|----|----|----|----|----|----|----|----|
***************************************************
change patienceM
time = 273797460
area = 856
delay = 42.3
write_blif appntk/wal8_44_0.0495117_856_42.3.blif

round 45
seed = 1567394050 patienceN = 0 patienceM = 1 frameNumber = 64 nLocalPI = 11

0%   10   20   30   40   50   60   70   80   90   100%
|----|----|----|----|----|----|----|----|----|----|
***************************************************
change patienceM
time = 276123200
area = 859
delay = 42.4
write_blif appntk/wal8_45_0.0495117_859_42.4.blif

round 46
seed = 1567394052 patienceN = 0 patienceM = 2 frameNumber = 64 nLocalPI = 11

0%   10   20   30   40   50   60   70   80   90   100%
|----|----|----|----|----|----|----|----|----|----|
***************************************************
change patienceM
time = 278350925
area = 856
delay = 42.3
write_blif appntk/wal8_46_0.0495117_856_42.3.blif

round 47
seed = 1567394055 patienceN = 0 patienceM = 0 frameNumber = 64 nLocalPI = 10

0%   10   20   30   40   50   60   70   80   90   100%
|----|----|----|----|----|----|----|----|----|----|
***************************************************
change patienceM
time = 280822143
area = 859
delay = 42.4
write_blif appntk/wal8_47_0.0495117_859_42.4.blif

round 48
seed = 1567394057 patienceN = 0 patienceM = 1 frameNumber = 64 nLocalPI = 10

0%   10   20   30   40   50   60   70   80   90   100%
|----|----|----|----|----|----|----|----|----|----|
***************************************************
change patienceM
time = 283743812
area = 856
delay = 42.3
write_blif appntk/wal8_48_0.0495117_856_42.3.blif

round 49
seed = 1567394059 patienceN = 0 patienceM = 2 frameNumber = 64 nLocalPI = 10

0%   10   20   30   40   50   60   70   80   90   100%
|----|----|----|----|----|----|----|----|----|----|
***************************************************
change patienceM
time = 286609371
area = 859
delay = 42.4
write_blif appntk/wal8_49_0.0495117_859_42.4.blif

round 50
seed = 1567394062 patienceN = 0 patienceM = 0 frameNumber = 64 nLocalPI = 9

0%   10   20   30   40   50   60   70   80   90   100%
|----|----|----|----|----|----|----|----|----|----|
***************************************************
change patienceM
time = 288765432
area = 856
delay = 42.3
write_blif appntk/wal8_50_0.0495117_856_42.3.blif

round 51
seed = 1567394065 patienceN = 0 patienceM = 1 frameNumber = 64 nLocalPI = 9

0%   10   20   30   40   50   60   70   80   90   100%
|----|----|----|----|----|----|----|----|----|----|
***************************************************
change patienceM
time = 290998467
area = 859
delay = 42.4
write_blif appntk/wal8_51_0.0495117_859_42.4.blif

round 52
seed = 1567394067 patienceN = 0 patienceM = 2 frameNumber = 64 nLocalPI = 9

0%   10   20   30   40   50   60   70   80   90   100%
|----|----|----|----|----|----|----|----|----|----|
***************************************************
change patienceM
time = 293080291
area = 856
delay = 42.3
write_blif appntk/wal8_52_0.0495117_856_42.3.blif

round 53
seed = 1567394069 patienceN = 0 patienceM = 0 frameNumber = 64 nLocalPI = 8

0%   10   20   30   40   50   60   70   80   90   100%
|----|----|----|----|----|----|----|----|----|----|
***************************************************
change patienceM
time = 294920074
area = 859
delay = 42.4
write_blif appntk/wal8_53_0.0495117_859_42.4.blif

round 54
seed = 1567394071 patienceN = 0 patienceM = 1 frameNumber = 64 nLocalPI = 8

0%   10   20   30   40   50   60   70   80   90   100%
|----|----|----|----|----|----|----|----|----|----|
***************************************************
change patienceM
time = 297518570
area = 856
delay = 42.3
write_blif appntk/wal8_54_0.0495117_856_42.3.blif

round 55
seed = 1567394073 patienceN = 0 patienceM = 2 frameNumber = 64 nLocalPI = 8

0%   10   20   30   40   50   60   70   80   90   100%
|----|----|----|----|----|----|----|----|----|----|
***************************************************
change patienceM
time = 300156829
area = 859
delay = 42.4
write_blif appntk/wal8_55_0.0495117_859_42.4.blif

round 56
seed = 1567394076 patienceN = 0 patienceM = 0 frameNumber = 64 nLocalPI = 7

0%   10   20   30   40   50   60   70   80   90   100%
|----|----|----|----|----|----|----|----|----|----|
***************************************************
change patienceM
time = 302713644
area = 856
delay = 42.3
write_blif appntk/wal8_56_0.0495117_856_42.3.blif

round 57
seed = 1567394079 patienceN = 0 patienceM = 1 frameNumber = 64 nLocalPI = 7

0%   10   20   30   40   50   60   70   80   90   100%
|----|----|----|----|----|----|----|----|----|----|
***************************************************
change patienceM
time = 305465016
area = 859
delay = 42.4
write_blif appntk/wal8_57_0.0495117_859_42.4.blif

round 58
seed = 1567394081 patienceN = 0 patienceM = 2 frameNumber = 64 nLocalPI = 7

0%   10   20   30   40   50   60   70   80   90   100%
|----|----|----|----|----|----|----|----|----|----|
***************************************************
change patienceM
time = 308394138
area = 856
delay = 42.3
write_blif appntk/wal8_58_0.0495117_856_42.3.blif

round 59
seed = 1567394084 patienceN = 0 patienceM = 0 frameNumber = 64 nLocalPI = 6

0%   10   20   30   40   50   60   70   80   90   100%
|----|----|----|----|----|----|----|----|----|----|
***************************************************
change patienceM
time = 311079809
area = 859
delay = 42.4
write_blif appntk/wal8_59_0.0495117_859_42.4.blif

round 60
seed = 1567394087 patienceN = 0 patienceM = 1 frameNumber = 64 nLocalPI = 6

0%   10   20   30   40   50   60   70   80   90   100%
|----|----|----|----|----|----|----|----|----|----|
***************************************************
change patienceM
time = 313715545
area = 856
delay = 42.3
write_blif appntk/wal8_60_0.0495117_856_42.3.blif

round 61
seed = 1567394090 patienceN = 0 patienceM = 2 frameNumber = 64 nLocalPI = 6

0%   10   20   30   40   50   60   70   80   90   100%
|----|----|----|----|----|----|----|----|----|----|
***************************************************
change patienceM
time = 316409104
area = 859
delay = 42.4
write_blif appntk/wal8_61_0.0495117_859_42.4.blif

round 62
seed = 1567394092 patienceN = 0 patienceM = 0 frameNumber = 64 nLocalPI = 5

0%   10   20   30   40   50   60   70   80   90   100%
|----|----|----|----|----|----|----|----|----|----|
***************************************************
best node n366 best error 0.0500586
time = 318725881
