Entered genlib library with 23 gates from file "data/genlib/mcnc.genlib".
0

0%   10   20   30   40   50   60   70   80   90   100%
|----|----|----|----|----|----|----|----|----|----|
***************************************************
best node n726 best error 0
area = 2477
delay = 17.9
1

0%   10   20   30   40   50   60   70   80   90   100%
|----|----|----|----|----|----|----|----|----|----|
***************************************************
best node n366 best error 0
area = 2430
delay = 17.8
2

0%   10   20   30   40   50   60   70   80   90   100%
|----|----|----|----|----|----|----|----|----|----|
***************************************************
best node n379 best error 0
area = 2462
delay = 18.9
3

0%   10   20   30   40   50   60   70   80   90   100%
|----|----|----|----|----|----|----|----|----|----|
***************************************************
best node n395 best error 0
area = 2479
delay = 18.3
4

0%   10   20   30   40   50   60   70   80   90   100%
|----|----|----|----|----|----|----|----|----|----|
***************************************************
best node n416 best error 0
area = 2427
delay = 18.4
5

0%   10   20   30   40   50   60   70   80   90   100%
|----|----|----|----|----|----|----|----|----|----|
***************************************************
best node n515 best error 0
area = 2462
delay = 18.5
6

0%   10   20   30   40   50   60   70   80   90   100%
|----|----|----|----|----|----|----|----|----|----|
***************************************************
best node n899 best error 0
area = 2460
delay = 16.5
7

0%   10   20   30   40   50   60   70   80   90   100%
|----|----|----|----|----|----|----|----|----|----|
***************************************************
best node n905 best error 0
area = 2469
delay = 16.6
8

0%   10   20   30   40   50   60   70   80   90   100%
|----|----|----|----|----|----|----|----|----|----|
***************************************************
best node n629 best error 0
area = 2440
delay = 18.6
9

0%   10   20   30   40   50   60   70   80   90   100%
|----|----|----|----|----|----|----|----|----|----|
***************************************************
best node n638 best error 0
area = 2443
delay = 19.4
10

0%   10   20   30   40   50   60   70   80   90   100%
|----|----|----|----|----|----|----|----|----|----|
***************************************************
best node n639 best error 0
area = 2429
delay = 18
11

0%   10   20   30   40   50   60   70   80   90   100%
|----|----|----|----|----|----|----|----|----|----|
***************************************************
best node n780 best error 0
area = 2431
delay = 19.6
12

0%   10   20   30   40   50   60   70   80   90   100%
|----|----|----|----|----|----|----|----|----|----|
***************************************************
best node n845 best error 0
area = 2391
delay = 17.1
13

0%   10   20   30   40   50   60   70   80   90   100%
|----|----|----|----|----|----|----|----|----|----|
***************************************************
best node n862 best error 0
area = 2449
delay = 20.1
14

0%   10   20   30   40   50   60   70   80   90   100%
|----|----|----|----|----|----|----|----|----|----|
***************************************************
best node n740_1 best error 0
area = 2403
delay = 16.7
15

0%   10   20   30   40   50   60   70   80   90   100%
|----|----|----|----|----|----|----|----|----|----|
***************************************************
best node n182 best error 3.90625e-05
area = 2459
delay = 18.4
16

0%   10   20   30   40   50   60   70   80   90   100%
|----|----|----|----|----|----|----|----|----|----|
***************************************************
Network does not change, frame number changes to 5120
area = 2386
delay = 18.3
17

0%   10   20   30   40   50   60   70   80   90   100%
|----|----|----|----|----|----|----|----|----|----|
***************************************************
best node n279 best error 0.000185547
area = 2445
delay = 16.8
18

0%   10   20   30   40   50   60   70   80   90   100%
|----|----|----|----|----|----|----|----|----|----|
***************************************************
best node n275 best error 0.000449219
area = 2409
delay = 17.1
19

0%   10   20   30   40   50   60   70   80   90   100%
|----|----|----|----|----|----|----|----|----|----|
***************************************************
best node n283 best error 0.000742187
area = 2434
delay = 17.2
20

0%   10   20   30   40   50   60   70   80   90   100%
|----|----|----|----|----|----|----|----|----|----|
***************************************************
Network does not change, frame number changes to 2560
area = 2394
delay = 18
21

0%   10   20   30   40   50   60   70   80   90   100%
|----|----|----|----|----|----|----|----|----|----|
***************************************************
best node n1 best error 0.000771484
area = 2418
delay = 17.9
22

0%   10   20   30   40   50   60   70   80   90   100%
|----|----|----|----|----|----|----|----|----|----|
***************************************************
best node n734_1 best error 0.000888672
area = 2384
delay = 18.5
23

0%   10   20   30   40   50   60   70   80   90   100%
|----|----|----|----|----|----|----|----|----|----|
***************************************************
best node n773 best error 0.00102539
area = 2432
delay = 17.6
24

0%   10   20   30   40   50   60   70   80   90   100%
|----|----|----|----|----|----|----|----|----|----|
***************************************************
best node n783 best error 0.00154297
area = 2393
delay = 19.4
25

0%   10   20   30   40   50   60   70   80   90   100%
|----|----|----|----|----|----|----|----|----|----|
***************************************************
best node n739 best error 0.00225586
area = 2391
delay = 18.5
26

0%   10   20   30   40   50   60   70   80   90   100%
|----|----|----|----|----|----|----|----|----|----|
***************************************************
best node n270 best error 0.00319336
area = 2387
delay = 19.9
27

0%   10   20   30   40   50   60   70   80   90   100%
|----|----|----|----|----|----|----|----|----|----|
***************************************************
Network does not change, frame number changes to 1280
area = 2401
delay = 17.5
28

0%   10   20   30   40   50   60   70   80   90   100%
|----|----|----|----|----|----|----|----|----|----|
***************************************************
best node n456 best error 0.00319336
area = 2386
delay = 19.6
29

0%   10   20   30   40   50   60   70   80   90   100%
|----|----|----|----|----|----|----|----|----|----|
***************************************************
best node n765 best error 0.00325195
area = 2359
delay = 19.7
30

0%   10   20   30   40   50   60   70   80   90   100%
|----|----|----|----|----|----|----|----|----|----|
***************************************************
best node n156 best error 0.00333984
area = 2358
delay = 18.6
31

0%   10   20   30   40   50   60   70   80   90   100%
|----|----|----|----|----|----|----|----|----|----|
***************************************************
best node n767 best error 0.0034375
area = 2364
delay = 17.4
32

0%   10   20   30   40   50   60   70   80   90   100%
|----|----|----|----|----|----|----|----|----|----|
***************************************************
best node n166 best error 0.00354492
area = 2365
delay = 19
33

0%   10   20   30   40   50   60   70   80   90   100%
|----|----|----|----|----|----|----|----|----|----|
***************************************************
best node n771 best error 0.00366211
area = 2369
delay = 17.7
34

0%   10   20   30   40   50   60   70   80   90   100%
|----|----|----|----|----|----|----|----|----|----|
***************************************************
best node n729 best error 0.00386719
area = 2341
delay = 18.3
35

0%   10   20   30   40   50   60   70   80   90   100%
|----|----|----|----|----|----|----|----|----|----|
***************************************************
best node n730_2 best error 0.00415039
area = 2349
delay = 17.9
36

0%   10   20   30   40   50   60   70   80   90   100%
|----|----|----|----|----|----|----|----|----|----|
***************************************************
best node n725_1 best error 0.00446289
area = 2331
delay = 18.1
37

0%   10   20   30   40   50   60   70   80   90   100%
|----|----|----|----|----|----|----|----|----|----|
***************************************************
best node n790 best error 0.00483398
area = 2350
delay = 17.7
38

0%   10   20   30   40   50   60   70   80   90   100%
|----|----|----|----|----|----|----|----|----|----|
***************************************************
best node n785 best error 0.0052832
area = 2316
delay = 17.8
39

0%   10   20   30   40   50   60   70   80   90   100%
|----|----|----|----|----|----|----|----|----|----|
***************************************************
best node n466 best error 0.00575195
area = 2356
delay = 19.4
40

0%   10   20   30   40   50   60   70   80   90   100%
|----|----|----|----|----|----|----|----|----|----|
***************************************************
best node n912 best error 0.00623047
area = 2290
delay = 19.8
41

0%   10   20   30   40   50   60   70   80   90   100%
|----|----|----|----|----|----|----|----|----|----|
***************************************************
best node n788 best error 0.00692383
area = 2325
delay = 18.3
42

0%   10   20   30   40   50   60   70   80   90   100%
|----|----|----|----|----|----|----|----|----|----|
***************************************************
best node n727 best error 0.00770508
area = 2287
delay = 18.6
43

0%   10   20   30   40   50   60   70   80   90   100%
|----|----|----|----|----|----|----|----|----|----|
***************************************************
best node o_5_ best error 0.00948242
area = 2283
delay = 17.9
44

0%   10   20   30   40   50   60   70   80   90   100%
|----|----|----|----|----|----|----|----|----|----|
***************************************************
best node n611 best error 0.0118652
area = 2221
delay = 19.5
45

0%   10   20   30   40   50   60   70   80   90   100%
|----|----|----|----|----|----|----|----|----|----|
***************************************************
best node n705_1 best error 0.0125684
area = 2269
delay = 17.8
46

0%   10   20   30   40   50   60   70   80   90   100%
|----|----|----|----|----|----|----|----|----|----|
***************************************************
best node n733_1 best error 0.0156348
area = 2256
delay = 18.2
47

0%   10   20   30   40   50   60   70   80   90   100%
|----|----|----|----|----|----|----|----|----|----|
***************************************************
best node n700_1 best error 0.0164746
area = 2257
delay = 17.3
48

0%   10   20   30   40   50   60   70   80   90   100%
|----|----|----|----|----|----|----|----|----|----|
***************************************************
best node n51 best error 0.0176465
area = 2231
delay = 18.1
49

0%   10   20   30   40   50   60   70   80   90   100%
|----|----|----|----|----|----|----|----|----|----|
***************************************************
Network does not change, frame number changes to 640
area = 2256
delay = 18.8
50

0%   10   20   30   40   50   60   70   80   90   100%
|----|----|----|----|----|----|----|----|----|----|
***************************************************
best node n585 best error 0.0176855
area = 2212
delay = 17.7
51

0%   10   20   30   40   50   60   70   80   90   100%
|----|----|----|----|----|----|----|----|----|----|
***************************************************
best node n588 best error 0.0177246
area = 2221
delay = 17.8
52

0%   10   20   30   40   50   60   70   80   90   100%
|----|----|----|----|----|----|----|----|----|----|
***************************************************
best node n581 best error 0.017793
area = 2233
delay = 16.8
53

0%   10   20   30   40   50   60   70   80   90   100%
|----|----|----|----|----|----|----|----|----|----|
***************************************************
best node n597 best error 0.0178516
area = 2220
delay = 17.4
54

0%   10   20   30   40   50   60   70   80   90   100%
|----|----|----|----|----|----|----|----|----|----|
***************************************************
best node n171 best error 0.0179395
area = 2192
delay = 17.9
55

0%   10   20   30   40   50   60   70   80   90   100%
|----|----|----|----|----|----|----|----|----|----|
***************************************************
best node n758 best error 0.0180273
area = 2196
delay = 18.7
56

0%   10   20   30   40   50   60   70   80   90   100%
|----|----|----|----|----|----|----|----|----|----|
***************************************************
best node n846 best error 0.0181152
area = 2189
delay = 17.8
57

0%   10   20   30   40   50   60   70   80   90   100%
|----|----|----|----|----|----|----|----|----|----|
***************************************************
best node n574 best error 0.0182129
area = 2206
delay = 18.4
58

0%   10   20   30   40   50   60   70   80   90   100%
|----|----|----|----|----|----|----|----|----|----|
***************************************************
best node n131 best error 0.0183105
area = 2191
delay = 17.4
59

0%   10   20   30   40   50   60   70   80   90   100%
|----|----|----|----|----|----|----|----|----|----|
***************************************************
best node n721 best error 0.0184082
area = 2212
delay = 18.6
60

0%   10   20   30   40   50   60   70   80   90   100%
|----|----|----|----|----|----|----|----|----|----|
***************************************************
best node n687_3 best error 0.0184082
area = 2179
delay = 17.5
61

0%   10   20   30   40   50   60   70   80   90   100%
|----|----|----|----|----|----|----|----|----|----|
***************************************************
best node n686_1 best error 0.0184863
area = 2163
delay = 17.7
62

0%   10   20   30   40   50   60   70   80   90   100%
|----|----|----|----|----|----|----|----|----|----|
***************************************************
best node n937 best error 0.0186035
area = 2136
delay = 17.4
63

0%   10   20   30   40   50   60   70   80   90   100%
|----|----|----|----|----|----|----|----|----|----|
***************************************************
best node n618 best error 0.0186035
area = 2151
delay = 18.2
64

0%   10   20   30   40   50   60   70   80   90   100%
|----|----|----|----|----|----|----|----|----|----|
***************************************************
best node n133 best error 0.0187305
area = 2126
delay = 19
65

0%   10   20   30   40   50   60   70   80   90   100%
|----|----|----|----|----|----|----|----|----|----|
***************************************************
best node n498 best error 0.0188672
area = 2173
delay = 17.8
66

0%   10   20   30   40   50   60   70   80   90   100%
|----|----|----|----|----|----|----|----|----|----|
***************************************************
best node n732_2 best error 0.0189941
area = 2167
delay = 17.4
67

0%   10   20   30   40   50   60   70   80   90   100%
|----|----|----|----|----|----|----|----|----|----|
***************************************************
best node n514 best error 0.0191406
area = 2159
delay = 17.7
68

0%   10   20   30   40   50   60   70   80   90   100%
|----|----|----|----|----|----|----|----|----|----|
***************************************************
best node n8 best error 0.0192773
area = 2147
delay = 17.3
69

0%   10   20   30   40   50   60   70   80   90   100%
|----|----|----|----|----|----|----|----|----|----|
***************************************************
best node n896 best error 0.0194336
area = 2170
delay = 18
70

0%   10   20   30   40   50   60   70   80   90   100%
|----|----|----|----|----|----|----|----|----|----|
***************************************************
best node n79 best error 0.0196973
area = 2134
delay = 18.1
71

0%   10   20   30   40   50   60   70   80   90   100%
|----|----|----|----|----|----|----|----|----|----|
***************************************************
best node n770 best error 0.0200195
area = 2135
delay = 16.6
72

0%   10   20   30   40   50   60   70   80   90   100%
|----|----|----|----|----|----|----|----|----|----|
***************************************************
best node n5 best error 0.0201855
area = 2052
delay = 17.5
73

0%   10   20   30   40   50   60   70   80   90   100%
|----|----|----|----|----|----|----|----|----|----|
***************************************************
best node n708_3 best error 0.0205273
area = 2115
delay = 19.1
74

0%   10   20   30   40   50   60   70   80   90   100%
|----|----|----|----|----|----|----|----|----|----|
***************************************************
best node n717 best error 0.0202637
area = 2067
delay = 19.3
75

0%   10   20   30   40   50   60   70   80   90   100%
|----|----|----|----|----|----|----|----|----|----|
***************************************************
best node n297 best error 0.0205176
area = 2049
delay = 17.2
76

0%   10   20   30   40   50   60   70   80   90   100%
|----|----|----|----|----|----|----|----|----|----|
***************************************************
best node o_7_ best error 0.0208691
area = 2056
delay = 18.4
77

0%   10   20   30   40   50   60   70   80   90   100%
|----|----|----|----|----|----|----|----|----|----|
***************************************************
best node n698_1 best error 0.0212207
area = 2073
delay = 16.7
78

0%   10   20   30   40   50   60   70   80   90   100%
|----|----|----|----|----|----|----|----|----|----|
***************************************************
best node n747 best error 0.0216699
area = 2013
delay = 18.9
79

0%   10   20   30   40   50   60   70   80   90   100%
|----|----|----|----|----|----|----|----|----|----|
***************************************************
best node n820 best error 0.0221387
area = 2027
delay = 17.4
80

0%   10   20   30   40   50   60   70   80   90   100%
|----|----|----|----|----|----|----|----|----|----|
***************************************************
best node n778 best error 0.0226758
area = 2045
delay = 19.5
81

0%   10   20   30   40   50   60   70   80   90   100%
|----|----|----|----|----|----|----|----|----|----|
***************************************************
best node n714_1 best error 0.0231934
area = 2011
delay = 17.7
82

0%   10   20   30   40   50   60   70   80   90   100%
|----|----|----|----|----|----|----|----|----|----|
***************************************************
best node n94 best error 0.0231934
area = 1984
delay = 19.8
83

0%   10   20   30   40   50   60   70   80   90   100%
|----|----|----|----|----|----|----|----|----|----|
***************************************************
best node n533 best error 0.0237305
area = 2020
delay = 19.3
84

0%   10   20   30   40   50   60   70   80   90   100%
|----|----|----|----|----|----|----|----|----|----|
***************************************************
best node n933 best error 0.0242676
area = 1986
delay = 16.4
85

0%   10   20   30   40   50   60   70   80   90   100%
|----|----|----|----|----|----|----|----|----|----|
***************************************************
best node n651_1 best error 0.0247559
area = 1966
delay = 16.2
86

0%   10   20   30   40   50   60   70   80   90   100%
|----|----|----|----|----|----|----|----|----|----|
***************************************************
best node n792 best error 0.0253125
area = 1989
delay = 16.8
87

0%   10   20   30   40   50   60   70   80   90   100%
|----|----|----|----|----|----|----|----|----|----|
***************************************************
best node n819 best error 0.0259668
area = 1917
delay = 18.3
88

0%   10   20   30   40   50   60   70   80   90   100%
|----|----|----|----|----|----|----|----|----|----|
***************************************************
best node n677_1 best error 0.0265332
area = 1964
delay = 18
89

0%   10   20   30   40   50   60   70   80   90   100%
|----|----|----|----|----|----|----|----|----|----|
***************************************************
best node n754 best error 0.0265332
area = 1971
delay = 17.3
90

0%   10   20   30   40   50   60   70   80   90   100%
|----|----|----|----|----|----|----|----|----|----|
***************************************************
best node n531 best error 0.027207
area = 1938
delay = 16.5
91

0%   10   20   30   40   50   60   70   80   90   100%
|----|----|----|----|----|----|----|----|----|----|
***************************************************
best node n139 best error 0.0279004
area = 1914
delay = 18.7
92

0%   10   20   30   40   50   60   70   80   90   100%
|----|----|----|----|----|----|----|----|----|----|
***************************************************
best node n640_1 best error 0.0279004
area = 1935
delay = 17.6
93

0%   10   20   30   40   50   60   70   80   90   100%
|----|----|----|----|----|----|----|----|----|----|
***************************************************
best node n639 best error 0.0283203
area = 1957
delay = 18.3
94

0%   10   20   30   40   50   60   70   80   90   100%
|----|----|----|----|----|----|----|----|----|----|
***************************************************
best node n791 best error 0.0291797
area = 1889
delay = 17.1
95

0%   10   20   30   40   50   60   70   80   90   100%
|----|----|----|----|----|----|----|----|----|----|
***************************************************
best node n661 best error 0.0301172
area = 1864
delay = 17.3
96

0%   10   20   30   40   50   60   70   80   90   100%
|----|----|----|----|----|----|----|----|----|----|
***************************************************
best node n109 best error 0.0301172
area = 1829
delay = 19.2
97

0%   10   20   30   40   50   60   70   80   90   100%
|----|----|----|----|----|----|----|----|----|----|
***************************************************
best node n681_1 best error 0.0303711
area = 1863
delay = 17.6
98

0%   10   20   30   40   50   60   70   80   90   100%
|----|----|----|----|----|----|----|----|----|----|
***************************************************
best node n668_1 best error 0.0306348
area = 1826
delay = 17.5
99

0%   10   20   30   40   50   60   70   80   90   100%
|----|----|----|----|----|----|----|----|----|----|
***************************************************
best node n170 best error 0.0306348
area = 1801
delay = 18.3
