Entered genlib library with 23 gates from file "data/genlib/mcnc.genlib".
0
Nodes with more than 8 fanins will not be processed.

0%   10   20   30   40   50   60   70   80   90   100%
|----|----|----|----|----|----|----|----|----|----|
***************************************************
best node G421gat best error 0
area = 234
delay = 30.3
1
Nodes with more than 8 fanins will not be processed.

0%   10   20   30   40   50   60   70   80   90   100%
|----|----|----|----|----|----|----|----|----|----|
***************************************************
best node G348gat best error 0
area = 232
delay = 26.8
2
Nodes with more than 8 fanins will not be processed.

0%   10   20   30   40   50   60   70   80   90   100%
|----|----|----|----|----|----|----|----|----|----|
***************************************************
best node G349gat best error 0
area = 253
delay = 29.1
3
Nodes with more than 8 fanins will not be processed.

0%   10   20   30   40   50   60   70   80   90   100%
|----|----|----|----|----|----|----|----|----|----|
***************************************************
best node G350gat best error 0
area = 235
delay = 29.4
4
Nodes with more than 8 fanins will not be processed.

0%   10   20   30   40   50   60   70   80   90   100%
|----|----|----|----|----|----|----|----|----|----|
***************************************************
best node G351gat best error 0
area = 240
delay = 30.2
5
Nodes with more than 8 fanins will not be processed.

0%   10   20   30   40   50   60   70   80   90   100%
|----|----|----|----|----|----|----|----|----|----|
***************************************************
best node G352gat best error 0
area = 246
delay = 29.5
6
Nodes with more than 8 fanins will not be processed.

0%   10   20   30   40   50   60   70   80   90   100%
|----|----|----|----|----|----|----|----|----|----|
***************************************************
best node G353gat best error 0
area = 242
delay = 29.1
7
Nodes with more than 8 fanins will not be processed.

0%   10   20   30   40   50   60   70   80   90   100%
|----|----|----|----|----|----|----|----|----|----|
***************************************************
best node G354gat best error 0
area = 241
delay = 29.9
8
Nodes with more than 8 fanins will not be processed.

0%   10   20   30   40   50   60   70   80   90   100%
|----|----|----|----|----|----|----|----|----|----|
***************************************************
best node G355gat best error 0
area = 241
delay = 29.9
9
Nodes with more than 8 fanins will not be processed.

0%   10   20   30   40   50   60   70   80   90   100%
|----|----|----|----|----|----|----|----|----|----|
***************************************************
best node G356gat best error 0
area = 238
delay = 30.3
10
Nodes with more than 8 fanins will not be processed.

0%   10   20   30   40   50   60   70   80   90   100%
|----|----|----|----|----|----|----|----|----|----|
***************************************************
best node G380gat best error 0
area = 246
delay = 28.1
11
Nodes with more than 8 fanins will not be processed.

0%   10   20   30   40   50   60   70   80   90   100%
|----|----|----|----|----|----|----|----|----|----|
***************************************************
best node G381gat best error 0
area = 246
delay = 28.1
12
Nodes with more than 8 fanins will not be processed.

0%   10   20   30   40   50   60   70   80   90   100%
|----|----|----|----|----|----|----|----|----|----|
***************************************************
best node G386gat best error 0
area = 246
delay = 28.1
13
Nodes with more than 8 fanins will not be processed.

0%   10   20   30   40   50   60   70   80   90   100%
|----|----|----|----|----|----|----|----|----|----|
***************************************************
best node G393gat best error 0
area = 246
delay = 28.1
14
Nodes with more than 8 fanins will not be processed.

0%   10   20   30   40   50   60   70   80   90   100%
|----|----|----|----|----|----|----|----|----|----|
***************************************************
best node G399gat best error 0
area = 246
delay = 28.1
15
Nodes with more than 8 fanins will not be processed.

0%   10   20   30   40   50   60   70   80   90   100%
|----|----|----|----|----|----|----|----|----|----|
***************************************************
best node G404gat best error 0
area = 246
delay = 28.1
16
Nodes with more than 8 fanins will not be processed.

0%   10   20   30   40   50   60   70   80   90   100%
|----|----|----|----|----|----|----|----|----|----|
***************************************************
best node G407gat best error 0
area = 236
delay = 31.4
17
Nodes with more than 8 fanins will not be processed.

0%   10   20   30   40   50   60   70   80   90   100%
|----|----|----|----|----|----|----|----|----|----|
***************************************************
best node G411gat best error 0
area = 236
delay = 31.4
18
Nodes with more than 8 fanins will not be processed.

0%   10   20   30   40   50   60   70   80   90   100%
|----|----|----|----|----|----|----|----|----|----|
***************************************************
best node G414gat best error 0
area = 242
delay = 30.5
19
Nodes with more than 8 fanins will not be processed.

0%   10   20   30   40   50   60   70   80   90   100%
|----|----|----|----|----|----|----|----|----|----|
***************************************************
best node G416gat best error 0
area = 236
delay = 29.3
20
Nodes with more than 8 fanins will not be processed.

0%   10   20   30   40   50   60   70   80   90   100%
|----|----|----|----|----|----|----|----|----|----|
***************************************************
best node G429gat best error 0
area = 234
delay = 29.3
21
Nodes with more than 8 fanins will not be processed.

0%   10   20   30   40   50   60   70   80   90   100%
|----|----|----|----|----|----|----|----|----|----|
***************************************************
Network does not change, frame number changes to 5120
area = 234
delay = 29.3
22
Nodes with more than 8 fanins will not be processed.

0%   10   20   30   40   50   60   70   80   90   100%
|----|----|----|----|----|----|----|----|----|----|
***************************************************
Network does not change, frame number changes to 2560
area = 234
delay = 29.3
23
Nodes with more than 8 fanins will not be processed.

0%   10   20   30   40   50   60   70   80   90   100%
|----|----|----|----|----|----|----|----|----|----|
***************************************************
Network does not change, frame number changes to 1280
area = 234
delay = 29.3
24
Nodes with more than 8 fanins will not be processed.

0%   10   20   30   40   50   60   70   80   90   100%
|----|----|----|----|----|----|----|----|----|----|
***************************************************
Network does not change, frame number changes to 640
area = 234
delay = 29.3
25
Nodes with more than 8 fanins will not be processed.

0%   10   20   30   40   50   60   70   80   90   100%
|----|----|----|----|----|----|----|----|----|----|
***************************************************
Network does not change, frame number changes to 320
area = 234
delay = 29.3
26
Nodes with more than 8 fanins will not be processed.

0%   10   20   30   40   50   60   70   80   90   100%
|----|----|----|----|----|----|----|----|----|----|
***************************************************
best node G428gat best error 0.00774414
area = 237
delay = 28.8
27
Nodes with more than 8 fanins will not be processed.

0%   10   20   30   40   50   60   70   80   90   100%
|----|----|----|----|----|----|----|----|----|----|
***************************************************
Network does not change, frame number changes to 160
area = 237
delay = 28.8
28
Nodes with more than 8 fanins will not be processed.

0%   10   20   30   40   50   60   70   80   90   100%
|----|----|----|----|----|----|----|----|----|----|
***************************************************
best node n149 best error 0.00981445
area = 230
delay = 29.2
29
Nodes with more than 8 fanins will not be processed.

0%   10   20   30   40   50   60   70   80   90   100%
|----|----|----|----|----|----|----|----|----|----|
***************************************************
best node n147 best error 0.0170117
area = 219
delay = 32.1
30
Nodes with more than 8 fanins will not be processed.

0%   10   20   30   40   50   60   70   80   90   100%
|----|----|----|----|----|----|----|----|----|----|
***************************************************
best node n153 best error 0.0241699
area = 231
delay = 29.2
31
Nodes with more than 8 fanins will not be processed.

0%   10   20   30   40   50   60   70   80   90   100%
|----|----|----|----|----|----|----|----|----|----|
***************************************************
best node G432gat best error 0.033584
area = 228
delay = 28.5
32
Nodes with more than 8 fanins will not be processed.

0%   10   20   30   40   50   60   70   80   90   100%
|----|----|----|----|----|----|----|----|----|----|
***************************************************
best node n158 best error 0.0500977
area = 229
delay = 28.1
33
Nodes with more than 8 fanins will not be processed.

0%   10   20   30   40   50   60   70   80   90   100%
|----|----|----|----|----|----|----|----|----|----|
***************************************************
best node n155 best error 0.078291
area = 227
delay = 26.5
34
Nodes with more than 8 fanins will not be processed.

0%   10   20   30   40   50   60   70   80   90   100%
|----|----|----|----|----|----|----|----|----|----|
***************************************************
Network does not change, frame number changes to 80
area = 227
delay = 26.5
35
Nodes with more than 8 fanins will not be processed.

0%   10   20   30   40   50   60   70   80   90   100%
|----|----|----|----|----|----|----|----|----|----|
***************************************************
best node n152 best error 0.0926465
area = 226
delay = 26.7
36
Nodes with more than 8 fanins will not be processed.

0%   10   20   30   40   50   60   70   80   90   100%
|----|----|----|----|----|----|----|----|----|----|
***************************************************
best node n154 best error 0.111357
area = 220
delay = 27.4
37
Nodes with more than 8 fanins will not be processed.

0%   10   20   30   40   50   60   70   80   90   100%
|----|----|----|----|----|----|----|----|----|----|
***************************************************
best node n159 best error 0.133164
area = 222
delay = 26.8
38
Nodes with more than 8 fanins will not be processed.

0%   10   20   30   40   50   60   70   80   90   100%
|----|----|----|----|----|----|----|----|----|----|
***************************************************
best node n163 best error 0.157617
area = 223
delay = 25.3
39
Nodes with more than 8 fanins will not be processed.

0%   10   20   30   40   50   60   70   80   90   100%
|----|----|----|----|----|----|----|----|----|----|
***************************************************
best node n145_1 best error 0.188545
area = 217
delay = 24.7
40
Nodes with more than 8 fanins will not be processed.

0%   10   20   30   40   50   60   70   80   90   100%
|----|----|----|----|----|----|----|----|----|----|
***************************************************
best node G422gat best error 0.750703
area = 216
delay = 25.4
41
Nodes with more than 8 fanins will not be processed.

0%   10   20   30   40   50   60   70   80   90   100%
|----|----|----|----|----|----|----|----|----|----|
***************************************************
Network does not change, frame number changes to 40
area = 216
delay = 25.4
42
[debug assert] src/appMfs.cpp:10: Assertion '(frameNumber >= 64)' failed.
