Entered genlib library with 23 gates from file "data/genlib/mcnc.genlib".
0

0%   10   20   30   40   50   60   70   80   90   100%
|----|----|----|----|----|----|----|----|----|----|
***************************************************
best node sum[17] best error 0
area = 993
delay = 17.5
1

0%   10   20   30   40   50   60   70   80   90   100%
|----|----|----|----|----|----|----|----|----|----|
***************************************************
best node sum[25] best error 0
area = 984
delay = 17.7
2

0%   10   20   30   40   50   60   70   80   90   100%
|----|----|----|----|----|----|----|----|----|----|
***************************************************
best node sum[27] best error 0
area = 978
delay = 17.7
3

0%   10   20   30   40   50   60   70   80   90   100%
|----|----|----|----|----|----|----|----|----|----|
***************************************************
best node sum[28] best error 0
area = 971
delay = 17.6
4

0%   10   20   30   40   50   60   70   80   90   100%
|----|----|----|----|----|----|----|----|----|----|
***************************************************
best node n204 best error 0
area = 972
delay = 18.4
5

0%   10   20   30   40   50   60   70   80   90   100%
|----|----|----|----|----|----|----|----|----|----|
***************************************************
best node n495 best error 0
area = 963
delay = 18.4
6

0%   10   20   30   40   50   60   70   80   90   100%
|----|----|----|----|----|----|----|----|----|----|
***************************************************
best node sum[18] best error 9.76562e-06
area = 971
delay = 19.6
7

0%   10   20   30   40   50   60   70   80   90   100%
|----|----|----|----|----|----|----|----|----|----|
***************************************************
best node sum[19] best error 9.76562e-06
area = 973
delay = 19.6
8

0%   10   20   30   40   50   60   70   80   90   100%
|----|----|----|----|----|----|----|----|----|----|
***************************************************
best node sum[20] best error 9.76562e-06
area = 965
delay = 19.4
9

0%   10   20   30   40   50   60   70   80   90   100%
|----|----|----|----|----|----|----|----|----|----|
***************************************************
best node sum[21] best error 9.76562e-06
area = 966
delay = 19.4
10

0%   10   20   30   40   50   60   70   80   90   100%
|----|----|----|----|----|----|----|----|----|----|
***************************************************
best node sum[22] best error 9.76562e-06
area = 967
delay = 19.4
11

0%   10   20   30   40   50   60   70   80   90   100%
|----|----|----|----|----|----|----|----|----|----|
***************************************************
best node sum[23] best error 9.76562e-06
area = 964
delay = 19.4
12

0%   10   20   30   40   50   60   70   80   90   100%
|----|----|----|----|----|----|----|----|----|----|
***************************************************
best node n512 best error 9.76562e-06
area = 960
delay = 17
13

0%   10   20   30   40   50   60   70   80   90   100%
|----|----|----|----|----|----|----|----|----|----|
***************************************************
best node sum[26] best error 1.95312e-05
area = 957
delay = 17
14

0%   10   20   30   40   50   60   70   80   90   100%
|----|----|----|----|----|----|----|----|----|----|
***************************************************
best node sum[29] best error 2.92969e-05
area = 948
delay = 16.7
15

0%   10   20   30   40   50   60   70   80   90   100%
|----|----|----|----|----|----|----|----|----|----|
***************************************************
best node sum[30] best error 3.90625e-05
area = 943
delay = 17.6
16

0%   10   20   30   40   50   60   70   80   90   100%
|----|----|----|----|----|----|----|----|----|----|
***************************************************
best node sum[31] best error 4.88281e-05
area = 941
delay = 15.8
17

0%   10   20   30   40   50   60   70   80   90   100%
|----|----|----|----|----|----|----|----|----|----|
***************************************************
Network does not change, frame number changes to 5120
area = 941
delay = 15.8
18

0%   10   20   30   40   50   60   70   80   90   100%
|----|----|----|----|----|----|----|----|----|----|
***************************************************
Network does not change, frame number changes to 2560
area = 941
delay = 15.8
19

0%   10   20   30   40   50   60   70   80   90   100%
|----|----|----|----|----|----|----|----|----|----|
***************************************************
Network does not change, frame number changes to 1280
area = 941
delay = 15.8
20

0%   10   20   30   40   50   60   70   80   90   100%
|----|----|----|----|----|----|----|----|----|----|
***************************************************
best node n505 best error 0.0018457
area = 938
delay = 15
21

0%   10   20   30   40   50   60   70   80   90   100%
|----|----|----|----|----|----|----|----|----|----|
***************************************************
best node n504 best error 0.00283203
area = 930
delay = 14.2
22

0%   10   20   30   40   50   60   70   80   90   100%
|----|----|----|----|----|----|----|----|----|----|
***************************************************
best node n546 best error 0.00464844
area = 931
delay = 13.9
23

0%   10   20   30   40   50   60   70   80   90   100%
|----|----|----|----|----|----|----|----|----|----|
***************************************************
best node n548 best error 0.005625
area = 930
delay = 13.9
24

0%   10   20   30   40   50   60   70   80   90   100%
|----|----|----|----|----|----|----|----|----|----|
***************************************************
best node n491 best error 0.00753906
area = 929
delay = 13.9
25

0%   10   20   30   40   50   60   70   80   90   100%
|----|----|----|----|----|----|----|----|----|----|
***************************************************
best node n501 best error 0.00888672
area = 926
delay = 13.9
26

0%   10   20   30   40   50   60   70   80   90   100%
|----|----|----|----|----|----|----|----|----|----|
***************************************************
Network does not change, frame number changes to 640
area = 926
delay = 13.9
27

0%   10   20   30   40   50   60   70   80   90   100%
|----|----|----|----|----|----|----|----|----|----|
***************************************************
best node n497 best error 0.00976562
area = 915
delay = 18
28

0%   10   20   30   40   50   60   70   80   90   100%
|----|----|----|----|----|----|----|----|----|----|
***************************************************
best node n406_2 best error 0.00976562
area = 897
delay = 18
29

0%   10   20   30   40   50   60   70   80   90   100%
|----|----|----|----|----|----|----|----|----|----|
***************************************************
best node n503 best error 0.010957
area = 899
delay = 18
30

0%   10   20   30   40   50   60   70   80   90   100%
|----|----|----|----|----|----|----|----|----|----|
***************************************************
best node n494 best error 0.0123145
area = 895
delay = 18
31

0%   10   20   30   40   50   60   70   80   90   100%
|----|----|----|----|----|----|----|----|----|----|
***************************************************
best node n405_3 best error 0.0122949
area = 887
delay = 18
32

0%   10   20   30   40   50   60   70   80   90   100%
|----|----|----|----|----|----|----|----|----|----|
***************************************************
best node n404_1 best error 0.0123145
area = 889
delay = 18
33

0%   10   20   30   40   50   60   70   80   90   100%
|----|----|----|----|----|----|----|----|----|----|
***************************************************
best node n509 best error 0.01375
area = 887
delay = 18
34

0%   10   20   30   40   50   60   70   80   90   100%
|----|----|----|----|----|----|----|----|----|----|
***************************************************
best node n425 best error 0.015
area = 882
delay = 18
35

0%   10   20   30   40   50   60   70   80   90   100%
|----|----|----|----|----|----|----|----|----|----|
***************************************************
best node n423_1 best error 0.0160254
area = 876
delay = 18
36

0%   10   20   30   40   50   60   70   80   90   100%
|----|----|----|----|----|----|----|----|----|----|
***************************************************
best node n421_1 best error 0.017002
area = 871
delay = 15.3
37

0%   10   20   30   40   50   60   70   80   90   100%
|----|----|----|----|----|----|----|----|----|----|
***************************************************
best node n403_3 best error 0.0181934
area = 867
delay = 15
38

0%   10   20   30   40   50   60   70   80   90   100%
|----|----|----|----|----|----|----|----|----|----|
***************************************************
best node n440 best error 0.0194629
area = 860
delay = 15
39

0%   10   20   30   40   50   60   70   80   90   100%
|----|----|----|----|----|----|----|----|----|----|
***************************************************
best node n436 best error 0.0208105
area = 853
delay = 15
40

0%   10   20   30   40   50   60   70   80   90   100%
|----|----|----|----|----|----|----|----|----|----|
***************************************************
best node n438 best error 0.0215723
area = 848
delay = 15
41

0%   10   20   30   40   50   60   70   80   90   100%
|----|----|----|----|----|----|----|----|----|----|
***************************************************
best node n542 best error 0.0232227
area = 847
delay = 15.5
42

0%   10   20   30   40   50   60   70   80   90   100%
|----|----|----|----|----|----|----|----|----|----|
***************************************************
best node n543 best error 0.0244824
area = 847
delay = 15.5
43

0%   10   20   30   40   50   60   70   80   90   100%
|----|----|----|----|----|----|----|----|----|----|
***************************************************
best node n540 best error 0.0249902
area = 853
delay = 13.6
44

0%   10   20   30   40   50   60   70   80   90   100%
|----|----|----|----|----|----|----|----|----|----|
***************************************************
Network does not change, frame number changes to 320
area = 853
delay = 13.6
45

0%   10   20   30   40   50   60   70   80   90   100%
|----|----|----|----|----|----|----|----|----|----|
***************************************************
best node n465 best error 0.0244629
area = 843
delay = 14.4
46

0%   10   20   30   40   50   60   70   80   90   100%
|----|----|----|----|----|----|----|----|----|----|
***************************************************
best node n403_2 best error 0.0246973
area = 843
delay = 14.4
47

0%   10   20   30   40   50   60   70   80   90   100%
|----|----|----|----|----|----|----|----|----|----|
***************************************************
best node n410_1 best error 0.0246777
area = 832
delay = 14.4
48

0%   10   20   30   40   50   60   70   80   90   100%
|----|----|----|----|----|----|----|----|----|----|
***************************************************
best node sum[9] best error 0.0254297
area = 839
delay = 13.9
49

0%   10   20   30   40   50   60   70   80   90   100%
|----|----|----|----|----|----|----|----|----|----|
***************************************************
best node sum[10] best error 0.026123
area = 846
delay = 13.9
50

0%   10   20   30   40   50   60   70   80   90   100%
|----|----|----|----|----|----|----|----|----|----|
***************************************************
best node sum[11] best error 0.0266797
area = 840
delay = 13.9
51

0%   10   20   30   40   50   60   70   80   90   100%
|----|----|----|----|----|----|----|----|----|----|
***************************************************
best node n429 best error 0.0274414
area = 835
delay = 13.9
52

0%   10   20   30   40   50   60   70   80   90   100%
|----|----|----|----|----|----|----|----|----|----|
***************************************************
best node sum[16] best error 0.0283496
area = 834
delay = 13.9
53

0%   10   20   30   40   50   60   70   80   90   100%
|----|----|----|----|----|----|----|----|----|----|
***************************************************
best node sum[14] best error 0.029082
area = 826
delay = 13.9
54

0%   10   20   30   40   50   60   70   80   90   100%
|----|----|----|----|----|----|----|----|----|----|
***************************************************
Network does not change, frame number changes to 160
area = 826
delay = 13.9
55

0%   10   20   30   40   50   60   70   80   90   100%
|----|----|----|----|----|----|----|----|----|----|
***************************************************
best node n472 best error 0.0279004
area = 821
delay = 13.9
56

0%   10   20   30   40   50   60   70   80   90   100%
|----|----|----|----|----|----|----|----|----|----|
***************************************************
best node sum[15] best error 0.0269824
area = 816
delay = 13.9
57

0%   10   20   30   40   50   60   70   80   90   100%
|----|----|----|----|----|----|----|----|----|----|
***************************************************
best node n507 best error 0.0398437
area = 810
delay = 15.7
58

0%   10   20   30   40   50   60   70   80   90   100%
|----|----|----|----|----|----|----|----|----|----|
***************************************************
best node n408 best error 0.0607031
area = 808
delay = 15.7
59

0%   10   20   30   40   50   60   70   80   90   100%
|----|----|----|----|----|----|----|----|----|----|
***************************************************
best node n363 best error 0.0733984
area = 803
delay = 13.9
60

0%   10   20   30   40   50   60   70   80   90   100%
|----|----|----|----|----|----|----|----|----|----|
***************************************************
Network does not change, frame number changes to 80
area = 803
delay = 13.9
61

0%   10   20   30   40   50   60   70   80   90   100%
|----|----|----|----|----|----|----|----|----|----|
***************************************************
best node n399 best error 0.0719922
area = 803
delay = 13.9
62

0%   10   20   30   40   50   60   70   80   90   100%
|----|----|----|----|----|----|----|----|----|----|
***************************************************
best node n470 best error 0.0707422
area = 793
delay = 13.9
63

0%   10   20   30   40   50   60   70   80   90   100%
|----|----|----|----|----|----|----|----|----|----|
***************************************************
best node n482 best error 0.0704883
area = 793
delay = 13.2
64

0%   10   20   30   40   50   60   70   80   90   100%
|----|----|----|----|----|----|----|----|----|----|
***************************************************
best node n408_1 best error 0.0878027
area = 795
delay = 13.2
65

0%   10   20   30   40   50   60   70   80   90   100%
|----|----|----|----|----|----|----|----|----|----|
***************************************************
best node n361 best error 0.0879395
area = 798
delay = 13.3
66

0%   10   20   30   40   50   60   70   80   90   100%
|----|----|----|----|----|----|----|----|----|----|
***************************************************
best node n372_1 best error 0.106357
area = 793
delay = 13.3
67

0%   10   20   30   40   50   60   70   80   90   100%
|----|----|----|----|----|----|----|----|----|----|
***************************************************
best node n418 best error 0.123848
area = 791
delay = 13.3
68

0%   10   20   30   40   50   60   70   80   90   100%
|----|----|----|----|----|----|----|----|----|----|
***************************************************
best node n392 best error 0.142061
area = 786
delay = 13.3
69

0%   10   20   30   40   50   60   70   80   90   100%
|----|----|----|----|----|----|----|----|----|----|
***************************************************
best node n394_1 best error 0.155742
area = 777
delay = 13.7
70

0%   10   20   30   40   50   60   70   80   90   100%
|----|----|----|----|----|----|----|----|----|----|
***************************************************
best node n413 best error 0.174004
area = 775
delay = 13.7
71

0%   10   20   30   40   50   60   70   80   90   100%
|----|----|----|----|----|----|----|----|----|----|
***************************************************
best node n376_1 best error 0.190244
area = 774
delay = 13.7
72

0%   10   20   30   40   50   60   70   80   90   100%
|----|----|----|----|----|----|----|----|----|----|
***************************************************
best node sum[12] best error 0.2025
area = 767
delay = 13.7
73

0%   10   20   30   40   50   60   70   80   90   100%
|----|----|----|----|----|----|----|----|----|----|
***************************************************
best node sum[7] best error 0.222021
area = 762
delay = 13.7
74

0%   10   20   30   40   50   60   70   80   90   100%
|----|----|----|----|----|----|----|----|----|----|
***************************************************
best node n423 best error 0.242334
area = 762
delay = 13.7
75

0%   10   20   30   40   50   60   70   80   90   100%
|----|----|----|----|----|----|----|----|----|----|
***************************************************
best node n426 best error 0.255615
area = 756
delay = 13.7
76

0%   10   20   30   40   50   60   70   80   90   100%
|----|----|----|----|----|----|----|----|----|----|
***************************************************
best node n421 best error 0.280488
area = 755
delay = 13.7
77

0%   10   20   30   40   50   60   70   80   90   100%
|----|----|----|----|----|----|----|----|----|----|
***************************************************
best node n338 best error 0.28709
area = 755
delay = 13.7
78

0%   10   20   30   40   50   60   70   80   90   100%
|----|----|----|----|----|----|----|----|----|----|
***************************************************
best node n456 best error 0.312031
area = 752
delay = 13.7
79

0%   10   20   30   40   50   60   70   80   90   100%
|----|----|----|----|----|----|----|----|----|----|
***************************************************
best node n416 best error 0.339111
area = 756
delay = 13.7
80

0%   10   20   30   40   50   60   70   80   90   100%
|----|----|----|----|----|----|----|----|----|----|
***************************************************
best node n410 best error 0.36668
area = 756
delay = 13.7
81

0%   10   20   30   40   50   60   70   80   90   100%
|----|----|----|----|----|----|----|----|----|----|
***************************************************
best node n311 best error 0.394521
area = 756
delay = 13.7
82

0%   10   20   30   40   50   60   70   80   90   100%
|----|----|----|----|----|----|----|----|----|----|
***************************************************
best node n406 best error 0.433428
area = 754
delay = 13.7
83

0%   10   20   30   40   50   60   70   80   90   100%
|----|----|----|----|----|----|----|----|----|----|
***************************************************
best node n212 best error 0.473018
area = 753
delay = 13.7
84

0%   10   20   30   40   50   60   70   80   90   100%
|----|----|----|----|----|----|----|----|----|----|
***************************************************
best node n404 best error 0.518105
area = 748
delay = 14.3
85

0%   10   20   30   40   50   60   70   80   90   100%
|----|----|----|----|----|----|----|----|----|----|
***************************************************
Network does not change, frame number changes to 40
area = 748
delay = 14.3
86
[debug assert] src/appMfs.cpp:10: Assertion '(frameNumber >= 64)' failed.
