Entered genlib library with 23 gates from file "data/genlib/mcnc.genlib".
Nodes = 136. Try = 113. Resub = 10. Div = 7322. SAT calls = 375. Timeouts = 0. MaxDivs = 0.
Attempts :   Remove      4 out of    214 (  1.87 %)   Resub       6 out of     72 (  8.33 %)   
Reduction:   Nodes       8 out of    136 (  5.88 %)   Edges      16 out of    272 (  5.88 %)   
Win =     0.00 sec (  1.09 %)
Div =     0.00 sec (  2.63 %)
Aig =     0.00 sec (  3.10 %)
Gia =     0.00 sec (  0.00 %)
Cnf =     0.00 sec (  0.62 %)
Sat =     0.02 sec ( 47.62 %)
Int =     0.00 sec ( 10.61 %)
ALL =     0.04 sec (100.00 %)
round 0

0%   10   20   30   40   50   60   70   80   90   100%
|----|----|----|----|----|----|----|----|----|----|
seed = 1566899930 patience = 0
***************************************************
best node n165 best error 0.00207031
time = 2060285
c432_0_0.00207031
area = 218
delay = 28.2
write_blif appntk/c432_0_0.00207031_218_28.2.blif
sis -x -c "read_library data/genlib/mcnc.genlib;read_blif appntk/c432_0_0.00207031_218_28.2.blif;print_map_stats" | grep -e "Most Negative Slack" -e "Total Area"
"appntk/c432_0_0.00207031_218_28.2.blif", line 9: .and_gate_delay 1.9
Total Area		= 218.00
Most Negative Slack	= -47.00
Nodes = 119. Try = 104. Resub = 0. Div = 6975. SAT calls = 379. Timeouts = 0. MaxDivs = 0.
Attempts :   Remove      0 out of    208 (  0.00 %)   Resub       0 out of     76 (  0.00 %)   
Reduction:   Nodes       0 out of    119 (  0.00 %)   Edges       0 out of    238 (  0.00 %)   
Win =     0.00 sec (  1.18 %)
Div =     0.00 sec (  2.85 %)
Aig =     0.00 sec (  3.25 %)
Gia =     0.00 sec (  0.00 %)
Cnf =     0.00 sec (  0.68 %)
Sat =     0.02 sec ( 55.01 %)
Int =     0.00 sec (  0.00 %)
ALL =     0.03 sec (100.00 %)
round 1

0%   10   20   30   40   50   60   70   80   90   100%
|----|----|----|----|----|----|----|----|----|----|
seed = 1566899932 patience = 0
***************************************************
best node n159 best error 0.00207031
time = 3696043
c432_1_0.00207031
area = 216
delay = 28.2
write_blif appntk/c432_1_0.00207031_216_28.2.blif
sis -x -c "read_library data/genlib/mcnc.genlib;read_blif appntk/c432_1_0.00207031_216_28.2.blif;print_map_stats" | grep -e "Most Negative Slack" -e "Total Area"
"appntk/c432_1_0.00207031_216_28.2.blif", line 9: .and_gate_delay 1.9
Total Area		= 216.00
Most Negative Slack	= -46.60
Nodes = 118. Try = 104. Resub = 0. Div = 6974. SAT calls = 388. Timeouts = 0. MaxDivs = 0.
Attempts :   Remove      0 out of    208 (  0.00 %)   Resub       0 out of     76 (  0.00 %)   
Reduction:   Nodes       0 out of    118 (  0.00 %)   Edges       0 out of    236 (  0.00 %)   
Win =     0.00 sec (  1.18 %)
Div =     0.00 sec (  2.74 %)
Aig =     0.00 sec (  3.15 %)
Gia =     0.00 sec (  0.00 %)
Cnf =     0.00 sec (  0.65 %)
Sat =     0.02 sec ( 56.03 %)
Int =     0.00 sec (  0.00 %)
ALL =     0.04 sec (100.00 %)
round 2

0%   10   20   30   40   50   60   70   80   90   100%
|----|----|----|----|----|----|----|----|----|----|
seed = 1566899934 patience = 0
***************************************************
best node n160 best error 0.00966797
time = 5431071
c432_2_0.00966797
area = 209
delay = 29.2
write_blif appntk/c432_2_0.00966797_209_29.2.blif
sis -x -c "read_library data/genlib/mcnc.genlib;read_blif appntk/c432_2_0.00966797_209_29.2.blif;print_map_stats" | grep -e "Most Negative Slack" -e "Total Area"
"appntk/c432_2_0.00966797_209_29.2.blif", line 9: .and_gate_delay 1.9
Total Area		= 209.00
Most Negative Slack	= -47.70
Nodes = 116. Try = 104. Resub = 0. Div = 6990. SAT calls = 381. Timeouts = 0. MaxDivs = 0.
Attempts :   Remove      0 out of    208 (  0.00 %)   Resub       0 out of     76 (  0.00 %)   
Reduction:   Nodes       0 out of    116 (  0.00 %)   Edges       0 out of    232 (  0.00 %)   
Win =     0.00 sec (  1.16 %)
Div =     0.00 sec (  2.88 %)
Aig =     0.00 sec (  3.23 %)
Gia =     0.00 sec (  0.00 %)
Cnf =     0.00 sec (  0.69 %)
Sat =     0.02 sec ( 56.19 %)
Int =     0.00 sec (  0.00 %)
ALL =     0.03 sec (100.00 %)
round 3

0%   10   20   30   40   50   60   70   80   90   100%
|----|----|----|----|----|----|----|----|----|----|
seed = 1566899935 patience = 0
***************************************************
best node n73 best error 0.0178418
time = 6821699
c432_3_0.0178418
area = 210
delay = 27
write_blif appntk/c432_3_0.0178418_210_27.blif
sis -x -c "read_library data/genlib/mcnc.genlib;read_blif appntk/c432_3_0.0178418_210_27.blif;print_map_stats" | grep -e "Most Negative Slack" -e "Total Area"
"appntk/c432_3_0.0178418_210_27.blif", line 9: .and_gate_delay 1.9
Total Area		= 210.00
Most Negative Slack	= -45.30
Nodes = 114. Try = 102. Resub = 0. Div = 6709. SAT calls = 380. Timeouts = 0. MaxDivs = 0.
Attempts :   Remove      0 out of    204 (  0.00 %)   Resub       0 out of     74 (  0.00 %)   
Reduction:   Nodes       0 out of    114 (  0.00 %)   Edges       0 out of    228 (  0.00 %)   
Win =     0.00 sec (  1.14 %)
Div =     0.00 sec (  2.80 %)
Aig =     0.00 sec (  3.03 %)
Gia =     0.00 sec (  0.00 %)
Cnf =     0.00 sec (  0.68 %)
Sat =     0.02 sec ( 53.91 %)
Int =     0.00 sec (  0.00 %)
ALL =     0.03 sec (100.00 %)
round 4

0%   10   20   30   40   50   60   70   80   90   100%
|----|----|----|----|----|----|----|----|----|----|
seed = 1566899937 patience = 0
***************************************************
best node n153 best error 0.0248828
time = 8260613
c432_4_0.0248828
area = 211
delay = 25.6
write_blif appntk/c432_4_0.0248828_211_25.6.blif
sis -x -c "read_library data/genlib/mcnc.genlib;read_blif appntk/c432_4_0.0248828_211_25.6.blif;print_map_stats" | grep -e "Most Negative Slack" -e "Total Area"
"appntk/c432_4_0.0248828_211_25.6.blif", line 9: .and_gate_delay 1.9
Total Area		= 211.00
Most Negative Slack	= -43.30
Nodes = 113. Try = 102. Resub = 0. Div = 6675. SAT calls = 379. Timeouts = 0. MaxDivs = 0.
Attempts :   Remove      0 out of    204 (  0.00 %)   Resub       0 out of     74 (  0.00 %)   
Reduction:   Nodes       0 out of    113 (  0.00 %)   Edges       0 out of    226 (  0.00 %)   
Win =     0.00 sec (  1.14 %)
Div =     0.00 sec (  2.87 %)
Aig =     0.00 sec (  3.11 %)
Gia =     0.00 sec (  0.00 %)
Cnf =     0.00 sec (  0.70 %)
Sat =     0.02 sec ( 55.84 %)
Int =     0.00 sec (  0.00 %)
ALL =     0.03 sec (100.00 %)
round 5

0%   10   20   30   40   50   60   70   80   90   100%
|----|----|----|----|----|----|----|----|----|----|
seed = 1566899938 patience = 0
***************************************************
best node n147 best error 0.0367187
time = 9593367
c432_5_0.0367187
area = 203
delay = 27.8
write_blif appntk/c432_5_0.0367187_203_27.8.blif
sis -x -c "read_library data/genlib/mcnc.genlib;read_blif appntk/c432_5_0.0367187_203_27.8.blif;print_map_stats" | grep -e "Most Negative Slack" -e "Total Area"
"appntk/c432_5_0.0367187_203_27.8.blif", line 9: .and_gate_delay 1.9
Total Area		= 203.00
Most Negative Slack	= -46.10
Nodes = 111. Try = 100. Resub = 0. Div = 6418. SAT calls = 359. Timeouts = 0. MaxDivs = 0.
Attempts :   Remove      0 out of    200 (  0.00 %)   Resub       0 out of     72 (  0.00 %)   
Reduction:   Nodes       0 out of    111 (  0.00 %)   Edges       0 out of    222 (  0.00 %)   
Win =     0.00 sec (  1.24 %)
Div =     0.00 sec (  2.95 %)
Aig =     0.00 sec (  3.19 %)
Gia =     0.00 sec (  0.00 %)
Cnf =     0.00 sec (  0.67 %)
Sat =     0.02 sec ( 55.27 %)
Int =     0.00 sec (  0.00 %)
ALL =     0.03 sec (100.00 %)
round 6

0%   10   20   30   40   50   60   70   80   90   100%
|----|----|----|----|----|----|----|----|----|----|
seed = 1566899940 patience = 0
***************************************************
best node n151 best error 0.051377
time = 10997908
