Entered genlib library with 23 gates from file "data/genlib/mcnc.genlib".
Nodes = 1321. Try = 1245. Resub = 4. Div = 63462. SAT calls = 5295. Timeouts = 0. MaxDivs = 17.
Attempts :   Remove      0 out of   2486 (  0.00 %)   Resub       4 out of    868 (  0.46 %)   
Reduction:   Nodes       5 out of   1321 (  0.38 %)   Edges      10 out of   2610 (  0.38 %)   
Win =     0.00 sec (  1.02 %)
Div =     0.02 sec (  3.70 %)
Aig =     0.01 sec (  3.18 %)
Gia =     0.00 sec (  0.00 %)
Cnf =     0.00 sec (  0.55 %)
Sat =     0.27 sec ( 58.45 %)
Int =     0.00 sec (  0.58 %)
ALL =     0.46 sec (100.00 %)
round 0

0%   10   20   30   40   50   60   70   80   90   100%
|----|----|----|----|----|----|----|----|----|----|
seed = 1566899930 patience = 0
***************************************************
best node n668 best error 0
time = 35480091
c5315_0_0
area = 2305
delay = 30.2
write_blif appntk/c5315_0_0_2305_30.2.blif
sis -x -c "read_library data/genlib/mcnc.genlib;read_blif appntk/c5315_0_0_2305_30.2.blif;print_map_stats" | grep -e "Most Negative Slack" -e "Total Area"
"appntk/c5315_0_0_2305_30.2.blif", line 23: .and_gate_delay 1.9
Total Area		= 2305.00
Most Negative Slack	= -46.00
Nodes = 1304. Try = 1233. Resub = 0. Div = 62587. SAT calls = 5266. Timeouts = 0. MaxDivs = 18.
Attempts :   Remove      0 out of   2466 (  0.00 %)   Resub       0 out of    861 (  0.00 %)   
Reduction:   Nodes       0 out of   1304 (  0.00 %)   Edges       0 out of   2576 (  0.00 %)   
Win =     0.00 sec (  1.01 %)
Div =     0.02 sec (  3.61 %)
Aig =     0.01 sec (  3.12 %)
Gia =     0.00 sec (  0.00 %)
Cnf =     0.00 sec (  0.54 %)
Sat =     0.25 sec ( 59.56 %)
Int =     0.00 sec (  0.00 %)
ALL =     0.42 sec (100.00 %)
round 1

0%   10   20   30   40   50   60   70   80   90   100%
|----|----|----|----|----|----|----|----|----|----|
seed = 1566899967 patience = 0
***************************************************
best node n553 best error 0.0019043
time = 67972422
c5315_1_0.0019043
area = 2307
delay = 30.3
write_blif appntk/c5315_1_0.0019043_2307_30.3.blif
sis -x -c "read_library data/genlib/mcnc.genlib;read_blif appntk/c5315_1_0.0019043_2307_30.3.blif;print_map_stats" | grep -e "Most Negative Slack" -e "Total Area"
"appntk/c5315_1_0.0019043_2307_30.3.blif", line 23: .and_gate_delay 1.9
Total Area		= 2307.00
Most Negative Slack	= -48.90
Nodes = 1300. Try = 1228. Resub = 2. Div = 61405. SAT calls = 5150. Timeouts = 0. MaxDivs = 13.
Attempts :   Remove      0 out of   2454 (  0.00 %)   Resub       2 out of    849 (  0.24 %)   
Reduction:   Nodes       2 out of   1300 (  0.15 %)   Edges       4 out of   2565 (  0.16 %)   
Win =     0.00 sec (  1.04 %)
Div =     0.01 sec (  3.63 %)
Aig =     0.01 sec (  2.94 %)
Gia =     0.00 sec (  0.00 %)
Cnf =     0.00 sec (  0.57 %)
Sat =     0.19 sec ( 61.90 %)
Int =     0.00 sec (  0.21 %)
ALL =     0.30 sec (100.00 %)
round 2

0%   10   20   30   40   50   60   70   80   90   100%
|----|----|----|----|----|----|----|----|----|----|
seed = 1566899999 patience = 0
***************************************************
best node n903 best error 0.00310547
time = 101048250
c5315_2_0.00310547
area = 2301
delay = 28.2
write_blif appntk/c5315_2_0.00310547_2301_28.2.blif
sis -x -c "read_library data/genlib/mcnc.genlib;read_blif appntk/c5315_2_0.00310547_2301_28.2.blif;print_map_stats" | grep -e "Most Negative Slack" -e "Total Area"
"appntk/c5315_2_0.00310547_2301_28.2.blif", line 23: .and_gate_delay 1.9
Total Area		= 2301.00
Most Negative Slack	= -45.60
Nodes = 1288. Try = 1222. Resub = 0. Div = 62518. SAT calls = 5241. Timeouts = 0. MaxDivs = 22.
Attempts :   Remove      0 out of   2444 (  0.00 %)   Resub       0 out of    856 (  0.00 %)   
Reduction:   Nodes       0 out of   1288 (  0.00 %)   Edges       0 out of   2539 (  0.00 %)   
Win =     0.00 sec (  1.06 %)
Div =     0.01 sec (  3.61 %)
Aig =     0.01 sec (  2.97 %)
Gia =     0.00 sec (  0.00 %)
Cnf =     0.00 sec (  0.59 %)
Sat =     0.19 sec ( 61.43 %)
Int =     0.00 sec (  0.00 %)
ALL =     0.31 sec (100.00 %)
round 3

0%   10   20   30   40   50   60   70   80   90   100%
|----|----|----|----|----|----|----|----|----|----|
seed = 1566900032 patience = 0
***************************************************
best node n1067 best error 0.00379883
time = 133401075
c5315_3_0.00379883
area = 2298
delay = 31.4
write_blif appntk/c5315_3_0.00379883_2298_31.4.blif
sis -x -c "read_library data/genlib/mcnc.genlib;read_blif appntk/c5315_3_0.00379883_2298_31.4.blif;print_map_stats" | grep -e "Most Negative Slack" -e "Total Area"
"appntk/c5315_3_0.00379883_2298_31.4.blif", line 23: .and_gate_delay 1.9
Total Area		= 2298.00
Most Negative Slack	= -50.30
Nodes = 1287. Try = 1221. Resub = 0. Div = 62169. SAT calls = 5223. Timeouts = 0. MaxDivs = 22.
Attempts :   Remove      0 out of   2442 (  0.00 %)   Resub       0 out of    854 (  0.00 %)   
Reduction:   Nodes       0 out of   1287 (  0.00 %)   Edges       0 out of   2537 (  0.00 %)   
Win =     0.00 sec (  1.05 %)
Div =     0.01 sec (  3.70 %)
Aig =     0.01 sec (  2.96 %)
Gia =     0.00 sec (  0.00 %)
Cnf =     0.00 sec (  0.59 %)
Sat =     0.19 sec ( 62.25 %)
Int =     0.00 sec (  0.00 %)
ALL =     0.31 sec (100.00 %)
round 4

0%   10   20   30   40   50   60   70   80   90   100%
|----|----|----|----|----|----|----|----|----|----|
seed = 1566900065 patience = 0
***************************************************
best node n542 best error 0.00466797
time = 160099859
c5315_4_0.00466797
area = 2286
delay = 31.3
write_blif appntk/c5315_4_0.00466797_2286_31.3.blif
sis -x -c "read_library data/genlib/mcnc.genlib;read_blif appntk/c5315_4_0.00466797_2286_31.3.blif;print_map_stats" | grep -e "Most Negative Slack" -e "Total Area"
"appntk/c5315_4_0.00466797_2286_31.3.blif", line 23: .and_gate_delay 1.9
Total Area		= 2286.00
Most Negative Slack	= -50.70
Nodes = 1286. Try = 1220. Resub = 0. Div = 61235. SAT calls = 5240. Timeouts = 0. MaxDivs = 21.
Attempts :   Remove      0 out of   2440 (  0.00 %)   Resub       0 out of    854 (  0.00 %)   
Reduction:   Nodes       0 out of   1286 (  0.00 %)   Edges       0 out of   2535 (  0.00 %)   
Win =     0.00 sec (  1.07 %)
Div =     0.01 sec (  3.72 %)
Aig =     0.01 sec (  2.94 %)
Gia =     0.00 sec (  0.00 %)
Cnf =     0.00 sec (  0.59 %)
Sat =     0.19 sec ( 62.87 %)
Int =     0.00 sec (  0.00 %)
ALL =     0.30 sec (100.00 %)
round 5

0%   10   20   30   40   50   60   70   80   90   100%
|----|----|----|----|----|----|----|----|----|----|
seed = 1566900091 patience = 0
***************************************************
best node n540 best error 0.00574219
time = 187092532
c5315_5_0.00574219
area = 2282
delay = 32.6
write_blif appntk/c5315_5_0.00574219_2282_32.6.blif
sis -x -c "read_library data/genlib/mcnc.genlib;read_blif appntk/c5315_5_0.00574219_2282_32.6.blif;print_map_stats" | grep -e "Most Negative Slack" -e "Total Area"
"appntk/c5315_5_0.00574219_2282_32.6.blif", line 23: .and_gate_delay 1.9
Total Area		= 2282.00
Most Negative Slack	= -50.70
Nodes = 1285. Try = 1218. Resub = 0. Div = 61162. SAT calls = 5222. Timeouts = 0. MaxDivs = 21.
Attempts :   Remove      0 out of   2436 (  0.00 %)   Resub       0 out of    854 (  0.00 %)   
Reduction:   Nodes       0 out of   1285 (  0.00 %)   Edges       0 out of   2530 (  0.00 %)   
Win =     0.00 sec (  1.06 %)
Div =     0.01 sec (  3.73 %)
Aig =     0.01 sec (  2.99 %)
Gia =     0.00 sec (  0.00 %)
Cnf =     0.00 sec (  0.58 %)
Sat =     0.19 sec ( 63.14 %)
Int =     0.00 sec (  0.00 %)
ALL =     0.30 sec (100.00 %)
round 6

0%   10   20   30   40   50   60   70   80   90   100%
|----|----|----|----|----|----|----|----|----|----|
seed = 1566900118 patience = 0
***************************************************
best node n880 best error 0.00758789
time = 213476710
c5315_6_0.00758789
area = 2276
delay = 31.2
write_blif appntk/c5315_6_0.00758789_2276_31.2.blif
sis -x -c "read_library data/genlib/mcnc.genlib;read_blif appntk/c5315_6_0.00758789_2276_31.2.blif;print_map_stats" | grep -e "Most Negative Slack" -e "Total Area"
"appntk/c5315_6_0.00758789_2276_31.2.blif", line 23: .and_gate_delay 1.9
Total Area		= 2276.00
Most Negative Slack	= -47.80
Nodes = 1283. Try = 1217. Resub = 2. Div = 60829. SAT calls = 5237. Timeouts = 0. MaxDivs = 22.
Attempts :   Remove      0 out of   2432 (  0.00 %)   Resub       2 out of    853 (  0.23 %)   
Reduction:   Nodes       2 out of   1283 (  0.16 %)   Edges       4 out of   2526 (  0.16 %)   
Win =     0.00 sec (  1.07 %)
Div =     0.01 sec (  3.67 %)
Aig =     0.01 sec (  2.94 %)
Gia =     0.00 sec (  0.00 %)
Cnf =     0.00 sec (  0.58 %)
Sat =     0.19 sec ( 62.22 %)
Int =     0.00 sec (  0.29 %)
ALL =     0.30 sec (100.00 %)
round 7

0%   10   20   30   40   50   60   70   80   90   100%
|----|----|----|----|----|----|----|----|----|----|
seed = 1566900145 patience = 0
***************************************************
best node n880 best error 0.00668945
time = 240095022
c5315_7_0.00668945
area = 2275
delay = 31.6
write_blif appntk/c5315_7_0.00668945_2275_31.6.blif
sis -x -c "read_library data/genlib/mcnc.genlib;read_blif appntk/c5315_7_0.00668945_2275_31.6.blif;print_map_stats" | grep -e "Most Negative Slack" -e "Total Area"
"appntk/c5315_7_0.00668945_2275_31.6.blif", line 23: .and_gate_delay 1.9
Total Area		= 2275.00
Most Negative Slack	= -51.00
Nodes = 1278. Try = 1210. Resub = 0. Div = 60681. SAT calls = 5255. Timeouts = 0. MaxDivs = 22.
Attempts :   Remove      0 out of   2420 (  0.00 %)   Resub       0 out of    853 (  0.00 %)   
Reduction:   Nodes       0 out of   1278 (  0.00 %)   Edges       0 out of   2514 (  0.00 %)   
Win =     0.00 sec (  1.02 %)
Div =     0.01 sec (  3.62 %)
Aig =     0.01 sec (  2.89 %)
Gia =     0.00 sec (  0.00 %)
Cnf =     0.00 sec (  0.56 %)
Sat =     0.19 sec ( 62.58 %)
Int =     0.00 sec (  0.00 %)
ALL =     0.30 sec (100.00 %)
round 8

0%   10   20   30   40   50   60   70   80   90   100%
|----|----|----|----|----|----|----|----|----|----|
seed = 1566900171 patience = 0
***************************************************
best node n1071 best error 0.0139062
time = 264997964
c5315_8_0.0139062
area = 2244
delay = 29.1
write_blif appntk/c5315_8_0.0139062_2244_29.1.blif
sis -x -c "read_library data/genlib/mcnc.genlib;read_blif appntk/c5315_8_0.0139062_2244_29.1.blif;print_map_stats" | grep -e "Most Negative Slack" -e "Total Area"
"appntk/c5315_8_0.0139062_2244_29.1.blif", line 23: .and_gate_delay 1.9
Total Area		= 2244.00
Most Negative Slack	= -45.20
Nodes = 1276. Try = 1208. Resub = 0. Div = 59917. SAT calls = 5282. Timeouts = 0. MaxDivs = 21.
Attempts :   Remove      0 out of   2416 (  0.00 %)   Resub       0 out of    850 (  0.00 %)   
Reduction:   Nodes       0 out of   1276 (  0.00 %)   Edges       0 out of   2510 (  0.00 %)   
Win =     0.00 sec (  1.05 %)
Div =     0.01 sec (  3.62 %)
Aig =     0.01 sec (  2.89 %)
Gia =     0.00 sec (  0.00 %)
Cnf =     0.00 sec (  0.56 %)
Sat =     0.19 sec ( 62.09 %)
Int =     0.00 sec (  0.00 %)
ALL =     0.30 sec (100.00 %)
round 9

0%   10   20   30   40   50   60   70   80   90   100%
|----|----|----|----|----|----|----|----|----|----|
seed = 1566900196 patience = 0
***************************************************
best node n710 best error 0.015332
time = 290395439
c5315_9_0.015332
area = 2259
delay = 32
write_blif appntk/c5315_9_0.015332_2259_32.blif
sis -x -c "read_library data/genlib/mcnc.genlib;read_blif appntk/c5315_9_0.015332_2259_32.blif;print_map_stats" | grep -e "Most Negative Slack" -e "Total Area"
"appntk/c5315_9_0.015332_2259_32.blif", line 23: .and_gate_delay 1.9
Total Area		= 2259.00
Most Negative Slack	= -51.80
Nodes = 1273. Try = 1213. Resub = 0. Div = 60785. SAT calls = 5232. Timeouts = 0. MaxDivs = 29.
Attempts :   Remove      0 out of   2426 (  0.00 %)   Resub       0 out of    864 (  0.00 %)   
Reduction:   Nodes       0 out of   1273 (  0.00 %)   Edges       0 out of   2504 (  0.00 %)   
Win =     0.00 sec (  1.05 %)
Div =     0.01 sec (  3.66 %)
Aig =     0.01 sec (  2.87 %)
Gia =     0.00 sec (  0.00 %)
Cnf =     0.00 sec (  0.58 %)
Sat =     0.19 sec ( 62.23 %)
Int =     0.00 sec (  0.00 %)
ALL =     0.31 sec (100.00 %)
round 10

0%   10   20   30   40   50   60   70   80   90   100%
|----|----|----|----|----|----|----|----|----|----|
seed = 1566900222 patience = 0
***************************************************
best node n1054 best error 0.0162891
time = 316668184
c5315_10_0.0162891
area = 2252
delay = 30.5
write_blif appntk/c5315_10_0.0162891_2252_30.5.blif
sis -x -c "read_library data/genlib/mcnc.genlib;read_blif appntk/c5315_10_0.0162891_2252_30.5.blif;print_map_stats" | grep -e "Most Negative Slack" -e "Total Area"
"appntk/c5315_10_0.0162891_2252_30.5.blif", line 23: .and_gate_delay 1.9
Total Area		= 2252.00
Most Negative Slack	= -49.60
Nodes = 1272. Try = 1212. Resub = 0. Div = 60647. SAT calls = 5265. Timeouts = 0. MaxDivs = 30.
Attempts :   Remove      0 out of   2424 (  0.00 %)   Resub       0 out of    864 (  0.00 %)   
Reduction:   Nodes       0 out of   1272 (  0.00 %)   Edges       0 out of   2502 (  0.00 %)   
Win =     0.00 sec (  1.09 %)
Div =     0.01 sec (  3.68 %)
Aig =     0.01 sec (  2.92 %)
Gia =     0.00 sec (  0.00 %)
Cnf =     0.00 sec (  0.60 %)
Sat =     0.19 sec ( 62.28 %)
Int =     0.00 sec (  0.00 %)
ALL =     0.30 sec (100.00 %)
round 11

0%   10   20   30   40   50   60   70   80   90   100%
|----|----|----|----|----|----|----|----|----|----|
seed = 1566900248 patience = 0
***************************************************
best node n1054 best error 0.0168652
time = 342474801
c5315_11_0.0168652
area = 2234
delay = 30.8
write_blif appntk/c5315_11_0.0168652_2234_30.8.blif
sis -x -c "read_library data/genlib/mcnc.genlib;read_blif appntk/c5315_11_0.0168652_2234_30.8.blif;print_map_stats" | grep -e "Most Negative Slack" -e "Total Area"
"appntk/c5315_11_0.0168652_2234_30.8.blif", line 23: .and_gate_delay 1.9
Total Area		= 2234.00
Most Negative Slack	= -50.30
Nodes = 1268. Try = 1207. Resub = 0. Div = 60109. SAT calls = 5141. Timeouts = 0. MaxDivs = 30.
Attempts :   Remove      0 out of   2414 (  0.00 %)   Resub       0 out of    859 (  0.00 %)   
Reduction:   Nodes       0 out of   1268 (  0.00 %)   Edges       0 out of   2492 (  0.00 %)   
Win =     0.00 sec (  1.07 %)
Div =     0.01 sec (  3.69 %)
Aig =     0.01 sec (  2.98 %)
Gia =     0.00 sec (  0.00 %)
Cnf =     0.00 sec (  0.59 %)
Sat =     0.18 sec ( 62.44 %)
Int =     0.00 sec (  0.00 %)
ALL =     0.29 sec (100.00 %)
round 12

0%   10   20   30   40   50   60   70   80   90   100%
|----|----|----|----|----|----|----|----|----|----|
seed = 1566900274 patience = 0
***************************************************
best node n773 best error 0.0205859
time = 367553906
c5315_12_0.0205859
area = 2234
delay = 30.5
write_blif appntk/c5315_12_0.0205859_2234_30.5.blif
sis -x -c "read_library data/genlib/mcnc.genlib;read_blif appntk/c5315_12_0.0205859_2234_30.5.blif;print_map_stats" | grep -e "Most Negative Slack" -e "Total Area"
"appntk/c5315_12_0.0205859_2234_30.5.blif", line 23: .and_gate_delay 1.9
Total Area		= 2234.00
Most Negative Slack	= -47.10
Nodes = 1266. Try = 1205. Resub = 0. Div = 59598. SAT calls = 5246. Timeouts = 0. MaxDivs = 29.
Attempts :   Remove      0 out of   2410 (  0.00 %)   Resub       0 out of    858 (  0.00 %)   
Reduction:   Nodes       0 out of   1266 (  0.00 %)   Edges       0 out of   2488 (  0.00 %)   
Win =     0.00 sec (  1.07 %)
Div =     0.01 sec (  3.66 %)
Aig =     0.01 sec (  2.87 %)
Gia =     0.00 sec (  0.00 %)
Cnf =     0.00 sec (  0.59 %)
Sat =     0.19 sec ( 62.79 %)
Int =     0.00 sec (  0.00 %)
ALL =     0.30 sec (100.00 %)
round 13

0%   10   20   30   40   50   60   70   80   90   100%
|----|----|----|----|----|----|----|----|----|----|
seed = 1566900299 patience = 0
***************************************************
best node n491 best error 0.0255762
time = 392689253
c5315_13_0.0255762
area = 2244
delay = 30.8
write_blif appntk/c5315_13_0.0255762_2244_30.8.blif
sis -x -c "read_library data/genlib/mcnc.genlib;read_blif appntk/c5315_13_0.0255762_2244_30.8.blif;print_map_stats" | grep -e "Most Negative Slack" -e "Total Area"
"appntk/c5315_13_0.0255762_2244_30.8.blif", line 23: .and_gate_delay 1.9
Total Area		= 2244.00
Most Negative Slack	= -50.30
Nodes = 1265. Try = 1204. Resub = 0. Div = 59458. SAT calls = 5200. Timeouts = 0. MaxDivs = 29.
Attempts :   Remove      0 out of   2408 (  0.00 %)   Resub       0 out of    858 (  0.00 %)   
Reduction:   Nodes       0 out of   1265 (  0.00 %)   Edges       0 out of   2486 (  0.00 %)   
Win =     0.00 sec (  1.07 %)
Div =     0.01 sec (  3.63 %)
Aig =     0.01 sec (  2.90 %)
Gia =     0.00 sec (  0.00 %)
Cnf =     0.00 sec (  0.58 %)
Sat =     0.19 sec ( 62.27 %)
Int =     0.00 sec (  0.00 %)
ALL =     0.30 sec (100.00 %)
round 14

0%   10   20   30   40   50   60   70   80   90   100%
|----|----|----|----|----|----|----|----|----|----|
seed = 1566900324 patience = 0
***************************************************
best node n1448 best error 0.0279883
time = 416703824
c5315_14_0.0279883
area = 2220
delay = 28.8
write_blif appntk/c5315_14_0.0279883_2220_28.8.blif
sis -x -c "read_library data/genlib/mcnc.genlib;read_blif appntk/c5315_14_0.0279883_2220_28.8.blif;print_map_stats" | grep -e "Most Negative Slack" -e "Total Area"
"appntk/c5315_14_0.0279883_2220_28.8.blif", line 23: .and_gate_delay 1.9
Total Area		= 2220.00
Most Negative Slack	= -46.80
Nodes = 1264. Try = 1203. Resub = 0. Div = 59399. SAT calls = 5204. Timeouts = 0. MaxDivs = 29.
Attempts :   Remove      0 out of   2406 (  0.00 %)   Resub       0 out of    856 (  0.00 %)   
Reduction:   Nodes       0 out of   1264 (  0.00 %)   Edges       0 out of   2484 (  0.00 %)   
Win =     0.00 sec (  1.09 %)
Div =     0.01 sec (  3.71 %)
Aig =     0.01 sec (  2.91 %)
Gia =     0.00 sec (  0.00 %)
Cnf =     0.00 sec (  0.59 %)
Sat =     0.18 sec ( 62.05 %)
Int =     0.00 sec (  0.00 %)
ALL =     0.29 sec (100.00 %)
round 15

0%   10   20   30   40   50   60   70   80   90   100%
|----|----|----|----|----|----|----|----|----|----|
seed = 1566900348 patience = 0
***************************************************
best node n1059 best error 0.0353809
time = 441373233
c5315_15_0.0353809
area = 2252
delay = 31.3
write_blif appntk/c5315_15_0.0353809_2252_31.3.blif
sis -x -c "read_library data/genlib/mcnc.genlib;read_blif appntk/c5315_15_0.0353809_2252_31.3.blif;print_map_stats" | grep -e "Most Negative Slack" -e "Total Area"
"appntk/c5315_15_0.0353809_2252_31.3.blif", line 23: .and_gate_delay 1.9
Total Area		= 2252.00
Most Negative Slack	= -49.50
Nodes = 1262. Try = 1201. Resub = 0. Div = 58370. SAT calls = 5186. Timeouts = 0. MaxDivs = 25.
Attempts :   Remove      0 out of   2402 (  0.00 %)   Resub       0 out of    858 (  0.00 %)   
Reduction:   Nodes       0 out of   1262 (  0.00 %)   Edges       0 out of   2480 (  0.00 %)   
Win =     0.00 sec (  1.04 %)
Div =     0.01 sec (  3.65 %)
Aig =     0.01 sec (  2.90 %)
Gia =     0.00 sec (  0.00 %)
Cnf =     0.00 sec (  0.57 %)
Sat =     0.18 sec ( 62.07 %)
Int =     0.00 sec (  0.00 %)
ALL =     0.29 sec (100.00 %)
round 16

0%   10   20   30   40   50   60   70   80   90   100%
|----|----|----|----|----|----|----|----|----|----|
seed = 1566900373 patience = 0
***************************************************
best node n763 best error 0.0377832
time = 465427499
c5315_16_0.0377832
area = 2234
delay = 28.6
write_blif appntk/c5315_16_0.0377832_2234_28.6.blif
sis -x -c "read_library data/genlib/mcnc.genlib;read_blif appntk/c5315_16_0.0377832_2234_28.6.blif;print_map_stats" | grep -e "Most Negative Slack" -e "Total Area"
"appntk/c5315_16_0.0377832_2234_28.6.blif", line 23: .and_gate_delay 1.9
Total Area		= 2234.00
Most Negative Slack	= -45.50
Nodes = 1261. Try = 1200. Resub = 0. Div = 57862. SAT calls = 5211. Timeouts = 0. MaxDivs = 24.
Attempts :   Remove      0 out of   2400 (  0.00 %)   Resub       0 out of    858 (  0.00 %)   
Reduction:   Nodes       0 out of   1261 (  0.00 %)   Edges       0 out of   2478 (  0.00 %)   
Win =     0.00 sec (  1.05 %)
Div =     0.01 sec (  3.67 %)
Aig =     0.01 sec (  2.83 %)
Gia =     0.00 sec (  0.00 %)
Cnf =     0.00 sec (  0.60 %)
Sat =     0.18 sec ( 61.90 %)
Int =     0.00 sec (  0.00 %)
ALL =     0.29 sec (100.00 %)
round 17

0%   10   20   30   40   50   60   70   80   90   100%
|----|----|----|----|----|----|----|----|----|----|
seed = 1566900397 patience = 0
***************************************************
best node n1057 best error 0.0377832
time = 489575745
c5315_17_0.0377832
area = 2232
delay = 31
write_blif appntk/c5315_17_0.0377832_2232_31.blif
sis -x -c "read_library data/genlib/mcnc.genlib;read_blif appntk/c5315_17_0.0377832_2232_31.blif;print_map_stats" | grep -e "Most Negative Slack" -e "Total Area"
"appntk/c5315_17_0.0377832_2232_31.blif", line 23: .and_gate_delay 1.9
Total Area		= 2232.00
Most Negative Slack	= -51.70
Nodes = 1256. Try = 1196. Resub = 1. Div = 57518. SAT calls = 5110. Timeouts = 0. MaxDivs = 20.
Attempts :   Remove      0 out of   2391 (  0.00 %)   Resub       1 out of    854 (  0.12 %)   
Reduction:   Nodes       1 out of   1256 (  0.08 %)   Edges       2 out of   2468 (  0.08 %)   
Win =     0.00 sec (  1.04 %)
Div =     0.01 sec (  3.67 %)
Aig =     0.01 sec (  2.88 %)
Gia =     0.00 sec (  0.00 %)
Cnf =     0.00 sec (  0.59 %)
Sat =     0.18 sec ( 61.49 %)
Int =     0.00 sec (  0.17 %)
ALL =     0.29 sec (100.00 %)
round 18

0%   10   20   30   40   50   60   70   80   90   100%
|----|----|----|----|----|----|----|----|----|----|
seed = 1566900421 patience = 0
***************************************************
best node n1436 best error 0.0377734
time = 513420488
c5315_18_0.0377734
area = 2228
delay = 30.9
write_blif appntk/c5315_18_0.0377734_2228_30.9.blif
sis -x -c "read_library data/genlib/mcnc.genlib;read_blif appntk/c5315_18_0.0377734_2228_30.9.blif;print_map_stats" | grep -e "Most Negative Slack" -e "Total Area"
"appntk/c5315_18_0.0377734_2228_30.9.blif", line 23: .and_gate_delay 1.9
Total Area		= 2228.00
Most Negative Slack	= -47.80
Nodes = 1253. Try = 1192. Resub = 0. Div = 56943. SAT calls = 5144. Timeouts = 0. MaxDivs = 20.
Attempts :   Remove      0 out of   2384 (  0.00 %)   Resub       0 out of    854 (  0.00 %)   
Reduction:   Nodes       0 out of   1253 (  0.00 %)   Edges       0 out of   2462 (  0.00 %)   
Win =     0.00 sec (  1.03 %)
Div =     0.01 sec (  3.60 %)
Aig =     0.01 sec (  2.91 %)
Gia =     0.00 sec (  0.00 %)
Cnf =     0.00 sec (  0.57 %)
Sat =     0.18 sec ( 61.78 %)
Int =     0.00 sec (  0.00 %)
ALL =     0.29 sec (100.00 %)
round 19

0%   10   20   30   40   50   60   70   80   90   100%
|----|----|----|----|----|----|----|----|----|----|
seed = 1566900445 patience = 0
***************************************************
best node n703 best error 0.0437109
time = 537895097
c5315_19_0.0437109
area = 2213
delay = 32.8
write_blif appntk/c5315_19_0.0437109_2213_32.8.blif
sis -x -c "read_library data/genlib/mcnc.genlib;read_blif appntk/c5315_19_0.0437109_2213_32.8.blif;print_map_stats" | grep -e "Most Negative Slack" -e "Total Area"
"appntk/c5315_19_0.0437109_2213_32.8.blif", line 23: .and_gate_delay 1.9
Total Area		= 2213.00
Most Negative Slack	= -55.50
Nodes = 1245. Try = 1184. Resub = 0. Div = 56096. SAT calls = 5046. Timeouts = 0. MaxDivs = 22.
Attempts :   Remove      0 out of   2368 (  0.00 %)   Resub       0 out of    850 (  0.00 %)   
Reduction:   Nodes       0 out of   1245 (  0.00 %)   Edges       0 out of   2446 (  0.00 %)   
Win =     0.00 sec (  1.03 %)
Div =     0.01 sec (  3.63 %)
Aig =     0.01 sec (  2.93 %)
Gia =     0.00 sec (  0.00 %)
Cnf =     0.00 sec (  0.62 %)
Sat =     0.18 sec ( 61.47 %)
Int =     0.00 sec (  0.00 %)
ALL =     0.29 sec (100.00 %)
round 20

0%   10   20   30   40   50   60   70   80   90   100%
|----|----|----|----|----|----|----|----|----|----|
seed = 1566900469 patience = 0
***************************************************
best node n1270 best error 0.044668
time = 560752709
c5315_20_0.044668
area = 2213
delay = 30.1
write_blif appntk/c5315_20_0.044668_2213_30.1.blif
sis -x -c "read_library data/genlib/mcnc.genlib;read_blif appntk/c5315_20_0.044668_2213_30.1.blif;print_map_stats" | grep -e "Most Negative Slack" -e "Total Area"
"appntk/c5315_20_0.044668_2213_30.1.blif", line 23: .and_gate_delay 1.9
Total Area		= 2213.00
Most Negative Slack	= -48.30
Nodes = 1242. Try = 1181. Resub = 0. Div = 55277. SAT calls = 5103. Timeouts = 0. MaxDivs = 20.
Attempts :   Remove      0 out of   2362 (  0.00 %)   Resub       0 out of    848 (  0.00 %)   
Reduction:   Nodes       0 out of   1242 (  0.00 %)   Edges       0 out of   2440 (  0.00 %)   
Win =     0.00 sec (  1.05 %)
Div =     0.01 sec (  3.65 %)
Aig =     0.01 sec (  2.87 %)
Gia =     0.00 sec (  0.00 %)
Cnf =     0.00 sec (  0.59 %)
Sat =     0.17 sec ( 61.81 %)
Int =     0.00 sec (  0.00 %)
ALL =     0.28 sec (100.00 %)
round 21

0%   10   20   30   40   50   60   70   80   90   100%
|----|----|----|----|----|----|----|----|----|----|
seed = 1566900492 patience = 0
***************************************************
best node n402 best error 0.0628516
time = 583238857
