Entered genlib library with 23 gates from file "data/genlib/mcnc.genlib".
Nodes = 1870. Try = 754. Resub = 0. Div = 32723. SAT calls = 2062. Timeouts = 0. MaxDivs = 0.
Attempts :   Remove      0 out of   1508 (  0.00 %)   Resub       0 out of    152 (  0.00 %)   
Reduction:   Nodes       0 out of   1870 (  0.00 %)   Edges       0 out of   3740 (  0.00 %)   
Win =     0.00 sec (  1.22 %)
Div =     0.01 sec (  3.49 %)
Aig =     0.01 sec (  3.45 %)
Gia =     0.00 sec (  0.00 %)
Cnf =     0.00 sec (  0.62 %)
Sat =     0.11 sec ( 52.61 %)
Int =     0.00 sec (  0.00 %)
ALL =     0.22 sec (100.00 %)
round 0

0%   10   20   30   40   50   60   70   80   90   100%
|----|----|----|----|----|----|----|----|----|----|
seed = 1566899931 patience = 0
***************************************************
best node n580 best error 0.0313379
time = 60869073
c6288_0_0.0313379
area = 4284
delay = 145.9
write_blif appntk/c6288_0_0.0313379_4284_145.9.blif
sis -x -c "read_library data/genlib/mcnc.genlib;read_blif appntk/c6288_0_0.0313379_4284_145.9.blif;print_map_stats" | grep -e "Most Negative Slack" -e "Total Area"
"appntk/c6288_0_0.0313379_4284_145.9.blif", line 13: .and_gate_delay 1.9
Total Area		= 4284.00
Most Negative Slack	= -199.60
Nodes = 1867. Try = 753. Resub = 0. Div = 32643. SAT calls = 2043. Timeouts = 0. MaxDivs = 0.
Attempts :   Remove      0 out of   1506 (  0.00 %)   Resub       0 out of    156 (  0.00 %)   
Reduction:   Nodes       0 out of   1867 (  0.00 %)   Edges       0 out of   3734 (  0.00 %)   
Win =     0.00 sec (  1.24 %)
Div =     0.01 sec (  3.58 %)
Aig =     0.00 sec (  3.32 %)
Gia =     0.00 sec (  0.00 %)
Cnf =     0.00 sec (  0.63 %)
Sat =     0.08 sec ( 54.91 %)
Int =     0.00 sec (  0.00 %)
ALL =     0.15 sec (100.00 %)
round 1

0%   10   20   30   40   50   60   70   80   90   100%
|----|----|----|----|----|----|----|----|----|----|
seed = 1566899994 patience = 0
***************************************************
best node n1715 best error 0.0716406
time = 116266331
