Entered genlib library with 23 gates from file "data/genlib/mcnc.genlib".
Nodes = 506. Try = 506. Resub = 0. Div = 43839. SAT calls = 2076. Timeouts = 0. MaxDivs = 62.
Attempts :   Remove      0 out of   1012 (  0.00 %)   Resub       0 out of    223 (  0.00 %)   
Reduction:   Nodes       0 out of    506 (  0.00 %)   Edges       0 out of   1012 (  0.00 %)   
Win =     0.00 sec (  1.11 %)
Div =     0.01 sec (  3.30 %)
Aig =     0.01 sec (  3.47 %)
Gia =     0.00 sec (  0.00 %)
Cnf =     0.00 sec (  0.59 %)
Sat =     0.17 sec ( 66.34 %)
Int =     0.00 sec (  0.00 %)
ALL =     0.26 sec (100.00 %)
round 0

0%   10   20   30   40   50   60   70   80   90   100%
|----|----|----|----|----|----|----|----|----|----|
seed = 1566899930 patience = 0
***************************************************
best node n467 best error 0
time = 14757090
ksa32_0_0
area = 974
delay = 17.7
write_blif appntk/ksa32_0_0_974_17.7.blif
sis -x -c "read_library data/genlib/mcnc.genlib;read_blif appntk/ksa32_0_0_974_17.7.blif;print_map_stats" | grep -e "Most Negative Slack" -e "Total Area"
"appntk/ksa32_0_0_974_17.7.blif", line 14: .and_gate_delay 1.9
Total Area		= 974.00
Most Negative Slack	= -28.30
Nodes = 502. Try = 502. Resub = 0. Div = 42943. SAT calls = 1989. Timeouts = 0. MaxDivs = 57.
Attempts :   Remove      0 out of   1004 (  0.00 %)   Resub       0 out of    221 (  0.00 %)   
Reduction:   Nodes       0 out of    502 (  0.00 %)   Edges       0 out of   1004 (  0.00 %)   
Win =     0.00 sec (  1.02 %)
Div =     0.01 sec (  3.47 %)
Aig =     0.01 sec (  3.23 %)
Gia =     0.00 sec (  0.00 %)
Cnf =     0.00 sec (  0.63 %)
Sat =     0.11 sec ( 67.63 %)
Int =     0.00 sec (  0.00 %)
ALL =     0.17 sec (100.00 %)
round 1

0%   10   20   30   40   50   60   70   80   90   100%
|----|----|----|----|----|----|----|----|----|----|
seed = 1566899945 patience = 0
***************************************************
best node n500 best error 0
time = 28283316
ksa32_1_0
area = 964
delay = 17.7
write_blif appntk/ksa32_1_0_964_17.7.blif
sis -x -c "read_library data/genlib/mcnc.genlib;read_blif appntk/ksa32_1_0_964_17.7.blif;print_map_stats" | grep -e "Most Negative Slack" -e "Total Area"
"appntk/ksa32_1_0_964_17.7.blif", line 14: .and_gate_delay 1.9
Total Area		= 964.00
Most Negative Slack	= -28.30
Nodes = 498. Try = 498. Resub = 0. Div = 41857. SAT calls = 2013. Timeouts = 0. MaxDivs = 52.
Attempts :   Remove      0 out of    996 (  0.00 %)   Resub       0 out of    219 (  0.00 %)   
Reduction:   Nodes       0 out of    498 (  0.00 %)   Edges       0 out of    996 (  0.00 %)   
Win =     0.00 sec (  0.96 %)
Div =     0.01 sec (  3.31 %)
Aig =     0.01 sec (  3.35 %)
Gia =     0.00 sec (  0.00 %)
Cnf =     0.00 sec (  0.59 %)
Sat =     0.15 sec ( 66.27 %)
Int =     0.00 sec (  0.00 %)
ALL =     0.23 sec (100.00 %)
round 2

0%   10   20   30   40   50   60   70   80   90   100%
|----|----|----|----|----|----|----|----|----|----|
seed = 1566899959 patience = 0
***************************************************
best node n516 best error 0
time = 40812285
ksa32_2_0
area = 960
delay = 17.6
write_blif appntk/ksa32_2_0_960_17.6.blif
sis -x -c "read_library data/genlib/mcnc.genlib;read_blif appntk/ksa32_2_0_960_17.6.blif;print_map_stats" | grep -e "Most Negative Slack" -e "Total Area"
"appntk/ksa32_2_0_960_17.6.blif", line 14: .and_gate_delay 1.9
Total Area		= 960.00
Most Negative Slack	= -28.30
Nodes = 494. Try = 494. Resub = 0. Div = 40774. SAT calls = 1956. Timeouts = 0. MaxDivs = 47.
Attempts :   Remove      0 out of    988 (  0.00 %)   Resub       0 out of    217 (  0.00 %)   
Reduction:   Nodes       0 out of    494 (  0.00 %)   Edges       0 out of    988 (  0.00 %)   
Win =     0.00 sec (  0.94 %)
Div =     0.01 sec (  3.38 %)
Aig =     0.01 sec (  3.37 %)
Gia =     0.00 sec (  0.00 %)
Cnf =     0.00 sec (  0.58 %)
Sat =     0.15 sec ( 65.99 %)
Int =     0.00 sec (  0.00 %)
ALL =     0.23 sec (100.00 %)
round 3

0%   10   20   30   40   50   60   70   80   90   100%
|----|----|----|----|----|----|----|----|----|----|
seed = 1566899971 patience = 0
***************************************************
best node n445 best error 9.76562e-06
time = 54446411
ksa32_3_9.76562e-06
area = 953
delay = 16.2
write_blif appntk/ksa32_3_9.76562e-06_953_16.2.blif
sis -x -c "read_library data/genlib/mcnc.genlib;read_blif appntk/ksa32_3_9.76562e-06_953_16.2.blif;print_map_stats" | grep -e "Most Negative Slack" -e "Total Area"
"appntk/ksa32_3_9.76562e-06_953_16.2.blif", line 14: .and_gate_delay 1.9
Total Area		= 953.00
Most Negative Slack	= -25.90
Nodes = 492. Try = 493. Resub = 1. Div = 40084. SAT calls = 1923. Timeouts = 0. MaxDivs = 40.
Attempts :   Remove      0 out of    985 (  0.00 %)   Resub       1 out of    216 (  0.46 %)   
Reduction:   Nodes       2 out of    492 (  0.41 %)   Edges       4 out of    984 (  0.41 %)   
Win =     0.00 sec (  0.98 %)
Div =     0.01 sec (  3.47 %)
Aig =     0.01 sec (  3.18 %)
Gia =     0.00 sec (  0.00 %)
Cnf =     0.00 sec (  0.64 %)
Sat =     0.10 sec ( 66.42 %)
Int =     0.00 sec (  0.56 %)
ALL =     0.16 sec (100.00 %)
round 4

0%   10   20   30   40   50   60   70   80   90   100%
|----|----|----|----|----|----|----|----|----|----|
seed = 1566899985 patience = 0
***************************************************
best node n589 best error 9.76562e-06
time = 64710636
ksa32_4_9.76562e-06
area = 949
delay = 16.2
write_blif appntk/ksa32_4_9.76562e-06_949_16.2.blif
sis -x -c "read_library data/genlib/mcnc.genlib;read_blif appntk/ksa32_4_9.76562e-06_949_16.2.blif;print_map_stats" | grep -e "Most Negative Slack" -e "Total Area"
"appntk/ksa32_4_9.76562e-06_949_16.2.blif", line 14: .and_gate_delay 1.9
Total Area		= 949.00
Most Negative Slack	= -24.80
Nodes = 487. Try = 487. Resub = 0. Div = 38761. SAT calls = 1872. Timeouts = 0. MaxDivs = 38.
Attempts :   Remove      0 out of    974 (  0.00 %)   Resub       0 out of    212 (  0.00 %)   
Reduction:   Nodes       0 out of    487 (  0.00 %)   Edges       0 out of    974 (  0.00 %)   
Win =     0.00 sec (  0.96 %)
Div =     0.01 sec (  3.47 %)
Aig =     0.01 sec (  3.45 %)
Gia =     0.00 sec (  0.00 %)
Cnf =     0.00 sec (  0.60 %)
Sat =     0.14 sec ( 64.94 %)
Int =     0.00 sec (  0.00 %)
ALL =     0.21 sec (100.00 %)
round 5

0%   10   20   30   40   50   60   70   80   90   100%
|----|----|----|----|----|----|----|----|----|----|
seed = 1566899995 patience = 0
***************************************************
best node n476 best error 1.95312e-05
time = 75525715
ksa32_5_1.95312e-05
area = 944
delay = 16.2
write_blif appntk/ksa32_5_1.95312e-05_944_16.2.blif
sis -x -c "read_library data/genlib/mcnc.genlib;read_blif appntk/ksa32_5_1.95312e-05_944_16.2.blif;print_map_stats" | grep -e "Most Negative Slack" -e "Total Area"
"appntk/ksa32_5_1.95312e-05_944_16.2.blif", line 14: .and_gate_delay 1.9
Total Area		= 944.00
Most Negative Slack	= -24.80
Nodes = 484. Try = 484. Resub = 0. Div = 37875. SAT calls = 1861. Timeouts = 0. MaxDivs = 33.
Attempts :   Remove      0 out of    968 (  0.00 %)   Resub       0 out of    212 (  0.00 %)   
Reduction:   Nodes       0 out of    484 (  0.00 %)   Edges       0 out of    968 (  0.00 %)   
Win =     0.00 sec (  1.01 %)
Div =     0.01 sec (  3.53 %)
Aig =     0.00 sec (  3.18 %)
Gia =     0.00 sec (  0.00 %)
Cnf =     0.00 sec (  0.64 %)
Sat =     0.10 sec ( 66.45 %)
Int =     0.00 sec (  0.00 %)
ALL =     0.15 sec (100.00 %)
round 6

0%   10   20   30   40   50   60   70   80   90   100%
|----|----|----|----|----|----|----|----|----|----|
seed = 1566900006 patience = 0
***************************************************
best node n525 best error 2.92969e-05
time = 86377810
ksa32_6_2.92969e-05
area = 932
delay = 16.2
write_blif appntk/ksa32_6_2.92969e-05_932_16.2.blif
sis -x -c "read_library data/genlib/mcnc.genlib;read_blif appntk/ksa32_6_2.92969e-05_932_16.2.blif;print_map_stats" | grep -e "Most Negative Slack" -e "Total Area"
"appntk/ksa32_6_2.92969e-05_932_16.2.blif", line 14: .and_gate_delay 1.9
Total Area		= 932.00
Most Negative Slack	= -24.50
Nodes = 481. Try = 481. Resub = 0. Div = 36777. SAT calls = 1833. Timeouts = 0. MaxDivs = 28.
Attempts :   Remove      0 out of    962 (  0.00 %)   Resub       0 out of    211 (  0.00 %)   
Reduction:   Nodes       0 out of    481 (  0.00 %)   Edges       0 out of    962 (  0.00 %)   
Win =     0.00 sec (  0.99 %)
Div =     0.01 sec (  3.44 %)
Aig =     0.01 sec (  3.39 %)
Gia =     0.00 sec (  0.00 %)
Cnf =     0.00 sec (  0.62 %)
Sat =     0.13 sec ( 63.94 %)
Int =     0.00 sec (  0.00 %)
ALL =     0.21 sec (100.00 %)
round 7

0%   10   20   30   40   50   60   70   80   90   100%
|----|----|----|----|----|----|----|----|----|----|
seed = 1566900017 patience = 0
***************************************************
best node n542 best error 3.90625e-05
time = 98477485
ksa32_7_3.90625e-05
area = 923
delay = 17
write_blif appntk/ksa32_7_3.90625e-05_923_17.blif
sis -x -c "read_library data/genlib/mcnc.genlib;read_blif appntk/ksa32_7_3.90625e-05_923_17.blif;print_map_stats" | grep -e "Most Negative Slack" -e "Total Area"
"appntk/ksa32_7_3.90625e-05_923_17.blif", line 14: .and_gate_delay 1.9
Total Area		= 923.00
Most Negative Slack	= -26.60
Nodes = 478. Try = 478. Resub = 0. Div = 35684. SAT calls = 1825. Timeouts = 0. MaxDivs = 23.
Attempts :   Remove      0 out of    956 (  0.00 %)   Resub       0 out of    210 (  0.00 %)   
Reduction:   Nodes       0 out of    478 (  0.00 %)   Edges       0 out of    956 (  0.00 %)   
Win =     0.00 sec (  0.92 %)
Div =     0.00 sec (  3.50 %)
Aig =     0.00 sec (  3.13 %)
Gia =     0.00 sec (  0.00 %)
Cnf =     0.00 sec (  0.64 %)
Sat =     0.09 sec ( 65.62 %)
Int =     0.00 sec (  0.00 %)
ALL =     0.14 sec (100.00 %)
round 8

0%   10   20   30   40   50   60   70   80   90   100%
|----|----|----|----|----|----|----|----|----|----|
seed = 1566900029 patience = 0
***************************************************
best node n559 best error 4.88281e-05
time = 107373050
ksa32_8_4.88281e-05
area = 918
delay = 17
write_blif appntk/ksa32_8_4.88281e-05_918_17.blif
sis -x -c "read_library data/genlib/mcnc.genlib;read_blif appntk/ksa32_8_4.88281e-05_918_17.blif;print_map_stats" | grep -e "Most Negative Slack" -e "Total Area"
"appntk/ksa32_8_4.88281e-05_918_17.blif", line 14: .and_gate_delay 1.9
Total Area		= 918.00
Most Negative Slack	= -26.60
Nodes = 475. Try = 475. Resub = 0. Div = 34584. SAT calls = 1807. Timeouts = 0. MaxDivs = 18.
Attempts :   Remove      0 out of    950 (  0.00 %)   Resub       0 out of    209 (  0.00 %)   
Reduction:   Nodes       0 out of    475 (  0.00 %)   Edges       0 out of    950 (  0.00 %)   
Win =     0.00 sec (  0.89 %)
Div =     0.01 sec (  3.39 %)
Aig =     0.00 sec (  3.10 %)
Gia =     0.00 sec (  0.00 %)
Cnf =     0.00 sec (  0.62 %)
Sat =     0.10 sec ( 63.67 %)
Int =     0.00 sec (  0.00 %)
ALL =     0.15 sec (100.00 %)
round 9

0%   10   20   30   40   50   60   70   80   90   100%
|----|----|----|----|----|----|----|----|----|----|
seed = 1566900038 patience = 0
***************************************************
best node n497 best error 0.000136719
time = 116675818
ksa32_9_0.000136719
area = 915
delay = 17
write_blif appntk/ksa32_9_0.000136719_915_17.blif
sis -x -c "read_library data/genlib/mcnc.genlib;read_blif appntk/ksa32_9_0.000136719_915_17.blif;print_map_stats" | grep -e "Most Negative Slack" -e "Total Area"
"appntk/ksa32_9_0.000136719_915_17.blif", line 14: .and_gate_delay 1.9
Total Area		= 915.00
Most Negative Slack	= -26.60
Nodes = 473. Try = 473. Resub = 0. Div = 34058. SAT calls = 1882. Timeouts = 0. MaxDivs = 18.
Attempts :   Remove      0 out of    946 (  0.00 %)   Resub       0 out of    209 (  0.00 %)   
Reduction:   Nodes       0 out of    473 (  0.00 %)   Edges       0 out of    946 (  0.00 %)   
Win =     0.00 sec (  0.87 %)
Div =     0.00 sec (  3.36 %)
Aig =     0.00 sec (  2.99 %)
Gia =     0.00 sec (  0.00 %)
Cnf =     0.00 sec (  0.61 %)
Sat =     0.09 sec ( 66.60 %)
Int =     0.00 sec (  0.00 %)
ALL =     0.14 sec (100.00 %)
round 10

0%   10   20   30   40   50   60   70   80   90   100%
|----|----|----|----|----|----|----|----|----|----|
seed = 1566900047 patience = 0
***************************************************
best node n449 best error 0.000302734
time = 125666513
ksa32_10_0.000302734
area = 913
delay = 17
write_blif appntk/ksa32_10_0.000302734_913_17.blif
sis -x -c "read_library data/genlib/mcnc.genlib;read_blif appntk/ksa32_10_0.000302734_913_17.blif;print_map_stats" | grep -e "Most Negative Slack" -e "Total Area"
"appntk/ksa32_10_0.000302734_913_17.blif", line 14: .and_gate_delay 1.9
Total Area		= 913.00
Most Negative Slack	= -26.60
Nodes = 470. Try = 470. Resub = 0. Div = 33438. SAT calls = 1856. Timeouts = 0. MaxDivs = 18.
Attempts :   Remove      0 out of    940 (  0.00 %)   Resub       0 out of    208 (  0.00 %)   
Reduction:   Nodes       0 out of    470 (  0.00 %)   Edges       0 out of    940 (  0.00 %)   
Win =     0.00 sec (  0.88 %)
Div =     0.00 sec (  3.38 %)
Aig =     0.00 sec (  3.04 %)
Gia =     0.00 sec (  0.00 %)
Cnf =     0.00 sec (  0.61 %)
Sat =     0.09 sec ( 66.52 %)
Int =     0.00 sec (  0.00 %)
ALL =     0.14 sec (100.00 %)
round 11

0%   10   20   30   40   50   60   70   80   90   100%
|----|----|----|----|----|----|----|----|----|----|
seed = 1566900056 patience = 0
***************************************************
best node n471 best error 0.000302734
time = 134596208
ksa32_11_0.000302734
area = 907
delay = 17
write_blif appntk/ksa32_11_0.000302734_907_17.blif
sis -x -c "read_library data/genlib/mcnc.genlib;read_blif appntk/ksa32_11_0.000302734_907_17.blif;print_map_stats" | grep -e "Most Negative Slack" -e "Total Area"
"appntk/ksa32_11_0.000302734_907_17.blif", line 14: .and_gate_delay 1.9
Total Area		= 907.00
Most Negative Slack	= -26.60
Nodes = 466. Try = 466. Resub = 0. Div = 32728. SAT calls = 1811. Timeouts = 0. MaxDivs = 18.
Attempts :   Remove      0 out of    932 (  0.00 %)   Resub       0 out of    205 (  0.00 %)   
Reduction:   Nodes       0 out of    466 (  0.00 %)   Edges       0 out of    932 (  0.00 %)   
Win =     0.00 sec (  0.87 %)
Div =     0.01 sec (  3.33 %)
Aig =     0.01 sec (  3.21 %)
Gia =     0.00 sec (  0.00 %)
Cnf =     0.00 sec (  0.60 %)
Sat =     0.12 sec ( 64.30 %)
Int =     0.00 sec (  0.00 %)
ALL =     0.18 sec (100.00 %)
round 12

0%   10   20   30   40   50   60   70   80   90   100%
|----|----|----|----|----|----|----|----|----|----|
seed = 1566900065 patience = 0
***************************************************
best node n475 best error 0.000341797
time = 142623008
ksa32_12_0.000341797
area = 895
delay = 17
write_blif appntk/ksa32_12_0.000341797_895_17.blif
sis -x -c "read_library data/genlib/mcnc.genlib;read_blif appntk/ksa32_12_0.000341797_895_17.blif;print_map_stats" | grep -e "Most Negative Slack" -e "Total Area"
"appntk/ksa32_12_0.000341797_895_17.blif", line 14: .and_gate_delay 1.9
Total Area		= 895.00
Most Negative Slack	= -26.60
Nodes = 461. Try = 462. Resub = 1. Div = 32038. SAT calls = 1852. Timeouts = 0. MaxDivs = 18.
Attempts :   Remove      0 out of    924 (  0.00 %)   Resub       1 out of    206 (  0.49 %)   
Reduction:   Nodes       2 out of    461 (  0.43 %)   Edges       4 out of    922 (  0.43 %)   
Win =     0.00 sec (  0.91 %)
Div =     0.00 sec (  3.22 %)
Aig =     0.00 sec (  2.95 %)
Gia =     0.00 sec (  0.00 %)
Cnf =     0.00 sec (  0.63 %)
Sat =     0.09 sec ( 65.83 %)
Int =     0.00 sec (  0.34 %)
ALL =     0.14 sec (100.00 %)
round 13

0%   10   20   30   40   50   60   70   80   90   100%
|----|----|----|----|----|----|----|----|----|----|
seed = 1566900073 patience = 0
***************************************************
best node n442 best error 0.00203125
time = 150052987
ksa32_13_0.00203125
area = 888
delay = 17
write_blif appntk/ksa32_13_0.00203125_888_17.blif
sis -x -c "read_library data/genlib/mcnc.genlib;read_blif appntk/ksa32_13_0.00203125_888_17.blif;print_map_stats" | grep -e "Most Negative Slack" -e "Total Area"
"appntk/ksa32_13_0.00203125_888_17.blif", line 14: .and_gate_delay 1.9
Total Area		= 888.00
Most Negative Slack	= -26.40
Nodes = 455. Try = 457. Resub = 2. Div = 31191. SAT calls = 1787. Timeouts = 0. MaxDivs = 18.
Attempts :   Remove      0 out of    913 (  0.00 %)   Resub       2 out of    206 (  0.97 %)   
Reduction:   Nodes       4 out of    455 (  0.88 %)   Edges       8 out of    910 (  0.88 %)   
Win =     0.00 sec (  0.89 %)
Div =     0.00 sec (  3.27 %)
Aig =     0.00 sec (  2.94 %)
Gia =     0.00 sec (  0.00 %)
Cnf =     0.00 sec (  0.63 %)
Sat =     0.09 sec ( 65.19 %)
Int =     0.00 sec (  0.89 %)
ALL =     0.14 sec (100.00 %)
round 14

0%   10   20   30   40   50   60   70   80   90   100%
|----|----|----|----|----|----|----|----|----|----|
seed = 1566900081 patience = 0
***************************************************
best node n383 best error 0.00327148
time = 157890326
ksa32_14_0.00327148
area = 881
delay = 17
write_blif appntk/ksa32_14_0.00327148_881_17.blif
sis -x -c "read_library data/genlib/mcnc.genlib;read_blif appntk/ksa32_14_0.00327148_881_17.blif;print_map_stats" | grep -e "Most Negative Slack" -e "Total Area"
"appntk/ksa32_14_0.00327148_881_17.blif", line 14: .and_gate_delay 1.9
Total Area		= 881.00
Most Negative Slack	= -26.40
Nodes = 450. Try = 451. Resub = 1. Div = 30860. SAT calls = 1783. Timeouts = 0. MaxDivs = 18.
Attempts :   Remove      0 out of    901 (  0.00 %)   Resub       1 out of    202 (  0.50 %)   
Reduction:   Nodes       1 out of    450 (  0.22 %)   Edges       2 out of    900 (  0.22 %)   
Win =     0.00 sec (  0.89 %)
Div =     0.00 sec (  3.30 %)
Aig =     0.00 sec (  3.02 %)
Gia =     0.00 sec (  0.00 %)
Cnf =     0.00 sec (  0.61 %)
Sat =     0.09 sec ( 65.02 %)
Int =     0.00 sec (  0.69 %)
ALL =     0.13 sec (100.00 %)
round 15

0%   10   20   30   40   50   60   70   80   90   100%
|----|----|----|----|----|----|----|----|----|----|
seed = 1566900088 patience = 0
***************************************************
best node n128 best error 0.00327148
time = 165475251
ksa32_15_0.00327148
area = 877
delay = 16.8
write_blif appntk/ksa32_15_0.00327148_877_16.8.blif
sis -x -c "read_library data/genlib/mcnc.genlib;read_blif appntk/ksa32_15_0.00327148_877_16.8.blif;print_map_stats" | grep -e "Most Negative Slack" -e "Total Area"
"appntk/ksa32_15_0.00327148_877_16.8.blif", line 14: .and_gate_delay 1.9
Total Area		= 877.00
Most Negative Slack	= -25.80
Nodes = 446. Try = 450. Resub = 4. Div = 30185. SAT calls = 1724. Timeouts = 0. MaxDivs = 16.
Attempts :   Remove      0 out of    896 (  0.00 %)   Resub       4 out of    202 (  1.98 %)   
Reduction:   Nodes       8 out of    446 (  1.79 %)   Edges      16 out of    892 (  1.79 %)   
Win =     0.00 sec (  0.92 %)
Div =     0.00 sec (  3.38 %)
Aig =     0.00 sec (  3.05 %)
Gia =     0.00 sec (  0.00 %)
Cnf =     0.00 sec (  0.61 %)
Sat =     0.08 sec ( 63.97 %)
Int =     0.00 sec (  1.27 %)
ALL =     0.13 sec (100.00 %)
round 16

0%   10   20   30   40   50   60   70   80   90   100%
|----|----|----|----|----|----|----|----|----|----|
seed = 1566900096 patience = 0
***************************************************
best node n383 best error 0.00374023
time = 172539936
ksa32_16_0.00374023
area = 868
delay = 21
write_blif appntk/ksa32_16_0.00374023_868_21.blif
sis -x -c "read_library data/genlib/mcnc.genlib;read_blif appntk/ksa32_16_0.00374023_868_21.blif;print_map_stats" | grep -e "Most Negative Slack" -e "Total Area"
"appntk/ksa32_16_0.00374023_868_21.blif", line 14: .and_gate_delay 1.9
Total Area		= 868.00
Most Negative Slack	= -32.20
Nodes = 437. Try = 437. Resub = 0. Div = 28146. SAT calls = 1711. Timeouts = 0. MaxDivs = 10.
Attempts :   Remove      0 out of    874 (  0.00 %)   Resub       0 out of    199 (  0.00 %)   
Reduction:   Nodes       0 out of    437 (  0.00 %)   Edges       0 out of    874 (  0.00 %)   
Win =     0.00 sec (  0.92 %)
Div =     0.00 sec (  3.30 %)
Aig =     0.00 sec (  2.99 %)
Gia =     0.00 sec (  0.00 %)
Cnf =     0.00 sec (  0.62 %)
Sat =     0.08 sec ( 64.74 %)
Int =     0.00 sec (  0.00 %)
ALL =     0.12 sec (100.00 %)
round 17

0%   10   20   30   40   50   60   70   80   90   100%
|----|----|----|----|----|----|----|----|----|----|
seed = 1566900103 patience = 0
***************************************************
best node n408 best error 0.00448242
time = 179612066
ksa32_17_0.00448242
area = 863
delay = 21
write_blif appntk/ksa32_17_0.00448242_863_21.blif
sis -x -c "read_library data/genlib/mcnc.genlib;read_blif appntk/ksa32_17_0.00448242_863_21.blif;print_map_stats" | grep -e "Most Negative Slack" -e "Total Area"
"appntk/ksa32_17_0.00448242_863_21.blif", line 14: .and_gate_delay 1.9
Total Area		= 863.00
Most Negative Slack	= -32.00
Nodes = 434. Try = 434. Resub = 0. Div = 26854. SAT calls = 1743. Timeouts = 0. MaxDivs = 5.
Attempts :   Remove      0 out of    868 (  0.00 %)   Resub       0 out of    198 (  0.00 %)   
Reduction:   Nodes       0 out of    434 (  0.00 %)   Edges       0 out of    868 (  0.00 %)   
Win =     0.00 sec (  0.87 %)
Div =     0.00 sec (  3.28 %)
Aig =     0.00 sec (  2.90 %)
Gia =     0.00 sec (  0.00 %)
Cnf =     0.00 sec (  0.60 %)
Sat =     0.08 sec ( 64.91 %)
Int =     0.00 sec (  0.00 %)
ALL =     0.12 sec (100.00 %)
round 18

0%   10   20   30   40   50   60   70   80   90   100%
|----|----|----|----|----|----|----|----|----|----|
seed = 1566900110 patience = 0
***************************************************
best node n350 best error 0.00556641
time = 185917360
ksa32_18_0.00556641
area = 849
delay = 16.5
write_blif appntk/ksa32_18_0.00556641_849_16.5.blif
sis -x -c "read_library data/genlib/mcnc.genlib;read_blif appntk/ksa32_18_0.00556641_849_16.5.blif;print_map_stats" | grep -e "Most Negative Slack" -e "Total Area"
"appntk/ksa32_18_0.00556641_849_16.5.blif", line 14: .and_gate_delay 1.9
Total Area		= 849.00
Most Negative Slack	= -26.10
Nodes = 425. Try = 425. Resub = 0. Div = 24962. SAT calls = 1662. Timeouts = 0. MaxDivs = 3.
Attempts :   Remove      0 out of    850 (  0.00 %)   Resub       0 out of    194 (  0.00 %)   
Reduction:   Nodes       0 out of    425 (  0.00 %)   Edges       0 out of    850 (  0.00 %)   
Win =     0.00 sec (  0.87 %)
Div =     0.00 sec (  3.13 %)
Aig =     0.00 sec (  2.89 %)
Gia =     0.00 sec (  0.00 %)
Cnf =     0.00 sec (  0.63 %)
Sat =     0.08 sec ( 62.23 %)
Int =     0.00 sec (  0.00 %)
ALL =     0.12 sec (100.00 %)
round 19

0%   10   20   30   40   50   60   70   80   90   100%
|----|----|----|----|----|----|----|----|----|----|
seed = 1566900117 patience = 0
***************************************************
best node n327 best error 0.00641602
time = 191611018
ksa32_19_0.00641602
area = 837
delay = 16.5
write_blif appntk/ksa32_19_0.00641602_837_16.5.blif
sis -x -c "read_library data/genlib/mcnc.genlib;read_blif appntk/ksa32_19_0.00641602_837_16.5.blif;print_map_stats" | grep -e "Most Negative Slack" -e "Total Area"
"appntk/ksa32_19_0.00641602_837_16.5.blif", line 14: .and_gate_delay 1.9
Total Area		= 837.00
Most Negative Slack	= -25.60
Nodes = 422. Try = 422. Resub = 0. Div = 23828. SAT calls = 1632. Timeouts = 0. MaxDivs = 3.
Attempts :   Remove      0 out of    844 (  0.00 %)   Resub       0 out of    192 (  0.00 %)   
Reduction:   Nodes       0 out of    422 (  0.00 %)   Edges       0 out of    844 (  0.00 %)   
Win =     0.00 sec (  0.88 %)
Div =     0.00 sec (  3.24 %)
Aig =     0.00 sec (  2.91 %)
Gia =     0.00 sec (  0.00 %)
Cnf =     0.00 sec (  0.64 %)
Sat =     0.07 sec ( 62.54 %)
Int =     0.00 sec (  0.00 %)
ALL =     0.11 sec (100.00 %)
round 20

0%   10   20   30   40   50   60   70   80   90   100%
|----|----|----|----|----|----|----|----|----|----|
seed = 1566900122 patience = 0
***************************************************
best node n473 best error 0.00818359
time = 197504692
ksa32_20_0.00818359
area = 826
delay = 17.3
write_blif appntk/ksa32_20_0.00818359_826_17.3.blif
sis -x -c "read_library data/genlib/mcnc.genlib;read_blif appntk/ksa32_20_0.00818359_826_17.3.blif;print_map_stats" | grep -e "Most Negative Slack" -e "Total Area"
"appntk/ksa32_20_0.00818359_826_17.3.blif", line 14: .and_gate_delay 1.9
Total Area		= 826.00
Most Negative Slack	= -27.00
Nodes = 419. Try = 419. Resub = 0. Div = 23077. SAT calls = 1614. Timeouts = 0. MaxDivs = 3.
Attempts :   Remove      0 out of    838 (  0.00 %)   Resub       0 out of    190 (  0.00 %)   
Reduction:   Nodes       0 out of    419 (  0.00 %)   Edges       0 out of    838 (  0.00 %)   
Win =     0.00 sec (  0.89 %)
Div =     0.00 sec (  3.20 %)
Aig =     0.00 sec (  2.89 %)
Gia =     0.00 sec (  0.00 %)
Cnf =     0.00 sec (  0.64 %)
Sat =     0.07 sec ( 62.35 %)
Int =     0.00 sec (  0.00 %)
ALL =     0.11 sec (100.00 %)
round 21

0%   10   20   30   40   50   60   70   80   90   100%
|----|----|----|----|----|----|----|----|----|----|
seed = 1566900128 patience = 0
***************************************************
best node n379 best error 0.00862305
time = 203457389
ksa32_21_0.00862305
area = 812
delay = 17.3
write_blif appntk/ksa32_21_0.00862305_812_17.3.blif
sis -x -c "read_library data/genlib/mcnc.genlib;read_blif appntk/ksa32_21_0.00862305_812_17.3.blif;print_map_stats" | grep -e "Most Negative Slack" -e "Total Area"
"appntk/ksa32_21_0.00862305_812_17.3.blif", line 14: .and_gate_delay 1.9
Total Area		= 812.00
Most Negative Slack	= -27.00
Nodes = 413. Try = 413. Resub = 0. Div = 21485. SAT calls = 1560. Timeouts = 0. MaxDivs = 0.
Attempts :   Remove      0 out of    826 (  0.00 %)   Resub       0 out of    187 (  0.00 %)   
Reduction:   Nodes       0 out of    413 (  0.00 %)   Edges       0 out of    826 (  0.00 %)   
Win =     0.00 sec (  0.89 %)
Div =     0.00 sec (  3.19 %)
Aig =     0.00 sec (  2.88 %)
Gia =     0.00 sec (  0.00 %)
Cnf =     0.00 sec (  0.65 %)
Sat =     0.06 sec ( 60.95 %)
Int =     0.00 sec (  0.00 %)
ALL =     0.10 sec (100.00 %)
round 22

0%   10   20   30   40   50   60   70   80   90   100%
|----|----|----|----|----|----|----|----|----|----|
seed = 1566900134 patience = 0
***************************************************
best node n287 best error 0.01
time = 209040732
ksa32_22_0.01
area = 806
delay = 17.3
write_blif appntk/ksa32_22_0.01_806_17.3.blif
sis -x -c "read_library data/genlib/mcnc.genlib;read_blif appntk/ksa32_22_0.01_806_17.3.blif;print_map_stats" | grep -e "Most Negative Slack" -e "Total Area"
"appntk/ksa32_22_0.01_806_17.3.blif", line 14: .and_gate_delay 1.9
Total Area		= 806.00
Most Negative Slack	= -27.00
Nodes = 410. Try = 410. Resub = 0. Div = 20541. SAT calls = 1577. Timeouts = 0. MaxDivs = 0.
Attempts :   Remove      0 out of    820 (  0.00 %)   Resub       0 out of    186 (  0.00 %)   
Reduction:   Nodes       0 out of    410 (  0.00 %)   Edges       0 out of    820 (  0.00 %)   
Win =     0.00 sec (  0.89 %)
Div =     0.00 sec (  3.13 %)
Aig =     0.00 sec (  2.87 %)
Gia =     0.00 sec (  0.00 %)
Cnf =     0.00 sec (  0.64 %)
Sat =     0.06 sec ( 61.20 %)
Int =     0.00 sec (  0.00 %)
ALL =     0.10 sec (100.00 %)
round 23

0%   10   20   30   40   50   60   70   80   90   100%
|----|----|----|----|----|----|----|----|----|----|
seed = 1566900140 patience = 0
***************************************************
best node n302 best error 0.0104785
time = 214163468
ksa32_23_0.0104785
area = 801
delay = 17.3
write_blif appntk/ksa32_23_0.0104785_801_17.3.blif
sis -x -c "read_library data/genlib/mcnc.genlib;read_blif appntk/ksa32_23_0.0104785_801_17.3.blif;print_map_stats" | grep -e "Most Negative Slack" -e "Total Area"
"appntk/ksa32_23_0.0104785_801_17.3.blif", line 14: .and_gate_delay 1.9
Total Area		= 801.00
Most Negative Slack	= -26.60
Nodes = 406. Try = 406. Resub = 0. Div = 19445. SAT calls = 1558. Timeouts = 0. MaxDivs = 0.
Attempts :   Remove      0 out of    812 (  0.00 %)   Resub       0 out of    186 (  0.00 %)   
Reduction:   Nodes       0 out of    406 (  0.00 %)   Edges       0 out of    812 (  0.00 %)   
Win =     0.00 sec (  0.87 %)
Div =     0.00 sec (  3.12 %)
Aig =     0.00 sec (  2.85 %)
Gia =     0.00 sec (  0.00 %)
Cnf =     0.00 sec (  0.63 %)
Sat =     0.06 sec ( 60.16 %)
Int =     0.00 sec (  0.00 %)
ALL =     0.09 sec (100.00 %)
round 24

0%   10   20   30   40   50   60   70   80   90   100%
|----|----|----|----|----|----|----|----|----|----|
seed = 1566900145 patience = 0
***************************************************
best node n473 best error 0.0113965
time = 219592854
ksa32_24_0.0113965
area = 793
delay = 17.3
write_blif appntk/ksa32_24_0.0113965_793_17.3.blif
sis -x -c "read_library data/genlib/mcnc.genlib;read_blif appntk/ksa32_24_0.0113965_793_17.3.blif;print_map_stats" | grep -e "Most Negative Slack" -e "Total Area"
"appntk/ksa32_24_0.0113965_793_17.3.blif", line 14: .and_gate_delay 1.9
Total Area		= 793.00
Most Negative Slack	= -26.60
Nodes = 402. Try = 402. Resub = 0. Div = 18563. SAT calls = 1537. Timeouts = 0. MaxDivs = 0.
Attempts :   Remove      0 out of    804 (  0.00 %)   Resub       0 out of    184 (  0.00 %)   
Reduction:   Nodes       0 out of    402 (  0.00 %)   Edges       0 out of    804 (  0.00 %)   
Win =     0.00 sec (  0.85 %)
Div =     0.00 sec (  3.04 %)
Aig =     0.00 sec (  2.80 %)
Gia =     0.00 sec (  0.00 %)
Cnf =     0.00 sec (  0.64 %)
Sat =     0.05 sec ( 59.29 %)
Int =     0.00 sec (  0.00 %)
ALL =     0.09 sec (100.00 %)
round 25

0%   10   20   30   40   50   60   70   80   90   100%
|----|----|----|----|----|----|----|----|----|----|
seed = 1566900150 patience = 0
***************************************************
best node n262 best error 0.012832
time = 224050924
ksa32_25_0.012832
area = 779
delay = 17.3
write_blif appntk/ksa32_25_0.012832_779_17.3.blif
sis -x -c "read_library data/genlib/mcnc.genlib;read_blif appntk/ksa32_25_0.012832_779_17.3.blif;print_map_stats" | grep -e "Most Negative Slack" -e "Total Area"
"appntk/ksa32_25_0.012832_779_17.3.blif", line 14: .and_gate_delay 1.9
Total Area		= 779.00
Most Negative Slack	= -26.60
Nodes = 399. Try = 399. Resub = 0. Div = 17347. SAT calls = 1502. Timeouts = 0. MaxDivs = 0.
Attempts :   Remove      0 out of    798 (  0.00 %)   Resub       0 out of    183 (  0.00 %)   
Reduction:   Nodes       0 out of    399 (  0.00 %)   Edges       0 out of    798 (  0.00 %)   
Win =     0.00 sec (  0.85 %)
Div =     0.00 sec (  2.98 %)
Aig =     0.00 sec (  2.80 %)
Gia =     0.00 sec (  0.00 %)
Cnf =     0.00 sec (  0.62 %)
Sat =     0.05 sec ( 58.29 %)
Int =     0.00 sec (  0.00 %)
ALL =     0.09 sec (100.00 %)
round 26

0%   10   20   30   40   50   60   70   80   90   100%
|----|----|----|----|----|----|----|----|----|----|
seed = 1566900155 patience = 0
***************************************************
best node n495 best error 0.0143164
time = 228252768
ksa32_26_0.0143164
area = 774
delay = 17.1
write_blif appntk/ksa32_26_0.0143164_774_17.1.blif
sis -x -c "read_library data/genlib/mcnc.genlib;read_blif appntk/ksa32_26_0.0143164_774_17.1.blif;print_map_stats" | grep -e "Most Negative Slack" -e "Total Area"
"appntk/ksa32_26_0.0143164_774_17.1.blif", line 14: .and_gate_delay 1.9
Total Area		= 774.00
Most Negative Slack	= -26.40
Nodes = 395. Try = 395. Resub = 0. Div = 16959. SAT calls = 1487. Timeouts = 0. MaxDivs = 0.
Attempts :   Remove      0 out of    790 (  0.00 %)   Resub       0 out of    180 (  0.00 %)   
Reduction:   Nodes       0 out of    395 (  0.00 %)   Edges       0 out of    790 (  0.00 %)   
Win =     0.00 sec (  0.86 %)
Div =     0.00 sec (  2.99 %)
Aig =     0.00 sec (  2.76 %)
Gia =     0.00 sec (  0.00 %)
Cnf =     0.00 sec (  0.66 %)
Sat =     0.05 sec ( 58.19 %)
Int =     0.00 sec (  0.00 %)
ALL =     0.09 sec (100.00 %)
round 27

0%   10   20   30   40   50   60   70   80   90   100%
|----|----|----|----|----|----|----|----|----|----|
seed = 1566900159 patience = 0
***************************************************
best node n365 best error 0.0182617
time = 231976385
ksa32_27_0.0182617
area = 768
delay = 17.1
write_blif appntk/ksa32_27_0.0182617_768_17.1.blif
sis -x -c "read_library data/genlib/mcnc.genlib;read_blif appntk/ksa32_27_0.0182617_768_17.1.blif;print_map_stats" | grep -e "Most Negative Slack" -e "Total Area"
"appntk/ksa32_27_0.0182617_768_17.1.blif", line 14: .and_gate_delay 1.9
Total Area		= 768.00
Most Negative Slack	= -26.90
Nodes = 392. Try = 392. Resub = 0. Div = 16715. SAT calls = 1481. Timeouts = 0. MaxDivs = 0.
Attempts :   Remove      0 out of    784 (  0.00 %)   Resub       0 out of    180 (  0.00 %)   
Reduction:   Nodes       0 out of    392 (  0.00 %)   Edges       0 out of    784 (  0.00 %)   
Win =     0.00 sec (  0.84 %)
Div =     0.00 sec (  2.98 %)
Aig =     0.00 sec (  2.76 %)
Gia =     0.00 sec (  0.00 %)
Cnf =     0.00 sec (  0.61 %)
Sat =     0.05 sec ( 58.68 %)
Int =     0.00 sec (  0.00 %)
ALL =     0.08 sec (100.00 %)
round 28

0%   10   20   30   40   50   60   70   80   90   100%
|----|----|----|----|----|----|----|----|----|----|
seed = 1566900163 patience = 0
***************************************************
best node n472 best error 0.0197266
time = 235975604
ksa32_28_0.0197266
area = 765
delay = 17.1
write_blif appntk/ksa32_28_0.0197266_765_17.1.blif
sis -x -c "read_library data/genlib/mcnc.genlib;read_blif appntk/ksa32_28_0.0197266_765_17.1.blif;print_map_stats" | grep -e "Most Negative Slack" -e "Total Area"
"appntk/ksa32_28_0.0197266_765_17.1.blif", line 14: .and_gate_delay 1.9
Total Area		= 765.00
Most Negative Slack	= -26.90
Nodes = 390. Try = 392. Resub = 3. Div = 16267. SAT calls = 1459. Timeouts = 0. MaxDivs = 0.
Attempts :   Remove      1 out of    781 (  0.13 %)   Resub       2 out of    178 (  1.12 %)   
Reduction:   Nodes       5 out of    390 (  1.28 %)   Edges      10 out of    780 (  1.28 %)   
Win =     0.00 sec (  0.88 %)
Div =     0.00 sec (  2.94 %)
Aig =     0.00 sec (  2.71 %)
Gia =     0.00 sec (  0.00 %)
Cnf =     0.00 sec (  0.62 %)
Sat =     0.05 sec ( 56.55 %)
Int =     0.00 sec (  1.07 %)
ALL =     0.08 sec (100.00 %)
round 29

0%   10   20   30   40   50   60   70   80   90   100%
|----|----|----|----|----|----|----|----|----|----|
seed = 1566900167 patience = 0
***************************************************
best node n374 best error 0.0197266
time = 239597096
ksa32_29_0.0197266
area = 741
delay = 14.6
write_blif appntk/ksa32_29_0.0197266_741_14.6.blif
sis -x -c "read_library data/genlib/mcnc.genlib;read_blif appntk/ksa32_29_0.0197266_741_14.6.blif;print_map_stats" | grep -e "Most Negative Slack" -e "Total Area"
"appntk/ksa32_29_0.0197266_741_14.6.blif", line 14: .and_gate_delay 1.9
Total Area		= 741.00
Most Negative Slack	= -22.20
Nodes = 380. Try = 381. Resub = 1. Div = 15639. SAT calls = 1390. Timeouts = 0. MaxDivs = 0.
Attempts :   Remove      0 out of    761 (  0.00 %)   Resub       1 out of    172 (  0.58 %)   
Reduction:   Nodes       2 out of    380 (  0.53 %)   Edges       4 out of    760 (  0.53 %)   
Win =     0.00 sec (  0.87 %)
Div =     0.00 sec (  2.98 %)
Aig =     0.00 sec (  2.72 %)
Gia =     0.00 sec (  0.00 %)
Cnf =     0.00 sec (  0.60 %)
Sat =     0.04 sec ( 56.72 %)
Int =     0.00 sec (  0.53 %)
ALL =     0.08 sec (100.00 %)
round 30

0%   10   20   30   40   50   60   70   80   90   100%
|----|----|----|----|----|----|----|----|----|----|
seed = 1566900170 patience = 0
***************************************************
best node n448 best error 0.0206641
time = 243352803
ksa32_30_0.0206641
area = 733
delay = 16.7
write_blif appntk/ksa32_30_0.0206641_733_16.7.blif
sis -x -c "read_library data/genlib/mcnc.genlib;read_blif appntk/ksa32_30_0.0206641_733_16.7.blif;print_map_stats" | grep -e "Most Negative Slack" -e "Total Area"
"appntk/ksa32_30_0.0206641_733_16.7.blif", line 14: .and_gate_delay 1.9
Total Area		= 733.00
Most Negative Slack	= -26.50
Nodes = 377. Try = 378. Resub = 1. Div = 15441. SAT calls = 1364. Timeouts = 0. MaxDivs = 0.
Attempts :   Remove      0 out of    755 (  0.00 %)   Resub       1 out of    170 (  0.59 %)   
Reduction:   Nodes       1 out of    377 (  0.27 %)   Edges       2 out of    754 (  0.27 %)   
Win =     0.00 sec (  0.88 %)
Div =     0.00 sec (  2.99 %)
Aig =     0.00 sec (  2.78 %)
Gia =     0.00 sec (  0.00 %)
Cnf =     0.00 sec (  0.64 %)
Sat =     0.04 sec ( 56.32 %)
Int =     0.00 sec (  0.57 %)
ALL =     0.08 sec (100.00 %)
round 31

0%   10   20   30   40   50   60   70   80   90   100%
|----|----|----|----|----|----|----|----|----|----|
seed = 1566900174 patience = 0
***************************************************
best node n290 best error 0.0244238
time = 247197616
ksa32_31_0.0244238
area = 729
delay = 17.1
write_blif appntk/ksa32_31_0.0244238_729_17.1.blif
sis -x -c "read_library data/genlib/mcnc.genlib;read_blif appntk/ksa32_31_0.0244238_729_17.1.blif;print_map_stats" | grep -e "Most Negative Slack" -e "Total Area"
"appntk/ksa32_31_0.0244238_729_17.1.blif", line 14: .and_gate_delay 1.9
Total Area		= 729.00
Most Negative Slack	= -25.90
Nodes = 375. Try = 377. Resub = 3. Div = 15389. SAT calls = 1387. Timeouts = 0. MaxDivs = 0.
Attempts :   Remove      1 out of    751 (  0.13 %)   Resub       2 out of    168 (  1.19 %)   
Reduction:   Nodes       2 out of    375 (  0.53 %)   Edges       4 out of    750 (  0.53 %)   
Win =     0.00 sec (  0.84 %)
Div =     0.00 sec (  2.99 %)
Aig =     0.00 sec (  2.72 %)
Gia =     0.00 sec (  0.00 %)
Cnf =     0.00 sec (  0.62 %)
Sat =     0.04 sec ( 56.79 %)
Int =     0.00 sec (  1.03 %)
ALL =     0.08 sec (100.00 %)
round 32

0%   10   20   30   40   50   60   70   80   90   100%
|----|----|----|----|----|----|----|----|----|----|
seed = 1566900178 patience = 0
***************************************************
best node n335 best error 0.0338965
time = 250519701
ksa32_32_0.0338965
area = 727
delay = 19.2
write_blif appntk/ksa32_32_0.0338965_727_19.2.blif
sis -x -c "read_library data/genlib/mcnc.genlib;read_blif appntk/ksa32_32_0.0338965_727_19.2.blif;print_map_stats" | grep -e "Most Negative Slack" -e "Total Area"
"appntk/ksa32_32_0.0338965_727_19.2.blif", line 14: .and_gate_delay 1.9
Total Area		= 727.00
Most Negative Slack	= -28.50
Nodes = 369. Try = 370. Resub = 1. Div = 14832. SAT calls = 1402. Timeouts = 0. MaxDivs = 0.
Attempts :   Remove      0 out of    739 (  0.00 %)   Resub       1 out of    168 (  0.60 %)   
Reduction:   Nodes       1 out of    369 (  0.27 %)   Edges       2 out of    738 (  0.27 %)   
Win =     0.00 sec (  0.84 %)
Div =     0.00 sec (  2.97 %)
Aig =     0.00 sec (  2.66 %)
Gia =     0.00 sec (  0.00 %)
Cnf =     0.00 sec (  0.59 %)
Sat =     0.04 sec ( 57.17 %)
Int =     0.00 sec (  0.49 %)
ALL =     0.08 sec (100.00 %)
round 33

0%   10   20   30   40   50   60   70   80   90   100%
|----|----|----|----|----|----|----|----|----|----|
seed = 1566900181 patience = 0
***************************************************
best node n300 best error 0.0338965
time = 253836369
ksa32_33_0.0338965
area = 718
delay = 15.7
write_blif appntk/ksa32_33_0.0338965_718_15.7.blif
sis -x -c "read_library data/genlib/mcnc.genlib;read_blif appntk/ksa32_33_0.0338965_718_15.7.blif;print_map_stats" | grep -e "Most Negative Slack" -e "Total Area"
"appntk/ksa32_33_0.0338965_718_15.7.blif", line 14: .and_gate_delay 1.9
Total Area		= 718.00
Most Negative Slack	= -24.80
Nodes = 367. Try = 369. Resub = 4. Div = 14707. SAT calls = 1356. Timeouts = 0. MaxDivs = 0.
Attempts :   Remove      0 out of    734 (  0.00 %)   Resub       4 out of    168 (  2.38 %)   
Reduction:   Nodes       5 out of    367 (  1.36 %)   Edges      10 out of    734 (  1.36 %)   
Win =     0.00 sec (  0.86 %)
Div =     0.00 sec (  2.93 %)
Aig =     0.00 sec (  2.65 %)
Gia =     0.00 sec (  0.00 %)
Cnf =     0.00 sec (  0.61 %)
Sat =     0.04 sec ( 56.16 %)
Int =     0.00 sec (  1.17 %)
ALL =     0.08 sec (100.00 %)
round 34

0%   10   20   30   40   50   60   70   80   90   100%
|----|----|----|----|----|----|----|----|----|----|
seed = 1566900185 patience = 0
***************************************************
best node n407 best error 0.0395117
time = 257091523
ksa32_34_0.0395117
area = 712
delay = 16.5
write_blif appntk/ksa32_34_0.0395117_712_16.5.blif
sis -x -c "read_library data/genlib/mcnc.genlib;read_blif appntk/ksa32_34_0.0395117_712_16.5.blif;print_map_stats" | grep -e "Most Negative Slack" -e "Total Area"
"appntk/ksa32_34_0.0395117_712_16.5.blif", line 14: .and_gate_delay 1.9
Total Area		= 712.00
Most Negative Slack	= -24.80
Nodes = 358. Try = 359. Resub = 1. Div = 13862. SAT calls = 1328. Timeouts = 0. MaxDivs = 0.
Attempts :   Remove      0 out of    717 (  0.00 %)   Resub       1 out of    160 (  0.62 %)   
Reduction:   Nodes       1 out of    358 (  0.28 %)   Edges       2 out of    716 (  0.28 %)   
Win =     0.00 sec (  0.85 %)
Div =     0.00 sec (  2.85 %)
Aig =     0.00 sec (  2.68 %)
Gia =     0.00 sec (  0.00 %)
Cnf =     0.00 sec (  0.64 %)
Sat =     0.04 sec ( 55.65 %)
Int =     0.00 sec (  0.49 %)
ALL =     0.07 sec (100.00 %)
round 35

0%   10   20   30   40   50   60   70   80   90   100%
|----|----|----|----|----|----|----|----|----|----|
seed = 1566900188 patience = 0
***************************************************
best node n405 best error 0.0452539
time = 259985719
ksa32_35_0.0452539
area = 708
delay = 17.4
write_blif appntk/ksa32_35_0.0452539_708_17.4.blif
sis -x -c "read_library data/genlib/mcnc.genlib;read_blif appntk/ksa32_35_0.0452539_708_17.4.blif;print_map_stats" | grep -e "Most Negative Slack" -e "Total Area"
"appntk/ksa32_35_0.0452539_708_17.4.blif", line 14: .and_gate_delay 1.9
Total Area		= 708.00
Most Negative Slack	= -26.90
Nodes = 356. Try = 357. Resub = 1. Div = 13761. SAT calls = 1309. Timeouts = 0. MaxDivs = 0.
Attempts :   Remove      0 out of    713 (  0.00 %)   Resub       1 out of    159 (  0.63 %)   
Reduction:   Nodes       1 out of    356 (  0.28 %)   Edges       2 out of    712 (  0.28 %)   
Win =     0.00 sec (  0.85 %)
Div =     0.00 sec (  2.92 %)
Aig =     0.00 sec (  2.70 %)
Gia =     0.00 sec (  0.00 %)
Cnf =     0.00 sec (  0.62 %)
Sat =     0.04 sec ( 56.54 %)
Int =     0.00 sec (  0.50 %)
ALL =     0.07 sec (100.00 %)
round 36

0%   10   20   30   40   50   60   70   80   90   100%
|----|----|----|----|----|----|----|----|----|----|
seed = 1566900191 patience = 0
***************************************************
best node n144 best error 0.0567188
time = 262766642
