Entered genlib library with 23 gates from file "data/genlib/mcnc.genlib".
Nodes = 462. Try = 434. Resub = 5. Div = 39880. SAT calls = 1385. Timeouts = 0. MaxDivs = 48.
Attempts :   Remove      3 out of    863 (  0.35 %)   Resub       2 out of    119 (  1.68 %)   
Reduction:   Nodes       4 out of    462 (  0.87 %)   Edges       9 out of    924 (  0.97 %)   
Win =     0.00 sec (  0.66 %)
Div =     0.01 sec (  2.65 %)
Aig =     0.01 sec (  2.45 %)
Gia =     0.00 sec (  0.00 %)
Cnf =     0.00 sec (  0.41 %)
Sat =     0.24 sec ( 75.32 %)
Int =     0.00 sec (  1.02 %)
ALL =     0.32 sec (100.00 %)
round 0

0%   10   20   30   40   50   60   70   80   90   100%
|----|----|----|----|----|----|----|----|----|----|
seed = 1566899930 patience = 0
***************************************************
best node n244 best error 0.00266602
time = 5749852
wal8_0_0.00266602
area = 970
delay = 36.4
write_blif appntk/wal8_0_0.00266602_970_36.4.blif
sis -x -c "read_library data/genlib/mcnc.genlib;read_blif appntk/wal8_0_0.00266602_970_36.4.blif;print_map_stats" | grep -e "Most Negative Slack" -e "Total Area"
"appntk/wal8_0_0.00266602_970_36.4.blif", line 11: .and_gate_delay 1.9
Total Area		= 970.00
Most Negative Slack	= -53.90
Nodes = 455. Try = 425. Resub = 0. Div = 38219. SAT calls = 1330. Timeouts = 0. MaxDivs = 47.
Attempts :   Remove      0 out of    850 (  0.00 %)   Resub       0 out of    116 (  0.00 %)   
Reduction:   Nodes       0 out of    455 (  0.00 %)   Edges       0 out of    910 (  0.00 %)   
Win =     0.00 sec (  0.63 %)
Div =     0.01 sec (  2.65 %)
Aig =     0.01 sec (  2.38 %)
Gia =     0.00 sec (  0.00 %)
Cnf =     0.00 sec (  0.43 %)
Sat =     0.18 sec ( 76.52 %)
Int =     0.00 sec (  0.00 %)
ALL =     0.24 sec (100.00 %)
round 1

0%   10   20   30   40   50   60   70   80   90   100%
|----|----|----|----|----|----|----|----|----|----|
seed = 1566899936 patience = 0
***************************************************
best node n182 best error 0.0053125
time = 10741101
wal8_1_0.0053125
area = 965
delay = 36.2
write_blif appntk/wal8_1_0.0053125_965_36.2.blif
sis -x -c "read_library data/genlib/mcnc.genlib;read_blif appntk/wal8_1_0.0053125_965_36.2.blif;print_map_stats" | grep -e "Most Negative Slack" -e "Total Area"
"appntk/wal8_1_0.0053125_965_36.2.blif", line 11: .and_gate_delay 1.9
Total Area		= 965.00
Most Negative Slack	= -52.90
Nodes = 452. Try = 423. Resub = 2. Div = 37718. SAT calls = 1344. Timeouts = 0. MaxDivs = 46.
Attempts :   Remove      0 out of    844 (  0.00 %)   Resub       2 out of    114 (  1.75 %)   
Reduction:   Nodes       2 out of    452 (  0.44 %)   Edges       4 out of    904 (  0.44 %)   
Win =     0.00 sec (  0.62 %)
Div =     0.01 sec (  2.56 %)
Aig =     0.00 sec (  2.19 %)
Gia =     0.00 sec (  0.00 %)
Cnf =     0.00 sec (  0.41 %)
Sat =     0.17 sec ( 78.14 %)
Int =     0.00 sec (  0.48 %)
ALL =     0.22 sec (100.00 %)
round 2

0%   10   20   30   40   50   60   70   80   90   100%
|----|----|----|----|----|----|----|----|----|----|
seed = 1566899941 patience = 0
***************************************************
best node n287 best error 0.0053125
time = 16878813
wal8_2_0.0053125
area = 959
delay = 36.9
write_blif appntk/wal8_2_0.0053125_959_36.9.blif
sis -x -c "read_library data/genlib/mcnc.genlib;read_blif appntk/wal8_2_0.0053125_959_36.9.blif;print_map_stats" | grep -e "Most Negative Slack" -e "Total Area"
"appntk/wal8_2_0.0053125_959_36.9.blif", line 11: .and_gate_delay 1.9
Total Area		= 959.00
Most Negative Slack	= -56.10
Nodes = 449. Try = 418. Resub = 0. Div = 36404. SAT calls = 1289. Timeouts = 0. MaxDivs = 43.
Attempts :   Remove      0 out of    836 (  0.00 %)   Resub       0 out of    113 (  0.00 %)   
Reduction:   Nodes       0 out of    449 (  0.00 %)   Edges       0 out of    898 (  0.00 %)   
Win =     0.00 sec (  0.70 %)
Div =     0.01 sec (  2.77 %)
Aig =     0.01 sec (  2.48 %)
Gia =     0.00 sec (  0.00 %)
Cnf =     0.00 sec (  0.44 %)
Sat =     0.20 sec ( 76.21 %)
Int =     0.00 sec (  0.00 %)
ALL =     0.26 sec (100.00 %)
round 3

0%   10   20   30   40   50   60   70   80   90   100%
|----|----|----|----|----|----|----|----|----|----|
seed = 1566899948 patience = 0
***************************************************
best node n96 best error 0.0123633
time = 23275748
wal8_3_0.0123633
area = 954
delay = 36.9
write_blif appntk/wal8_3_0.0123633_954_36.9.blif
sis -x -c "read_library data/genlib/mcnc.genlib;read_blif appntk/wal8_3_0.0123633_954_36.9.blif;print_map_stats" | grep -e "Most Negative Slack" -e "Total Area"
"appntk/wal8_3_0.0123633_954_36.9.blif", line 11: .and_gate_delay 1.9
Total Area		= 954.00
Most Negative Slack	= -54.90
Nodes = 446. Try = 415. Resub = 0. Div = 36100. SAT calls = 1287. Timeouts = 0. MaxDivs = 43.
Attempts :   Remove      0 out of    830 (  0.00 %)   Resub       0 out of    113 (  0.00 %)   
Reduction:   Nodes       0 out of    446 (  0.00 %)   Edges       0 out of    892 (  0.00 %)   
Win =     0.00 sec (  0.63 %)
Div =     0.01 sec (  2.69 %)
Aig =     0.01 sec (  2.44 %)
Gia =     0.00 sec (  0.00 %)
Cnf =     0.00 sec (  0.42 %)
Sat =     0.21 sec ( 75.59 %)
Int =     0.00 sec (  0.00 %)
ALL =     0.28 sec (100.00 %)
round 4

0%   10   20   30   40   50   60   70   80   90   100%
|----|----|----|----|----|----|----|----|----|----|
seed = 1566899954 patience = 0
***************************************************
time = 29702103
wal8_4_0.0123633
area = 954
delay = 36.9
write_blif appntk/wal8_4_0.0123633_954_36.9.blif
sis -x -c "read_library data/genlib/mcnc.genlib;read_blif appntk/wal8_4_0.0123633_954_36.9.blif;print_map_stats" | grep -e "Most Negative Slack" -e "Total Area"
"appntk/wal8_4_0.0123633_954_36.9.blif", line 11: .and_gate_delay 1.9
Total Area		= 954.00
Most Negative Slack	= -54.90
Nodes = 446. Try = 415. Resub = 0. Div = 36100. SAT calls = 1288. Timeouts = 0. MaxDivs = 43.
Attempts :   Remove      0 out of    830 (  0.00 %)   Resub       0 out of    113 (  0.00 %)   
Reduction:   Nodes       0 out of    446 (  0.00 %)   Edges       0 out of    892 (  0.00 %)   
Win =     0.00 sec (  0.62 %)
Div =     0.01 sec (  2.81 %)
Aig =     0.01 sec (  2.60 %)
Gia =     0.00 sec (  0.00 %)
Cnf =     0.00 sec (  0.43 %)
Sat =     0.20 sec ( 75.36 %)
Int =     0.00 sec (  0.00 %)
ALL =     0.27 sec (100.00 %)
round 5

0%   10   20   30   40   50   60   70   80   90   100%
|----|----|----|----|----|----|----|----|----|----|
seed = 1566899961 patience = 1
***************************************************
best node n278 best error 0.0229004
time = 35984766
wal8_5_0.0229004
area = 955
delay = 37.4
write_blif appntk/wal8_5_0.0229004_955_37.4.blif
sis -x -c "read_library data/genlib/mcnc.genlib;read_blif appntk/wal8_5_0.0229004_955_37.4.blif;print_map_stats" | grep -e "Most Negative Slack" -e "Total Area"
"appntk/wal8_5_0.0229004_955_37.4.blif", line 11: .and_gate_delay 1.9
Total Area		= 955.00
Most Negative Slack	= -54.10
Nodes = 444. Try = 413. Resub = 0. Div = 35436. SAT calls = 1283. Timeouts = 0. MaxDivs = 41.
Attempts :   Remove      0 out of    826 (  0.00 %)   Resub       0 out of    113 (  0.00 %)   
Reduction:   Nodes       0 out of    444 (  0.00 %)   Edges       0 out of    888 (  0.00 %)   
Win =     0.00 sec (  0.59 %)
Div =     0.01 sec (  2.60 %)
Aig =     0.00 sec (  2.20 %)
Gia =     0.00 sec (  0.00 %)
Cnf =     0.00 sec (  0.42 %)
Sat =     0.16 sec ( 78.56 %)
Int =     0.00 sec (  0.00 %)
ALL =     0.21 sec (100.00 %)
round 6

0%   10   20   30   40   50   60   70   80   90   100%
|----|----|----|----|----|----|----|----|----|----|
seed = 1566899967 patience = 0
***************************************************
best node n230 best error 0.032959
time = 41728693
wal8_6_0.032959
area = 953
delay = 35.2
write_blif appntk/wal8_6_0.032959_953_35.2.blif
sis -x -c "read_library data/genlib/mcnc.genlib;read_blif appntk/wal8_6_0.032959_953_35.2.blif;print_map_stats" | grep -e "Most Negative Slack" -e "Total Area"
"appntk/wal8_6_0.032959_953_35.2.blif", line 11: .and_gate_delay 1.9
Total Area		= 953.00
Most Negative Slack	= -51.60
Nodes = 443. Try = 416. Resub = 0. Div = 35828. SAT calls = 1313. Timeouts = 0. MaxDivs = 40.
Attempts :   Remove      0 out of    830 (  0.00 %)   Resub       0 out of    114 (  0.00 %)   
Reduction:   Nodes       0 out of    443 (  0.00 %)   Edges       0 out of    886 (  0.00 %)   
Win =     0.00 sec (  0.62 %)
Div =     0.01 sec (  2.67 %)
Aig =     0.01 sec (  2.47 %)
Gia =     0.00 sec (  0.00 %)
Cnf =     0.00 sec (  0.41 %)
Sat =     0.21 sec ( 76.64 %)
Int =     0.00 sec (  0.00 %)
ALL =     0.27 sec (100.00 %)
round 7

0%   10   20   30   40   50   60   70   80   90   100%
|----|----|----|----|----|----|----|----|----|----|
seed = 1566899973 patience = 0
***************************************************
best node n68 best error 0.0465625
time = 46465955
wal8_7_0.0465625
area = 951
delay = 38.3
write_blif appntk/wal8_7_0.0465625_951_38.3.blif
sis -x -c "read_library data/genlib/mcnc.genlib;read_blif appntk/wal8_7_0.0465625_951_38.3.blif;print_map_stats" | grep -e "Most Negative Slack" -e "Total Area"
"appntk/wal8_7_0.0465625_951_38.3.blif", line 11: .and_gate_delay 1.9
Total Area		= 951.00
Most Negative Slack	= -53.90
Nodes = 441. Try = 414. Resub = 0. Div = 35675. SAT calls = 1300. Timeouts = 0. MaxDivs = 40.
Attempts :   Remove      0 out of    826 (  0.00 %)   Resub       0 out of    114 (  0.00 %)   
Reduction:   Nodes       0 out of    441 (  0.00 %)   Edges       0 out of    882 (  0.00 %)   
Win =     0.00 sec (  0.62 %)
Div =     0.01 sec (  2.56 %)
Aig =     0.00 sec (  2.18 %)
Gia =     0.00 sec (  0.00 %)
Cnf =     0.00 sec (  0.42 %)
Sat =     0.16 sec ( 78.98 %)
Int =     0.00 sec (  0.00 %)
ALL =     0.21 sec (100.00 %)
round 8

0%   10   20   30   40   50   60   70   80   90   100%
|----|----|----|----|----|----|----|----|----|----|
seed = 1566899977 patience = 0
***************************************************
best node n67 best error 0.0531641
time = 52330559
