Entered genlib library with 23 gates from file "data/genlib/mcnc.genlib".
Nodes = 683. Try = 580. Resub = 2. Div = 17062. SAT calls = 2527. Timeouts = 0. MaxDivs = 6.
Attempts :   Remove      1 out of   1154 (  0.09 %)   Resub       1 out of    443 (  0.23 %)   
Reduction:   Nodes       1 out of    683 (  0.15 %)   Edges       2 out of   1261 (  0.16 %)   
Win =     0.00 sec (  1.32 %)
Div =     0.00 sec (  2.16 %)
Aig =     0.00 sec (  2.80 %)
Gia =     0.00 sec (  0.00 %)
Cnf =     0.00 sec (  0.52 %)
Sat =     0.10 sec ( 54.90 %)
Int =     0.00 sec (  0.99 %)
ALL =     0.17 sec (100.00 %)
round 0

0%   10   20   30   40   50   60   70   80   90   100%
|----|----|----|----|----|----|----|----|----|----|
seed = 1566880928 patience = 0
***************************************************
best node n740 best error 0
time = 19805425
c2670_0_0
area = 1129
delay = 19.8
write_blif appntk/c2670_0_0_1129_19.8.blif
sis -x -c "read_library data/genlib/mcnc.genlib;read_blif appntk/c2670_0_0_1129_19.8.blif;print_map_stats" | grep -e "Most Negative Slack" -e "Total Area"
"appntk/c2670_0_0_1129_19.8.blif", line 33: .and_gate_delay 1.9
Total Area		= 1129.00
Most Negative Slack	= -38.20
Nodes = 675. Try = 572. Resub = 1. Div = 16038. SAT calls = 2375. Timeouts = 0. MaxDivs = 5.
Attempts :   Remove      0 out of   1139 (  0.00 %)   Resub       1 out of    439 (  0.23 %)   
Reduction:   Nodes       1 out of    675 (  0.15 %)   Edges       2 out of   1245 (  0.16 %)   
Win =     0.00 sec (  1.26 %)
Div =     0.00 sec (  2.17 %)
Aig =     0.00 sec (  2.66 %)
Gia =     0.00 sec (  0.00 %)
Cnf =     0.00 sec (  0.57 %)
Sat =     0.07 sec ( 56.98 %)
Int =     0.00 sec (  0.37 %)
ALL =     0.12 sec (100.00 %)
round 1

0%   10   20   30   40   50   60   70   80   90   100%
|----|----|----|----|----|----|----|----|----|----|
seed = 1566880948 patience = 0
***************************************************
best node n731 best error 0
time = 35499886
c2670_1_0
area = 1114
delay = 22.9
write_blif appntk/c2670_1_0_1114_22.9.blif
sis -x -c "read_library data/genlib/mcnc.genlib;read_blif appntk/c2670_1_0_1114_22.9.blif;print_map_stats" | grep -e "Most Negative Slack" -e "Total Area"
"appntk/c2670_1_0_1114_22.9.blif", line 33: .and_gate_delay 1.9
Total Area		= 1114.00
Most Negative Slack	= -43.80
Nodes = 670. Try = 566. Resub = 0. Div = 15806. SAT calls = 2498. Timeouts = 0. MaxDivs = 5.
Attempts :   Remove      0 out of   1128 (  0.00 %)   Resub       0 out of    435 (  0.00 %)   
Reduction:   Nodes       0 out of    670 (  0.00 %)   Edges       0 out of   1235 (  0.00 %)   
Win =     0.00 sec (  1.22 %)
Div =     0.00 sec (  2.09 %)
Aig =     0.00 sec (  2.71 %)
Gia =     0.00 sec (  0.00 %)
Cnf =     0.00 sec (  0.53 %)
Sat =     0.08 sec ( 53.56 %)
Int =     0.00 sec (  0.00 %)
ALL =     0.15 sec (100.00 %)
round 2

0%   10   20   30   40   50   60   70   80   90   100%
|----|----|----|----|----|----|----|----|----|----|
seed = 1566880964 patience = 0
***************************************************
best node n729 best error 0
time = 52547271
c2670_2_0
area = 1114
delay = 20.1
write_blif appntk/c2670_2_0_1114_20.1.blif
sis -x -c "read_library data/genlib/mcnc.genlib;read_blif appntk/c2670_2_0_1114_20.1.blif;print_map_stats" | grep -e "Most Negative Slack" -e "Total Area"
"appntk/c2670_2_0_1114_20.1.blif", line 33: .and_gate_delay 1.9
Warning: network `c2670', node "G32" does not fanout
Total Area		= 1114.00
Most Negative Slack	= -36.70
Nodes = 668. Try = 564. Resub = 0. Div = 16011. SAT calls = 2413. Timeouts = 0. MaxDivs = 5.
Attempts :   Remove      0 out of   1124 (  0.00 %)   Resub       0 out of    434 (  0.00 %)   
Reduction:   Nodes       0 out of    668 (  0.00 %)   Edges       0 out of   1231 (  0.00 %)   
Win =     0.00 sec (  1.23 %)
Div =     0.00 sec (  2.18 %)
Aig =     0.00 sec (  2.61 %)
Gia =     0.00 sec (  0.00 %)
Cnf =     0.00 sec (  0.54 %)
Sat =     0.07 sec ( 57.31 %)
Int =     0.00 sec (  0.00 %)
ALL =     0.11 sec (100.00 %)
round 3

0%   10   20   30   40   50   60   70   80   90   100%
|----|----|----|----|----|----|----|----|----|----|
seed = 1566880981 patience = 0
***************************************************
best node n724 best error 0
time = 68605529
c2670_3_0
area = 1123
delay = 22.4
write_blif appntk/c2670_3_0_1123_22.4.blif
sis -x -c "read_library data/genlib/mcnc.genlib;read_blif appntk/c2670_3_0_1123_22.4.blif;print_map_stats" | grep -e "Most Negative Slack" -e "Total Area"
"appntk/c2670_3_0_1123_22.4.blif", line 33: .and_gate_delay 1.9
Warning: network `c2670', node "G32" does not fanout
Total Area		= 1123.00
Most Negative Slack	= -43.10
Nodes = 667. Try = 563. Resub = 0. Div = 16165. SAT calls = 2447. Timeouts = 0. MaxDivs = 6.
Attempts :   Remove      0 out of   1122 (  0.00 %)   Resub       0 out of    432 (  0.00 %)   
Reduction:   Nodes       0 out of    667 (  0.00 %)   Edges       0 out of   1229 (  0.00 %)   
Win =     0.00 sec (  1.28 %)
Div =     0.00 sec (  2.27 %)
Aig =     0.00 sec (  2.68 %)
Gia =     0.00 sec (  0.00 %)
Cnf =     0.00 sec (  0.56 %)
Sat =     0.07 sec ( 56.98 %)
Int =     0.00 sec (  0.00 %)
ALL =     0.11 sec (100.00 %)
round 4

0%   10   20   30   40   50   60   70   80   90   100%
|----|----|----|----|----|----|----|----|----|----|
seed = 1566880997 patience = 0
***************************************************
best node n722 best error 0
time = 82334655
c2670_4_0
area = 1125
delay = 20.6
write_blif appntk/c2670_4_0_1125_20.6.blif
sis -x -c "read_library data/genlib/mcnc.genlib;read_blif appntk/c2670_4_0_1125_20.6.blif;print_map_stats" | grep -e "Most Negative Slack" -e "Total Area"
"appntk/c2670_4_0_1125_20.6.blif", line 33: .and_gate_delay 1.9
Warning: network `c2670', node "G32" does not fanout
Total Area		= 1125.00
Most Negative Slack	= -38.00
Nodes = 666. Try = 562. Resub = 0. Div = 16052. SAT calls = 2453. Timeouts = 0. MaxDivs = 5.
Attempts :   Remove      0 out of   1120 (  0.00 %)   Resub       0 out of    431 (  0.00 %)   
Reduction:   Nodes       0 out of    666 (  0.00 %)   Edges       0 out of   1227 (  0.00 %)   
Win =     0.00 sec (  1.24 %)
Div =     0.00 sec (  2.13 %)
Aig =     0.00 sec (  2.62 %)
Gia =     0.00 sec (  0.00 %)
Cnf =     0.00 sec (  0.56 %)
Sat =     0.07 sec ( 58.90 %)
Int =     0.00 sec (  0.00 %)
ALL =     0.11 sec (100.00 %)
round 5

0%   10   20   30   40   50   60   70   80   90   100%
|----|----|----|----|----|----|----|----|----|----|
seed = 1566881011 patience = 0
***************************************************
best node n721 best error 0
time = 99934455
c2670_5_0
area = 1114
delay = 22.9
write_blif appntk/c2670_5_0_1114_22.9.blif
sis -x -c "read_library data/genlib/mcnc.genlib;read_blif appntk/c2670_5_0_1114_22.9.blif;print_map_stats" | grep -e "Most Negative Slack" -e "Total Area"
"appntk/c2670_5_0_1114_22.9.blif", line 33: .and_gate_delay 1.9
Warning: network `c2670', node "G32" does not fanout
Total Area		= 1114.00
Most Negative Slack	= -43.90
Nodes = 665. Try = 561. Resub = 0. Div = 15859. SAT calls = 2459. Timeouts = 0. MaxDivs = 5.
Attempts :   Remove      0 out of   1118 (  0.00 %)   Resub       0 out of    431 (  0.00 %)   
Reduction:   Nodes       0 out of    665 (  0.00 %)   Edges       0 out of   1225 (  0.00 %)   
Win =     0.00 sec (  1.22 %)
Div =     0.00 sec (  2.22 %)
Aig =     0.00 sec (  2.66 %)
Gia =     0.00 sec (  0.00 %)
Cnf =     0.00 sec (  0.57 %)
Sat =     0.06 sec ( 57.34 %)
Int =     0.00 sec (  0.00 %)
ALL =     0.11 sec (100.00 %)
round 6

0%   10   20   30   40   50   60   70   80   90   100%
|----|----|----|----|----|----|----|----|----|----|
seed = 1566881029 patience = 0
***************************************************
best node n735 best error 0
time = 118357267
c2670_6_0
area = 1118
delay = 20.5
write_blif appntk/c2670_6_0_1118_20.5.blif
sis -x -c "read_library data/genlib/mcnc.genlib;read_blif appntk/c2670_6_0_1118_20.5.blif;print_map_stats" | grep -e "Most Negative Slack" -e "Total Area"
"appntk/c2670_6_0_1118_20.5.blif", line 33: .and_gate_delay 1.9
Warning: network `c2670', node "G32" does not fanout
Total Area		= 1118.00
Most Negative Slack	= -39.20
Nodes = 664. Try = 560. Resub = 0. Div = 15704. SAT calls = 2352. Timeouts = 0. MaxDivs = 5.
Attempts :   Remove      0 out of   1116 (  0.00 %)   Resub       0 out of    430 (  0.00 %)   
Reduction:   Nodes       0 out of    664 (  0.00 %)   Edges       0 out of   1223 (  0.00 %)   
Win =     0.00 sec (  1.26 %)
Div =     0.00 sec (  2.27 %)
Aig =     0.00 sec (  2.67 %)
Gia =     0.00 sec (  0.00 %)
Cnf =     0.00 sec (  0.56 %)
Sat =     0.06 sec ( 57.24 %)
Int =     0.00 sec (  0.00 %)
ALL =     0.11 sec (100.00 %)
round 7

0%   10   20   30   40   50   60   70   80   90   100%
|----|----|----|----|----|----|----|----|----|----|
seed = 1566881047 patience = 0
***************************************************
best node n722 best error 0
time = 131950956
c2670_7_0
area = 1109
delay = 22.9
write_blif appntk/c2670_7_0_1109_22.9.blif
sis -x -c "read_library data/genlib/mcnc.genlib;read_blif appntk/c2670_7_0_1109_22.9.blif;print_map_stats" | grep -e "Most Negative Slack" -e "Total Area"
"appntk/c2670_7_0_1109_22.9.blif", line 33: .and_gate_delay 1.9
Warning: network `c2670', node "G32" does not fanout
Total Area		= 1109.00
Most Negative Slack	= -43.90
Nodes = 663. Try = 559. Resub = 0. Div = 15764. SAT calls = 2483. Timeouts = 0. MaxDivs = 5.
Attempts :   Remove      0 out of   1114 (  0.00 %)   Resub       0 out of    430 (  0.00 %)   
Reduction:   Nodes       0 out of    663 (  0.00 %)   Edges       0 out of   1221 (  0.00 %)   
Win =     0.00 sec (  1.24 %)
Div =     0.00 sec (  2.21 %)
Aig =     0.00 sec (  2.61 %)
Gia =     0.00 sec (  0.00 %)
Cnf =     0.00 sec (  0.57 %)
Sat =     0.06 sec ( 57.35 %)
Int =     0.00 sec (  0.00 %)
ALL =     0.11 sec (100.00 %)
round 8

0%   10   20   30   40   50   60   70   80   90   100%
|----|----|----|----|----|----|----|----|----|----|
seed = 1566881061 patience = 0
***************************************************
best node n722 best error 0
time = 145831101
c2670_8_0
area = 1100
delay = 20.1
write_blif appntk/c2670_8_0_1100_20.1.blif
sis -x -c "read_library data/genlib/mcnc.genlib;read_blif appntk/c2670_8_0_1100_20.1.blif;print_map_stats" | grep -e "Most Negative Slack" -e "Total Area"
"appntk/c2670_8_0_1100_20.1.blif", line 33: .and_gate_delay 1.9
Warning: network `c2670', node "G32" does not fanout
Total Area		= 1100.00
Most Negative Slack	= -37.00
Nodes = 661. Try = 557. Resub = 0. Div = 15635. SAT calls = 2371. Timeouts = 0. MaxDivs = 5.
Attempts :   Remove      0 out of   1110 (  0.00 %)   Resub       0 out of    428 (  0.00 %)   
Reduction:   Nodes       0 out of    661 (  0.00 %)   Edges       0 out of   1217 (  0.00 %)   
Win =     0.00 sec (  1.22 %)
Div =     0.00 sec (  2.19 %)
Aig =     0.00 sec (  2.52 %)
Gia =     0.00 sec (  0.00 %)
Cnf =     0.00 sec (  0.56 %)
Sat =     0.07 sec ( 57.81 %)
Int =     0.00 sec (  0.00 %)
ALL =     0.12 sec (100.00 %)
round 9

0%   10   20   30   40   50   60   70   80   90   100%
|----|----|----|----|----|----|----|----|----|----|
seed = 1566881075 patience = 0
***************************************************
best node n720 best error 0
time = 160252904
c2670_9_0
area = 1110
delay = 22.9
write_blif appntk/c2670_9_0_1110_22.9.blif
sis -x -c "read_library data/genlib/mcnc.genlib;read_blif appntk/c2670_9_0_1110_22.9.blif;print_map_stats" | grep -e "Most Negative Slack" -e "Total Area"
"appntk/c2670_9_0_1110_22.9.blif", line 33: .and_gate_delay 1.9
Warning: network `c2670', node "G19" does not fanout
Warning: network `c2670', node "G32" does not fanout
Total Area		= 1110.00
Most Negative Slack	= -43.90
Nodes = 659. Try = 555. Resub = 0. Div = 15661. SAT calls = 2404. Timeouts = 0. MaxDivs = 5.
Attempts :   Remove      0 out of   1106 (  0.00 %)   Resub       0 out of    426 (  0.00 %)   
Reduction:   Nodes       0 out of    659 (  0.00 %)   Edges       0 out of   1213 (  0.00 %)   
Win =     0.00 sec (  1.26 %)
Div =     0.00 sec (  2.33 %)
Aig =     0.00 sec (  2.66 %)
Gia =     0.00 sec (  0.00 %)
Cnf =     0.00 sec (  0.63 %)
Sat =     0.06 sec ( 56.53 %)
Int =     0.00 sec (  0.00 %)
ALL =     0.11 sec (100.00 %)
round 10

0%   10   20   30   40   50   60   70   80   90   100%
|----|----|----|----|----|----|----|----|----|----|
seed = 1566881089 patience = 0
***************************************************
best node n720 best error 0
time = 176194368
c2670_10_0
area = 1099
delay = 20.6
write_blif appntk/c2670_10_0_1099_20.6.blif
sis -x -c "read_library data/genlib/mcnc.genlib;read_blif appntk/c2670_10_0_1099_20.6.blif;print_map_stats" | grep -e "Most Negative Slack" -e "Total Area"
"appntk/c2670_10_0_1099_20.6.blif", line 33: .and_gate_delay 1.9
Warning: network `c2670', node "G19" does not fanout
Warning: network `c2670', node "G22" does not fanout
Warning: network `c2670', node "G24" does not fanout
Warning: network `c2670', node "G32" does not fanout
Total Area		= 1099.00
Most Negative Slack	= -38.40
Nodes = 654. Try = 551. Resub = 1. Div = 15415. SAT calls = 2364. Timeouts = 0. MaxDivs = 5.
Attempts :   Remove      0 out of   1097 (  0.00 %)   Resub       1 out of    422 (  0.24 %)   
Reduction:   Nodes       1 out of    654 (  0.15 %)   Edges       2 out of   1203 (  0.17 %)   
Win =     0.00 sec (  1.25 %)
Div =     0.00 sec (  2.26 %)
Aig =     0.00 sec (  2.57 %)
Gia =     0.00 sec (  0.00 %)
Cnf =     0.00 sec (  0.58 %)
Sat =     0.06 sec ( 57.72 %)
Int =     0.00 sec (  0.41 %)
ALL =     0.11 sec (100.00 %)
round 11

0%   10   20   30   40   50   60   70   80   90   100%
|----|----|----|----|----|----|----|----|----|----|
seed = 1566881105 patience = 0
***************************************************
best node n716 best error 0
time = 189401972
c2670_11_0
area = 1068
delay = 22.2
write_blif appntk/c2670_11_0_1068_22.2.blif
sis -x -c "read_library data/genlib/mcnc.genlib;read_blif appntk/c2670_11_0_1068_22.2.blif;print_map_stats" | grep -e "Most Negative Slack" -e "Total Area"
"appntk/c2670_11_0_1068_22.2.blif", line 33: .and_gate_delay 1.9
Warning: network `c2670', node "G6" does not fanout
Warning: network `c2670', node "G19" does not fanout
Warning: network `c2670', node "G21" does not fanout
Warning: network `c2670', node "G22" does not fanout
Warning: network `c2670', node "G24" does not fanout
Warning: network `c2670', node "G32" does not fanout
Total Area		= 1068.00
Most Negative Slack	= -45.20
Nodes = 649. Try = 547. Resub = 2. Div = 15194. SAT calls = 2358. Timeouts = 0. MaxDivs = 5.
Attempts :   Remove      0 out of   1088 (  0.00 %)   Resub       2 out of    417 (  0.48 %)   
Reduction:   Nodes       3 out of    649 (  0.46 %)   Edges       6 out of   1193 (  0.50 %)   
Win =     0.00 sec (  1.26 %)
Div =     0.00 sec (  2.36 %)
Aig =     0.00 sec (  2.64 %)
Gia =     0.00 sec (  0.00 %)
Cnf =     0.00 sec (  0.57 %)
Sat =     0.06 sec ( 55.96 %)
Int =     0.00 sec (  0.77 %)
ALL =     0.11 sec (100.00 %)
round 12

0%   10   20   30   40   50   60   70   80   90   100%
|----|----|----|----|----|----|----|----|----|----|
seed = 1566881118 patience = 0
***************************************************
best node n717 best error 0
time = 201963244
c2670_12_0
area = 1032
delay = 20
write_blif appntk/c2670_12_0_1032_20.blif
sis -x -c "read_library data/genlib/mcnc.genlib;read_blif appntk/c2670_12_0_1032_20.blif;print_map_stats" | grep -e "Most Negative Slack" -e "Total Area"
"appntk/c2670_12_0_1032_20.blif", line 33: .and_gate_delay 1.9
Warning: network `c2670', node "G4" does not fanout
Warning: network `c2670', node "G6" does not fanout
Warning: network `c2670', node "G19" does not fanout
Warning: network `c2670', node "G20" does not fanout
Warning: network `c2670', node "G21" does not fanout
Warning: network `c2670', node "G22" does not fanout
Warning: network `c2670', node "G23" does not fanout
Warning: network `c2670', node "G24" does not fanout
Warning: network `c2670', node "G32" does not fanout
Total Area		= 1032.00
Most Negative Slack	= -37.40
Nodes = 635. Try = 531. Resub = 0. Div = 14932. SAT calls = 2288. Timeouts = 0. MaxDivs = 5.
Attempts :   Remove      0 out of   1058 (  0.00 %)   Resub       0 out of    404 (  0.00 %)   
Reduction:   Nodes       0 out of    635 (  0.00 %)   Edges       0 out of   1165 (  0.00 %)   
Win =     0.00 sec (  1.23 %)
Div =     0.00 sec (  2.24 %)
Aig =     0.00 sec (  2.57 %)
Gia =     0.00 sec (  0.00 %)
Cnf =     0.00 sec (  0.61 %)
Sat =     0.06 sec ( 57.88 %)
Int =     0.00 sec (  0.00 %)
ALL =     0.11 sec (100.00 %)
round 13

0%   10   20   30   40   50   60   70   80   90   100%
|----|----|----|----|----|----|----|----|----|----|
seed = 1566881131 patience = 0
***************************************************
best node n694 best error 0
time = 216494215
c2670_13_0
area = 1044
delay = 21.7
write_blif appntk/c2670_13_0_1044_21.7.blif
sis -x -c "read_library data/genlib/mcnc.genlib;read_blif appntk/c2670_13_0_1044_21.7.blif;print_map_stats" | grep -e "Most Negative Slack" -e "Total Area"
"appntk/c2670_13_0_1044_21.7.blif", line 33: .and_gate_delay 1.9
Warning: network `c2670', node "G4" does not fanout
Warning: network `c2670', node "G6" does not fanout
Warning: network `c2670', node "G19" does not fanout
Warning: network `c2670', node "G20" does not fanout
Warning: network `c2670', node "G21" does not fanout
Warning: network `c2670', node "G22" does not fanout
Warning: network `c2670', node "G24" does not fanout
Warning: network `c2670', node "G32" does not fanout
Total Area		= 1044.00
Most Negative Slack	= -43.00
Nodes = 628. Try = 524. Resub = 0. Div = 14742. SAT calls = 2326. Timeouts = 0. MaxDivs = 5.
Attempts :   Remove      0 out of   1044 (  0.00 %)   Resub       0 out of    397 (  0.00 %)   
Reduction:   Nodes       0 out of    628 (  0.00 %)   Edges       0 out of   1151 (  0.00 %)   
Win =     0.00 sec (  1.24 %)
Div =     0.00 sec (  2.26 %)
Aig =     0.00 sec (  2.58 %)
Gia =     0.00 sec (  0.00 %)
Cnf =     0.00 sec (  0.55 %)
Sat =     0.06 sec ( 56.96 %)
Int =     0.00 sec (  0.00 %)
ALL =     0.10 sec (100.00 %)
round 14

0%   10   20   30   40   50   60   70   80   90   100%
|----|----|----|----|----|----|----|----|----|----|
seed = 1566881145 patience = 0
***************************************************
best node n705 best error 0
time = 230339624
c2670_14_0
area = 1041
delay = 20
write_blif appntk/c2670_14_0_1041_20.blif
sis -x -c "read_library data/genlib/mcnc.genlib;read_blif appntk/c2670_14_0_1041_20.blif;print_map_stats" | grep -e "Most Negative Slack" -e "Total Area"
"appntk/c2670_14_0_1041_20.blif", line 33: .and_gate_delay 1.9
Warning: network `c2670', node "G4" does not fanout
Warning: network `c2670', node "G6" does not fanout
Warning: network `c2670', node "G19" does not fanout
Warning: network `c2670', node "G20" does not fanout
Warning: network `c2670', node "G21" does not fanout
Warning: network `c2670', node "G22" does not fanout
Warning: network `c2670', node "G24" does not fanout
Warning: network `c2670', node "G32" does not fanout
Total Area		= 1041.00
Most Negative Slack	= -37.30
Nodes = 626. Try = 522. Resub = 0. Div = 14596. SAT calls = 2263. Timeouts = 0. MaxDivs = 5.
Attempts :   Remove      0 out of   1040 (  0.00 %)   Resub       0 out of    396 (  0.00 %)   
Reduction:   Nodes       0 out of    626 (  0.00 %)   Edges       0 out of   1147 (  0.00 %)   
Win =     0.00 sec (  1.20 %)
Div =     0.00 sec (  2.27 %)
Aig =     0.00 sec (  2.55 %)
Gia =     0.00 sec (  0.00 %)
Cnf =     0.00 sec (  0.55 %)
Sat =     0.06 sec ( 57.06 %)
Int =     0.00 sec (  0.00 %)
ALL =     0.10 sec (100.00 %)
round 15

0%   10   20   30   40   50   60   70   80   90   100%
|----|----|----|----|----|----|----|----|----|----|
seed = 1566881159 patience = 0
***************************************************
best node n694 best error 0
time = 243514517
c2670_15_0
area = 1044
delay = 22.2
write_blif appntk/c2670_15_0_1044_22.2.blif
sis -x -c "read_library data/genlib/mcnc.genlib;read_blif appntk/c2670_15_0_1044_22.2.blif;print_map_stats" | grep -e "Most Negative Slack" -e "Total Area"
"appntk/c2670_15_0_1044_22.2.blif", line 33: .and_gate_delay 1.9
Warning: network `c2670', node "G4" does not fanout
Warning: network `c2670', node "G6" does not fanout
Warning: network `c2670', node "G19" does not fanout
Warning: network `c2670', node "G20" does not fanout
Warning: network `c2670', node "G21" does not fanout
Warning: network `c2670', node "G22" does not fanout
Warning: network `c2670', node "G24" does not fanout
Warning: network `c2670', node "G32" does not fanout
Total Area		= 1044.00
Most Negative Slack	= -45.40
Nodes = 624. Try = 520. Resub = 0. Div = 14626. SAT calls = 2260. Timeouts = 0. MaxDivs = 5.
Attempts :   Remove      0 out of   1036 (  0.00 %)   Resub       0 out of    395 (  0.00 %)   
Reduction:   Nodes       0 out of    624 (  0.00 %)   Edges       0 out of   1143 (  0.00 %)   
Win =     0.00 sec (  1.27 %)
Div =     0.00 sec (  2.30 %)
Aig =     0.00 sec (  2.64 %)
Gia =     0.00 sec (  0.00 %)
Cnf =     0.00 sec (  0.58 %)
Sat =     0.06 sec ( 56.63 %)
Int =     0.00 sec (  0.00 %)
ALL =     0.10 sec (100.00 %)
round 16

0%   10   20   30   40   50   60   70   80   90   100%
|----|----|----|----|----|----|----|----|----|----|
seed = 1566881172 patience = 0
***************************************************
best node n687 best error 0
time = 254614877
c2670_16_0
area = 1038
delay = 20.5
write_blif appntk/c2670_16_0_1038_20.5.blif
sis -x -c "read_library data/genlib/mcnc.genlib;read_blif appntk/c2670_16_0_1038_20.5.blif;print_map_stats" | grep -e "Most Negative Slack" -e "Total Area"
"appntk/c2670_16_0_1038_20.5.blif", line 33: .and_gate_delay 1.9
Warning: network `c2670', node "G4" does not fanout
Warning: network `c2670', node "G6" does not fanout
Warning: network `c2670', node "G19" does not fanout
Warning: network `c2670', node "G20" does not fanout
Warning: network `c2670', node "G21" does not fanout
Warning: network `c2670', node "G22" does not fanout
Warning: network `c2670', node "G24" does not fanout
Warning: network `c2670', node "G32" does not fanout
Warning: network `c2670', node "G34" does not fanout
Total Area		= 1038.00
Most Negative Slack	= -37.70
Nodes = 622. Try = 518. Resub = 0. Div = 14451. SAT calls = 2259. Timeouts = 0. MaxDivs = 5.
Attempts :   Remove      0 out of   1032 (  0.00 %)   Resub       0 out of    393 (  0.00 %)   
Reduction:   Nodes       0 out of    622 (  0.00 %)   Edges       0 out of   1139 (  0.00 %)   
Win =     0.00 sec (  1.18 %)
Div =     0.00 sec (  2.18 %)
Aig =     0.00 sec (  2.51 %)
Gia =     0.00 sec (  0.00 %)
Cnf =     0.00 sec (  0.56 %)
Sat =     0.06 sec ( 57.76 %)
Int =     0.00 sec (  0.00 %)
ALL =     0.10 sec (100.00 %)
round 17

0%   10   20   30   40   50   60   70   80   90   100%
|----|----|----|----|----|----|----|----|----|----|
seed = 1566881183 patience = 0
***************************************************
best node n689 best error 0
time = 265960220
c2670_17_0
area = 1028
delay = 22.8
write_blif appntk/c2670_17_0_1028_22.8.blif
sis -x -c "read_library data/genlib/mcnc.genlib;read_blif appntk/c2670_17_0_1028_22.8.blif;print_map_stats" | grep -e "Most Negative Slack" -e "Total Area"
"appntk/c2670_17_0_1028_22.8.blif", line 33: .and_gate_delay 1.9
Warning: network `c2670', node "G4" does not fanout
Warning: network `c2670', node "G6" does not fanout
Warning: network `c2670', node "G19" does not fanout
Warning: network `c2670', node "G20" does not fanout
Warning: network `c2670', node "G21" does not fanout
Warning: network `c2670', node "G22" does not fanout
Warning: network `c2670', node "G24" does not fanout
Warning: network `c2670', node "G32" does not fanout
Warning: network `c2670', node "G34" does not fanout
Total Area		= 1028.00
Most Negative Slack	= -44.90
Nodes = 620. Try = 516. Resub = 0. Div = 14415. SAT calls = 2262. Timeouts = 0. MaxDivs = 5.
Attempts :   Remove      0 out of   1028 (  0.00 %)   Resub       0 out of    391 (  0.00 %)   
Reduction:   Nodes       0 out of    620 (  0.00 %)   Edges       0 out of   1135 (  0.00 %)   
Win =     0.00 sec (  1.22 %)
Div =     0.00 sec (  2.24 %)
Aig =     0.00 sec (  2.55 %)
Gia =     0.00 sec (  0.00 %)
Cnf =     0.00 sec (  0.53 %)
Sat =     0.06 sec ( 56.42 %)
Int =     0.00 sec (  0.00 %)
ALL =     0.10 sec (100.00 %)
round 18

0%   10   20   30   40   50   60   70   80   90   100%
|----|----|----|----|----|----|----|----|----|----|
seed = 1566881195 patience = 0
***************************************************
best node n700 best error 0
time = 276115393
c2670_18_0
area = 1011
delay = 20.5
write_blif appntk/c2670_18_0_1011_20.5.blif
sis -x -c "read_library data/genlib/mcnc.genlib;read_blif appntk/c2670_18_0_1011_20.5.blif;print_map_stats" | grep -e "Most Negative Slack" -e "Total Area"
"appntk/c2670_18_0_1011_20.5.blif", line 33: .and_gate_delay 1.9
Warning: network `c2670', node "G4" does not fanout
Warning: network `c2670', node "G5" does not fanout
Warning: network `c2670', node "G6" does not fanout
Warning: network `c2670', node "G19" does not fanout
Warning: network `c2670', node "G20" does not fanout
Warning: network `c2670', node "G21" does not fanout
Warning: network `c2670', node "G22" does not fanout
Warning: network `c2670', node "G23" does not fanout
Warning: network `c2670', node "G24" does not fanout
Warning: network `c2670', node "G32" does not fanout
Warning: network `c2670', node "G34" does not fanout
Total Area		= 1011.00
Most Negative Slack	= -36.90
Nodes = 611. Try = 508. Resub = 2. Div = 14189. SAT calls = 2165. Timeouts = 0. MaxDivs = 4.
Attempts :   Remove      1 out of   1009 (  0.10 %)   Resub       1 out of    384 (  0.26 %)   
Reduction:   Nodes       2 out of    611 (  0.33 %)   Edges       4 out of   1117 (  0.36 %)   
Win =     0.00 sec (  1.21 %)
Div =     0.00 sec (  2.21 %)
Aig =     0.00 sec (  2.50 %)
Gia =     0.00 sec (  0.00 %)
Cnf =     0.00 sec (  0.55 %)
Sat =     0.06 sec ( 56.77 %)
Int =     0.00 sec (  0.72 %)
ALL =     0.10 sec (100.00 %)
round 19

0%   10   20   30   40   50   60   70   80   90   100%
|----|----|----|----|----|----|----|----|----|----|
seed = 1566881205 patience = 0
***************************************************
best node n683 best error 0
time = 288601160
c2670_19_0
area = 1006
delay = 22.9
write_blif appntk/c2670_19_0_1006_22.9.blif
sis -x -c "read_library data/genlib/mcnc.genlib;read_blif appntk/c2670_19_0_1006_22.9.blif;print_map_stats" | grep -e "Most Negative Slack" -e "Total Area"
"appntk/c2670_19_0_1006_22.9.blif", line 33: .and_gate_delay 1.9
Warning: network `c2670', node "G4" does not fanout
Warning: network `c2670', node "G5" does not fanout
Warning: network `c2670', node "G6" does not fanout
Warning: network `c2670', node "G19" does not fanout
Warning: network `c2670', node "G20" does not fanout
Warning: network `c2670', node "G21" does not fanout
Warning: network `c2670', node "G22" does not fanout
Warning: network `c2670', node "G23" does not fanout
Warning: network `c2670', node "G24" does not fanout
Warning: network `c2670', node "G32" does not fanout
Warning: network `c2670', node "G34" does not fanout
Total Area		= 1006.00
Most Negative Slack	= -43.70
Nodes = 607. Try = 503. Resub = 0. Div = 14109. SAT calls = 2226. Timeouts = 0. MaxDivs = 4.
Attempts :   Remove      0 out of   1002 (  0.00 %)   Resub       0 out of    380 (  0.00 %)   
Reduction:   Nodes       0 out of    607 (  0.00 %)   Edges       0 out of   1109 (  0.00 %)   
Win =     0.00 sec (  1.22 %)
Div =     0.00 sec (  2.29 %)
Aig =     0.00 sec (  2.59 %)
Gia =     0.00 sec (  0.00 %)
Cnf =     0.00 sec (  0.58 %)
Sat =     0.06 sec ( 56.44 %)
Int =     0.00 sec (  0.00 %)
ALL =     0.10 sec (100.00 %)
round 20

0%   10   20   30   40   50   60   70   80   90   100%
|----|----|----|----|----|----|----|----|----|----|
seed = 1566881217 patience = 0
***************************************************
best node n678 best error 0
time = 301350857
c2670_20_0
area = 920
delay = 20.5
write_blif appntk/c2670_20_0_920_20.5.blif
sis -x -c "read_library data/genlib/mcnc.genlib;read_blif appntk/c2670_20_0_920_20.5.blif;print_map_stats" | grep -e "Most Negative Slack" -e "Total Area"
"appntk/c2670_20_0_920_20.5.blif", line 33: .and_gate_delay 1.9
Warning: network `c2670', node "G4" does not fanout
Warning: network `c2670', node "G5" does not fanout
Warning: network `c2670', node "G6" does not fanout
Warning: network `c2670', node "G11" does not fanout
Warning: network `c2670', node "G16" does not fanout
Warning: network `c2670', node "G19" does not fanout
Warning: network `c2670', node "G20" does not fanout
Warning: network `c2670', node "G21" does not fanout
Warning: network `c2670', node "G22" does not fanout
Warning: network `c2670', node "G23" does not fanout
Warning: network `c2670', node "G24" does not fanout
Warning: network `c2670', node "G25" does not fanout
Warning: network `c2670', node "G26" does not fanout
Warning: network `c2670', node "G27" does not fanout
Warning: network `c2670', node "G28" does not fanout
Warning: network `c2670', node "G29" does not fanout
Warning: network `c2670', node "G32" does not fanout
Warning: network `c2670', node "G33" does not fanout
Warning: network `c2670', node "G34" does not fanout
Warning: network `c2670', node "G35" does not fanout
Total Area		= 920.00
Most Negative Slack	= -36.70
Nodes = 556. Try = 451. Resub = 0. Div = 12342. SAT calls = 1946. Timeouts = 0. MaxDivs = 4.
Attempts :   Remove      0 out of    898 (  0.00 %)   Resub       0 out of    336 (  0.00 %)   
Reduction:   Nodes       0 out of    556 (  0.00 %)   Edges       0 out of   1004 (  0.00 %)   
Win =     0.00 sec (  1.10 %)
Div =     0.00 sec (  2.15 %)
Aig =     0.00 sec (  2.43 %)
Gia =     0.00 sec (  0.00 %)
Cnf =     0.00 sec (  0.54 %)
Sat =     0.05 sec ( 56.35 %)
Int =     0.00 sec (  0.00 %)
ALL =     0.09 sec (100.00 %)
round 21

0%   10   20   30   40   50   60   70   80   90   100%
|----|----|----|----|----|----|----|----|----|----|
seed = 1566881230 patience = 0
***************************************************
best node n816 best error 0
time = 313359492
c2670_21_0
area = 914
delay = 21.7
write_blif appntk/c2670_21_0_914_21.7.blif
sis -x -c "read_library data/genlib/mcnc.genlib;read_blif appntk/c2670_21_0_914_21.7.blif;print_map_stats" | grep -e "Most Negative Slack" -e "Total Area"
"appntk/c2670_21_0_914_21.7.blif", line 33: .and_gate_delay 1.9
Warning: network `c2670', node "G4" does not fanout
Warning: network `c2670', node "G5" does not fanout
Warning: network `c2670', node "G6" does not fanout
Warning: network `c2670', node "G11" does not fanout
Warning: network `c2670', node "G16" does not fanout
Warning: network `c2670', node "G19" does not fanout
Warning: network `c2670', node "G20" does not fanout
Warning: network `c2670', node "G21" does not fanout
Warning: network `c2670', node "G22" does not fanout
Warning: network `c2670', node "G23" does not fanout
Warning: network `c2670', node "G24" does not fanout
Warning: network `c2670', node "G25" does not fanout
Warning: network `c2670', node "G26" does not fanout
Warning: network `c2670', node "G27" does not fanout
Warning: network `c2670', node "G28" does not fanout
Warning: network `c2670', node "G29" does not fanout
Warning: network `c2670', node "G32" does not fanout
Warning: network `c2670', node "G33" does not fanout
Warning: network `c2670', node "G34" does not fanout
Warning: network `c2670', node "G35" does not fanout
Total Area		= 914.00
Most Negative Slack	= -42.50
Nodes = 555. Try = 450. Resub = 0. Div = 12203. SAT calls = 1968. Timeouts = 0. MaxDivs = 4.
Attempts :   Remove      0 out of    896 (  0.00 %)   Resub       0 out of    336 (  0.00 %)   
Reduction:   Nodes       0 out of    555 (  0.00 %)   Edges       0 out of   1002 (  0.00 %)   
Win =     0.00 sec (  1.18 %)
Div =     0.00 sec (  2.18 %)
Aig =     0.00 sec (  2.53 %)
Gia =     0.00 sec (  0.00 %)
Cnf =     0.00 sec (  0.57 %)
Sat =     0.05 sec ( 55.28 %)
Int =     0.00 sec (  0.00 %)
ALL =     0.09 sec (100.00 %)
round 22

0%   10   20   30   40   50   60   70   80   90   100%
|----|----|----|----|----|----|----|----|----|----|
seed = 1566881242 patience = 0
***************************************************
best node n781 best error 0.000546875
time = 323283504
c2670_22_0.000546875
area = 915
delay = 20.5
write_blif appntk/c2670_22_0.000546875_915_20.5.blif
sis -x -c "read_library data/genlib/mcnc.genlib;read_blif appntk/c2670_22_0.000546875_915_20.5.blif;print_map_stats" | grep -e "Most Negative Slack" -e "Total Area"
"appntk/c2670_22_0.000546875_915_20.5.blif", line 33: .and_gate_delay 1.9
Warning: network `c2670', node "G4" does not fanout
Warning: network `c2670', node "G5" does not fanout
Warning: network `c2670', node "G6" does not fanout
Warning: network `c2670', node "G11" does not fanout
Warning: network `c2670', node "G16" does not fanout
Warning: network `c2670', node "G19" does not fanout
Warning: network `c2670', node "G20" does not fanout
Warning: network `c2670', node "G21" does not fanout
Warning: network `c2670', node "G22" does not fanout
Warning: network `c2670', node "G23" does not fanout
Warning: network `c2670', node "G24" does not fanout
Warning: network `c2670', node "G25" does not fanout
Warning: network `c2670', node "G26" does not fanout
Warning: network `c2670', node "G27" does not fanout
Warning: network `c2670', node "G28" does not fanout
Warning: network `c2670', node "G29" does not fanout
Warning: network `c2670', node "G32" does not fanout
Warning: network `c2670', node "G33" does not fanout
Warning: network `c2670', node "G34" does not fanout
Warning: network `c2670', node "G35" does not fanout
Total Area		= 915.00
Most Negative Slack	= -37.90
Nodes = 554. Try = 449. Resub = 0. Div = 12047. SAT calls = 1919. Timeouts = 0. MaxDivs = 4.
Attempts :   Remove      0 out of    894 (  0.00 %)   Resub       0 out of    335 (  0.00 %)   
Reduction:   Nodes       0 out of    554 (  0.00 %)   Edges       0 out of   1000 (  0.00 %)   
Win =     0.00 sec (  1.11 %)
Div =     0.00 sec (  2.21 %)
Aig =     0.00 sec (  2.48 %)
Gia =     0.00 sec (  0.00 %)
Cnf =     0.00 sec (  0.56 %)
Sat =     0.05 sec ( 56.17 %)
Int =     0.00 sec (  0.00 %)
ALL =     0.08 sec (100.00 %)
round 23

0%   10   20   30   40   50   60   70   80   90   100%
|----|----|----|----|----|----|----|----|----|----|
seed = 1566881252 patience = 0
***************************************************
best node n774 best error 0.00107422
time = 338476947
c2670_23_0.00107422
area = 911
delay = 21.7
write_blif appntk/c2670_23_0.00107422_911_21.7.blif
sis -x -c "read_library data/genlib/mcnc.genlib;read_blif appntk/c2670_23_0.00107422_911_21.7.blif;print_map_stats" | grep -e "Most Negative Slack" -e "Total Area"
"appntk/c2670_23_0.00107422_911_21.7.blif", line 33: .and_gate_delay 1.9
Warning: network `c2670', node "G4" does not fanout
Warning: network `c2670', node "G5" does not fanout
Warning: network `c2670', node "G6" does not fanout
Warning: network `c2670', node "G11" does not fanout
Warning: network `c2670', node "G16" does not fanout
Warning: network `c2670', node "G19" does not fanout
Warning: network `c2670', node "G20" does not fanout
Warning: network `c2670', node "G21" does not fanout
Warning: network `c2670', node "G22" does not fanout
Warning: network `c2670', node "G23" does not fanout
Warning: network `c2670', node "G24" does not fanout
Warning: network `c2670', node "G25" does not fanout
Warning: network `c2670', node "G26" does not fanout
Warning: network `c2670', node "G27" does not fanout
Warning: network `c2670', node "G28" does not fanout
Warning: network `c2670', node "G29" does not fanout
Warning: network `c2670', node "G32" does not fanout
Warning: network `c2670', node "G33" does not fanout
Warning: network `c2670', node "G34" does not fanout
Warning: network `c2670', node "G35" does not fanout
Total Area		= 911.00
Most Negative Slack	= -41.80
Nodes = 552. Try = 447. Resub = 0. Div = 11998. SAT calls = 1958. Timeouts = 0. MaxDivs = 4.
Attempts :   Remove      0 out of    890 (  0.00 %)   Resub       0 out of    333 (  0.00 %)   
Reduction:   Nodes       0 out of    552 (  0.00 %)   Edges       0 out of    996 (  0.00 %)   
Win =     0.00 sec (  1.16 %)
Div =     0.00 sec (  2.23 %)
Aig =     0.00 sec (  2.53 %)
Gia =     0.00 sec (  0.00 %)
Cnf =     0.00 sec (  0.53 %)
Sat =     0.05 sec ( 55.23 %)
Int =     0.00 sec (  0.00 %)
ALL =     0.09 sec (100.00 %)
round 24

0%   10   20   30   40   50   60   70   80   90   100%
|----|----|----|----|----|----|----|----|----|----|
seed = 1566881267 patience = 0
***************************************************
best node n758 best error 0.00250977
time = 348050949
c2670_24_0.00250977
area = 917
delay = 20.7
write_blif appntk/c2670_24_0.00250977_917_20.7.blif
sis -x -c "read_library data/genlib/mcnc.genlib;read_blif appntk/c2670_24_0.00250977_917_20.7.blif;print_map_stats" | grep -e "Most Negative Slack" -e "Total Area"
"appntk/c2670_24_0.00250977_917_20.7.blif", line 33: .and_gate_delay 1.9
Warning: network `c2670', node "G4" does not fanout
Warning: network `c2670', node "G5" does not fanout
Warning: network `c2670', node "G6" does not fanout
Warning: network `c2670', node "G11" does not fanout
Warning: network `c2670', node "G16" does not fanout
Warning: network `c2670', node "G19" does not fanout
Warning: network `c2670', node "G20" does not fanout
Warning: network `c2670', node "G21" does not fanout
Warning: network `c2670', node "G22" does not fanout
Warning: network `c2670', node "G23" does not fanout
Warning: network `c2670', node "G24" does not fanout
Warning: network `c2670', node "G25" does not fanout
Warning: network `c2670', node "G26" does not fanout
Warning: network `c2670', node "G27" does not fanout
Warning: network `c2670', node "G28" does not fanout
Warning: network `c2670', node "G29" does not fanout
Warning: network `c2670', node "G32" does not fanout
Warning: network `c2670', node "G33" does not fanout
Warning: network `c2670', node "G34" does not fanout
Warning: network `c2670', node "G35" does not fanout
Total Area		= 917.00
Most Negative Slack	= -36.80
Nodes = 551. Try = 446. Resub = 0. Div = 11811. SAT calls = 1842. Timeouts = 0. MaxDivs = 4.
Attempts :   Remove      0 out of    888 (  0.00 %)   Resub       0 out of    332 (  0.00 %)   
Reduction:   Nodes       0 out of    551 (  0.00 %)   Edges       0 out of    994 (  0.00 %)   
Win =     0.00 sec (  1.21 %)
Div =     0.00 sec (  2.29 %)
Aig =     0.00 sec (  2.58 %)
Gia =     0.00 sec (  0.00 %)
Cnf =     0.00 sec (  0.59 %)
Sat =     0.05 sec ( 53.75 %)
Int =     0.00 sec (  0.00 %)
ALL =     0.09 sec (100.00 %)
round 25

0%   10   20   30   40   50   60   70   80   90   100%
|----|----|----|----|----|----|----|----|----|----|
seed = 1566881277 patience = 0
***************************************************
best node n761 best error 0.00351562
time = 359059550
c2670_25_0.00351562
area = 901
delay = 23.2
write_blif appntk/c2670_25_0.00351562_901_23.2.blif
sis -x -c "read_library data/genlib/mcnc.genlib;read_blif appntk/c2670_25_0.00351562_901_23.2.blif;print_map_stats" | grep -e "Most Negative Slack" -e "Total Area"
"appntk/c2670_25_0.00351562_901_23.2.blif", line 33: .and_gate_delay 1.9
Warning: network `c2670', node "G4" does not fanout
Warning: network `c2670', node "G5" does not fanout
Warning: network `c2670', node "G6" does not fanout
Warning: network `c2670', node "G11" does not fanout
Warning: network `c2670', node "G16" does not fanout
Warning: network `c2670', node "G19" does not fanout
Warning: network `c2670', node "G20" does not fanout
Warning: network `c2670', node "G21" does not fanout
Warning: network `c2670', node "G22" does not fanout
Warning: network `c2670', node "G23" does not fanout
Warning: network `c2670', node "G24" does not fanout
Warning: network `c2670', node "G25" does not fanout
Warning: network `c2670', node "G26" does not fanout
Warning: network `c2670', node "G27" does not fanout
Warning: network `c2670', node "G28" does not fanout
Warning: network `c2670', node "G29" does not fanout
Warning: network `c2670', node "G32" does not fanout
Warning: network `c2670', node "G33" does not fanout
Warning: network `c2670', node "G34" does not fanout
Warning: network `c2670', node "G35" does not fanout
Total Area		= 901.00
Most Negative Slack	= -42.70
Nodes = 550. Try = 445. Resub = 0. Div = 11900. SAT calls = 1955. Timeouts = 0. MaxDivs = 4.
Attempts :   Remove      0 out of    886 (  0.00 %)   Resub       0 out of    331 (  0.00 %)   
Reduction:   Nodes       0 out of    550 (  0.00 %)   Edges       0 out of    992 (  0.00 %)   
Win =     0.00 sec (  1.16 %)
Div =     0.00 sec (  2.25 %)
Aig =     0.00 sec (  2.47 %)
Gia =     0.00 sec (  0.00 %)
Cnf =     0.00 sec (  0.56 %)
Sat =     0.05 sec ( 55.17 %)
Int =     0.00 sec (  0.00 %)
ALL =     0.08 sec (100.00 %)
round 26

0%   10   20   30   40   50   60   70   80   90   100%
|----|----|----|----|----|----|----|----|----|----|
seed = 1566881288 patience = 0
***************************************************
best node n782 best error 0.00546875
time = 367652452
c2670_26_0.00546875
area = 897
delay = 20.8
write_blif appntk/c2670_26_0.00546875_897_20.8.blif
sis -x -c "read_library data/genlib/mcnc.genlib;read_blif appntk/c2670_26_0.00546875_897_20.8.blif;print_map_stats" | grep -e "Most Negative Slack" -e "Total Area"
"appntk/c2670_26_0.00546875_897_20.8.blif", line 33: .and_gate_delay 1.9
Warning: network `c2670', node "G4" does not fanout
Warning: network `c2670', node "G5" does not fanout
Warning: network `c2670', node "G6" does not fanout
Warning: network `c2670', node "G11" does not fanout
Warning: network `c2670', node "G16" does not fanout
Warning: network `c2670', node "G19" does not fanout
Warning: network `c2670', node "G20" does not fanout
Warning: network `c2670', node "G21" does not fanout
Warning: network `c2670', node "G22" does not fanout
Warning: network `c2670', node "G23" does not fanout
Warning: network `c2670', node "G24" does not fanout
Warning: network `c2670', node "G25" does not fanout
Warning: network `c2670', node "G26" does not fanout
Warning: network `c2670', node "G27" does not fanout
Warning: network `c2670', node "G28" does not fanout
Warning: network `c2670', node "G29" does not fanout
Warning: network `c2670', node "G32" does not fanout
Warning: network `c2670', node "G33" does not fanout
Warning: network `c2670', node "G34" does not fanout
Warning: network `c2670', node "G35" does not fanout
Total Area		= 897.00
Most Negative Slack	= -35.20
Nodes = 545. Try = 440. Resub = 0. Div = 11223. SAT calls = 1845. Timeouts = 0. MaxDivs = 4.
Attempts :   Remove      0 out of    876 (  0.00 %)   Resub       0 out of    327 (  0.00 %)   
Reduction:   Nodes       0 out of    545 (  0.00 %)   Edges       0 out of    982 (  0.00 %)   
Win =     0.00 sec (  1.11 %)
Div =     0.00 sec (  2.17 %)
Aig =     0.00 sec (  2.46 %)
Gia =     0.00 sec (  0.00 %)
Cnf =     0.00 sec (  0.57 %)
Sat =     0.04 sec ( 54.94 %)
Int =     0.00 sec (  0.00 %)
ALL =     0.08 sec (100.00 %)
round 27

0%   10   20   30   40   50   60   70   80   90   100%
|----|----|----|----|----|----|----|----|----|----|
seed = 1566881297 patience = 0
***************************************************
best node n777 best error 0.00623047
time = 377570757
c2670_27_0.00623047
area = 894
delay = 21.5
write_blif appntk/c2670_27_0.00623047_894_21.5.blif
sis -x -c "read_library data/genlib/mcnc.genlib;read_blif appntk/c2670_27_0.00623047_894_21.5.blif;print_map_stats" | grep -e "Most Negative Slack" -e "Total Area"
"appntk/c2670_27_0.00623047_894_21.5.blif", line 33: .and_gate_delay 1.9
Warning: network `c2670', node "G4" does not fanout
Warning: network `c2670', node "G5" does not fanout
Warning: network `c2670', node "G6" does not fanout
Warning: network `c2670', node "G11" does not fanout
Warning: network `c2670', node "G16" does not fanout
Warning: network `c2670', node "G19" does not fanout
Warning: network `c2670', node "G20" does not fanout
Warning: network `c2670', node "G21" does not fanout
Warning: network `c2670', node "G22" does not fanout
Warning: network `c2670', node "G23" does not fanout
Warning: network `c2670', node "G24" does not fanout
Warning: network `c2670', node "G25" does not fanout
Warning: network `c2670', node "G26" does not fanout
Warning: network `c2670', node "G27" does not fanout
Warning: network `c2670', node "G28" does not fanout
Warning: network `c2670', node "G29" does not fanout
Warning: network `c2670', node "G32" does not fanout
Warning: network `c2670', node "G33" does not fanout
Warning: network `c2670', node "G34" does not fanout
Warning: network `c2670', node "G35" does not fanout
Total Area		= 894.00
Most Negative Slack	= -38.40
Nodes = 542. Try = 438. Resub = 1. Div = 11325. SAT calls = 1942. Timeouts = 0. MaxDivs = 4.
Attempts :   Remove      0 out of    872 (  0.00 %)   Resub       1 out of    328 (  0.30 %)   
Reduction:   Nodes       2 out of    542 (  0.37 %)   Edges       4 out of    976 (  0.41 %)   
Win =     0.00 sec (  1.08 %)
Div =     0.00 sec (  2.16 %)
Aig =     0.00 sec (  2.42 %)
Gia =     0.00 sec (  0.00 %)
Cnf =     0.00 sec (  0.57 %)
Sat =     0.05 sec ( 55.69 %)
Int =     0.00 sec (  0.59 %)
ALL =     0.08 sec (100.00 %)
round 28

0%   10   20   30   40   50   60   70   80   90   100%
|----|----|----|----|----|----|----|----|----|----|
seed = 1566881307 patience = 0
***************************************************
best node n779 best error 0.0077832
time = 384772037
c2670_28_0.0077832
area = 886
delay = 19.7
write_blif appntk/c2670_28_0.0077832_886_19.7.blif
sis -x -c "read_library data/genlib/mcnc.genlib;read_blif appntk/c2670_28_0.0077832_886_19.7.blif;print_map_stats" | grep -e "Most Negative Slack" -e "Total Area"
"appntk/c2670_28_0.0077832_886_19.7.blif", line 33: .and_gate_delay 1.9
Warning: network `c2670', node "G4" does not fanout
Warning: network `c2670', node "G5" does not fanout
Warning: network `c2670', node "G6" does not fanout
Warning: network `c2670', node "G11" does not fanout
Warning: network `c2670', node "G16" does not fanout
Warning: network `c2670', node "G19" does not fanout
Warning: network `c2670', node "G20" does not fanout
Warning: network `c2670', node "G21" does not fanout
Warning: network `c2670', node "G22" does not fanout
Warning: network `c2670', node "G23" does not fanout
Warning: network `c2670', node "G24" does not fanout
Warning: network `c2670', node "G25" does not fanout
Warning: network `c2670', node "G26" does not fanout
Warning: network `c2670', node "G27" does not fanout
Warning: network `c2670', node "G28" does not fanout
Warning: network `c2670', node "G29" does not fanout
Warning: network `c2670', node "G32" does not fanout
Warning: network `c2670', node "G33" does not fanout
Warning: network `c2670', node "G34" does not fanout
Warning: network `c2670', node "G35" does not fanout
Total Area		= 886.00
Most Negative Slack	= -34.80
Nodes = 538. Try = 433. Resub = 0. Div = 10636. SAT calls = 1830. Timeouts = 0. MaxDivs = 4.
Attempts :   Remove      0 out of    862 (  0.00 %)   Resub       0 out of    325 (  0.00 %)   
Reduction:   Nodes       0 out of    538 (  0.00 %)   Edges       0 out of    968 (  0.00 %)   
Win =     0.00 sec (  1.09 %)
Div =     0.00 sec (  2.18 %)
Aig =     0.00 sec (  2.40 %)
Gia =     0.00 sec (  0.00 %)
Cnf =     0.00 sec (  0.54 %)
Sat =     0.04 sec ( 55.24 %)
Int =     0.00 sec (  0.00 %)
ALL =     0.08 sec (100.00 %)
round 29

0%   10   20   30   40   50   60   70   80   90   100%
|----|----|----|----|----|----|----|----|----|----|
seed = 1566881314 patience = 0
***************************************************
best node n749 best error 0.00949219
time = 391033915
c2670_29_0.00949219
area = 873
delay = 19.4
write_blif appntk/c2670_29_0.00949219_873_19.4.blif
sis -x -c "read_library data/genlib/mcnc.genlib;read_blif appntk/c2670_29_0.00949219_873_19.4.blif;print_map_stats" | grep -e "Most Negative Slack" -e "Total Area"
"appntk/c2670_29_0.00949219_873_19.4.blif", line 33: .and_gate_delay 1.9
Warning: network `c2670', node "G4" does not fanout
Warning: network `c2670', node "G5" does not fanout
Warning: network `c2670', node "G6" does not fanout
Warning: network `c2670', node "G11" does not fanout
Warning: network `c2670', node "G16" does not fanout
Warning: network `c2670', node "G19" does not fanout
Warning: network `c2670', node "G20" does not fanout
Warning: network `c2670', node "G21" does not fanout
Warning: network `c2670', node "G22" does not fanout
Warning: network `c2670', node "G23" does not fanout
Warning: network `c2670', node "G24" does not fanout
Warning: network `c2670', node "G25" does not fanout
Warning: network `c2670', node "G26" does not fanout
Warning: network `c2670', node "G27" does not fanout
Warning: network `c2670', node "G28" does not fanout
Warning: network `c2670', node "G29" does not fanout
Warning: network `c2670', node "G32" does not fanout
Warning: network `c2670', node "G33" does not fanout
Warning: network `c2670', node "G34" does not fanout
Warning: network `c2670', node "G35" does not fanout
Total Area		= 873.00
Most Negative Slack	= -34.50
Nodes = 535. Try = 430. Resub = 0. Div = 10149. SAT calls = 1855. Timeouts = 0. MaxDivs = 4.
Attempts :   Remove      0 out of    856 (  0.00 %)   Resub       0 out of    324 (  0.00 %)   
Reduction:   Nodes       0 out of    535 (  0.00 %)   Edges       0 out of    962 (  0.00 %)   
Win =     0.00 sec (  1.11 %)
Div =     0.00 sec (  2.16 %)
Aig =     0.00 sec (  2.45 %)
Gia =     0.00 sec (  0.00 %)
Cnf =     0.00 sec (  0.60 %)
Sat =     0.04 sec ( 53.74 %)
Int =     0.00 sec (  0.00 %)
ALL =     0.08 sec (100.00 %)
round 30

0%   10   20   30   40   50   60   70   80   90   100%
|----|----|----|----|----|----|----|----|----|----|
seed = 1566881320 patience = 0
***************************************************
best node n770 best error 0.0121191
time = 398763197
c2670_30_0.0121191
area = 871
delay = 17.9
write_blif appntk/c2670_30_0.0121191_871_17.9.blif
sis -x -c "read_library data/genlib/mcnc.genlib;read_blif appntk/c2670_30_0.0121191_871_17.9.blif;print_map_stats" | grep -e "Most Negative Slack" -e "Total Area"
"appntk/c2670_30_0.0121191_871_17.9.blif", line 33: .and_gate_delay 1.9
Warning: network `c2670', node "G4" does not fanout
Warning: network `c2670', node "G5" does not fanout
Warning: network `c2670', node "G6" does not fanout
Warning: network `c2670', node "G11" does not fanout
Warning: network `c2670', node "G16" does not fanout
Warning: network `c2670', node "G19" does not fanout
Warning: network `c2670', node "G20" does not fanout
Warning: network `c2670', node "G21" does not fanout
Warning: network `c2670', node "G22" does not fanout
Warning: network `c2670', node "G23" does not fanout
Warning: network `c2670', node "G24" does not fanout
Warning: network `c2670', node "G25" does not fanout
Warning: network `c2670', node "G26" does not fanout
Warning: network `c2670', node "G27" does not fanout
Warning: network `c2670', node "G28" does not fanout
Warning: network `c2670', node "G29" does not fanout
Warning: network `c2670', node "G32" does not fanout
Warning: network `c2670', node "G33" does not fanout
Warning: network `c2670', node "G34" does not fanout
Warning: network `c2670', node "G35" does not fanout
Total Area		= 871.00
Most Negative Slack	= -29.80
Nodes = 534. Try = 429. Resub = 0. Div = 10042. SAT calls = 1813. Timeouts = 0. MaxDivs = 4.
Attempts :   Remove      0 out of    854 (  0.00 %)   Resub       0 out of    323 (  0.00 %)   
Reduction:   Nodes       0 out of    534 (  0.00 %)   Edges       0 out of    960 (  0.00 %)   
Win =     0.00 sec (  1.05 %)
Div =     0.00 sec (  2.06 %)
Aig =     0.00 sec (  2.41 %)
Gia =     0.00 sec (  0.00 %)
Cnf =     0.00 sec (  0.53 %)
Sat =     0.04 sec ( 54.76 %)
Int =     0.00 sec (  0.00 %)
ALL =     0.08 sec (100.00 %)
round 31

0%   10   20   30   40   50   60   70   80   90   100%
|----|----|----|----|----|----|----|----|----|----|
seed = 1566881328 patience = 0
***************************************************
best node n795 best error 0.0144434
time = 405213616
c2670_31_0.0144434
area = 868
delay = 18.7
write_blif appntk/c2670_31_0.0144434_868_18.7.blif
sis -x -c "read_library data/genlib/mcnc.genlib;read_blif appntk/c2670_31_0.0144434_868_18.7.blif;print_map_stats" | grep -e "Most Negative Slack" -e "Total Area"
"appntk/c2670_31_0.0144434_868_18.7.blif", line 33: .and_gate_delay 1.9
Warning: network `c2670', node "G4" does not fanout
Warning: network `c2670', node "G5" does not fanout
Warning: network `c2670', node "G6" does not fanout
Warning: network `c2670', node "G11" does not fanout
Warning: network `c2670', node "G16" does not fanout
Warning: network `c2670', node "G19" does not fanout
Warning: network `c2670', node "G20" does not fanout
Warning: network `c2670', node "G21" does not fanout
Warning: network `c2670', node "G22" does not fanout
Warning: network `c2670', node "G23" does not fanout
Warning: network `c2670', node "G24" does not fanout
Warning: network `c2670', node "G25" does not fanout
Warning: network `c2670', node "G26" does not fanout
Warning: network `c2670', node "G27" does not fanout
Warning: network `c2670', node "G28" does not fanout
Warning: network `c2670', node "G29" does not fanout
Warning: network `c2670', node "G32" does not fanout
Warning: network `c2670', node "G33" does not fanout
Warning: network `c2670', node "G34" does not fanout
Warning: network `c2670', node "G35" does not fanout
Total Area		= 868.00
Most Negative Slack	= -33.70
Nodes = 532. Try = 427. Resub = 0. Div = 9851. SAT calls = 1874. Timeouts = 0. MaxDivs = 3.
Attempts :   Remove      0 out of    850 (  0.00 %)   Resub       0 out of    322 (  0.00 %)   
Reduction:   Nodes       0 out of    532 (  0.00 %)   Edges       0 out of    956 (  0.00 %)   
Win =     0.00 sec (  1.08 %)
Div =     0.00 sec (  2.07 %)
Aig =     0.00 sec (  2.42 %)
Gia =     0.00 sec (  0.00 %)
Cnf =     0.00 sec (  0.51 %)
Sat =     0.04 sec ( 54.47 %)
Int =     0.00 sec (  0.00 %)
ALL =     0.08 sec (100.00 %)
round 32

0%   10   20   30   40   50   60   70   80   90   100%
|----|----|----|----|----|----|----|----|----|----|
seed = 1566881334 patience = 0
***************************************************
best node n777 best error 0.0173242
time = 413410853
c2670_32_0.0173242
area = 872
delay = 17.5
write_blif appntk/c2670_32_0.0173242_872_17.5.blif
sis -x -c "read_library data/genlib/mcnc.genlib;read_blif appntk/c2670_32_0.0173242_872_17.5.blif;print_map_stats" | grep -e "Most Negative Slack" -e "Total Area"
"appntk/c2670_32_0.0173242_872_17.5.blif", line 33: .and_gate_delay 1.9
Warning: network `c2670', node "G4" does not fanout
Warning: network `c2670', node "G5" does not fanout
Warning: network `c2670', node "G6" does not fanout
Warning: network `c2670', node "G11" does not fanout
Warning: network `c2670', node "G16" does not fanout
Warning: network `c2670', node "G19" does not fanout
Warning: network `c2670', node "G20" does not fanout
Warning: network `c2670', node "G21" does not fanout
Warning: network `c2670', node "G22" does not fanout
Warning: network `c2670', node "G23" does not fanout
Warning: network `c2670', node "G24" does not fanout
Warning: network `c2670', node "G25" does not fanout
Warning: network `c2670', node "G26" does not fanout
Warning: network `c2670', node "G27" does not fanout
Warning: network `c2670', node "G28" does not fanout
Warning: network `c2670', node "G29" does not fanout
Warning: network `c2670', node "G32" does not fanout
Warning: network `c2670', node "G33" does not fanout
Warning: network `c2670', node "G34" does not fanout
Warning: network `c2670', node "G35" does not fanout
Total Area		= 872.00
Most Negative Slack	= -29.80
Nodes = 529. Try = 424. Resub = 0. Div = 9605. SAT calls = 1791. Timeouts = 0. MaxDivs = 3.
Attempts :   Remove      0 out of    844 (  0.00 %)   Resub       0 out of    319 (  0.00 %)   
Reduction:   Nodes       0 out of    529 (  0.00 %)   Edges       0 out of    950 (  0.00 %)   
Win =     0.00 sec (  1.10 %)
Div =     0.00 sec (  2.03 %)
Aig =     0.00 sec (  2.46 %)
Gia =     0.00 sec (  0.00 %)
Cnf =     0.00 sec (  0.56 %)
Sat =     0.04 sec ( 54.06 %)
Int =     0.00 sec (  0.00 %)
ALL =     0.08 sec (100.00 %)
round 33

0%   10   20   30   40   50   60   70   80   90   100%
|----|----|----|----|----|----|----|----|----|----|
seed = 1566881342 patience = 0
***************************************************
best node n796 best error 0.0278613
time = 419269926
c2670_33_0.0278613
area = 865
delay = 18.7
write_blif appntk/c2670_33_0.0278613_865_18.7.blif
sis -x -c "read_library data/genlib/mcnc.genlib;read_blif appntk/c2670_33_0.0278613_865_18.7.blif;print_map_stats" | grep -e "Most Negative Slack" -e "Total Area"
"appntk/c2670_33_0.0278613_865_18.7.blif", line 33: .and_gate_delay 1.9
Warning: network `c2670', node "G4" does not fanout
Warning: network `c2670', node "G5" does not fanout
Warning: network `c2670', node "G6" does not fanout
Warning: network `c2670', node "G11" does not fanout
Warning: network `c2670', node "G16" does not fanout
Warning: network `c2670', node "G19" does not fanout
Warning: network `c2670', node "G20" does not fanout
Warning: network `c2670', node "G21" does not fanout
Warning: network `c2670', node "G22" does not fanout
Warning: network `c2670', node "G23" does not fanout
Warning: network `c2670', node "G24" does not fanout
Warning: network `c2670', node "G25" does not fanout
Warning: network `c2670', node "G26" does not fanout
Warning: network `c2670', node "G27" does not fanout
Warning: network `c2670', node "G28" does not fanout
Warning: network `c2670', node "G29" does not fanout
Warning: network `c2670', node "G32" does not fanout
Warning: network `c2670', node "G33" does not fanout
Warning: network `c2670', node "G34" does not fanout
Warning: network `c2670', node "G35" does not fanout
Total Area		= 865.00
Most Negative Slack	= -33.70
Nodes = 528. Try = 423. Resub = 0. Div = 10014. SAT calls = 1898. Timeouts = 0. MaxDivs = 2.
Attempts :   Remove      0 out of    846 (  0.00 %)   Resub       0 out of    320 (  0.00 %)   
Reduction:   Nodes       0 out of    528 (  0.00 %)   Edges       0 out of    948 (  0.00 %)   
Win =     0.00 sec (  1.05 %)
Div =     0.00 sec (  2.08 %)
Aig =     0.00 sec (  2.39 %)
Gia =     0.00 sec (  0.00 %)
Cnf =     0.00 sec (  0.52 %)
Sat =     0.04 sec ( 54.96 %)
Int =     0.00 sec (  0.00 %)
ALL =     0.08 sec (100.00 %)
round 34

0%   10   20   30   40   50   60   70   80   90   100%
|----|----|----|----|----|----|----|----|----|----|
seed = 1566881348 patience = 0
***************************************************
best node n796 best error 0.0363574
time = 425427796
c2670_34_0.0363574
area = 867
delay = 17.5
write_blif appntk/c2670_34_0.0363574_867_17.5.blif
sis -x -c "read_library data/genlib/mcnc.genlib;read_blif appntk/c2670_34_0.0363574_867_17.5.blif;print_map_stats" | grep -e "Most Negative Slack" -e "Total Area"
"appntk/c2670_34_0.0363574_867_17.5.blif", line 33: .and_gate_delay 1.9
Warning: network `c2670', node "G4" does not fanout
Warning: network `c2670', node "G5" does not fanout
Warning: network `c2670', node "G6" does not fanout
Warning: network `c2670', node "G11" does not fanout
Warning: network `c2670', node "G16" does not fanout
Warning: network `c2670', node "G19" does not fanout
Warning: network `c2670', node "G20" does not fanout
Warning: network `c2670', node "G21" does not fanout
Warning: network `c2670', node "G22" does not fanout
Warning: network `c2670', node "G23" does not fanout
Warning: network `c2670', node "G24" does not fanout
Warning: network `c2670', node "G25" does not fanout
Warning: network `c2670', node "G26" does not fanout
Warning: network `c2670', node "G27" does not fanout
Warning: network `c2670', node "G28" does not fanout
Warning: network `c2670', node "G29" does not fanout
Warning: network `c2670', node "G32" does not fanout
Warning: network `c2670', node "G33" does not fanout
Warning: network `c2670', node "G34" does not fanout
Warning: network `c2670', node "G35" does not fanout
Total Area		= 867.00
Most Negative Slack	= -30.20
Nodes = 527. Try = 422. Resub = 0. Div = 9755. SAT calls = 1768. Timeouts = 0. MaxDivs = 1.
Attempts :   Remove      0 out of    844 (  0.00 %)   Resub       0 out of    319 (  0.00 %)   
Reduction:   Nodes       0 out of    527 (  0.00 %)   Edges       0 out of    946 (  0.00 %)   
Win =     0.00 sec (  1.06 %)
Div =     0.00 sec (  2.10 %)
Aig =     0.00 sec (  2.42 %)
Gia =     0.00 sec (  0.00 %)
Cnf =     0.00 sec (  0.53 %)
Sat =     0.04 sec ( 53.83 %)
Int =     0.00 sec (  0.00 %)
ALL =     0.07 sec (100.00 %)
round 35

0%   10   20   30   40   50   60   70   80   90   100%
|----|----|----|----|----|----|----|----|----|----|
seed = 1566881355 patience = 0
***************************************************
best node n732 best error 0.0394238
time = 432442292
c2670_35_0.0394238
area = 862
delay = 19.8
write_blif appntk/c2670_35_0.0394238_862_19.8.blif
sis -x -c "read_library data/genlib/mcnc.genlib;read_blif appntk/c2670_35_0.0394238_862_19.8.blif;print_map_stats" | grep -e "Most Negative Slack" -e "Total Area"
"appntk/c2670_35_0.0394238_862_19.8.blif", line 33: .and_gate_delay 1.9
Warning: network `c2670', node "G4" does not fanout
Warning: network `c2670', node "G5" does not fanout
Warning: network `c2670', node "G6" does not fanout
Warning: network `c2670', node "G11" does not fanout
Warning: network `c2670', node "G16" does not fanout
Warning: network `c2670', node "G19" does not fanout
Warning: network `c2670', node "G20" does not fanout
Warning: network `c2670', node "G21" does not fanout
Warning: network `c2670', node "G22" does not fanout
Warning: network `c2670', node "G23" does not fanout
Warning: network `c2670', node "G24" does not fanout
Warning: network `c2670', node "G25" does not fanout
Warning: network `c2670', node "G26" does not fanout
Warning: network `c2670', node "G27" does not fanout
Warning: network `c2670', node "G28" does not fanout
Warning: network `c2670', node "G29" does not fanout
Warning: network `c2670', node "G32" does not fanout
Warning: network `c2670', node "G33" does not fanout
Warning: network `c2670', node "G34" does not fanout
Warning: network `c2670', node "G35" does not fanout
Total Area		= 862.00
Most Negative Slack	= -33.50
Nodes = 526. Try = 421. Resub = 0. Div = 9692. SAT calls = 1895. Timeouts = 0. MaxDivs = 1.
Attempts :   Remove      0 out of    842 (  0.00 %)   Resub       0 out of    318 (  0.00 %)   
Reduction:   Nodes       0 out of    526 (  0.00 %)   Edges       0 out of    944 (  0.00 %)   
Win =     0.00 sec (  1.01 %)
Div =     0.00 sec (  2.01 %)
Aig =     0.00 sec (  2.29 %)
Gia =     0.00 sec (  0.00 %)
Cnf =     0.00 sec (  0.52 %)
Sat =     0.04 sec ( 55.22 %)
Int =     0.00 sec (  0.00 %)
ALL =     0.08 sec (100.00 %)
round 36

0%   10   20   30   40   50   60   70   80   90   100%
|----|----|----|----|----|----|----|----|----|----|
seed = 1566881362 patience = 0
***************************************************
best node n768 best error 0.0494336
time = 436181970
c2670_36_0.0494336
area = 863
delay = 18.4
write_blif appntk/c2670_36_0.0494336_863_18.4.blif
sis -x -c "read_library data/genlib/mcnc.genlib;read_blif appntk/c2670_36_0.0494336_863_18.4.blif;print_map_stats" | grep -e "Most Negative Slack" -e "Total Area"
"appntk/c2670_36_0.0494336_863_18.4.blif", line 33: .and_gate_delay 1.9
Warning: network `c2670', node "G4" does not fanout
Warning: network `c2670', node "G5" does not fanout
Warning: network `c2670', node "G6" does not fanout
Warning: network `c2670', node "G11" does not fanout
Warning: network `c2670', node "G16" does not fanout
Warning: network `c2670', node "G19" does not fanout
Warning: network `c2670', node "G20" does not fanout
Warning: network `c2670', node "G21" does not fanout
Warning: network `c2670', node "G22" does not fanout
Warning: network `c2670', node "G23" does not fanout
Warning: network `c2670', node "G24" does not fanout
Warning: network `c2670', node "G25" does not fanout
Warning: network `c2670', node "G26" does not fanout
Warning: network `c2670', node "G27" does not fanout
Warning: network `c2670', node "G28" does not fanout
Warning: network `c2670', node "G29" does not fanout
Warning: network `c2670', node "G32" does not fanout
Warning: network `c2670', node "G33" does not fanout
Warning: network `c2670', node "G34" does not fanout
Warning: network `c2670', node "G35" does not fanout
Total Area		= 863.00
Most Negative Slack	= -30.20
Nodes = 525. Try = 420. Resub = 0. Div = 9639. SAT calls = 1781. Timeouts = 0. MaxDivs = 1.
Attempts :   Remove      0 out of    840 (  0.00 %)   Resub       0 out of    318 (  0.00 %)   
Reduction:   Nodes       0 out of    525 (  0.00 %)   Edges       0 out of    942 (  0.00 %)   
Win =     0.00 sec (  1.05 %)
Div =     0.00 sec (  2.04 %)
Aig =     0.00 sec (  2.35 %)
Gia =     0.00 sec (  0.00 %)
Cnf =     0.00 sec (  0.56 %)
Sat =     0.04 sec ( 54.19 %)
Int =     0.00 sec (  0.00 %)
ALL =     0.08 sec (100.00 %)
round 37

0%   10   20   30   40   50   60   70   80   90   100%
|----|----|----|----|----|----|----|----|----|----|
seed = 1566881365 patience = 0
***************************************************
best node n781 best error 0.0528125
time = 440820080
