Entered genlib library with 23 gates from file "data/genlib/mcnc.genlib".
Nodes = 136. Try = 113. Resub = 10. Div = 7322. SAT calls = 375. Timeouts = 0. MaxDivs = 0.
Attempts :   Remove      4 out of    214 (  1.87 %)   Resub       6 out of     72 (  8.33 %)   
Reduction:   Nodes       8 out of    136 (  5.88 %)   Edges      16 out of    272 (  5.88 %)   
Win =     0.00 sec (  1.15 %)
Div =     0.00 sec (  2.80 %)
Aig =     0.00 sec (  2.92 %)
Gia =     0.00 sec (  0.00 %)
Cnf =     0.00 sec (  0.62 %)
Sat =     0.01 sec ( 49.37 %)
Int =     0.00 sec ( 10.28 %)
ALL =     0.03 sec (100.00 %)
round 0

0%   10   20   30   40   50   60   70   80   90   100%
|----|----|----|----|----|----|----|----|----|----|
seed = 1566880928 patience = 0
***************************************************
best node n163 best error 0
time = 2094402
c432_0_0
area = 228
delay = 28.8
write_blif appntk/c432_0_0_228_28.8.blif
sis -x -c "read_library data/genlib/mcnc.genlib;read_blif appntk/c432_0_0_228_28.8.blif;print_map_stats" | grep -e "Most Negative Slack" -e "Total Area"
"appntk/c432_0_0_228_28.8.blif", line 9: .and_gate_delay 1.9
Total Area		= 228.00
Most Negative Slack	= -47.00
Nodes = 124. Try = 104. Resub = 0. Div = 6954. SAT calls = 378. Timeouts = 0. MaxDivs = 0.
Attempts :   Remove      0 out of    208 (  0.00 %)   Resub       0 out of     76 (  0.00 %)   
Reduction:   Nodes       0 out of    124 (  0.00 %)   Edges       0 out of    248 (  0.00 %)   
Win =     0.00 sec (  1.16 %)
Div =     0.00 sec (  2.67 %)
Aig =     0.00 sec (  3.04 %)
Gia =     0.00 sec (  0.00 %)
Cnf =     0.00 sec (  0.63 %)
Sat =     0.02 sec ( 53.82 %)
Int =     0.00 sec (  0.00 %)
ALL =     0.03 sec (100.00 %)
round 1

0%   10   20   30   40   50   60   70   80   90   100%
|----|----|----|----|----|----|----|----|----|----|
seed = 1566880930 patience = 0
***************************************************
best node n153 best error 0.00207031
time = 3873906
c432_1_0.00207031
area = 217
delay = 28.2
write_blif appntk/c432_1_0.00207031_217_28.2.blif
sis -x -c "read_library data/genlib/mcnc.genlib;read_blif appntk/c432_1_0.00207031_217_28.2.blif;print_map_stats" | grep -e "Most Negative Slack" -e "Total Area"
"appntk/c432_1_0.00207031_217_28.2.blif", line 9: .and_gate_delay 1.9
Total Area		= 217.00
Most Negative Slack	= -47.00
Nodes = 119. Try = 104. Resub = 0. Div = 6975. SAT calls = 394. Timeouts = 0. MaxDivs = 0.
Attempts :   Remove      0 out of    208 (  0.00 %)   Resub       0 out of     76 (  0.00 %)   
Reduction:   Nodes       0 out of    119 (  0.00 %)   Edges       0 out of    238 (  0.00 %)   
Win =     0.00 sec (  1.11 %)
Div =     0.00 sec (  2.63 %)
Aig =     0.00 sec (  2.97 %)
Gia =     0.00 sec (  0.00 %)
Cnf =     0.00 sec (  0.66 %)
Sat =     0.02 sec ( 55.97 %)
Int =     0.00 sec (  0.00 %)
ALL =     0.03 sec (100.00 %)
round 2

0%   10   20   30   40   50   60   70   80   90   100%
|----|----|----|----|----|----|----|----|----|----|
seed = 1566880932 patience = 0
***************************************************
best node n161 best error 0.00966797
time = 5274452
c432_2_0.00966797
area = 211
delay = 29.1
write_blif appntk/c432_2_0.00966797_211_29.1.blif
sis -x -c "read_library data/genlib/mcnc.genlib;read_blif appntk/c432_2_0.00966797_211_29.1.blif;print_map_stats" | grep -e "Most Negative Slack" -e "Total Area"
"appntk/c432_2_0.00966797_211_29.1.blif", line 9: .and_gate_delay 1.9
Total Area		= 211.00
Most Negative Slack	= -47.50
Nodes = 117. Try = 104. Resub = 0. Div = 6978. SAT calls = 384. Timeouts = 0. MaxDivs = 0.
Attempts :   Remove      0 out of    208 (  0.00 %)   Resub       0 out of     76 (  0.00 %)   
Reduction:   Nodes       0 out of    117 (  0.00 %)   Edges       0 out of    234 (  0.00 %)   
Win =     0.00 sec (  1.11 %)
Div =     0.00 sec (  2.96 %)
Aig =     0.00 sec (  2.96 %)
Gia =     0.00 sec (  0.00 %)
Cnf =     0.00 sec (  0.73 %)
Sat =     0.01 sec ( 58.29 %)
Int =     0.00 sec (  0.00 %)
ALL =     0.02 sec (100.00 %)
round 3

0%   10   20   30   40   50   60   70   80   90   100%
|----|----|----|----|----|----|----|----|----|----|
seed = 1566880933 patience = 0
***************************************************
best node n156 best error 0.00966797
time = 6718808
c432_3_0.00966797
area = 210
delay = 28.7
write_blif appntk/c432_3_0.00966797_210_28.7.blif
sis -x -c "read_library data/genlib/mcnc.genlib;read_blif appntk/c432_3_0.00966797_210_28.7.blif;print_map_stats" | grep -e "Most Negative Slack" -e "Total Area"
"appntk/c432_3_0.00966797_210_28.7.blif", line 9: .and_gate_delay 1.9
Total Area		= 210.00
Most Negative Slack	= -47.20
Nodes = 116. Try = 104. Resub = 0. Div = 6990. SAT calls = 383. Timeouts = 0. MaxDivs = 0.
Attempts :   Remove      0 out of    208 (  0.00 %)   Resub       0 out of     76 (  0.00 %)   
Reduction:   Nodes       0 out of    116 (  0.00 %)   Edges       0 out of    232 (  0.00 %)   
Win =     0.00 sec (  1.09 %)
Div =     0.00 sec (  2.72 %)
Aig =     0.00 sec (  3.00 %)
Gia =     0.00 sec (  0.00 %)
Cnf =     0.00 sec (  0.65 %)
Sat =     0.02 sec ( 53.79 %)
Int =     0.00 sec (  0.00 %)
ALL =     0.03 sec (100.00 %)
round 4

0%   10   20   30   40   50   60   70   80   90   100%
|----|----|----|----|----|----|----|----|----|----|
seed = 1566880935 patience = 0
***************************************************
best node n155 best error 0.0168066
time = 8351826
c432_4_0.0168066
area = 211
delay = 26.3
write_blif appntk/c432_4_0.0168066_211_26.3.blif
sis -x -c "read_library data/genlib/mcnc.genlib;read_blif appntk/c432_4_0.0168066_211_26.3.blif;print_map_stats" | grep -e "Most Negative Slack" -e "Total Area"
"appntk/c432_4_0.0168066_211_26.3.blif", line 9: .and_gate_delay 1.9
Total Area		= 211.00
Most Negative Slack	= -43.70
Nodes = 115. Try = 104. Resub = 0. Div = 6956. SAT calls = 384. Timeouts = 0. MaxDivs = 0.
Attempts :   Remove      0 out of    208 (  0.00 %)   Resub       0 out of     76 (  0.00 %)   
Reduction:   Nodes       0 out of    115 (  0.00 %)   Edges       0 out of    230 (  0.00 %)   
Win =     0.00 sec (  1.15 %)
Div =     0.00 sec (  2.95 %)
Aig =     0.00 sec (  3.19 %)
Gia =     0.00 sec (  0.00 %)
Cnf =     0.00 sec (  0.69 %)
Sat =     0.02 sec ( 55.35 %)
Int =     0.00 sec (  0.00 %)
ALL =     0.03 sec (100.00 %)
round 5

0%   10   20   30   40   50   60   70   80   90   100%
|----|----|----|----|----|----|----|----|----|----|
seed = 1566880937 patience = 0
***************************************************
best node n85 best error 0.0262402
time = 9682787
c432_5_0.0262402
area = 206
delay = 27.9
write_blif appntk/c432_5_0.0262402_206_27.9.blif
sis -x -c "read_library data/genlib/mcnc.genlib;read_blif appntk/c432_5_0.0262402_206_27.9.blif;print_map_stats" | grep -e "Most Negative Slack" -e "Total Area"
"appntk/c432_5_0.0262402_206_27.9.blif", line 9: .and_gate_delay 1.9
Total Area		= 206.00
Most Negative Slack	= -45.80
Nodes = 113. Try = 102. Resub = 0. Div = 6675. SAT calls = 379. Timeouts = 0. MaxDivs = 0.
Attempts :   Remove      0 out of    204 (  0.00 %)   Resub       0 out of     74 (  0.00 %)   
Reduction:   Nodes       0 out of    113 (  0.00 %)   Edges       0 out of    226 (  0.00 %)   
Win =     0.00 sec (  1.13 %)
Div =     0.00 sec (  2.89 %)
Aig =     0.00 sec (  3.17 %)
Gia =     0.00 sec (  0.00 %)
Cnf =     0.00 sec (  0.71 %)
Sat =     0.02 sec ( 55.61 %)
Int =     0.00 sec (  0.00 %)
ALL =     0.03 sec (100.00 %)
round 6

0%   10   20   30   40   50   60   70   80   90   100%
|----|----|----|----|----|----|----|----|----|----|
seed = 1566880938 patience = 0
***************************************************
best node n73 best error 0.0335156
time = 10980221
c432_6_0.0335156
area = 221
delay = 26.3
write_blif appntk/c432_6_0.0335156_221_26.3.blif
sis -x -c "read_library data/genlib/mcnc.genlib;read_blif appntk/c432_6_0.0335156_221_26.3.blif;print_map_stats" | grep -e "Most Negative Slack" -e "Total Area"
"appntk/c432_6_0.0335156_221_26.3.blif", line 9: .and_gate_delay 1.9
Total Area		= 221.00
Most Negative Slack	= -41.30
Nodes = 111. Try = 105. Resub = 0. Div = 7011. SAT calls = 402. Timeouts = 0. MaxDivs = 0.
Attempts :   Remove      0 out of    210 (  0.00 %)   Resub       0 out of     75 (  0.00 %)   
Reduction:   Nodes       0 out of    111 (  0.00 %)   Edges       0 out of    222 (  0.00 %)   
Win =     0.00 sec (  1.19 %)
Div =     0.00 sec (  2.82 %)
Aig =     0.00 sec (  3.06 %)
Gia =     0.00 sec (  0.00 %)
Cnf =     0.00 sec (  0.63 %)
Sat =     0.02 sec ( 55.30 %)
Int =     0.00 sec (  0.00 %)
ALL =     0.03 sec (100.00 %)
round 7

0%   10   20   30   40   50   60   70   80   90   100%
|----|----|----|----|----|----|----|----|----|----|
seed = 1566880939 patience = 0
***************************************************
best node n70 best error 0.03875
time = 12222487
c432_7_0.03875
area = 216
delay = 25.3
write_blif appntk/c432_7_0.03875_216_25.3.blif
sis -x -c "read_library data/genlib/mcnc.genlib;read_blif appntk/c432_7_0.03875_216_25.3.blif;print_map_stats" | grep -e "Most Negative Slack" -e "Total Area"
"appntk/c432_7_0.03875_216_25.3.blif", line 9: .and_gate_delay 1.9
Total Area		= 216.00
Most Negative Slack	= -41.20
Nodes = 109. Try = 103. Resub = 0. Div = 6676. SAT calls = 390. Timeouts = 0. MaxDivs = 0.
Attempts :   Remove      0 out of    206 (  0.00 %)   Resub       0 out of     73 (  0.00 %)   
Reduction:   Nodes       0 out of    109 (  0.00 %)   Edges       0 out of    218 (  0.00 %)   
Win =     0.00 sec (  1.17 %)
Div =     0.00 sec (  2.93 %)
Aig =     0.00 sec (  3.03 %)
Gia =     0.00 sec (  0.00 %)
Cnf =     0.00 sec (  0.72 %)
Sat =     0.02 sec ( 56.73 %)
Int =     0.00 sec (  0.00 %)
ALL =     0.03 sec (100.00 %)
round 8

0%   10   20   30   40   50   60   70   80   90   100%
|----|----|----|----|----|----|----|----|----|----|
seed = 1566880940 patience = 0
***************************************************
best node n142 best error 0.0496484
time = 13591334
c432_8_0.0496484
area = 220
delay = 26
write_blif appntk/c432_8_0.0496484_220_26.blif
sis -x -c "read_library data/genlib/mcnc.genlib;read_blif appntk/c432_8_0.0496484_220_26.blif;print_map_stats" | grep -e "Most Negative Slack" -e "Total Area"
"appntk/c432_8_0.0496484_220_26.blif", line 9: .and_gate_delay 1.9
Total Area		= 220.00
Most Negative Slack	= -41.60
Nodes = 108. Try = 102. Resub = 0. Div = 6532. SAT calls = 370. Timeouts = 0. MaxDivs = 0.
Attempts :   Remove      0 out of    204 (  0.00 %)   Resub       0 out of     72 (  0.00 %)   
Reduction:   Nodes       0 out of    108 (  0.00 %)   Edges       0 out of    216 (  0.00 %)   
Win =     0.00 sec (  1.21 %)
Div =     0.00 sec (  3.02 %)
Aig =     0.00 sec (  3.07 %)
Gia =     0.00 sec (  0.00 %)
Cnf =     0.00 sec (  0.76 %)
Sat =     0.01 sec ( 55.72 %)
Int =     0.00 sec (  0.00 %)
ALL =     0.03 sec (100.00 %)
round 9

0%   10   20   30   40   50   60   70   80   90   100%
|----|----|----|----|----|----|----|----|----|----|
seed = 1566880942 patience = 0
***************************************************
best node n149 best error 0.0590625
time = 14392162
