Entered genlib library with 23 gates from file "data/genlib/mcnc.genlib".
Nodes = 1870. Try = 754. Resub = 0. Div = 32723. SAT calls = 2062. Timeouts = 0. MaxDivs = 0.
Attempts :   Remove      0 out of   1508 (  0.00 %)   Resub       0 out of    152 (  0.00 %)   
Reduction:   Nodes       0 out of   1870 (  0.00 %)   Edges       0 out of   3740 (  0.00 %)   
Win =     0.00 sec (  1.16 %)
Div =     0.01 sec (  3.31 %)
Aig =     0.01 sec (  3.34 %)
Gia =     0.00 sec (  0.00 %)
Cnf =     0.00 sec (  0.57 %)
Sat =     0.11 sec ( 51.25 %)
Int =     0.00 sec (  0.00 %)
ALL =     0.21 sec (100.00 %)
round 0

0%   10   20   30   40   50   60   70   80   90   100%
|----|----|----|----|----|----|----|----|----|----|
seed = 1566880929 patience = 0
***************************************************
best node n228 best error 0.0306836
time = 33354141
c6288_0_0.0306836
area = 4267
delay = 146.1
write_blif appntk/c6288_0_0.0306836_4267_146.1.blif
sis -x -c "read_library data/genlib/mcnc.genlib;read_blif appntk/c6288_0_0.0306836_4267_146.1.blif;print_map_stats" | grep -e "Most Negative Slack" -e "Total Area"
"appntk/c6288_0_0.0306836_4267_146.1.blif", line 13: .and_gate_delay 1.9
Total Area		= 4267.00
Most Negative Slack	= -202.30
Nodes = 1868. Try = 754. Resub = 0. Div = 32740. SAT calls = 2045. Timeouts = 0. MaxDivs = 0.
Attempts :   Remove      0 out of   1508 (  0.00 %)   Resub       0 out of    155 (  0.00 %)   
Reduction:   Nodes       0 out of   1868 (  0.00 %)   Edges       0 out of   3736 (  0.00 %)   
Win =     0.00 sec (  1.17 %)
Div =     0.01 sec (  3.42 %)
Aig =     0.01 sec (  3.38 %)
Gia =     0.00 sec (  0.00 %)
Cnf =     0.00 sec (  0.61 %)
Sat =     0.11 sec ( 51.09 %)
Int =     0.00 sec (  0.00 %)
ALL =     0.21 sec (100.00 %)
round 1

0%   10   20   30   40   50   60   70   80   90   100%
|----|----|----|----|----|----|----|----|----|----|
seed = 1566880965 patience = 0
***************************************************
best node n280 best error 0.0460938
time = 64420854
c6288_1_0.0460938
area = 4253
delay = 145.5
write_blif appntk/c6288_1_0.0460938_4253_145.5.blif
sis -x -c "read_library data/genlib/mcnc.genlib;read_blif appntk/c6288_1_0.0460938_4253_145.5.blif;print_map_stats" | grep -e "Most Negative Slack" -e "Total Area"
"appntk/c6288_1_0.0460938_4253_145.5.blif", line 13: .and_gate_delay 1.9
Total Area		= 4253.00
Most Negative Slack	= -201.40
Nodes = 1866. Try = 752. Resub = 0. Div = 32551. SAT calls = 2033. Timeouts = 0. MaxDivs = 0.
Attempts :   Remove      0 out of   1504 (  0.00 %)   Resub       0 out of    153 (  0.00 %)   
Reduction:   Nodes       0 out of   1866 (  0.00 %)   Edges       0 out of   3732 (  0.00 %)   
Win =     0.00 sec (  1.21 %)
Div =     0.01 sec (  3.58 %)
Aig =     0.00 sec (  3.24 %)
Gia =     0.00 sec (  0.00 %)
Cnf =     0.00 sec (  0.65 %)
Sat =     0.08 sec ( 54.60 %)
Int =     0.00 sec (  0.00 %)
ALL =     0.15 sec (100.00 %)
round 2

0%   10   20   30   40   50   60   70   80   90   100%
|----|----|----|----|----|----|----|----|----|----|
seed = 1566880995 patience = 0
***************************************************
best node n875 best error 0.0712793
time = 95924223
