Entered genlib library with 23 gates from file "data/genlib/mcnc.genlib".
Nodes = 1464. Try = 1267. Resub = 8. Div = 45007. SAT calls = 5159. Timeouts = 0. MaxDivs = 15.
Attempts :   Remove      0 out of   2516 (  0.00 %)   Resub       8 out of    724 (  1.10 %)   
Reduction:   Nodes       8 out of   1464 (  0.55 %)   Edges      16 out of   2873 (  0.56 %)   
Win =     0.00 sec (  1.06 %)
Div =     0.01 sec (  2.72 %)
Aig =     0.01 sec (  2.75 %)
Gia =     0.00 sec (  0.00 %)
Cnf =     0.00 sec (  0.51 %)
Sat =     0.22 sec ( 55.16 %)
Int =     0.00 sec (  0.88 %)
ALL =     0.39 sec (100.00 %)
round 0

0%   10   20   30   40   50   60   70   80   90   100%
|----|----|----|----|----|----|----|----|----|----|
seed = 1566880929 patience = 0
***************************************************
best node n815 best error 0
time = 29231064
c7552_0_0
area = 2556
delay = 51.3
write_blif appntk/c7552_0_0_2556_51.3.blif
sis -x -c "read_library data/genlib/mcnc.genlib;read_blif appntk/c7552_0_0_2556_51.3.blif;print_map_stats" | grep -e "Most Negative Slack" -e "Total Area"
"appntk/c7552_0_0_2556_51.3.blif", line 23: .and_gate_delay 1.9
Total Area		= 2556.00
Most Negative Slack	= -105.80
Nodes = 1431. Try = 1220. Resub = 1. Div = 42227. SAT calls = 4904. Timeouts = 0. MaxDivs = 10.
Attempts :   Remove      0 out of   2431 (  0.00 %)   Resub       1 out of    695 (  0.14 %)   
Reduction:   Nodes       1 out of   1431 (  0.07 %)   Edges       2 out of   2807 (  0.07 %)   
Win =     0.00 sec (  1.03 %)
Div =     0.01 sec (  2.70 %)
Aig =     0.01 sec (  2.73 %)
Gia =     0.00 sec (  0.00 %)
Cnf =     0.00 sec (  0.53 %)
Sat =     0.20 sec ( 56.38 %)
Int =     0.00 sec (  0.14 %)
ALL =     0.35 sec (100.00 %)
round 1

0%   10   20   30   40   50   60   70   80   90   100%
|----|----|----|----|----|----|----|----|----|----|
seed = 1566880959 patience = 0
***************************************************
best node n501 best error 0
time = 54350876
c7552_1_0
area = 2551
delay = 53.2
write_blif appntk/c7552_1_0_2551_53.2.blif
sis -x -c "read_library data/genlib/mcnc.genlib;read_blif appntk/c7552_1_0_2551_53.2.blif;print_map_stats" | grep -e "Most Negative Slack" -e "Total Area"
"appntk/c7552_1_0_2551_53.2.blif", line 23: .and_gate_delay 1.9
Total Area		= 2551.00
Most Negative Slack	= -124.90
Nodes = 1423. Try = 1213. Resub = 0. Div = 41580. SAT calls = 4871. Timeouts = 0. MaxDivs = 13.
Attempts :   Remove      0 out of   2418 (  0.00 %)   Resub       0 out of    692 (  0.00 %)   
Reduction:   Nodes       0 out of   1423 (  0.00 %)   Edges       0 out of   2791 (  0.00 %)   
Win =     0.00 sec (  1.04 %)
Div =     0.01 sec (  2.79 %)
Aig =     0.01 sec (  2.57 %)
Gia =     0.00 sec (  0.00 %)
Cnf =     0.00 sec (  0.54 %)
Sat =     0.15 sec ( 58.58 %)
Int =     0.00 sec (  0.00 %)
ALL =     0.26 sec (100.00 %)
round 2

0%   10   20   30   40   50   60   70   80   90   100%
|----|----|----|----|----|----|----|----|----|----|
seed = 1566880984 patience = 0
***************************************************
best node n852 best error 9.76562e-06
time = 76956752
c7552_2_9.76562e-06
area = 2532
delay = 55.2
write_blif appntk/c7552_2_9.76562e-06_2532_55.2.blif
sis -x -c "read_library data/genlib/mcnc.genlib;read_blif appntk/c7552_2_9.76562e-06_2532_55.2.blif;print_map_stats" | grep -e "Most Negative Slack" -e "Total Area"
"appntk/c7552_2_9.76562e-06_2532_55.2.blif", line 23: .and_gate_delay 1.9
Total Area		= 2532.00
Most Negative Slack	= -108.20
Nodes = 1411. Try = 1208. Resub = 1. Div = 42148. SAT calls = 4996. Timeouts = 0. MaxDivs = 11.
Attempts :   Remove      0 out of   2409 (  0.00 %)   Resub       1 out of    705 (  0.14 %)   
Reduction:   Nodes       1 out of   1411 (  0.07 %)   Edges       2 out of   2767 (  0.07 %)   
Win =     0.00 sec (  1.03 %)
Div =     0.01 sec (  2.77 %)
Aig =     0.01 sec (  2.59 %)
Gia =     0.00 sec (  0.00 %)
Cnf =     0.00 sec (  0.54 %)
Sat =     0.16 sec ( 59.93 %)
Int =     0.00 sec (  0.13 %)
ALL =     0.27 sec (100.00 %)
round 3

0%   10   20   30   40   50   60   70   80   90   100%
|----|----|----|----|----|----|----|----|----|----|
seed = 1566881006 patience = 0
***************************************************
best node n685 best error 0.000390625
time = 100776195
c7552_3_0.000390625
area = 2538
delay = 51.2
write_blif appntk/c7552_3_0.000390625_2538_51.2.blif
sis -x -c "read_library data/genlib/mcnc.genlib;read_blif appntk/c7552_3_0.000390625_2538_51.2.blif;print_map_stats" | grep -e "Most Negative Slack" -e "Total Area"
"appntk/c7552_3_0.000390625_2538_51.2.blif", line 23: .and_gate_delay 1.9
Total Area		= 2538.00
Most Negative Slack	= -121.40
Nodes = 1407. Try = 1203. Resub = 0. Div = 41012. SAT calls = 4923. Timeouts = 0. MaxDivs = 10.
Attempts :   Remove      0 out of   2400 (  0.00 %)   Resub       0 out of    703 (  0.00 %)   
Reduction:   Nodes       0 out of   1407 (  0.00 %)   Edges       0 out of   2759 (  0.00 %)   
Win =     0.00 sec (  1.03 %)
Div =     0.01 sec (  2.76 %)
Aig =     0.01 sec (  2.54 %)
Gia =     0.00 sec (  0.00 %)
Cnf =     0.00 sec (  0.55 %)
Sat =     0.16 sec ( 59.94 %)
Int =     0.00 sec (  0.00 %)
ALL =     0.26 sec (100.00 %)
round 4

0%   10   20   30   40   50   60   70   80   90   100%
|----|----|----|----|----|----|----|----|----|----|
seed = 1566881030 patience = 0
***************************************************
best node n686 best error 0.000654297
time = 123629423
c7552_4_0.000654297
area = 2457
delay = 47.9
write_blif appntk/c7552_4_0.000654297_2457_47.9.blif
sis -x -c "read_library data/genlib/mcnc.genlib;read_blif appntk/c7552_4_0.000654297_2457_47.9.blif;print_map_stats" | grep -e "Most Negative Slack" -e "Total Area"
"appntk/c7552_4_0.000654297_2457_47.9.blif", line 23: .and_gate_delay 1.9
Total Area		= 2457.00
Most Negative Slack	= -97.80
Nodes = 1375. Try = 1171. Resub = 0. Div = 39246. SAT calls = 4739. Timeouts = 0. MaxDivs = 10.
Attempts :   Remove      0 out of   2336 (  0.00 %)   Resub       0 out of    682 (  0.00 %)   
Reduction:   Nodes       0 out of   1375 (  0.00 %)   Edges       0 out of   2695 (  0.00 %)   
Win =     0.00 sec (  1.05 %)
Div =     0.01 sec (  2.79 %)
Aig =     0.01 sec (  2.52 %)
Gia =     0.00 sec (  0.00 %)
Cnf =     0.00 sec (  0.54 %)
Sat =     0.15 sec ( 59.50 %)
Int =     0.00 sec (  0.00 %)
ALL =     0.25 sec (100.00 %)
round 5

0%   10   20   30   40   50   60   70   80   90   100%
|----|----|----|----|----|----|----|----|----|----|
seed = 1566881053 patience = 0
***************************************************
best node n1217 best error 0.000654297
time = 144280016
c7552_5_0.000654297
area = 2460
delay = 47.6
write_blif appntk/c7552_5_0.000654297_2460_47.6.blif
sis -x -c "read_library data/genlib/mcnc.genlib;read_blif appntk/c7552_5_0.000654297_2460_47.6.blif;print_map_stats" | grep -e "Most Negative Slack" -e "Total Area"
"appntk/c7552_5_0.000654297_2460_47.6.blif", line 23: .and_gate_delay 1.9
Total Area		= 2460.00
Most Negative Slack	= -104.20
Nodes = 1369. Try = 1166. Resub = 1. Div = 39208. SAT calls = 4592. Timeouts = 0. MaxDivs = 10.
Attempts :   Remove      0 out of   2325 (  0.00 %)   Resub       1 out of    679 (  0.15 %)   
Reduction:   Nodes       1 out of   1369 (  0.07 %)   Edges       2 out of   2683 (  0.07 %)   
Win =     0.00 sec (  1.05 %)
Div =     0.01 sec (  2.86 %)
Aig =     0.01 sec (  2.55 %)
Gia =     0.00 sec (  0.00 %)
Cnf =     0.00 sec (  0.57 %)
Sat =     0.14 sec ( 58.60 %)
Int =     0.00 sec (  0.17 %)
ALL =     0.24 sec (100.00 %)
round 6

0%   10   20   30   40   50   60   70   80   90   100%
|----|----|----|----|----|----|----|----|----|----|
seed = 1566881074 patience = 0
***************************************************
best node n1564 best error 0.000654297
time = 163545821
c7552_6_0.000654297
area = 2431
delay = 48.8
write_blif appntk/c7552_6_0.000654297_2431_48.8.blif
sis -x -c "read_library data/genlib/mcnc.genlib;read_blif appntk/c7552_6_0.000654297_2431_48.8.blif;print_map_stats" | grep -e "Most Negative Slack" -e "Total Area"
"appntk/c7552_6_0.000654297_2431_48.8.blif", line 23: .and_gate_delay 1.9
Total Area		= 2431.00
Most Negative Slack	= -101.30
Nodes = 1365. Try = 1161. Resub = 0. Div = 38905. SAT calls = 4664. Timeouts = 0. MaxDivs = 10.
Attempts :   Remove      0 out of   2316 (  0.00 %)   Resub       0 out of    679 (  0.00 %)   
Reduction:   Nodes       0 out of   1365 (  0.00 %)   Edges       0 out of   2675 (  0.00 %)   
Win =     0.00 sec (  1.05 %)
Div =     0.01 sec (  2.88 %)
Aig =     0.01 sec (  2.55 %)
Gia =     0.00 sec (  0.00 %)
Cnf =     0.00 sec (  0.54 %)
Sat =     0.14 sec ( 59.41 %)
Int =     0.00 sec (  0.00 %)
ALL =     0.24 sec (100.00 %)
round 7

0%   10   20   30   40   50   60   70   80   90   100%
|----|----|----|----|----|----|----|----|----|----|
seed = 1566881093 patience = 0
***************************************************
best node n1202 best error 0.000654297
time = 185202406
c7552_7_0.000654297
area = 2434
delay = 49.8
write_blif appntk/c7552_7_0.000654297_2434_49.8.blif
sis -x -c "read_library data/genlib/mcnc.genlib;read_blif appntk/c7552_7_0.000654297_2434_49.8.blif;print_map_stats" | grep -e "Most Negative Slack" -e "Total Area"
"appntk/c7552_7_0.000654297_2434_49.8.blif", line 23: .and_gate_delay 1.9
Total Area		= 2434.00
Most Negative Slack	= -110.20
Nodes = 1362. Try = 1158. Resub = 0. Div = 38494. SAT calls = 4532. Timeouts = 0. MaxDivs = 10.
Attempts :   Remove      0 out of   2310 (  0.00 %)   Resub       0 out of    679 (  0.00 %)   
Reduction:   Nodes       0 out of   1362 (  0.00 %)   Edges       0 out of   2669 (  0.00 %)   
Win =     0.00 sec (  1.02 %)
Div =     0.01 sec (  2.89 %)
Aig =     0.01 sec (  2.57 %)
Gia =     0.00 sec (  0.00 %)
Cnf =     0.00 sec (  0.55 %)
Sat =     0.14 sec ( 58.73 %)
Int =     0.00 sec (  0.00 %)
ALL =     0.24 sec (100.00 %)
round 8

0%   10   20   30   40   50   60   70   80   90   100%
|----|----|----|----|----|----|----|----|----|----|
seed = 1566881115 patience = 0
***************************************************
best node n661 best error 0.00118164
time = 203406711
c7552_8_0.00118164
area = 2418
delay = 46.4
write_blif appntk/c7552_8_0.00118164_2418_46.4.blif
sis -x -c "read_library data/genlib/mcnc.genlib;read_blif appntk/c7552_8_0.00118164_2418_46.4.blif;print_map_stats" | grep -e "Most Negative Slack" -e "Total Area"
"appntk/c7552_8_0.00118164_2418_46.4.blif", line 23: .and_gate_delay 1.9
Total Area		= 2418.00
Most Negative Slack	= -90.80
Nodes = 1346. Try = 1141. Resub = 0. Div = 37525. SAT calls = 4630. Timeouts = 0. MaxDivs = 8.
Attempts :   Remove      0 out of   2278 (  0.00 %)   Resub       0 out of    664 (  0.00 %)   
Reduction:   Nodes       0 out of   1346 (  0.00 %)   Edges       0 out of   2637 (  0.00 %)   
Win =     0.00 sec (  1.01 %)
Div =     0.01 sec (  2.73 %)
Aig =     0.01 sec (  2.50 %)
Gia =     0.00 sec (  0.00 %)
Cnf =     0.00 sec (  0.57 %)
Sat =     0.14 sec ( 59.82 %)
Int =     0.00 sec (  0.00 %)
ALL =     0.24 sec (100.00 %)
round 9

0%   10   20   30   40   50   60   70   80   90   100%
|----|----|----|----|----|----|----|----|----|----|
seed = 1566881133 patience = 0
***************************************************
best node n1267 best error 0.00118164
time = 225664496
c7552_9_0.00118164
area = 2399
delay = 48.9
write_blif appntk/c7552_9_0.00118164_2399_48.9.blif
sis -x -c "read_library data/genlib/mcnc.genlib;read_blif appntk/c7552_9_0.00118164_2399_48.9.blif;print_map_stats" | grep -e "Most Negative Slack" -e "Total Area"
"appntk/c7552_9_0.00118164_2399_48.9.blif", line 23: .and_gate_delay 1.9
Total Area		= 2399.00
Most Negative Slack	= -104.70
Nodes = 1345. Try = 1141. Resub = 0. Div = 38531. SAT calls = 4535. Timeouts = 0. MaxDivs = 10.
Attempts :   Remove      0 out of   2280 (  0.00 %)   Resub       0 out of    665 (  0.00 %)   
Reduction:   Nodes       0 out of   1345 (  0.00 %)   Edges       0 out of   2635 (  0.00 %)   
Win =     0.00 sec (  1.02 %)
Div =     0.01 sec (  2.88 %)
Aig =     0.01 sec (  2.57 %)
Gia =     0.00 sec (  0.00 %)
Cnf =     0.00 sec (  0.55 %)
Sat =     0.14 sec ( 58.95 %)
Int =     0.00 sec (  0.00 %)
ALL =     0.23 sec (100.00 %)
round 10

0%   10   20   30   40   50   60   70   80   90   100%
|----|----|----|----|----|----|----|----|----|----|
seed = 1566881155 patience = 0
***************************************************
best node n1206 best error 0.00171875
time = 244394950
c7552_10_0.00171875
area = 2355
delay = 47.6
write_blif appntk/c7552_10_0.00171875_2355_47.6.blif
sis -x -c "read_library data/genlib/mcnc.genlib;read_blif appntk/c7552_10_0.00171875_2355_47.6.blif;print_map_stats" | grep -e "Most Negative Slack" -e "Total Area"
"appntk/c7552_10_0.00171875_2355_47.6.blif", line 23: .and_gate_delay 1.9
Warning: network `c7552', node "89" does not fanout
Total Area		= 2355.00
Most Negative Slack	= -97.90
Nodes = 1312. Try = 1109. Resub = 0. Div = 36725. SAT calls = 4373. Timeouts = 0. MaxDivs = 9.
Attempts :   Remove      0 out of   2212 (  0.00 %)   Resub       0 out of    637 (  0.00 %)   
Reduction:   Nodes       0 out of   1312 (  0.00 %)   Edges       0 out of   2569 (  0.00 %)   
Win =     0.00 sec (  1.04 %)
Div =     0.01 sec (  2.85 %)
Aig =     0.01 sec (  2.57 %)
Gia =     0.00 sec (  0.00 %)
Cnf =     0.00 sec (  0.54 %)
Sat =     0.14 sec ( 58.74 %)
Int =     0.00 sec (  0.00 %)
ALL =     0.23 sec (100.00 %)
round 11

0%   10   20   30   40   50   60   70   80   90   100%
|----|----|----|----|----|----|----|----|----|----|
seed = 1566881174 patience = 0
***************************************************
best node n1182 best error 0.00380859
time = 262077511
c7552_11_0.00380859
area = 2353
delay = 50.9
write_blif appntk/c7552_11_0.00380859_2353_50.9.blif
sis -x -c "read_library data/genlib/mcnc.genlib;read_blif appntk/c7552_11_0.00380859_2353_50.9.blif;print_map_stats" | grep -e "Most Negative Slack" -e "Total Area"
"appntk/c7552_11_0.00380859_2353_50.9.blif", line 23: .and_gate_delay 1.9
Warning: network `c7552', node "89" does not fanout
Total Area		= 2353.00
Most Negative Slack	= -106.30
Nodes = 1309. Try = 1106. Resub = 0. Div = 36186. SAT calls = 4387. Timeouts = 0. MaxDivs = 9.
Attempts :   Remove      0 out of   2206 (  0.00 %)   Resub       0 out of    637 (  0.00 %)   
Reduction:   Nodes       0 out of   1309 (  0.00 %)   Edges       0 out of   2563 (  0.00 %)   
Win =     0.00 sec (  1.02 %)
Div =     0.01 sec (  2.82 %)
Aig =     0.01 sec (  2.57 %)
Gia =     0.00 sec (  0.00 %)
Cnf =     0.00 sec (  0.51 %)
Sat =     0.13 sec ( 58.80 %)
Int =     0.00 sec (  0.00 %)
ALL =     0.23 sec (100.00 %)
round 12

0%   10   20   30   40   50   60   70   80   90   100%
|----|----|----|----|----|----|----|----|----|----|
seed = 1566881192 patience = 0
***************************************************
best node n642 best error 0.00476563
time = 280079216
c7552_12_0.00476563
area = 2332
delay = 48.1
write_blif appntk/c7552_12_0.00476563_2332_48.1.blif
sis -x -c "read_library data/genlib/mcnc.genlib;read_blif appntk/c7552_12_0.00476563_2332_48.1.blif;print_map_stats" | grep -e "Most Negative Slack" -e "Total Area"
"appntk/c7552_12_0.00476563_2332_48.1.blif", line 23: .and_gate_delay 1.9
Warning: network `c7552', node "89" does not fanout
Total Area		= 2332.00
Most Negative Slack	= -97.30
Nodes = 1307. Try = 1105. Resub = 2. Div = 36698. SAT calls = 4411. Timeouts = 0. MaxDivs = 9.
Attempts :   Remove      1 out of   2204 (  0.05 %)   Resub       1 out of    642 (  0.16 %)   
Reduction:   Nodes       1 out of   1307 (  0.08 %)   Edges       2 out of   2559 (  0.08 %)   
Win =     0.00 sec (  1.01 %)
Div =     0.01 sec (  2.82 %)
Aig =     0.01 sec (  2.52 %)
Gia =     0.00 sec (  0.00 %)
Cnf =     0.00 sec (  0.52 %)
Sat =     0.14 sec ( 59.00 %)
Int =     0.00 sec (  0.22 %)
ALL =     0.23 sec (100.00 %)
round 13

0%   10   20   30   40   50   60   70   80   90   100%
|----|----|----|----|----|----|----|----|----|----|
seed = 1566881210 patience = 0
***************************************************
best node n642 best error 0.0131934
time = 296684123
c7552_13_0.0131934
area = 2343
delay = 50.9
write_blif appntk/c7552_13_0.0131934_2343_50.9.blif
sis -x -c "read_library data/genlib/mcnc.genlib;read_blif appntk/c7552_13_0.0131934_2343_50.9.blif;print_map_stats" | grep -e "Most Negative Slack" -e "Total Area"
"appntk/c7552_13_0.0131934_2343_50.9.blif", line 23: .and_gate_delay 1.9
Warning: network `c7552', node "89" does not fanout
Total Area		= 2343.00
Most Negative Slack	= -105.10
Nodes = 1303. Try = 1100. Resub = 0. Div = 35997. SAT calls = 4348. Timeouts = 0. MaxDivs = 9.
Attempts :   Remove      0 out of   2194 (  0.00 %)   Resub       0 out of    635 (  0.00 %)   
Reduction:   Nodes       0 out of   1303 (  0.00 %)   Edges       0 out of   2551 (  0.00 %)   
Win =     0.00 sec (  1.02 %)
Div =     0.01 sec (  2.86 %)
Aig =     0.01 sec (  2.57 %)
Gia =     0.00 sec (  0.00 %)
Cnf =     0.00 sec (  0.54 %)
Sat =     0.13 sec ( 58.45 %)
Int =     0.00 sec (  0.00 %)
ALL =     0.22 sec (100.00 %)
round 14

0%   10   20   30   40   50   60   70   80   90   100%
|----|----|----|----|----|----|----|----|----|----|
seed = 1566881226 patience = 0
***************************************************
best node n637 best error 0.0174707
time = 313906347
c7552_14_0.0174707
area = 2327
delay = 48.7
write_blif appntk/c7552_14_0.0174707_2327_48.7.blif
sis -x -c "read_library data/genlib/mcnc.genlib;read_blif appntk/c7552_14_0.0174707_2327_48.7.blif;print_map_stats" | grep -e "Most Negative Slack" -e "Total Area"
"appntk/c7552_14_0.0174707_2327_48.7.blif", line 23: .and_gate_delay 1.9
Warning: network `c7552', node "89" does not fanout
Total Area		= 2327.00
Most Negative Slack	= -97.40
Nodes = 1292. Try = 1083. Resub = 0. Div = 34676. SAT calls = 4230. Timeouts = 0. MaxDivs = 9.
Attempts :   Remove      0 out of   2160 (  0.00 %)   Resub       0 out of    630 (  0.00 %)   
Reduction:   Nodes       0 out of   1292 (  0.00 %)   Edges       0 out of   2529 (  0.00 %)   
Win =     0.00 sec (  1.00 %)
Div =     0.01 sec (  2.76 %)
Aig =     0.01 sec (  2.53 %)
Gia =     0.00 sec (  0.00 %)
Cnf =     0.00 sec (  0.53 %)
Sat =     0.13 sec ( 57.96 %)
Int =     0.00 sec (  0.00 %)
ALL =     0.22 sec (100.00 %)
round 15

0%   10   20   30   40   50   60   70   80   90   100%
|----|----|----|----|----|----|----|----|----|----|
seed = 1566881243 patience = 0
***************************************************
best node n632 best error 0.0196875
time = 330512051
c7552_15_0.0196875
area = 2324
delay = 50.6
write_blif appntk/c7552_15_0.0196875_2324_50.6.blif
sis -x -c "read_library data/genlib/mcnc.genlib;read_blif appntk/c7552_15_0.0196875_2324_50.6.blif;print_map_stats" | grep -e "Most Negative Slack" -e "Total Area"
"appntk/c7552_15_0.0196875_2324_50.6.blif", line 23: .and_gate_delay 1.9
Warning: network `c7552', node "89" does not fanout
Total Area		= 2324.00
Most Negative Slack	= -102.60
Nodes = 1284. Try = 1075. Resub = 0. Div = 34756. SAT calls = 4270. Timeouts = 0. MaxDivs = 9.
Attempts :   Remove      0 out of   2144 (  0.00 %)   Resub       0 out of    623 (  0.00 %)   
Reduction:   Nodes       0 out of   1284 (  0.00 %)   Edges       0 out of   2513 (  0.00 %)   
Win =     0.00 sec (  1.01 %)
Div =     0.01 sec (  2.79 %)
Aig =     0.01 sec (  2.52 %)
Gia =     0.00 sec (  0.00 %)
Cnf =     0.00 sec (  0.54 %)
Sat =     0.13 sec ( 58.29 %)
Int =     0.00 sec (  0.00 %)
ALL =     0.22 sec (100.00 %)
round 16

0%   10   20   30   40   50   60   70   80   90   100%
|----|----|----|----|----|----|----|----|----|----|
seed = 1566881260 patience = 0
***************************************************
best node n1160 best error 0.0202148
time = 347272237
c7552_16_0.0202148
area = 2313
delay = 48.4
write_blif appntk/c7552_16_0.0202148_2313_48.4.blif
sis -x -c "read_library data/genlib/mcnc.genlib;read_blif appntk/c7552_16_0.0202148_2313_48.4.blif;print_map_stats" | grep -e "Most Negative Slack" -e "Total Area"
"appntk/c7552_16_0.0202148_2313_48.4.blif", line 23: .and_gate_delay 1.9
Warning: network `c7552', node "89" does not fanout
Total Area		= 2313.00
Most Negative Slack	= -96.30
Nodes = 1280. Try = 1071. Resub = 0. Div = 35205. SAT calls = 4255. Timeouts = 0. MaxDivs = 8.
Attempts :   Remove      0 out of   2138 (  0.00 %)   Resub       0 out of    619 (  0.00 %)   
Reduction:   Nodes       0 out of   1280 (  0.00 %)   Edges       0 out of   2505 (  0.00 %)   
Win =     0.00 sec (  1.01 %)
Div =     0.01 sec (  2.81 %)
Aig =     0.01 sec (  2.51 %)
Gia =     0.00 sec (  0.00 %)
Cnf =     0.00 sec (  0.54 %)
Sat =     0.13 sec ( 58.43 %)
Int =     0.00 sec (  0.00 %)
ALL =     0.22 sec (100.00 %)
round 17

0%   10   20   30   40   50   60   70   80   90   100%
|----|----|----|----|----|----|----|----|----|----|
seed = 1566881277 patience = 0
***************************************************
best node n553 best error 0.0362305
time = 365528392
c7552_17_0.0362305
area = 2315
delay = 39.8
write_blif appntk/c7552_17_0.0362305_2315_39.8.blif
sis -x -c "read_library data/genlib/mcnc.genlib;read_blif appntk/c7552_17_0.0362305_2315_39.8.blif;print_map_stats" | grep -e "Most Negative Slack" -e "Total Area"
"appntk/c7552_17_0.0362305_2315_39.8.blif", line 23: .and_gate_delay 1.9
Warning: network `c7552', node "89" does not fanout
Total Area		= 2315.00
Most Negative Slack	= -88.10
Nodes = 1277. Try = 1114. Resub = 0. Div = 42495. SAT calls = 4419. Timeouts = 0. MaxDivs = 12.
Attempts :   Remove      0 out of   2222 (  0.00 %)   Resub       0 out of    644 (  0.00 %)   
Reduction:   Nodes       0 out of   1277 (  0.00 %)   Edges       0 out of   2499 (  0.00 %)   
Win =     0.00 sec (  0.99 %)
Div =     0.01 sec (  2.97 %)
Aig =     0.01 sec (  2.58 %)
Gia =     0.00 sec (  0.00 %)
Cnf =     0.00 sec (  0.53 %)
Sat =     0.15 sec ( 60.41 %)
Int =     0.00 sec (  0.00 %)
ALL =     0.25 sec (100.00 %)
round 18

0%   10   20   30   40   50   60   70   80   90   100%
|----|----|----|----|----|----|----|----|----|----|
seed = 1566881295 patience = 0
***************************************************
best node n1319 best error 0.0416895
time = 382506916
c7552_18_0.0416895
area = 2308
delay = 39.3
write_blif appntk/c7552_18_0.0416895_2308_39.3.blif
sis -x -c "read_library data/genlib/mcnc.genlib;read_blif appntk/c7552_18_0.0416895_2308_39.3.blif;print_map_stats" | grep -e "Most Negative Slack" -e "Total Area"
"appntk/c7552_18_0.0416895_2308_39.3.blif", line 23: .and_gate_delay 1.9
Warning: network `c7552', node "89" does not fanout
Total Area		= 2308.00
Most Negative Slack	= -79.40
Nodes = 1276. Try = 1116. Resub = 0. Div = 43393. SAT calls = 4493. Timeouts = 0. MaxDivs = 10.
Attempts :   Remove      0 out of   2226 (  0.00 %)   Resub       0 out of    646 (  0.00 %)   
Reduction:   Nodes       0 out of   1276 (  0.00 %)   Edges       0 out of   2497 (  0.00 %)   
Win =     0.00 sec (  1.00 %)
Div =     0.01 sec (  2.95 %)
Aig =     0.01 sec (  2.63 %)
Gia =     0.00 sec (  0.00 %)
Cnf =     0.00 sec (  0.52 %)
Sat =     0.15 sec ( 60.90 %)
Int =     0.00 sec (  0.00 %)
ALL =     0.25 sec (100.00 %)
round 19

0%   10   20   30   40   50   60   70   80   90   100%
|----|----|----|----|----|----|----|----|----|----|
seed = 1566881312 patience = 0
***************************************************
best node n1162 best error 0.0476953
time = 399479308
c7552_19_0.0476953
area = 2302
delay = 40.2
write_blif appntk/c7552_19_0.0476953_2302_40.2.blif
sis -x -c "read_library data/genlib/mcnc.genlib;read_blif appntk/c7552_19_0.0476953_2302_40.2.blif;print_map_stats" | grep -e "Most Negative Slack" -e "Total Area"
"appntk/c7552_19_0.0476953_2302_40.2.blif", line 23: .and_gate_delay 1.9
Warning: network `c7552', node "89" does not fanout
Total Area		= 2302.00
Most Negative Slack	= -87.50
Nodes = 1271. Try = 1110. Resub = 0. Div = 43215. SAT calls = 4514. Timeouts = 0. MaxDivs = 11.
Attempts :   Remove      0 out of   2214 (  0.00 %)   Resub       0 out of    646 (  0.00 %)   
Reduction:   Nodes       0 out of   1271 (  0.00 %)   Edges       0 out of   2487 (  0.00 %)   
Win =     0.00 sec (  0.99 %)
Div =     0.01 sec (  2.93 %)
Aig =     0.01 sec (  2.58 %)
Gia =     0.00 sec (  0.00 %)
Cnf =     0.00 sec (  0.52 %)
Sat =     0.15 sec ( 61.11 %)
Int =     0.00 sec (  0.00 %)
ALL =     0.25 sec (100.00 %)
round 20

0%   10   20   30   40   50   60   70   80   90   100%
|----|----|----|----|----|----|----|----|----|----|
seed = 1566881329 patience = 0
***************************************************
best node n962 best error 0.0587207
time = 417649598
