Entered genlib library with 23 gates from file "data/genlib/mcnc.genlib".
Nodes = 506. Try = 506. Resub = 0. Div = 43839. SAT calls = 2076. Timeouts = 0. MaxDivs = 62.
Attempts :   Remove      0 out of   1012 (  0.00 %)   Resub       0 out of    223 (  0.00 %)   
Reduction:   Nodes       0 out of    506 (  0.00 %)   Edges       0 out of   1012 (  0.00 %)   
Win =     0.00 sec (  1.11 %)
Div =     0.01 sec (  3.25 %)
Aig =     0.01 sec (  3.34 %)
Gia =     0.00 sec (  0.00 %)
Cnf =     0.00 sec (  0.61 %)
Sat =     0.14 sec ( 66.11 %)
Int =     0.00 sec (  0.00 %)
ALL =     0.21 sec (100.00 %)
round 0

0%   10   20   30   40   50   60   70   80   90   100%
|----|----|----|----|----|----|----|----|----|----|
seed = 1566880928 patience = 0
***************************************************
best node n467 best error 0
time = 10681989
ksa32_0_0
area = 974
delay = 17.7
write_blif appntk/ksa32_0_0_974_17.7.blif
sis -x -c "read_library data/genlib/mcnc.genlib;read_blif appntk/ksa32_0_0_974_17.7.blif;print_map_stats" | grep -e "Most Negative Slack" -e "Total Area"
"appntk/ksa32_0_0_974_17.7.blif", line 14: .and_gate_delay 1.9
Total Area		= 974.00
Most Negative Slack	= -28.30
Nodes = 502. Try = 502. Resub = 0. Div = 42943. SAT calls = 1989. Timeouts = 0. MaxDivs = 57.
Attempts :   Remove      0 out of   1004 (  0.00 %)   Resub       0 out of    221 (  0.00 %)   
Reduction:   Nodes       0 out of    502 (  0.00 %)   Edges       0 out of   1004 (  0.00 %)   
Win =     0.00 sec (  1.03 %)
Div =     0.01 sec (  3.40 %)
Aig =     0.01 sec (  3.42 %)
Gia =     0.00 sec (  0.00 %)
Cnf =     0.00 sec (  0.59 %)
Sat =     0.15 sec ( 65.48 %)
Int =     0.00 sec (  0.00 %)
ALL =     0.23 sec (100.00 %)
round 1

0%   10   20   30   40   50   60   70   80   90   100%
|----|----|----|----|----|----|----|----|----|----|
seed = 1566880940 patience = 0
***************************************************
best node n500 best error 0
time = 21761191
ksa32_1_0
area = 964
delay = 17.7
write_blif appntk/ksa32_1_0_964_17.7.blif
sis -x -c "read_library data/genlib/mcnc.genlib;read_blif appntk/ksa32_1_0_964_17.7.blif;print_map_stats" | grep -e "Most Negative Slack" -e "Total Area"
"appntk/ksa32_1_0_964_17.7.blif", line 14: .and_gate_delay 1.9
Total Area		= 964.00
Most Negative Slack	= -28.30
Nodes = 498. Try = 498. Resub = 0. Div = 41857. SAT calls = 2013. Timeouts = 0. MaxDivs = 52.
Attempts :   Remove      0 out of    996 (  0.00 %)   Resub       0 out of    219 (  0.00 %)   
Reduction:   Nodes       0 out of    498 (  0.00 %)   Edges       0 out of    996 (  0.00 %)   
Win =     0.00 sec (  1.02 %)
Div =     0.01 sec (  3.28 %)
Aig =     0.01 sec (  3.14 %)
Gia =     0.00 sec (  0.00 %)
Cnf =     0.00 sec (  0.63 %)
Sat =     0.12 sec ( 67.51 %)
Int =     0.00 sec (  0.00 %)
ALL =     0.17 sec (100.00 %)
round 2

0%   10   20   30   40   50   60   70   80   90   100%
|----|----|----|----|----|----|----|----|----|----|
seed = 1566880950 patience = 0
***************************************************
best node n516 best error 0
time = 31229474
ksa32_2_0
area = 960
delay = 17.6
write_blif appntk/ksa32_2_0_960_17.6.blif
sis -x -c "read_library data/genlib/mcnc.genlib;read_blif appntk/ksa32_2_0_960_17.6.blif;print_map_stats" | grep -e "Most Negative Slack" -e "Total Area"
"appntk/ksa32_2_0_960_17.6.blif", line 14: .and_gate_delay 1.9
Total Area		= 960.00
Most Negative Slack	= -28.30
Nodes = 494. Try = 494. Resub = 0. Div = 40774. SAT calls = 1956. Timeouts = 0. MaxDivs = 47.
Attempts :   Remove      0 out of    988 (  0.00 %)   Resub       0 out of    217 (  0.00 %)   
Reduction:   Nodes       0 out of    494 (  0.00 %)   Edges       0 out of    988 (  0.00 %)   
Win =     0.00 sec (  0.99 %)
Div =     0.01 sec (  3.37 %)
Aig =     0.01 sec (  3.31 %)
Gia =     0.00 sec (  0.00 %)
Cnf =     0.00 sec (  0.58 %)
Sat =     0.14 sec ( 64.52 %)
Int =     0.00 sec (  0.00 %)
ALL =     0.22 sec (100.00 %)
round 3

0%   10   20   30   40   50   60   70   80   90   100%
|----|----|----|----|----|----|----|----|----|----|
seed = 1566880960 patience = 0
***************************************************
best node n445 best error 9.76562e-06
time = 41572493
ksa32_3_9.76562e-06
area = 953
delay = 16.2
write_blif appntk/ksa32_3_9.76562e-06_953_16.2.blif
sis -x -c "read_library data/genlib/mcnc.genlib;read_blif appntk/ksa32_3_9.76562e-06_953_16.2.blif;print_map_stats" | grep -e "Most Negative Slack" -e "Total Area"
"appntk/ksa32_3_9.76562e-06_953_16.2.blif", line 14: .and_gate_delay 1.9
Total Area		= 953.00
Most Negative Slack	= -25.90
Nodes = 492. Try = 493. Resub = 1. Div = 40084. SAT calls = 1923. Timeouts = 0. MaxDivs = 40.
Attempts :   Remove      0 out of    985 (  0.00 %)   Resub       1 out of    216 (  0.46 %)   
Reduction:   Nodes       2 out of    492 (  0.41 %)   Edges       4 out of    984 (  0.41 %)   
Win =     0.00 sec (  0.99 %)
Div =     0.01 sec (  3.44 %)
Aig =     0.01 sec (  3.19 %)
Gia =     0.00 sec (  0.00 %)
Cnf =     0.00 sec (  0.63 %)
Sat =     0.11 sec ( 66.68 %)
Int =     0.00 sec (  0.67 %)
ALL =     0.16 sec (100.00 %)
round 4

0%   10   20   30   40   50   60   70   80   90   100%
|----|----|----|----|----|----|----|----|----|----|
seed = 1566880970 patience = 0
***************************************************
best node n589 best error 9.76562e-06
time = 50352629
ksa32_4_9.76562e-06
area = 949
delay = 16.2
write_blif appntk/ksa32_4_9.76562e-06_949_16.2.blif
sis -x -c "read_library data/genlib/mcnc.genlib;read_blif appntk/ksa32_4_9.76562e-06_949_16.2.blif;print_map_stats" | grep -e "Most Negative Slack" -e "Total Area"
"appntk/ksa32_4_9.76562e-06_949_16.2.blif", line 14: .and_gate_delay 1.9
Total Area		= 949.00
Most Negative Slack	= -24.80
Nodes = 487. Try = 487. Resub = 0. Div = 38761. SAT calls = 1872. Timeouts = 0. MaxDivs = 38.
Attempts :   Remove      0 out of    974 (  0.00 %)   Resub       0 out of    212 (  0.00 %)   
Reduction:   Nodes       0 out of    487 (  0.00 %)   Edges       0 out of    974 (  0.00 %)   
Win =     0.00 sec (  0.93 %)
Div =     0.01 sec (  3.44 %)
Aig =     0.01 sec (  3.32 %)
Gia =     0.00 sec (  0.00 %)
Cnf =     0.00 sec (  0.57 %)
Sat =     0.13 sec ( 63.44 %)
Int =     0.00 sec (  0.00 %)
ALL =     0.21 sec (100.00 %)
round 5

0%   10   20   30   40   50   60   70   80   90   100%
|----|----|----|----|----|----|----|----|----|----|
seed = 1566880979 patience = 0
***************************************************
best node n476 best error 1.95312e-05
time = 60106637
ksa32_5_1.95312e-05
area = 944
delay = 16.2
write_blif appntk/ksa32_5_1.95312e-05_944_16.2.blif
sis -x -c "read_library data/genlib/mcnc.genlib;read_blif appntk/ksa32_5_1.95312e-05_944_16.2.blif;print_map_stats" | grep -e "Most Negative Slack" -e "Total Area"
"appntk/ksa32_5_1.95312e-05_944_16.2.blif", line 14: .and_gate_delay 1.9
Total Area		= 944.00
Most Negative Slack	= -24.80
Nodes = 484. Try = 484. Resub = 0. Div = 37875. SAT calls = 1861. Timeouts = 0. MaxDivs = 33.
Attempts :   Remove      0 out of    968 (  0.00 %)   Resub       0 out of    212 (  0.00 %)   
Reduction:   Nodes       0 out of    484 (  0.00 %)   Edges       0 out of    968 (  0.00 %)   
Win =     0.00 sec (  0.93 %)
Div =     0.01 sec (  3.42 %)
Aig =     0.01 sec (  3.37 %)
Gia =     0.00 sec (  0.00 %)
Cnf =     0.00 sec (  0.60 %)
Sat =     0.13 sec ( 64.83 %)
Int =     0.00 sec (  0.00 %)
ALL =     0.21 sec (100.00 %)
round 6

0%   10   20   30   40   50   60   70   80   90   100%
|----|----|----|----|----|----|----|----|----|----|
seed = 1566880989 patience = 0
***************************************************
best node n525 best error 2.92969e-05
time = 69579946
ksa32_6_2.92969e-05
area = 932
delay = 16.2
write_blif appntk/ksa32_6_2.92969e-05_932_16.2.blif
sis -x -c "read_library data/genlib/mcnc.genlib;read_blif appntk/ksa32_6_2.92969e-05_932_16.2.blif;print_map_stats" | grep -e "Most Negative Slack" -e "Total Area"
"appntk/ksa32_6_2.92969e-05_932_16.2.blif", line 14: .and_gate_delay 1.9
Total Area		= 932.00
Most Negative Slack	= -24.50
Nodes = 481. Try = 481. Resub = 0. Div = 36777. SAT calls = 1833. Timeouts = 0. MaxDivs = 28.
Attempts :   Remove      0 out of    962 (  0.00 %)   Resub       0 out of    211 (  0.00 %)   
Reduction:   Nodes       0 out of    481 (  0.00 %)   Edges       0 out of    962 (  0.00 %)   
Win =     0.00 sec (  0.93 %)
Div =     0.01 sec (  3.51 %)
Aig =     0.00 sec (  3.17 %)
Gia =     0.00 sec (  0.00 %)
Cnf =     0.00 sec (  0.64 %)
Sat =     0.10 sec ( 65.98 %)
Int =     0.00 sec (  0.00 %)
ALL =     0.14 sec (100.00 %)
round 7

0%   10   20   30   40   50   60   70   80   90   100%
|----|----|----|----|----|----|----|----|----|----|
seed = 1566880998 patience = 0
***************************************************
best node n542 best error 3.90625e-05
time = 78725650
ksa32_7_3.90625e-05
area = 923
delay = 17
write_blif appntk/ksa32_7_3.90625e-05_923_17.blif
sis -x -c "read_library data/genlib/mcnc.genlib;read_blif appntk/ksa32_7_3.90625e-05_923_17.blif;print_map_stats" | grep -e "Most Negative Slack" -e "Total Area"
"appntk/ksa32_7_3.90625e-05_923_17.blif", line 14: .and_gate_delay 1.9
Total Area		= 923.00
Most Negative Slack	= -26.60
Nodes = 478. Try = 478. Resub = 0. Div = 35684. SAT calls = 1825. Timeouts = 0. MaxDivs = 23.
Attempts :   Remove      0 out of    956 (  0.00 %)   Resub       0 out of    210 (  0.00 %)   
Reduction:   Nodes       0 out of    478 (  0.00 %)   Edges       0 out of    956 (  0.00 %)   
Win =     0.00 sec (  0.94 %)
Div =     0.01 sec (  3.46 %)
Aig =     0.00 sec (  3.21 %)
Gia =     0.00 sec (  0.00 %)
Cnf =     0.00 sec (  0.64 %)
Sat =     0.10 sec ( 64.99 %)
Int =     0.00 sec (  0.00 %)
ALL =     0.15 sec (100.00 %)
round 8

0%   10   20   30   40   50   60   70   80   90   100%
|----|----|----|----|----|----|----|----|----|----|
seed = 1566881007 patience = 0
***************************************************
best node n559 best error 4.88281e-05
time = 87962850
ksa32_8_4.88281e-05
area = 918
delay = 17
write_blif appntk/ksa32_8_4.88281e-05_918_17.blif
sis -x -c "read_library data/genlib/mcnc.genlib;read_blif appntk/ksa32_8_4.88281e-05_918_17.blif;print_map_stats" | grep -e "Most Negative Slack" -e "Total Area"
"appntk/ksa32_8_4.88281e-05_918_17.blif", line 14: .and_gate_delay 1.9
Total Area		= 918.00
Most Negative Slack	= -26.60
Nodes = 475. Try = 475. Resub = 0. Div = 34584. SAT calls = 1807. Timeouts = 0. MaxDivs = 18.
Attempts :   Remove      0 out of    950 (  0.00 %)   Resub       0 out of    209 (  0.00 %)   
Reduction:   Nodes       0 out of    475 (  0.00 %)   Edges       0 out of    950 (  0.00 %)   
Win =     0.00 sec (  0.86 %)
Div =     0.01 sec (  3.41 %)
Aig =     0.01 sec (  3.31 %)
Gia =     0.00 sec (  0.00 %)
Cnf =     0.00 sec (  0.60 %)
Sat =     0.13 sec ( 63.87 %)
Int =     0.00 sec (  0.00 %)
ALL =     0.20 sec (100.00 %)
round 9

0%   10   20   30   40   50   60   70   80   90   100%
|----|----|----|----|----|----|----|----|----|----|
seed = 1566881017 patience = 0
***************************************************
best node n497 best error 0.000136719
time = 97831459
ksa32_9_0.000136719
area = 915
delay = 17
write_blif appntk/ksa32_9_0.000136719_915_17.blif
sis -x -c "read_library data/genlib/mcnc.genlib;read_blif appntk/ksa32_9_0.000136719_915_17.blif;print_map_stats" | grep -e "Most Negative Slack" -e "Total Area"
"appntk/ksa32_9_0.000136719_915_17.blif", line 14: .and_gate_delay 1.9
Total Area		= 915.00
Most Negative Slack	= -26.60
Nodes = 473. Try = 473. Resub = 0. Div = 34058. SAT calls = 1882. Timeouts = 0. MaxDivs = 18.
Attempts :   Remove      0 out of    946 (  0.00 %)   Resub       0 out of    209 (  0.00 %)   
Reduction:   Nodes       0 out of    473 (  0.00 %)   Edges       0 out of    946 (  0.00 %)   
Win =     0.00 sec (  0.89 %)
Div =     0.00 sec (  3.40 %)
Aig =     0.00 sec (  3.00 %)
Gia =     0.00 sec (  0.00 %)
Cnf =     0.00 sec (  0.62 %)
Sat =     0.09 sec ( 66.60 %)
Int =     0.00 sec (  0.00 %)
ALL =     0.14 sec (100.00 %)
round 10

0%   10   20   30   40   50   60   70   80   90   100%
|----|----|----|----|----|----|----|----|----|----|
seed = 1566881027 patience = 0
***************************************************
best node n465 best error 0.000244141
time = 106041641
ksa32_10_0.000244141
area = 909
delay = 17
write_blif appntk/ksa32_10_0.000244141_909_17.blif
sis -x -c "read_library data/genlib/mcnc.genlib;read_blif appntk/ksa32_10_0.000244141_909_17.blif;print_map_stats" | grep -e "Most Negative Slack" -e "Total Area"
"appntk/ksa32_10_0.000244141_909_17.blif", line 14: .and_gate_delay 1.9
Total Area		= 909.00
Most Negative Slack	= -26.60
Nodes = 470. Try = 470. Resub = 0. Div = 33489. SAT calls = 1794. Timeouts = 0. MaxDivs = 18.
Attempts :   Remove      0 out of    940 (  0.00 %)   Resub       0 out of    207 (  0.00 %)   
Reduction:   Nodes       0 out of    470 (  0.00 %)   Edges       0 out of    940 (  0.00 %)   
Win =     0.00 sec (  0.90 %)
Div =     0.00 sec (  3.42 %)
Aig =     0.00 sec (  3.06 %)
Gia =     0.00 sec (  0.00 %)
Cnf =     0.00 sec (  0.63 %)
Sat =     0.09 sec ( 65.50 %)
Int =     0.00 sec (  0.00 %)
ALL =     0.14 sec (100.00 %)
round 11

0%   10   20   30   40   50   60   70   80   90   100%
|----|----|----|----|----|----|----|----|----|----|
seed = 1566881035 patience = 0
***************************************************
best node n550 best error 0.00199219
time = 113720249
ksa32_11_0.00199219
area = 905
delay = 17
write_blif appntk/ksa32_11_0.00199219_905_17.blif
sis -x -c "read_library data/genlib/mcnc.genlib;read_blif appntk/ksa32_11_0.00199219_905_17.blif;print_map_stats" | grep -e "Most Negative Slack" -e "Total Area"
"appntk/ksa32_11_0.00199219_905_17.blif", line 14: .and_gate_delay 1.9
Total Area		= 905.00
Most Negative Slack	= -26.60
Nodes = 467. Try = 467. Resub = 0. Div = 32721. SAT calls = 1787. Timeouts = 0. MaxDivs = 18.
Attempts :   Remove      0 out of    934 (  0.00 %)   Resub       0 out of    207 (  0.00 %)   
Reduction:   Nodes       0 out of    467 (  0.00 %)   Edges       0 out of    934 (  0.00 %)   
Win =     0.00 sec (  0.90 %)
Div =     0.00 sec (  3.42 %)
Aig =     0.00 sec (  3.02 %)
Gia =     0.00 sec (  0.00 %)
Cnf =     0.00 sec (  0.63 %)
Sat =     0.09 sec ( 65.51 %)
Int =     0.00 sec (  0.00 %)
ALL =     0.14 sec (100.00 %)
round 12

0%   10   20   30   40   50   60   70   80   90   100%
|----|----|----|----|----|----|----|----|----|----|
seed = 1566881042 patience = 0
***************************************************
best node n479 best error 0.00201172
time = 121142835
ksa32_12_0.00201172
area = 895
delay = 17
write_blif appntk/ksa32_12_0.00201172_895_17.blif
sis -x -c "read_library data/genlib/mcnc.genlib;read_blif appntk/ksa32_12_0.00201172_895_17.blif;print_map_stats" | grep -e "Most Negative Slack" -e "Total Area"
"appntk/ksa32_12_0.00201172_895_17.blif", line 14: .and_gate_delay 1.9
Total Area		= 895.00
Most Negative Slack	= -26.60
Nodes = 465. Try = 465. Resub = 0. Div = 32172. SAT calls = 1774. Timeouts = 0. MaxDivs = 18.
Attempts :   Remove      0 out of    930 (  0.00 %)   Resub       0 out of    206 (  0.00 %)   
Reduction:   Nodes       0 out of    465 (  0.00 %)   Edges       0 out of    930 (  0.00 %)   
Win =     0.00 sec (  0.92 %)
Div =     0.00 sec (  3.36 %)
Aig =     0.00 sec (  3.06 %)
Gia =     0.00 sec (  0.00 %)
Cnf =     0.00 sec (  0.64 %)
Sat =     0.09 sec ( 64.68 %)
Int =     0.00 sec (  0.00 %)
ALL =     0.14 sec (100.00 %)
round 13

0%   10   20   30   40   50   60   70   80   90   100%
|----|----|----|----|----|----|----|----|----|----|
seed = 1566881050 patience = 0
***************************************************
best node n449 best error 0.00209961
time = 129016035
ksa32_13_0.00209961
area = 891
delay = 17
write_blif appntk/ksa32_13_0.00209961_891_17.blif
sis -x -c "read_library data/genlib/mcnc.genlib;read_blif appntk/ksa32_13_0.00209961_891_17.blif;print_map_stats" | grep -e "Most Negative Slack" -e "Total Area"
"appntk/ksa32_13_0.00209961_891_17.blif", line 14: .and_gate_delay 1.9
Total Area		= 891.00
Most Negative Slack	= -26.60
Nodes = 462. Try = 462. Resub = 0. Div = 31538. SAT calls = 1816. Timeouts = 0. MaxDivs = 18.
Attempts :   Remove      0 out of    924 (  0.00 %)   Resub       0 out of    205 (  0.00 %)   
Reduction:   Nodes       0 out of    462 (  0.00 %)   Edges       0 out of    924 (  0.00 %)   
Win =     0.00 sec (  0.91 %)
Div =     0.00 sec (  3.35 %)
Aig =     0.00 sec (  2.96 %)
Gia =     0.00 sec (  0.00 %)
Cnf =     0.00 sec (  0.61 %)
Sat =     0.09 sec ( 66.03 %)
Int =     0.00 sec (  0.00 %)
ALL =     0.13 sec (100.00 %)
round 14

0%   10   20   30   40   50   60   70   80   90   100%
|----|----|----|----|----|----|----|----|----|----|
seed = 1566881058 patience = 0
***************************************************
best node n522 best error 0.00297852
time = 136393494
ksa32_14_0.00297852
area = 886
delay = 17
write_blif appntk/ksa32_14_0.00297852_886_17.blif
sis -x -c "read_library data/genlib/mcnc.genlib;read_blif appntk/ksa32_14_0.00297852_886_17.blif;print_map_stats" | grep -e "Most Negative Slack" -e "Total Area"
"appntk/ksa32_14_0.00297852_886_17.blif", line 14: .and_gate_delay 1.9
Total Area		= 886.00
Most Negative Slack	= -26.60
Nodes = 459. Try = 459. Resub = 0. Div = 30657. SAT calls = 1784. Timeouts = 0. MaxDivs = 18.
Attempts :   Remove      0 out of    918 (  0.00 %)   Resub       0 out of    204 (  0.00 %)   
Reduction:   Nodes       0 out of    459 (  0.00 %)   Edges       0 out of    918 (  0.00 %)   
Win =     0.00 sec (  0.88 %)
Div =     0.00 sec (  3.30 %)
Aig =     0.00 sec (  3.06 %)
Gia =     0.00 sec (  0.00 %)
Cnf =     0.00 sec (  0.60 %)
Sat =     0.09 sec ( 65.22 %)
Int =     0.00 sec (  0.00 %)
ALL =     0.13 sec (100.00 %)
round 15

0%   10   20   30   40   50   60   70   80   90   100%
|----|----|----|----|----|----|----|----|----|----|
seed = 1566881065 patience = 0
***************************************************
best node n506 best error 0.00388672
time = 142519600
ksa32_15_0.00388672
area = 883
delay = 17
write_blif appntk/ksa32_15_0.00388672_883_17.blif
sis -x -c "read_library data/genlib/mcnc.genlib;read_blif appntk/ksa32_15_0.00388672_883_17.blif;print_map_stats" | grep -e "Most Negative Slack" -e "Total Area"
"appntk/ksa32_15_0.00388672_883_17.blif", line 14: .and_gate_delay 1.9
Total Area		= 883.00
Most Negative Slack	= -26.60
Nodes = 456. Try = 456. Resub = 0. Div = 29868. SAT calls = 1742. Timeouts = 0. MaxDivs = 18.
Attempts :   Remove      0 out of    912 (  0.00 %)   Resub       0 out of    202 (  0.00 %)   
Reduction:   Nodes       0 out of    456 (  0.00 %)   Edges       0 out of    912 (  0.00 %)   
Win =     0.00 sec (  0.89 %)
Div =     0.00 sec (  3.32 %)
Aig =     0.00 sec (  3.02 %)
Gia =     0.00 sec (  0.00 %)
Cnf =     0.00 sec (  0.62 %)
Sat =     0.08 sec ( 65.20 %)
Int =     0.00 sec (  0.00 %)
ALL =     0.13 sec (100.00 %)
round 16

0%   10   20   30   40   50   60   70   80   90   100%
|----|----|----|----|----|----|----|----|----|----|
seed = 1566881071 patience = 0
***************************************************
best node n442 best error 0.00556641
time = 149747327
ksa32_16_0.00556641
area = 875
delay = 17
write_blif appntk/ksa32_16_0.00556641_875_17.blif
sis -x -c "read_library data/genlib/mcnc.genlib;read_blif appntk/ksa32_16_0.00556641_875_17.blif;print_map_stats" | grep -e "Most Negative Slack" -e "Total Area"
"appntk/ksa32_16_0.00556641_875_17.blif", line 14: .and_gate_delay 1.9
Total Area		= 875.00
Most Negative Slack	= -26.60
Nodes = 452. Try = 454. Resub = 2. Div = 29303. SAT calls = 1783. Timeouts = 0. MaxDivs = 18.
Attempts :   Remove      0 out of    907 (  0.00 %)   Resub       2 out of    204 (  0.98 %)   
Reduction:   Nodes       4 out of    452 (  0.88 %)   Edges       8 out of    904 (  0.88 %)   
Win =     0.00 sec (  0.86 %)
Div =     0.00 sec (  3.26 %)
Aig =     0.00 sec (  2.91 %)
Gia =     0.00 sec (  0.00 %)
Cnf =     0.00 sec (  0.61 %)
Sat =     0.08 sec ( 65.12 %)
Int =     0.00 sec (  0.82 %)
ALL =     0.13 sec (100.00 %)
round 17

0%   10   20   30   40   50   60   70   80   90   100%
|----|----|----|----|----|----|----|----|----|----|
seed = 1566881079 patience = 0
***************************************************
best node n416 best error 0.00658203
time = 156987168
ksa32_17_0.00658203
area = 864
delay = 17
write_blif appntk/ksa32_17_0.00658203_864_17.blif
sis -x -c "read_library data/genlib/mcnc.genlib;read_blif appntk/ksa32_17_0.00658203_864_17.blif;print_map_stats" | grep -e "Most Negative Slack" -e "Total Area"
"appntk/ksa32_17_0.00658203_864_17.blif", line 14: .and_gate_delay 1.9
Total Area		= 864.00
Most Negative Slack	= -26.40
Nodes = 444. Try = 445. Resub = 1. Div = 27466. SAT calls = 1705. Timeouts = 0. MaxDivs = 13.
Attempts :   Remove      0 out of    890 (  0.00 %)   Resub       1 out of    201 (  0.50 %)   
Reduction:   Nodes       2 out of    444 (  0.45 %)   Edges       4 out of    888 (  0.45 %)   
Win =     0.00 sec (  0.89 %)
Div =     0.00 sec (  3.24 %)
Aig =     0.00 sec (  2.96 %)
Gia =     0.00 sec (  0.00 %)
Cnf =     0.00 sec (  0.63 %)
Sat =     0.08 sec ( 64.08 %)
Int =     0.00 sec (  0.33 %)
ALL =     0.12 sec (100.00 %)
round 18

0%   10   20   30   40   50   60   70   80   90   100%
|----|----|----|----|----|----|----|----|----|----|
seed = 1566881086 patience = 0
***************************************************
best node n446 best error 0.00658203
time = 163237498
ksa32_18_0.00658203
area = 863
delay = 17
write_blif appntk/ksa32_18_0.00658203_863_17.blif
sis -x -c "read_library data/genlib/mcnc.genlib;read_blif appntk/ksa32_18_0.00658203_863_17.blif;print_map_stats" | grep -e "Most Negative Slack" -e "Total Area"
"appntk/ksa32_18_0.00658203_863_17.blif", line 14: .and_gate_delay 1.9
Total Area		= 863.00
Most Negative Slack	= -26.40
Nodes = 440. Try = 440. Resub = 0. Div = 26971. SAT calls = 1676. Timeouts = 0. MaxDivs = 13.
Attempts :   Remove      0 out of    880 (  0.00 %)   Resub       0 out of    197 (  0.00 %)   
Reduction:   Nodes       0 out of    440 (  0.00 %)   Edges       0 out of    880 (  0.00 %)   
Win =     0.00 sec (  0.88 %)
Div =     0.00 sec (  3.22 %)
Aig =     0.00 sec (  2.94 %)
Gia =     0.00 sec (  0.00 %)
Cnf =     0.00 sec (  0.61 %)
Sat =     0.08 sec ( 64.88 %)
Int =     0.00 sec (  0.00 %)
ALL =     0.12 sec (100.00 %)
round 19

0%   10   20   30   40   50   60   70   80   90   100%
|----|----|----|----|----|----|----|----|----|----|
seed = 1566881092 patience = 0
***************************************************
best node n396 best error 0.00753906
time = 170298742
ksa32_19_0.00753906
area = 850
delay = 15.6
write_blif appntk/ksa32_19_0.00753906_850_15.6.blif
sis -x -c "read_library data/genlib/mcnc.genlib;read_blif appntk/ksa32_19_0.00753906_850_15.6.blif;print_map_stats" | grep -e "Most Negative Slack" -e "Total Area"
"appntk/ksa32_19_0.00753906_850_15.6.blif", line 14: .and_gate_delay 1.9
Total Area		= 850.00
Most Negative Slack	= -25.30
Nodes = 434. Try = 435. Resub = 1. Div = 25459. SAT calls = 1696. Timeouts = 0. MaxDivs = 7.
Attempts :   Remove      0 out of    869 (  0.00 %)   Resub       1 out of    196 (  0.51 %)   
Reduction:   Nodes       1 out of    434 (  0.23 %)   Edges       2 out of    868 (  0.23 %)   
Win =     0.00 sec (  0.83 %)
Div =     0.00 sec (  3.07 %)
Aig =     0.00 sec (  2.80 %)
Gia =     0.00 sec (  0.00 %)
Cnf =     0.00 sec (  0.60 %)
Sat =     0.08 sec ( 64.65 %)
Int =     0.00 sec (  0.62 %)
ALL =     0.12 sec (100.00 %)
round 20

0%   10   20   30   40   50   60   70   80   90   100%
|----|----|----|----|----|----|----|----|----|----|
seed = 1566881099 patience = 0
***************************************************
best node n385 best error 0.00845703
time = 176061709
ksa32_20_0.00845703
area = 843
delay = 15.9
write_blif appntk/ksa32_20_0.00845703_843_15.9.blif
sis -x -c "read_library data/genlib/mcnc.genlib;read_blif appntk/ksa32_20_0.00845703_843_15.9.blif;print_map_stats" | grep -e "Most Negative Slack" -e "Total Area"
"appntk/ksa32_20_0.00845703_843_15.9.blif", line 14: .and_gate_delay 1.9
Total Area		= 843.00
Most Negative Slack	= -25.30
Nodes = 429. Try = 429. Resub = 0. Div = 23715. SAT calls = 1608. Timeouts = 0. MaxDivs = 4.
Attempts :   Remove      0 out of    858 (  0.00 %)   Resub       0 out of    191 (  0.00 %)   
Reduction:   Nodes       0 out of    429 (  0.00 %)   Edges       0 out of    858 (  0.00 %)   
Win =     0.00 sec (  0.88 %)
Div =     0.00 sec (  3.10 %)
Aig =     0.00 sec (  2.90 %)
Gia =     0.00 sec (  0.00 %)
Cnf =     0.00 sec (  0.62 %)
Sat =     0.07 sec ( 61.74 %)
Int =     0.00 sec (  0.00 %)
ALL =     0.11 sec (100.00 %)
round 21

0%   10   20   30   40   50   60   70   80   90   100%
|----|----|----|----|----|----|----|----|----|----|
seed = 1566881105 patience = 0
***************************************************
best node n355 best error 0.00954102
time = 181079054
ksa32_21_0.00954102
area = 827
delay = 16.8
write_blif appntk/ksa32_21_0.00954102_827_16.8.blif
sis -x -c "read_library data/genlib/mcnc.genlib;read_blif appntk/ksa32_21_0.00954102_827_16.8.blif;print_map_stats" | grep -e "Most Negative Slack" -e "Total Area"
"appntk/ksa32_21_0.00954102_827_16.8.blif", line 14: .and_gate_delay 1.9
Total Area		= 827.00
Most Negative Slack	= -25.50
Nodes = 424. Try = 428. Resub = 4. Div = 22471. SAT calls = 1578. Timeouts = 0. MaxDivs = 0.
Attempts :   Remove      0 out of    852 (  0.00 %)   Resub       4 out of    190 (  2.11 %)   
Reduction:   Nodes       8 out of    424 (  1.89 %)   Edges      16 out of    848 (  1.89 %)   
Win =     0.00 sec (  0.87 %)
Div =     0.00 sec (  3.11 %)
Aig =     0.00 sec (  2.90 %)
Gia =     0.00 sec (  0.00 %)
Cnf =     0.00 sec (  0.63 %)
Sat =     0.06 sec ( 59.50 %)
Int =     0.00 sec (  1.71 %)
ALL =     0.11 sec (100.00 %)
round 22

0%   10   20   30   40   50   60   70   80   90   100%
|----|----|----|----|----|----|----|----|----|----|
seed = 1566881110 patience = 0
***************************************************
best node n337 best error 0.0103809
time = 186043196
ksa32_22_0.0103809
area = 812
delay = 17.9
write_blif appntk/ksa32_22_0.0103809_812_17.9.blif
sis -x -c "read_library data/genlib/mcnc.genlib;read_blif appntk/ksa32_22_0.0103809_812_17.9.blif;print_map_stats" | grep -e "Most Negative Slack" -e "Total Area"
"appntk/ksa32_22_0.0103809_812_17.9.blif", line 14: .and_gate_delay 1.9
Total Area		= 812.00
Most Negative Slack	= -29.20
Nodes = 413. Try = 413. Resub = 0. Div = 20204. SAT calls = 1558. Timeouts = 0. MaxDivs = 0.
Attempts :   Remove      0 out of    826 (  0.00 %)   Resub       0 out of    185 (  0.00 %)   
Reduction:   Nodes       0 out of    413 (  0.00 %)   Edges       0 out of    826 (  0.00 %)   
Win =     0.00 sec (  0.84 %)
Div =     0.00 sec (  3.03 %)
Aig =     0.00 sec (  2.77 %)
Gia =     0.00 sec (  0.00 %)
Cnf =     0.00 sec (  0.61 %)
Sat =     0.06 sec ( 61.18 %)
Int =     0.00 sec (  0.00 %)
ALL =     0.10 sec (100.00 %)
round 23

0%   10   20   30   40   50   60   70   80   90   100%
|----|----|----|----|----|----|----|----|----|----|
seed = 1566881115 patience = 0
***************************************************
best node n317 best error 0.0113281
time = 190995102
ksa32_23_0.0113281
area = 799
delay = 17.8
write_blif appntk/ksa32_23_0.0113281_799_17.8.blif
sis -x -c "read_library data/genlib/mcnc.genlib;read_blif appntk/ksa32_23_0.0113281_799_17.8.blif;print_map_stats" | grep -e "Most Negative Slack" -e "Total Area"
"appntk/ksa32_23_0.0113281_799_17.8.blif", line 14: .and_gate_delay 1.9
Total Area		= 799.00
Most Negative Slack	= -25.80
Nodes = 404. Try = 408. Resub = 6. Div = 18781. SAT calls = 1513. Timeouts = 0. MaxDivs = 0.
Attempts :   Remove      0 out of    810 (  0.00 %)   Resub       6 out of    180 (  3.33 %)   
Reduction:   Nodes      14 out of    404 (  3.47 %)   Edges      28 out of    808 (  3.47 %)   
Win =     0.00 sec (  0.86 %)
Div =     0.00 sec (  3.00 %)
Aig =     0.00 sec (  2.79 %)
Gia =     0.00 sec (  0.00 %)
Cnf =     0.00 sec (  0.61 %)
Sat =     0.05 sec ( 57.81 %)
Int =     0.00 sec (  2.27 %)
ALL =     0.09 sec (100.00 %)
round 24

0%   10   20   30   40   50   60   70   80   90   100%
|----|----|----|----|----|----|----|----|----|----|
seed = 1566881120 patience = 0
***************************************************
best node n294 best error 0.0122266
time = 195686880
ksa32_24_0.0122266
area = 768
delay = 18
write_blif appntk/ksa32_24_0.0122266_768_18.blif
sis -x -c "read_library data/genlib/mcnc.genlib;read_blif appntk/ksa32_24_0.0122266_768_18.blif;print_map_stats" | grep -e "Most Negative Slack" -e "Total Area"
"appntk/ksa32_24_0.0122266_768_18.blif", line 14: .and_gate_delay 1.9
Total Area		= 768.00
Most Negative Slack	= -26.10
Nodes = 387. Try = 387. Resub = 0. Div = 16795. SAT calls = 1400. Timeouts = 0. MaxDivs = 0.
Attempts :   Remove      0 out of    774 (  0.00 %)   Resub       0 out of    165 (  0.00 %)   
Reduction:   Nodes       0 out of    387 (  0.00 %)   Edges       0 out of    774 (  0.00 %)   
Win =     0.00 sec (  0.91 %)
Div =     0.00 sec (  3.02 %)
Aig =     0.00 sec (  2.87 %)
Gia =     0.00 sec (  0.00 %)
Cnf =     0.00 sec (  0.64 %)
Sat =     0.05 sec ( 57.98 %)
Int =     0.00 sec (  0.00 %)
ALL =     0.08 sec (100.00 %)
round 25

0%   10   20   30   40   50   60   70   80   90   100%
|----|----|----|----|----|----|----|----|----|----|
seed = 1566881125 patience = 0
***************************************************
best node n248 best error 0.0136621
time = 199568226
ksa32_25_0.0136621
area = 759
delay = 18.1
write_blif appntk/ksa32_25_0.0136621_759_18.1.blif
sis -x -c "read_library data/genlib/mcnc.genlib;read_blif appntk/ksa32_25_0.0136621_759_18.1.blif;print_map_stats" | grep -e "Most Negative Slack" -e "Total Area"
"appntk/ksa32_25_0.0136621_759_18.1.blif", line 14: .and_gate_delay 1.9
Total Area		= 759.00
Most Negative Slack	= -26.50
Nodes = 384. Try = 384. Resub = 0. Div = 15656. SAT calls = 1359. Timeouts = 0. MaxDivs = 0.
Attempts :   Remove      0 out of    768 (  0.00 %)   Resub       0 out of    164 (  0.00 %)   
Reduction:   Nodes       0 out of    384 (  0.00 %)   Edges       0 out of    768 (  0.00 %)   
Win =     0.00 sec (  0.92 %)
Div =     0.00 sec (  2.93 %)
Aig =     0.00 sec (  2.91 %)
Gia =     0.00 sec (  0.00 %)
Cnf =     0.00 sec (  0.66 %)
Sat =     0.05 sec ( 56.14 %)
Int =     0.00 sec (  0.00 %)
ALL =     0.08 sec (100.00 %)
round 26

0%   10   20   30   40   50   60   70   80   90   100%
|----|----|----|----|----|----|----|----|----|----|
seed = 1566881128 patience = 0
***************************************************
best node n218 best error 0.0152637
time = 204120239
ksa32_26_0.0152637
area = 746
delay = 15.6
write_blif appntk/ksa32_26_0.0152637_746_15.6.blif
sis -x -c "read_library data/genlib/mcnc.genlib;read_blif appntk/ksa32_26_0.0152637_746_15.6.blif;print_map_stats" | grep -e "Most Negative Slack" -e "Total Area"
"appntk/ksa32_26_0.0152637_746_15.6.blif", line 14: .and_gate_delay 1.9
Total Area		= 746.00
Most Negative Slack	= -24.40
Nodes = 379. Try = 380. Resub = 2. Div = 14571. SAT calls = 1339. Timeouts = 0. MaxDivs = 0.
Attempts :   Remove      0 out of    758 (  0.00 %)   Resub       2 out of    163 (  1.23 %)   
Reduction:   Nodes       2 out of    379 (  0.53 %)   Edges       4 out of    758 (  0.53 %)   
Win =     0.00 sec (  0.88 %)
Div =     0.00 sec (  2.89 %)
Aig =     0.00 sec (  2.71 %)
Gia =     0.00 sec (  0.00 %)
Cnf =     0.00 sec (  0.63 %)
Sat =     0.04 sec ( 54.48 %)
Int =     0.00 sec (  1.06 %)
ALL =     0.08 sec (100.00 %)
round 27

0%   10   20   30   40   50   60   70   80   90   100%
|----|----|----|----|----|----|----|----|----|----|
seed = 1566881133 patience = 0
***************************************************
best node n476 best error 0.0163379
time = 207961995
ksa32_27_0.0163379
area = 741
delay = 14.8
write_blif appntk/ksa32_27_0.0163379_741_14.8.blif
sis -x -c "read_library data/genlib/mcnc.genlib;read_blif appntk/ksa32_27_0.0163379_741_14.8.blif;print_map_stats" | grep -e "Most Negative Slack" -e "Total Area"
"appntk/ksa32_27_0.0163379_741_14.8.blif", line 14: .and_gate_delay 1.9
Total Area		= 741.00
Most Negative Slack	= -23.20
Nodes = 373. Try = 373. Resub = 0. Div = 14099. SAT calls = 1290. Timeouts = 0. MaxDivs = 0.
Attempts :   Remove      0 out of    746 (  0.00 %)   Resub       0 out of    158 (  0.00 %)   
Reduction:   Nodes       0 out of    373 (  0.00 %)   Edges       0 out of    746 (  0.00 %)   
Win =     0.00 sec (  0.92 %)
Div =     0.00 sec (  2.90 %)
Aig =     0.00 sec (  2.83 %)
Gia =     0.00 sec (  0.00 %)
Cnf =     0.00 sec (  0.64 %)
Sat =     0.04 sec ( 54.61 %)
Int =     0.00 sec (  0.00 %)
ALL =     0.07 sec (100.00 %)
round 28

0%   10   20   30   40   50   60   70   80   90   100%
|----|----|----|----|----|----|----|----|----|----|
seed = 1566881137 patience = 0
***************************************************
best node n456 best error 0.0173828
time = 211970712
ksa32_28_0.0173828
area = 735
delay = 15
write_blif appntk/ksa32_28_0.0173828_735_15.blif
sis -x -c "read_library data/genlib/mcnc.genlib;read_blif appntk/ksa32_28_0.0173828_735_15.blif;print_map_stats" | grep -e "Most Negative Slack" -e "Total Area"
"appntk/ksa32_28_0.0173828_735_15.blif", line 14: .and_gate_delay 1.9
Total Area		= 735.00
Most Negative Slack	= -23.40
Nodes = 371. Try = 373. Resub = 3. Div = 14112. SAT calls = 1280. Timeouts = 0. MaxDivs = 0.
Attempts :   Remove      1 out of    743 (  0.13 %)   Resub       2 out of    156 (  1.28 %)   
Reduction:   Nodes       5 out of    371 (  1.35 %)   Edges      10 out of    742 (  1.35 %)   
Win =     0.00 sec (  0.92 %)
Div =     0.00 sec (  2.89 %)
Aig =     0.00 sec (  2.87 %)
Gia =     0.00 sec (  0.00 %)
Cnf =     0.00 sec (  0.63 %)
Sat =     0.04 sec ( 53.39 %)
Int =     0.00 sec (  1.47 %)
ALL =     0.07 sec (100.00 %)
round 29

0%   10   20   30   40   50   60   70   80   90   100%
|----|----|----|----|----|----|----|----|----|----|
seed = 1566881141 patience = 0
***************************************************
best node n404 best error 0.0173828
time = 215119845
ksa32_29_0.0173828
area = 721
delay = 15
write_blif appntk/ksa32_29_0.0173828_721_15.blif
sis -x -c "read_library data/genlib/mcnc.genlib;read_blif appntk/ksa32_29_0.0173828_721_15.blif;print_map_stats" | grep -e "Most Negative Slack" -e "Total Area"
"appntk/ksa32_29_0.0173828_721_15.blif", line 14: .and_gate_delay 1.9
Total Area		= 721.00
Most Negative Slack	= -23.40
Nodes = 362. Try = 362. Resub = 0. Div = 13704. SAT calls = 1243. Timeouts = 0. MaxDivs = 0.
Attempts :   Remove      0 out of    724 (  0.00 %)   Resub       0 out of    151 (  0.00 %)   
Reduction:   Nodes       0 out of    362 (  0.00 %)   Edges       0 out of    724 (  0.00 %)   
Win =     0.00 sec (  0.92 %)
Div =     0.00 sec (  2.95 %)
Aig =     0.00 sec (  2.76 %)
Gia =     0.00 sec (  0.00 %)
Cnf =     0.00 sec (  0.66 %)
Sat =     0.04 sec ( 53.59 %)
Int =     0.00 sec (  0.00 %)
ALL =     0.07 sec (100.00 %)
round 30

0%   10   20   30   40   50   60   70   80   90   100%
|----|----|----|----|----|----|----|----|----|----|
seed = 1566881144 patience = 0
***************************************************
best node n430 best error 0.0183203
time = 218835091
ksa32_30_0.0183203
area = 718
delay = 15.2
write_blif appntk/ksa32_30_0.0183203_718_15.2.blif
sis -x -c "read_library data/genlib/mcnc.genlib;read_blif appntk/ksa32_30_0.0183203_718_15.2.blif;print_map_stats" | grep -e "Most Negative Slack" -e "Total Area"
"appntk/ksa32_30_0.0183203_718_15.2.blif", line 14: .and_gate_delay 1.9
Total Area		= 718.00
Most Negative Slack	= -23.40
Nodes = 361. Try = 362. Resub = 1. Div = 13632. SAT calls = 1252. Timeouts = 0. MaxDivs = 0.
Attempts :   Remove      0 out of    723 (  0.00 %)   Resub       1 out of    150 (  0.67 %)   
Reduction:   Nodes       1 out of    361 (  0.28 %)   Edges       2 out of    722 (  0.28 %)   
Win =     0.00 sec (  0.92 %)
Div =     0.00 sec (  2.89 %)
Aig =     0.00 sec (  2.79 %)
Gia =     0.00 sec (  0.00 %)
Cnf =     0.00 sec (  0.69 %)
Sat =     0.04 sec ( 53.68 %)
Int =     0.00 sec (  0.58 %)
ALL =     0.07 sec (100.00 %)
round 31

0%   10   20   30   40   50   60   70   80   90   100%
|----|----|----|----|----|----|----|----|----|----|
seed = 1566881148 patience = 0
***************************************************
best node n440 best error 0.0210156
time = 222443619
ksa32_31_0.0210156
area = 711
delay = 15.2
write_blif appntk/ksa32_31_0.0210156_711_15.2.blif
sis -x -c "read_library data/genlib/mcnc.genlib;read_blif appntk/ksa32_31_0.0210156_711_15.2.blif;print_map_stats" | grep -e "Most Negative Slack" -e "Total Area"
"appntk/ksa32_31_0.0210156_711_15.2.blif", line 14: .and_gate_delay 1.9
Total Area		= 711.00
Most Negative Slack	= -23.40
Nodes = 357. Try = 357. Resub = 0. Div = 13337. SAT calls = 1242. Timeouts = 0. MaxDivs = 0.
Attempts :   Remove      0 out of    714 (  0.00 %)   Resub       0 out of    149 (  0.00 %)   
Reduction:   Nodes       0 out of    357 (  0.00 %)   Edges       0 out of    714 (  0.00 %)   
Win =     0.00 sec (  0.91 %)
Div =     0.00 sec (  2.91 %)
Aig =     0.00 sec (  2.75 %)
Gia =     0.00 sec (  0.00 %)
Cnf =     0.00 sec (  0.64 %)
Sat =     0.04 sec ( 53.97 %)
Int =     0.00 sec (  0.00 %)
ALL =     0.07 sec (100.00 %)
round 32

0%   10   20   30   40   50   60   70   80   90   100%
|----|----|----|----|----|----|----|----|----|----|
seed = 1566881151 patience = 0
***************************************************
best node n344 best error 0.0249219
time = 225084568
ksa32_32_0.0249219
area = 704
delay = 15
write_blif appntk/ksa32_32_0.0249219_704_15.blif
sis -x -c "read_library data/genlib/mcnc.genlib;read_blif appntk/ksa32_32_0.0249219_704_15.blif;print_map_stats" | grep -e "Most Negative Slack" -e "Total Area"
"appntk/ksa32_32_0.0249219_704_15.blif", line 14: .and_gate_delay 1.9
Total Area		= 704.00
Most Negative Slack	= -23.50
Nodes = 353. Try = 353. Resub = 0. Div = 12924. SAT calls = 1241. Timeouts = 0. MaxDivs = 0.
Attempts :   Remove      0 out of    706 (  0.00 %)   Resub       0 out of    150 (  0.00 %)   
Reduction:   Nodes       0 out of    353 (  0.00 %)   Edges       0 out of    706 (  0.00 %)   
Win =     0.00 sec (  0.90 %)
Div =     0.00 sec (  2.84 %)
Aig =     0.00 sec (  2.74 %)
Gia =     0.00 sec (  0.00 %)
Cnf =     0.00 sec (  0.66 %)
Sat =     0.04 sec ( 54.15 %)
Int =     0.00 sec (  0.00 %)
ALL =     0.07 sec (100.00 %)
round 33

0%   10   20   30   40   50   60   70   80   90   100%
|----|----|----|----|----|----|----|----|----|----|
seed = 1566881154 patience = 0
***************************************************
best node n330 best error 0.0276953
time = 227847361
ksa32_33_0.0276953
area = 695
delay = 14.9
write_blif appntk/ksa32_33_0.0276953_695_14.9.blif
sis -x -c "read_library data/genlib/mcnc.genlib;read_blif appntk/ksa32_33_0.0276953_695_14.9.blif;print_map_stats" | grep -e "Most Negative Slack" -e "Total Area"
"appntk/ksa32_33_0.0276953_695_14.9.blif", line 14: .and_gate_delay 1.9
Total Area		= 695.00
Most Negative Slack	= -22.60
Nodes = 349. Try = 349. Resub = 0. Div = 12642. SAT calls = 1216. Timeouts = 0. MaxDivs = 0.
Attempts :   Remove      0 out of    698 (  0.00 %)   Resub       0 out of    149 (  0.00 %)   
Reduction:   Nodes       0 out of    349 (  0.00 %)   Edges       0 out of    698 (  0.00 %)   
Win =     0.00 sec (  0.90 %)
Div =     0.00 sec (  2.80 %)
Aig =     0.00 sec (  2.67 %)
Gia =     0.00 sec (  0.00 %)
Cnf =     0.00 sec (  0.67 %)
Sat =     0.04 sec ( 53.71 %)
Int =     0.00 sec (  0.00 %)
ALL =     0.07 sec (100.00 %)
round 34

0%   10   20   30   40   50   60   70   80   90   100%
|----|----|----|----|----|----|----|----|----|----|
seed = 1566881157 patience = 0
***************************************************
best node n408 best error 0.0315332
time = 230261182
ksa32_34_0.0315332
area = 688
delay = 14.7
write_blif appntk/ksa32_34_0.0315332_688_14.7.blif
sis -x -c "read_library data/genlib/mcnc.genlib;read_blif appntk/ksa32_34_0.0315332_688_14.7.blif;print_map_stats" | grep -e "Most Negative Slack" -e "Total Area"
"appntk/ksa32_34_0.0315332_688_14.7.blif", line 14: .and_gate_delay 1.9
Total Area		= 688.00
Most Negative Slack	= -22.20
Nodes = 346. Try = 346. Resub = 0. Div = 12173. SAT calls = 1186. Timeouts = 0. MaxDivs = 0.
Attempts :   Remove      0 out of    692 (  0.00 %)   Resub       0 out of    147 (  0.00 %)   
Reduction:   Nodes       0 out of    346 (  0.00 %)   Edges       0 out of    692 (  0.00 %)   
Win =     0.00 sec (  0.88 %)
Div =     0.00 sec (  2.82 %)
Aig =     0.00 sec (  2.73 %)
Gia =     0.00 sec (  0.00 %)
Cnf =     0.00 sec (  0.66 %)
Sat =     0.03 sec ( 53.73 %)
Int =     0.00 sec (  0.00 %)
ALL =     0.06 sec (100.00 %)
round 35

0%   10   20   30   40   50   60   70   80   90   100%
|----|----|----|----|----|----|----|----|----|----|
seed = 1566881159 patience = 0
***************************************************
best node n261 best error 0.0352734
time = 233651928
ksa32_35_0.0352734
area = 683
delay = 15.2
write_blif appntk/ksa32_35_0.0352734_683_15.2.blif
sis -x -c "read_library data/genlib/mcnc.genlib;read_blif appntk/ksa32_35_0.0352734_683_15.2.blif;print_map_stats" | grep -e "Most Negative Slack" -e "Total Area"
"appntk/ksa32_35_0.0352734_683_15.2.blif", line 14: .and_gate_delay 1.9
Total Area		= 683.00
Most Negative Slack	= -23.60
Nodes = 342. Try = 342. Resub = 0. Div = 11917. SAT calls = 1210. Timeouts = 0. MaxDivs = 0.
Attempts :   Remove      0 out of    684 (  0.00 %)   Resub       0 out of    146 (  0.00 %)   
Reduction:   Nodes       0 out of    342 (  0.00 %)   Edges       0 out of    684 (  0.00 %)   
Win =     0.00 sec (  0.86 %)
Div =     0.00 sec (  2.83 %)
Aig =     0.00 sec (  2.67 %)
Gia =     0.00 sec (  0.00 %)
Cnf =     0.00 sec (  0.61 %)
Sat =     0.03 sec ( 54.14 %)
Int =     0.00 sec (  0.00 %)
ALL =     0.06 sec (100.00 %)
round 36

0%   10   20   30   40   50   60   70   80   90   100%
|----|----|----|----|----|----|----|----|----|----|
seed = 1566881163 patience = 0
***************************************************
best node n283 best error 0.0352734
time = 236079756
ksa32_36_0.0352734
area = 680
delay = 14.7
write_blif appntk/ksa32_36_0.0352734_680_14.7.blif
sis -x -c "read_library data/genlib/mcnc.genlib;read_blif appntk/ksa32_36_0.0352734_680_14.7.blif;print_map_stats" | grep -e "Most Negative Slack" -e "Total Area"
"appntk/ksa32_36_0.0352734_680_14.7.blif", line 14: .and_gate_delay 1.9
Total Area		= 680.00
Most Negative Slack	= -22.20
Nodes = 340. Try = 343. Resub = 3. Div = 11865. SAT calls = 1191. Timeouts = 0. MaxDivs = 0.
Attempts :   Remove      0 out of    683 (  0.00 %)   Resub       3 out of    150 (  2.00 %)   
Reduction:   Nodes       8 out of    340 (  2.35 %)   Edges      16 out of    680 (  2.35 %)   
Win =     0.00 sec (  0.89 %)
Div =     0.00 sec (  2.81 %)
Aig =     0.00 sec (  2.65 %)
Gia =     0.00 sec (  0.00 %)
Cnf =     0.00 sec (  0.66 %)
Sat =     0.03 sec ( 52.58 %)
Int =     0.00 sec (  1.49 %)
ALL =     0.06 sec (100.00 %)
round 37

0%   10   20   30   40   50   60   70   80   90   100%
|----|----|----|----|----|----|----|----|----|----|
seed = 1566881165 patience = 0
***************************************************
best node n340 best error 0.0352734
time = 238588341
ksa32_37_0.0352734
area = 665
delay = 18.3
write_blif appntk/ksa32_37_0.0352734_665_18.3.blif
sis -x -c "read_library data/genlib/mcnc.genlib;read_blif appntk/ksa32_37_0.0352734_665_18.3.blif;print_map_stats" | grep -e "Most Negative Slack" -e "Total Area"
"appntk/ksa32_37_0.0352734_665_18.3.blif", line 14: .and_gate_delay 1.9
Total Area		= 665.00
Most Negative Slack	= -27.80
Nodes = 328. Try = 329. Resub = 1. Div = 11137. SAT calls = 1089. Timeouts = 0. MaxDivs = 0.
Attempts :   Remove      0 out of    657 (  0.00 %)   Resub       1 out of    136 (  0.74 %)   
Reduction:   Nodes       1 out of    328 (  0.30 %)   Edges       2 out of    656 (  0.30 %)   
Win =     0.00 sec (  0.88 %)
Div =     0.00 sec (  2.80 %)
Aig =     0.00 sec (  2.71 %)
Gia =     0.00 sec (  0.00 %)
Cnf =     0.00 sec (  0.71 %)
Sat =     0.03 sec ( 51.29 %)
Int =     0.00 sec (  0.77 %)
ALL =     0.06 sec (100.00 %)
round 38

0%   10   20   30   40   50   60   70   80   90   100%
|----|----|----|----|----|----|----|----|----|----|
seed = 1566881168 patience = 0
***************************************************
best node n293 best error 0.0363281
time = 240833211
ksa32_38_0.0363281
area = 656
delay = 18.3
write_blif appntk/ksa32_38_0.0363281_656_18.3.blif
sis -x -c "read_library data/genlib/mcnc.genlib;read_blif appntk/ksa32_38_0.0363281_656_18.3.blif;print_map_stats" | grep -e "Most Negative Slack" -e "Total Area"
"appntk/ksa32_38_0.0363281_656_18.3.blif", line 14: .and_gate_delay 1.9
Total Area		= 656.00
Most Negative Slack	= -27.80
Nodes = 323. Try = 323. Resub = 0. Div = 10881. SAT calls = 1058. Timeouts = 0. MaxDivs = 0.
Attempts :   Remove      0 out of    646 (  0.00 %)   Resub       0 out of    131 (  0.00 %)   
Reduction:   Nodes       0 out of    323 (  0.00 %)   Edges       0 out of    646 (  0.00 %)   
Win =     0.00 sec (  0.90 %)
Div =     0.00 sec (  2.81 %)
Aig =     0.00 sec (  2.71 %)
Gia =     0.00 sec (  0.00 %)
Cnf =     0.00 sec (  0.67 %)
Sat =     0.03 sec ( 51.42 %)
Int =     0.00 sec (  0.00 %)
ALL =     0.06 sec (100.00 %)
round 39

0%   10   20   30   40   50   60   70   80   90   100%
|----|----|----|----|----|----|----|----|----|----|
seed = 1566881170 patience = 0
***************************************************
best node n305 best error 0.0402148
time = 242847343
ksa32_39_0.0402148
area = 639
delay = 15.1
write_blif appntk/ksa32_39_0.0402148_639_15.1.blif
sis -x -c "read_library data/genlib/mcnc.genlib;read_blif appntk/ksa32_39_0.0402148_639_15.1.blif;print_map_stats" | grep -e "Most Negative Slack" -e "Total Area"
"appntk/ksa32_39_0.0402148_639_15.1.blif", line 14: .and_gate_delay 1.9
Total Area		= 639.00
Most Negative Slack	= -24.50
Nodes = 317. Try = 317. Resub = 0. Div = 10673. SAT calls = 1024. Timeouts = 0. MaxDivs = 0.
Attempts :   Remove      0 out of    634 (  0.00 %)   Resub       0 out of    128 (  0.00 %)   
Reduction:   Nodes       0 out of    317 (  0.00 %)   Edges       0 out of    634 (  0.00 %)   
Win =     0.00 sec (  0.94 %)
Div =     0.00 sec (  2.84 %)
Aig =     0.00 sec (  2.83 %)
Gia =     0.00 sec (  0.00 %)
Cnf =     0.00 sec (  0.65 %)
Sat =     0.03 sec ( 51.14 %)
Int =     0.00 sec (  0.00 %)
ALL =     0.06 sec (100.00 %)
round 40

0%   10   20   30   40   50   60   70   80   90   100%
|----|----|----|----|----|----|----|----|----|----|
seed = 1566881172 patience = 0
***************************************************
best node n360 best error 0.0441309
time = 244770225
ksa32_40_0.0441309
area = 631
delay = 17.2
write_blif appntk/ksa32_40_0.0441309_631_17.2.blif
sis -x -c "read_library data/genlib/mcnc.genlib;read_blif appntk/ksa32_40_0.0441309_631_17.2.blif;print_map_stats" | grep -e "Most Negative Slack" -e "Total Area"
"appntk/ksa32_40_0.0441309_631_17.2.blif", line 14: .and_gate_delay 1.9
Total Area		= 631.00
Most Negative Slack	= -28.10
Nodes = 313. Try = 313. Resub = 0. Div = 10216. SAT calls = 1018. Timeouts = 0. MaxDivs = 0.
Attempts :   Remove      0 out of    626 (  0.00 %)   Resub       0 out of    126 (  0.00 %)   
Reduction:   Nodes       0 out of    313 (  0.00 %)   Edges       0 out of    626 (  0.00 %)   
Win =     0.00 sec (  0.94 %)
Div =     0.00 sec (  2.80 %)
Aig =     0.00 sec (  2.71 %)
Gia =     0.00 sec (  0.00 %)
Cnf =     0.00 sec (  0.69 %)
Sat =     0.03 sec ( 50.66 %)
Int =     0.00 sec (  0.00 %)
ALL =     0.05 sec (100.00 %)
round 41

0%   10   20   30   40   50   60   70   80   90   100%
|----|----|----|----|----|----|----|----|----|----|
seed = 1566881174 patience = 0
***************************************************
best node n212 best error 0.048252
time = 247233658
ksa32_41_0.048252
area = 625
delay = 17.2
write_blif appntk/ksa32_41_0.048252_625_17.2.blif
sis -x -c "read_library data/genlib/mcnc.genlib;read_blif appntk/ksa32_41_0.048252_625_17.2.blif;print_map_stats" | grep -e "Most Negative Slack" -e "Total Area"
"appntk/ksa32_41_0.048252_625_17.2.blif", line 14: .and_gate_delay 1.9
Total Area		= 625.00
Most Negative Slack	= -28.10
Nodes = 310. Try = 310. Resub = 0. Div = 9965. SAT calls = 1023. Timeouts = 0. MaxDivs = 0.
Attempts :   Remove      0 out of    620 (  0.00 %)   Resub       0 out of    125 (  0.00 %)   
Reduction:   Nodes       0 out of    310 (  0.00 %)   Edges       0 out of    620 (  0.00 %)   
Win =     0.00 sec (  0.90 %)
Div =     0.00 sec (  2.74 %)
Aig =     0.00 sec (  2.71 %)
Gia =     0.00 sec (  0.00 %)
Cnf =     0.00 sec (  0.66 %)
Sat =     0.03 sec ( 50.86 %)
Int =     0.00 sec (  0.00 %)
ALL =     0.05 sec (100.00 %)
round 42

0%   10   20   30   40   50   60   70   80   90   100%
|----|----|----|----|----|----|----|----|----|----|
seed = 1566881176 patience = 0
***************************************************
best node n288 best error 0.0557715
time = 248974336
